[2025-02-28T22:35:18.013+0200] {local_task_job_runner.py:123} INFO - ::group::Pre task execution logs
[2025-02-28T22:35:18.017+0200] {taskinstance.py:2614} INFO - Dependencies all met for dep_context=non-requeueable deps ti=<TaskInstance: kafka_token_processing.analyze_tokens manual__2025-02-28T20:34:07.572848+00:00 [queued]>
[2025-02-28T22:35:18.019+0200] {taskinstance.py:2614} INFO - Dependencies all met for dep_context=requeueable deps ti=<TaskInstance: kafka_token_processing.analyze_tokens manual__2025-02-28T20:34:07.572848+00:00 [queued]>
[2025-02-28T22:35:18.020+0200] {taskinstance.py:2867} INFO - Starting attempt 1 of 2
[2025-02-28T22:35:18.023+0200] {taskinstance.py:2890} INFO - Executing <Task(PythonOperator): analyze_tokens> on 2025-02-28 20:34:07.572848+00:00
[2025-02-28T22:35:18.030+0200] {logging_mixin.py:190} WARNING - /Users/nampham/.pyenv/versions/3.12.9/lib/python3.12/site-packages/airflow/task/task_runner/standard_task_runner.py:70 DeprecationWarning: This process (pid=19607) is multi-threaded, use of fork() may lead to deadlocks in the child.
[2025-02-28T22:35:18.029+0200] {standard_task_runner.py:104} INFO - Running: ['airflow', 'tasks', 'run', 'kafka_token_processing', 'analyze_tokens', 'manual__2025-02-28T20:34:07.572848+00:00', '--job-id', '9', '--raw', '--subdir', 'DAGS_FOLDER/kafka_token_processing.py', '--cfg-path', '/var/folders/dw/z1bbk7h952586r5vt211lpjc0000gn/T/tmpkvqf9msl']
[2025-02-28T22:35:18.030+0200] {standard_task_runner.py:72} INFO - Started process 19613 to run task
[2025-02-28T22:35:18.030+0200] {standard_task_runner.py:105} INFO - Job 9: Subtask analyze_tokens
[2025-02-28T22:35:18.044+0200] {task_command.py:467} INFO - Running <TaskInstance: kafka_token_processing.analyze_tokens manual__2025-02-28T20:34:07.572848+00:00 [running]> on host nams-macbook-air.local
[2025-02-28T22:35:18.063+0200] {taskinstance.py:3134} INFO - Exporting env vars: AIRFLOW_CTX_DAG_OWNER='airflow' AIRFLOW_CTX_DAG_ID='kafka_token_processing' AIRFLOW_CTX_TASK_ID='analyze_tokens' AIRFLOW_CTX_EXECUTION_DATE='2025-02-28T20:34:07.572848+00:00' AIRFLOW_CTX_TRY_NUMBER='1' AIRFLOW_CTX_DAG_RUN_ID='manual__2025-02-28T20:34:07.572848+00:00'
[2025-02-28T22:35:18.063+0200] {logging_mixin.py:190} INFO - Task instance is in running state
[2025-02-28T22:35:18.064+0200] {logging_mixin.py:190} INFO -  Previous state of the Task instance: queued
[2025-02-28T22:35:18.064+0200] {logging_mixin.py:190} INFO - Current task name:analyze_tokens state:running start_date:2025-02-28 20:35:18.017742+00:00
[2025-02-28T22:35:18.064+0200] {logging_mixin.py:190} INFO - Dag name:kafka_token_processing and current dag run status:running
[2025-02-28T22:35:18.064+0200] {taskinstance.py:732} INFO - ::endgroup::
[2025-02-28T22:35:18.065+0200] {kafka_token_processing.py:48} INFO - Running analytics task...
[2025-02-28T22:35:23.750+0200] {kafka_token_processing.py:52} INFO - Analytics task output: 
[2025-02-28T22:35:23.751+0200] {python.py:240} INFO - Done. Returned value was: None
[2025-02-28T22:35:23.755+0200] {taskinstance.py:341} INFO - ::group::Post task execution logs
[2025-02-28T22:35:23.755+0200] {taskinstance.py:353} INFO - Marking task as SUCCESS. dag_id=kafka_token_processing, task_id=analyze_tokens, run_id=manual__2025-02-28T20:34:07.572848+00:00, execution_date=20250228T203407, start_date=20250228T203518, end_date=20250228T203523
[2025-02-28T22:35:23.761+0200] {logging_mixin.py:190} INFO - Task instance in success state
[2025-02-28T22:35:23.761+0200] {logging_mixin.py:190} INFO -  Previous state of the Task instance: running
[2025-02-28T22:35:23.762+0200] {logging_mixin.py:190} INFO - Dag name:kafka_token_processing queued_at:2025-02-28 20:34:07.578042+00:00
[2025-02-28T22:35:23.762+0200] {logging_mixin.py:190} INFO - Task hostname:nams-macbook-air.local operator:PythonOperator
[2025-02-28T22:35:23.789+0200] {local_task_job_runner.py:266} INFO - Task exited with return code 0
[2025-02-28T22:35:23.794+0200] {taskinstance.py:3901} INFO - 0 downstream tasks scheduled from follow-on schedule check
[2025-02-28T22:35:23.794+0200] {local_task_job_runner.py:245} INFO - ::endgroup::
