[2025-02-28T22:40:03.434+0200] {local_task_job_runner.py:123} INFO - ::group::Pre task execution logs
[2025-02-28T22:40:03.438+0200] {taskinstance.py:2614} INFO - Dependencies all met for dep_context=non-requeueable deps ti=<TaskInstance: kafka_token_processing.produce_tokens scheduled__2025-02-28T20:35:00+00:00 [queued]>
[2025-02-28T22:40:03.440+0200] {taskinstance.py:2614} INFO - Dependencies all met for dep_context=requeueable deps ti=<TaskInstance: kafka_token_processing.produce_tokens scheduled__2025-02-28T20:35:00+00:00 [queued]>
[2025-02-28T22:40:03.440+0200] {taskinstance.py:2867} INFO - Starting attempt 1 of 2
[2025-02-28T22:40:03.444+0200] {taskinstance.py:2890} INFO - Executing <Task(PythonOperator): produce_tokens> on 2025-02-28 20:35:00+00:00
[2025-02-28T22:40:03.450+0200] {standard_task_runner.py:104} INFO - Running: ['airflow', 'tasks', 'run', 'kafka_token_processing', 'produce_tokens', 'scheduled__2025-02-28T20:35:00+00:00', '--job-id', '15', '--raw', '--subdir', 'DAGS_FOLDER/kafka_token_processing.py', '--cfg-path', '/var/folders/dw/z1bbk7h952586r5vt211lpjc0000gn/T/tmp10gfahdw']
[2025-02-28T22:40:03.451+0200] {standard_task_runner.py:105} INFO - Job 15: Subtask produce_tokens
[2025-02-28T22:40:03.452+0200] {logging_mixin.py:190} WARNING - /Users/nampham/.pyenv/versions/3.12.9/lib/python3.12/site-packages/airflow/task/task_runner/standard_task_runner.py:70 DeprecationWarning: This process (pid=20629) is multi-threaded, use of fork() may lead to deadlocks in the child.
[2025-02-28T22:40:03.453+0200] {standard_task_runner.py:72} INFO - Started process 20637 to run task
[2025-02-28T22:40:03.471+0200] {task_command.py:467} INFO - Running <TaskInstance: kafka_token_processing.produce_tokens scheduled__2025-02-28T20:35:00+00:00 [running]> on host nams-macbook-air.local
[2025-02-28T22:40:03.492+0200] {taskinstance.py:3134} INFO - Exporting env vars: AIRFLOW_CTX_DAG_OWNER='airflow' AIRFLOW_CTX_DAG_ID='kafka_token_processing' AIRFLOW_CTX_TASK_ID='produce_tokens' AIRFLOW_CTX_EXECUTION_DATE='2025-02-28T20:35:00+00:00' AIRFLOW_CTX_TRY_NUMBER='1' AIRFLOW_CTX_DAG_RUN_ID='scheduled__2025-02-28T20:35:00+00:00'
[2025-02-28T22:40:03.492+0200] {logging_mixin.py:190} INFO - Task instance is in running state
[2025-02-28T22:40:03.492+0200] {logging_mixin.py:190} INFO -  Previous state of the Task instance: queued
[2025-02-28T22:40:03.493+0200] {logging_mixin.py:190} INFO - Current task name:produce_tokens state:running start_date:2025-02-28 20:40:03.438272+00:00
[2025-02-28T22:40:03.493+0200] {logging_mixin.py:190} INFO - Dag name:kafka_token_processing and current dag run status:running
[2025-02-28T22:40:03.493+0200] {taskinstance.py:732} INFO - ::endgroup::
[2025-02-28T22:40:03.494+0200] {kafka_token_processing.py:26} INFO - Running producer task...
[2025-02-28T22:40:10.926+0200] {kafka_token_processing.py:30} INFO - Producer task output: 
[2025-02-28T22:40:10.930+0200] {python.py:240} INFO - Done. Returned value was: None
[2025-02-28T22:40:10.937+0200] {taskinstance.py:341} INFO - ::group::Post task execution logs
[2025-02-28T22:40:10.938+0200] {taskinstance.py:353} INFO - Marking task as SUCCESS. dag_id=kafka_token_processing, task_id=produce_tokens, run_id=scheduled__2025-02-28T20:35:00+00:00, execution_date=20250228T203500, start_date=20250228T204003, end_date=20250228T204010
[2025-02-28T22:40:10.946+0200] {logging_mixin.py:190} INFO - Task instance in success state
[2025-02-28T22:40:10.947+0200] {logging_mixin.py:190} INFO -  Previous state of the Task instance: running
[2025-02-28T22:40:10.947+0200] {logging_mixin.py:190} INFO - Dag name:kafka_token_processing queued_at:2025-02-28 20:40:02.075253+00:00
[2025-02-28T22:40:10.947+0200] {logging_mixin.py:190} INFO - Task hostname:nams-macbook-air.local operator:PythonOperator
[2025-02-28T22:40:10.967+0200] {local_task_job_runner.py:266} INFO - Task exited with return code 0
[2025-02-28T22:40:10.980+0200] {taskinstance.py:3901} INFO - 1 downstream tasks scheduled from follow-on schedule check
[2025-02-28T22:40:10.981+0200] {local_task_job_runner.py:245} INFO - ::endgroup::
