[2025-02-28T18:24:58.179+0200] {processor.py:186} INFO - Started process (PID=93201) to work on /Users/nampham/.pyenv/versions/3.12.9/lib/python3.12/site-packages/airflow/example_dags/example_short_circuit_operator.py
[2025-02-28T18:24:58.179+0200] {processor.py:914} INFO - Processing file /Users/nampham/.pyenv/versions/3.12.9/lib/python3.12/site-packages/airflow/example_dags/example_short_circuit_operator.py for tasks to queue
[2025-02-28T18:24:58.180+0200] {logging_mixin.py:190} INFO - [2025-02-28T18:24:58.180+0200] {dagbag.py:588} INFO - Filling up the DagBag from /Users/nampham/.pyenv/versions/3.12.9/lib/python3.12/site-packages/airflow/example_dags/example_short_circuit_operator.py
[2025-02-28T18:24:58.213+0200] {processor.py:925} INFO - DAG(s) 'example_short_circuit_operator' retrieved from /Users/nampham/.pyenv/versions/3.12.9/lib/python3.12/site-packages/airflow/example_dags/example_short_circuit_operator.py
[2025-02-28T18:24:58.278+0200] {logging_mixin.py:190} INFO - [2025-02-28T18:24:58.278+0200] {override.py:1930} INFO - Created Permission View: can read on DAG:example_short_circuit_operator
[2025-02-28T18:24:58.281+0200] {logging_mixin.py:190} INFO - [2025-02-28T18:24:58.281+0200] {override.py:1930} INFO - Created Permission View: can delete on DAG:example_short_circuit_operator
[2025-02-28T18:24:58.283+0200] {logging_mixin.py:190} INFO - [2025-02-28T18:24:58.283+0200] {override.py:1930} INFO - Created Permission View: can edit on DAG:example_short_circuit_operator
[2025-02-28T18:24:58.285+0200] {logging_mixin.py:190} INFO - [2025-02-28T18:24:58.285+0200] {override.py:1930} INFO - Created Permission View: can read on DAG Run:example_short_circuit_operator
[2025-02-28T18:24:58.287+0200] {logging_mixin.py:190} INFO - [2025-02-28T18:24:58.287+0200] {override.py:1930} INFO - Created Permission View: can delete on DAG Run:example_short_circuit_operator
[2025-02-28T18:24:58.288+0200] {logging_mixin.py:190} INFO - [2025-02-28T18:24:58.288+0200] {override.py:1930} INFO - Created Permission View: can create on DAG Run:example_short_circuit_operator
[2025-02-28T18:24:58.290+0200] {logging_mixin.py:190} INFO - [2025-02-28T18:24:58.290+0200] {override.py:1930} INFO - Created Permission View: menu access on DAG Run:example_short_circuit_operator
[2025-02-28T18:24:58.290+0200] {logging_mixin.py:190} INFO - [2025-02-28T18:24:58.290+0200] {dag.py:3239} INFO - Sync 1 DAGs
[2025-02-28T18:24:58.294+0200] {logging_mixin.py:190} INFO - [2025-02-28T18:24:58.294+0200] {dag.py:3262} INFO - Creating ORM DAG for example_short_circuit_operator
[2025-02-28T18:24:58.294+0200] {logging_mixin.py:190} INFO - [2025-02-28T18:24:58.294+0200] {dag.py:4180} INFO - Setting next_dagrun for example_short_circuit_operator to None, run_after=None
[2025-02-28T18:24:58.300+0200] {processor.py:208} INFO - Processing /Users/nampham/.pyenv/versions/3.12.9/lib/python3.12/site-packages/airflow/example_dags/example_short_circuit_operator.py took 0.122 seconds
[2025-02-28T18:26:46.547+0200] {processor.py:186} INFO - Started process (PID=93653) to work on /Users/nampham/.pyenv/versions/3.12.9/lib/python3.12/site-packages/airflow/example_dags/example_short_circuit_operator.py
[2025-02-28T18:26:46.547+0200] {processor.py:914} INFO - Processing file /Users/nampham/.pyenv/versions/3.12.9/lib/python3.12/site-packages/airflow/example_dags/example_short_circuit_operator.py for tasks to queue
[2025-02-28T18:26:46.548+0200] {logging_mixin.py:190} INFO - [2025-02-28T18:26:46.548+0200] {dagbag.py:588} INFO - Filling up the DagBag from /Users/nampham/.pyenv/versions/3.12.9/lib/python3.12/site-packages/airflow/example_dags/example_short_circuit_operator.py
[2025-02-28T18:26:46.583+0200] {processor.py:925} INFO - DAG(s) 'example_short_circuit_operator' retrieved from /Users/nampham/.pyenv/versions/3.12.9/lib/python3.12/site-packages/airflow/example_dags/example_short_circuit_operator.py
[2025-02-28T18:26:46.618+0200] {logging_mixin.py:190} INFO - [2025-02-28T18:26:46.618+0200] {dag.py:3239} INFO - Sync 1 DAGs
[2025-02-28T18:26:46.622+0200] {logging_mixin.py:190} INFO - [2025-02-28T18:26:46.621+0200] {dag.py:4180} INFO - Setting next_dagrun for example_short_circuit_operator to None, run_after=None
[2025-02-28T18:26:46.628+0200] {processor.py:208} INFO - Processing /Users/nampham/.pyenv/versions/3.12.9/lib/python3.12/site-packages/airflow/example_dags/example_short_circuit_operator.py took 0.082 seconds
[2025-02-28T18:28:07.657+0200] {processor.py:186} INFO - Started process (PID=93975) to work on /Users/nampham/.pyenv/versions/3.12.9/lib/python3.12/site-packages/airflow/example_dags/example_short_circuit_operator.py
[2025-02-28T18:28:07.658+0200] {processor.py:914} INFO - Processing file /Users/nampham/.pyenv/versions/3.12.9/lib/python3.12/site-packages/airflow/example_dags/example_short_circuit_operator.py for tasks to queue
[2025-02-28T18:28:07.658+0200] {logging_mixin.py:190} INFO - [2025-02-28T18:28:07.658+0200] {dagbag.py:588} INFO - Filling up the DagBag from /Users/nampham/.pyenv/versions/3.12.9/lib/python3.12/site-packages/airflow/example_dags/example_short_circuit_operator.py
[2025-02-28T18:28:07.699+0200] {processor.py:925} INFO - DAG(s) 'example_short_circuit_operator' retrieved from /Users/nampham/.pyenv/versions/3.12.9/lib/python3.12/site-packages/airflow/example_dags/example_short_circuit_operator.py
[2025-02-28T18:28:07.736+0200] {logging_mixin.py:190} INFO - [2025-02-28T18:28:07.736+0200] {dag.py:3239} INFO - Sync 1 DAGs
[2025-02-28T18:28:07.740+0200] {logging_mixin.py:190} INFO - [2025-02-28T18:28:07.740+0200] {dag.py:4180} INFO - Setting next_dagrun for example_short_circuit_operator to None, run_after=None
[2025-02-28T18:28:07.747+0200] {processor.py:208} INFO - Processing /Users/nampham/.pyenv/versions/3.12.9/lib/python3.12/site-packages/airflow/example_dags/example_short_circuit_operator.py took 0.091 seconds
[2025-02-28T18:29:29.628+0200] {processor.py:186} INFO - Started process (PID=94304) to work on /Users/nampham/.pyenv/versions/3.12.9/lib/python3.12/site-packages/airflow/example_dags/example_short_circuit_operator.py
[2025-02-28T18:29:29.630+0200] {processor.py:914} INFO - Processing file /Users/nampham/.pyenv/versions/3.12.9/lib/python3.12/site-packages/airflow/example_dags/example_short_circuit_operator.py for tasks to queue
[2025-02-28T18:29:29.630+0200] {logging_mixin.py:190} INFO - [2025-02-28T18:29:29.630+0200] {dagbag.py:588} INFO - Filling up the DagBag from /Users/nampham/.pyenv/versions/3.12.9/lib/python3.12/site-packages/airflow/example_dags/example_short_circuit_operator.py
[2025-02-28T18:29:29.667+0200] {processor.py:925} INFO - DAG(s) 'example_short_circuit_operator' retrieved from /Users/nampham/.pyenv/versions/3.12.9/lib/python3.12/site-packages/airflow/example_dags/example_short_circuit_operator.py
[2025-02-28T18:29:29.704+0200] {logging_mixin.py:190} INFO - [2025-02-28T18:29:29.703+0200] {dag.py:3239} INFO - Sync 1 DAGs
[2025-02-28T18:29:29.707+0200] {logging_mixin.py:190} INFO - [2025-02-28T18:29:29.707+0200] {dag.py:4180} INFO - Setting next_dagrun for example_short_circuit_operator to None, run_after=None
[2025-02-28T18:29:29.714+0200] {processor.py:208} INFO - Processing /Users/nampham/.pyenv/versions/3.12.9/lib/python3.12/site-packages/airflow/example_dags/example_short_circuit_operator.py took 0.087 seconds
[2025-02-28T20:11:13.208+0200] {processor.py:186} INFO - Started process (PID=97303) to work on /Users/nampham/.pyenv/versions/3.12.9/lib/python3.12/site-packages/airflow/example_dags/example_short_circuit_operator.py
[2025-02-28T20:11:13.209+0200] {processor.py:914} INFO - Processing file /Users/nampham/.pyenv/versions/3.12.9/lib/python3.12/site-packages/airflow/example_dags/example_short_circuit_operator.py for tasks to queue
[2025-02-28T20:11:13.209+0200] {logging_mixin.py:190} INFO - [2025-02-28T20:11:13.209+0200] {dagbag.py:588} INFO - Filling up the DagBag from /Users/nampham/.pyenv/versions/3.12.9/lib/python3.12/site-packages/airflow/example_dags/example_short_circuit_operator.py
[2025-02-28T20:11:13.245+0200] {processor.py:925} INFO - DAG(s) 'example_short_circuit_operator' retrieved from /Users/nampham/.pyenv/versions/3.12.9/lib/python3.12/site-packages/airflow/example_dags/example_short_circuit_operator.py
[2025-02-28T20:11:13.309+0200] {logging_mixin.py:190} INFO - [2025-02-28T20:11:13.309+0200] {dag.py:3239} INFO - Sync 1 DAGs
[2025-02-28T20:11:13.312+0200] {logging_mixin.py:190} INFO - [2025-02-28T20:11:13.312+0200] {dag.py:4180} INFO - Setting next_dagrun for example_short_circuit_operator to None, run_after=None
[2025-02-28T20:11:13.319+0200] {processor.py:208} INFO - Processing /Users/nampham/.pyenv/versions/3.12.9/lib/python3.12/site-packages/airflow/example_dags/example_short_circuit_operator.py took 0.112 seconds
[2025-02-28T20:13:01.709+0200] {processor.py:186} INFO - Started process (PID=97916) to work on /Users/nampham/.pyenv/versions/3.12.9/lib/python3.12/site-packages/airflow/example_dags/example_short_circuit_operator.py
[2025-02-28T20:13:01.709+0200] {processor.py:914} INFO - Processing file /Users/nampham/.pyenv/versions/3.12.9/lib/python3.12/site-packages/airflow/example_dags/example_short_circuit_operator.py for tasks to queue
[2025-02-28T20:13:01.710+0200] {logging_mixin.py:190} INFO - [2025-02-28T20:13:01.710+0200] {dagbag.py:588} INFO - Filling up the DagBag from /Users/nampham/.pyenv/versions/3.12.9/lib/python3.12/site-packages/airflow/example_dags/example_short_circuit_operator.py
[2025-02-28T20:13:01.745+0200] {processor.py:925} INFO - DAG(s) 'example_short_circuit_operator' retrieved from /Users/nampham/.pyenv/versions/3.12.9/lib/python3.12/site-packages/airflow/example_dags/example_short_circuit_operator.py
[2025-02-28T20:13:01.780+0200] {logging_mixin.py:190} INFO - [2025-02-28T20:13:01.780+0200] {dag.py:3239} INFO - Sync 1 DAGs
[2025-02-28T20:13:01.784+0200] {logging_mixin.py:190} INFO - [2025-02-28T20:13:01.784+0200] {dag.py:4180} INFO - Setting next_dagrun for example_short_circuit_operator to None, run_after=None
[2025-02-28T20:13:01.790+0200] {processor.py:208} INFO - Processing /Users/nampham/.pyenv/versions/3.12.9/lib/python3.12/site-packages/airflow/example_dags/example_short_circuit_operator.py took 0.082 seconds
[2025-02-28T20:14:51.252+0200] {processor.py:186} INFO - Started process (PID=98365) to work on /Users/nampham/.pyenv/versions/3.12.9/lib/python3.12/site-packages/airflow/example_dags/example_short_circuit_operator.py
[2025-02-28T20:14:51.252+0200] {processor.py:914} INFO - Processing file /Users/nampham/.pyenv/versions/3.12.9/lib/python3.12/site-packages/airflow/example_dags/example_short_circuit_operator.py for tasks to queue
[2025-02-28T20:14:51.253+0200] {logging_mixin.py:190} INFO - [2025-02-28T20:14:51.253+0200] {dagbag.py:588} INFO - Filling up the DagBag from /Users/nampham/.pyenv/versions/3.12.9/lib/python3.12/site-packages/airflow/example_dags/example_short_circuit_operator.py
[2025-02-28T20:14:51.287+0200] {processor.py:925} INFO - DAG(s) 'example_short_circuit_operator' retrieved from /Users/nampham/.pyenv/versions/3.12.9/lib/python3.12/site-packages/airflow/example_dags/example_short_circuit_operator.py
[2025-02-28T20:14:51.322+0200] {logging_mixin.py:190} INFO - [2025-02-28T20:14:51.322+0200] {dag.py:3239} INFO - Sync 1 DAGs
[2025-02-28T20:14:51.325+0200] {logging_mixin.py:190} INFO - [2025-02-28T20:14:51.325+0200] {dag.py:4180} INFO - Setting next_dagrun for example_short_circuit_operator to None, run_after=None
[2025-02-28T20:14:51.331+0200] {processor.py:208} INFO - Processing /Users/nampham/.pyenv/versions/3.12.9/lib/python3.12/site-packages/airflow/example_dags/example_short_circuit_operator.py took 0.081 seconds
[2025-02-28T20:16:11.252+0200] {processor.py:186} INFO - Started process (PID=98649) to work on /Users/nampham/.pyenv/versions/3.12.9/lib/python3.12/site-packages/airflow/example_dags/example_short_circuit_operator.py
[2025-02-28T20:16:11.253+0200] {processor.py:914} INFO - Processing file /Users/nampham/.pyenv/versions/3.12.9/lib/python3.12/site-packages/airflow/example_dags/example_short_circuit_operator.py for tasks to queue
[2025-02-28T20:16:11.253+0200] {logging_mixin.py:190} INFO - [2025-02-28T20:16:11.253+0200] {dagbag.py:588} INFO - Filling up the DagBag from /Users/nampham/.pyenv/versions/3.12.9/lib/python3.12/site-packages/airflow/example_dags/example_short_circuit_operator.py
[2025-02-28T20:16:11.286+0200] {processor.py:925} INFO - DAG(s) 'example_short_circuit_operator' retrieved from /Users/nampham/.pyenv/versions/3.12.9/lib/python3.12/site-packages/airflow/example_dags/example_short_circuit_operator.py
[2025-02-28T20:16:11.320+0200] {logging_mixin.py:190} INFO - [2025-02-28T20:16:11.320+0200] {dag.py:3239} INFO - Sync 1 DAGs
[2025-02-28T20:16:11.324+0200] {logging_mixin.py:190} INFO - [2025-02-28T20:16:11.324+0200] {dag.py:4180} INFO - Setting next_dagrun for example_short_circuit_operator to None, run_after=None
[2025-02-28T20:16:11.330+0200] {processor.py:208} INFO - Processing /Users/nampham/.pyenv/versions/3.12.9/lib/python3.12/site-packages/airflow/example_dags/example_short_circuit_operator.py took 0.080 seconds
[2025-02-28T20:17:26.050+0200] {processor.py:186} INFO - Started process (PID=98930) to work on /Users/nampham/.pyenv/versions/3.12.9/lib/python3.12/site-packages/airflow/example_dags/example_short_circuit_operator.py
[2025-02-28T20:17:26.051+0200] {processor.py:914} INFO - Processing file /Users/nampham/.pyenv/versions/3.12.9/lib/python3.12/site-packages/airflow/example_dags/example_short_circuit_operator.py for tasks to queue
[2025-02-28T20:17:26.052+0200] {logging_mixin.py:190} INFO - [2025-02-28T20:17:26.052+0200] {dagbag.py:588} INFO - Filling up the DagBag from /Users/nampham/.pyenv/versions/3.12.9/lib/python3.12/site-packages/airflow/example_dags/example_short_circuit_operator.py
[2025-02-28T20:17:26.085+0200] {processor.py:925} INFO - DAG(s) 'example_short_circuit_operator' retrieved from /Users/nampham/.pyenv/versions/3.12.9/lib/python3.12/site-packages/airflow/example_dags/example_short_circuit_operator.py
[2025-02-28T20:17:26.120+0200] {logging_mixin.py:190} INFO - [2025-02-28T20:17:26.120+0200] {dag.py:3239} INFO - Sync 1 DAGs
[2025-02-28T20:17:26.124+0200] {logging_mixin.py:190} INFO - [2025-02-28T20:17:26.124+0200] {dag.py:4180} INFO - Setting next_dagrun for example_short_circuit_operator to None, run_after=None
[2025-02-28T20:17:26.130+0200] {processor.py:208} INFO - Processing /Users/nampham/.pyenv/versions/3.12.9/lib/python3.12/site-packages/airflow/example_dags/example_short_circuit_operator.py took 0.082 seconds
[2025-02-28T20:18:41.129+0200] {processor.py:186} INFO - Started process (PID=99303) to work on /Users/nampham/.pyenv/versions/3.12.9/lib/python3.12/site-packages/airflow/example_dags/example_short_circuit_operator.py
[2025-02-28T20:18:41.129+0200] {processor.py:914} INFO - Processing file /Users/nampham/.pyenv/versions/3.12.9/lib/python3.12/site-packages/airflow/example_dags/example_short_circuit_operator.py for tasks to queue
[2025-02-28T20:18:41.130+0200] {logging_mixin.py:190} INFO - [2025-02-28T20:18:41.130+0200] {dagbag.py:588} INFO - Filling up the DagBag from /Users/nampham/.pyenv/versions/3.12.9/lib/python3.12/site-packages/airflow/example_dags/example_short_circuit_operator.py
[2025-02-28T20:18:41.165+0200] {processor.py:925} INFO - DAG(s) 'example_short_circuit_operator' retrieved from /Users/nampham/.pyenv/versions/3.12.9/lib/python3.12/site-packages/airflow/example_dags/example_short_circuit_operator.py
[2025-02-28T20:18:41.201+0200] {logging_mixin.py:190} INFO - [2025-02-28T20:18:41.200+0200] {dag.py:3239} INFO - Sync 1 DAGs
[2025-02-28T20:18:41.204+0200] {logging_mixin.py:190} INFO - [2025-02-28T20:18:41.204+0200] {dag.py:4180} INFO - Setting next_dagrun for example_short_circuit_operator to None, run_after=None
[2025-02-28T20:18:41.211+0200] {processor.py:208} INFO - Processing /Users/nampham/.pyenv/versions/3.12.9/lib/python3.12/site-packages/airflow/example_dags/example_short_circuit_operator.py took 0.083 seconds
[2025-02-28T20:20:34.195+0200] {processor.py:186} INFO - Started process (PID=99732) to work on /Users/nampham/.pyenv/versions/3.12.9/lib/python3.12/site-packages/airflow/example_dags/example_short_circuit_operator.py
[2025-02-28T20:20:34.195+0200] {processor.py:914} INFO - Processing file /Users/nampham/.pyenv/versions/3.12.9/lib/python3.12/site-packages/airflow/example_dags/example_short_circuit_operator.py for tasks to queue
[2025-02-28T20:20:34.196+0200] {logging_mixin.py:190} INFO - [2025-02-28T20:20:34.196+0200] {dagbag.py:588} INFO - Filling up the DagBag from /Users/nampham/.pyenv/versions/3.12.9/lib/python3.12/site-packages/airflow/example_dags/example_short_circuit_operator.py
[2025-02-28T20:20:34.229+0200] {processor.py:925} INFO - DAG(s) 'example_short_circuit_operator' retrieved from /Users/nampham/.pyenv/versions/3.12.9/lib/python3.12/site-packages/airflow/example_dags/example_short_circuit_operator.py
[2025-02-28T20:20:34.265+0200] {logging_mixin.py:190} INFO - [2025-02-28T20:20:34.265+0200] {dag.py:3239} INFO - Sync 1 DAGs
[2025-02-28T20:20:34.268+0200] {logging_mixin.py:190} INFO - [2025-02-28T20:20:34.268+0200] {dag.py:4180} INFO - Setting next_dagrun for example_short_circuit_operator to None, run_after=None
[2025-02-28T20:20:34.275+0200] {processor.py:208} INFO - Processing /Users/nampham/.pyenv/versions/3.12.9/lib/python3.12/site-packages/airflow/example_dags/example_short_circuit_operator.py took 0.082 seconds
[2025-02-28T20:21:54.541+0200] {processor.py:186} INFO - Started process (PID=146) to work on /Users/nampham/.pyenv/versions/3.12.9/lib/python3.12/site-packages/airflow/example_dags/example_short_circuit_operator.py
[2025-02-28T20:21:54.541+0200] {processor.py:914} INFO - Processing file /Users/nampham/.pyenv/versions/3.12.9/lib/python3.12/site-packages/airflow/example_dags/example_short_circuit_operator.py for tasks to queue
[2025-02-28T20:21:54.542+0200] {logging_mixin.py:190} INFO - [2025-02-28T20:21:54.542+0200] {dagbag.py:588} INFO - Filling up the DagBag from /Users/nampham/.pyenv/versions/3.12.9/lib/python3.12/site-packages/airflow/example_dags/example_short_circuit_operator.py
[2025-02-28T20:21:54.575+0200] {processor.py:925} INFO - DAG(s) 'example_short_circuit_operator' retrieved from /Users/nampham/.pyenv/versions/3.12.9/lib/python3.12/site-packages/airflow/example_dags/example_short_circuit_operator.py
[2025-02-28T20:21:54.611+0200] {logging_mixin.py:190} INFO - [2025-02-28T20:21:54.611+0200] {dag.py:3239} INFO - Sync 1 DAGs
[2025-02-28T20:21:54.615+0200] {logging_mixin.py:190} INFO - [2025-02-28T20:21:54.615+0200] {dag.py:4180} INFO - Setting next_dagrun for example_short_circuit_operator to None, run_after=None
[2025-02-28T20:21:54.621+0200] {processor.py:208} INFO - Processing /Users/nampham/.pyenv/versions/3.12.9/lib/python3.12/site-packages/airflow/example_dags/example_short_circuit_operator.py took 0.082 seconds
[2025-02-28T20:23:08.350+0200] {processor.py:186} INFO - Started process (PID=412) to work on /Users/nampham/.pyenv/versions/3.12.9/lib/python3.12/site-packages/airflow/example_dags/example_short_circuit_operator.py
[2025-02-28T20:23:08.351+0200] {processor.py:914} INFO - Processing file /Users/nampham/.pyenv/versions/3.12.9/lib/python3.12/site-packages/airflow/example_dags/example_short_circuit_operator.py for tasks to queue
[2025-02-28T20:23:08.351+0200] {logging_mixin.py:190} INFO - [2025-02-28T20:23:08.351+0200] {dagbag.py:588} INFO - Filling up the DagBag from /Users/nampham/.pyenv/versions/3.12.9/lib/python3.12/site-packages/airflow/example_dags/example_short_circuit_operator.py
[2025-02-28T20:23:08.385+0200] {processor.py:925} INFO - DAG(s) 'example_short_circuit_operator' retrieved from /Users/nampham/.pyenv/versions/3.12.9/lib/python3.12/site-packages/airflow/example_dags/example_short_circuit_operator.py
[2025-02-28T20:23:08.420+0200] {logging_mixin.py:190} INFO - [2025-02-28T20:23:08.419+0200] {dag.py:3239} INFO - Sync 1 DAGs
[2025-02-28T20:23:08.423+0200] {logging_mixin.py:190} INFO - [2025-02-28T20:23:08.423+0200] {dag.py:4180} INFO - Setting next_dagrun for example_short_circuit_operator to None, run_after=None
[2025-02-28T20:23:08.429+0200] {processor.py:208} INFO - Processing /Users/nampham/.pyenv/versions/3.12.9/lib/python3.12/site-packages/airflow/example_dags/example_short_circuit_operator.py took 0.080 seconds
[2025-02-28T21:27:56.417+0200] {processor.py:186} INFO - Started process (PID=5524) to work on /Users/nampham/.pyenv/versions/3.12.9/lib/python3.12/site-packages/airflow/example_dags/example_short_circuit_operator.py
[2025-02-28T21:27:56.417+0200] {processor.py:914} INFO - Processing file /Users/nampham/.pyenv/versions/3.12.9/lib/python3.12/site-packages/airflow/example_dags/example_short_circuit_operator.py for tasks to queue
[2025-02-28T21:27:56.418+0200] {logging_mixin.py:190} INFO - [2025-02-28T21:27:56.418+0200] {dagbag.py:588} INFO - Filling up the DagBag from /Users/nampham/.pyenv/versions/3.12.9/lib/python3.12/site-packages/airflow/example_dags/example_short_circuit_operator.py
[2025-02-28T21:27:56.451+0200] {processor.py:925} INFO - DAG(s) 'example_short_circuit_operator' retrieved from /Users/nampham/.pyenv/versions/3.12.9/lib/python3.12/site-packages/airflow/example_dags/example_short_circuit_operator.py
[2025-02-28T21:27:56.486+0200] {logging_mixin.py:190} INFO - [2025-02-28T21:27:56.486+0200] {dag.py:3239} INFO - Sync 1 DAGs
[2025-02-28T21:27:56.490+0200] {logging_mixin.py:190} INFO - [2025-02-28T21:27:56.490+0200] {dag.py:4180} INFO - Setting next_dagrun for example_short_circuit_operator to None, run_after=None
[2025-02-28T21:27:56.496+0200] {processor.py:208} INFO - Processing /Users/nampham/.pyenv/versions/3.12.9/lib/python3.12/site-packages/airflow/example_dags/example_short_circuit_operator.py took 0.080 seconds
[2025-02-28T21:30:41.994+0200] {processor.py:186} INFO - Started process (PID=6187) to work on /Users/nampham/.pyenv/versions/3.12.9/lib/python3.12/site-packages/airflow/example_dags/example_short_circuit_operator.py
[2025-02-28T21:30:41.996+0200] {processor.py:914} INFO - Processing file /Users/nampham/.pyenv/versions/3.12.9/lib/python3.12/site-packages/airflow/example_dags/example_short_circuit_operator.py for tasks to queue
[2025-02-28T21:30:41.996+0200] {logging_mixin.py:190} INFO - [2025-02-28T21:30:41.996+0200] {dagbag.py:588} INFO - Filling up the DagBag from /Users/nampham/.pyenv/versions/3.12.9/lib/python3.12/site-packages/airflow/example_dags/example_short_circuit_operator.py
[2025-02-28T21:30:42.030+0200] {processor.py:925} INFO - DAG(s) 'example_short_circuit_operator' retrieved from /Users/nampham/.pyenv/versions/3.12.9/lib/python3.12/site-packages/airflow/example_dags/example_short_circuit_operator.py
[2025-02-28T21:30:42.065+0200] {logging_mixin.py:190} INFO - [2025-02-28T21:30:42.064+0200] {dag.py:3239} INFO - Sync 1 DAGs
[2025-02-28T21:30:42.068+0200] {logging_mixin.py:190} INFO - [2025-02-28T21:30:42.068+0200] {dag.py:4180} INFO - Setting next_dagrun for example_short_circuit_operator to None, run_after=None
[2025-02-28T21:30:42.075+0200] {processor.py:208} INFO - Processing /Users/nampham/.pyenv/versions/3.12.9/lib/python3.12/site-packages/airflow/example_dags/example_short_circuit_operator.py took 0.082 seconds
[2025-02-28T21:32:30.088+0200] {processor.py:186} INFO - Started process (PID=6616) to work on /Users/nampham/.pyenv/versions/3.12.9/lib/python3.12/site-packages/airflow/example_dags/example_short_circuit_operator.py
[2025-02-28T21:32:30.089+0200] {processor.py:914} INFO - Processing file /Users/nampham/.pyenv/versions/3.12.9/lib/python3.12/site-packages/airflow/example_dags/example_short_circuit_operator.py for tasks to queue
[2025-02-28T21:32:30.090+0200] {logging_mixin.py:190} INFO - [2025-02-28T21:32:30.090+0200] {dagbag.py:588} INFO - Filling up the DagBag from /Users/nampham/.pyenv/versions/3.12.9/lib/python3.12/site-packages/airflow/example_dags/example_short_circuit_operator.py
[2025-02-28T21:32:30.123+0200] {processor.py:925} INFO - DAG(s) 'example_short_circuit_operator' retrieved from /Users/nampham/.pyenv/versions/3.12.9/lib/python3.12/site-packages/airflow/example_dags/example_short_circuit_operator.py
[2025-02-28T21:32:30.157+0200] {logging_mixin.py:190} INFO - [2025-02-28T21:32:30.157+0200] {dag.py:3239} INFO - Sync 1 DAGs
[2025-02-28T21:32:30.161+0200] {logging_mixin.py:190} INFO - [2025-02-28T21:32:30.161+0200] {dag.py:4180} INFO - Setting next_dagrun for example_short_circuit_operator to None, run_after=None
[2025-02-28T21:32:30.168+0200] {processor.py:208} INFO - Processing /Users/nampham/.pyenv/versions/3.12.9/lib/python3.12/site-packages/airflow/example_dags/example_short_circuit_operator.py took 0.082 seconds
[2025-02-28T21:33:48.456+0200] {processor.py:186} INFO - Started process (PID=7127) to work on /Users/nampham/.pyenv/versions/3.12.9/lib/python3.12/site-packages/airflow/example_dags/example_short_circuit_operator.py
[2025-02-28T21:33:48.457+0200] {processor.py:914} INFO - Processing file /Users/nampham/.pyenv/versions/3.12.9/lib/python3.12/site-packages/airflow/example_dags/example_short_circuit_operator.py for tasks to queue
[2025-02-28T21:33:48.458+0200] {logging_mixin.py:190} INFO - [2025-02-28T21:33:48.457+0200] {dagbag.py:588} INFO - Filling up the DagBag from /Users/nampham/.pyenv/versions/3.12.9/lib/python3.12/site-packages/airflow/example_dags/example_short_circuit_operator.py
[2025-02-28T21:33:48.491+0200] {processor.py:925} INFO - DAG(s) 'example_short_circuit_operator' retrieved from /Users/nampham/.pyenv/versions/3.12.9/lib/python3.12/site-packages/airflow/example_dags/example_short_circuit_operator.py
[2025-02-28T21:33:48.525+0200] {logging_mixin.py:190} INFO - [2025-02-28T21:33:48.525+0200] {dag.py:3239} INFO - Sync 1 DAGs
[2025-02-28T21:33:48.529+0200] {logging_mixin.py:190} INFO - [2025-02-28T21:33:48.529+0200] {dag.py:4180} INFO - Setting next_dagrun for example_short_circuit_operator to None, run_after=None
[2025-02-28T21:33:48.535+0200] {processor.py:208} INFO - Processing /Users/nampham/.pyenv/versions/3.12.9/lib/python3.12/site-packages/airflow/example_dags/example_short_circuit_operator.py took 0.080 seconds
[2025-02-28T21:35:07.548+0200] {processor.py:186} INFO - Started process (PID=7411) to work on /Users/nampham/.pyenv/versions/3.12.9/lib/python3.12/site-packages/airflow/example_dags/example_short_circuit_operator.py
[2025-02-28T21:35:07.549+0200] {processor.py:914} INFO - Processing file /Users/nampham/.pyenv/versions/3.12.9/lib/python3.12/site-packages/airflow/example_dags/example_short_circuit_operator.py for tasks to queue
[2025-02-28T21:35:07.550+0200] {logging_mixin.py:190} INFO - [2025-02-28T21:35:07.550+0200] {dagbag.py:588} INFO - Filling up the DagBag from /Users/nampham/.pyenv/versions/3.12.9/lib/python3.12/site-packages/airflow/example_dags/example_short_circuit_operator.py
[2025-02-28T21:35:07.586+0200] {processor.py:925} INFO - DAG(s) 'example_short_circuit_operator' retrieved from /Users/nampham/.pyenv/versions/3.12.9/lib/python3.12/site-packages/airflow/example_dags/example_short_circuit_operator.py
[2025-02-28T21:35:07.621+0200] {logging_mixin.py:190} INFO - [2025-02-28T21:35:07.621+0200] {dag.py:3239} INFO - Sync 1 DAGs
[2025-02-28T21:35:07.625+0200] {logging_mixin.py:190} INFO - [2025-02-28T21:35:07.625+0200] {dag.py:4180} INFO - Setting next_dagrun for example_short_circuit_operator to None, run_after=None
[2025-02-28T21:35:07.631+0200] {processor.py:208} INFO - Processing /Users/nampham/.pyenv/versions/3.12.9/lib/python3.12/site-packages/airflow/example_dags/example_short_circuit_operator.py took 0.085 seconds
[2025-02-28T21:37:04.367+0200] {processor.py:186} INFO - Started process (PID=7908) to work on /Users/nampham/.pyenv/versions/3.12.9/lib/python3.12/site-packages/airflow/example_dags/example_short_circuit_operator.py
[2025-02-28T21:37:04.368+0200] {processor.py:914} INFO - Processing file /Users/nampham/.pyenv/versions/3.12.9/lib/python3.12/site-packages/airflow/example_dags/example_short_circuit_operator.py for tasks to queue
[2025-02-28T21:37:04.369+0200] {logging_mixin.py:190} INFO - [2025-02-28T21:37:04.368+0200] {dagbag.py:588} INFO - Filling up the DagBag from /Users/nampham/.pyenv/versions/3.12.9/lib/python3.12/site-packages/airflow/example_dags/example_short_circuit_operator.py
[2025-02-28T21:37:04.406+0200] {processor.py:925} INFO - DAG(s) 'example_short_circuit_operator' retrieved from /Users/nampham/.pyenv/versions/3.12.9/lib/python3.12/site-packages/airflow/example_dags/example_short_circuit_operator.py
[2025-02-28T21:37:04.483+0200] {logging_mixin.py:190} INFO - [2025-02-28T21:37:04.483+0200] {override.py:1930} INFO - Created Permission View: can delete on DAG:example_short_circuit_operator
[2025-02-28T21:37:04.486+0200] {logging_mixin.py:190} INFO - [2025-02-28T21:37:04.485+0200] {override.py:1930} INFO - Created Permission View: can edit on DAG:example_short_circuit_operator
[2025-02-28T21:37:04.487+0200] {logging_mixin.py:190} INFO - [2025-02-28T21:37:04.487+0200] {override.py:1930} INFO - Created Permission View: can read on DAG:example_short_circuit_operator
[2025-02-28T21:37:04.490+0200] {logging_mixin.py:190} INFO - [2025-02-28T21:37:04.490+0200] {override.py:1930} INFO - Created Permission View: can delete on DAG Run:example_short_circuit_operator
[2025-02-28T21:37:04.491+0200] {logging_mixin.py:190} INFO - [2025-02-28T21:37:04.491+0200] {override.py:1930} INFO - Created Permission View: can read on DAG Run:example_short_circuit_operator
[2025-02-28T21:37:04.493+0200] {logging_mixin.py:190} INFO - [2025-02-28T21:37:04.493+0200] {override.py:1930} INFO - Created Permission View: can create on DAG Run:example_short_circuit_operator
[2025-02-28T21:37:04.495+0200] {logging_mixin.py:190} INFO - [2025-02-28T21:37:04.495+0200] {override.py:1930} INFO - Created Permission View: menu access on DAG Run:example_short_circuit_operator
[2025-02-28T21:37:04.495+0200] {logging_mixin.py:190} INFO - [2025-02-28T21:37:04.495+0200] {dag.py:3239} INFO - Sync 1 DAGs
[2025-02-28T21:37:04.499+0200] {logging_mixin.py:190} INFO - [2025-02-28T21:37:04.499+0200] {dag.py:3262} INFO - Creating ORM DAG for example_short_circuit_operator
[2025-02-28T21:37:04.499+0200] {logging_mixin.py:190} INFO - [2025-02-28T21:37:04.499+0200] {dag.py:4180} INFO - Setting next_dagrun for example_short_circuit_operator to None, run_after=None
[2025-02-28T21:37:04.505+0200] {processor.py:208} INFO - Processing /Users/nampham/.pyenv/versions/3.12.9/lib/python3.12/site-packages/airflow/example_dags/example_short_circuit_operator.py took 0.139 seconds
[2025-02-28T21:38:55.228+0200] {processor.py:186} INFO - Started process (PID=8339) to work on /Users/nampham/.pyenv/versions/3.12.9/lib/python3.12/site-packages/airflow/example_dags/example_short_circuit_operator.py
[2025-02-28T21:38:55.229+0200] {processor.py:914} INFO - Processing file /Users/nampham/.pyenv/versions/3.12.9/lib/python3.12/site-packages/airflow/example_dags/example_short_circuit_operator.py for tasks to queue
[2025-02-28T21:38:55.230+0200] {logging_mixin.py:190} INFO - [2025-02-28T21:38:55.230+0200] {dagbag.py:588} INFO - Filling up the DagBag from /Users/nampham/.pyenv/versions/3.12.9/lib/python3.12/site-packages/airflow/example_dags/example_short_circuit_operator.py
[2025-02-28T21:38:55.263+0200] {processor.py:925} INFO - DAG(s) 'example_short_circuit_operator' retrieved from /Users/nampham/.pyenv/versions/3.12.9/lib/python3.12/site-packages/airflow/example_dags/example_short_circuit_operator.py
[2025-02-28T21:38:55.297+0200] {logging_mixin.py:190} INFO - [2025-02-28T21:38:55.297+0200] {dag.py:3239} INFO - Sync 1 DAGs
[2025-02-28T21:38:55.300+0200] {logging_mixin.py:190} INFO - [2025-02-28T21:38:55.300+0200] {dag.py:4180} INFO - Setting next_dagrun for example_short_circuit_operator to None, run_after=None
[2025-02-28T21:38:55.307+0200] {processor.py:208} INFO - Processing /Users/nampham/.pyenv/versions/3.12.9/lib/python3.12/site-packages/airflow/example_dags/example_short_circuit_operator.py took 0.080 seconds
[2025-02-28T21:40:13.035+0200] {processor.py:186} INFO - Started process (PID=8627) to work on /Users/nampham/.pyenv/versions/3.12.9/lib/python3.12/site-packages/airflow/example_dags/example_short_circuit_operator.py
[2025-02-28T21:40:13.036+0200] {processor.py:914} INFO - Processing file /Users/nampham/.pyenv/versions/3.12.9/lib/python3.12/site-packages/airflow/example_dags/example_short_circuit_operator.py for tasks to queue
[2025-02-28T21:40:13.036+0200] {logging_mixin.py:190} INFO - [2025-02-28T21:40:13.036+0200] {dagbag.py:588} INFO - Filling up the DagBag from /Users/nampham/.pyenv/versions/3.12.9/lib/python3.12/site-packages/airflow/example_dags/example_short_circuit_operator.py
[2025-02-28T21:40:13.072+0200] {processor.py:925} INFO - DAG(s) 'example_short_circuit_operator' retrieved from /Users/nampham/.pyenv/versions/3.12.9/lib/python3.12/site-packages/airflow/example_dags/example_short_circuit_operator.py
[2025-02-28T21:40:13.109+0200] {logging_mixin.py:190} INFO - [2025-02-28T21:40:13.108+0200] {dag.py:3239} INFO - Sync 1 DAGs
[2025-02-28T21:40:13.112+0200] {logging_mixin.py:190} INFO - [2025-02-28T21:40:13.112+0200] {dag.py:4180} INFO - Setting next_dagrun for example_short_circuit_operator to None, run_after=None
[2025-02-28T21:40:13.121+0200] {processor.py:208} INFO - Processing /Users/nampham/.pyenv/versions/3.12.9/lib/python3.12/site-packages/airflow/example_dags/example_short_circuit_operator.py took 0.088 seconds
[2025-02-28T21:42:32.469+0200] {processor.py:186} INFO - Started process (PID=9226) to work on /Users/nampham/.pyenv/versions/3.12.9/lib/python3.12/site-packages/airflow/example_dags/example_short_circuit_operator.py
[2025-02-28T21:42:32.471+0200] {processor.py:914} INFO - Processing file /Users/nampham/.pyenv/versions/3.12.9/lib/python3.12/site-packages/airflow/example_dags/example_short_circuit_operator.py for tasks to queue
[2025-02-28T21:42:32.471+0200] {logging_mixin.py:190} INFO - [2025-02-28T21:42:32.471+0200] {dagbag.py:588} INFO - Filling up the DagBag from /Users/nampham/.pyenv/versions/3.12.9/lib/python3.12/site-packages/airflow/example_dags/example_short_circuit_operator.py
[2025-02-28T21:42:32.511+0200] {processor.py:925} INFO - DAG(s) 'example_short_circuit_operator' retrieved from /Users/nampham/.pyenv/versions/3.12.9/lib/python3.12/site-packages/airflow/example_dags/example_short_circuit_operator.py
[2025-02-28T21:42:32.582+0200] {logging_mixin.py:190} INFO - [2025-02-28T21:42:32.582+0200] {override.py:1930} INFO - Created Permission View: can edit on DAG:example_short_circuit_operator
[2025-02-28T21:42:32.585+0200] {logging_mixin.py:190} INFO - [2025-02-28T21:42:32.585+0200] {override.py:1930} INFO - Created Permission View: can read on DAG:example_short_circuit_operator
[2025-02-28T21:42:32.587+0200] {logging_mixin.py:190} INFO - [2025-02-28T21:42:32.586+0200] {override.py:1930} INFO - Created Permission View: can delete on DAG:example_short_circuit_operator
[2025-02-28T21:42:32.589+0200] {logging_mixin.py:190} INFO - [2025-02-28T21:42:32.589+0200] {override.py:1930} INFO - Created Permission View: menu access on DAG Run:example_short_circuit_operator
[2025-02-28T21:42:32.591+0200] {logging_mixin.py:190} INFO - [2025-02-28T21:42:32.591+0200] {override.py:1930} INFO - Created Permission View: can read on DAG Run:example_short_circuit_operator
[2025-02-28T21:42:32.592+0200] {logging_mixin.py:190} INFO - [2025-02-28T21:42:32.592+0200] {override.py:1930} INFO - Created Permission View: can create on DAG Run:example_short_circuit_operator
[2025-02-28T21:42:32.594+0200] {logging_mixin.py:190} INFO - [2025-02-28T21:42:32.594+0200] {override.py:1930} INFO - Created Permission View: can delete on DAG Run:example_short_circuit_operator
[2025-02-28T21:42:32.594+0200] {logging_mixin.py:190} INFO - [2025-02-28T21:42:32.594+0200] {dag.py:3239} INFO - Sync 1 DAGs
[2025-02-28T21:42:32.598+0200] {logging_mixin.py:190} INFO - [2025-02-28T21:42:32.598+0200] {dag.py:3262} INFO - Creating ORM DAG for example_short_circuit_operator
[2025-02-28T21:42:32.598+0200] {logging_mixin.py:190} INFO - [2025-02-28T21:42:32.598+0200] {dag.py:4180} INFO - Setting next_dagrun for example_short_circuit_operator to None, run_after=None
[2025-02-28T21:42:32.605+0200] {processor.py:208} INFO - Processing /Users/nampham/.pyenv/versions/3.12.9/lib/python3.12/site-packages/airflow/example_dags/example_short_circuit_operator.py took 0.136 seconds
[2025-02-28T21:43:38.861+0200] {processor.py:186} INFO - Started process (PID=9591) to work on /Users/nampham/.pyenv/versions/3.12.9/lib/python3.12/site-packages/airflow/example_dags/example_short_circuit_operator.py
[2025-02-28T21:43:38.861+0200] {processor.py:914} INFO - Processing file /Users/nampham/.pyenv/versions/3.12.9/lib/python3.12/site-packages/airflow/example_dags/example_short_circuit_operator.py for tasks to queue
[2025-02-28T21:43:38.862+0200] {logging_mixin.py:190} INFO - [2025-02-28T21:43:38.862+0200] {dagbag.py:588} INFO - Filling up the DagBag from /Users/nampham/.pyenv/versions/3.12.9/lib/python3.12/site-packages/airflow/example_dags/example_short_circuit_operator.py
[2025-02-28T21:43:38.898+0200] {processor.py:925} INFO - DAG(s) 'example_short_circuit_operator' retrieved from /Users/nampham/.pyenv/versions/3.12.9/lib/python3.12/site-packages/airflow/example_dags/example_short_circuit_operator.py
[2025-02-28T21:43:38.933+0200] {logging_mixin.py:190} INFO - [2025-02-28T21:43:38.933+0200] {dag.py:3239} INFO - Sync 1 DAGs
[2025-02-28T21:43:38.937+0200] {logging_mixin.py:190} INFO - [2025-02-28T21:43:38.937+0200] {dag.py:4180} INFO - Setting next_dagrun for example_short_circuit_operator to None, run_after=None
[2025-02-28T21:43:38.943+0200] {processor.py:208} INFO - Processing /Users/nampham/.pyenv/versions/3.12.9/lib/python3.12/site-packages/airflow/example_dags/example_short_circuit_operator.py took 0.083 seconds
[2025-02-28T21:45:40.850+0200] {processor.py:186} INFO - Started process (PID=10142) to work on /Users/nampham/.pyenv/versions/3.12.9/lib/python3.12/site-packages/airflow/example_dags/example_short_circuit_operator.py
[2025-02-28T21:45:40.851+0200] {processor.py:914} INFO - Processing file /Users/nampham/.pyenv/versions/3.12.9/lib/python3.12/site-packages/airflow/example_dags/example_short_circuit_operator.py for tasks to queue
[2025-02-28T21:45:40.851+0200] {logging_mixin.py:190} INFO - [2025-02-28T21:45:40.851+0200] {dagbag.py:588} INFO - Filling up the DagBag from /Users/nampham/.pyenv/versions/3.12.9/lib/python3.12/site-packages/airflow/example_dags/example_short_circuit_operator.py
[2025-02-28T21:45:40.886+0200] {processor.py:925} INFO - DAG(s) 'example_short_circuit_operator' retrieved from /Users/nampham/.pyenv/versions/3.12.9/lib/python3.12/site-packages/airflow/example_dags/example_short_circuit_operator.py
[2025-02-28T21:45:40.921+0200] {logging_mixin.py:190} INFO - [2025-02-28T21:45:40.920+0200] {dag.py:3239} INFO - Sync 1 DAGs
[2025-02-28T21:45:40.924+0200] {logging_mixin.py:190} INFO - [2025-02-28T21:45:40.924+0200] {dag.py:4180} INFO - Setting next_dagrun for example_short_circuit_operator to None, run_after=None
[2025-02-28T21:45:40.931+0200] {processor.py:208} INFO - Processing /Users/nampham/.pyenv/versions/3.12.9/lib/python3.12/site-packages/airflow/example_dags/example_short_circuit_operator.py took 0.082 seconds
[2025-02-28T22:27:54.830+0200] {processor.py:186} INFO - Started process (PID=18107) to work on /Users/nampham/.pyenv/versions/3.12.9/lib/python3.12/site-packages/airflow/example_dags/example_short_circuit_operator.py
[2025-02-28T22:27:54.831+0200] {processor.py:914} INFO - Processing file /Users/nampham/.pyenv/versions/3.12.9/lib/python3.12/site-packages/airflow/example_dags/example_short_circuit_operator.py for tasks to queue
[2025-02-28T22:27:54.832+0200] {logging_mixin.py:190} INFO - [2025-02-28T22:27:54.832+0200] {dagbag.py:588} INFO - Filling up the DagBag from /Users/nampham/.pyenv/versions/3.12.9/lib/python3.12/site-packages/airflow/example_dags/example_short_circuit_operator.py
[2025-02-28T22:27:54.865+0200] {processor.py:925} INFO - DAG(s) 'example_short_circuit_operator' retrieved from /Users/nampham/.pyenv/versions/3.12.9/lib/python3.12/site-packages/airflow/example_dags/example_short_circuit_operator.py
[2025-02-28T22:27:54.929+0200] {logging_mixin.py:190} INFO - [2025-02-28T22:27:54.929+0200] {override.py:1930} INFO - Created Permission View: can read on DAG:example_short_circuit_operator
[2025-02-28T22:27:54.932+0200] {logging_mixin.py:190} INFO - [2025-02-28T22:27:54.932+0200] {override.py:1930} INFO - Created Permission View: can delete on DAG:example_short_circuit_operator
[2025-02-28T22:27:54.934+0200] {logging_mixin.py:190} INFO - [2025-02-28T22:27:54.934+0200] {override.py:1930} INFO - Created Permission View: can edit on DAG:example_short_circuit_operator
[2025-02-28T22:27:54.936+0200] {logging_mixin.py:190} INFO - [2025-02-28T22:27:54.936+0200] {override.py:1930} INFO - Created Permission View: can read on DAG Run:example_short_circuit_operator
[2025-02-28T22:27:54.938+0200] {logging_mixin.py:190} INFO - [2025-02-28T22:27:54.938+0200] {override.py:1930} INFO - Created Permission View: can delete on DAG Run:example_short_circuit_operator
[2025-02-28T22:27:54.940+0200] {logging_mixin.py:190} INFO - [2025-02-28T22:27:54.940+0200] {override.py:1930} INFO - Created Permission View: menu access on DAG Run:example_short_circuit_operator
[2025-02-28T22:27:54.942+0200] {logging_mixin.py:190} INFO - [2025-02-28T22:27:54.942+0200] {override.py:1930} INFO - Created Permission View: can create on DAG Run:example_short_circuit_operator
[2025-02-28T22:27:54.942+0200] {logging_mixin.py:190} INFO - [2025-02-28T22:27:54.942+0200] {dag.py:3239} INFO - Sync 1 DAGs
[2025-02-28T22:27:54.946+0200] {logging_mixin.py:190} INFO - [2025-02-28T22:27:54.946+0200] {dag.py:3262} INFO - Creating ORM DAG for example_short_circuit_operator
[2025-02-28T22:27:54.946+0200] {logging_mixin.py:190} INFO - [2025-02-28T22:27:54.946+0200] {dag.py:4180} INFO - Setting next_dagrun for example_short_circuit_operator to None, run_after=None
[2025-02-28T22:27:54.951+0200] {processor.py:208} INFO - Processing /Users/nampham/.pyenv/versions/3.12.9/lib/python3.12/site-packages/airflow/example_dags/example_short_circuit_operator.py took 0.123 seconds
[2025-02-28T22:36:00.308+0200] {processor.py:186} INFO - Started process (PID=19761) to work on /Users/nampham/.pyenv/versions/3.12.9/lib/python3.12/site-packages/airflow/example_dags/example_short_circuit_operator.py
[2025-02-28T22:36:00.310+0200] {processor.py:914} INFO - Processing file /Users/nampham/.pyenv/versions/3.12.9/lib/python3.12/site-packages/airflow/example_dags/example_short_circuit_operator.py for tasks to queue
[2025-02-28T22:36:00.310+0200] {logging_mixin.py:190} INFO - [2025-02-28T22:36:00.310+0200] {dagbag.py:588} INFO - Filling up the DagBag from /Users/nampham/.pyenv/versions/3.12.9/lib/python3.12/site-packages/airflow/example_dags/example_short_circuit_operator.py
[2025-02-28T22:36:00.343+0200] {processor.py:925} INFO - DAG(s) 'example_short_circuit_operator' retrieved from /Users/nampham/.pyenv/versions/3.12.9/lib/python3.12/site-packages/airflow/example_dags/example_short_circuit_operator.py
[2025-02-28T22:36:00.407+0200] {logging_mixin.py:190} INFO - [2025-02-28T22:36:00.407+0200] {override.py:1930} INFO - Created Permission View: can edit on DAG:example_short_circuit_operator
[2025-02-28T22:36:00.410+0200] {logging_mixin.py:190} INFO - [2025-02-28T22:36:00.410+0200] {override.py:1930} INFO - Created Permission View: can read on DAG:example_short_circuit_operator
[2025-02-28T22:36:00.412+0200] {logging_mixin.py:190} INFO - [2025-02-28T22:36:00.412+0200] {override.py:1930} INFO - Created Permission View: can delete on DAG:example_short_circuit_operator
[2025-02-28T22:36:00.414+0200] {logging_mixin.py:190} INFO - [2025-02-28T22:36:00.414+0200] {override.py:1930} INFO - Created Permission View: can create on DAG Run:example_short_circuit_operator
[2025-02-28T22:36:00.416+0200] {logging_mixin.py:190} INFO - [2025-02-28T22:36:00.416+0200] {override.py:1930} INFO - Created Permission View: menu access on DAG Run:example_short_circuit_operator
[2025-02-28T22:36:00.418+0200] {logging_mixin.py:190} INFO - [2025-02-28T22:36:00.418+0200] {override.py:1930} INFO - Created Permission View: can read on DAG Run:example_short_circuit_operator
[2025-02-28T22:36:00.420+0200] {logging_mixin.py:190} INFO - [2025-02-28T22:36:00.420+0200] {override.py:1930} INFO - Created Permission View: can delete on DAG Run:example_short_circuit_operator
[2025-02-28T22:36:00.420+0200] {logging_mixin.py:190} INFO - [2025-02-28T22:36:00.420+0200] {dag.py:3239} INFO - Sync 1 DAGs
[2025-02-28T22:36:00.423+0200] {logging_mixin.py:190} INFO - [2025-02-28T22:36:00.423+0200] {dag.py:3262} INFO - Creating ORM DAG for example_short_circuit_operator
[2025-02-28T22:36:00.424+0200] {logging_mixin.py:190} INFO - [2025-02-28T22:36:00.424+0200] {dag.py:4180} INFO - Setting next_dagrun for example_short_circuit_operator to None, run_after=None
[2025-02-28T22:36:00.430+0200] {processor.py:208} INFO - Processing /Users/nampham/.pyenv/versions/3.12.9/lib/python3.12/site-packages/airflow/example_dags/example_short_circuit_operator.py took 0.122 seconds
[2025-02-28T22:38:15.940+0200] {processor.py:186} INFO - Started process (PID=20274) to work on /Users/nampham/.pyenv/versions/3.12.9/lib/python3.12/site-packages/airflow/example_dags/example_short_circuit_operator.py
[2025-02-28T22:38:15.941+0200] {processor.py:914} INFO - Processing file /Users/nampham/.pyenv/versions/3.12.9/lib/python3.12/site-packages/airflow/example_dags/example_short_circuit_operator.py for tasks to queue
[2025-02-28T22:38:15.942+0200] {logging_mixin.py:190} INFO - [2025-02-28T22:38:15.942+0200] {dagbag.py:588} INFO - Filling up the DagBag from /Users/nampham/.pyenv/versions/3.12.9/lib/python3.12/site-packages/airflow/example_dags/example_short_circuit_operator.py
[2025-02-28T22:38:15.974+0200] {processor.py:925} INFO - DAG(s) 'example_short_circuit_operator' retrieved from /Users/nampham/.pyenv/versions/3.12.9/lib/python3.12/site-packages/airflow/example_dags/example_short_circuit_operator.py
[2025-02-28T22:38:16.009+0200] {logging_mixin.py:190} INFO - [2025-02-28T22:38:16.008+0200] {dag.py:3239} INFO - Sync 1 DAGs
[2025-02-28T22:38:16.012+0200] {logging_mixin.py:190} INFO - [2025-02-28T22:38:16.012+0200] {dag.py:4180} INFO - Setting next_dagrun for example_short_circuit_operator to None, run_after=None
[2025-02-28T22:38:16.018+0200] {processor.py:208} INFO - Processing /Users/nampham/.pyenv/versions/3.12.9/lib/python3.12/site-packages/airflow/example_dags/example_short_circuit_operator.py took 0.079 seconds
[2025-02-28T22:39:29.782+0200] {processor.py:186} INFO - Started process (PID=20522) to work on /Users/nampham/.pyenv/versions/3.12.9/lib/python3.12/site-packages/airflow/example_dags/example_short_circuit_operator.py
[2025-02-28T22:39:29.784+0200] {processor.py:914} INFO - Processing file /Users/nampham/.pyenv/versions/3.12.9/lib/python3.12/site-packages/airflow/example_dags/example_short_circuit_operator.py for tasks to queue
[2025-02-28T22:39:29.784+0200] {logging_mixin.py:190} INFO - [2025-02-28T22:39:29.784+0200] {dagbag.py:588} INFO - Filling up the DagBag from /Users/nampham/.pyenv/versions/3.12.9/lib/python3.12/site-packages/airflow/example_dags/example_short_circuit_operator.py
[2025-02-28T22:39:29.818+0200] {processor.py:925} INFO - DAG(s) 'example_short_circuit_operator' retrieved from /Users/nampham/.pyenv/versions/3.12.9/lib/python3.12/site-packages/airflow/example_dags/example_short_circuit_operator.py
[2025-02-28T22:39:29.852+0200] {logging_mixin.py:190} INFO - [2025-02-28T22:39:29.852+0200] {dag.py:3239} INFO - Sync 1 DAGs
[2025-02-28T22:39:29.856+0200] {logging_mixin.py:190} INFO - [2025-02-28T22:39:29.856+0200] {dag.py:4180} INFO - Setting next_dagrun for example_short_circuit_operator to None, run_after=None
[2025-02-28T22:39:29.862+0200] {processor.py:208} INFO - Processing /Users/nampham/.pyenv/versions/3.12.9/lib/python3.12/site-packages/airflow/example_dags/example_short_circuit_operator.py took 0.081 seconds
[2025-02-28T22:41:08.845+0200] {processor.py:186} INFO - Started process (PID=20842) to work on /Users/nampham/.pyenv/versions/3.12.9/lib/python3.12/site-packages/airflow/example_dags/example_short_circuit_operator.py
[2025-02-28T22:41:08.846+0200] {processor.py:914} INFO - Processing file /Users/nampham/.pyenv/versions/3.12.9/lib/python3.12/site-packages/airflow/example_dags/example_short_circuit_operator.py for tasks to queue
[2025-02-28T22:41:08.847+0200] {logging_mixin.py:190} INFO - [2025-02-28T22:41:08.847+0200] {dagbag.py:588} INFO - Filling up the DagBag from /Users/nampham/.pyenv/versions/3.12.9/lib/python3.12/site-packages/airflow/example_dags/example_short_circuit_operator.py
[2025-02-28T22:41:08.879+0200] {processor.py:925} INFO - DAG(s) 'example_short_circuit_operator' retrieved from /Users/nampham/.pyenv/versions/3.12.9/lib/python3.12/site-packages/airflow/example_dags/example_short_circuit_operator.py
[2025-02-28T22:41:08.914+0200] {logging_mixin.py:190} INFO - [2025-02-28T22:41:08.913+0200] {dag.py:3239} INFO - Sync 1 DAGs
[2025-02-28T22:41:08.917+0200] {logging_mixin.py:190} INFO - [2025-02-28T22:41:08.917+0200] {dag.py:4180} INFO - Setting next_dagrun for example_short_circuit_operator to None, run_after=None
[2025-02-28T22:41:08.923+0200] {processor.py:208} INFO - Processing /Users/nampham/.pyenv/versions/3.12.9/lib/python3.12/site-packages/airflow/example_dags/example_short_circuit_operator.py took 0.080 seconds
[2025-02-28T22:43:34.058+0200] {processor.py:186} INFO - Started process (PID=21360) to work on /Users/nampham/.pyenv/versions/3.12.9/lib/python3.12/site-packages/airflow/example_dags/example_short_circuit_operator.py
[2025-02-28T22:43:34.059+0200] {processor.py:914} INFO - Processing file /Users/nampham/.pyenv/versions/3.12.9/lib/python3.12/site-packages/airflow/example_dags/example_short_circuit_operator.py for tasks to queue
[2025-02-28T22:43:34.059+0200] {logging_mixin.py:190} INFO - [2025-02-28T22:43:34.059+0200] {dagbag.py:588} INFO - Filling up the DagBag from /Users/nampham/.pyenv/versions/3.12.9/lib/python3.12/site-packages/airflow/example_dags/example_short_circuit_operator.py
[2025-02-28T22:43:34.095+0200] {processor.py:925} INFO - DAG(s) 'example_short_circuit_operator' retrieved from /Users/nampham/.pyenv/versions/3.12.9/lib/python3.12/site-packages/airflow/example_dags/example_short_circuit_operator.py
[2025-02-28T22:43:34.131+0200] {logging_mixin.py:190} INFO - [2025-02-28T22:43:34.131+0200] {dag.py:3239} INFO - Sync 1 DAGs
[2025-02-28T22:43:34.135+0200] {logging_mixin.py:190} INFO - [2025-02-28T22:43:34.135+0200] {dag.py:4180} INFO - Setting next_dagrun for example_short_circuit_operator to None, run_after=None
[2025-02-28T22:43:34.141+0200] {processor.py:208} INFO - Processing /Users/nampham/.pyenv/versions/3.12.9/lib/python3.12/site-packages/airflow/example_dags/example_short_circuit_operator.py took 0.084 seconds
[2025-02-28T22:44:50.628+0200] {processor.py:186} INFO - Started process (PID=21641) to work on /Users/nampham/.pyenv/versions/3.12.9/lib/python3.12/site-packages/airflow/example_dags/example_short_circuit_operator.py
[2025-02-28T22:44:50.629+0200] {processor.py:914} INFO - Processing file /Users/nampham/.pyenv/versions/3.12.9/lib/python3.12/site-packages/airflow/example_dags/example_short_circuit_operator.py for tasks to queue
[2025-02-28T22:44:50.629+0200] {logging_mixin.py:190} INFO - [2025-02-28T22:44:50.629+0200] {dagbag.py:588} INFO - Filling up the DagBag from /Users/nampham/.pyenv/versions/3.12.9/lib/python3.12/site-packages/airflow/example_dags/example_short_circuit_operator.py
[2025-02-28T22:44:50.663+0200] {processor.py:925} INFO - DAG(s) 'example_short_circuit_operator' retrieved from /Users/nampham/.pyenv/versions/3.12.9/lib/python3.12/site-packages/airflow/example_dags/example_short_circuit_operator.py
[2025-02-28T22:44:50.697+0200] {logging_mixin.py:190} INFO - [2025-02-28T22:44:50.697+0200] {dag.py:3239} INFO - Sync 1 DAGs
[2025-02-28T22:44:50.701+0200] {logging_mixin.py:190} INFO - [2025-02-28T22:44:50.700+0200] {dag.py:4180} INFO - Setting next_dagrun for example_short_circuit_operator to None, run_after=None
[2025-02-28T22:44:50.707+0200] {processor.py:208} INFO - Processing /Users/nampham/.pyenv/versions/3.12.9/lib/python3.12/site-packages/airflow/example_dags/example_short_circuit_operator.py took 0.080 seconds
[2025-02-28T22:46:33.804+0200] {processor.py:186} INFO - Started process (PID=21981) to work on /Users/nampham/.pyenv/versions/3.12.9/lib/python3.12/site-packages/airflow/example_dags/example_short_circuit_operator.py
[2025-02-28T22:46:33.805+0200] {processor.py:914} INFO - Processing file /Users/nampham/.pyenv/versions/3.12.9/lib/python3.12/site-packages/airflow/example_dags/example_short_circuit_operator.py for tasks to queue
[2025-02-28T22:46:33.806+0200] {logging_mixin.py:190} INFO - [2025-02-28T22:46:33.806+0200] {dagbag.py:588} INFO - Filling up the DagBag from /Users/nampham/.pyenv/versions/3.12.9/lib/python3.12/site-packages/airflow/example_dags/example_short_circuit_operator.py
[2025-02-28T22:46:33.840+0200] {processor.py:925} INFO - DAG(s) 'example_short_circuit_operator' retrieved from /Users/nampham/.pyenv/versions/3.12.9/lib/python3.12/site-packages/airflow/example_dags/example_short_circuit_operator.py
[2025-02-28T22:46:33.875+0200] {logging_mixin.py:190} INFO - [2025-02-28T22:46:33.874+0200] {dag.py:3239} INFO - Sync 1 DAGs
[2025-02-28T22:46:33.878+0200] {logging_mixin.py:190} INFO - [2025-02-28T22:46:33.878+0200] {dag.py:4180} INFO - Setting next_dagrun for example_short_circuit_operator to None, run_after=None
[2025-02-28T22:46:33.884+0200] {processor.py:208} INFO - Processing /Users/nampham/.pyenv/versions/3.12.9/lib/python3.12/site-packages/airflow/example_dags/example_short_circuit_operator.py took 0.081 seconds
[2025-02-28T22:48:32.340+0200] {processor.py:186} INFO - Started process (PID=22284) to work on /Users/nampham/.pyenv/versions/3.12.9/lib/python3.12/site-packages/airflow/example_dags/example_short_circuit_operator.py
[2025-02-28T22:48:32.341+0200] {processor.py:914} INFO - Processing file /Users/nampham/.pyenv/versions/3.12.9/lib/python3.12/site-packages/airflow/example_dags/example_short_circuit_operator.py for tasks to queue
[2025-02-28T22:48:32.342+0200] {logging_mixin.py:190} INFO - [2025-02-28T22:48:32.341+0200] {dagbag.py:588} INFO - Filling up the DagBag from /Users/nampham/.pyenv/versions/3.12.9/lib/python3.12/site-packages/airflow/example_dags/example_short_circuit_operator.py
[2025-02-28T22:48:32.375+0200] {processor.py:925} INFO - DAG(s) 'example_short_circuit_operator' retrieved from /Users/nampham/.pyenv/versions/3.12.9/lib/python3.12/site-packages/airflow/example_dags/example_short_circuit_operator.py
[2025-02-28T22:48:32.409+0200] {logging_mixin.py:190} INFO - [2025-02-28T22:48:32.409+0200] {dag.py:3239} INFO - Sync 1 DAGs
[2025-02-28T22:48:32.413+0200] {logging_mixin.py:190} INFO - [2025-02-28T22:48:32.413+0200] {dag.py:4180} INFO - Setting next_dagrun for example_short_circuit_operator to None, run_after=None
[2025-02-28T22:48:32.419+0200] {processor.py:208} INFO - Processing /Users/nampham/.pyenv/versions/3.12.9/lib/python3.12/site-packages/airflow/example_dags/example_short_circuit_operator.py took 0.080 seconds
[2025-02-28T22:54:50.416+0200] {processor.py:186} INFO - Started process (PID=22738) to work on /Users/nampham/.pyenv/versions/3.12.9/lib/python3.12/site-packages/airflow/example_dags/example_short_circuit_operator.py
[2025-02-28T22:54:50.417+0200] {processor.py:914} INFO - Processing file /Users/nampham/.pyenv/versions/3.12.9/lib/python3.12/site-packages/airflow/example_dags/example_short_circuit_operator.py for tasks to queue
[2025-02-28T22:54:50.418+0200] {logging_mixin.py:190} INFO - [2025-02-28T22:54:50.417+0200] {dagbag.py:588} INFO - Filling up the DagBag from /Users/nampham/.pyenv/versions/3.12.9/lib/python3.12/site-packages/airflow/example_dags/example_short_circuit_operator.py
[2025-02-28T22:54:50.453+0200] {processor.py:925} INFO - DAG(s) 'example_short_circuit_operator' retrieved from /Users/nampham/.pyenv/versions/3.12.9/lib/python3.12/site-packages/airflow/example_dags/example_short_circuit_operator.py
[2025-02-28T22:54:50.487+0200] {logging_mixin.py:190} INFO - [2025-02-28T22:54:50.487+0200] {dag.py:3239} INFO - Sync 1 DAGs
[2025-02-28T22:54:50.491+0200] {logging_mixin.py:190} INFO - [2025-02-28T22:54:50.491+0200] {dag.py:4180} INFO - Setting next_dagrun for example_short_circuit_operator to None, run_after=None
[2025-02-28T22:54:50.497+0200] {processor.py:208} INFO - Processing /Users/nampham/.pyenv/versions/3.12.9/lib/python3.12/site-packages/airflow/example_dags/example_short_circuit_operator.py took 0.082 seconds
[2025-02-28T22:56:33.182+0200] {processor.py:186} INFO - Started process (PID=23074) to work on /Users/nampham/.pyenv/versions/3.12.9/lib/python3.12/site-packages/airflow/example_dags/example_short_circuit_operator.py
[2025-02-28T22:56:33.183+0200] {processor.py:914} INFO - Processing file /Users/nampham/.pyenv/versions/3.12.9/lib/python3.12/site-packages/airflow/example_dags/example_short_circuit_operator.py for tasks to queue
[2025-02-28T22:56:33.183+0200] {logging_mixin.py:190} INFO - [2025-02-28T22:56:33.183+0200] {dagbag.py:588} INFO - Filling up the DagBag from /Users/nampham/.pyenv/versions/3.12.9/lib/python3.12/site-packages/airflow/example_dags/example_short_circuit_operator.py
[2025-02-28T22:56:33.216+0200] {processor.py:925} INFO - DAG(s) 'example_short_circuit_operator' retrieved from /Users/nampham/.pyenv/versions/3.12.9/lib/python3.12/site-packages/airflow/example_dags/example_short_circuit_operator.py
[2025-02-28T22:56:33.250+0200] {logging_mixin.py:190} INFO - [2025-02-28T22:56:33.250+0200] {dag.py:3239} INFO - Sync 1 DAGs
[2025-02-28T22:56:33.254+0200] {logging_mixin.py:190} INFO - [2025-02-28T22:56:33.254+0200] {dag.py:4180} INFO - Setting next_dagrun for example_short_circuit_operator to None, run_after=None
[2025-02-28T22:56:33.260+0200] {processor.py:208} INFO - Processing /Users/nampham/.pyenv/versions/3.12.9/lib/python3.12/site-packages/airflow/example_dags/example_short_circuit_operator.py took 0.080 seconds
[2025-02-28T22:58:01.054+0200] {processor.py:186} INFO - Started process (PID=23364) to work on /Users/nampham/.pyenv/versions/3.12.9/lib/python3.12/site-packages/airflow/example_dags/example_short_circuit_operator.py
[2025-02-28T22:58:01.054+0200] {processor.py:914} INFO - Processing file /Users/nampham/.pyenv/versions/3.12.9/lib/python3.12/site-packages/airflow/example_dags/example_short_circuit_operator.py for tasks to queue
[2025-02-28T22:58:01.055+0200] {logging_mixin.py:190} INFO - [2025-02-28T22:58:01.054+0200] {dagbag.py:588} INFO - Filling up the DagBag from /Users/nampham/.pyenv/versions/3.12.9/lib/python3.12/site-packages/airflow/example_dags/example_short_circuit_operator.py
[2025-02-28T22:58:01.087+0200] {processor.py:925} INFO - DAG(s) 'example_short_circuit_operator' retrieved from /Users/nampham/.pyenv/versions/3.12.9/lib/python3.12/site-packages/airflow/example_dags/example_short_circuit_operator.py
[2025-02-28T22:58:01.121+0200] {logging_mixin.py:190} INFO - [2025-02-28T22:58:01.121+0200] {dag.py:3239} INFO - Sync 1 DAGs
[2025-02-28T22:58:01.125+0200] {logging_mixin.py:190} INFO - [2025-02-28T22:58:01.124+0200] {dag.py:4180} INFO - Setting next_dagrun for example_short_circuit_operator to None, run_after=None
[2025-02-28T22:58:01.131+0200] {processor.py:208} INFO - Processing /Users/nampham/.pyenv/versions/3.12.9/lib/python3.12/site-packages/airflow/example_dags/example_short_circuit_operator.py took 0.078 seconds
[2025-02-28T22:59:18.834+0200] {processor.py:186} INFO - Started process (PID=23614) to work on /Users/nampham/.pyenv/versions/3.12.9/lib/python3.12/site-packages/airflow/example_dags/example_short_circuit_operator.py
[2025-02-28T22:59:18.835+0200] {processor.py:914} INFO - Processing file /Users/nampham/.pyenv/versions/3.12.9/lib/python3.12/site-packages/airflow/example_dags/example_short_circuit_operator.py for tasks to queue
[2025-02-28T22:59:18.836+0200] {logging_mixin.py:190} INFO - [2025-02-28T22:59:18.836+0200] {dagbag.py:588} INFO - Filling up the DagBag from /Users/nampham/.pyenv/versions/3.12.9/lib/python3.12/site-packages/airflow/example_dags/example_short_circuit_operator.py
[2025-02-28T22:59:18.868+0200] {processor.py:925} INFO - DAG(s) 'example_short_circuit_operator' retrieved from /Users/nampham/.pyenv/versions/3.12.9/lib/python3.12/site-packages/airflow/example_dags/example_short_circuit_operator.py
[2025-02-28T22:59:18.904+0200] {logging_mixin.py:190} INFO - [2025-02-28T22:59:18.904+0200] {dag.py:3239} INFO - Sync 1 DAGs
[2025-02-28T22:59:18.908+0200] {logging_mixin.py:190} INFO - [2025-02-28T22:59:18.908+0200] {dag.py:4180} INFO - Setting next_dagrun for example_short_circuit_operator to None, run_after=None
[2025-02-28T22:59:18.914+0200] {processor.py:208} INFO - Processing /Users/nampham/.pyenv/versions/3.12.9/lib/python3.12/site-packages/airflow/example_dags/example_short_circuit_operator.py took 0.081 seconds
[2025-02-28T23:01:02.847+0200] {processor.py:186} INFO - Started process (PID=23980) to work on /Users/nampham/.pyenv/versions/3.12.9/lib/python3.12/site-packages/airflow/example_dags/example_short_circuit_operator.py
[2025-02-28T23:01:02.849+0200] {processor.py:914} INFO - Processing file /Users/nampham/.pyenv/versions/3.12.9/lib/python3.12/site-packages/airflow/example_dags/example_short_circuit_operator.py for tasks to queue
[2025-02-28T23:01:02.849+0200] {logging_mixin.py:190} INFO - [2025-02-28T23:01:02.849+0200] {dagbag.py:588} INFO - Filling up the DagBag from /Users/nampham/.pyenv/versions/3.12.9/lib/python3.12/site-packages/airflow/example_dags/example_short_circuit_operator.py
[2025-02-28T23:01:02.882+0200] {processor.py:925} INFO - DAG(s) 'example_short_circuit_operator' retrieved from /Users/nampham/.pyenv/versions/3.12.9/lib/python3.12/site-packages/airflow/example_dags/example_short_circuit_operator.py
[2025-02-28T23:01:02.916+0200] {logging_mixin.py:190} INFO - [2025-02-28T23:01:02.915+0200] {dag.py:3239} INFO - Sync 1 DAGs
[2025-02-28T23:01:02.919+0200] {logging_mixin.py:190} INFO - [2025-02-28T23:01:02.919+0200] {dag.py:4180} INFO - Setting next_dagrun for example_short_circuit_operator to None, run_after=None
[2025-02-28T23:01:02.925+0200] {processor.py:208} INFO - Processing /Users/nampham/.pyenv/versions/3.12.9/lib/python3.12/site-packages/airflow/example_dags/example_short_circuit_operator.py took 0.079 seconds
[2025-02-28T23:02:17.172+0200] {processor.py:186} INFO - Started process (PID=24244) to work on /Users/nampham/.pyenv/versions/3.12.9/lib/python3.12/site-packages/airflow/example_dags/example_short_circuit_operator.py
[2025-02-28T23:02:17.173+0200] {processor.py:914} INFO - Processing file /Users/nampham/.pyenv/versions/3.12.9/lib/python3.12/site-packages/airflow/example_dags/example_short_circuit_operator.py for tasks to queue
[2025-02-28T23:02:17.173+0200] {logging_mixin.py:190} INFO - [2025-02-28T23:02:17.173+0200] {dagbag.py:588} INFO - Filling up the DagBag from /Users/nampham/.pyenv/versions/3.12.9/lib/python3.12/site-packages/airflow/example_dags/example_short_circuit_operator.py
[2025-02-28T23:02:17.208+0200] {processor.py:925} INFO - DAG(s) 'example_short_circuit_operator' retrieved from /Users/nampham/.pyenv/versions/3.12.9/lib/python3.12/site-packages/airflow/example_dags/example_short_circuit_operator.py
[2025-02-28T23:02:17.244+0200] {logging_mixin.py:190} INFO - [2025-02-28T23:02:17.243+0200] {dag.py:3239} INFO - Sync 1 DAGs
[2025-02-28T23:02:17.247+0200] {logging_mixin.py:190} INFO - [2025-02-28T23:02:17.247+0200] {dag.py:4180} INFO - Setting next_dagrun for example_short_circuit_operator to None, run_after=None
[2025-02-28T23:02:17.253+0200] {processor.py:208} INFO - Processing /Users/nampham/.pyenv/versions/3.12.9/lib/python3.12/site-packages/airflow/example_dags/example_short_circuit_operator.py took 0.083 seconds
