[2025-02-28T18:25:14.961+0200] {processor.py:186} INFO - Started process (PID=93269) to work on /Users/nampham/.pyenv/versions/3.12.9/lib/python3.12/site-packages/airflow/example_dags/example_params_ui_tutorial.py
[2025-02-28T18:25:14.962+0200] {processor.py:914} INFO - Processing file /Users/nampham/.pyenv/versions/3.12.9/lib/python3.12/site-packages/airflow/example_dags/example_params_ui_tutorial.py for tasks to queue
[2025-02-28T18:25:14.962+0200] {logging_mixin.py:190} INFO - [2025-02-28T18:25:14.962+0200] {dagbag.py:588} INFO - Filling up the DagBag from /Users/nampham/.pyenv/versions/3.12.9/lib/python3.12/site-packages/airflow/example_dags/example_params_ui_tutorial.py
[2025-02-28T18:25:15.000+0200] {processor.py:925} INFO - DAG(s) 'example_params_ui_tutorial' retrieved from /Users/nampham/.pyenv/versions/3.12.9/lib/python3.12/site-packages/airflow/example_dags/example_params_ui_tutorial.py
[2025-02-28T18:25:15.073+0200] {logging_mixin.py:190} INFO - [2025-02-28T18:25:15.073+0200] {override.py:1930} INFO - Created Permission View: can edit on DAG:example_params_ui_tutorial
[2025-02-28T18:25:15.076+0200] {logging_mixin.py:190} INFO - [2025-02-28T18:25:15.076+0200] {override.py:1930} INFO - Created Permission View: can read on DAG:example_params_ui_tutorial
[2025-02-28T18:25:15.078+0200] {logging_mixin.py:190} INFO - [2025-02-28T18:25:15.077+0200] {override.py:1930} INFO - Created Permission View: can delete on DAG:example_params_ui_tutorial
[2025-02-28T18:25:15.080+0200] {logging_mixin.py:190} INFO - [2025-02-28T18:25:15.080+0200] {override.py:1930} INFO - Created Permission View: menu access on DAG Run:example_params_ui_tutorial
[2025-02-28T18:25:15.082+0200] {logging_mixin.py:190} INFO - [2025-02-28T18:25:15.082+0200] {override.py:1930} INFO - Created Permission View: can read on DAG Run:example_params_ui_tutorial
[2025-02-28T18:25:15.084+0200] {logging_mixin.py:190} INFO - [2025-02-28T18:25:15.084+0200] {override.py:1930} INFO - Created Permission View: can delete on DAG Run:example_params_ui_tutorial
[2025-02-28T18:25:15.086+0200] {logging_mixin.py:190} INFO - [2025-02-28T18:25:15.086+0200] {override.py:1930} INFO - Created Permission View: can create on DAG Run:example_params_ui_tutorial
[2025-02-28T18:25:15.086+0200] {logging_mixin.py:190} INFO - [2025-02-28T18:25:15.086+0200] {dag.py:3239} INFO - Sync 1 DAGs
[2025-02-28T18:25:15.090+0200] {logging_mixin.py:190} INFO - [2025-02-28T18:25:15.090+0200] {dag.py:3262} INFO - Creating ORM DAG for example_params_ui_tutorial
[2025-02-28T18:25:15.090+0200] {logging_mixin.py:190} INFO - [2025-02-28T18:25:15.090+0200] {dag.py:4180} INFO - Setting next_dagrun for example_params_ui_tutorial to None, run_after=None
[2025-02-28T18:25:15.095+0200] {processor.py:208} INFO - Processing /Users/nampham/.pyenv/versions/3.12.9/lib/python3.12/site-packages/airflow/example_dags/example_params_ui_tutorial.py took 0.135 seconds
[2025-02-28T18:27:05.275+0200] {processor.py:186} INFO - Started process (PID=93712) to work on /Users/nampham/.pyenv/versions/3.12.9/lib/python3.12/site-packages/airflow/example_dags/example_params_ui_tutorial.py
[2025-02-28T18:27:05.276+0200] {processor.py:914} INFO - Processing file /Users/nampham/.pyenv/versions/3.12.9/lib/python3.12/site-packages/airflow/example_dags/example_params_ui_tutorial.py for tasks to queue
[2025-02-28T18:27:05.277+0200] {logging_mixin.py:190} INFO - [2025-02-28T18:27:05.277+0200] {dagbag.py:588} INFO - Filling up the DagBag from /Users/nampham/.pyenv/versions/3.12.9/lib/python3.12/site-packages/airflow/example_dags/example_params_ui_tutorial.py
[2025-02-28T18:27:05.321+0200] {processor.py:925} INFO - DAG(s) 'example_params_ui_tutorial' retrieved from /Users/nampham/.pyenv/versions/3.12.9/lib/python3.12/site-packages/airflow/example_dags/example_params_ui_tutorial.py
[2025-02-28T18:27:05.372+0200] {logging_mixin.py:190} INFO - [2025-02-28T18:27:05.372+0200] {dag.py:3239} INFO - Sync 1 DAGs
[2025-02-28T18:27:05.376+0200] {logging_mixin.py:190} INFO - [2025-02-28T18:27:05.376+0200] {dag.py:4180} INFO - Setting next_dagrun for example_params_ui_tutorial to None, run_after=None
[2025-02-28T18:27:05.384+0200] {processor.py:208} INFO - Processing /Users/nampham/.pyenv/versions/3.12.9/lib/python3.12/site-packages/airflow/example_dags/example_params_ui_tutorial.py took 0.111 seconds
[2025-02-28T18:29:45.704+0200] {processor.py:186} INFO - Started process (PID=94364) to work on /Users/nampham/.pyenv/versions/3.12.9/lib/python3.12/site-packages/airflow/example_dags/example_params_ui_tutorial.py
[2025-02-28T18:29:45.705+0200] {processor.py:914} INFO - Processing file /Users/nampham/.pyenv/versions/3.12.9/lib/python3.12/site-packages/airflow/example_dags/example_params_ui_tutorial.py for tasks to queue
[2025-02-28T18:29:45.706+0200] {logging_mixin.py:190} INFO - [2025-02-28T18:29:45.706+0200] {dagbag.py:588} INFO - Filling up the DagBag from /Users/nampham/.pyenv/versions/3.12.9/lib/python3.12/site-packages/airflow/example_dags/example_params_ui_tutorial.py
[2025-02-28T18:29:45.749+0200] {processor.py:925} INFO - DAG(s) 'example_params_ui_tutorial' retrieved from /Users/nampham/.pyenv/versions/3.12.9/lib/python3.12/site-packages/airflow/example_dags/example_params_ui_tutorial.py
[2025-02-28T18:29:45.803+0200] {logging_mixin.py:190} INFO - [2025-02-28T18:29:45.803+0200] {dag.py:3239} INFO - Sync 1 DAGs
[2025-02-28T18:29:45.812+0200] {logging_mixin.py:190} INFO - [2025-02-28T18:29:45.811+0200] {dag.py:4180} INFO - Setting next_dagrun for example_params_ui_tutorial to None, run_after=None
[2025-02-28T18:29:45.821+0200] {processor.py:208} INFO - Processing /Users/nampham/.pyenv/versions/3.12.9/lib/python3.12/site-packages/airflow/example_dags/example_params_ui_tutorial.py took 0.119 seconds
[2025-02-28T20:11:30.730+0200] {processor.py:186} INFO - Started process (PID=97375) to work on /Users/nampham/.pyenv/versions/3.12.9/lib/python3.12/site-packages/airflow/example_dags/example_params_ui_tutorial.py
[2025-02-28T20:11:30.731+0200] {processor.py:914} INFO - Processing file /Users/nampham/.pyenv/versions/3.12.9/lib/python3.12/site-packages/airflow/example_dags/example_params_ui_tutorial.py for tasks to queue
[2025-02-28T20:11:30.732+0200] {logging_mixin.py:190} INFO - [2025-02-28T20:11:30.731+0200] {dagbag.py:588} INFO - Filling up the DagBag from /Users/nampham/.pyenv/versions/3.12.9/lib/python3.12/site-packages/airflow/example_dags/example_params_ui_tutorial.py
[2025-02-28T20:11:30.769+0200] {processor.py:925} INFO - DAG(s) 'example_params_ui_tutorial' retrieved from /Users/nampham/.pyenv/versions/3.12.9/lib/python3.12/site-packages/airflow/example_dags/example_params_ui_tutorial.py
[2025-02-28T20:11:30.842+0200] {logging_mixin.py:190} INFO - [2025-02-28T20:11:30.842+0200] {dag.py:3239} INFO - Sync 1 DAGs
[2025-02-28T20:11:30.846+0200] {logging_mixin.py:190} INFO - [2025-02-28T20:11:30.846+0200] {dag.py:4180} INFO - Setting next_dagrun for example_params_ui_tutorial to None, run_after=None
[2025-02-28T20:11:30.853+0200] {processor.py:208} INFO - Processing /Users/nampham/.pyenv/versions/3.12.9/lib/python3.12/site-packages/airflow/example_dags/example_params_ui_tutorial.py took 0.124 seconds
[2025-02-28T20:13:18.963+0200] {processor.py:186} INFO - Started process (PID=97999) to work on /Users/nampham/.pyenv/versions/3.12.9/lib/python3.12/site-packages/airflow/example_dags/example_params_ui_tutorial.py
[2025-02-28T20:13:18.965+0200] {processor.py:914} INFO - Processing file /Users/nampham/.pyenv/versions/3.12.9/lib/python3.12/site-packages/airflow/example_dags/example_params_ui_tutorial.py for tasks to queue
[2025-02-28T20:13:18.965+0200] {logging_mixin.py:190} INFO - [2025-02-28T20:13:18.965+0200] {dagbag.py:588} INFO - Filling up the DagBag from /Users/nampham/.pyenv/versions/3.12.9/lib/python3.12/site-packages/airflow/example_dags/example_params_ui_tutorial.py
[2025-02-28T20:13:19.002+0200] {processor.py:925} INFO - DAG(s) 'example_params_ui_tutorial' retrieved from /Users/nampham/.pyenv/versions/3.12.9/lib/python3.12/site-packages/airflow/example_dags/example_params_ui_tutorial.py
[2025-02-28T20:13:19.045+0200] {logging_mixin.py:190} INFO - [2025-02-28T20:13:19.044+0200] {dag.py:3239} INFO - Sync 1 DAGs
[2025-02-28T20:13:19.048+0200] {logging_mixin.py:190} INFO - [2025-02-28T20:13:19.048+0200] {dag.py:4180} INFO - Setting next_dagrun for example_params_ui_tutorial to None, run_after=None
[2025-02-28T20:13:19.054+0200] {processor.py:208} INFO - Processing /Users/nampham/.pyenv/versions/3.12.9/lib/python3.12/site-packages/airflow/example_dags/example_params_ui_tutorial.py took 0.092 seconds
[2025-02-28T20:15:06.657+0200] {processor.py:186} INFO - Started process (PID=98423) to work on /Users/nampham/.pyenv/versions/3.12.9/lib/python3.12/site-packages/airflow/example_dags/example_params_ui_tutorial.py
[2025-02-28T20:15:06.658+0200] {processor.py:914} INFO - Processing file /Users/nampham/.pyenv/versions/3.12.9/lib/python3.12/site-packages/airflow/example_dags/example_params_ui_tutorial.py for tasks to queue
[2025-02-28T20:15:06.658+0200] {logging_mixin.py:190} INFO - [2025-02-28T20:15:06.658+0200] {dagbag.py:588} INFO - Filling up the DagBag from /Users/nampham/.pyenv/versions/3.12.9/lib/python3.12/site-packages/airflow/example_dags/example_params_ui_tutorial.py
[2025-02-28T20:15:06.699+0200] {processor.py:925} INFO - DAG(s) 'example_params_ui_tutorial' retrieved from /Users/nampham/.pyenv/versions/3.12.9/lib/python3.12/site-packages/airflow/example_dags/example_params_ui_tutorial.py
[2025-02-28T20:15:06.743+0200] {logging_mixin.py:190} INFO - [2025-02-28T20:15:06.743+0200] {dag.py:3239} INFO - Sync 1 DAGs
[2025-02-28T20:15:06.746+0200] {logging_mixin.py:190} INFO - [2025-02-28T20:15:06.746+0200] {dag.py:4180} INFO - Setting next_dagrun for example_params_ui_tutorial to None, run_after=None
[2025-02-28T20:15:06.753+0200] {processor.py:208} INFO - Processing /Users/nampham/.pyenv/versions/3.12.9/lib/python3.12/site-packages/airflow/example_dags/example_params_ui_tutorial.py took 0.098 seconds
[2025-02-28T20:17:43.918+0200] {processor.py:186} INFO - Started process (PID=99002) to work on /Users/nampham/.pyenv/versions/3.12.9/lib/python3.12/site-packages/airflow/example_dags/example_params_ui_tutorial.py
[2025-02-28T20:17:43.919+0200] {processor.py:914} INFO - Processing file /Users/nampham/.pyenv/versions/3.12.9/lib/python3.12/site-packages/airflow/example_dags/example_params_ui_tutorial.py for tasks to queue
[2025-02-28T20:17:43.920+0200] {logging_mixin.py:190} INFO - [2025-02-28T20:17:43.919+0200] {dagbag.py:588} INFO - Filling up the DagBag from /Users/nampham/.pyenv/versions/3.12.9/lib/python3.12/site-packages/airflow/example_dags/example_params_ui_tutorial.py
[2025-02-28T20:17:43.957+0200] {processor.py:925} INFO - DAG(s) 'example_params_ui_tutorial' retrieved from /Users/nampham/.pyenv/versions/3.12.9/lib/python3.12/site-packages/airflow/example_dags/example_params_ui_tutorial.py
[2025-02-28T20:17:44.000+0200] {logging_mixin.py:190} INFO - [2025-02-28T20:17:44.000+0200] {dag.py:3239} INFO - Sync 1 DAGs
[2025-02-28T20:17:44.004+0200] {logging_mixin.py:190} INFO - [2025-02-28T20:17:44.004+0200] {dag.py:4180} INFO - Setting next_dagrun for example_params_ui_tutorial to None, run_after=None
[2025-02-28T20:17:44.010+0200] {processor.py:208} INFO - Processing /Users/nampham/.pyenv/versions/3.12.9/lib/python3.12/site-packages/airflow/example_dags/example_params_ui_tutorial.py took 0.093 seconds
[2025-02-28T20:18:59.207+0200] {processor.py:186} INFO - Started process (PID=99364) to work on /Users/nampham/.pyenv/versions/3.12.9/lib/python3.12/site-packages/airflow/example_dags/example_params_ui_tutorial.py
[2025-02-28T20:18:59.208+0200] {processor.py:914} INFO - Processing file /Users/nampham/.pyenv/versions/3.12.9/lib/python3.12/site-packages/airflow/example_dags/example_params_ui_tutorial.py for tasks to queue
[2025-02-28T20:18:59.209+0200] {logging_mixin.py:190} INFO - [2025-02-28T20:18:59.209+0200] {dagbag.py:588} INFO - Filling up the DagBag from /Users/nampham/.pyenv/versions/3.12.9/lib/python3.12/site-packages/airflow/example_dags/example_params_ui_tutorial.py
[2025-02-28T20:18:59.247+0200] {processor.py:925} INFO - DAG(s) 'example_params_ui_tutorial' retrieved from /Users/nampham/.pyenv/versions/3.12.9/lib/python3.12/site-packages/airflow/example_dags/example_params_ui_tutorial.py
[2025-02-28T20:18:59.289+0200] {logging_mixin.py:190} INFO - [2025-02-28T20:18:59.289+0200] {dag.py:3239} INFO - Sync 1 DAGs
[2025-02-28T20:18:59.293+0200] {logging_mixin.py:190} INFO - [2025-02-28T20:18:59.293+0200] {dag.py:4180} INFO - Setting next_dagrun for example_params_ui_tutorial to None, run_after=None
[2025-02-28T20:18:59.299+0200] {processor.py:208} INFO - Processing /Users/nampham/.pyenv/versions/3.12.9/lib/python3.12/site-packages/airflow/example_dags/example_params_ui_tutorial.py took 0.094 seconds
[2025-02-28T20:20:50.084+0200] {processor.py:186} INFO - Started process (PID=99805) to work on /Users/nampham/.pyenv/versions/3.12.9/lib/python3.12/site-packages/airflow/example_dags/example_params_ui_tutorial.py
[2025-02-28T20:20:50.085+0200] {processor.py:914} INFO - Processing file /Users/nampham/.pyenv/versions/3.12.9/lib/python3.12/site-packages/airflow/example_dags/example_params_ui_tutorial.py for tasks to queue
[2025-02-28T20:20:50.085+0200] {logging_mixin.py:190} INFO - [2025-02-28T20:20:50.085+0200] {dagbag.py:588} INFO - Filling up the DagBag from /Users/nampham/.pyenv/versions/3.12.9/lib/python3.12/site-packages/airflow/example_dags/example_params_ui_tutorial.py
[2025-02-28T20:20:50.128+0200] {processor.py:925} INFO - DAG(s) 'example_params_ui_tutorial' retrieved from /Users/nampham/.pyenv/versions/3.12.9/lib/python3.12/site-packages/airflow/example_dags/example_params_ui_tutorial.py
[2025-02-28T20:20:50.172+0200] {logging_mixin.py:190} INFO - [2025-02-28T20:20:50.172+0200] {dag.py:3239} INFO - Sync 1 DAGs
[2025-02-28T20:20:50.176+0200] {logging_mixin.py:190} INFO - [2025-02-28T20:20:50.176+0200] {dag.py:4180} INFO - Setting next_dagrun for example_params_ui_tutorial to None, run_after=None
[2025-02-28T20:20:50.182+0200] {processor.py:208} INFO - Processing /Users/nampham/.pyenv/versions/3.12.9/lib/python3.12/site-packages/airflow/example_dags/example_params_ui_tutorial.py took 0.100 seconds
[2025-02-28T20:23:21.107+0200] {processor.py:186} INFO - Started process (PID=501) to work on /Users/nampham/.pyenv/versions/3.12.9/lib/python3.12/site-packages/airflow/example_dags/example_params_ui_tutorial.py
[2025-02-28T20:23:21.108+0200] {processor.py:914} INFO - Processing file /Users/nampham/.pyenv/versions/3.12.9/lib/python3.12/site-packages/airflow/example_dags/example_params_ui_tutorial.py for tasks to queue
[2025-02-28T20:23:21.108+0200] {logging_mixin.py:190} INFO - [2025-02-28T20:23:21.108+0200] {dagbag.py:588} INFO - Filling up the DagBag from /Users/nampham/.pyenv/versions/3.12.9/lib/python3.12/site-packages/airflow/example_dags/example_params_ui_tutorial.py
[2025-02-28T20:23:21.145+0200] {processor.py:925} INFO - DAG(s) 'example_params_ui_tutorial' retrieved from /Users/nampham/.pyenv/versions/3.12.9/lib/python3.12/site-packages/airflow/example_dags/example_params_ui_tutorial.py
[2025-02-28T20:23:21.188+0200] {logging_mixin.py:190} INFO - [2025-02-28T20:23:21.188+0200] {dag.py:3239} INFO - Sync 1 DAGs
[2025-02-28T20:23:21.191+0200] {logging_mixin.py:190} INFO - [2025-02-28T20:23:21.191+0200] {dag.py:4180} INFO - Setting next_dagrun for example_params_ui_tutorial to None, run_after=None
[2025-02-28T20:23:21.198+0200] {processor.py:208} INFO - Processing /Users/nampham/.pyenv/versions/3.12.9/lib/python3.12/site-packages/airflow/example_dags/example_params_ui_tutorial.py took 0.092 seconds
[2025-02-28T21:28:11.865+0200] {processor.py:186} INFO - Started process (PID=5594) to work on /Users/nampham/.pyenv/versions/3.12.9/lib/python3.12/site-packages/airflow/example_dags/example_params_ui_tutorial.py
[2025-02-28T21:28:11.866+0200] {processor.py:914} INFO - Processing file /Users/nampham/.pyenv/versions/3.12.9/lib/python3.12/site-packages/airflow/example_dags/example_params_ui_tutorial.py for tasks to queue
[2025-02-28T21:28:11.866+0200] {logging_mixin.py:190} INFO - [2025-02-28T21:28:11.866+0200] {dagbag.py:588} INFO - Filling up the DagBag from /Users/nampham/.pyenv/versions/3.12.9/lib/python3.12/site-packages/airflow/example_dags/example_params_ui_tutorial.py
[2025-02-28T21:28:11.905+0200] {processor.py:925} INFO - DAG(s) 'example_params_ui_tutorial' retrieved from /Users/nampham/.pyenv/versions/3.12.9/lib/python3.12/site-packages/airflow/example_dags/example_params_ui_tutorial.py
[2025-02-28T21:28:11.947+0200] {logging_mixin.py:190} INFO - [2025-02-28T21:28:11.947+0200] {dag.py:3239} INFO - Sync 1 DAGs
[2025-02-28T21:28:11.951+0200] {logging_mixin.py:190} INFO - [2025-02-28T21:28:11.951+0200] {dag.py:4180} INFO - Setting next_dagrun for example_params_ui_tutorial to None, run_after=None
[2025-02-28T21:28:11.958+0200] {processor.py:208} INFO - Processing /Users/nampham/.pyenv/versions/3.12.9/lib/python3.12/site-packages/airflow/example_dags/example_params_ui_tutorial.py took 0.094 seconds
[2025-02-28T21:30:57.620+0200] {processor.py:186} INFO - Started process (PID=6246) to work on /Users/nampham/.pyenv/versions/3.12.9/lib/python3.12/site-packages/airflow/example_dags/example_params_ui_tutorial.py
[2025-02-28T21:30:57.622+0200] {processor.py:914} INFO - Processing file /Users/nampham/.pyenv/versions/3.12.9/lib/python3.12/site-packages/airflow/example_dags/example_params_ui_tutorial.py for tasks to queue
[2025-02-28T21:30:57.622+0200] {logging_mixin.py:190} INFO - [2025-02-28T21:30:57.622+0200] {dagbag.py:588} INFO - Filling up the DagBag from /Users/nampham/.pyenv/versions/3.12.9/lib/python3.12/site-packages/airflow/example_dags/example_params_ui_tutorial.py
[2025-02-28T21:30:57.660+0200] {processor.py:925} INFO - DAG(s) 'example_params_ui_tutorial' retrieved from /Users/nampham/.pyenv/versions/3.12.9/lib/python3.12/site-packages/airflow/example_dags/example_params_ui_tutorial.py
[2025-02-28T21:30:57.702+0200] {logging_mixin.py:190} INFO - [2025-02-28T21:30:57.702+0200] {dag.py:3239} INFO - Sync 1 DAGs
[2025-02-28T21:30:57.705+0200] {logging_mixin.py:190} INFO - [2025-02-28T21:30:57.705+0200] {dag.py:4180} INFO - Setting next_dagrun for example_params_ui_tutorial to None, run_after=None
[2025-02-28T21:30:57.712+0200] {processor.py:208} INFO - Processing /Users/nampham/.pyenv/versions/3.12.9/lib/python3.12/site-packages/airflow/example_dags/example_params_ui_tutorial.py took 0.093 seconds
[2025-02-28T21:32:45.992+0200] {processor.py:186} INFO - Started process (PID=6812) to work on /Users/nampham/.pyenv/versions/3.12.9/lib/python3.12/site-packages/airflow/example_dags/example_params_ui_tutorial.py
[2025-02-28T21:32:45.993+0200] {processor.py:914} INFO - Processing file /Users/nampham/.pyenv/versions/3.12.9/lib/python3.12/site-packages/airflow/example_dags/example_params_ui_tutorial.py for tasks to queue
[2025-02-28T21:32:45.994+0200] {logging_mixin.py:190} INFO - [2025-02-28T21:32:45.993+0200] {dagbag.py:588} INFO - Filling up the DagBag from /Users/nampham/.pyenv/versions/3.12.9/lib/python3.12/site-packages/airflow/example_dags/example_params_ui_tutorial.py
[2025-02-28T21:32:46.036+0200] {processor.py:925} INFO - DAG(s) 'example_params_ui_tutorial' retrieved from /Users/nampham/.pyenv/versions/3.12.9/lib/python3.12/site-packages/airflow/example_dags/example_params_ui_tutorial.py
[2025-02-28T21:32:46.079+0200] {logging_mixin.py:190} INFO - [2025-02-28T21:32:46.079+0200] {dag.py:3239} INFO - Sync 1 DAGs
[2025-02-28T21:32:46.083+0200] {logging_mixin.py:190} INFO - [2025-02-28T21:32:46.083+0200] {dag.py:4180} INFO - Setting next_dagrun for example_params_ui_tutorial to None, run_after=None
[2025-02-28T21:32:46.089+0200] {processor.py:208} INFO - Processing /Users/nampham/.pyenv/versions/3.12.9/lib/python3.12/site-packages/airflow/example_dags/example_params_ui_tutorial.py took 0.099 seconds
[2025-02-28T21:35:22.129+0200] {processor.py:186} INFO - Started process (PID=7467) to work on /Users/nampham/.pyenv/versions/3.12.9/lib/python3.12/site-packages/airflow/example_dags/example_params_ui_tutorial.py
[2025-02-28T21:35:22.131+0200] {processor.py:914} INFO - Processing file /Users/nampham/.pyenv/versions/3.12.9/lib/python3.12/site-packages/airflow/example_dags/example_params_ui_tutorial.py for tasks to queue
[2025-02-28T21:35:22.131+0200] {logging_mixin.py:190} INFO - [2025-02-28T21:35:22.131+0200] {dagbag.py:588} INFO - Filling up the DagBag from /Users/nampham/.pyenv/versions/3.12.9/lib/python3.12/site-packages/airflow/example_dags/example_params_ui_tutorial.py
[2025-02-28T21:35:22.169+0200] {processor.py:925} INFO - DAG(s) 'example_params_ui_tutorial' retrieved from /Users/nampham/.pyenv/versions/3.12.9/lib/python3.12/site-packages/airflow/example_dags/example_params_ui_tutorial.py
[2025-02-28T21:35:22.211+0200] {logging_mixin.py:190} INFO - [2025-02-28T21:35:22.211+0200] {dag.py:3239} INFO - Sync 1 DAGs
[2025-02-28T21:35:22.215+0200] {logging_mixin.py:190} INFO - [2025-02-28T21:35:22.215+0200] {dag.py:4180} INFO - Setting next_dagrun for example_params_ui_tutorial to None, run_after=None
[2025-02-28T21:35:22.221+0200] {processor.py:208} INFO - Processing /Users/nampham/.pyenv/versions/3.12.9/lib/python3.12/site-packages/airflow/example_dags/example_params_ui_tutorial.py took 0.093 seconds
[2025-02-28T21:37:20.914+0200] {processor.py:186} INFO - Started process (PID=7971) to work on /Users/nampham/.pyenv/versions/3.12.9/lib/python3.12/site-packages/airflow/example_dags/example_params_ui_tutorial.py
[2025-02-28T21:37:20.915+0200] {processor.py:914} INFO - Processing file /Users/nampham/.pyenv/versions/3.12.9/lib/python3.12/site-packages/airflow/example_dags/example_params_ui_tutorial.py for tasks to queue
[2025-02-28T21:37:20.916+0200] {logging_mixin.py:190} INFO - [2025-02-28T21:37:20.916+0200] {dagbag.py:588} INFO - Filling up the DagBag from /Users/nampham/.pyenv/versions/3.12.9/lib/python3.12/site-packages/airflow/example_dags/example_params_ui_tutorial.py
[2025-02-28T21:37:20.953+0200] {processor.py:925} INFO - DAG(s) 'example_params_ui_tutorial' retrieved from /Users/nampham/.pyenv/versions/3.12.9/lib/python3.12/site-packages/airflow/example_dags/example_params_ui_tutorial.py
[2025-02-28T21:37:21.028+0200] {logging_mixin.py:190} INFO - [2025-02-28T21:37:21.028+0200] {override.py:1930} INFO - Created Permission View: can edit on DAG:example_params_ui_tutorial
[2025-02-28T21:37:21.031+0200] {logging_mixin.py:190} INFO - [2025-02-28T21:37:21.031+0200] {override.py:1930} INFO - Created Permission View: can read on DAG:example_params_ui_tutorial
[2025-02-28T21:37:21.033+0200] {logging_mixin.py:190} INFO - [2025-02-28T21:37:21.033+0200] {override.py:1930} INFO - Created Permission View: can delete on DAG:example_params_ui_tutorial
[2025-02-28T21:37:21.036+0200] {logging_mixin.py:190} INFO - [2025-02-28T21:37:21.036+0200] {override.py:1930} INFO - Created Permission View: menu access on DAG Run:example_params_ui_tutorial
[2025-02-28T21:37:21.038+0200] {logging_mixin.py:190} INFO - [2025-02-28T21:37:21.038+0200] {override.py:1930} INFO - Created Permission View: can read on DAG Run:example_params_ui_tutorial
[2025-02-28T21:37:21.040+0200] {logging_mixin.py:190} INFO - [2025-02-28T21:37:21.040+0200] {override.py:1930} INFO - Created Permission View: can delete on DAG Run:example_params_ui_tutorial
[2025-02-28T21:37:21.042+0200] {logging_mixin.py:190} INFO - [2025-02-28T21:37:21.042+0200] {override.py:1930} INFO - Created Permission View: can create on DAG Run:example_params_ui_tutorial
[2025-02-28T21:37:21.042+0200] {logging_mixin.py:190} INFO - [2025-02-28T21:37:21.042+0200] {dag.py:3239} INFO - Sync 1 DAGs
[2025-02-28T21:37:21.046+0200] {logging_mixin.py:190} INFO - [2025-02-28T21:37:21.046+0200] {dag.py:3262} INFO - Creating ORM DAG for example_params_ui_tutorial
[2025-02-28T21:37:21.046+0200] {logging_mixin.py:190} INFO - [2025-02-28T21:37:21.046+0200] {dag.py:4180} INFO - Setting next_dagrun for example_params_ui_tutorial to None, run_after=None
[2025-02-28T21:37:21.051+0200] {processor.py:208} INFO - Processing /Users/nampham/.pyenv/versions/3.12.9/lib/python3.12/site-packages/airflow/example_dags/example_params_ui_tutorial.py took 0.138 seconds
[2025-02-28T21:39:10.480+0200] {processor.py:186} INFO - Started process (PID=8389) to work on /Users/nampham/.pyenv/versions/3.12.9/lib/python3.12/site-packages/airflow/example_dags/example_params_ui_tutorial.py
[2025-02-28T21:39:10.481+0200] {processor.py:914} INFO - Processing file /Users/nampham/.pyenv/versions/3.12.9/lib/python3.12/site-packages/airflow/example_dags/example_params_ui_tutorial.py for tasks to queue
[2025-02-28T21:39:10.481+0200] {logging_mixin.py:190} INFO - [2025-02-28T21:39:10.481+0200] {dagbag.py:588} INFO - Filling up the DagBag from /Users/nampham/.pyenv/versions/3.12.9/lib/python3.12/site-packages/airflow/example_dags/example_params_ui_tutorial.py
[2025-02-28T21:39:10.519+0200] {processor.py:925} INFO - DAG(s) 'example_params_ui_tutorial' retrieved from /Users/nampham/.pyenv/versions/3.12.9/lib/python3.12/site-packages/airflow/example_dags/example_params_ui_tutorial.py
[2025-02-28T21:39:10.561+0200] {logging_mixin.py:190} INFO - [2025-02-28T21:39:10.561+0200] {dag.py:3239} INFO - Sync 1 DAGs
[2025-02-28T21:39:10.565+0200] {logging_mixin.py:190} INFO - [2025-02-28T21:39:10.565+0200] {dag.py:4180} INFO - Setting next_dagrun for example_params_ui_tutorial to None, run_after=None
[2025-02-28T21:39:10.571+0200] {processor.py:208} INFO - Processing /Users/nampham/.pyenv/versions/3.12.9/lib/python3.12/site-packages/airflow/example_dags/example_params_ui_tutorial.py took 0.092 seconds
[2025-02-28T21:43:55.061+0200] {processor.py:186} INFO - Started process (PID=9665) to work on /Users/nampham/.pyenv/versions/3.12.9/lib/python3.12/site-packages/airflow/example_dags/example_params_ui_tutorial.py
[2025-02-28T21:43:55.062+0200] {processor.py:914} INFO - Processing file /Users/nampham/.pyenv/versions/3.12.9/lib/python3.12/site-packages/airflow/example_dags/example_params_ui_tutorial.py for tasks to queue
[2025-02-28T21:43:55.063+0200] {logging_mixin.py:190} INFO - [2025-02-28T21:43:55.063+0200] {dagbag.py:588} INFO - Filling up the DagBag from /Users/nampham/.pyenv/versions/3.12.9/lib/python3.12/site-packages/airflow/example_dags/example_params_ui_tutorial.py
[2025-02-28T21:43:55.101+0200] {processor.py:925} INFO - DAG(s) 'example_params_ui_tutorial' retrieved from /Users/nampham/.pyenv/versions/3.12.9/lib/python3.12/site-packages/airflow/example_dags/example_params_ui_tutorial.py
[2025-02-28T21:43:55.174+0200] {logging_mixin.py:190} INFO - [2025-02-28T21:43:55.174+0200] {override.py:1930} INFO - Created Permission View: can read on DAG:example_params_ui_tutorial
[2025-02-28T21:43:55.177+0200] {logging_mixin.py:190} INFO - [2025-02-28T21:43:55.177+0200] {override.py:1930} INFO - Created Permission View: can delete on DAG:example_params_ui_tutorial
[2025-02-28T21:43:55.179+0200] {logging_mixin.py:190} INFO - [2025-02-28T21:43:55.179+0200] {override.py:1930} INFO - Created Permission View: can edit on DAG:example_params_ui_tutorial
[2025-02-28T21:43:55.181+0200] {logging_mixin.py:190} INFO - [2025-02-28T21:43:55.181+0200] {override.py:1930} INFO - Created Permission View: menu access on DAG Run:example_params_ui_tutorial
[2025-02-28T21:43:55.184+0200] {logging_mixin.py:190} INFO - [2025-02-28T21:43:55.184+0200] {override.py:1930} INFO - Created Permission View: can read on DAG Run:example_params_ui_tutorial
[2025-02-28T21:43:55.186+0200] {logging_mixin.py:190} INFO - [2025-02-28T21:43:55.186+0200] {override.py:1930} INFO - Created Permission View: can delete on DAG Run:example_params_ui_tutorial
[2025-02-28T21:43:55.187+0200] {logging_mixin.py:190} INFO - [2025-02-28T21:43:55.187+0200] {override.py:1930} INFO - Created Permission View: can create on DAG Run:example_params_ui_tutorial
[2025-02-28T21:43:55.188+0200] {logging_mixin.py:190} INFO - [2025-02-28T21:43:55.187+0200] {dag.py:3239} INFO - Sync 1 DAGs
[2025-02-28T21:43:55.191+0200] {logging_mixin.py:190} INFO - [2025-02-28T21:43:55.191+0200] {dag.py:3262} INFO - Creating ORM DAG for example_params_ui_tutorial
[2025-02-28T21:43:55.192+0200] {logging_mixin.py:190} INFO - [2025-02-28T21:43:55.191+0200] {dag.py:4180} INFO - Setting next_dagrun for example_params_ui_tutorial to None, run_after=None
[2025-02-28T21:43:55.197+0200] {processor.py:208} INFO - Processing /Users/nampham/.pyenv/versions/3.12.9/lib/python3.12/site-packages/airflow/example_dags/example_params_ui_tutorial.py took 0.137 seconds
[2025-02-28T22:28:12.800+0200] {processor.py:186} INFO - Started process (PID=18176) to work on /Users/nampham/.pyenv/versions/3.12.9/lib/python3.12/site-packages/airflow/example_dags/example_params_ui_tutorial.py
[2025-02-28T22:28:12.801+0200] {processor.py:914} INFO - Processing file /Users/nampham/.pyenv/versions/3.12.9/lib/python3.12/site-packages/airflow/example_dags/example_params_ui_tutorial.py for tasks to queue
[2025-02-28T22:28:12.802+0200] {logging_mixin.py:190} INFO - [2025-02-28T22:28:12.802+0200] {dagbag.py:588} INFO - Filling up the DagBag from /Users/nampham/.pyenv/versions/3.12.9/lib/python3.12/site-packages/airflow/example_dags/example_params_ui_tutorial.py
[2025-02-28T22:28:12.840+0200] {processor.py:925} INFO - DAG(s) 'example_params_ui_tutorial' retrieved from /Users/nampham/.pyenv/versions/3.12.9/lib/python3.12/site-packages/airflow/example_dags/example_params_ui_tutorial.py
[2025-02-28T22:28:12.913+0200] {logging_mixin.py:190} INFO - [2025-02-28T22:28:12.912+0200] {override.py:1930} INFO - Created Permission View: can read on DAG:example_params_ui_tutorial
[2025-02-28T22:28:12.915+0200] {logging_mixin.py:190} INFO - [2025-02-28T22:28:12.915+0200] {override.py:1930} INFO - Created Permission View: can delete on DAG:example_params_ui_tutorial
[2025-02-28T22:28:12.917+0200] {logging_mixin.py:190} INFO - [2025-02-28T22:28:12.917+0200] {override.py:1930} INFO - Created Permission View: can edit on DAG:example_params_ui_tutorial
[2025-02-28T22:28:12.919+0200] {logging_mixin.py:190} INFO - [2025-02-28T22:28:12.919+0200] {override.py:1930} INFO - Created Permission View: can read on DAG Run:example_params_ui_tutorial
[2025-02-28T22:28:12.922+0200] {logging_mixin.py:190} INFO - [2025-02-28T22:28:12.922+0200] {override.py:1930} INFO - Created Permission View: can delete on DAG Run:example_params_ui_tutorial
[2025-02-28T22:28:12.924+0200] {logging_mixin.py:190} INFO - [2025-02-28T22:28:12.923+0200] {override.py:1930} INFO - Created Permission View: can create on DAG Run:example_params_ui_tutorial
[2025-02-28T22:28:12.925+0200] {logging_mixin.py:190} INFO - [2025-02-28T22:28:12.925+0200] {override.py:1930} INFO - Created Permission View: menu access on DAG Run:example_params_ui_tutorial
[2025-02-28T22:28:12.925+0200] {logging_mixin.py:190} INFO - [2025-02-28T22:28:12.925+0200] {dag.py:3239} INFO - Sync 1 DAGs
[2025-02-28T22:28:12.929+0200] {logging_mixin.py:190} INFO - [2025-02-28T22:28:12.929+0200] {dag.py:3262} INFO - Creating ORM DAG for example_params_ui_tutorial
[2025-02-28T22:28:12.929+0200] {logging_mixin.py:190} INFO - [2025-02-28T22:28:12.929+0200] {dag.py:4180} INFO - Setting next_dagrun for example_params_ui_tutorial to None, run_after=None
[2025-02-28T22:28:12.935+0200] {processor.py:208} INFO - Processing /Users/nampham/.pyenv/versions/3.12.9/lib/python3.12/site-packages/airflow/example_dags/example_params_ui_tutorial.py took 0.136 seconds
[2025-02-28T22:36:17.427+0200] {processor.py:186} INFO - Started process (PID=19828) to work on /Users/nampham/.pyenv/versions/3.12.9/lib/python3.12/site-packages/airflow/example_dags/example_params_ui_tutorial.py
[2025-02-28T22:36:17.428+0200] {processor.py:914} INFO - Processing file /Users/nampham/.pyenv/versions/3.12.9/lib/python3.12/site-packages/airflow/example_dags/example_params_ui_tutorial.py for tasks to queue
[2025-02-28T22:36:17.429+0200] {logging_mixin.py:190} INFO - [2025-02-28T22:36:17.429+0200] {dagbag.py:588} INFO - Filling up the DagBag from /Users/nampham/.pyenv/versions/3.12.9/lib/python3.12/site-packages/airflow/example_dags/example_params_ui_tutorial.py
[2025-02-28T22:36:17.465+0200] {processor.py:925} INFO - DAG(s) 'example_params_ui_tutorial' retrieved from /Users/nampham/.pyenv/versions/3.12.9/lib/python3.12/site-packages/airflow/example_dags/example_params_ui_tutorial.py
[2025-02-28T22:36:17.537+0200] {logging_mixin.py:190} INFO - [2025-02-28T22:36:17.536+0200] {override.py:1930} INFO - Created Permission View: can delete on DAG:example_params_ui_tutorial
[2025-02-28T22:36:17.539+0200] {logging_mixin.py:190} INFO - [2025-02-28T22:36:17.539+0200] {override.py:1930} INFO - Created Permission View: can edit on DAG:example_params_ui_tutorial
[2025-02-28T22:36:17.541+0200] {logging_mixin.py:190} INFO - [2025-02-28T22:36:17.541+0200] {override.py:1930} INFO - Created Permission View: can read on DAG:example_params_ui_tutorial
[2025-02-28T22:36:17.544+0200] {logging_mixin.py:190} INFO - [2025-02-28T22:36:17.544+0200] {override.py:1930} INFO - Created Permission View: can delete on DAG Run:example_params_ui_tutorial
[2025-02-28T22:36:17.546+0200] {logging_mixin.py:190} INFO - [2025-02-28T22:36:17.546+0200] {override.py:1930} INFO - Created Permission View: can create on DAG Run:example_params_ui_tutorial
[2025-02-28T22:36:17.548+0200] {logging_mixin.py:190} INFO - [2025-02-28T22:36:17.548+0200] {override.py:1930} INFO - Created Permission View: menu access on DAG Run:example_params_ui_tutorial
[2025-02-28T22:36:17.549+0200] {logging_mixin.py:190} INFO - [2025-02-28T22:36:17.549+0200] {override.py:1930} INFO - Created Permission View: can read on DAG Run:example_params_ui_tutorial
[2025-02-28T22:36:17.550+0200] {logging_mixin.py:190} INFO - [2025-02-28T22:36:17.550+0200] {dag.py:3239} INFO - Sync 1 DAGs
[2025-02-28T22:36:17.553+0200] {logging_mixin.py:190} INFO - [2025-02-28T22:36:17.553+0200] {dag.py:3262} INFO - Creating ORM DAG for example_params_ui_tutorial
[2025-02-28T22:36:17.553+0200] {logging_mixin.py:190} INFO - [2025-02-28T22:36:17.553+0200] {dag.py:4180} INFO - Setting next_dagrun for example_params_ui_tutorial to None, run_after=None
[2025-02-28T22:36:17.559+0200] {processor.py:208} INFO - Processing /Users/nampham/.pyenv/versions/3.12.9/lib/python3.12/site-packages/airflow/example_dags/example_params_ui_tutorial.py took 0.133 seconds
[2025-02-28T22:38:31.765+0200] {processor.py:186} INFO - Started process (PID=20326) to work on /Users/nampham/.pyenv/versions/3.12.9/lib/python3.12/site-packages/airflow/example_dags/example_params_ui_tutorial.py
[2025-02-28T22:38:31.766+0200] {processor.py:914} INFO - Processing file /Users/nampham/.pyenv/versions/3.12.9/lib/python3.12/site-packages/airflow/example_dags/example_params_ui_tutorial.py for tasks to queue
[2025-02-28T22:38:31.766+0200] {logging_mixin.py:190} INFO - [2025-02-28T22:38:31.766+0200] {dagbag.py:588} INFO - Filling up the DagBag from /Users/nampham/.pyenv/versions/3.12.9/lib/python3.12/site-packages/airflow/example_dags/example_params_ui_tutorial.py
[2025-02-28T22:38:31.804+0200] {processor.py:925} INFO - DAG(s) 'example_params_ui_tutorial' retrieved from /Users/nampham/.pyenv/versions/3.12.9/lib/python3.12/site-packages/airflow/example_dags/example_params_ui_tutorial.py
[2025-02-28T22:38:31.846+0200] {logging_mixin.py:190} INFO - [2025-02-28T22:38:31.846+0200] {dag.py:3239} INFO - Sync 1 DAGs
[2025-02-28T22:38:31.849+0200] {logging_mixin.py:190} INFO - [2025-02-28T22:38:31.849+0200] {dag.py:4180} INFO - Setting next_dagrun for example_params_ui_tutorial to None, run_after=None
[2025-02-28T22:38:31.856+0200] {processor.py:208} INFO - Processing /Users/nampham/.pyenv/versions/3.12.9/lib/python3.12/site-packages/airflow/example_dags/example_params_ui_tutorial.py took 0.092 seconds
[2025-02-28T22:41:22.557+0200] {processor.py:186} INFO - Started process (PID=20888) to work on /Users/nampham/.pyenv/versions/3.12.9/lib/python3.12/site-packages/airflow/example_dags/example_params_ui_tutorial.py
[2025-02-28T22:41:22.558+0200] {processor.py:914} INFO - Processing file /Users/nampham/.pyenv/versions/3.12.9/lib/python3.12/site-packages/airflow/example_dags/example_params_ui_tutorial.py for tasks to queue
[2025-02-28T22:41:22.558+0200] {logging_mixin.py:190} INFO - [2025-02-28T22:41:22.558+0200] {dagbag.py:588} INFO - Filling up the DagBag from /Users/nampham/.pyenv/versions/3.12.9/lib/python3.12/site-packages/airflow/example_dags/example_params_ui_tutorial.py
[2025-02-28T22:41:22.595+0200] {processor.py:925} INFO - DAG(s) 'example_params_ui_tutorial' retrieved from /Users/nampham/.pyenv/versions/3.12.9/lib/python3.12/site-packages/airflow/example_dags/example_params_ui_tutorial.py
[2025-02-28T22:41:22.637+0200] {logging_mixin.py:190} INFO - [2025-02-28T22:41:22.637+0200] {dag.py:3239} INFO - Sync 1 DAGs
[2025-02-28T22:41:22.641+0200] {logging_mixin.py:190} INFO - [2025-02-28T22:41:22.641+0200] {dag.py:4180} INFO - Setting next_dagrun for example_params_ui_tutorial to None, run_after=None
[2025-02-28T22:41:22.647+0200] {processor.py:208} INFO - Processing /Users/nampham/.pyenv/versions/3.12.9/lib/python3.12/site-packages/airflow/example_dags/example_params_ui_tutorial.py took 0.091 seconds
[2025-02-28T22:43:50.181+0200] {processor.py:186} INFO - Started process (PID=21427) to work on /Users/nampham/.pyenv/versions/3.12.9/lib/python3.12/site-packages/airflow/example_dags/example_params_ui_tutorial.py
[2025-02-28T22:43:50.182+0200] {processor.py:914} INFO - Processing file /Users/nampham/.pyenv/versions/3.12.9/lib/python3.12/site-packages/airflow/example_dags/example_params_ui_tutorial.py for tasks to queue
[2025-02-28T22:43:50.183+0200] {logging_mixin.py:190} INFO - [2025-02-28T22:43:50.183+0200] {dagbag.py:588} INFO - Filling up the DagBag from /Users/nampham/.pyenv/versions/3.12.9/lib/python3.12/site-packages/airflow/example_dags/example_params_ui_tutorial.py
[2025-02-28T22:43:50.222+0200] {processor.py:925} INFO - DAG(s) 'example_params_ui_tutorial' retrieved from /Users/nampham/.pyenv/versions/3.12.9/lib/python3.12/site-packages/airflow/example_dags/example_params_ui_tutorial.py
[2025-02-28T22:43:50.264+0200] {logging_mixin.py:190} INFO - [2025-02-28T22:43:50.263+0200] {dag.py:3239} INFO - Sync 1 DAGs
[2025-02-28T22:43:50.267+0200] {logging_mixin.py:190} INFO - [2025-02-28T22:43:50.267+0200] {dag.py:4180} INFO - Setting next_dagrun for example_params_ui_tutorial to None, run_after=None
[2025-02-28T22:43:50.273+0200] {processor.py:208} INFO - Processing /Users/nampham/.pyenv/versions/3.12.9/lib/python3.12/site-packages/airflow/example_dags/example_params_ui_tutorial.py took 0.093 seconds
[2025-02-28T22:46:50.846+0200] {processor.py:186} INFO - Started process (PID=22043) to work on /Users/nampham/.pyenv/versions/3.12.9/lib/python3.12/site-packages/airflow/example_dags/example_params_ui_tutorial.py
[2025-02-28T22:46:50.847+0200] {processor.py:914} INFO - Processing file /Users/nampham/.pyenv/versions/3.12.9/lib/python3.12/site-packages/airflow/example_dags/example_params_ui_tutorial.py for tasks to queue
[2025-02-28T22:46:50.848+0200] {logging_mixin.py:190} INFO - [2025-02-28T22:46:50.847+0200] {dagbag.py:588} INFO - Filling up the DagBag from /Users/nampham/.pyenv/versions/3.12.9/lib/python3.12/site-packages/airflow/example_dags/example_params_ui_tutorial.py
[2025-02-28T22:46:50.884+0200] {processor.py:925} INFO - DAG(s) 'example_params_ui_tutorial' retrieved from /Users/nampham/.pyenv/versions/3.12.9/lib/python3.12/site-packages/airflow/example_dags/example_params_ui_tutorial.py
[2025-02-28T22:46:50.926+0200] {logging_mixin.py:190} INFO - [2025-02-28T22:46:50.926+0200] {dag.py:3239} INFO - Sync 1 DAGs
[2025-02-28T22:46:50.930+0200] {logging_mixin.py:190} INFO - [2025-02-28T22:46:50.930+0200] {dag.py:4180} INFO - Setting next_dagrun for example_params_ui_tutorial to None, run_after=None
[2025-02-28T22:46:50.936+0200] {processor.py:208} INFO - Processing /Users/nampham/.pyenv/versions/3.12.9/lib/python3.12/site-packages/airflow/example_dags/example_params_ui_tutorial.py took 0.092 seconds
[2025-02-28T22:54:54.239+0200] {processor.py:186} INFO - Started process (PID=22757) to work on /Users/nampham/.pyenv/versions/3.12.9/lib/python3.12/site-packages/airflow/example_dags/example_params_ui_tutorial.py
[2025-02-28T22:54:54.240+0200] {processor.py:914} INFO - Processing file /Users/nampham/.pyenv/versions/3.12.9/lib/python3.12/site-packages/airflow/example_dags/example_params_ui_tutorial.py for tasks to queue
[2025-02-28T22:54:54.240+0200] {logging_mixin.py:190} INFO - [2025-02-28T22:54:54.240+0200] {dagbag.py:588} INFO - Filling up the DagBag from /Users/nampham/.pyenv/versions/3.12.9/lib/python3.12/site-packages/airflow/example_dags/example_params_ui_tutorial.py
[2025-02-28T22:54:54.278+0200] {processor.py:925} INFO - DAG(s) 'example_params_ui_tutorial' retrieved from /Users/nampham/.pyenv/versions/3.12.9/lib/python3.12/site-packages/airflow/example_dags/example_params_ui_tutorial.py
[2025-02-28T22:54:54.319+0200] {logging_mixin.py:190} INFO - [2025-02-28T22:54:54.319+0200] {dag.py:3239} INFO - Sync 1 DAGs
[2025-02-28T22:54:54.323+0200] {logging_mixin.py:190} INFO - [2025-02-28T22:54:54.322+0200] {dag.py:4180} INFO - Setting next_dagrun for example_params_ui_tutorial to None, run_after=None
[2025-02-28T22:54:54.329+0200] {processor.py:208} INFO - Processing /Users/nampham/.pyenv/versions/3.12.9/lib/python3.12/site-packages/airflow/example_dags/example_params_ui_tutorial.py took 0.091 seconds
[2025-02-28T22:56:50.076+0200] {processor.py:186} INFO - Started process (PID=23135) to work on /Users/nampham/.pyenv/versions/3.12.9/lib/python3.12/site-packages/airflow/example_dags/example_params_ui_tutorial.py
[2025-02-28T22:56:50.078+0200] {processor.py:914} INFO - Processing file /Users/nampham/.pyenv/versions/3.12.9/lib/python3.12/site-packages/airflow/example_dags/example_params_ui_tutorial.py for tasks to queue
[2025-02-28T22:56:50.078+0200] {logging_mixin.py:190} INFO - [2025-02-28T22:56:50.078+0200] {dagbag.py:588} INFO - Filling up the DagBag from /Users/nampham/.pyenv/versions/3.12.9/lib/python3.12/site-packages/airflow/example_dags/example_params_ui_tutorial.py
[2025-02-28T22:56:50.115+0200] {processor.py:925} INFO - DAG(s) 'example_params_ui_tutorial' retrieved from /Users/nampham/.pyenv/versions/3.12.9/lib/python3.12/site-packages/airflow/example_dags/example_params_ui_tutorial.py
[2025-02-28T22:56:50.156+0200] {logging_mixin.py:190} INFO - [2025-02-28T22:56:50.156+0200] {dag.py:3239} INFO - Sync 1 DAGs
[2025-02-28T22:56:50.160+0200] {logging_mixin.py:190} INFO - [2025-02-28T22:56:50.160+0200] {dag.py:4180} INFO - Setting next_dagrun for example_params_ui_tutorial to None, run_after=None
[2025-02-28T22:56:50.166+0200] {processor.py:208} INFO - Processing /Users/nampham/.pyenv/versions/3.12.9/lib/python3.12/site-packages/airflow/example_dags/example_params_ui_tutorial.py took 0.091 seconds
[2025-02-28T22:59:24.087+0200] {processor.py:186} INFO - Started process (PID=23633) to work on /Users/nampham/.pyenv/versions/3.12.9/lib/python3.12/site-packages/airflow/example_dags/example_params_ui_tutorial.py
[2025-02-28T22:59:24.088+0200] {processor.py:914} INFO - Processing file /Users/nampham/.pyenv/versions/3.12.9/lib/python3.12/site-packages/airflow/example_dags/example_params_ui_tutorial.py for tasks to queue
[2025-02-28T22:59:24.089+0200] {logging_mixin.py:190} INFO - [2025-02-28T22:59:24.089+0200] {dagbag.py:588} INFO - Filling up the DagBag from /Users/nampham/.pyenv/versions/3.12.9/lib/python3.12/site-packages/airflow/example_dags/example_params_ui_tutorial.py
[2025-02-28T22:59:24.125+0200] {processor.py:925} INFO - DAG(s) 'example_params_ui_tutorial' retrieved from /Users/nampham/.pyenv/versions/3.12.9/lib/python3.12/site-packages/airflow/example_dags/example_params_ui_tutorial.py
[2025-02-28T22:59:24.167+0200] {logging_mixin.py:190} INFO - [2025-02-28T22:59:24.167+0200] {dag.py:3239} INFO - Sync 1 DAGs
[2025-02-28T22:59:24.171+0200] {logging_mixin.py:190} INFO - [2025-02-28T22:59:24.171+0200] {dag.py:4180} INFO - Setting next_dagrun for example_params_ui_tutorial to None, run_after=None
[2025-02-28T22:59:24.177+0200] {processor.py:208} INFO - Processing /Users/nampham/.pyenv/versions/3.12.9/lib/python3.12/site-packages/airflow/example_dags/example_params_ui_tutorial.py took 0.091 seconds
