[2025-02-28T18:24:55.190+0200] {processor.py:186} INFO - Started process (PID=93188) to work on /Users/nampham/.pyenv/versions/3.12.9/lib/python3.12/site-packages/airflow/example_dags/example_sla_dag.py
[2025-02-28T18:24:55.190+0200] {processor.py:914} INFO - Processing file /Users/nampham/.pyenv/versions/3.12.9/lib/python3.12/site-packages/airflow/example_dags/example_sla_dag.py for tasks to queue
[2025-02-28T18:24:55.191+0200] {logging_mixin.py:190} INFO - [2025-02-28T18:24:55.191+0200] {dagbag.py:588} INFO - Filling up the DagBag from /Users/nampham/.pyenv/versions/3.12.9/lib/python3.12/site-packages/airflow/example_dags/example_sla_dag.py
[2025-02-28T18:24:55.232+0200] {processor.py:925} INFO - DAG(s) 'example_sla_dag' retrieved from /Users/nampham/.pyenv/versions/3.12.9/lib/python3.12/site-packages/airflow/example_dags/example_sla_dag.py
[2025-02-28T18:24:55.298+0200] {logging_mixin.py:190} INFO - [2025-02-28T18:24:55.297+0200] {override.py:1930} INFO - Created Permission View: can edit on DAG:example_sla_dag
[2025-02-28T18:24:55.301+0200] {logging_mixin.py:190} INFO - [2025-02-28T18:24:55.300+0200] {override.py:1930} INFO - Created Permission View: can delete on DAG:example_sla_dag
[2025-02-28T18:24:55.303+0200] {logging_mixin.py:190} INFO - [2025-02-28T18:24:55.302+0200] {override.py:1930} INFO - Created Permission View: can read on DAG:example_sla_dag
[2025-02-28T18:24:55.305+0200] {logging_mixin.py:190} INFO - [2025-02-28T18:24:55.305+0200] {override.py:1930} INFO - Created Permission View: can create on DAG Run:example_sla_dag
[2025-02-28T18:24:55.307+0200] {logging_mixin.py:190} INFO - [2025-02-28T18:24:55.307+0200] {override.py:1930} INFO - Created Permission View: menu access on DAG Run:example_sla_dag
[2025-02-28T18:24:55.308+0200] {logging_mixin.py:190} INFO - [2025-02-28T18:24:55.308+0200] {override.py:1930} INFO - Created Permission View: can delete on DAG Run:example_sla_dag
[2025-02-28T18:24:55.310+0200] {logging_mixin.py:190} INFO - [2025-02-28T18:24:55.310+0200] {override.py:1930} INFO - Created Permission View: can read on DAG Run:example_sla_dag
[2025-02-28T18:24:55.310+0200] {logging_mixin.py:190} INFO - [2025-02-28T18:24:55.310+0200] {dag.py:3239} INFO - Sync 1 DAGs
[2025-02-28T18:24:55.315+0200] {logging_mixin.py:190} INFO - [2025-02-28T18:24:55.315+0200] {dag.py:3262} INFO - Creating ORM DAG for example_sla_dag
[2025-02-28T18:24:55.319+0200] {logging_mixin.py:190} INFO - [2025-02-28T18:24:55.319+0200] {dag.py:4180} INFO - Setting next_dagrun for example_sla_dag to 2025-02-28 16:22:00+00:00, run_after=2025-02-28 16:24:00+00:00
[2025-02-28T18:24:55.324+0200] {processor.py:208} INFO - Processing /Users/nampham/.pyenv/versions/3.12.9/lib/python3.12/site-packages/airflow/example_dags/example_sla_dag.py took 0.135 seconds
[2025-02-28T18:26:43.502+0200] {processor.py:186} INFO - Started process (PID=93640) to work on /Users/nampham/.pyenv/versions/3.12.9/lib/python3.12/site-packages/airflow/example_dags/example_sla_dag.py
[2025-02-28T18:26:43.504+0200] {processor.py:914} INFO - Processing file /Users/nampham/.pyenv/versions/3.12.9/lib/python3.12/site-packages/airflow/example_dags/example_sla_dag.py for tasks to queue
[2025-02-28T18:26:43.504+0200] {logging_mixin.py:190} INFO - [2025-02-28T18:26:43.504+0200] {dagbag.py:588} INFO - Filling up the DagBag from /Users/nampham/.pyenv/versions/3.12.9/lib/python3.12/site-packages/airflow/example_dags/example_sla_dag.py
[2025-02-28T18:26:43.542+0200] {processor.py:925} INFO - DAG(s) 'example_sla_dag' retrieved from /Users/nampham/.pyenv/versions/3.12.9/lib/python3.12/site-packages/airflow/example_dags/example_sla_dag.py
[2025-02-28T18:26:43.577+0200] {logging_mixin.py:190} INFO - [2025-02-28T18:26:43.576+0200] {dag.py:3239} INFO - Sync 1 DAGs
[2025-02-28T18:26:43.584+0200] {logging_mixin.py:190} INFO - [2025-02-28T18:26:43.584+0200] {dag.py:4180} INFO - Setting next_dagrun for example_sla_dag to 2025-02-28 16:24:00+00:00, run_after=2025-02-28 16:26:00+00:00
[2025-02-28T18:26:43.591+0200] {processor.py:208} INFO - Processing /Users/nampham/.pyenv/versions/3.12.9/lib/python3.12/site-packages/airflow/example_dags/example_sla_dag.py took 0.090 seconds
[2025-02-28T18:28:03.797+0200] {processor.py:186} INFO - Started process (PID=93960) to work on /Users/nampham/.pyenv/versions/3.12.9/lib/python3.12/site-packages/airflow/example_dags/example_sla_dag.py
[2025-02-28T18:28:03.798+0200] {processor.py:914} INFO - Processing file /Users/nampham/.pyenv/versions/3.12.9/lib/python3.12/site-packages/airflow/example_dags/example_sla_dag.py for tasks to queue
[2025-02-28T18:28:03.799+0200] {logging_mixin.py:190} INFO - [2025-02-28T18:28:03.799+0200] {dagbag.py:588} INFO - Filling up the DagBag from /Users/nampham/.pyenv/versions/3.12.9/lib/python3.12/site-packages/airflow/example_dags/example_sla_dag.py
[2025-02-28T18:28:03.837+0200] {processor.py:925} INFO - DAG(s) 'example_sla_dag' retrieved from /Users/nampham/.pyenv/versions/3.12.9/lib/python3.12/site-packages/airflow/example_dags/example_sla_dag.py
[2025-02-28T18:28:03.870+0200] {logging_mixin.py:190} INFO - [2025-02-28T18:28:03.870+0200] {dag.py:3239} INFO - Sync 1 DAGs
[2025-02-28T18:28:03.877+0200] {logging_mixin.py:190} INFO - [2025-02-28T18:28:03.877+0200] {dag.py:4180} INFO - Setting next_dagrun for example_sla_dag to 2025-02-28 16:26:00+00:00, run_after=2025-02-28 16:28:00+00:00
[2025-02-28T18:28:03.885+0200] {processor.py:208} INFO - Processing /Users/nampham/.pyenv/versions/3.12.9/lib/python3.12/site-packages/airflow/example_dags/example_sla_dag.py took 0.089 seconds
[2025-02-28T18:29:25.990+0200] {processor.py:186} INFO - Started process (PID=94292) to work on /Users/nampham/.pyenv/versions/3.12.9/lib/python3.12/site-packages/airflow/example_dags/example_sla_dag.py
[2025-02-28T18:29:25.990+0200] {processor.py:914} INFO - Processing file /Users/nampham/.pyenv/versions/3.12.9/lib/python3.12/site-packages/airflow/example_dags/example_sla_dag.py for tasks to queue
[2025-02-28T18:29:25.991+0200] {logging_mixin.py:190} INFO - [2025-02-28T18:29:25.991+0200] {dagbag.py:588} INFO - Filling up the DagBag from /Users/nampham/.pyenv/versions/3.12.9/lib/python3.12/site-packages/airflow/example_dags/example_sla_dag.py
[2025-02-28T18:29:26.030+0200] {processor.py:925} INFO - DAG(s) 'example_sla_dag' retrieved from /Users/nampham/.pyenv/versions/3.12.9/lib/python3.12/site-packages/airflow/example_dags/example_sla_dag.py
[2025-02-28T18:29:26.063+0200] {logging_mixin.py:190} INFO - [2025-02-28T18:29:26.063+0200] {dag.py:3239} INFO - Sync 1 DAGs
[2025-02-28T18:29:26.070+0200] {logging_mixin.py:190} INFO - [2025-02-28T18:29:26.070+0200] {dag.py:4180} INFO - Setting next_dagrun for example_sla_dag to 2025-02-28 16:26:00+00:00, run_after=2025-02-28 16:28:00+00:00
[2025-02-28T18:29:26.077+0200] {processor.py:208} INFO - Processing /Users/nampham/.pyenv/versions/3.12.9/lib/python3.12/site-packages/airflow/example_dags/example_sla_dag.py took 0.089 seconds
[2025-02-28T20:11:09.353+0200] {processor.py:186} INFO - Started process (PID=97291) to work on /Users/nampham/.pyenv/versions/3.12.9/lib/python3.12/site-packages/airflow/example_dags/example_sla_dag.py
[2025-02-28T20:11:09.354+0200] {processor.py:914} INFO - Processing file /Users/nampham/.pyenv/versions/3.12.9/lib/python3.12/site-packages/airflow/example_dags/example_sla_dag.py for tasks to queue
[2025-02-28T20:11:09.354+0200] {logging_mixin.py:190} INFO - [2025-02-28T20:11:09.354+0200] {dagbag.py:588} INFO - Filling up the DagBag from /Users/nampham/.pyenv/versions/3.12.9/lib/python3.12/site-packages/airflow/example_dags/example_sla_dag.py
[2025-02-28T20:11:09.392+0200] {processor.py:925} INFO - DAG(s) 'example_sla_dag' retrieved from /Users/nampham/.pyenv/versions/3.12.9/lib/python3.12/site-packages/airflow/example_dags/example_sla_dag.py
[2025-02-28T20:11:09.455+0200] {logging_mixin.py:190} INFO - [2025-02-28T20:11:09.455+0200] {dag.py:3239} INFO - Sync 1 DAGs
[2025-02-28T20:11:09.462+0200] {logging_mixin.py:190} INFO - [2025-02-28T20:11:09.462+0200] {dag.py:4180} INFO - Setting next_dagrun for example_sla_dag to 2025-02-28 18:08:00+00:00, run_after=2025-02-28 18:10:00+00:00
[2025-02-28T20:11:09.468+0200] {processor.py:208} INFO - Processing /Users/nampham/.pyenv/versions/3.12.9/lib/python3.12/site-packages/airflow/example_dags/example_sla_dag.py took 0.116 seconds
[2025-02-28T20:12:57.898+0200] {processor.py:186} INFO - Started process (PID=97904) to work on /Users/nampham/.pyenv/versions/3.12.9/lib/python3.12/site-packages/airflow/example_dags/example_sla_dag.py
[2025-02-28T20:12:57.899+0200] {processor.py:914} INFO - Processing file /Users/nampham/.pyenv/versions/3.12.9/lib/python3.12/site-packages/airflow/example_dags/example_sla_dag.py for tasks to queue
[2025-02-28T20:12:57.900+0200] {logging_mixin.py:190} INFO - [2025-02-28T20:12:57.900+0200] {dagbag.py:588} INFO - Filling up the DagBag from /Users/nampham/.pyenv/versions/3.12.9/lib/python3.12/site-packages/airflow/example_dags/example_sla_dag.py
[2025-02-28T20:12:57.944+0200] {processor.py:925} INFO - DAG(s) 'example_sla_dag' retrieved from /Users/nampham/.pyenv/versions/3.12.9/lib/python3.12/site-packages/airflow/example_dags/example_sla_dag.py
[2025-02-28T20:12:57.981+0200] {logging_mixin.py:190} INFO - [2025-02-28T20:12:57.981+0200] {dag.py:3239} INFO - Sync 1 DAGs
[2025-02-28T20:12:57.989+0200] {logging_mixin.py:190} INFO - [2025-02-28T20:12:57.989+0200] {dag.py:4180} INFO - Setting next_dagrun for example_sla_dag to 2025-02-28 18:10:00+00:00, run_after=2025-02-28 18:12:00+00:00
[2025-02-28T20:12:57.996+0200] {processor.py:208} INFO - Processing /Users/nampham/.pyenv/versions/3.12.9/lib/python3.12/site-packages/airflow/example_dags/example_sla_dag.py took 0.099 seconds
[2025-02-28T20:14:47.551+0200] {processor.py:186} INFO - Started process (PID=98347) to work on /Users/nampham/.pyenv/versions/3.12.9/lib/python3.12/site-packages/airflow/example_dags/example_sla_dag.py
[2025-02-28T20:14:47.554+0200] {processor.py:914} INFO - Processing file /Users/nampham/.pyenv/versions/3.12.9/lib/python3.12/site-packages/airflow/example_dags/example_sla_dag.py for tasks to queue
[2025-02-28T20:14:47.554+0200] {logging_mixin.py:190} INFO - [2025-02-28T20:14:47.554+0200] {dagbag.py:588} INFO - Filling up the DagBag from /Users/nampham/.pyenv/versions/3.12.9/lib/python3.12/site-packages/airflow/example_dags/example_sla_dag.py
[2025-02-28T20:14:47.592+0200] {processor.py:925} INFO - DAG(s) 'example_sla_dag' retrieved from /Users/nampham/.pyenv/versions/3.12.9/lib/python3.12/site-packages/airflow/example_dags/example_sla_dag.py
[2025-02-28T20:14:47.626+0200] {logging_mixin.py:190} INFO - [2025-02-28T20:14:47.625+0200] {dag.py:3239} INFO - Sync 1 DAGs
[2025-02-28T20:14:47.633+0200] {logging_mixin.py:190} INFO - [2025-02-28T20:14:47.633+0200] {dag.py:4180} INFO - Setting next_dagrun for example_sla_dag to 2025-02-28 18:12:00+00:00, run_after=2025-02-28 18:14:00+00:00
[2025-02-28T20:14:47.640+0200] {processor.py:208} INFO - Processing /Users/nampham/.pyenv/versions/3.12.9/lib/python3.12/site-packages/airflow/example_dags/example_sla_dag.py took 0.091 seconds
[2025-02-28T20:16:07.624+0200] {processor.py:186} INFO - Started process (PID=98637) to work on /Users/nampham/.pyenv/versions/3.12.9/lib/python3.12/site-packages/airflow/example_dags/example_sla_dag.py
[2025-02-28T20:16:07.625+0200] {processor.py:914} INFO - Processing file /Users/nampham/.pyenv/versions/3.12.9/lib/python3.12/site-packages/airflow/example_dags/example_sla_dag.py for tasks to queue
[2025-02-28T20:16:07.625+0200] {logging_mixin.py:190} INFO - [2025-02-28T20:16:07.625+0200] {dagbag.py:588} INFO - Filling up the DagBag from /Users/nampham/.pyenv/versions/3.12.9/lib/python3.12/site-packages/airflow/example_dags/example_sla_dag.py
[2025-02-28T20:16:07.664+0200] {processor.py:925} INFO - DAG(s) 'example_sla_dag' retrieved from /Users/nampham/.pyenv/versions/3.12.9/lib/python3.12/site-packages/airflow/example_dags/example_sla_dag.py
[2025-02-28T20:16:07.697+0200] {logging_mixin.py:190} INFO - [2025-02-28T20:16:07.697+0200] {dag.py:3239} INFO - Sync 1 DAGs
[2025-02-28T20:16:07.704+0200] {logging_mixin.py:190} INFO - [2025-02-28T20:16:07.704+0200] {dag.py:4180} INFO - Setting next_dagrun for example_sla_dag to 2025-02-28 18:14:00+00:00, run_after=2025-02-28 18:16:00+00:00
[2025-02-28T20:16:07.710+0200] {processor.py:208} INFO - Processing /Users/nampham/.pyenv/versions/3.12.9/lib/python3.12/site-packages/airflow/example_dags/example_sla_dag.py took 0.088 seconds
[2025-02-28T20:17:22.975+0200] {processor.py:186} INFO - Started process (PID=98918) to work on /Users/nampham/.pyenv/versions/3.12.9/lib/python3.12/site-packages/airflow/example_dags/example_sla_dag.py
[2025-02-28T20:17:22.976+0200] {processor.py:914} INFO - Processing file /Users/nampham/.pyenv/versions/3.12.9/lib/python3.12/site-packages/airflow/example_dags/example_sla_dag.py for tasks to queue
[2025-02-28T20:17:22.976+0200] {logging_mixin.py:190} INFO - [2025-02-28T20:17:22.976+0200] {dagbag.py:588} INFO - Filling up the DagBag from /Users/nampham/.pyenv/versions/3.12.9/lib/python3.12/site-packages/airflow/example_dags/example_sla_dag.py
[2025-02-28T20:17:23.013+0200] {processor.py:925} INFO - DAG(s) 'example_sla_dag' retrieved from /Users/nampham/.pyenv/versions/3.12.9/lib/python3.12/site-packages/airflow/example_dags/example_sla_dag.py
[2025-02-28T20:17:23.046+0200] {logging_mixin.py:190} INFO - [2025-02-28T20:17:23.046+0200] {dag.py:3239} INFO - Sync 1 DAGs
[2025-02-28T20:17:23.054+0200] {logging_mixin.py:190} INFO - [2025-02-28T20:17:23.054+0200] {dag.py:4180} INFO - Setting next_dagrun for example_sla_dag to 2025-02-28 18:14:00+00:00, run_after=2025-02-28 18:16:00+00:00
[2025-02-28T20:17:23.060+0200] {processor.py:208} INFO - Processing /Users/nampham/.pyenv/versions/3.12.9/lib/python3.12/site-packages/airflow/example_dags/example_sla_dag.py took 0.087 seconds
[2025-02-28T20:18:37.341+0200] {processor.py:186} INFO - Started process (PID=99285) to work on /Users/nampham/.pyenv/versions/3.12.9/lib/python3.12/site-packages/airflow/example_dags/example_sla_dag.py
[2025-02-28T20:18:37.342+0200] {processor.py:914} INFO - Processing file /Users/nampham/.pyenv/versions/3.12.9/lib/python3.12/site-packages/airflow/example_dags/example_sla_dag.py for tasks to queue
[2025-02-28T20:18:37.343+0200] {logging_mixin.py:190} INFO - [2025-02-28T20:18:37.342+0200] {dagbag.py:588} INFO - Filling up the DagBag from /Users/nampham/.pyenv/versions/3.12.9/lib/python3.12/site-packages/airflow/example_dags/example_sla_dag.py
[2025-02-28T20:18:37.380+0200] {processor.py:925} INFO - DAG(s) 'example_sla_dag' retrieved from /Users/nampham/.pyenv/versions/3.12.9/lib/python3.12/site-packages/airflow/example_dags/example_sla_dag.py
[2025-02-28T20:18:37.413+0200] {logging_mixin.py:190} INFO - [2025-02-28T20:18:37.413+0200] {dag.py:3239} INFO - Sync 1 DAGs
[2025-02-28T20:18:37.421+0200] {logging_mixin.py:190} INFO - [2025-02-28T20:18:37.420+0200] {dag.py:4180} INFO - Setting next_dagrun for example_sla_dag to 2025-02-28 18:16:00+00:00, run_after=2025-02-28 18:18:00+00:00
[2025-02-28T20:18:37.427+0200] {processor.py:208} INFO - Processing /Users/nampham/.pyenv/versions/3.12.9/lib/python3.12/site-packages/airflow/example_dags/example_sla_dag.py took 0.087 seconds
[2025-02-28T20:20:30.406+0200] {processor.py:186} INFO - Started process (PID=99724) to work on /Users/nampham/.pyenv/versions/3.12.9/lib/python3.12/site-packages/airflow/example_dags/example_sla_dag.py
[2025-02-28T20:20:30.407+0200] {processor.py:914} INFO - Processing file /Users/nampham/.pyenv/versions/3.12.9/lib/python3.12/site-packages/airflow/example_dags/example_sla_dag.py for tasks to queue
[2025-02-28T20:20:30.408+0200] {logging_mixin.py:190} INFO - [2025-02-28T20:20:30.408+0200] {dagbag.py:588} INFO - Filling up the DagBag from /Users/nampham/.pyenv/versions/3.12.9/lib/python3.12/site-packages/airflow/example_dags/example_sla_dag.py
[2025-02-28T20:20:30.445+0200] {processor.py:925} INFO - DAG(s) 'example_sla_dag' retrieved from /Users/nampham/.pyenv/versions/3.12.9/lib/python3.12/site-packages/airflow/example_dags/example_sla_dag.py
[2025-02-28T20:20:30.479+0200] {logging_mixin.py:190} INFO - [2025-02-28T20:20:30.478+0200] {dag.py:3239} INFO - Sync 1 DAGs
[2025-02-28T20:20:30.486+0200] {logging_mixin.py:190} INFO - [2025-02-28T20:20:30.486+0200] {dag.py:4180} INFO - Setting next_dagrun for example_sla_dag to 2025-02-28 18:18:00+00:00, run_after=2025-02-28 18:20:00+00:00
[2025-02-28T20:20:30.492+0200] {processor.py:208} INFO - Processing /Users/nampham/.pyenv/versions/3.12.9/lib/python3.12/site-packages/airflow/example_dags/example_sla_dag.py took 0.087 seconds
[2025-02-28T20:21:50.766+0200] {processor.py:186} INFO - Started process (PID=134) to work on /Users/nampham/.pyenv/versions/3.12.9/lib/python3.12/site-packages/airflow/example_dags/example_sla_dag.py
[2025-02-28T20:21:50.767+0200] {processor.py:914} INFO - Processing file /Users/nampham/.pyenv/versions/3.12.9/lib/python3.12/site-packages/airflow/example_dags/example_sla_dag.py for tasks to queue
[2025-02-28T20:21:50.767+0200] {logging_mixin.py:190} INFO - [2025-02-28T20:21:50.767+0200] {dagbag.py:588} INFO - Filling up the DagBag from /Users/nampham/.pyenv/versions/3.12.9/lib/python3.12/site-packages/airflow/example_dags/example_sla_dag.py
[2025-02-28T20:21:50.806+0200] {processor.py:925} INFO - DAG(s) 'example_sla_dag' retrieved from /Users/nampham/.pyenv/versions/3.12.9/lib/python3.12/site-packages/airflow/example_dags/example_sla_dag.py
[2025-02-28T20:21:50.839+0200] {logging_mixin.py:190} INFO - [2025-02-28T20:21:50.839+0200] {dag.py:3239} INFO - Sync 1 DAGs
[2025-02-28T20:21:50.846+0200] {logging_mixin.py:190} INFO - [2025-02-28T20:21:50.846+0200] {dag.py:4180} INFO - Setting next_dagrun for example_sla_dag to 2025-02-28 18:18:00+00:00, run_after=2025-02-28 18:20:00+00:00
[2025-02-28T20:21:50.853+0200] {processor.py:208} INFO - Processing /Users/nampham/.pyenv/versions/3.12.9/lib/python3.12/site-packages/airflow/example_dags/example_sla_dag.py took 0.088 seconds
[2025-02-28T20:23:04.604+0200] {processor.py:186} INFO - Started process (PID=387) to work on /Users/nampham/.pyenv/versions/3.12.9/lib/python3.12/site-packages/airflow/example_dags/example_sla_dag.py
[2025-02-28T20:23:04.605+0200] {processor.py:914} INFO - Processing file /Users/nampham/.pyenv/versions/3.12.9/lib/python3.12/site-packages/airflow/example_dags/example_sla_dag.py for tasks to queue
[2025-02-28T20:23:04.605+0200] {logging_mixin.py:190} INFO - [2025-02-28T20:23:04.605+0200] {dagbag.py:588} INFO - Filling up the DagBag from /Users/nampham/.pyenv/versions/3.12.9/lib/python3.12/site-packages/airflow/example_dags/example_sla_dag.py
[2025-02-28T20:23:04.643+0200] {processor.py:925} INFO - DAG(s) 'example_sla_dag' retrieved from /Users/nampham/.pyenv/versions/3.12.9/lib/python3.12/site-packages/airflow/example_dags/example_sla_dag.py
[2025-02-28T20:23:04.677+0200] {logging_mixin.py:190} INFO - [2025-02-28T20:23:04.677+0200] {dag.py:3239} INFO - Sync 1 DAGs
[2025-02-28T20:23:04.684+0200] {logging_mixin.py:190} INFO - [2025-02-28T20:23:04.684+0200] {dag.py:4180} INFO - Setting next_dagrun for example_sla_dag to 2025-02-28 18:20:00+00:00, run_after=2025-02-28 18:22:00+00:00
[2025-02-28T20:23:04.691+0200] {processor.py:208} INFO - Processing /Users/nampham/.pyenv/versions/3.12.9/lib/python3.12/site-packages/airflow/example_dags/example_sla_dag.py took 0.089 seconds
[2025-02-28T21:27:52.521+0200] {processor.py:186} INFO - Started process (PID=5511) to work on /Users/nampham/.pyenv/versions/3.12.9/lib/python3.12/site-packages/airflow/example_dags/example_sla_dag.py
[2025-02-28T21:27:52.522+0200] {processor.py:914} INFO - Processing file /Users/nampham/.pyenv/versions/3.12.9/lib/python3.12/site-packages/airflow/example_dags/example_sla_dag.py for tasks to queue
[2025-02-28T21:27:52.522+0200] {logging_mixin.py:190} INFO - [2025-02-28T21:27:52.522+0200] {dagbag.py:588} INFO - Filling up the DagBag from /Users/nampham/.pyenv/versions/3.12.9/lib/python3.12/site-packages/airflow/example_dags/example_sla_dag.py
[2025-02-28T21:27:52.561+0200] {processor.py:925} INFO - DAG(s) 'example_sla_dag' retrieved from /Users/nampham/.pyenv/versions/3.12.9/lib/python3.12/site-packages/airflow/example_dags/example_sla_dag.py
[2025-02-28T21:27:52.594+0200] {logging_mixin.py:190} INFO - [2025-02-28T21:27:52.594+0200] {dag.py:3239} INFO - Sync 1 DAGs
[2025-02-28T21:27:52.601+0200] {logging_mixin.py:190} INFO - [2025-02-28T21:27:52.601+0200] {dag.py:4180} INFO - Setting next_dagrun for example_sla_dag to 2025-02-28 19:24:00+00:00, run_after=2025-02-28 19:26:00+00:00
[2025-02-28T21:27:52.608+0200] {processor.py:208} INFO - Processing /Users/nampham/.pyenv/versions/3.12.9/lib/python3.12/site-packages/airflow/example_dags/example_sla_dag.py took 0.087 seconds
[2025-02-28T21:30:38.291+0200] {processor.py:186} INFO - Started process (PID=6173) to work on /Users/nampham/.pyenv/versions/3.12.9/lib/python3.12/site-packages/airflow/example_dags/example_sla_dag.py
[2025-02-28T21:30:38.292+0200] {processor.py:914} INFO - Processing file /Users/nampham/.pyenv/versions/3.12.9/lib/python3.12/site-packages/airflow/example_dags/example_sla_dag.py for tasks to queue
[2025-02-28T21:30:38.292+0200] {logging_mixin.py:190} INFO - [2025-02-28T21:30:38.292+0200] {dagbag.py:588} INFO - Filling up the DagBag from /Users/nampham/.pyenv/versions/3.12.9/lib/python3.12/site-packages/airflow/example_dags/example_sla_dag.py
[2025-02-28T21:30:38.331+0200] {processor.py:925} INFO - DAG(s) 'example_sla_dag' retrieved from /Users/nampham/.pyenv/versions/3.12.9/lib/python3.12/site-packages/airflow/example_dags/example_sla_dag.py
[2025-02-28T21:30:38.364+0200] {logging_mixin.py:190} INFO - [2025-02-28T21:30:38.364+0200] {dag.py:3239} INFO - Sync 1 DAGs
[2025-02-28T21:30:38.372+0200] {logging_mixin.py:190} INFO - [2025-02-28T21:30:38.372+0200] {dag.py:4180} INFO - Setting next_dagrun for example_sla_dag to 2025-02-28 19:28:00+00:00, run_after=2025-02-28 19:30:00+00:00
[2025-02-28T21:30:38.379+0200] {processor.py:208} INFO - Processing /Users/nampham/.pyenv/versions/3.12.9/lib/python3.12/site-packages/airflow/example_dags/example_sla_dag.py took 0.089 seconds
[2025-02-28T21:32:26.299+0200] {processor.py:186} INFO - Started process (PID=6603) to work on /Users/nampham/.pyenv/versions/3.12.9/lib/python3.12/site-packages/airflow/example_dags/example_sla_dag.py
[2025-02-28T21:32:26.301+0200] {processor.py:914} INFO - Processing file /Users/nampham/.pyenv/versions/3.12.9/lib/python3.12/site-packages/airflow/example_dags/example_sla_dag.py for tasks to queue
[2025-02-28T21:32:26.301+0200] {logging_mixin.py:190} INFO - [2025-02-28T21:32:26.301+0200] {dagbag.py:588} INFO - Filling up the DagBag from /Users/nampham/.pyenv/versions/3.12.9/lib/python3.12/site-packages/airflow/example_dags/example_sla_dag.py
[2025-02-28T21:32:26.342+0200] {processor.py:925} INFO - DAG(s) 'example_sla_dag' retrieved from /Users/nampham/.pyenv/versions/3.12.9/lib/python3.12/site-packages/airflow/example_dags/example_sla_dag.py
[2025-02-28T21:32:26.376+0200] {logging_mixin.py:190} INFO - [2025-02-28T21:32:26.376+0200] {dag.py:3239} INFO - Sync 1 DAGs
[2025-02-28T21:32:26.383+0200] {logging_mixin.py:190} INFO - [2025-02-28T21:32:26.383+0200] {dag.py:4180} INFO - Setting next_dagrun for example_sla_dag to 2025-02-28 19:30:00+00:00, run_after=2025-02-28 19:32:00+00:00
[2025-02-28T21:32:26.390+0200] {processor.py:208} INFO - Processing /Users/nampham/.pyenv/versions/3.12.9/lib/python3.12/site-packages/airflow/example_dags/example_sla_dag.py took 0.092 seconds
[2025-02-28T21:33:44.717+0200] {processor.py:186} INFO - Started process (PID=7109) to work on /Users/nampham/.pyenv/versions/3.12.9/lib/python3.12/site-packages/airflow/example_dags/example_sla_dag.py
[2025-02-28T21:33:44.718+0200] {processor.py:914} INFO - Processing file /Users/nampham/.pyenv/versions/3.12.9/lib/python3.12/site-packages/airflow/example_dags/example_sla_dag.py for tasks to queue
[2025-02-28T21:33:44.718+0200] {logging_mixin.py:190} INFO - [2025-02-28T21:33:44.718+0200] {dagbag.py:588} INFO - Filling up the DagBag from /Users/nampham/.pyenv/versions/3.12.9/lib/python3.12/site-packages/airflow/example_dags/example_sla_dag.py
[2025-02-28T21:33:44.755+0200] {processor.py:925} INFO - DAG(s) 'example_sla_dag' retrieved from /Users/nampham/.pyenv/versions/3.12.9/lib/python3.12/site-packages/airflow/example_dags/example_sla_dag.py
[2025-02-28T21:33:44.789+0200] {logging_mixin.py:190} INFO - [2025-02-28T21:33:44.789+0200] {dag.py:3239} INFO - Sync 1 DAGs
[2025-02-28T21:33:44.796+0200] {logging_mixin.py:190} INFO - [2025-02-28T21:33:44.796+0200] {dag.py:4180} INFO - Setting next_dagrun for example_sla_dag to 2025-02-28 19:30:00+00:00, run_after=2025-02-28 19:32:00+00:00
[2025-02-28T21:33:44.803+0200] {processor.py:208} INFO - Processing /Users/nampham/.pyenv/versions/3.12.9/lib/python3.12/site-packages/airflow/example_dags/example_sla_dag.py took 0.087 seconds
[2025-02-28T21:35:04.553+0200] {processor.py:186} INFO - Started process (PID=7403) to work on /Users/nampham/.pyenv/versions/3.12.9/lib/python3.12/site-packages/airflow/example_dags/example_sla_dag.py
[2025-02-28T21:35:04.554+0200] {processor.py:914} INFO - Processing file /Users/nampham/.pyenv/versions/3.12.9/lib/python3.12/site-packages/airflow/example_dags/example_sla_dag.py for tasks to queue
[2025-02-28T21:35:04.555+0200] {logging_mixin.py:190} INFO - [2025-02-28T21:35:04.555+0200] {dagbag.py:588} INFO - Filling up the DagBag from /Users/nampham/.pyenv/versions/3.12.9/lib/python3.12/site-packages/airflow/example_dags/example_sla_dag.py
[2025-02-28T21:35:04.595+0200] {processor.py:925} INFO - DAG(s) 'example_sla_dag' retrieved from /Users/nampham/.pyenv/versions/3.12.9/lib/python3.12/site-packages/airflow/example_dags/example_sla_dag.py
[2025-02-28T21:35:04.629+0200] {logging_mixin.py:190} INFO - [2025-02-28T21:35:04.629+0200] {dag.py:3239} INFO - Sync 1 DAGs
[2025-02-28T21:35:04.637+0200] {logging_mixin.py:190} INFO - [2025-02-28T21:35:04.637+0200] {dag.py:4180} INFO - Setting next_dagrun for example_sla_dag to 2025-02-28 19:32:00+00:00, run_after=2025-02-28 19:34:00+00:00
[2025-02-28T21:35:04.643+0200] {processor.py:208} INFO - Processing /Users/nampham/.pyenv/versions/3.12.9/lib/python3.12/site-packages/airflow/example_dags/example_sla_dag.py took 0.092 seconds
[2025-02-28T21:37:01.026+0200] {processor.py:186} INFO - Started process (PID=7896) to work on /Users/nampham/.pyenv/versions/3.12.9/lib/python3.12/site-packages/airflow/example_dags/example_sla_dag.py
[2025-02-28T21:37:01.026+0200] {processor.py:914} INFO - Processing file /Users/nampham/.pyenv/versions/3.12.9/lib/python3.12/site-packages/airflow/example_dags/example_sla_dag.py for tasks to queue
[2025-02-28T21:37:01.027+0200] {logging_mixin.py:190} INFO - [2025-02-28T21:37:01.027+0200] {dagbag.py:588} INFO - Filling up the DagBag from /Users/nampham/.pyenv/versions/3.12.9/lib/python3.12/site-packages/airflow/example_dags/example_sla_dag.py
[2025-02-28T21:37:01.065+0200] {processor.py:925} INFO - DAG(s) 'example_sla_dag' retrieved from /Users/nampham/.pyenv/versions/3.12.9/lib/python3.12/site-packages/airflow/example_dags/example_sla_dag.py
[2025-02-28T21:37:01.129+0200] {logging_mixin.py:190} INFO - [2025-02-28T21:37:01.129+0200] {override.py:1930} INFO - Created Permission View: can delete on DAG:example_sla_dag
[2025-02-28T21:37:01.132+0200] {logging_mixin.py:190} INFO - [2025-02-28T21:37:01.132+0200] {override.py:1930} INFO - Created Permission View: can read on DAG:example_sla_dag
[2025-02-28T21:37:01.134+0200] {logging_mixin.py:190} INFO - [2025-02-28T21:37:01.134+0200] {override.py:1930} INFO - Created Permission View: can edit on DAG:example_sla_dag
[2025-02-28T21:37:01.136+0200] {logging_mixin.py:190} INFO - [2025-02-28T21:37:01.136+0200] {override.py:1930} INFO - Created Permission View: can delete on DAG Run:example_sla_dag
[2025-02-28T21:37:01.138+0200] {logging_mixin.py:190} INFO - [2025-02-28T21:37:01.138+0200] {override.py:1930} INFO - Created Permission View: can read on DAG Run:example_sla_dag
[2025-02-28T21:37:01.140+0200] {logging_mixin.py:190} INFO - [2025-02-28T21:37:01.139+0200] {override.py:1930} INFO - Created Permission View: can create on DAG Run:example_sla_dag
[2025-02-28T21:37:01.141+0200] {logging_mixin.py:190} INFO - [2025-02-28T21:37:01.141+0200] {override.py:1930} INFO - Created Permission View: menu access on DAG Run:example_sla_dag
[2025-02-28T21:37:01.141+0200] {logging_mixin.py:190} INFO - [2025-02-28T21:37:01.141+0200] {dag.py:3239} INFO - Sync 1 DAGs
[2025-02-28T21:37:01.146+0200] {logging_mixin.py:190} INFO - [2025-02-28T21:37:01.146+0200] {dag.py:3262} INFO - Creating ORM DAG for example_sla_dag
[2025-02-28T21:37:01.150+0200] {logging_mixin.py:190} INFO - [2025-02-28T21:37:01.149+0200] {dag.py:4180} INFO - Setting next_dagrun for example_sla_dag to 2025-02-28 19:34:00+00:00, run_after=2025-02-28 19:36:00+00:00
[2025-02-28T21:37:01.155+0200] {processor.py:208} INFO - Processing /Users/nampham/.pyenv/versions/3.12.9/lib/python3.12/site-packages/airflow/example_dags/example_sla_dag.py took 0.130 seconds
[2025-02-28T21:38:51.538+0200] {processor.py:186} INFO - Started process (PID=8325) to work on /Users/nampham/.pyenv/versions/3.12.9/lib/python3.12/site-packages/airflow/example_dags/example_sla_dag.py
[2025-02-28T21:38:51.539+0200] {processor.py:914} INFO - Processing file /Users/nampham/.pyenv/versions/3.12.9/lib/python3.12/site-packages/airflow/example_dags/example_sla_dag.py for tasks to queue
[2025-02-28T21:38:51.540+0200] {logging_mixin.py:190} INFO - [2025-02-28T21:38:51.540+0200] {dagbag.py:588} INFO - Filling up the DagBag from /Users/nampham/.pyenv/versions/3.12.9/lib/python3.12/site-packages/airflow/example_dags/example_sla_dag.py
[2025-02-28T21:38:51.577+0200] {processor.py:925} INFO - DAG(s) 'example_sla_dag' retrieved from /Users/nampham/.pyenv/versions/3.12.9/lib/python3.12/site-packages/airflow/example_dags/example_sla_dag.py
[2025-02-28T21:38:51.610+0200] {logging_mixin.py:190} INFO - [2025-02-28T21:38:51.610+0200] {dag.py:3239} INFO - Sync 1 DAGs
[2025-02-28T21:38:51.618+0200] {logging_mixin.py:190} INFO - [2025-02-28T21:38:51.618+0200] {dag.py:4180} INFO - Setting next_dagrun for example_sla_dag to 2025-02-28 19:36:00+00:00, run_after=2025-02-28 19:38:00+00:00
[2025-02-28T21:38:51.624+0200] {processor.py:208} INFO - Processing /Users/nampham/.pyenv/versions/3.12.9/lib/python3.12/site-packages/airflow/example_dags/example_sla_dag.py took 0.087 seconds
[2025-02-28T21:40:09.796+0200] {processor.py:186} INFO - Started process (PID=8615) to work on /Users/nampham/.pyenv/versions/3.12.9/lib/python3.12/site-packages/airflow/example_dags/example_sla_dag.py
[2025-02-28T21:40:09.797+0200] {processor.py:914} INFO - Processing file /Users/nampham/.pyenv/versions/3.12.9/lib/python3.12/site-packages/airflow/example_dags/example_sla_dag.py for tasks to queue
[2025-02-28T21:40:09.798+0200] {logging_mixin.py:190} INFO - [2025-02-28T21:40:09.798+0200] {dagbag.py:588} INFO - Filling up the DagBag from /Users/nampham/.pyenv/versions/3.12.9/lib/python3.12/site-packages/airflow/example_dags/example_sla_dag.py
[2025-02-28T21:40:09.847+0200] {processor.py:925} INFO - DAG(s) 'example_sla_dag' retrieved from /Users/nampham/.pyenv/versions/3.12.9/lib/python3.12/site-packages/airflow/example_dags/example_sla_dag.py
[2025-02-28T21:40:09.886+0200] {logging_mixin.py:190} INFO - [2025-02-28T21:40:09.886+0200] {dag.py:3239} INFO - Sync 1 DAGs
[2025-02-28T21:40:09.899+0200] {logging_mixin.py:190} INFO - [2025-02-28T21:40:09.899+0200] {dag.py:4180} INFO - Setting next_dagrun for example_sla_dag to 2025-02-28 19:38:00+00:00, run_after=2025-02-28 19:40:00+00:00
[2025-02-28T21:40:09.906+0200] {processor.py:208} INFO - Processing /Users/nampham/.pyenv/versions/3.12.9/lib/python3.12/site-packages/airflow/example_dags/example_sla_dag.py took 0.111 seconds
[2025-02-28T21:42:29.067+0200] {processor.py:186} INFO - Started process (PID=9214) to work on /Users/nampham/.pyenv/versions/3.12.9/lib/python3.12/site-packages/airflow/example_dags/example_sla_dag.py
[2025-02-28T21:42:29.068+0200] {processor.py:914} INFO - Processing file /Users/nampham/.pyenv/versions/3.12.9/lib/python3.12/site-packages/airflow/example_dags/example_sla_dag.py for tasks to queue
[2025-02-28T21:42:29.068+0200] {logging_mixin.py:190} INFO - [2025-02-28T21:42:29.068+0200] {dagbag.py:588} INFO - Filling up the DagBag from /Users/nampham/.pyenv/versions/3.12.9/lib/python3.12/site-packages/airflow/example_dags/example_sla_dag.py
[2025-02-28T21:42:29.109+0200] {processor.py:925} INFO - DAG(s) 'example_sla_dag' retrieved from /Users/nampham/.pyenv/versions/3.12.9/lib/python3.12/site-packages/airflow/example_dags/example_sla_dag.py
[2025-02-28T21:42:29.176+0200] {logging_mixin.py:190} INFO - [2025-02-28T21:42:29.176+0200] {override.py:1930} INFO - Created Permission View: can read on DAG:example_sla_dag
[2025-02-28T21:42:29.179+0200] {logging_mixin.py:190} INFO - [2025-02-28T21:42:29.179+0200] {override.py:1930} INFO - Created Permission View: can edit on DAG:example_sla_dag
[2025-02-28T21:42:29.181+0200] {logging_mixin.py:190} INFO - [2025-02-28T21:42:29.181+0200] {override.py:1930} INFO - Created Permission View: can delete on DAG:example_sla_dag
[2025-02-28T21:42:29.183+0200] {logging_mixin.py:190} INFO - [2025-02-28T21:42:29.183+0200] {override.py:1930} INFO - Created Permission View: can create on DAG Run:example_sla_dag
[2025-02-28T21:42:29.185+0200] {logging_mixin.py:190} INFO - [2025-02-28T21:42:29.185+0200] {override.py:1930} INFO - Created Permission View: menu access on DAG Run:example_sla_dag
[2025-02-28T21:42:29.187+0200] {logging_mixin.py:190} INFO - [2025-02-28T21:42:29.187+0200] {override.py:1930} INFO - Created Permission View: can read on DAG Run:example_sla_dag
[2025-02-28T21:42:29.190+0200] {logging_mixin.py:190} INFO - [2025-02-28T21:42:29.190+0200] {override.py:1930} INFO - Created Permission View: can delete on DAG Run:example_sla_dag
[2025-02-28T21:42:29.191+0200] {logging_mixin.py:190} INFO - [2025-02-28T21:42:29.190+0200] {dag.py:3239} INFO - Sync 1 DAGs
[2025-02-28T21:42:29.196+0200] {logging_mixin.py:190} INFO - [2025-02-28T21:42:29.196+0200] {dag.py:3262} INFO - Creating ORM DAG for example_sla_dag
[2025-02-28T21:42:29.201+0200] {logging_mixin.py:190} INFO - [2025-02-28T21:42:29.201+0200] {dag.py:4180} INFO - Setting next_dagrun for example_sla_dag to 2025-02-28 19:40:00+00:00, run_after=2025-02-28 19:42:00+00:00
[2025-02-28T21:42:29.207+0200] {processor.py:208} INFO - Processing /Users/nampham/.pyenv/versions/3.12.9/lib/python3.12/site-packages/airflow/example_dags/example_sla_dag.py took 0.141 seconds
[2025-02-28T21:43:35.142+0200] {processor.py:186} INFO - Started process (PID=9577) to work on /Users/nampham/.pyenv/versions/3.12.9/lib/python3.12/site-packages/airflow/example_dags/example_sla_dag.py
[2025-02-28T21:43:35.142+0200] {processor.py:914} INFO - Processing file /Users/nampham/.pyenv/versions/3.12.9/lib/python3.12/site-packages/airflow/example_dags/example_sla_dag.py for tasks to queue
[2025-02-28T21:43:35.143+0200] {logging_mixin.py:190} INFO - [2025-02-28T21:43:35.143+0200] {dagbag.py:588} INFO - Filling up the DagBag from /Users/nampham/.pyenv/versions/3.12.9/lib/python3.12/site-packages/airflow/example_dags/example_sla_dag.py
[2025-02-28T21:43:35.181+0200] {processor.py:925} INFO - DAG(s) 'example_sla_dag' retrieved from /Users/nampham/.pyenv/versions/3.12.9/lib/python3.12/site-packages/airflow/example_dags/example_sla_dag.py
[2025-02-28T21:43:35.214+0200] {logging_mixin.py:190} INFO - [2025-02-28T21:43:35.214+0200] {dag.py:3239} INFO - Sync 1 DAGs
[2025-02-28T21:43:35.221+0200] {logging_mixin.py:190} INFO - [2025-02-28T21:43:35.221+0200] {dag.py:4180} INFO - Setting next_dagrun for example_sla_dag to 2025-02-28 19:40:00+00:00, run_after=2025-02-28 19:42:00+00:00
[2025-02-28T21:43:35.228+0200] {processor.py:208} INFO - Processing /Users/nampham/.pyenv/versions/3.12.9/lib/python3.12/site-packages/airflow/example_dags/example_sla_dag.py took 0.087 seconds
[2025-02-28T21:45:36.422+0200] {processor.py:186} INFO - Started process (PID=10124) to work on /Users/nampham/.pyenv/versions/3.12.9/lib/python3.12/site-packages/airflow/example_dags/example_sla_dag.py
[2025-02-28T21:45:36.423+0200] {processor.py:914} INFO - Processing file /Users/nampham/.pyenv/versions/3.12.9/lib/python3.12/site-packages/airflow/example_dags/example_sla_dag.py for tasks to queue
[2025-02-28T21:45:36.423+0200] {logging_mixin.py:190} INFO - [2025-02-28T21:45:36.423+0200] {dagbag.py:588} INFO - Filling up the DagBag from /Users/nampham/.pyenv/versions/3.12.9/lib/python3.12/site-packages/airflow/example_dags/example_sla_dag.py
[2025-02-28T21:45:36.461+0200] {processor.py:925} INFO - DAG(s) 'example_sla_dag' retrieved from /Users/nampham/.pyenv/versions/3.12.9/lib/python3.12/site-packages/airflow/example_dags/example_sla_dag.py
[2025-02-28T21:45:36.494+0200] {logging_mixin.py:190} INFO - [2025-02-28T21:45:36.494+0200] {dag.py:3239} INFO - Sync 1 DAGs
[2025-02-28T21:45:36.501+0200] {logging_mixin.py:190} INFO - [2025-02-28T21:45:36.501+0200] {dag.py:4180} INFO - Setting next_dagrun for example_sla_dag to 2025-02-28 19:42:00+00:00, run_after=2025-02-28 19:44:00+00:00
[2025-02-28T21:45:36.508+0200] {processor.py:208} INFO - Processing /Users/nampham/.pyenv/versions/3.12.9/lib/python3.12/site-packages/airflow/example_dags/example_sla_dag.py took 0.087 seconds
[2025-02-28T21:47:57.373+0200] {processor.py:186} INFO - Started process (PID=10658) to work on /Users/nampham/.pyenv/versions/3.12.9/lib/python3.12/site-packages/airflow/example_dags/example_sla_dag.py
[2025-02-28T21:47:57.374+0200] {processor.py:914} INFO - Processing file /Users/nampham/.pyenv/versions/3.12.9/lib/python3.12/site-packages/airflow/example_dags/example_sla_dag.py for tasks to queue
[2025-02-28T21:47:57.374+0200] {logging_mixin.py:190} INFO - [2025-02-28T21:47:57.374+0200] {dagbag.py:588} INFO - Filling up the DagBag from /Users/nampham/.pyenv/versions/3.12.9/lib/python3.12/site-packages/airflow/example_dags/example_sla_dag.py
[2025-02-28T21:47:57.412+0200] {processor.py:925} INFO - DAG(s) 'example_sla_dag' retrieved from /Users/nampham/.pyenv/versions/3.12.9/lib/python3.12/site-packages/airflow/example_dags/example_sla_dag.py
[2025-02-28T21:47:57.445+0200] {logging_mixin.py:190} INFO - [2025-02-28T21:47:57.445+0200] {dag.py:3239} INFO - Sync 1 DAGs
[2025-02-28T21:47:57.453+0200] {logging_mixin.py:190} INFO - [2025-02-28T21:47:57.453+0200] {dag.py:4180} INFO - Setting next_dagrun for example_sla_dag to 2025-02-28 19:44:00+00:00, run_after=2025-02-28 19:46:00+00:00
[2025-02-28T21:47:57.459+0200] {processor.py:208} INFO - Processing /Users/nampham/.pyenv/versions/3.12.9/lib/python3.12/site-packages/airflow/example_dags/example_sla_dag.py took 0.087 seconds
[2025-02-28T22:27:51.130+0200] {processor.py:186} INFO - Started process (PID=18093) to work on /Users/nampham/.pyenv/versions/3.12.9/lib/python3.12/site-packages/airflow/example_dags/example_sla_dag.py
[2025-02-28T22:27:51.131+0200] {processor.py:914} INFO - Processing file /Users/nampham/.pyenv/versions/3.12.9/lib/python3.12/site-packages/airflow/example_dags/example_sla_dag.py for tasks to queue
[2025-02-28T22:27:51.131+0200] {logging_mixin.py:190} INFO - [2025-02-28T22:27:51.131+0200] {dagbag.py:588} INFO - Filling up the DagBag from /Users/nampham/.pyenv/versions/3.12.9/lib/python3.12/site-packages/airflow/example_dags/example_sla_dag.py
[2025-02-28T22:27:51.169+0200] {processor.py:925} INFO - DAG(s) 'example_sla_dag' retrieved from /Users/nampham/.pyenv/versions/3.12.9/lib/python3.12/site-packages/airflow/example_dags/example_sla_dag.py
[2025-02-28T22:27:51.232+0200] {logging_mixin.py:190} INFO - [2025-02-28T22:27:51.232+0200] {override.py:1930} INFO - Created Permission View: can read on DAG:example_sla_dag
[2025-02-28T22:27:51.235+0200] {logging_mixin.py:190} INFO - [2025-02-28T22:27:51.235+0200] {override.py:1930} INFO - Created Permission View: can delete on DAG:example_sla_dag
[2025-02-28T22:27:51.236+0200] {logging_mixin.py:190} INFO - [2025-02-28T22:27:51.236+0200] {override.py:1930} INFO - Created Permission View: can edit on DAG:example_sla_dag
[2025-02-28T22:27:51.240+0200] {logging_mixin.py:190} INFO - [2025-02-28T22:27:51.240+0200] {override.py:1930} INFO - Created Permission View: can read on DAG Run:example_sla_dag
[2025-02-28T22:27:51.242+0200] {logging_mixin.py:190} INFO - [2025-02-28T22:27:51.242+0200] {override.py:1930} INFO - Created Permission View: can delete on DAG Run:example_sla_dag
[2025-02-28T22:27:51.245+0200] {logging_mixin.py:190} INFO - [2025-02-28T22:27:51.245+0200] {override.py:1930} INFO - Created Permission View: can create on DAG Run:example_sla_dag
[2025-02-28T22:27:51.247+0200] {logging_mixin.py:190} INFO - [2025-02-28T22:27:51.247+0200] {override.py:1930} INFO - Created Permission View: menu access on DAG Run:example_sla_dag
[2025-02-28T22:27:51.247+0200] {logging_mixin.py:190} INFO - [2025-02-28T22:27:51.247+0200] {dag.py:3239} INFO - Sync 1 DAGs
[2025-02-28T22:27:51.251+0200] {logging_mixin.py:190} INFO - [2025-02-28T22:27:51.251+0200] {dag.py:3262} INFO - Creating ORM DAG for example_sla_dag
[2025-02-28T22:27:51.255+0200] {logging_mixin.py:190} INFO - [2025-02-28T22:27:51.255+0200] {dag.py:4180} INFO - Setting next_dagrun for example_sla_dag to 2025-02-28 20:24:00+00:00, run_after=2025-02-28 20:26:00+00:00
[2025-02-28T22:27:51.260+0200] {processor.py:208} INFO - Processing /Users/nampham/.pyenv/versions/3.12.9/lib/python3.12/site-packages/airflow/example_dags/example_sla_dag.py took 0.131 seconds
[2025-02-28T22:35:57.199+0200] {processor.py:186} INFO - Started process (PID=19743) to work on /Users/nampham/.pyenv/versions/3.12.9/lib/python3.12/site-packages/airflow/example_dags/example_sla_dag.py
[2025-02-28T22:35:57.200+0200] {processor.py:914} INFO - Processing file /Users/nampham/.pyenv/versions/3.12.9/lib/python3.12/site-packages/airflow/example_dags/example_sla_dag.py for tasks to queue
[2025-02-28T22:35:57.201+0200] {logging_mixin.py:190} INFO - [2025-02-28T22:35:57.201+0200] {dagbag.py:588} INFO - Filling up the DagBag from /Users/nampham/.pyenv/versions/3.12.9/lib/python3.12/site-packages/airflow/example_dags/example_sla_dag.py
[2025-02-28T22:35:57.238+0200] {processor.py:925} INFO - DAG(s) 'example_sla_dag' retrieved from /Users/nampham/.pyenv/versions/3.12.9/lib/python3.12/site-packages/airflow/example_dags/example_sla_dag.py
[2025-02-28T22:35:57.301+0200] {logging_mixin.py:190} INFO - [2025-02-28T22:35:57.300+0200] {override.py:1930} INFO - Created Permission View: can delete on DAG:example_sla_dag
[2025-02-28T22:35:57.303+0200] {logging_mixin.py:190} INFO - [2025-02-28T22:35:57.303+0200] {override.py:1930} INFO - Created Permission View: can read on DAG:example_sla_dag
[2025-02-28T22:35:57.305+0200] {logging_mixin.py:190} INFO - [2025-02-28T22:35:57.305+0200] {override.py:1930} INFO - Created Permission View: can edit on DAG:example_sla_dag
[2025-02-28T22:35:57.308+0200] {logging_mixin.py:190} INFO - [2025-02-28T22:35:57.307+0200] {override.py:1930} INFO - Created Permission View: can delete on DAG Run:example_sla_dag
[2025-02-28T22:35:57.309+0200] {logging_mixin.py:190} INFO - [2025-02-28T22:35:57.309+0200] {override.py:1930} INFO - Created Permission View: can read on DAG Run:example_sla_dag
[2025-02-28T22:35:57.311+0200] {logging_mixin.py:190} INFO - [2025-02-28T22:35:57.311+0200] {override.py:1930} INFO - Created Permission View: menu access on DAG Run:example_sla_dag
[2025-02-28T22:35:57.313+0200] {logging_mixin.py:190} INFO - [2025-02-28T22:35:57.313+0200] {override.py:1930} INFO - Created Permission View: can create on DAG Run:example_sla_dag
[2025-02-28T22:35:57.313+0200] {logging_mixin.py:190} INFO - [2025-02-28T22:35:57.313+0200] {dag.py:3239} INFO - Sync 1 DAGs
[2025-02-28T22:35:57.317+0200] {logging_mixin.py:190} INFO - [2025-02-28T22:35:57.317+0200] {dag.py:3262} INFO - Creating ORM DAG for example_sla_dag
[2025-02-28T22:35:57.321+0200] {logging_mixin.py:190} INFO - [2025-02-28T22:35:57.321+0200] {dag.py:4180} INFO - Setting next_dagrun for example_sla_dag to 2025-02-28 20:32:00+00:00, run_after=2025-02-28 20:34:00+00:00
[2025-02-28T22:35:57.326+0200] {processor.py:208} INFO - Processing /Users/nampham/.pyenv/versions/3.12.9/lib/python3.12/site-packages/airflow/example_dags/example_sla_dag.py took 0.128 seconds
[2025-02-28T22:38:12.241+0200] {processor.py:186} INFO - Started process (PID=20266) to work on /Users/nampham/.pyenv/versions/3.12.9/lib/python3.12/site-packages/airflow/example_dags/example_sla_dag.py
[2025-02-28T22:38:12.242+0200] {processor.py:914} INFO - Processing file /Users/nampham/.pyenv/versions/3.12.9/lib/python3.12/site-packages/airflow/example_dags/example_sla_dag.py for tasks to queue
[2025-02-28T22:38:12.242+0200] {logging_mixin.py:190} INFO - [2025-02-28T22:38:12.242+0200] {dagbag.py:588} INFO - Filling up the DagBag from /Users/nampham/.pyenv/versions/3.12.9/lib/python3.12/site-packages/airflow/example_dags/example_sla_dag.py
[2025-02-28T22:38:12.279+0200] {processor.py:925} INFO - DAG(s) 'example_sla_dag' retrieved from /Users/nampham/.pyenv/versions/3.12.9/lib/python3.12/site-packages/airflow/example_dags/example_sla_dag.py
[2025-02-28T22:38:12.312+0200] {logging_mixin.py:190} INFO - [2025-02-28T22:38:12.312+0200] {dag.py:3239} INFO - Sync 1 DAGs
[2025-02-28T22:38:12.320+0200] {logging_mixin.py:190} INFO - [2025-02-28T22:38:12.319+0200] {dag.py:4180} INFO - Setting next_dagrun for example_sla_dag to 2025-02-28 20:36:00+00:00, run_after=2025-02-28 20:38:00+00:00
[2025-02-28T22:38:12.326+0200] {processor.py:208} INFO - Processing /Users/nampham/.pyenv/versions/3.12.9/lib/python3.12/site-packages/airflow/example_dags/example_sla_dag.py took 0.086 seconds
[2025-02-28T22:39:26.024+0200] {processor.py:186} INFO - Started process (PID=20509) to work on /Users/nampham/.pyenv/versions/3.12.9/lib/python3.12/site-packages/airflow/example_dags/example_sla_dag.py
[2025-02-28T22:39:26.026+0200] {processor.py:914} INFO - Processing file /Users/nampham/.pyenv/versions/3.12.9/lib/python3.12/site-packages/airflow/example_dags/example_sla_dag.py for tasks to queue
[2025-02-28T22:39:26.026+0200] {logging_mixin.py:190} INFO - [2025-02-28T22:39:26.026+0200] {dagbag.py:588} INFO - Filling up the DagBag from /Users/nampham/.pyenv/versions/3.12.9/lib/python3.12/site-packages/airflow/example_dags/example_sla_dag.py
[2025-02-28T22:39:26.063+0200] {processor.py:925} INFO - DAG(s) 'example_sla_dag' retrieved from /Users/nampham/.pyenv/versions/3.12.9/lib/python3.12/site-packages/airflow/example_dags/example_sla_dag.py
[2025-02-28T22:39:26.096+0200] {logging_mixin.py:190} INFO - [2025-02-28T22:39:26.096+0200] {dag.py:3239} INFO - Sync 1 DAGs
[2025-02-28T22:39:26.103+0200] {logging_mixin.py:190} INFO - [2025-02-28T22:39:26.103+0200] {dag.py:4180} INFO - Setting next_dagrun for example_sla_dag to 2025-02-28 20:36:00+00:00, run_after=2025-02-28 20:38:00+00:00
[2025-02-28T22:39:26.109+0200] {processor.py:208} INFO - Processing /Users/nampham/.pyenv/versions/3.12.9/lib/python3.12/site-packages/airflow/example_dags/example_sla_dag.py took 0.086 seconds
[2025-02-28T22:41:05.975+0200] {processor.py:186} INFO - Started process (PID=20830) to work on /Users/nampham/.pyenv/versions/3.12.9/lib/python3.12/site-packages/airflow/example_dags/example_sla_dag.py
[2025-02-28T22:41:05.977+0200] {processor.py:914} INFO - Processing file /Users/nampham/.pyenv/versions/3.12.9/lib/python3.12/site-packages/airflow/example_dags/example_sla_dag.py for tasks to queue
[2025-02-28T22:41:05.977+0200] {logging_mixin.py:190} INFO - [2025-02-28T22:41:05.977+0200] {dagbag.py:588} INFO - Filling up the DagBag from /Users/nampham/.pyenv/versions/3.12.9/lib/python3.12/site-packages/airflow/example_dags/example_sla_dag.py
[2025-02-28T22:41:06.014+0200] {processor.py:925} INFO - DAG(s) 'example_sla_dag' retrieved from /Users/nampham/.pyenv/versions/3.12.9/lib/python3.12/site-packages/airflow/example_dags/example_sla_dag.py
[2025-02-28T22:41:06.048+0200] {logging_mixin.py:190} INFO - [2025-02-28T22:41:06.047+0200] {dag.py:3239} INFO - Sync 1 DAGs
[2025-02-28T22:41:06.055+0200] {logging_mixin.py:190} INFO - [2025-02-28T22:41:06.055+0200] {dag.py:4180} INFO - Setting next_dagrun for example_sla_dag to 2025-02-28 20:38:00+00:00, run_after=2025-02-28 20:40:00+00:00
[2025-02-28T22:41:06.061+0200] {processor.py:208} INFO - Processing /Users/nampham/.pyenv/versions/3.12.9/lib/python3.12/site-packages/airflow/example_dags/example_sla_dag.py took 0.087 seconds
[2025-02-28T22:42:14.892+0200] {processor.py:186} INFO - Started process (PID=21068) to work on /Users/nampham/.pyenv/versions/3.12.9/lib/python3.12/site-packages/airflow/example_dags/example_sla_dag.py
[2025-02-28T22:42:14.892+0200] {processor.py:914} INFO - Processing file /Users/nampham/.pyenv/versions/3.12.9/lib/python3.12/site-packages/airflow/example_dags/example_sla_dag.py for tasks to queue
[2025-02-28T22:42:14.893+0200] {logging_mixin.py:190} INFO - [2025-02-28T22:42:14.893+0200] {dagbag.py:588} INFO - Filling up the DagBag from /Users/nampham/.pyenv/versions/3.12.9/lib/python3.12/site-packages/airflow/example_dags/example_sla_dag.py
[2025-02-28T22:42:14.930+0200] {processor.py:925} INFO - DAG(s) 'example_sla_dag' retrieved from /Users/nampham/.pyenv/versions/3.12.9/lib/python3.12/site-packages/airflow/example_dags/example_sla_dag.py
[2025-02-28T22:42:14.964+0200] {logging_mixin.py:190} INFO - [2025-02-28T22:42:14.963+0200] {dag.py:3239} INFO - Sync 1 DAGs
[2025-02-28T22:42:14.970+0200] {logging_mixin.py:190} INFO - [2025-02-28T22:42:14.970+0200] {dag.py:4180} INFO - Setting next_dagrun for example_sla_dag to 2025-02-28 20:40:00+00:00, run_after=2025-02-28 20:42:00+00:00
[2025-02-28T22:42:14.977+0200] {processor.py:208} INFO - Processing /Users/nampham/.pyenv/versions/3.12.9/lib/python3.12/site-packages/airflow/example_dags/example_sla_dag.py took 0.086 seconds
[2025-02-28T22:43:30.262+0200] {processor.py:186} INFO - Started process (PID=21348) to work on /Users/nampham/.pyenv/versions/3.12.9/lib/python3.12/site-packages/airflow/example_dags/example_sla_dag.py
[2025-02-28T22:43:30.263+0200] {processor.py:914} INFO - Processing file /Users/nampham/.pyenv/versions/3.12.9/lib/python3.12/site-packages/airflow/example_dags/example_sla_dag.py for tasks to queue
[2025-02-28T22:43:30.264+0200] {logging_mixin.py:190} INFO - [2025-02-28T22:43:30.264+0200] {dagbag.py:588} INFO - Filling up the DagBag from /Users/nampham/.pyenv/versions/3.12.9/lib/python3.12/site-packages/airflow/example_dags/example_sla_dag.py
[2025-02-28T22:43:30.301+0200] {processor.py:925} INFO - DAG(s) 'example_sla_dag' retrieved from /Users/nampham/.pyenv/versions/3.12.9/lib/python3.12/site-packages/airflow/example_dags/example_sla_dag.py
[2025-02-28T22:43:30.334+0200] {logging_mixin.py:190} INFO - [2025-02-28T22:43:30.334+0200] {dag.py:3239} INFO - Sync 1 DAGs
[2025-02-28T22:43:30.342+0200] {logging_mixin.py:190} INFO - [2025-02-28T22:43:30.342+0200] {dag.py:4180} INFO - Setting next_dagrun for example_sla_dag to 2025-02-28 20:40:00+00:00, run_after=2025-02-28 20:42:00+00:00
[2025-02-28T22:43:30.348+0200] {processor.py:208} INFO - Processing /Users/nampham/.pyenv/versions/3.12.9/lib/python3.12/site-packages/airflow/example_dags/example_sla_dag.py took 0.087 seconds
[2025-02-28T22:44:46.857+0200] {processor.py:186} INFO - Started process (PID=21624) to work on /Users/nampham/.pyenv/versions/3.12.9/lib/python3.12/site-packages/airflow/example_dags/example_sla_dag.py
[2025-02-28T22:44:46.858+0200] {processor.py:914} INFO - Processing file /Users/nampham/.pyenv/versions/3.12.9/lib/python3.12/site-packages/airflow/example_dags/example_sla_dag.py for tasks to queue
[2025-02-28T22:44:46.858+0200] {logging_mixin.py:190} INFO - [2025-02-28T22:44:46.858+0200] {dagbag.py:588} INFO - Filling up the DagBag from /Users/nampham/.pyenv/versions/3.12.9/lib/python3.12/site-packages/airflow/example_dags/example_sla_dag.py
[2025-02-28T22:44:46.896+0200] {processor.py:925} INFO - DAG(s) 'example_sla_dag' retrieved from /Users/nampham/.pyenv/versions/3.12.9/lib/python3.12/site-packages/airflow/example_dags/example_sla_dag.py
[2025-02-28T22:44:46.930+0200] {logging_mixin.py:190} INFO - [2025-02-28T22:44:46.930+0200] {dag.py:3239} INFO - Sync 1 DAGs
[2025-02-28T22:44:46.937+0200] {logging_mixin.py:190} INFO - [2025-02-28T22:44:46.937+0200] {dag.py:4180} INFO - Setting next_dagrun for example_sla_dag to 2025-02-28 20:42:00+00:00, run_after=2025-02-28 20:44:00+00:00
[2025-02-28T22:44:46.944+0200] {processor.py:208} INFO - Processing /Users/nampham/.pyenv/versions/3.12.9/lib/python3.12/site-packages/airflow/example_dags/example_sla_dag.py took 0.089 seconds
[2025-02-28T22:46:29.974+0200] {processor.py:186} INFO - Started process (PID=21969) to work on /Users/nampham/.pyenv/versions/3.12.9/lib/python3.12/site-packages/airflow/example_dags/example_sla_dag.py
[2025-02-28T22:46:29.974+0200] {processor.py:914} INFO - Processing file /Users/nampham/.pyenv/versions/3.12.9/lib/python3.12/site-packages/airflow/example_dags/example_sla_dag.py for tasks to queue
[2025-02-28T22:46:29.975+0200] {logging_mixin.py:190} INFO - [2025-02-28T22:46:29.975+0200] {dagbag.py:588} INFO - Filling up the DagBag from /Users/nampham/.pyenv/versions/3.12.9/lib/python3.12/site-packages/airflow/example_dags/example_sla_dag.py
[2025-02-28T22:46:30.013+0200] {processor.py:925} INFO - DAG(s) 'example_sla_dag' retrieved from /Users/nampham/.pyenv/versions/3.12.9/lib/python3.12/site-packages/airflow/example_dags/example_sla_dag.py
[2025-02-28T22:46:30.047+0200] {logging_mixin.py:190} INFO - [2025-02-28T22:46:30.046+0200] {dag.py:3239} INFO - Sync 1 DAGs
[2025-02-28T22:46:30.053+0200] {logging_mixin.py:190} INFO - [2025-02-28T22:46:30.053+0200] {dag.py:4180} INFO - Setting next_dagrun for example_sla_dag to 2025-02-28 20:44:00+00:00, run_after=2025-02-28 20:46:00+00:00
[2025-02-28T22:46:30.060+0200] {processor.py:208} INFO - Processing /Users/nampham/.pyenv/versions/3.12.9/lib/python3.12/site-packages/airflow/example_dags/example_sla_dag.py took 0.088 seconds
[2025-02-28T22:48:28.535+0200] {processor.py:186} INFO - Started process (PID=22271) to work on /Users/nampham/.pyenv/versions/3.12.9/lib/python3.12/site-packages/airflow/example_dags/example_sla_dag.py
[2025-02-28T22:48:28.536+0200] {processor.py:914} INFO - Processing file /Users/nampham/.pyenv/versions/3.12.9/lib/python3.12/site-packages/airflow/example_dags/example_sla_dag.py for tasks to queue
[2025-02-28T22:48:28.536+0200] {logging_mixin.py:190} INFO - [2025-02-28T22:48:28.536+0200] {dagbag.py:588} INFO - Filling up the DagBag from /Users/nampham/.pyenv/versions/3.12.9/lib/python3.12/site-packages/airflow/example_dags/example_sla_dag.py
[2025-02-28T22:48:28.574+0200] {processor.py:925} INFO - DAG(s) 'example_sla_dag' retrieved from /Users/nampham/.pyenv/versions/3.12.9/lib/python3.12/site-packages/airflow/example_dags/example_sla_dag.py
[2025-02-28T22:48:28.606+0200] {logging_mixin.py:190} INFO - [2025-02-28T22:48:28.606+0200] {dag.py:3239} INFO - Sync 1 DAGs
[2025-02-28T22:48:28.613+0200] {logging_mixin.py:190} INFO - [2025-02-28T22:48:28.613+0200] {dag.py:4180} INFO - Setting next_dagrun for example_sla_dag to 2025-02-28 20:46:00+00:00, run_after=2025-02-28 20:48:00+00:00
[2025-02-28T22:48:28.619+0200] {processor.py:208} INFO - Processing /Users/nampham/.pyenv/versions/3.12.9/lib/python3.12/site-packages/airflow/example_dags/example_sla_dag.py took 0.085 seconds
[2025-02-28T22:54:46.779+0200] {processor.py:186} INFO - Started process (PID=22727) to work on /Users/nampham/.pyenv/versions/3.12.9/lib/python3.12/site-packages/airflow/example_dags/example_sla_dag.py
[2025-02-28T22:54:46.780+0200] {processor.py:914} INFO - Processing file /Users/nampham/.pyenv/versions/3.12.9/lib/python3.12/site-packages/airflow/example_dags/example_sla_dag.py for tasks to queue
[2025-02-28T22:54:46.781+0200] {logging_mixin.py:190} INFO - [2025-02-28T22:54:46.781+0200] {dagbag.py:588} INFO - Filling up the DagBag from /Users/nampham/.pyenv/versions/3.12.9/lib/python3.12/site-packages/airflow/example_dags/example_sla_dag.py
[2025-02-28T22:54:46.822+0200] {processor.py:925} INFO - DAG(s) 'example_sla_dag' retrieved from /Users/nampham/.pyenv/versions/3.12.9/lib/python3.12/site-packages/airflow/example_dags/example_sla_dag.py
[2025-02-28T22:54:46.855+0200] {logging_mixin.py:190} INFO - [2025-02-28T22:54:46.855+0200] {dag.py:3239} INFO - Sync 1 DAGs
[2025-02-28T22:54:46.862+0200] {logging_mixin.py:190} INFO - [2025-02-28T22:54:46.862+0200] {dag.py:4180} INFO - Setting next_dagrun for example_sla_dag to 2025-02-28 20:52:00+00:00, run_after=2025-02-28 20:54:00+00:00
[2025-02-28T22:54:46.868+0200] {processor.py:208} INFO - Processing /Users/nampham/.pyenv/versions/3.12.9/lib/python3.12/site-packages/airflow/example_dags/example_sla_dag.py took 0.090 seconds
[2025-02-28T22:56:30.456+0200] {processor.py:186} INFO - Started process (PID=23066) to work on /Users/nampham/.pyenv/versions/3.12.9/lib/python3.12/site-packages/airflow/example_dags/example_sla_dag.py
[2025-02-28T22:56:30.458+0200] {processor.py:914} INFO - Processing file /Users/nampham/.pyenv/versions/3.12.9/lib/python3.12/site-packages/airflow/example_dags/example_sla_dag.py for tasks to queue
[2025-02-28T22:56:30.458+0200] {logging_mixin.py:190} INFO - [2025-02-28T22:56:30.458+0200] {dagbag.py:588} INFO - Filling up the DagBag from /Users/nampham/.pyenv/versions/3.12.9/lib/python3.12/site-packages/airflow/example_dags/example_sla_dag.py
[2025-02-28T22:56:30.495+0200] {processor.py:925} INFO - DAG(s) 'example_sla_dag' retrieved from /Users/nampham/.pyenv/versions/3.12.9/lib/python3.12/site-packages/airflow/example_dags/example_sla_dag.py
[2025-02-28T22:56:30.527+0200] {logging_mixin.py:190} INFO - [2025-02-28T22:56:30.527+0200] {dag.py:3239} INFO - Sync 1 DAGs
[2025-02-28T22:56:30.535+0200] {logging_mixin.py:190} INFO - [2025-02-28T22:56:30.534+0200] {dag.py:4180} INFO - Setting next_dagrun for example_sla_dag to 2025-02-28 20:54:00+00:00, run_after=2025-02-28 20:56:00+00:00
[2025-02-28T22:56:30.541+0200] {processor.py:208} INFO - Processing /Users/nampham/.pyenv/versions/3.12.9/lib/python3.12/site-packages/airflow/example_dags/example_sla_dag.py took 0.086 seconds
[2025-02-28T22:57:57.295+0200] {processor.py:186} INFO - Started process (PID=23351) to work on /Users/nampham/.pyenv/versions/3.12.9/lib/python3.12/site-packages/airflow/example_dags/example_sla_dag.py
[2025-02-28T22:57:57.295+0200] {processor.py:914} INFO - Processing file /Users/nampham/.pyenv/versions/3.12.9/lib/python3.12/site-packages/airflow/example_dags/example_sla_dag.py for tasks to queue
[2025-02-28T22:57:57.296+0200] {logging_mixin.py:190} INFO - [2025-02-28T22:57:57.295+0200] {dagbag.py:588} INFO - Filling up the DagBag from /Users/nampham/.pyenv/versions/3.12.9/lib/python3.12/site-packages/airflow/example_dags/example_sla_dag.py
[2025-02-28T22:57:57.332+0200] {processor.py:925} INFO - DAG(s) 'example_sla_dag' retrieved from /Users/nampham/.pyenv/versions/3.12.9/lib/python3.12/site-packages/airflow/example_dags/example_sla_dag.py
[2025-02-28T22:57:57.366+0200] {logging_mixin.py:190} INFO - [2025-02-28T22:57:57.366+0200] {dag.py:3239} INFO - Sync 1 DAGs
[2025-02-28T22:57:57.372+0200] {logging_mixin.py:190} INFO - [2025-02-28T22:57:57.372+0200] {dag.py:4180} INFO - Setting next_dagrun for example_sla_dag to 2025-02-28 20:54:00+00:00, run_after=2025-02-28 20:56:00+00:00
[2025-02-28T22:57:57.379+0200] {processor.py:208} INFO - Processing /Users/nampham/.pyenv/versions/3.12.9/lib/python3.12/site-packages/airflow/example_dags/example_sla_dag.py took 0.086 seconds
[2025-02-28T22:59:15.090+0200] {processor.py:186} INFO - Started process (PID=23602) to work on /Users/nampham/.pyenv/versions/3.12.9/lib/python3.12/site-packages/airflow/example_dags/example_sla_dag.py
[2025-02-28T22:59:15.091+0200] {processor.py:914} INFO - Processing file /Users/nampham/.pyenv/versions/3.12.9/lib/python3.12/site-packages/airflow/example_dags/example_sla_dag.py for tasks to queue
[2025-02-28T22:59:15.091+0200] {logging_mixin.py:190} INFO - [2025-02-28T22:59:15.091+0200] {dagbag.py:588} INFO - Filling up the DagBag from /Users/nampham/.pyenv/versions/3.12.9/lib/python3.12/site-packages/airflow/example_dags/example_sla_dag.py
[2025-02-28T22:59:15.129+0200] {processor.py:925} INFO - DAG(s) 'example_sla_dag' retrieved from /Users/nampham/.pyenv/versions/3.12.9/lib/python3.12/site-packages/airflow/example_dags/example_sla_dag.py
[2025-02-28T22:59:15.163+0200] {logging_mixin.py:190} INFO - [2025-02-28T22:59:15.163+0200] {dag.py:3239} INFO - Sync 1 DAGs
[2025-02-28T22:59:15.170+0200] {logging_mixin.py:190} INFO - [2025-02-28T22:59:15.170+0200] {dag.py:4180} INFO - Setting next_dagrun for example_sla_dag to 2025-02-28 20:56:00+00:00, run_after=2025-02-28 20:58:00+00:00
[2025-02-28T22:59:15.177+0200] {processor.py:208} INFO - Processing /Users/nampham/.pyenv/versions/3.12.9/lib/python3.12/site-packages/airflow/example_dags/example_sla_dag.py took 0.088 seconds
[2025-02-28T23:00:59.083+0200] {processor.py:186} INFO - Started process (PID=23967) to work on /Users/nampham/.pyenv/versions/3.12.9/lib/python3.12/site-packages/airflow/example_dags/example_sla_dag.py
[2025-02-28T23:00:59.084+0200] {processor.py:914} INFO - Processing file /Users/nampham/.pyenv/versions/3.12.9/lib/python3.12/site-packages/airflow/example_dags/example_sla_dag.py for tasks to queue
[2025-02-28T23:00:59.084+0200] {logging_mixin.py:190} INFO - [2025-02-28T23:00:59.084+0200] {dagbag.py:588} INFO - Filling up the DagBag from /Users/nampham/.pyenv/versions/3.12.9/lib/python3.12/site-packages/airflow/example_dags/example_sla_dag.py
[2025-02-28T23:00:59.121+0200] {processor.py:925} INFO - DAG(s) 'example_sla_dag' retrieved from /Users/nampham/.pyenv/versions/3.12.9/lib/python3.12/site-packages/airflow/example_dags/example_sla_dag.py
[2025-02-28T23:00:59.154+0200] {logging_mixin.py:190} INFO - [2025-02-28T23:00:59.154+0200] {dag.py:3239} INFO - Sync 1 DAGs
[2025-02-28T23:00:59.161+0200] {logging_mixin.py:190} INFO - [2025-02-28T23:00:59.161+0200] {dag.py:4180} INFO - Setting next_dagrun for example_sla_dag to 2025-02-28 20:58:00+00:00, run_after=2025-02-28 21:00:00+00:00
[2025-02-28T23:00:59.168+0200] {processor.py:208} INFO - Processing /Users/nampham/.pyenv/versions/3.12.9/lib/python3.12/site-packages/airflow/example_dags/example_sla_dag.py took 0.087 seconds
[2025-02-28T23:02:13.365+0200] {processor.py:186} INFO - Started process (PID=24226) to work on /Users/nampham/.pyenv/versions/3.12.9/lib/python3.12/site-packages/airflow/example_dags/example_sla_dag.py
[2025-02-28T23:02:13.366+0200] {processor.py:914} INFO - Processing file /Users/nampham/.pyenv/versions/3.12.9/lib/python3.12/site-packages/airflow/example_dags/example_sla_dag.py for tasks to queue
[2025-02-28T23:02:13.367+0200] {logging_mixin.py:190} INFO - [2025-02-28T23:02:13.366+0200] {dagbag.py:588} INFO - Filling up the DagBag from /Users/nampham/.pyenv/versions/3.12.9/lib/python3.12/site-packages/airflow/example_dags/example_sla_dag.py
[2025-02-28T23:02:13.404+0200] {processor.py:925} INFO - DAG(s) 'example_sla_dag' retrieved from /Users/nampham/.pyenv/versions/3.12.9/lib/python3.12/site-packages/airflow/example_dags/example_sla_dag.py
[2025-02-28T23:02:13.438+0200] {logging_mixin.py:190} INFO - [2025-02-28T23:02:13.438+0200] {dag.py:3239} INFO - Sync 1 DAGs
[2025-02-28T23:02:13.445+0200] {logging_mixin.py:190} INFO - [2025-02-28T23:02:13.445+0200] {dag.py:4180} INFO - Setting next_dagrun for example_sla_dag to 2025-02-28 21:00:00+00:00, run_after=2025-02-28 21:02:00+00:00
[2025-02-28T23:02:13.451+0200] {processor.py:208} INFO - Processing /Users/nampham/.pyenv/versions/3.12.9/lib/python3.12/site-packages/airflow/example_dags/example_sla_dag.py took 0.088 seconds
