[2025-02-28T18:26:01.739+0200] {processor.py:186} INFO - Started process (PID=93462) to work on /Users/nampham/.pyenv/versions/3.12.9/lib/python3.12/site-packages/airflow/example_dags/example_bash_operator.py
[2025-02-28T18:26:01.739+0200] {processor.py:914} INFO - Processing file /Users/nampham/.pyenv/versions/3.12.9/lib/python3.12/site-packages/airflow/example_dags/example_bash_operator.py for tasks to queue
[2025-02-28T18:26:01.740+0200] {logging_mixin.py:190} INFO - [2025-02-28T18:26:01.739+0200] {dagbag.py:588} INFO - Filling up the DagBag from /Users/nampham/.pyenv/versions/3.12.9/lib/python3.12/site-packages/airflow/example_dags/example_bash_operator.py
[2025-02-28T18:26:01.745+0200] {processor.py:925} INFO - DAG(s) 'example_bash_operator' retrieved from /Users/nampham/.pyenv/versions/3.12.9/lib/python3.12/site-packages/airflow/example_dags/example_bash_operator.py
[2025-02-28T18:26:01.835+0200] {logging_mixin.py:190} INFO - [2025-02-28T18:26:01.835+0200] {override.py:1930} INFO - Created Permission View: can delete on DAG:example_bash_operator
[2025-02-28T18:26:01.838+0200] {logging_mixin.py:190} INFO - [2025-02-28T18:26:01.838+0200] {override.py:1930} INFO - Created Permission View: can edit on DAG:example_bash_operator
[2025-02-28T18:26:01.840+0200] {logging_mixin.py:190} INFO - [2025-02-28T18:26:01.839+0200] {override.py:1930} INFO - Created Permission View: can read on DAG:example_bash_operator
[2025-02-28T18:26:01.842+0200] {logging_mixin.py:190} INFO - [2025-02-28T18:26:01.842+0200] {override.py:1930} INFO - Created Permission View: can delete on DAG Run:example_bash_operator
[2025-02-28T18:26:01.844+0200] {logging_mixin.py:190} INFO - [2025-02-28T18:26:01.844+0200] {override.py:1930} INFO - Created Permission View: menu access on DAG Run:example_bash_operator
[2025-02-28T18:26:01.845+0200] {logging_mixin.py:190} INFO - [2025-02-28T18:26:01.845+0200] {override.py:1930} INFO - Created Permission View: can create on DAG Run:example_bash_operator
[2025-02-28T18:26:01.847+0200] {logging_mixin.py:190} INFO - [2025-02-28T18:26:01.847+0200] {override.py:1930} INFO - Created Permission View: can read on DAG Run:example_bash_operator
[2025-02-28T18:26:01.847+0200] {logging_mixin.py:190} INFO - [2025-02-28T18:26:01.847+0200] {dag.py:3239} INFO - Sync 1 DAGs
[2025-02-28T18:26:01.851+0200] {logging_mixin.py:190} INFO - [2025-02-28T18:26:01.851+0200] {dag.py:3262} INFO - Creating ORM DAG for example_bash_operator
[2025-02-28T18:26:01.854+0200] {logging_mixin.py:190} INFO - [2025-02-28T18:26:01.854+0200] {dag.py:4180} INFO - Setting next_dagrun for example_bash_operator to 2025-02-27 00:00:00+00:00, run_after=2025-02-28 00:00:00+00:00
[2025-02-28T18:26:01.859+0200] {processor.py:208} INFO - Processing /Users/nampham/.pyenv/versions/3.12.9/lib/python3.12/site-packages/airflow/example_dags/example_bash_operator.py took 0.122 seconds
[2025-02-28T18:28:40.131+0200] {processor.py:186} INFO - Started process (PID=94109) to work on /Users/nampham/.pyenv/versions/3.12.9/lib/python3.12/site-packages/airflow/example_dags/example_bash_operator.py
[2025-02-28T18:28:40.132+0200] {processor.py:914} INFO - Processing file /Users/nampham/.pyenv/versions/3.12.9/lib/python3.12/site-packages/airflow/example_dags/example_bash_operator.py for tasks to queue
[2025-02-28T18:28:40.132+0200] {logging_mixin.py:190} INFO - [2025-02-28T18:28:40.132+0200] {dagbag.py:588} INFO - Filling up the DagBag from /Users/nampham/.pyenv/versions/3.12.9/lib/python3.12/site-packages/airflow/example_dags/example_bash_operator.py
[2025-02-28T18:28:40.138+0200] {processor.py:925} INFO - DAG(s) 'example_bash_operator' retrieved from /Users/nampham/.pyenv/versions/3.12.9/lib/python3.12/site-packages/airflow/example_dags/example_bash_operator.py
[2025-02-28T18:28:40.198+0200] {logging_mixin.py:190} INFO - [2025-02-28T18:28:40.198+0200] {dag.py:3239} INFO - Sync 1 DAGs
[2025-02-28T18:28:40.205+0200] {logging_mixin.py:190} INFO - [2025-02-28T18:28:40.205+0200] {dag.py:4180} INFO - Setting next_dagrun for example_bash_operator to 2025-02-27 00:00:00+00:00, run_after=2025-02-28 00:00:00+00:00
[2025-02-28T18:28:40.211+0200] {processor.py:208} INFO - Processing /Users/nampham/.pyenv/versions/3.12.9/lib/python3.12/site-packages/airflow/example_dags/example_bash_operator.py took 0.082 seconds
[2025-02-28T20:14:02.817+0200] {processor.py:186} INFO - Started process (PID=98169) to work on /Users/nampham/.pyenv/versions/3.12.9/lib/python3.12/site-packages/airflow/example_dags/example_bash_operator.py
[2025-02-28T20:14:02.818+0200] {processor.py:914} INFO - Processing file /Users/nampham/.pyenv/versions/3.12.9/lib/python3.12/site-packages/airflow/example_dags/example_bash_operator.py for tasks to queue
[2025-02-28T20:14:02.819+0200] {logging_mixin.py:190} INFO - [2025-02-28T20:14:02.819+0200] {dagbag.py:588} INFO - Filling up the DagBag from /Users/nampham/.pyenv/versions/3.12.9/lib/python3.12/site-packages/airflow/example_dags/example_bash_operator.py
[2025-02-28T20:14:02.824+0200] {processor.py:925} INFO - DAG(s) 'example_bash_operator' retrieved from /Users/nampham/.pyenv/versions/3.12.9/lib/python3.12/site-packages/airflow/example_dags/example_bash_operator.py
[2025-02-28T20:14:02.914+0200] {logging_mixin.py:190} INFO - [2025-02-28T20:14:02.913+0200] {dag.py:3239} INFO - Sync 1 DAGs
[2025-02-28T20:14:02.919+0200] {logging_mixin.py:190} INFO - [2025-02-28T20:14:02.919+0200] {dag.py:4180} INFO - Setting next_dagrun for example_bash_operator to 2025-02-27 00:00:00+00:00, run_after=2025-02-28 00:00:00+00:00
[2025-02-28T20:14:02.926+0200] {processor.py:208} INFO - Processing /Users/nampham/.pyenv/versions/3.12.9/lib/python3.12/site-packages/airflow/example_dags/example_bash_operator.py took 0.110 seconds
[2025-02-28T20:16:41.424+0200] {processor.py:186} INFO - Started process (PID=98764) to work on /Users/nampham/.pyenv/versions/3.12.9/lib/python3.12/site-packages/airflow/example_dags/example_bash_operator.py
[2025-02-28T20:16:41.425+0200] {processor.py:914} INFO - Processing file /Users/nampham/.pyenv/versions/3.12.9/lib/python3.12/site-packages/airflow/example_dags/example_bash_operator.py for tasks to queue
[2025-02-28T20:16:41.425+0200] {logging_mixin.py:190} INFO - [2025-02-28T20:16:41.425+0200] {dagbag.py:588} INFO - Filling up the DagBag from /Users/nampham/.pyenv/versions/3.12.9/lib/python3.12/site-packages/airflow/example_dags/example_bash_operator.py
[2025-02-28T20:16:41.430+0200] {processor.py:925} INFO - DAG(s) 'example_bash_operator' retrieved from /Users/nampham/.pyenv/versions/3.12.9/lib/python3.12/site-packages/airflow/example_dags/example_bash_operator.py
[2025-02-28T20:16:41.490+0200] {logging_mixin.py:190} INFO - [2025-02-28T20:16:41.490+0200] {dag.py:3239} INFO - Sync 1 DAGs
[2025-02-28T20:16:41.497+0200] {logging_mixin.py:190} INFO - [2025-02-28T20:16:41.497+0200] {dag.py:4180} INFO - Setting next_dagrun for example_bash_operator to 2025-02-27 00:00:00+00:00, run_after=2025-02-28 00:00:00+00:00
[2025-02-28T20:16:41.503+0200] {processor.py:208} INFO - Processing /Users/nampham/.pyenv/versions/3.12.9/lib/python3.12/site-packages/airflow/example_dags/example_bash_operator.py took 0.080 seconds
[2025-02-28T20:19:45.255+0200] {processor.py:186} INFO - Started process (PID=99536) to work on /Users/nampham/.pyenv/versions/3.12.9/lib/python3.12/site-packages/airflow/example_dags/example_bash_operator.py
[2025-02-28T20:19:45.256+0200] {processor.py:914} INFO - Processing file /Users/nampham/.pyenv/versions/3.12.9/lib/python3.12/site-packages/airflow/example_dags/example_bash_operator.py for tasks to queue
[2025-02-28T20:19:45.256+0200] {logging_mixin.py:190} INFO - [2025-02-28T20:19:45.256+0200] {dagbag.py:588} INFO - Filling up the DagBag from /Users/nampham/.pyenv/versions/3.12.9/lib/python3.12/site-packages/airflow/example_dags/example_bash_operator.py
[2025-02-28T20:19:45.262+0200] {processor.py:925} INFO - DAG(s) 'example_bash_operator' retrieved from /Users/nampham/.pyenv/versions/3.12.9/lib/python3.12/site-packages/airflow/example_dags/example_bash_operator.py
[2025-02-28T20:19:45.333+0200] {logging_mixin.py:190} INFO - [2025-02-28T20:19:45.333+0200] {dag.py:3239} INFO - Sync 1 DAGs
[2025-02-28T20:19:45.341+0200] {logging_mixin.py:190} INFO - [2025-02-28T20:19:45.341+0200] {dag.py:4180} INFO - Setting next_dagrun for example_bash_operator to 2025-02-27 00:00:00+00:00, run_after=2025-02-28 00:00:00+00:00
[2025-02-28T20:19:45.348+0200] {processor.py:208} INFO - Processing /Users/nampham/.pyenv/versions/3.12.9/lib/python3.12/site-packages/airflow/example_dags/example_bash_operator.py took 0.094 seconds
[2025-02-28T20:22:22.292+0200] {processor.py:186} INFO - Started process (PID=240) to work on /Users/nampham/.pyenv/versions/3.12.9/lib/python3.12/site-packages/airflow/example_dags/example_bash_operator.py
[2025-02-28T20:22:22.293+0200] {processor.py:914} INFO - Processing file /Users/nampham/.pyenv/versions/3.12.9/lib/python3.12/site-packages/airflow/example_dags/example_bash_operator.py for tasks to queue
[2025-02-28T20:22:22.293+0200] {logging_mixin.py:190} INFO - [2025-02-28T20:22:22.293+0200] {dagbag.py:588} INFO - Filling up the DagBag from /Users/nampham/.pyenv/versions/3.12.9/lib/python3.12/site-packages/airflow/example_dags/example_bash_operator.py
[2025-02-28T20:22:22.299+0200] {processor.py:925} INFO - DAG(s) 'example_bash_operator' retrieved from /Users/nampham/.pyenv/versions/3.12.9/lib/python3.12/site-packages/airflow/example_dags/example_bash_operator.py
[2025-02-28T20:22:22.361+0200] {logging_mixin.py:190} INFO - [2025-02-28T20:22:22.361+0200] {dag.py:3239} INFO - Sync 1 DAGs
[2025-02-28T20:22:22.368+0200] {logging_mixin.py:190} INFO - [2025-02-28T20:22:22.367+0200] {dag.py:4180} INFO - Setting next_dagrun for example_bash_operator to 2025-02-27 00:00:00+00:00, run_after=2025-02-28 00:00:00+00:00
[2025-02-28T20:22:22.374+0200] {processor.py:208} INFO - Processing /Users/nampham/.pyenv/versions/3.12.9/lib/python3.12/site-packages/airflow/example_dags/example_bash_operator.py took 0.084 seconds
[2025-02-28T21:31:42.185+0200] {processor.py:186} INFO - Started process (PID=6422) to work on /Users/nampham/.pyenv/versions/3.12.9/lib/python3.12/site-packages/airflow/example_dags/example_bash_operator.py
[2025-02-28T21:31:42.185+0200] {processor.py:914} INFO - Processing file /Users/nampham/.pyenv/versions/3.12.9/lib/python3.12/site-packages/airflow/example_dags/example_bash_operator.py for tasks to queue
[2025-02-28T21:31:42.186+0200] {logging_mixin.py:190} INFO - [2025-02-28T21:31:42.186+0200] {dagbag.py:588} INFO - Filling up the DagBag from /Users/nampham/.pyenv/versions/3.12.9/lib/python3.12/site-packages/airflow/example_dags/example_bash_operator.py
[2025-02-28T21:31:42.191+0200] {processor.py:925} INFO - DAG(s) 'example_bash_operator' retrieved from /Users/nampham/.pyenv/versions/3.12.9/lib/python3.12/site-packages/airflow/example_dags/example_bash_operator.py
[2025-02-28T21:31:42.255+0200] {logging_mixin.py:190} INFO - [2025-02-28T21:31:42.255+0200] {dag.py:3239} INFO - Sync 1 DAGs
[2025-02-28T21:31:42.262+0200] {logging_mixin.py:190} INFO - [2025-02-28T21:31:42.262+0200] {dag.py:4180} INFO - Setting next_dagrun for example_bash_operator to 2025-02-27 00:00:00+00:00, run_after=2025-02-28 00:00:00+00:00
[2025-02-28T21:31:42.268+0200] {processor.py:208} INFO - Processing /Users/nampham/.pyenv/versions/3.12.9/lib/python3.12/site-packages/airflow/example_dags/example_bash_operator.py took 0.085 seconds
[2025-02-28T21:34:18.015+0200] {processor.py:186} INFO - Started process (PID=7230) to work on /Users/nampham/.pyenv/versions/3.12.9/lib/python3.12/site-packages/airflow/example_dags/example_bash_operator.py
[2025-02-28T21:34:18.018+0200] {processor.py:914} INFO - Processing file /Users/nampham/.pyenv/versions/3.12.9/lib/python3.12/site-packages/airflow/example_dags/example_bash_operator.py for tasks to queue
[2025-02-28T21:34:18.019+0200] {logging_mixin.py:190} INFO - [2025-02-28T21:34:18.019+0200] {dagbag.py:588} INFO - Filling up the DagBag from /Users/nampham/.pyenv/versions/3.12.9/lib/python3.12/site-packages/airflow/example_dags/example_bash_operator.py
[2025-02-28T21:34:18.024+0200] {processor.py:925} INFO - DAG(s) 'example_bash_operator' retrieved from /Users/nampham/.pyenv/versions/3.12.9/lib/python3.12/site-packages/airflow/example_dags/example_bash_operator.py
[2025-02-28T21:34:18.086+0200] {logging_mixin.py:190} INFO - [2025-02-28T21:34:18.085+0200] {dag.py:3239} INFO - Sync 1 DAGs
[2025-02-28T21:34:18.093+0200] {logging_mixin.py:190} INFO - [2025-02-28T21:34:18.093+0200] {dag.py:4180} INFO - Setting next_dagrun for example_bash_operator to 2025-02-27 00:00:00+00:00, run_after=2025-02-28 00:00:00+00:00
[2025-02-28T21:34:18.100+0200] {processor.py:208} INFO - Processing /Users/nampham/.pyenv/versions/3.12.9/lib/python3.12/site-packages/airflow/example_dags/example_bash_operator.py took 0.087 seconds
[2025-02-28T21:38:07.895+0200] {processor.py:186} INFO - Started process (PID=8149) to work on /Users/nampham/.pyenv/versions/3.12.9/lib/python3.12/site-packages/airflow/example_dags/example_bash_operator.py
[2025-02-28T21:38:07.896+0200] {processor.py:914} INFO - Processing file /Users/nampham/.pyenv/versions/3.12.9/lib/python3.12/site-packages/airflow/example_dags/example_bash_operator.py for tasks to queue
[2025-02-28T21:38:07.897+0200] {logging_mixin.py:190} INFO - [2025-02-28T21:38:07.897+0200] {dagbag.py:588} INFO - Filling up the DagBag from /Users/nampham/.pyenv/versions/3.12.9/lib/python3.12/site-packages/airflow/example_dags/example_bash_operator.py
[2025-02-28T21:38:07.902+0200] {processor.py:925} INFO - DAG(s) 'example_bash_operator' retrieved from /Users/nampham/.pyenv/versions/3.12.9/lib/python3.12/site-packages/airflow/example_dags/example_bash_operator.py
[2025-02-28T21:38:07.994+0200] {logging_mixin.py:190} INFO - [2025-02-28T21:38:07.994+0200] {override.py:1930} INFO - Created Permission View: can edit on DAG:example_bash_operator
[2025-02-28T21:38:07.997+0200] {logging_mixin.py:190} INFO - [2025-02-28T21:38:07.997+0200] {override.py:1930} INFO - Created Permission View: can delete on DAG:example_bash_operator
[2025-02-28T21:38:07.999+0200] {logging_mixin.py:190} INFO - [2025-02-28T21:38:07.999+0200] {override.py:1930} INFO - Created Permission View: can read on DAG:example_bash_operator
[2025-02-28T21:38:08.002+0200] {logging_mixin.py:190} INFO - [2025-02-28T21:38:08.002+0200] {override.py:1930} INFO - Created Permission View: menu access on DAG Run:example_bash_operator
[2025-02-28T21:38:08.004+0200] {logging_mixin.py:190} INFO - [2025-02-28T21:38:08.004+0200] {override.py:1930} INFO - Created Permission View: can create on DAG Run:example_bash_operator
[2025-02-28T21:38:08.005+0200] {logging_mixin.py:190} INFO - [2025-02-28T21:38:08.005+0200] {override.py:1930} INFO - Created Permission View: can delete on DAG Run:example_bash_operator
[2025-02-28T21:38:08.007+0200] {logging_mixin.py:190} INFO - [2025-02-28T21:38:08.007+0200] {override.py:1930} INFO - Created Permission View: can read on DAG Run:example_bash_operator
[2025-02-28T21:38:08.007+0200] {logging_mixin.py:190} INFO - [2025-02-28T21:38:08.007+0200] {dag.py:3239} INFO - Sync 1 DAGs
[2025-02-28T21:38:08.011+0200] {logging_mixin.py:190} INFO - [2025-02-28T21:38:08.011+0200] {dag.py:3262} INFO - Creating ORM DAG for example_bash_operator
[2025-02-28T21:38:08.015+0200] {logging_mixin.py:190} INFO - [2025-02-28T21:38:08.015+0200] {dag.py:4180} INFO - Setting next_dagrun for example_bash_operator to 2025-02-27 00:00:00+00:00, run_after=2025-02-28 00:00:00+00:00
[2025-02-28T21:38:08.020+0200] {processor.py:208} INFO - Processing /Users/nampham/.pyenv/versions/3.12.9/lib/python3.12/site-packages/airflow/example_dags/example_bash_operator.py took 0.126 seconds
[2025-02-28T21:40:44.019+0200] {processor.py:186} INFO - Started process (PID=8724) to work on /Users/nampham/.pyenv/versions/3.12.9/lib/python3.12/site-packages/airflow/example_dags/example_bash_operator.py
[2025-02-28T21:40:44.020+0200] {processor.py:914} INFO - Processing file /Users/nampham/.pyenv/versions/3.12.9/lib/python3.12/site-packages/airflow/example_dags/example_bash_operator.py for tasks to queue
[2025-02-28T21:40:44.021+0200] {logging_mixin.py:190} INFO - [2025-02-28T21:40:44.021+0200] {dagbag.py:588} INFO - Filling up the DagBag from /Users/nampham/.pyenv/versions/3.12.9/lib/python3.12/site-packages/airflow/example_dags/example_bash_operator.py
[2025-02-28T21:40:44.026+0200] {processor.py:925} INFO - DAG(s) 'example_bash_operator' retrieved from /Users/nampham/.pyenv/versions/3.12.9/lib/python3.12/site-packages/airflow/example_dags/example_bash_operator.py
[2025-02-28T21:40:44.086+0200] {logging_mixin.py:190} INFO - [2025-02-28T21:40:44.086+0200] {dag.py:3239} INFO - Sync 1 DAGs
[2025-02-28T21:40:44.093+0200] {logging_mixin.py:190} INFO - [2025-02-28T21:40:44.093+0200] {dag.py:4180} INFO - Setting next_dagrun for example_bash_operator to 2025-02-27 00:00:00+00:00, run_after=2025-02-28 00:00:00+00:00
[2025-02-28T21:40:44.099+0200] {processor.py:208} INFO - Processing /Users/nampham/.pyenv/versions/3.12.9/lib/python3.12/site-packages/airflow/example_dags/example_bash_operator.py took 0.082 seconds
[2025-02-28T22:29:00.120+0200] {processor.py:186} INFO - Started process (PID=18374) to work on /Users/nampham/.pyenv/versions/3.12.9/lib/python3.12/site-packages/airflow/example_dags/example_bash_operator.py
[2025-02-28T22:29:00.121+0200] {processor.py:914} INFO - Processing file /Users/nampham/.pyenv/versions/3.12.9/lib/python3.12/site-packages/airflow/example_dags/example_bash_operator.py for tasks to queue
[2025-02-28T22:29:00.121+0200] {logging_mixin.py:190} INFO - [2025-02-28T22:29:00.121+0200] {dagbag.py:588} INFO - Filling up the DagBag from /Users/nampham/.pyenv/versions/3.12.9/lib/python3.12/site-packages/airflow/example_dags/example_bash_operator.py
[2025-02-28T22:29:00.127+0200] {processor.py:925} INFO - DAG(s) 'example_bash_operator' retrieved from /Users/nampham/.pyenv/versions/3.12.9/lib/python3.12/site-packages/airflow/example_dags/example_bash_operator.py
[2025-02-28T22:29:00.217+0200] {logging_mixin.py:190} INFO - [2025-02-28T22:29:00.216+0200] {override.py:1930} INFO - Created Permission View: can delete on DAG:example_bash_operator
[2025-02-28T22:29:00.220+0200] {logging_mixin.py:190} INFO - [2025-02-28T22:29:00.219+0200] {override.py:1930} INFO - Created Permission View: can read on DAG:example_bash_operator
[2025-02-28T22:29:00.222+0200] {logging_mixin.py:190} INFO - [2025-02-28T22:29:00.222+0200] {override.py:1930} INFO - Created Permission View: can edit on DAG:example_bash_operator
[2025-02-28T22:29:00.224+0200] {logging_mixin.py:190} INFO - [2025-02-28T22:29:00.224+0200] {override.py:1930} INFO - Created Permission View: can delete on DAG Run:example_bash_operator
[2025-02-28T22:29:00.226+0200] {logging_mixin.py:190} INFO - [2025-02-28T22:29:00.226+0200] {override.py:1930} INFO - Created Permission View: menu access on DAG Run:example_bash_operator
[2025-02-28T22:29:00.228+0200] {logging_mixin.py:190} INFO - [2025-02-28T22:29:00.228+0200] {override.py:1930} INFO - Created Permission View: can create on DAG Run:example_bash_operator
[2025-02-28T22:29:00.230+0200] {logging_mixin.py:190} INFO - [2025-02-28T22:29:00.230+0200] {override.py:1930} INFO - Created Permission View: can read on DAG Run:example_bash_operator
[2025-02-28T22:29:00.230+0200] {logging_mixin.py:190} INFO - [2025-02-28T22:29:00.230+0200] {dag.py:3239} INFO - Sync 1 DAGs
[2025-02-28T22:29:00.233+0200] {logging_mixin.py:190} INFO - [2025-02-28T22:29:00.233+0200] {dag.py:3262} INFO - Creating ORM DAG for example_bash_operator
[2025-02-28T22:29:00.236+0200] {logging_mixin.py:190} INFO - [2025-02-28T22:29:00.236+0200] {dag.py:4180} INFO - Setting next_dagrun for example_bash_operator to 2025-02-27 00:00:00+00:00, run_after=2025-02-28 00:00:00+00:00
[2025-02-28T22:29:00.242+0200] {processor.py:208} INFO - Processing /Users/nampham/.pyenv/versions/3.12.9/lib/python3.12/site-packages/airflow/example_dags/example_bash_operator.py took 0.123 seconds
[2025-02-28T22:37:02.795+0200] {processor.py:186} INFO - Started process (PID=20016) to work on /Users/nampham/.pyenv/versions/3.12.9/lib/python3.12/site-packages/airflow/example_dags/example_bash_operator.py
[2025-02-28T22:37:02.796+0200] {processor.py:914} INFO - Processing file /Users/nampham/.pyenv/versions/3.12.9/lib/python3.12/site-packages/airflow/example_dags/example_bash_operator.py for tasks to queue
[2025-02-28T22:37:02.797+0200] {logging_mixin.py:190} INFO - [2025-02-28T22:37:02.797+0200] {dagbag.py:588} INFO - Filling up the DagBag from /Users/nampham/.pyenv/versions/3.12.9/lib/python3.12/site-packages/airflow/example_dags/example_bash_operator.py
[2025-02-28T22:37:02.802+0200] {processor.py:925} INFO - DAG(s) 'example_bash_operator' retrieved from /Users/nampham/.pyenv/versions/3.12.9/lib/python3.12/site-packages/airflow/example_dags/example_bash_operator.py
[2025-02-28T22:37:02.892+0200] {logging_mixin.py:190} INFO - [2025-02-28T22:37:02.892+0200] {override.py:1930} INFO - Created Permission View: can delete on DAG:example_bash_operator
[2025-02-28T22:37:02.895+0200] {logging_mixin.py:190} INFO - [2025-02-28T22:37:02.895+0200] {override.py:1930} INFO - Created Permission View: can read on DAG:example_bash_operator
[2025-02-28T22:37:02.897+0200] {logging_mixin.py:190} INFO - [2025-02-28T22:37:02.897+0200] {override.py:1930} INFO - Created Permission View: can edit on DAG:example_bash_operator
[2025-02-28T22:37:02.899+0200] {logging_mixin.py:190} INFO - [2025-02-28T22:37:02.899+0200] {override.py:1930} INFO - Created Permission View: menu access on DAG Run:example_bash_operator
[2025-02-28T22:37:02.901+0200] {logging_mixin.py:190} INFO - [2025-02-28T22:37:02.901+0200] {override.py:1930} INFO - Created Permission View: can delete on DAG Run:example_bash_operator
[2025-02-28T22:37:02.903+0200] {logging_mixin.py:190} INFO - [2025-02-28T22:37:02.903+0200] {override.py:1930} INFO - Created Permission View: can read on DAG Run:example_bash_operator
[2025-02-28T22:37:02.905+0200] {logging_mixin.py:190} INFO - [2025-02-28T22:37:02.904+0200] {override.py:1930} INFO - Created Permission View: can create on DAG Run:example_bash_operator
[2025-02-28T22:37:02.905+0200] {logging_mixin.py:190} INFO - [2025-02-28T22:37:02.905+0200] {dag.py:3239} INFO - Sync 1 DAGs
[2025-02-28T22:37:02.908+0200] {logging_mixin.py:190} INFO - [2025-02-28T22:37:02.908+0200] {dag.py:3262} INFO - Creating ORM DAG for example_bash_operator
[2025-02-28T22:37:02.911+0200] {logging_mixin.py:190} INFO - [2025-02-28T22:37:02.911+0200] {dag.py:4180} INFO - Setting next_dagrun for example_bash_operator to 2025-02-27 00:00:00+00:00, run_after=2025-02-28 00:00:00+00:00
[2025-02-28T22:37:02.916+0200] {processor.py:208} INFO - Processing /Users/nampham/.pyenv/versions/3.12.9/lib/python3.12/site-packages/airflow/example_dags/example_bash_operator.py took 0.122 seconds
[2025-02-28T22:39:58.054+0200] {processor.py:186} INFO - Started process (PID=20614) to work on /Users/nampham/.pyenv/versions/3.12.9/lib/python3.12/site-packages/airflow/example_dags/example_bash_operator.py
[2025-02-28T22:39:58.057+0200] {processor.py:914} INFO - Processing file /Users/nampham/.pyenv/versions/3.12.9/lib/python3.12/site-packages/airflow/example_dags/example_bash_operator.py for tasks to queue
[2025-02-28T22:39:58.057+0200] {logging_mixin.py:190} INFO - [2025-02-28T22:39:58.057+0200] {dagbag.py:588} INFO - Filling up the DagBag from /Users/nampham/.pyenv/versions/3.12.9/lib/python3.12/site-packages/airflow/example_dags/example_bash_operator.py
[2025-02-28T22:39:58.062+0200] {processor.py:925} INFO - DAG(s) 'example_bash_operator' retrieved from /Users/nampham/.pyenv/versions/3.12.9/lib/python3.12/site-packages/airflow/example_dags/example_bash_operator.py
[2025-02-28T22:39:58.121+0200] {logging_mixin.py:190} INFO - [2025-02-28T22:39:58.121+0200] {dag.py:3239} INFO - Sync 1 DAGs
[2025-02-28T22:39:58.128+0200] {logging_mixin.py:190} INFO - [2025-02-28T22:39:58.127+0200] {dag.py:4180} INFO - Setting next_dagrun for example_bash_operator to 2025-02-27 00:00:00+00:00, run_after=2025-02-28 00:00:00+00:00
[2025-02-28T22:39:58.134+0200] {processor.py:208} INFO - Processing /Users/nampham/.pyenv/versions/3.12.9/lib/python3.12/site-packages/airflow/example_dags/example_bash_operator.py took 0.081 seconds
[2025-02-28T22:42:45.774+0200] {processor.py:186} INFO - Started process (PID=21193) to work on /Users/nampham/.pyenv/versions/3.12.9/lib/python3.12/site-packages/airflow/example_dags/example_bash_operator.py
[2025-02-28T22:42:45.775+0200] {processor.py:914} INFO - Processing file /Users/nampham/.pyenv/versions/3.12.9/lib/python3.12/site-packages/airflow/example_dags/example_bash_operator.py for tasks to queue
[2025-02-28T22:42:45.775+0200] {logging_mixin.py:190} INFO - [2025-02-28T22:42:45.775+0200] {dagbag.py:588} INFO - Filling up the DagBag from /Users/nampham/.pyenv/versions/3.12.9/lib/python3.12/site-packages/airflow/example_dags/example_bash_operator.py
[2025-02-28T22:42:45.780+0200] {processor.py:925} INFO - DAG(s) 'example_bash_operator' retrieved from /Users/nampham/.pyenv/versions/3.12.9/lib/python3.12/site-packages/airflow/example_dags/example_bash_operator.py
[2025-02-28T22:42:45.839+0200] {logging_mixin.py:190} INFO - [2025-02-28T22:42:45.839+0200] {dag.py:3239} INFO - Sync 1 DAGs
[2025-02-28T22:42:45.845+0200] {logging_mixin.py:190} INFO - [2025-02-28T22:42:45.845+0200] {dag.py:4180} INFO - Setting next_dagrun for example_bash_operator to 2025-02-27 00:00:00+00:00, run_after=2025-02-28 00:00:00+00:00
[2025-02-28T22:42:45.851+0200] {processor.py:208} INFO - Processing /Users/nampham/.pyenv/versions/3.12.9/lib/python3.12/site-packages/airflow/example_dags/example_bash_operator.py took 0.079 seconds
[2025-02-28T22:45:46.897+0200] {processor.py:186} INFO - Started process (PID=21829) to work on /Users/nampham/.pyenv/versions/3.12.9/lib/python3.12/site-packages/airflow/example_dags/example_bash_operator.py
[2025-02-28T22:45:46.898+0200] {processor.py:914} INFO - Processing file /Users/nampham/.pyenv/versions/3.12.9/lib/python3.12/site-packages/airflow/example_dags/example_bash_operator.py for tasks to queue
[2025-02-28T22:45:46.898+0200] {logging_mixin.py:190} INFO - [2025-02-28T22:45:46.898+0200] {dagbag.py:588} INFO - Filling up the DagBag from /Users/nampham/.pyenv/versions/3.12.9/lib/python3.12/site-packages/airflow/example_dags/example_bash_operator.py
[2025-02-28T22:45:46.903+0200] {processor.py:925} INFO - DAG(s) 'example_bash_operator' retrieved from /Users/nampham/.pyenv/versions/3.12.9/lib/python3.12/site-packages/airflow/example_dags/example_bash_operator.py
[2025-02-28T22:45:46.961+0200] {logging_mixin.py:190} INFO - [2025-02-28T22:45:46.961+0200] {dag.py:3239} INFO - Sync 1 DAGs
[2025-02-28T22:45:46.968+0200] {logging_mixin.py:190} INFO - [2025-02-28T22:45:46.968+0200] {dag.py:4180} INFO - Setting next_dagrun for example_bash_operator to 2025-02-27 00:00:00+00:00, run_after=2025-02-28 00:00:00+00:00
[2025-02-28T22:45:46.974+0200] {processor.py:208} INFO - Processing /Users/nampham/.pyenv/versions/3.12.9/lib/python3.12/site-packages/airflow/example_dags/example_bash_operator.py took 0.078 seconds
[2025-02-28T22:49:00.342+0200] {processor.py:186} INFO - Started process (PID=22385) to work on /Users/nampham/.pyenv/versions/3.12.9/lib/python3.12/site-packages/airflow/example_dags/example_bash_operator.py
[2025-02-28T22:49:00.344+0200] {processor.py:914} INFO - Processing file /Users/nampham/.pyenv/versions/3.12.9/lib/python3.12/site-packages/airflow/example_dags/example_bash_operator.py for tasks to queue
[2025-02-28T22:49:00.344+0200] {logging_mixin.py:190} INFO - [2025-02-28T22:49:00.344+0200] {dagbag.py:588} INFO - Filling up the DagBag from /Users/nampham/.pyenv/versions/3.12.9/lib/python3.12/site-packages/airflow/example_dags/example_bash_operator.py
[2025-02-28T22:49:00.349+0200] {processor.py:925} INFO - DAG(s) 'example_bash_operator' retrieved from /Users/nampham/.pyenv/versions/3.12.9/lib/python3.12/site-packages/airflow/example_dags/example_bash_operator.py
[2025-02-28T22:49:00.407+0200] {logging_mixin.py:190} INFO - [2025-02-28T22:49:00.407+0200] {dag.py:3239} INFO - Sync 1 DAGs
[2025-02-28T22:49:00.414+0200] {logging_mixin.py:190} INFO - [2025-02-28T22:49:00.414+0200] {dag.py:4180} INFO - Setting next_dagrun for example_bash_operator to 2025-02-27 00:00:00+00:00, run_after=2025-02-28 00:00:00+00:00
[2025-02-28T22:49:00.420+0200] {processor.py:208} INFO - Processing /Users/nampham/.pyenv/versions/3.12.9/lib/python3.12/site-packages/airflow/example_dags/example_bash_operator.py took 0.079 seconds
[2025-02-28T22:57:15.376+0200] {processor.py:186} INFO - Started process (PID=23213) to work on /Users/nampham/.pyenv/versions/3.12.9/lib/python3.12/site-packages/airflow/example_dags/example_bash_operator.py
[2025-02-28T22:57:15.379+0200] {processor.py:914} INFO - Processing file /Users/nampham/.pyenv/versions/3.12.9/lib/python3.12/site-packages/airflow/example_dags/example_bash_operator.py for tasks to queue
[2025-02-28T22:57:15.379+0200] {logging_mixin.py:190} INFO - [2025-02-28T22:57:15.379+0200] {dagbag.py:588} INFO - Filling up the DagBag from /Users/nampham/.pyenv/versions/3.12.9/lib/python3.12/site-packages/airflow/example_dags/example_bash_operator.py
[2025-02-28T22:57:15.384+0200] {processor.py:925} INFO - DAG(s) 'example_bash_operator' retrieved from /Users/nampham/.pyenv/versions/3.12.9/lib/python3.12/site-packages/airflow/example_dags/example_bash_operator.py
[2025-02-28T22:57:15.442+0200] {logging_mixin.py:190} INFO - [2025-02-28T22:57:15.442+0200] {dag.py:3239} INFO - Sync 1 DAGs
[2025-02-28T22:57:15.449+0200] {logging_mixin.py:190} INFO - [2025-02-28T22:57:15.449+0200] {dag.py:4180} INFO - Setting next_dagrun for example_bash_operator to 2025-02-27 00:00:00+00:00, run_after=2025-02-28 00:00:00+00:00
[2025-02-28T22:57:15.455+0200] {processor.py:208} INFO - Processing /Users/nampham/.pyenv/versions/3.12.9/lib/python3.12/site-packages/airflow/example_dags/example_bash_operator.py took 0.080 seconds
[2025-02-28T22:59:48.949+0200] {processor.py:186} INFO - Started process (PID=23713) to work on /Users/nampham/.pyenv/versions/3.12.9/lib/python3.12/site-packages/airflow/example_dags/example_bash_operator.py
[2025-02-28T22:59:48.950+0200] {processor.py:914} INFO - Processing file /Users/nampham/.pyenv/versions/3.12.9/lib/python3.12/site-packages/airflow/example_dags/example_bash_operator.py for tasks to queue
[2025-02-28T22:59:48.950+0200] {logging_mixin.py:190} INFO - [2025-02-28T22:59:48.950+0200] {dagbag.py:588} INFO - Filling up the DagBag from /Users/nampham/.pyenv/versions/3.12.9/lib/python3.12/site-packages/airflow/example_dags/example_bash_operator.py
[2025-02-28T22:59:48.955+0200] {processor.py:925} INFO - DAG(s) 'example_bash_operator' retrieved from /Users/nampham/.pyenv/versions/3.12.9/lib/python3.12/site-packages/airflow/example_dags/example_bash_operator.py
[2025-02-28T22:59:49.013+0200] {logging_mixin.py:190} INFO - [2025-02-28T22:59:49.013+0200] {dag.py:3239} INFO - Sync 1 DAGs
[2025-02-28T22:59:49.020+0200] {logging_mixin.py:190} INFO - [2025-02-28T22:59:49.020+0200] {dag.py:4180} INFO - Setting next_dagrun for example_bash_operator to 2025-02-27 00:00:00+00:00, run_after=2025-02-28 00:00:00+00:00
[2025-02-28T22:59:49.026+0200] {processor.py:208} INFO - Processing /Users/nampham/.pyenv/versions/3.12.9/lib/python3.12/site-packages/airflow/example_dags/example_bash_operator.py took 0.079 seconds
