[2025-02-28T18:25:32.621+0200] {processor.py:186} INFO - Started process (PID=93347) to work on /Users/nampham/.pyenv/versions/3.12.9/lib/python3.12/site-packages/airflow/example_dags/example_external_task_marker_dag.py
[2025-02-28T18:25:32.621+0200] {processor.py:914} INFO - Processing file /Users/nampham/.pyenv/versions/3.12.9/lib/python3.12/site-packages/airflow/example_dags/example_external_task_marker_dag.py for tasks to queue
[2025-02-28T18:25:32.622+0200] {logging_mixin.py:190} INFO - [2025-02-28T18:25:32.622+0200] {dagbag.py:588} INFO - Filling up the DagBag from /Users/nampham/.pyenv/versions/3.12.9/lib/python3.12/site-packages/airflow/example_dags/example_external_task_marker_dag.py
[2025-02-28T18:25:32.627+0200] {processor.py:925} INFO - DAG(s) 'example_external_task_marker_child', 'example_external_task_marker_parent' retrieved from /Users/nampham/.pyenv/versions/3.12.9/lib/python3.12/site-packages/airflow/example_dags/example_external_task_marker_dag.py
[2025-02-28T18:25:33.036+0200] {logging_mixin.py:190} INFO - [2025-02-28T18:25:33.035+0200] {override.py:1930} INFO - Created Permission View: can delete on DAG:example_external_task_marker_child
[2025-02-28T18:25:33.039+0200] {logging_mixin.py:190} INFO - [2025-02-28T18:25:33.039+0200] {override.py:1930} INFO - Created Permission View: can edit on DAG:example_external_task_marker_child
[2025-02-28T18:25:33.041+0200] {logging_mixin.py:190} INFO - [2025-02-28T18:25:33.041+0200] {override.py:1930} INFO - Created Permission View: can read on DAG:example_external_task_marker_child
[2025-02-28T18:25:33.043+0200] {logging_mixin.py:190} INFO - [2025-02-28T18:25:33.043+0200] {override.py:1930} INFO - Created Permission View: menu access on DAG Run:example_external_task_marker_child
[2025-02-28T18:25:33.045+0200] {logging_mixin.py:190} INFO - [2025-02-28T18:25:33.045+0200] {override.py:1930} INFO - Created Permission View: can delete on DAG Run:example_external_task_marker_child
[2025-02-28T18:25:33.047+0200] {logging_mixin.py:190} INFO - [2025-02-28T18:25:33.047+0200] {override.py:1930} INFO - Created Permission View: can create on DAG Run:example_external_task_marker_child
[2025-02-28T18:25:33.049+0200] {logging_mixin.py:190} INFO - [2025-02-28T18:25:33.049+0200] {override.py:1930} INFO - Created Permission View: can read on DAG Run:example_external_task_marker_child
[2025-02-28T18:25:33.053+0200] {logging_mixin.py:190} INFO - [2025-02-28T18:25:33.053+0200] {override.py:1930} INFO - Created Permission View: can delete on DAG:example_external_task_marker_parent
[2025-02-28T18:25:33.055+0200] {logging_mixin.py:190} INFO - [2025-02-28T18:25:33.055+0200] {override.py:1930} INFO - Created Permission View: can edit on DAG:example_external_task_marker_parent
[2025-02-28T18:25:33.057+0200] {logging_mixin.py:190} INFO - [2025-02-28T18:25:33.057+0200] {override.py:1930} INFO - Created Permission View: can read on DAG:example_external_task_marker_parent
[2025-02-28T18:25:33.059+0200] {logging_mixin.py:190} INFO - [2025-02-28T18:25:33.059+0200] {override.py:1930} INFO - Created Permission View: menu access on DAG Run:example_external_task_marker_parent
[2025-02-28T18:25:33.061+0200] {logging_mixin.py:190} INFO - [2025-02-28T18:25:33.061+0200] {override.py:1930} INFO - Created Permission View: can delete on DAG Run:example_external_task_marker_parent
[2025-02-28T18:25:33.063+0200] {logging_mixin.py:190} INFO - [2025-02-28T18:25:33.063+0200] {override.py:1930} INFO - Created Permission View: can create on DAG Run:example_external_task_marker_parent
[2025-02-28T18:25:33.064+0200] {logging_mixin.py:190} INFO - [2025-02-28T18:25:33.064+0200] {override.py:1930} INFO - Created Permission View: can read on DAG Run:example_external_task_marker_parent
[2025-02-28T18:25:33.065+0200] {logging_mixin.py:190} INFO - [2025-02-28T18:25:33.065+0200] {dag.py:3239} INFO - Sync 2 DAGs
[2025-02-28T18:25:33.069+0200] {logging_mixin.py:190} INFO - [2025-02-28T18:25:33.069+0200] {dag.py:3262} INFO - Creating ORM DAG for example_external_task_marker_child
[2025-02-28T18:25:33.069+0200] {logging_mixin.py:190} INFO - [2025-02-28T18:25:33.069+0200] {dag.py:3262} INFO - Creating ORM DAG for example_external_task_marker_parent
[2025-02-28T18:25:33.069+0200] {logging_mixin.py:190} INFO - [2025-02-28T18:25:33.069+0200] {dag.py:4180} INFO - Setting next_dagrun for example_external_task_marker_child to None, run_after=None
[2025-02-28T18:25:33.070+0200] {logging_mixin.py:190} INFO - [2025-02-28T18:25:33.070+0200] {dag.py:4180} INFO - Setting next_dagrun for example_external_task_marker_parent to None, run_after=None
[2025-02-28T18:25:33.075+0200] {processor.py:208} INFO - Processing /Users/nampham/.pyenv/versions/3.12.9/lib/python3.12/site-packages/airflow/example_dags/example_external_task_marker_dag.py took 0.456 seconds
[2025-02-28T18:27:22.389+0200] {processor.py:186} INFO - Started process (PID=93774) to work on /Users/nampham/.pyenv/versions/3.12.9/lib/python3.12/site-packages/airflow/example_dags/example_external_task_marker_dag.py
[2025-02-28T18:27:22.390+0200] {processor.py:914} INFO - Processing file /Users/nampham/.pyenv/versions/3.12.9/lib/python3.12/site-packages/airflow/example_dags/example_external_task_marker_dag.py for tasks to queue
[2025-02-28T18:27:22.391+0200] {logging_mixin.py:190} INFO - [2025-02-28T18:27:22.391+0200] {dagbag.py:588} INFO - Filling up the DagBag from /Users/nampham/.pyenv/versions/3.12.9/lib/python3.12/site-packages/airflow/example_dags/example_external_task_marker_dag.py
[2025-02-28T18:27:22.397+0200] {processor.py:925} INFO - DAG(s) 'example_external_task_marker_child', 'example_external_task_marker_parent' retrieved from /Users/nampham/.pyenv/versions/3.12.9/lib/python3.12/site-packages/airflow/example_dags/example_external_task_marker_dag.py
[2025-02-28T18:27:22.843+0200] {logging_mixin.py:190} INFO - [2025-02-28T18:27:22.843+0200] {dag.py:3239} INFO - Sync 2 DAGs
[2025-02-28T18:27:22.847+0200] {logging_mixin.py:190} INFO - [2025-02-28T18:27:22.847+0200] {dag.py:4180} INFO - Setting next_dagrun for example_external_task_marker_child to None, run_after=None
[2025-02-28T18:27:22.849+0200] {logging_mixin.py:190} INFO - [2025-02-28T18:27:22.849+0200] {dag.py:4180} INFO - Setting next_dagrun for example_external_task_marker_parent to None, run_after=None
[2025-02-28T18:27:22.855+0200] {processor.py:208} INFO - Processing /Users/nampham/.pyenv/versions/3.12.9/lib/python3.12/site-packages/airflow/example_dags/example_external_task_marker_dag.py took 0.467 seconds
[2025-02-28T18:30:04.051+0200] {processor.py:186} INFO - Started process (PID=94424) to work on /Users/nampham/.pyenv/versions/3.12.9/lib/python3.12/site-packages/airflow/example_dags/example_external_task_marker_dag.py
[2025-02-28T18:30:04.052+0200] {processor.py:914} INFO - Processing file /Users/nampham/.pyenv/versions/3.12.9/lib/python3.12/site-packages/airflow/example_dags/example_external_task_marker_dag.py for tasks to queue
[2025-02-28T18:30:04.053+0200] {logging_mixin.py:190} INFO - [2025-02-28T18:30:04.053+0200] {dagbag.py:588} INFO - Filling up the DagBag from /Users/nampham/.pyenv/versions/3.12.9/lib/python3.12/site-packages/airflow/example_dags/example_external_task_marker_dag.py
[2025-02-28T18:30:04.058+0200] {processor.py:925} INFO - DAG(s) 'example_external_task_marker_child', 'example_external_task_marker_parent' retrieved from /Users/nampham/.pyenv/versions/3.12.9/lib/python3.12/site-packages/airflow/example_dags/example_external_task_marker_dag.py
[2025-02-28T18:30:04.479+0200] {logging_mixin.py:190} INFO - [2025-02-28T18:30:04.478+0200] {dag.py:3239} INFO - Sync 2 DAGs
[2025-02-28T18:30:04.483+0200] {logging_mixin.py:190} INFO - [2025-02-28T18:30:04.483+0200] {dag.py:4180} INFO - Setting next_dagrun for example_external_task_marker_child to None, run_after=None
[2025-02-28T18:30:04.484+0200] {logging_mixin.py:190} INFO - [2025-02-28T18:30:04.484+0200] {dag.py:4180} INFO - Setting next_dagrun for example_external_task_marker_parent to None, run_after=None
[2025-02-28T18:30:04.491+0200] {processor.py:208} INFO - Processing /Users/nampham/.pyenv/versions/3.12.9/lib/python3.12/site-packages/airflow/example_dags/example_external_task_marker_dag.py took 0.441 seconds
[2025-02-28T20:11:49.509+0200] {processor.py:186} INFO - Started process (PID=97504) to work on /Users/nampham/.pyenv/versions/3.12.9/lib/python3.12/site-packages/airflow/example_dags/example_external_task_marker_dag.py
[2025-02-28T20:11:49.511+0200] {processor.py:914} INFO - Processing file /Users/nampham/.pyenv/versions/3.12.9/lib/python3.12/site-packages/airflow/example_dags/example_external_task_marker_dag.py for tasks to queue
[2025-02-28T20:11:49.511+0200] {logging_mixin.py:190} INFO - [2025-02-28T20:11:49.511+0200] {dagbag.py:588} INFO - Filling up the DagBag from /Users/nampham/.pyenv/versions/3.12.9/lib/python3.12/site-packages/airflow/example_dags/example_external_task_marker_dag.py
[2025-02-28T20:11:49.517+0200] {processor.py:925} INFO - DAG(s) 'example_external_task_marker_parent', 'example_external_task_marker_child' retrieved from /Users/nampham/.pyenv/versions/3.12.9/lib/python3.12/site-packages/airflow/example_dags/example_external_task_marker_dag.py
[2025-02-28T20:11:49.955+0200] {logging_mixin.py:190} INFO - [2025-02-28T20:11:49.955+0200] {dag.py:3239} INFO - Sync 2 DAGs
[2025-02-28T20:11:49.959+0200] {logging_mixin.py:190} INFO - [2025-02-28T20:11:49.959+0200] {dag.py:4180} INFO - Setting next_dagrun for example_external_task_marker_child to None, run_after=None
[2025-02-28T20:11:49.960+0200] {logging_mixin.py:190} INFO - [2025-02-28T20:11:49.960+0200] {dag.py:4180} INFO - Setting next_dagrun for example_external_task_marker_parent to None, run_after=None
[2025-02-28T20:11:49.966+0200] {processor.py:208} INFO - Processing /Users/nampham/.pyenv/versions/3.12.9/lib/python3.12/site-packages/airflow/example_dags/example_external_task_marker_dag.py took 0.459 seconds
[2025-02-28T20:13:34.805+0200] {processor.py:186} INFO - Started process (PID=98065) to work on /Users/nampham/.pyenv/versions/3.12.9/lib/python3.12/site-packages/airflow/example_dags/example_external_task_marker_dag.py
[2025-02-28T20:13:34.807+0200] {processor.py:914} INFO - Processing file /Users/nampham/.pyenv/versions/3.12.9/lib/python3.12/site-packages/airflow/example_dags/example_external_task_marker_dag.py for tasks to queue
[2025-02-28T20:13:34.807+0200] {logging_mixin.py:190} INFO - [2025-02-28T20:13:34.807+0200] {dagbag.py:588} INFO - Filling up the DagBag from /Users/nampham/.pyenv/versions/3.12.9/lib/python3.12/site-packages/airflow/example_dags/example_external_task_marker_dag.py
[2025-02-28T20:13:34.813+0200] {processor.py:925} INFO - DAG(s) 'example_external_task_marker_parent', 'example_external_task_marker_child' retrieved from /Users/nampham/.pyenv/versions/3.12.9/lib/python3.12/site-packages/airflow/example_dags/example_external_task_marker_dag.py
[2025-02-28T20:13:35.182+0200] {logging_mixin.py:190} INFO - [2025-02-28T20:13:35.181+0200] {dag.py:3239} INFO - Sync 2 DAGs
[2025-02-28T20:13:35.186+0200] {logging_mixin.py:190} INFO - [2025-02-28T20:13:35.186+0200] {dag.py:4180} INFO - Setting next_dagrun for example_external_task_marker_child to None, run_after=None
[2025-02-28T20:13:35.187+0200] {logging_mixin.py:190} INFO - [2025-02-28T20:13:35.187+0200] {dag.py:4180} INFO - Setting next_dagrun for example_external_task_marker_parent to None, run_after=None
[2025-02-28T20:13:35.193+0200] {processor.py:208} INFO - Processing /Users/nampham/.pyenv/versions/3.12.9/lib/python3.12/site-packages/airflow/example_dags/example_external_task_marker_dag.py took 0.390 seconds
[2025-02-28T20:15:24.513+0200] {processor.py:186} INFO - Started process (PID=98477) to work on /Users/nampham/.pyenv/versions/3.12.9/lib/python3.12/site-packages/airflow/example_dags/example_external_task_marker_dag.py
[2025-02-28T20:15:24.514+0200] {processor.py:914} INFO - Processing file /Users/nampham/.pyenv/versions/3.12.9/lib/python3.12/site-packages/airflow/example_dags/example_external_task_marker_dag.py for tasks to queue
[2025-02-28T20:15:24.515+0200] {logging_mixin.py:190} INFO - [2025-02-28T20:15:24.515+0200] {dagbag.py:588} INFO - Filling up the DagBag from /Users/nampham/.pyenv/versions/3.12.9/lib/python3.12/site-packages/airflow/example_dags/example_external_task_marker_dag.py
[2025-02-28T20:15:24.520+0200] {processor.py:925} INFO - DAG(s) 'example_external_task_marker_parent', 'example_external_task_marker_child' retrieved from /Users/nampham/.pyenv/versions/3.12.9/lib/python3.12/site-packages/airflow/example_dags/example_external_task_marker_dag.py
[2025-02-28T20:15:24.908+0200] {logging_mixin.py:190} INFO - [2025-02-28T20:15:24.908+0200] {dag.py:3239} INFO - Sync 2 DAGs
[2025-02-28T20:15:24.913+0200] {logging_mixin.py:190} INFO - [2025-02-28T20:15:24.913+0200] {dag.py:4180} INFO - Setting next_dagrun for example_external_task_marker_child to None, run_after=None
[2025-02-28T20:15:24.914+0200] {logging_mixin.py:190} INFO - [2025-02-28T20:15:24.914+0200] {dag.py:4180} INFO - Setting next_dagrun for example_external_task_marker_parent to None, run_after=None
[2025-02-28T20:15:24.920+0200] {processor.py:208} INFO - Processing /Users/nampham/.pyenv/versions/3.12.9/lib/python3.12/site-packages/airflow/example_dags/example_external_task_marker_dag.py took 0.408 seconds
[2025-02-28T20:19:15.850+0200] {processor.py:186} INFO - Started process (PID=99433) to work on /Users/nampham/.pyenv/versions/3.12.9/lib/python3.12/site-packages/airflow/example_dags/example_external_task_marker_dag.py
[2025-02-28T20:19:15.852+0200] {processor.py:914} INFO - Processing file /Users/nampham/.pyenv/versions/3.12.9/lib/python3.12/site-packages/airflow/example_dags/example_external_task_marker_dag.py for tasks to queue
[2025-02-28T20:19:15.852+0200] {logging_mixin.py:190} INFO - [2025-02-28T20:19:15.852+0200] {dagbag.py:588} INFO - Filling up the DagBag from /Users/nampham/.pyenv/versions/3.12.9/lib/python3.12/site-packages/airflow/example_dags/example_external_task_marker_dag.py
[2025-02-28T20:19:15.858+0200] {processor.py:925} INFO - DAG(s) 'example_external_task_marker_parent', 'example_external_task_marker_child' retrieved from /Users/nampham/.pyenv/versions/3.12.9/lib/python3.12/site-packages/airflow/example_dags/example_external_task_marker_dag.py
[2025-02-28T20:19:16.158+0200] {logging_mixin.py:190} INFO - [2025-02-28T20:19:16.158+0200] {dag.py:3239} INFO - Sync 2 DAGs
[2025-02-28T20:19:16.162+0200] {logging_mixin.py:190} INFO - [2025-02-28T20:19:16.162+0200] {dag.py:4180} INFO - Setting next_dagrun for example_external_task_marker_child to None, run_after=None
[2025-02-28T20:19:16.163+0200] {logging_mixin.py:190} INFO - [2025-02-28T20:19:16.163+0200] {dag.py:4180} INFO - Setting next_dagrun for example_external_task_marker_parent to None, run_after=None
[2025-02-28T20:19:16.169+0200] {processor.py:208} INFO - Processing /Users/nampham/.pyenv/versions/3.12.9/lib/python3.12/site-packages/airflow/example_dags/example_external_task_marker_dag.py took 0.320 seconds
[2025-02-28T20:21:06.017+0200] {processor.py:186} INFO - Started process (PID=99878) to work on /Users/nampham/.pyenv/versions/3.12.9/lib/python3.12/site-packages/airflow/example_dags/example_external_task_marker_dag.py
[2025-02-28T20:21:06.018+0200] {processor.py:914} INFO - Processing file /Users/nampham/.pyenv/versions/3.12.9/lib/python3.12/site-packages/airflow/example_dags/example_external_task_marker_dag.py for tasks to queue
[2025-02-28T20:21:06.019+0200] {logging_mixin.py:190} INFO - [2025-02-28T20:21:06.019+0200] {dagbag.py:588} INFO - Filling up the DagBag from /Users/nampham/.pyenv/versions/3.12.9/lib/python3.12/site-packages/airflow/example_dags/example_external_task_marker_dag.py
[2025-02-28T20:21:06.024+0200] {processor.py:925} INFO - DAG(s) 'example_external_task_marker_child', 'example_external_task_marker_parent' retrieved from /Users/nampham/.pyenv/versions/3.12.9/lib/python3.12/site-packages/airflow/example_dags/example_external_task_marker_dag.py
[2025-02-28T20:21:06.361+0200] {logging_mixin.py:190} INFO - [2025-02-28T20:21:06.361+0200] {dag.py:3239} INFO - Sync 2 DAGs
[2025-02-28T20:21:06.365+0200] {logging_mixin.py:190} INFO - [2025-02-28T20:21:06.365+0200] {dag.py:4180} INFO - Setting next_dagrun for example_external_task_marker_child to None, run_after=None
[2025-02-28T20:21:06.367+0200] {logging_mixin.py:190} INFO - [2025-02-28T20:21:06.366+0200] {dag.py:4180} INFO - Setting next_dagrun for example_external_task_marker_parent to None, run_after=None
[2025-02-28T20:21:06.372+0200] {processor.py:208} INFO - Processing /Users/nampham/.pyenv/versions/3.12.9/lib/python3.12/site-packages/airflow/example_dags/example_external_task_marker_dag.py took 0.356 seconds
[2025-02-28T21:28:27.758+0200] {processor.py:186} INFO - Started process (PID=5659) to work on /Users/nampham/.pyenv/versions/3.12.9/lib/python3.12/site-packages/airflow/example_dags/example_external_task_marker_dag.py
[2025-02-28T21:28:27.759+0200] {processor.py:914} INFO - Processing file /Users/nampham/.pyenv/versions/3.12.9/lib/python3.12/site-packages/airflow/example_dags/example_external_task_marker_dag.py for tasks to queue
[2025-02-28T21:28:27.760+0200] {logging_mixin.py:190} INFO - [2025-02-28T21:28:27.760+0200] {dagbag.py:588} INFO - Filling up the DagBag from /Users/nampham/.pyenv/versions/3.12.9/lib/python3.12/site-packages/airflow/example_dags/example_external_task_marker_dag.py
[2025-02-28T21:28:27.765+0200] {processor.py:925} INFO - DAG(s) 'example_external_task_marker_parent', 'example_external_task_marker_child' retrieved from /Users/nampham/.pyenv/versions/3.12.9/lib/python3.12/site-packages/airflow/example_dags/example_external_task_marker_dag.py
[2025-02-28T21:28:28.074+0200] {logging_mixin.py:190} INFO - [2025-02-28T21:28:28.074+0200] {dag.py:3239} INFO - Sync 2 DAGs
[2025-02-28T21:28:28.078+0200] {logging_mixin.py:190} INFO - [2025-02-28T21:28:28.078+0200] {dag.py:4180} INFO - Setting next_dagrun for example_external_task_marker_child to None, run_after=None
[2025-02-28T21:28:28.080+0200] {logging_mixin.py:190} INFO - [2025-02-28T21:28:28.080+0200] {dag.py:4180} INFO - Setting next_dagrun for example_external_task_marker_parent to None, run_after=None
[2025-02-28T21:28:28.085+0200] {processor.py:208} INFO - Processing /Users/nampham/.pyenv/versions/3.12.9/lib/python3.12/site-packages/airflow/example_dags/example_external_task_marker_dag.py took 0.328 seconds
[2025-02-28T21:31:13.486+0200] {processor.py:186} INFO - Started process (PID=6313) to work on /Users/nampham/.pyenv/versions/3.12.9/lib/python3.12/site-packages/airflow/example_dags/example_external_task_marker_dag.py
[2025-02-28T21:31:13.488+0200] {processor.py:914} INFO - Processing file /Users/nampham/.pyenv/versions/3.12.9/lib/python3.12/site-packages/airflow/example_dags/example_external_task_marker_dag.py for tasks to queue
[2025-02-28T21:31:13.488+0200] {logging_mixin.py:190} INFO - [2025-02-28T21:31:13.488+0200] {dagbag.py:588} INFO - Filling up the DagBag from /Users/nampham/.pyenv/versions/3.12.9/lib/python3.12/site-packages/airflow/example_dags/example_external_task_marker_dag.py
[2025-02-28T21:31:13.493+0200] {processor.py:925} INFO - DAG(s) 'example_external_task_marker_parent', 'example_external_task_marker_child' retrieved from /Users/nampham/.pyenv/versions/3.12.9/lib/python3.12/site-packages/airflow/example_dags/example_external_task_marker_dag.py
[2025-02-28T21:31:13.853+0200] {logging_mixin.py:190} INFO - [2025-02-28T21:31:13.853+0200] {dag.py:3239} INFO - Sync 2 DAGs
[2025-02-28T21:31:13.857+0200] {logging_mixin.py:190} INFO - [2025-02-28T21:31:13.857+0200] {dag.py:4180} INFO - Setting next_dagrun for example_external_task_marker_child to None, run_after=None
[2025-02-28T21:31:13.859+0200] {logging_mixin.py:190} INFO - [2025-02-28T21:31:13.859+0200] {dag.py:4180} INFO - Setting next_dagrun for example_external_task_marker_parent to None, run_after=None
[2025-02-28T21:31:13.865+0200] {processor.py:208} INFO - Processing /Users/nampham/.pyenv/versions/3.12.9/lib/python3.12/site-packages/airflow/example_dags/example_external_task_marker_dag.py took 0.379 seconds
[2025-02-28T21:33:02.981+0200] {processor.py:186} INFO - Started process (PID=6939) to work on /Users/nampham/.pyenv/versions/3.12.9/lib/python3.12/site-packages/airflow/example_dags/example_external_task_marker_dag.py
[2025-02-28T21:33:02.983+0200] {processor.py:914} INFO - Processing file /Users/nampham/.pyenv/versions/3.12.9/lib/python3.12/site-packages/airflow/example_dags/example_external_task_marker_dag.py for tasks to queue
[2025-02-28T21:33:02.983+0200] {logging_mixin.py:190} INFO - [2025-02-28T21:33:02.983+0200] {dagbag.py:588} INFO - Filling up the DagBag from /Users/nampham/.pyenv/versions/3.12.9/lib/python3.12/site-packages/airflow/example_dags/example_external_task_marker_dag.py
[2025-02-28T21:33:02.988+0200] {processor.py:925} INFO - DAG(s) 'example_external_task_marker_parent', 'example_external_task_marker_child' retrieved from /Users/nampham/.pyenv/versions/3.12.9/lib/python3.12/site-packages/airflow/example_dags/example_external_task_marker_dag.py
[2025-02-28T21:33:03.346+0200] {logging_mixin.py:190} INFO - [2025-02-28T21:33:03.346+0200] {dag.py:3239} INFO - Sync 2 DAGs
[2025-02-28T21:33:03.351+0200] {logging_mixin.py:190} INFO - [2025-02-28T21:33:03.351+0200] {dag.py:4180} INFO - Setting next_dagrun for example_external_task_marker_child to None, run_after=None
[2025-02-28T21:33:03.352+0200] {logging_mixin.py:190} INFO - [2025-02-28T21:33:03.352+0200] {dag.py:4180} INFO - Setting next_dagrun for example_external_task_marker_parent to None, run_after=None
[2025-02-28T21:33:03.358+0200] {processor.py:208} INFO - Processing /Users/nampham/.pyenv/versions/3.12.9/lib/python3.12/site-packages/airflow/example_dags/example_external_task_marker_dag.py took 0.378 seconds
[2025-02-28T21:37:37.985+0200] {processor.py:186} INFO - Started process (PID=8022) to work on /Users/nampham/.pyenv/versions/3.12.9/lib/python3.12/site-packages/airflow/example_dags/example_external_task_marker_dag.py
[2025-02-28T21:37:37.986+0200] {processor.py:914} INFO - Processing file /Users/nampham/.pyenv/versions/3.12.9/lib/python3.12/site-packages/airflow/example_dags/example_external_task_marker_dag.py for tasks to queue
[2025-02-28T21:37:37.986+0200] {logging_mixin.py:190} INFO - [2025-02-28T21:37:37.986+0200] {dagbag.py:588} INFO - Filling up the DagBag from /Users/nampham/.pyenv/versions/3.12.9/lib/python3.12/site-packages/airflow/example_dags/example_external_task_marker_dag.py
[2025-02-28T21:37:37.992+0200] {processor.py:925} INFO - DAG(s) 'example_external_task_marker_child', 'example_external_task_marker_parent' retrieved from /Users/nampham/.pyenv/versions/3.12.9/lib/python3.12/site-packages/airflow/example_dags/example_external_task_marker_dag.py
[2025-02-28T21:37:38.530+0200] {logging_mixin.py:190} INFO - [2025-02-28T21:37:38.529+0200] {override.py:1930} INFO - Created Permission View: can read on DAG:example_external_task_marker_child
[2025-02-28T21:37:38.533+0200] {logging_mixin.py:190} INFO - [2025-02-28T21:37:38.533+0200] {override.py:1930} INFO - Created Permission View: can delete on DAG:example_external_task_marker_child
[2025-02-28T21:37:38.535+0200] {logging_mixin.py:190} INFO - [2025-02-28T21:37:38.535+0200] {override.py:1930} INFO - Created Permission View: can edit on DAG:example_external_task_marker_child
[2025-02-28T21:37:38.538+0200] {logging_mixin.py:190} INFO - [2025-02-28T21:37:38.538+0200] {override.py:1930} INFO - Created Permission View: can create on DAG Run:example_external_task_marker_child
[2025-02-28T21:37:38.540+0200] {logging_mixin.py:190} INFO - [2025-02-28T21:37:38.540+0200] {override.py:1930} INFO - Created Permission View: can read on DAG Run:example_external_task_marker_child
[2025-02-28T21:37:38.542+0200] {logging_mixin.py:190} INFO - [2025-02-28T21:37:38.541+0200] {override.py:1930} INFO - Created Permission View: can delete on DAG Run:example_external_task_marker_child
[2025-02-28T21:37:38.543+0200] {logging_mixin.py:190} INFO - [2025-02-28T21:37:38.543+0200] {override.py:1930} INFO - Created Permission View: menu access on DAG Run:example_external_task_marker_child
[2025-02-28T21:37:38.548+0200] {logging_mixin.py:190} INFO - [2025-02-28T21:37:38.548+0200] {override.py:1930} INFO - Created Permission View: can read on DAG:example_external_task_marker_parent
[2025-02-28T21:37:38.550+0200] {logging_mixin.py:190} INFO - [2025-02-28T21:37:38.550+0200] {override.py:1930} INFO - Created Permission View: can delete on DAG:example_external_task_marker_parent
[2025-02-28T21:37:38.552+0200] {logging_mixin.py:190} INFO - [2025-02-28T21:37:38.552+0200] {override.py:1930} INFO - Created Permission View: can edit on DAG:example_external_task_marker_parent
[2025-02-28T21:37:38.554+0200] {logging_mixin.py:190} INFO - [2025-02-28T21:37:38.554+0200] {override.py:1930} INFO - Created Permission View: can create on DAG Run:example_external_task_marker_parent
[2025-02-28T21:37:38.556+0200] {logging_mixin.py:190} INFO - [2025-02-28T21:37:38.556+0200] {override.py:1930} INFO - Created Permission View: can read on DAG Run:example_external_task_marker_parent
[2025-02-28T21:37:38.558+0200] {logging_mixin.py:190} INFO - [2025-02-28T21:37:38.557+0200] {override.py:1930} INFO - Created Permission View: can delete on DAG Run:example_external_task_marker_parent
[2025-02-28T21:37:38.559+0200] {logging_mixin.py:190} INFO - [2025-02-28T21:37:38.559+0200] {override.py:1930} INFO - Created Permission View: menu access on DAG Run:example_external_task_marker_parent
[2025-02-28T21:37:38.560+0200] {logging_mixin.py:190} INFO - [2025-02-28T21:37:38.559+0200] {dag.py:3239} INFO - Sync 2 DAGs
[2025-02-28T21:37:38.565+0200] {logging_mixin.py:190} INFO - [2025-02-28T21:37:38.565+0200] {dag.py:3262} INFO - Creating ORM DAG for example_external_task_marker_child
[2025-02-28T21:37:38.565+0200] {logging_mixin.py:190} INFO - [2025-02-28T21:37:38.565+0200] {dag.py:3262} INFO - Creating ORM DAG for example_external_task_marker_parent
[2025-02-28T21:37:38.565+0200] {logging_mixin.py:190} INFO - [2025-02-28T21:37:38.565+0200] {dag.py:4180} INFO - Setting next_dagrun for example_external_task_marker_child to None, run_after=None
[2025-02-28T21:37:38.566+0200] {logging_mixin.py:190} INFO - [2025-02-28T21:37:38.566+0200] {dag.py:4180} INFO - Setting next_dagrun for example_external_task_marker_parent to None, run_after=None
[2025-02-28T21:37:38.573+0200] {processor.py:208} INFO - Processing /Users/nampham/.pyenv/versions/3.12.9/lib/python3.12/site-packages/airflow/example_dags/example_external_task_marker_dag.py took 0.590 seconds
[2025-02-28T21:39:26.394+0200] {processor.py:186} INFO - Started process (PID=8444) to work on /Users/nampham/.pyenv/versions/3.12.9/lib/python3.12/site-packages/airflow/example_dags/example_external_task_marker_dag.py
[2025-02-28T21:39:26.395+0200] {processor.py:914} INFO - Processing file /Users/nampham/.pyenv/versions/3.12.9/lib/python3.12/site-packages/airflow/example_dags/example_external_task_marker_dag.py for tasks to queue
[2025-02-28T21:39:26.395+0200] {logging_mixin.py:190} INFO - [2025-02-28T21:39:26.395+0200] {dagbag.py:588} INFO - Filling up the DagBag from /Users/nampham/.pyenv/versions/3.12.9/lib/python3.12/site-packages/airflow/example_dags/example_external_task_marker_dag.py
[2025-02-28T21:39:26.400+0200] {processor.py:925} INFO - DAG(s) 'example_external_task_marker_parent', 'example_external_task_marker_child' retrieved from /Users/nampham/.pyenv/versions/3.12.9/lib/python3.12/site-packages/airflow/example_dags/example_external_task_marker_dag.py
[2025-02-28T21:39:26.724+0200] {logging_mixin.py:190} INFO - [2025-02-28T21:39:26.723+0200] {dag.py:3239} INFO - Sync 2 DAGs
[2025-02-28T21:39:26.728+0200] {logging_mixin.py:190} INFO - [2025-02-28T21:39:26.728+0200] {dag.py:4180} INFO - Setting next_dagrun for example_external_task_marker_child to None, run_after=None
[2025-02-28T21:39:26.729+0200] {logging_mixin.py:190} INFO - [2025-02-28T21:39:26.729+0200] {dag.py:4180} INFO - Setting next_dagrun for example_external_task_marker_parent to None, run_after=None
[2025-02-28T21:39:26.734+0200] {processor.py:208} INFO - Processing /Users/nampham/.pyenv/versions/3.12.9/lib/python3.12/site-packages/airflow/example_dags/example_external_task_marker_dag.py took 0.341 seconds
[2025-02-28T22:28:30.750+0200] {processor.py:186} INFO - Started process (PID=18242) to work on /Users/nampham/.pyenv/versions/3.12.9/lib/python3.12/site-packages/airflow/example_dags/example_external_task_marker_dag.py
[2025-02-28T22:28:30.751+0200] {processor.py:914} INFO - Processing file /Users/nampham/.pyenv/versions/3.12.9/lib/python3.12/site-packages/airflow/example_dags/example_external_task_marker_dag.py for tasks to queue
[2025-02-28T22:28:30.752+0200] {logging_mixin.py:190} INFO - [2025-02-28T22:28:30.752+0200] {dagbag.py:588} INFO - Filling up the DagBag from /Users/nampham/.pyenv/versions/3.12.9/lib/python3.12/site-packages/airflow/example_dags/example_external_task_marker_dag.py
[2025-02-28T22:28:30.757+0200] {processor.py:925} INFO - DAG(s) 'example_external_task_marker_parent', 'example_external_task_marker_child' retrieved from /Users/nampham/.pyenv/versions/3.12.9/lib/python3.12/site-packages/airflow/example_dags/example_external_task_marker_dag.py
[2025-02-28T22:28:30.841+0200] {logging_mixin.py:190} INFO - [2025-02-28T22:28:30.840+0200] {override.py:1930} INFO - Created Permission View: can read on DAG:example_external_task_marker_parent
[2025-02-28T22:28:30.843+0200] {logging_mixin.py:190} INFO - [2025-02-28T22:28:30.843+0200] {override.py:1930} INFO - Created Permission View: can delete on DAG:example_external_task_marker_parent
[2025-02-28T22:28:30.845+0200] {logging_mixin.py:190} INFO - [2025-02-28T22:28:30.845+0200] {override.py:1930} INFO - Created Permission View: can edit on DAG:example_external_task_marker_parent
[2025-02-28T22:28:30.848+0200] {logging_mixin.py:190} INFO - [2025-02-28T22:28:30.848+0200] {override.py:1930} INFO - Created Permission View: menu access on DAG Run:example_external_task_marker_parent
[2025-02-28T22:28:30.849+0200] {logging_mixin.py:190} INFO - [2025-02-28T22:28:30.849+0200] {override.py:1930} INFO - Created Permission View: can read on DAG Run:example_external_task_marker_parent
[2025-02-28T22:28:30.851+0200] {logging_mixin.py:190} INFO - [2025-02-28T22:28:30.851+0200] {override.py:1930} INFO - Created Permission View: can delete on DAG Run:example_external_task_marker_parent
[2025-02-28T22:28:30.853+0200] {logging_mixin.py:190} INFO - [2025-02-28T22:28:30.853+0200] {override.py:1930} INFO - Created Permission View: can create on DAG Run:example_external_task_marker_parent
[2025-02-28T22:28:31.161+0200] {logging_mixin.py:190} INFO - [2025-02-28T22:28:31.160+0200] {override.py:1930} INFO - Created Permission View: can read on DAG:example_external_task_marker_child
[2025-02-28T22:28:31.163+0200] {logging_mixin.py:190} INFO - [2025-02-28T22:28:31.162+0200] {override.py:1930} INFO - Created Permission View: can delete on DAG:example_external_task_marker_child
[2025-02-28T22:28:31.164+0200] {logging_mixin.py:190} INFO - [2025-02-28T22:28:31.164+0200] {override.py:1930} INFO - Created Permission View: can edit on DAG:example_external_task_marker_child
[2025-02-28T22:28:31.167+0200] {logging_mixin.py:190} INFO - [2025-02-28T22:28:31.167+0200] {override.py:1930} INFO - Created Permission View: menu access on DAG Run:example_external_task_marker_child
[2025-02-28T22:28:31.169+0200] {logging_mixin.py:190} INFO - [2025-02-28T22:28:31.169+0200] {override.py:1930} INFO - Created Permission View: can read on DAG Run:example_external_task_marker_child
[2025-02-28T22:28:31.170+0200] {logging_mixin.py:190} INFO - [2025-02-28T22:28:31.170+0200] {override.py:1930} INFO - Created Permission View: can delete on DAG Run:example_external_task_marker_child
[2025-02-28T22:28:31.172+0200] {logging_mixin.py:190} INFO - [2025-02-28T22:28:31.172+0200] {override.py:1930} INFO - Created Permission View: can create on DAG Run:example_external_task_marker_child
[2025-02-28T22:28:31.173+0200] {logging_mixin.py:190} INFO - [2025-02-28T22:28:31.172+0200] {dag.py:3239} INFO - Sync 2 DAGs
[2025-02-28T22:28:31.176+0200] {logging_mixin.py:190} INFO - [2025-02-28T22:28:31.176+0200] {dag.py:3262} INFO - Creating ORM DAG for example_external_task_marker_child
[2025-02-28T22:28:31.177+0200] {logging_mixin.py:190} INFO - [2025-02-28T22:28:31.177+0200] {dag.py:3262} INFO - Creating ORM DAG for example_external_task_marker_parent
[2025-02-28T22:28:31.177+0200] {logging_mixin.py:190} INFO - [2025-02-28T22:28:31.177+0200] {dag.py:4180} INFO - Setting next_dagrun for example_external_task_marker_child to None, run_after=None
[2025-02-28T22:28:31.177+0200] {logging_mixin.py:190} INFO - [2025-02-28T22:28:31.177+0200] {dag.py:4180} INFO - Setting next_dagrun for example_external_task_marker_parent to None, run_after=None
[2025-02-28T22:28:31.182+0200] {processor.py:208} INFO - Processing /Users/nampham/.pyenv/versions/3.12.9/lib/python3.12/site-packages/airflow/example_dags/example_external_task_marker_dag.py took 0.433 seconds
[2025-02-28T22:36:34.301+0200] {processor.py:186} INFO - Started process (PID=19900) to work on /Users/nampham/.pyenv/versions/3.12.9/lib/python3.12/site-packages/airflow/example_dags/example_external_task_marker_dag.py
[2025-02-28T22:36:34.302+0200] {processor.py:914} INFO - Processing file /Users/nampham/.pyenv/versions/3.12.9/lib/python3.12/site-packages/airflow/example_dags/example_external_task_marker_dag.py for tasks to queue
[2025-02-28T22:36:34.302+0200] {logging_mixin.py:190} INFO - [2025-02-28T22:36:34.302+0200] {dagbag.py:588} INFO - Filling up the DagBag from /Users/nampham/.pyenv/versions/3.12.9/lib/python3.12/site-packages/airflow/example_dags/example_external_task_marker_dag.py
[2025-02-28T22:36:34.307+0200] {processor.py:925} INFO - DAG(s) 'example_external_task_marker_parent', 'example_external_task_marker_child' retrieved from /Users/nampham/.pyenv/versions/3.12.9/lib/python3.12/site-packages/airflow/example_dags/example_external_task_marker_dag.py
[2025-02-28T22:36:34.392+0200] {logging_mixin.py:190} INFO - [2025-02-28T22:36:34.392+0200] {override.py:1930} INFO - Created Permission View: can edit on DAG:example_external_task_marker_parent
[2025-02-28T22:36:34.395+0200] {logging_mixin.py:190} INFO - [2025-02-28T22:36:34.395+0200] {override.py:1930} INFO - Created Permission View: can delete on DAG:example_external_task_marker_parent
[2025-02-28T22:36:34.396+0200] {logging_mixin.py:190} INFO - [2025-02-28T22:36:34.396+0200] {override.py:1930} INFO - Created Permission View: can read on DAG:example_external_task_marker_parent
[2025-02-28T22:36:34.399+0200] {logging_mixin.py:190} INFO - [2025-02-28T22:36:34.399+0200] {override.py:1930} INFO - Created Permission View: menu access on DAG Run:example_external_task_marker_parent
[2025-02-28T22:36:34.400+0200] {logging_mixin.py:190} INFO - [2025-02-28T22:36:34.400+0200] {override.py:1930} INFO - Created Permission View: can delete on DAG Run:example_external_task_marker_parent
[2025-02-28T22:36:34.402+0200] {logging_mixin.py:190} INFO - [2025-02-28T22:36:34.402+0200] {override.py:1930} INFO - Created Permission View: can read on DAG Run:example_external_task_marker_parent
[2025-02-28T22:36:34.404+0200] {logging_mixin.py:190} INFO - [2025-02-28T22:36:34.404+0200] {override.py:1930} INFO - Created Permission View: can create on DAG Run:example_external_task_marker_parent
[2025-02-28T22:36:34.730+0200] {logging_mixin.py:190} INFO - [2025-02-28T22:36:34.729+0200] {override.py:1930} INFO - Created Permission View: can edit on DAG:example_external_task_marker_child
[2025-02-28T22:36:34.731+0200] {logging_mixin.py:190} INFO - [2025-02-28T22:36:34.731+0200] {override.py:1930} INFO - Created Permission View: can delete on DAG:example_external_task_marker_child
[2025-02-28T22:36:34.733+0200] {logging_mixin.py:190} INFO - [2025-02-28T22:36:34.733+0200] {override.py:1930} INFO - Created Permission View: can read on DAG:example_external_task_marker_child
[2025-02-28T22:36:34.735+0200] {logging_mixin.py:190} INFO - [2025-02-28T22:36:34.735+0200] {override.py:1930} INFO - Created Permission View: menu access on DAG Run:example_external_task_marker_child
[2025-02-28T22:36:34.737+0200] {logging_mixin.py:190} INFO - [2025-02-28T22:36:34.737+0200] {override.py:1930} INFO - Created Permission View: can delete on DAG Run:example_external_task_marker_child
[2025-02-28T22:36:34.739+0200] {logging_mixin.py:190} INFO - [2025-02-28T22:36:34.739+0200] {override.py:1930} INFO - Created Permission View: can read on DAG Run:example_external_task_marker_child
[2025-02-28T22:36:34.741+0200] {logging_mixin.py:190} INFO - [2025-02-28T22:36:34.741+0200] {override.py:1930} INFO - Created Permission View: can create on DAG Run:example_external_task_marker_child
[2025-02-28T22:36:34.741+0200] {logging_mixin.py:190} INFO - [2025-02-28T22:36:34.741+0200] {dag.py:3239} INFO - Sync 2 DAGs
[2025-02-28T22:36:34.745+0200] {logging_mixin.py:190} INFO - [2025-02-28T22:36:34.745+0200] {dag.py:3262} INFO - Creating ORM DAG for example_external_task_marker_parent
[2025-02-28T22:36:34.745+0200] {logging_mixin.py:190} INFO - [2025-02-28T22:36:34.745+0200] {dag.py:3262} INFO - Creating ORM DAG for example_external_task_marker_child
[2025-02-28T22:36:34.745+0200] {logging_mixin.py:190} INFO - [2025-02-28T22:36:34.745+0200] {dag.py:4180} INFO - Setting next_dagrun for example_external_task_marker_child to None, run_after=None
[2025-02-28T22:36:34.745+0200] {logging_mixin.py:190} INFO - [2025-02-28T22:36:34.745+0200] {dag.py:4180} INFO - Setting next_dagrun for example_external_task_marker_parent to None, run_after=None
[2025-02-28T22:36:34.751+0200] {processor.py:208} INFO - Processing /Users/nampham/.pyenv/versions/3.12.9/lib/python3.12/site-packages/airflow/example_dags/example_external_task_marker_dag.py took 0.451 seconds
[2025-02-28T22:38:48.266+0200] {processor.py:186} INFO - Started process (PID=20377) to work on /Users/nampham/.pyenv/versions/3.12.9/lib/python3.12/site-packages/airflow/example_dags/example_external_task_marker_dag.py
[2025-02-28T22:38:48.266+0200] {processor.py:914} INFO - Processing file /Users/nampham/.pyenv/versions/3.12.9/lib/python3.12/site-packages/airflow/example_dags/example_external_task_marker_dag.py for tasks to queue
[2025-02-28T22:38:48.267+0200] {logging_mixin.py:190} INFO - [2025-02-28T22:38:48.267+0200] {dagbag.py:588} INFO - Filling up the DagBag from /Users/nampham/.pyenv/versions/3.12.9/lib/python3.12/site-packages/airflow/example_dags/example_external_task_marker_dag.py
[2025-02-28T22:38:48.272+0200] {processor.py:925} INFO - DAG(s) 'example_external_task_marker_parent', 'example_external_task_marker_child' retrieved from /Users/nampham/.pyenv/versions/3.12.9/lib/python3.12/site-packages/airflow/example_dags/example_external_task_marker_dag.py
[2025-02-28T22:38:48.585+0200] {logging_mixin.py:190} INFO - [2025-02-28T22:38:48.585+0200] {dag.py:3239} INFO - Sync 2 DAGs
[2025-02-28T22:38:48.594+0200] {logging_mixin.py:190} INFO - [2025-02-28T22:38:48.593+0200] {dag.py:4180} INFO - Setting next_dagrun for example_external_task_marker_child to None, run_after=None
[2025-02-28T22:38:48.596+0200] {logging_mixin.py:190} INFO - [2025-02-28T22:38:48.596+0200] {dag.py:4180} INFO - Setting next_dagrun for example_external_task_marker_parent to None, run_after=None
[2025-02-28T22:38:48.603+0200] {processor.py:208} INFO - Processing /Users/nampham/.pyenv/versions/3.12.9/lib/python3.12/site-packages/airflow/example_dags/example_external_task_marker_dag.py took 0.338 seconds
[2025-02-28T22:41:36.783+0200] {processor.py:186} INFO - Started process (PID=20937) to work on /Users/nampham/.pyenv/versions/3.12.9/lib/python3.12/site-packages/airflow/example_dags/example_external_task_marker_dag.py
[2025-02-28T22:41:36.784+0200] {processor.py:914} INFO - Processing file /Users/nampham/.pyenv/versions/3.12.9/lib/python3.12/site-packages/airflow/example_dags/example_external_task_marker_dag.py for tasks to queue
[2025-02-28T22:41:36.785+0200] {logging_mixin.py:190} INFO - [2025-02-28T22:41:36.785+0200] {dagbag.py:588} INFO - Filling up the DagBag from /Users/nampham/.pyenv/versions/3.12.9/lib/python3.12/site-packages/airflow/example_dags/example_external_task_marker_dag.py
[2025-02-28T22:41:36.790+0200] {processor.py:925} INFO - DAG(s) 'example_external_task_marker_parent', 'example_external_task_marker_child' retrieved from /Users/nampham/.pyenv/versions/3.12.9/lib/python3.12/site-packages/airflow/example_dags/example_external_task_marker_dag.py
[2025-02-28T22:41:37.104+0200] {logging_mixin.py:190} INFO - [2025-02-28T22:41:37.104+0200] {dag.py:3239} INFO - Sync 2 DAGs
[2025-02-28T22:41:37.108+0200] {logging_mixin.py:190} INFO - [2025-02-28T22:41:37.108+0200] {dag.py:4180} INFO - Setting next_dagrun for example_external_task_marker_child to None, run_after=None
[2025-02-28T22:41:37.109+0200] {logging_mixin.py:190} INFO - [2025-02-28T22:41:37.109+0200] {dag.py:4180} INFO - Setting next_dagrun for example_external_task_marker_parent to None, run_after=None
[2025-02-28T22:41:37.115+0200] {processor.py:208} INFO - Processing /Users/nampham/.pyenv/versions/3.12.9/lib/python3.12/site-packages/airflow/example_dags/example_external_task_marker_dag.py took 0.334 seconds
[2025-02-28T22:44:06.060+0200] {processor.py:186} INFO - Started process (PID=21487) to work on /Users/nampham/.pyenv/versions/3.12.9/lib/python3.12/site-packages/airflow/example_dags/example_external_task_marker_dag.py
[2025-02-28T22:44:06.061+0200] {processor.py:914} INFO - Processing file /Users/nampham/.pyenv/versions/3.12.9/lib/python3.12/site-packages/airflow/example_dags/example_external_task_marker_dag.py for tasks to queue
[2025-02-28T22:44:06.061+0200] {logging_mixin.py:190} INFO - [2025-02-28T22:44:06.061+0200] {dagbag.py:588} INFO - Filling up the DagBag from /Users/nampham/.pyenv/versions/3.12.9/lib/python3.12/site-packages/airflow/example_dags/example_external_task_marker_dag.py
[2025-02-28T22:44:06.067+0200] {processor.py:925} INFO - DAG(s) 'example_external_task_marker_parent', 'example_external_task_marker_child' retrieved from /Users/nampham/.pyenv/versions/3.12.9/lib/python3.12/site-packages/airflow/example_dags/example_external_task_marker_dag.py
[2025-02-28T22:44:06.390+0200] {logging_mixin.py:190} INFO - [2025-02-28T22:44:06.390+0200] {dag.py:3239} INFO - Sync 2 DAGs
[2025-02-28T22:44:06.399+0200] {logging_mixin.py:190} INFO - [2025-02-28T22:44:06.398+0200] {dag.py:4180} INFO - Setting next_dagrun for example_external_task_marker_child to None, run_after=None
[2025-02-28T22:44:06.400+0200] {logging_mixin.py:190} INFO - [2025-02-28T22:44:06.400+0200] {dag.py:4180} INFO - Setting next_dagrun for example_external_task_marker_parent to None, run_after=None
[2025-02-28T22:44:06.405+0200] {processor.py:208} INFO - Processing /Users/nampham/.pyenv/versions/3.12.9/lib/python3.12/site-packages/airflow/example_dags/example_external_task_marker_dag.py took 0.346 seconds
[2025-02-28T22:47:05.867+0200] {processor.py:186} INFO - Started process (PID=22090) to work on /Users/nampham/.pyenv/versions/3.12.9/lib/python3.12/site-packages/airflow/example_dags/example_external_task_marker_dag.py
[2025-02-28T22:47:05.869+0200] {processor.py:914} INFO - Processing file /Users/nampham/.pyenv/versions/3.12.9/lib/python3.12/site-packages/airflow/example_dags/example_external_task_marker_dag.py for tasks to queue
[2025-02-28T22:47:05.869+0200] {logging_mixin.py:190} INFO - [2025-02-28T22:47:05.869+0200] {dagbag.py:588} INFO - Filling up the DagBag from /Users/nampham/.pyenv/versions/3.12.9/lib/python3.12/site-packages/airflow/example_dags/example_external_task_marker_dag.py
[2025-02-28T22:47:05.874+0200] {processor.py:925} INFO - DAG(s) 'example_external_task_marker_parent', 'example_external_task_marker_child' retrieved from /Users/nampham/.pyenv/versions/3.12.9/lib/python3.12/site-packages/airflow/example_dags/example_external_task_marker_dag.py
[2025-02-28T22:47:06.184+0200] {logging_mixin.py:190} INFO - [2025-02-28T22:47:06.183+0200] {dag.py:3239} INFO - Sync 2 DAGs
[2025-02-28T22:47:06.188+0200] {logging_mixin.py:190} INFO - [2025-02-28T22:47:06.188+0200] {dag.py:4180} INFO - Setting next_dagrun for example_external_task_marker_child to None, run_after=None
[2025-02-28T22:47:06.189+0200] {logging_mixin.py:190} INFO - [2025-02-28T22:47:06.189+0200] {dag.py:4180} INFO - Setting next_dagrun for example_external_task_marker_parent to None, run_after=None
[2025-02-28T22:47:06.195+0200] {processor.py:208} INFO - Processing /Users/nampham/.pyenv/versions/3.12.9/lib/python3.12/site-packages/airflow/example_dags/example_external_task_marker_dag.py took 0.329 seconds
[2025-02-28T22:55:38.590+0200] {processor.py:186} INFO - Started process (PID=22894) to work on /Users/nampham/.pyenv/versions/3.12.9/lib/python3.12/site-packages/airflow/example_dags/example_external_task_marker_dag.py
[2025-02-28T22:55:38.591+0200] {processor.py:914} INFO - Processing file /Users/nampham/.pyenv/versions/3.12.9/lib/python3.12/site-packages/airflow/example_dags/example_external_task_marker_dag.py for tasks to queue
[2025-02-28T22:55:38.592+0200] {logging_mixin.py:190} INFO - [2025-02-28T22:55:38.592+0200] {dagbag.py:588} INFO - Filling up the DagBag from /Users/nampham/.pyenv/versions/3.12.9/lib/python3.12/site-packages/airflow/example_dags/example_external_task_marker_dag.py
[2025-02-28T22:55:38.597+0200] {processor.py:925} INFO - DAG(s) 'example_external_task_marker_parent', 'example_external_task_marker_child' retrieved from /Users/nampham/.pyenv/versions/3.12.9/lib/python3.12/site-packages/airflow/example_dags/example_external_task_marker_dag.py
[2025-02-28T22:55:38.899+0200] {logging_mixin.py:190} INFO - [2025-02-28T22:55:38.899+0200] {dag.py:3239} INFO - Sync 2 DAGs
[2025-02-28T22:55:38.905+0200] {logging_mixin.py:190} INFO - [2025-02-28T22:55:38.905+0200] {dag.py:4180} INFO - Setting next_dagrun for example_external_task_marker_child to None, run_after=None
[2025-02-28T22:55:38.907+0200] {logging_mixin.py:190} INFO - [2025-02-28T22:55:38.906+0200] {dag.py:4180} INFO - Setting next_dagrun for example_external_task_marker_parent to None, run_after=None
[2025-02-28T22:55:38.912+0200] {processor.py:208} INFO - Processing /Users/nampham/.pyenv/versions/3.12.9/lib/python3.12/site-packages/airflow/example_dags/example_external_task_marker_dag.py took 0.323 seconds
[2025-02-28T22:58:23.005+0200] {processor.py:186} INFO - Started process (PID=23431) to work on /Users/nampham/.pyenv/versions/3.12.9/lib/python3.12/site-packages/airflow/example_dags/example_external_task_marker_dag.py
[2025-02-28T22:58:23.006+0200] {processor.py:914} INFO - Processing file /Users/nampham/.pyenv/versions/3.12.9/lib/python3.12/site-packages/airflow/example_dags/example_external_task_marker_dag.py for tasks to queue
[2025-02-28T22:58:23.006+0200] {logging_mixin.py:190} INFO - [2025-02-28T22:58:23.006+0200] {dagbag.py:588} INFO - Filling up the DagBag from /Users/nampham/.pyenv/versions/3.12.9/lib/python3.12/site-packages/airflow/example_dags/example_external_task_marker_dag.py
[2025-02-28T22:58:23.011+0200] {processor.py:925} INFO - DAG(s) 'example_external_task_marker_child', 'example_external_task_marker_parent' retrieved from /Users/nampham/.pyenv/versions/3.12.9/lib/python3.12/site-packages/airflow/example_dags/example_external_task_marker_dag.py
[2025-02-28T22:58:23.298+0200] {logging_mixin.py:190} INFO - [2025-02-28T22:58:23.297+0200] {dag.py:3239} INFO - Sync 2 DAGs
[2025-02-28T22:58:23.306+0200] {logging_mixin.py:190} INFO - [2025-02-28T22:58:23.306+0200] {dag.py:4180} INFO - Setting next_dagrun for example_external_task_marker_child to None, run_after=None
[2025-02-28T22:58:23.307+0200] {logging_mixin.py:190} INFO - [2025-02-28T22:58:23.307+0200] {dag.py:4180} INFO - Setting next_dagrun for example_external_task_marker_parent to None, run_after=None
[2025-02-28T22:58:23.313+0200] {processor.py:208} INFO - Processing /Users/nampham/.pyenv/versions/3.12.9/lib/python3.12/site-packages/airflow/example_dags/example_external_task_marker_dag.py took 0.309 seconds
[2025-02-28T23:01:20.684+0200] {processor.py:186} INFO - Started process (PID=24040) to work on /Users/nampham/.pyenv/versions/3.12.9/lib/python3.12/site-packages/airflow/example_dags/example_external_task_marker_dag.py
[2025-02-28T23:01:20.685+0200] {processor.py:914} INFO - Processing file /Users/nampham/.pyenv/versions/3.12.9/lib/python3.12/site-packages/airflow/example_dags/example_external_task_marker_dag.py for tasks to queue
[2025-02-28T23:01:20.685+0200] {logging_mixin.py:190} INFO - [2025-02-28T23:01:20.685+0200] {dagbag.py:588} INFO - Filling up the DagBag from /Users/nampham/.pyenv/versions/3.12.9/lib/python3.12/site-packages/airflow/example_dags/example_external_task_marker_dag.py
[2025-02-28T23:01:20.691+0200] {processor.py:925} INFO - DAG(s) 'example_external_task_marker_child', 'example_external_task_marker_parent' retrieved from /Users/nampham/.pyenv/versions/3.12.9/lib/python3.12/site-packages/airflow/example_dags/example_external_task_marker_dag.py
[2025-02-28T23:01:21.012+0200] {logging_mixin.py:190} INFO - [2025-02-28T23:01:21.012+0200] {dag.py:3239} INFO - Sync 2 DAGs
[2025-02-28T23:01:21.018+0200] {logging_mixin.py:190} INFO - [2025-02-28T23:01:21.018+0200] {dag.py:4180} INFO - Setting next_dagrun for example_external_task_marker_child to None, run_after=None
[2025-02-28T23:01:21.019+0200] {logging_mixin.py:190} INFO - [2025-02-28T23:01:21.019+0200] {dag.py:4180} INFO - Setting next_dagrun for example_external_task_marker_parent to None, run_after=None
[2025-02-28T23:01:21.025+0200] {processor.py:208} INFO - Processing /Users/nampham/.pyenv/versions/3.12.9/lib/python3.12/site-packages/airflow/example_dags/example_external_task_marker_dag.py took 0.342 seconds
