[2025-02-28T18:25:00.107+0200] {processor.py:186} INFO - Started process (PID=93207) to work on /Users/nampham/.pyenv/versions/3.12.9/lib/python3.12/site-packages/airflow/example_dags/example_short_circuit_decorator.py
[2025-02-28T18:25:00.108+0200] {processor.py:914} INFO - Processing file /Users/nampham/.pyenv/versions/3.12.9/lib/python3.12/site-packages/airflow/example_dags/example_short_circuit_decorator.py for tasks to queue
[2025-02-28T18:25:00.108+0200] {logging_mixin.py:190} INFO - [2025-02-28T18:25:00.108+0200] {dagbag.py:588} INFO - Filling up the DagBag from /Users/nampham/.pyenv/versions/3.12.9/lib/python3.12/site-packages/airflow/example_dags/example_short_circuit_decorator.py
[2025-02-28T18:25:00.146+0200] {processor.py:925} INFO - DAG(s) 'example_short_circuit_decorator' retrieved from /Users/nampham/.pyenv/versions/3.12.9/lib/python3.12/site-packages/airflow/example_dags/example_short_circuit_decorator.py
[2025-02-28T18:25:00.212+0200] {logging_mixin.py:190} INFO - [2025-02-28T18:25:00.212+0200] {override.py:1930} INFO - Created Permission View: can read on DAG:example_short_circuit_decorator
[2025-02-28T18:25:00.215+0200] {logging_mixin.py:190} INFO - [2025-02-28T18:25:00.215+0200] {override.py:1930} INFO - Created Permission View: can edit on DAG:example_short_circuit_decorator
[2025-02-28T18:25:00.217+0200] {logging_mixin.py:190} INFO - [2025-02-28T18:25:00.217+0200] {override.py:1930} INFO - Created Permission View: can delete on DAG:example_short_circuit_decorator
[2025-02-28T18:25:00.219+0200] {logging_mixin.py:190} INFO - [2025-02-28T18:25:00.219+0200] {override.py:1930} INFO - Created Permission View: menu access on DAG Run:example_short_circuit_decorator
[2025-02-28T18:25:00.221+0200] {logging_mixin.py:190} INFO - [2025-02-28T18:25:00.221+0200] {override.py:1930} INFO - Created Permission View: can read on DAG Run:example_short_circuit_decorator
[2025-02-28T18:25:00.223+0200] {logging_mixin.py:190} INFO - [2025-02-28T18:25:00.222+0200] {override.py:1930} INFO - Created Permission View: can create on DAG Run:example_short_circuit_decorator
[2025-02-28T18:25:00.224+0200] {logging_mixin.py:190} INFO - [2025-02-28T18:25:00.224+0200] {override.py:1930} INFO - Created Permission View: can delete on DAG Run:example_short_circuit_decorator
[2025-02-28T18:25:00.224+0200] {logging_mixin.py:190} INFO - [2025-02-28T18:25:00.224+0200] {dag.py:3239} INFO - Sync 1 DAGs
[2025-02-28T18:25:00.229+0200] {logging_mixin.py:190} INFO - [2025-02-28T18:25:00.229+0200] {dag.py:3262} INFO - Creating ORM DAG for example_short_circuit_decorator
[2025-02-28T18:25:00.229+0200] {logging_mixin.py:190} INFO - [2025-02-28T18:25:00.229+0200] {dag.py:4180} INFO - Setting next_dagrun for example_short_circuit_decorator to None, run_after=None
[2025-02-28T18:25:00.234+0200] {processor.py:208} INFO - Processing /Users/nampham/.pyenv/versions/3.12.9/lib/python3.12/site-packages/airflow/example_dags/example_short_circuit_decorator.py took 0.128 seconds
[2025-02-28T18:26:48.638+0200] {processor.py:186} INFO - Started process (PID=93659) to work on /Users/nampham/.pyenv/versions/3.12.9/lib/python3.12/site-packages/airflow/example_dags/example_short_circuit_decorator.py
[2025-02-28T18:26:48.639+0200] {processor.py:914} INFO - Processing file /Users/nampham/.pyenv/versions/3.12.9/lib/python3.12/site-packages/airflow/example_dags/example_short_circuit_decorator.py for tasks to queue
[2025-02-28T18:26:48.643+0200] {logging_mixin.py:190} INFO - [2025-02-28T18:26:48.643+0200] {dagbag.py:588} INFO - Filling up the DagBag from /Users/nampham/.pyenv/versions/3.12.9/lib/python3.12/site-packages/airflow/example_dags/example_short_circuit_decorator.py
[2025-02-28T18:26:48.698+0200] {processor.py:925} INFO - DAG(s) 'example_short_circuit_decorator' retrieved from /Users/nampham/.pyenv/versions/3.12.9/lib/python3.12/site-packages/airflow/example_dags/example_short_circuit_decorator.py
[2025-02-28T18:26:48.736+0200] {logging_mixin.py:190} INFO - [2025-02-28T18:26:48.736+0200] {dag.py:3239} INFO - Sync 1 DAGs
[2025-02-28T18:26:48.740+0200] {logging_mixin.py:190} INFO - [2025-02-28T18:26:48.740+0200] {dag.py:4180} INFO - Setting next_dagrun for example_short_circuit_decorator to None, run_after=None
[2025-02-28T18:26:48.746+0200] {processor.py:208} INFO - Processing /Users/nampham/.pyenv/versions/3.12.9/lib/python3.12/site-packages/airflow/example_dags/example_short_circuit_decorator.py took 0.110 seconds
[2025-02-28T18:28:09.579+0200] {processor.py:186} INFO - Started process (PID=93987) to work on /Users/nampham/.pyenv/versions/3.12.9/lib/python3.12/site-packages/airflow/example_dags/example_short_circuit_decorator.py
[2025-02-28T18:28:09.580+0200] {processor.py:914} INFO - Processing file /Users/nampham/.pyenv/versions/3.12.9/lib/python3.12/site-packages/airflow/example_dags/example_short_circuit_decorator.py for tasks to queue
[2025-02-28T18:28:09.580+0200] {logging_mixin.py:190} INFO - [2025-02-28T18:28:09.580+0200] {dagbag.py:588} INFO - Filling up the DagBag from /Users/nampham/.pyenv/versions/3.12.9/lib/python3.12/site-packages/airflow/example_dags/example_short_circuit_decorator.py
[2025-02-28T18:28:09.621+0200] {processor.py:925} INFO - DAG(s) 'example_short_circuit_decorator' retrieved from /Users/nampham/.pyenv/versions/3.12.9/lib/python3.12/site-packages/airflow/example_dags/example_short_circuit_decorator.py
[2025-02-28T18:28:09.657+0200] {logging_mixin.py:190} INFO - [2025-02-28T18:28:09.657+0200] {dag.py:3239} INFO - Sync 1 DAGs
[2025-02-28T18:28:09.661+0200] {logging_mixin.py:190} INFO - [2025-02-28T18:28:09.661+0200] {dag.py:4180} INFO - Setting next_dagrun for example_short_circuit_decorator to None, run_after=None
[2025-02-28T18:28:09.668+0200] {processor.py:208} INFO - Processing /Users/nampham/.pyenv/versions/3.12.9/lib/python3.12/site-packages/airflow/example_dags/example_short_circuit_decorator.py took 0.090 seconds
[2025-02-28T18:29:31.543+0200] {processor.py:186} INFO - Started process (PID=94310) to work on /Users/nampham/.pyenv/versions/3.12.9/lib/python3.12/site-packages/airflow/example_dags/example_short_circuit_decorator.py
[2025-02-28T18:29:31.544+0200] {processor.py:914} INFO - Processing file /Users/nampham/.pyenv/versions/3.12.9/lib/python3.12/site-packages/airflow/example_dags/example_short_circuit_decorator.py for tasks to queue
[2025-02-28T18:29:31.544+0200] {logging_mixin.py:190} INFO - [2025-02-28T18:29:31.544+0200] {dagbag.py:588} INFO - Filling up the DagBag from /Users/nampham/.pyenv/versions/3.12.9/lib/python3.12/site-packages/airflow/example_dags/example_short_circuit_decorator.py
[2025-02-28T18:29:31.583+0200] {processor.py:925} INFO - DAG(s) 'example_short_circuit_decorator' retrieved from /Users/nampham/.pyenv/versions/3.12.9/lib/python3.12/site-packages/airflow/example_dags/example_short_circuit_decorator.py
[2025-02-28T18:29:31.617+0200] {logging_mixin.py:190} INFO - [2025-02-28T18:29:31.617+0200] {dag.py:3239} INFO - Sync 1 DAGs
[2025-02-28T18:29:31.621+0200] {logging_mixin.py:190} INFO - [2025-02-28T18:29:31.621+0200] {dag.py:4180} INFO - Setting next_dagrun for example_short_circuit_decorator to None, run_after=None
[2025-02-28T18:29:31.627+0200] {processor.py:208} INFO - Processing /Users/nampham/.pyenv/versions/3.12.9/lib/python3.12/site-packages/airflow/example_dags/example_short_circuit_decorator.py took 0.085 seconds
[2025-02-28T20:11:15.147+0200] {processor.py:186} INFO - Started process (PID=97311) to work on /Users/nampham/.pyenv/versions/3.12.9/lib/python3.12/site-packages/airflow/example_dags/example_short_circuit_decorator.py
[2025-02-28T20:11:15.148+0200] {processor.py:914} INFO - Processing file /Users/nampham/.pyenv/versions/3.12.9/lib/python3.12/site-packages/airflow/example_dags/example_short_circuit_decorator.py for tasks to queue
[2025-02-28T20:11:15.149+0200] {logging_mixin.py:190} INFO - [2025-02-28T20:11:15.149+0200] {dagbag.py:588} INFO - Filling up the DagBag from /Users/nampham/.pyenv/versions/3.12.9/lib/python3.12/site-packages/airflow/example_dags/example_short_circuit_decorator.py
[2025-02-28T20:11:15.191+0200] {processor.py:925} INFO - DAG(s) 'example_short_circuit_decorator' retrieved from /Users/nampham/.pyenv/versions/3.12.9/lib/python3.12/site-packages/airflow/example_dags/example_short_circuit_decorator.py
[2025-02-28T20:11:15.255+0200] {logging_mixin.py:190} INFO - [2025-02-28T20:11:15.255+0200] {dag.py:3239} INFO - Sync 1 DAGs
[2025-02-28T20:11:15.259+0200] {logging_mixin.py:190} INFO - [2025-02-28T20:11:15.259+0200] {dag.py:4180} INFO - Setting next_dagrun for example_short_circuit_decorator to None, run_after=None
[2025-02-28T20:11:15.265+0200] {processor.py:208} INFO - Processing /Users/nampham/.pyenv/versions/3.12.9/lib/python3.12/site-packages/airflow/example_dags/example_short_circuit_decorator.py took 0.119 seconds
[2025-02-28T20:13:03.651+0200] {processor.py:186} INFO - Started process (PID=97935) to work on /Users/nampham/.pyenv/versions/3.12.9/lib/python3.12/site-packages/airflow/example_dags/example_short_circuit_decorator.py
[2025-02-28T20:13:03.652+0200] {processor.py:914} INFO - Processing file /Users/nampham/.pyenv/versions/3.12.9/lib/python3.12/site-packages/airflow/example_dags/example_short_circuit_decorator.py for tasks to queue
[2025-02-28T20:13:03.653+0200] {logging_mixin.py:190} INFO - [2025-02-28T20:13:03.652+0200] {dagbag.py:588} INFO - Filling up the DagBag from /Users/nampham/.pyenv/versions/3.12.9/lib/python3.12/site-packages/airflow/example_dags/example_short_circuit_decorator.py
[2025-02-28T20:13:03.700+0200] {processor.py:925} INFO - DAG(s) 'example_short_circuit_decorator' retrieved from /Users/nampham/.pyenv/versions/3.12.9/lib/python3.12/site-packages/airflow/example_dags/example_short_circuit_decorator.py
[2025-02-28T20:13:03.739+0200] {logging_mixin.py:190} INFO - [2025-02-28T20:13:03.738+0200] {dag.py:3239} INFO - Sync 1 DAGs
[2025-02-28T20:13:03.743+0200] {logging_mixin.py:190} INFO - [2025-02-28T20:13:03.743+0200] {dag.py:4180} INFO - Setting next_dagrun for example_short_circuit_decorator to None, run_after=None
[2025-02-28T20:13:03.749+0200] {processor.py:208} INFO - Processing /Users/nampham/.pyenv/versions/3.12.9/lib/python3.12/site-packages/airflow/example_dags/example_short_circuit_decorator.py took 0.099 seconds
[2025-02-28T20:14:52.547+0200] {processor.py:186} INFO - Started process (PID=98373) to work on /Users/nampham/.pyenv/versions/3.12.9/lib/python3.12/site-packages/airflow/example_dags/example_short_circuit_decorator.py
[2025-02-28T20:14:52.547+0200] {processor.py:914} INFO - Processing file /Users/nampham/.pyenv/versions/3.12.9/lib/python3.12/site-packages/airflow/example_dags/example_short_circuit_decorator.py for tasks to queue
[2025-02-28T20:14:52.548+0200] {logging_mixin.py:190} INFO - [2025-02-28T20:14:52.548+0200] {dagbag.py:588} INFO - Filling up the DagBag from /Users/nampham/.pyenv/versions/3.12.9/lib/python3.12/site-packages/airflow/example_dags/example_short_circuit_decorator.py
[2025-02-28T20:14:52.586+0200] {processor.py:925} INFO - DAG(s) 'example_short_circuit_decorator' retrieved from /Users/nampham/.pyenv/versions/3.12.9/lib/python3.12/site-packages/airflow/example_dags/example_short_circuit_decorator.py
[2025-02-28T20:14:52.621+0200] {logging_mixin.py:190} INFO - [2025-02-28T20:14:52.621+0200] {dag.py:3239} INFO - Sync 1 DAGs
[2025-02-28T20:14:52.625+0200] {logging_mixin.py:190} INFO - [2025-02-28T20:14:52.625+0200] {dag.py:4180} INFO - Setting next_dagrun for example_short_circuit_decorator to None, run_after=None
[2025-02-28T20:14:52.631+0200] {processor.py:208} INFO - Processing /Users/nampham/.pyenv/versions/3.12.9/lib/python3.12/site-packages/airflow/example_dags/example_short_circuit_decorator.py took 0.086 seconds
[2025-02-28T20:16:13.125+0200] {processor.py:186} INFO - Started process (PID=98651) to work on /Users/nampham/.pyenv/versions/3.12.9/lib/python3.12/site-packages/airflow/example_dags/example_short_circuit_decorator.py
[2025-02-28T20:16:13.126+0200] {processor.py:914} INFO - Processing file /Users/nampham/.pyenv/versions/3.12.9/lib/python3.12/site-packages/airflow/example_dags/example_short_circuit_decorator.py for tasks to queue
[2025-02-28T20:16:13.126+0200] {logging_mixin.py:190} INFO - [2025-02-28T20:16:13.126+0200] {dagbag.py:588} INFO - Filling up the DagBag from /Users/nampham/.pyenv/versions/3.12.9/lib/python3.12/site-packages/airflow/example_dags/example_short_circuit_decorator.py
[2025-02-28T20:16:13.167+0200] {processor.py:925} INFO - DAG(s) 'example_short_circuit_decorator' retrieved from /Users/nampham/.pyenv/versions/3.12.9/lib/python3.12/site-packages/airflow/example_dags/example_short_circuit_decorator.py
[2025-02-28T20:16:13.202+0200] {logging_mixin.py:190} INFO - [2025-02-28T20:16:13.202+0200] {dag.py:3239} INFO - Sync 1 DAGs
[2025-02-28T20:16:13.205+0200] {logging_mixin.py:190} INFO - [2025-02-28T20:16:13.205+0200] {dag.py:4180} INFO - Setting next_dagrun for example_short_circuit_decorator to None, run_after=None
[2025-02-28T20:16:13.212+0200] {processor.py:208} INFO - Processing /Users/nampham/.pyenv/versions/3.12.9/lib/python3.12/site-packages/airflow/example_dags/example_short_circuit_decorator.py took 0.088 seconds
[2025-02-28T20:17:28.046+0200] {processor.py:186} INFO - Started process (PID=98938) to work on /Users/nampham/.pyenv/versions/3.12.9/lib/python3.12/site-packages/airflow/example_dags/example_short_circuit_decorator.py
[2025-02-28T20:17:28.047+0200] {processor.py:914} INFO - Processing file /Users/nampham/.pyenv/versions/3.12.9/lib/python3.12/site-packages/airflow/example_dags/example_short_circuit_decorator.py for tasks to queue
[2025-02-28T20:17:28.047+0200] {logging_mixin.py:190} INFO - [2025-02-28T20:17:28.047+0200] {dagbag.py:588} INFO - Filling up the DagBag from /Users/nampham/.pyenv/versions/3.12.9/lib/python3.12/site-packages/airflow/example_dags/example_short_circuit_decorator.py
[2025-02-28T20:17:28.086+0200] {processor.py:925} INFO - DAG(s) 'example_short_circuit_decorator' retrieved from /Users/nampham/.pyenv/versions/3.12.9/lib/python3.12/site-packages/airflow/example_dags/example_short_circuit_decorator.py
[2025-02-28T20:17:28.122+0200] {logging_mixin.py:190} INFO - [2025-02-28T20:17:28.122+0200] {dag.py:3239} INFO - Sync 1 DAGs
[2025-02-28T20:17:28.125+0200] {logging_mixin.py:190} INFO - [2025-02-28T20:17:28.125+0200] {dag.py:4180} INFO - Setting next_dagrun for example_short_circuit_decorator to None, run_after=None
[2025-02-28T20:17:28.131+0200] {processor.py:208} INFO - Processing /Users/nampham/.pyenv/versions/3.12.9/lib/python3.12/site-packages/airflow/example_dags/example_short_circuit_decorator.py took 0.087 seconds
[2025-02-28T20:18:43.035+0200] {processor.py:186} INFO - Started process (PID=99311) to work on /Users/nampham/.pyenv/versions/3.12.9/lib/python3.12/site-packages/airflow/example_dags/example_short_circuit_decorator.py
[2025-02-28T20:18:43.036+0200] {processor.py:914} INFO - Processing file /Users/nampham/.pyenv/versions/3.12.9/lib/python3.12/site-packages/airflow/example_dags/example_short_circuit_decorator.py for tasks to queue
[2025-02-28T20:18:43.037+0200] {logging_mixin.py:190} INFO - [2025-02-28T20:18:43.037+0200] {dagbag.py:588} INFO - Filling up the DagBag from /Users/nampham/.pyenv/versions/3.12.9/lib/python3.12/site-packages/airflow/example_dags/example_short_circuit_decorator.py
[2025-02-28T20:18:43.077+0200] {processor.py:925} INFO - DAG(s) 'example_short_circuit_decorator' retrieved from /Users/nampham/.pyenv/versions/3.12.9/lib/python3.12/site-packages/airflow/example_dags/example_short_circuit_decorator.py
[2025-02-28T20:18:43.111+0200] {logging_mixin.py:190} INFO - [2025-02-28T20:18:43.111+0200] {dag.py:3239} INFO - Sync 1 DAGs
[2025-02-28T20:18:43.115+0200] {logging_mixin.py:190} INFO - [2025-02-28T20:18:43.115+0200] {dag.py:4180} INFO - Setting next_dagrun for example_short_circuit_decorator to None, run_after=None
[2025-02-28T20:18:43.121+0200] {processor.py:208} INFO - Processing /Users/nampham/.pyenv/versions/3.12.9/lib/python3.12/site-packages/airflow/example_dags/example_short_circuit_decorator.py took 0.088 seconds
[2025-02-28T20:20:36.124+0200] {processor.py:186} INFO - Started process (PID=99743) to work on /Users/nampham/.pyenv/versions/3.12.9/lib/python3.12/site-packages/airflow/example_dags/example_short_circuit_decorator.py
[2025-02-28T20:20:36.125+0200] {processor.py:914} INFO - Processing file /Users/nampham/.pyenv/versions/3.12.9/lib/python3.12/site-packages/airflow/example_dags/example_short_circuit_decorator.py for tasks to queue
[2025-02-28T20:20:36.125+0200] {logging_mixin.py:190} INFO - [2025-02-28T20:20:36.125+0200] {dagbag.py:588} INFO - Filling up the DagBag from /Users/nampham/.pyenv/versions/3.12.9/lib/python3.12/site-packages/airflow/example_dags/example_short_circuit_decorator.py
[2025-02-28T20:20:36.164+0200] {processor.py:925} INFO - DAG(s) 'example_short_circuit_decorator' retrieved from /Users/nampham/.pyenv/versions/3.12.9/lib/python3.12/site-packages/airflow/example_dags/example_short_circuit_decorator.py
[2025-02-28T20:20:36.198+0200] {logging_mixin.py:190} INFO - [2025-02-28T20:20:36.198+0200] {dag.py:3239} INFO - Sync 1 DAGs
[2025-02-28T20:20:36.201+0200] {logging_mixin.py:190} INFO - [2025-02-28T20:20:36.201+0200] {dag.py:4180} INFO - Setting next_dagrun for example_short_circuit_decorator to None, run_after=None
[2025-02-28T20:20:36.208+0200] {processor.py:208} INFO - Processing /Users/nampham/.pyenv/versions/3.12.9/lib/python3.12/site-packages/airflow/example_dags/example_short_circuit_decorator.py took 0.085 seconds
[2025-02-28T20:21:55.556+0200] {processor.py:186} INFO - Started process (PID=152) to work on /Users/nampham/.pyenv/versions/3.12.9/lib/python3.12/site-packages/airflow/example_dags/example_short_circuit_decorator.py
[2025-02-28T20:21:55.557+0200] {processor.py:914} INFO - Processing file /Users/nampham/.pyenv/versions/3.12.9/lib/python3.12/site-packages/airflow/example_dags/example_short_circuit_decorator.py for tasks to queue
[2025-02-28T20:21:55.557+0200] {logging_mixin.py:190} INFO - [2025-02-28T20:21:55.557+0200] {dagbag.py:588} INFO - Filling up the DagBag from /Users/nampham/.pyenv/versions/3.12.9/lib/python3.12/site-packages/airflow/example_dags/example_short_circuit_decorator.py
[2025-02-28T20:21:55.595+0200] {processor.py:925} INFO - DAG(s) 'example_short_circuit_decorator' retrieved from /Users/nampham/.pyenv/versions/3.12.9/lib/python3.12/site-packages/airflow/example_dags/example_short_circuit_decorator.py
[2025-02-28T20:21:55.630+0200] {logging_mixin.py:190} INFO - [2025-02-28T20:21:55.630+0200] {dag.py:3239} INFO - Sync 1 DAGs
[2025-02-28T20:21:55.634+0200] {logging_mixin.py:190} INFO - [2025-02-28T20:21:55.634+0200] {dag.py:4180} INFO - Setting next_dagrun for example_short_circuit_decorator to None, run_after=None
[2025-02-28T20:21:55.640+0200] {processor.py:208} INFO - Processing /Users/nampham/.pyenv/versions/3.12.9/lib/python3.12/site-packages/airflow/example_dags/example_short_circuit_decorator.py took 0.086 seconds
[2025-02-28T21:27:58.325+0200] {processor.py:186} INFO - Started process (PID=5531) to work on /Users/nampham/.pyenv/versions/3.12.9/lib/python3.12/site-packages/airflow/example_dags/example_short_circuit_decorator.py
[2025-02-28T21:27:58.326+0200] {processor.py:914} INFO - Processing file /Users/nampham/.pyenv/versions/3.12.9/lib/python3.12/site-packages/airflow/example_dags/example_short_circuit_decorator.py for tasks to queue
[2025-02-28T21:27:58.326+0200] {logging_mixin.py:190} INFO - [2025-02-28T21:27:58.326+0200] {dagbag.py:588} INFO - Filling up the DagBag from /Users/nampham/.pyenv/versions/3.12.9/lib/python3.12/site-packages/airflow/example_dags/example_short_circuit_decorator.py
[2025-02-28T21:27:58.365+0200] {processor.py:925} INFO - DAG(s) 'example_short_circuit_decorator' retrieved from /Users/nampham/.pyenv/versions/3.12.9/lib/python3.12/site-packages/airflow/example_dags/example_short_circuit_decorator.py
[2025-02-28T21:27:58.400+0200] {logging_mixin.py:190} INFO - [2025-02-28T21:27:58.400+0200] {dag.py:3239} INFO - Sync 1 DAGs
[2025-02-28T21:27:58.404+0200] {logging_mixin.py:190} INFO - [2025-02-28T21:27:58.404+0200] {dag.py:4180} INFO - Setting next_dagrun for example_short_circuit_decorator to None, run_after=None
[2025-02-28T21:27:58.410+0200] {processor.py:208} INFO - Processing /Users/nampham/.pyenv/versions/3.12.9/lib/python3.12/site-packages/airflow/example_dags/example_short_circuit_decorator.py took 0.086 seconds
[2025-02-28T21:30:43.921+0200] {processor.py:186} INFO - Started process (PID=6193) to work on /Users/nampham/.pyenv/versions/3.12.9/lib/python3.12/site-packages/airflow/example_dags/example_short_circuit_decorator.py
[2025-02-28T21:30:43.923+0200] {processor.py:914} INFO - Processing file /Users/nampham/.pyenv/versions/3.12.9/lib/python3.12/site-packages/airflow/example_dags/example_short_circuit_decorator.py for tasks to queue
[2025-02-28T21:30:43.924+0200] {logging_mixin.py:190} INFO - [2025-02-28T21:30:43.924+0200] {dagbag.py:588} INFO - Filling up the DagBag from /Users/nampham/.pyenv/versions/3.12.9/lib/python3.12/site-packages/airflow/example_dags/example_short_circuit_decorator.py
[2025-02-28T21:30:43.962+0200] {processor.py:925} INFO - DAG(s) 'example_short_circuit_decorator' retrieved from /Users/nampham/.pyenv/versions/3.12.9/lib/python3.12/site-packages/airflow/example_dags/example_short_circuit_decorator.py
[2025-02-28T21:30:43.997+0200] {logging_mixin.py:190} INFO - [2025-02-28T21:30:43.997+0200] {dag.py:3239} INFO - Sync 1 DAGs
[2025-02-28T21:30:44.001+0200] {logging_mixin.py:190} INFO - [2025-02-28T21:30:44.001+0200] {dag.py:4180} INFO - Setting next_dagrun for example_short_circuit_decorator to None, run_after=None
[2025-02-28T21:30:44.007+0200] {processor.py:208} INFO - Processing /Users/nampham/.pyenv/versions/3.12.9/lib/python3.12/site-packages/airflow/example_dags/example_short_circuit_decorator.py took 0.088 seconds
[2025-02-28T21:32:31.976+0200] {processor.py:186} INFO - Started process (PID=6618) to work on /Users/nampham/.pyenv/versions/3.12.9/lib/python3.12/site-packages/airflow/example_dags/example_short_circuit_decorator.py
[2025-02-28T21:32:31.977+0200] {processor.py:914} INFO - Processing file /Users/nampham/.pyenv/versions/3.12.9/lib/python3.12/site-packages/airflow/example_dags/example_short_circuit_decorator.py for tasks to queue
[2025-02-28T21:32:31.978+0200] {logging_mixin.py:190} INFO - [2025-02-28T21:32:31.978+0200] {dagbag.py:588} INFO - Filling up the DagBag from /Users/nampham/.pyenv/versions/3.12.9/lib/python3.12/site-packages/airflow/example_dags/example_short_circuit_decorator.py
[2025-02-28T21:32:32.016+0200] {processor.py:925} INFO - DAG(s) 'example_short_circuit_decorator' retrieved from /Users/nampham/.pyenv/versions/3.12.9/lib/python3.12/site-packages/airflow/example_dags/example_short_circuit_decorator.py
[2025-02-28T21:32:32.050+0200] {logging_mixin.py:190} INFO - [2025-02-28T21:32:32.050+0200] {dag.py:3239} INFO - Sync 1 DAGs
[2025-02-28T21:32:32.054+0200] {logging_mixin.py:190} INFO - [2025-02-28T21:32:32.054+0200] {dag.py:4180} INFO - Setting next_dagrun for example_short_circuit_decorator to None, run_after=None
[2025-02-28T21:32:32.060+0200] {processor.py:208} INFO - Processing /Users/nampham/.pyenv/versions/3.12.9/lib/python3.12/site-packages/airflow/example_dags/example_short_circuit_decorator.py took 0.085 seconds
[2025-02-28T21:33:50.345+0200] {processor.py:186} INFO - Started process (PID=7133) to work on /Users/nampham/.pyenv/versions/3.12.9/lib/python3.12/site-packages/airflow/example_dags/example_short_circuit_decorator.py
[2025-02-28T21:33:50.345+0200] {processor.py:914} INFO - Processing file /Users/nampham/.pyenv/versions/3.12.9/lib/python3.12/site-packages/airflow/example_dags/example_short_circuit_decorator.py for tasks to queue
[2025-02-28T21:33:50.346+0200] {logging_mixin.py:190} INFO - [2025-02-28T21:33:50.346+0200] {dagbag.py:588} INFO - Filling up the DagBag from /Users/nampham/.pyenv/versions/3.12.9/lib/python3.12/site-packages/airflow/example_dags/example_short_circuit_decorator.py
[2025-02-28T21:33:50.387+0200] {processor.py:925} INFO - DAG(s) 'example_short_circuit_decorator' retrieved from /Users/nampham/.pyenv/versions/3.12.9/lib/python3.12/site-packages/airflow/example_dags/example_short_circuit_decorator.py
[2025-02-28T21:33:50.424+0200] {logging_mixin.py:190} INFO - [2025-02-28T21:33:50.424+0200] {dag.py:3239} INFO - Sync 1 DAGs
[2025-02-28T21:33:50.428+0200] {logging_mixin.py:190} INFO - [2025-02-28T21:33:50.428+0200] {dag.py:4180} INFO - Setting next_dagrun for example_short_circuit_decorator to None, run_after=None
[2025-02-28T21:33:50.435+0200] {processor.py:208} INFO - Processing /Users/nampham/.pyenv/versions/3.12.9/lib/python3.12/site-packages/airflow/example_dags/example_short_circuit_decorator.py took 0.091 seconds
[2025-02-28T21:35:09.447+0200] {processor.py:186} INFO - Started process (PID=7420) to work on /Users/nampham/.pyenv/versions/3.12.9/lib/python3.12/site-packages/airflow/example_dags/example_short_circuit_decorator.py
[2025-02-28T21:35:09.448+0200] {processor.py:914} INFO - Processing file /Users/nampham/.pyenv/versions/3.12.9/lib/python3.12/site-packages/airflow/example_dags/example_short_circuit_decorator.py for tasks to queue
[2025-02-28T21:35:09.449+0200] {logging_mixin.py:190} INFO - [2025-02-28T21:35:09.449+0200] {dagbag.py:588} INFO - Filling up the DagBag from /Users/nampham/.pyenv/versions/3.12.9/lib/python3.12/site-packages/airflow/example_dags/example_short_circuit_decorator.py
[2025-02-28T21:35:09.487+0200] {processor.py:925} INFO - DAG(s) 'example_short_circuit_decorator' retrieved from /Users/nampham/.pyenv/versions/3.12.9/lib/python3.12/site-packages/airflow/example_dags/example_short_circuit_decorator.py
[2025-02-28T21:35:09.522+0200] {logging_mixin.py:190} INFO - [2025-02-28T21:35:09.522+0200] {dag.py:3239} INFO - Sync 1 DAGs
[2025-02-28T21:35:09.525+0200] {logging_mixin.py:190} INFO - [2025-02-28T21:35:09.525+0200] {dag.py:4180} INFO - Setting next_dagrun for example_short_circuit_decorator to None, run_after=None
[2025-02-28T21:35:09.532+0200] {processor.py:208} INFO - Processing /Users/nampham/.pyenv/versions/3.12.9/lib/python3.12/site-packages/airflow/example_dags/example_short_circuit_decorator.py took 0.086 seconds
[2025-02-28T21:37:06.335+0200] {processor.py:186} INFO - Started process (PID=7917) to work on /Users/nampham/.pyenv/versions/3.12.9/lib/python3.12/site-packages/airflow/example_dags/example_short_circuit_decorator.py
[2025-02-28T21:37:06.335+0200] {processor.py:914} INFO - Processing file /Users/nampham/.pyenv/versions/3.12.9/lib/python3.12/site-packages/airflow/example_dags/example_short_circuit_decorator.py for tasks to queue
[2025-02-28T21:37:06.336+0200] {logging_mixin.py:190} INFO - [2025-02-28T21:37:06.336+0200] {dagbag.py:588} INFO - Filling up the DagBag from /Users/nampham/.pyenv/versions/3.12.9/lib/python3.12/site-packages/airflow/example_dags/example_short_circuit_decorator.py
[2025-02-28T21:37:06.375+0200] {processor.py:925} INFO - DAG(s) 'example_short_circuit_decorator' retrieved from /Users/nampham/.pyenv/versions/3.12.9/lib/python3.12/site-packages/airflow/example_dags/example_short_circuit_decorator.py
[2025-02-28T21:37:06.439+0200] {logging_mixin.py:190} INFO - [2025-02-28T21:37:06.439+0200] {override.py:1930} INFO - Created Permission View: can edit on DAG:example_short_circuit_decorator
[2025-02-28T21:37:06.442+0200] {logging_mixin.py:190} INFO - [2025-02-28T21:37:06.442+0200] {override.py:1930} INFO - Created Permission View: can delete on DAG:example_short_circuit_decorator
[2025-02-28T21:37:06.444+0200] {logging_mixin.py:190} INFO - [2025-02-28T21:37:06.444+0200] {override.py:1930} INFO - Created Permission View: can read on DAG:example_short_circuit_decorator
[2025-02-28T21:37:06.446+0200] {logging_mixin.py:190} INFO - [2025-02-28T21:37:06.446+0200] {override.py:1930} INFO - Created Permission View: can create on DAG Run:example_short_circuit_decorator
[2025-02-28T21:37:06.448+0200] {logging_mixin.py:190} INFO - [2025-02-28T21:37:06.448+0200] {override.py:1930} INFO - Created Permission View: can delete on DAG Run:example_short_circuit_decorator
[2025-02-28T21:37:06.450+0200] {logging_mixin.py:190} INFO - [2025-02-28T21:37:06.450+0200] {override.py:1930} INFO - Created Permission View: can read on DAG Run:example_short_circuit_decorator
[2025-02-28T21:37:06.452+0200] {logging_mixin.py:190} INFO - [2025-02-28T21:37:06.451+0200] {override.py:1930} INFO - Created Permission View: menu access on DAG Run:example_short_circuit_decorator
[2025-02-28T21:37:06.452+0200] {logging_mixin.py:190} INFO - [2025-02-28T21:37:06.452+0200] {dag.py:3239} INFO - Sync 1 DAGs
[2025-02-28T21:37:06.456+0200] {logging_mixin.py:190} INFO - [2025-02-28T21:37:06.456+0200] {dag.py:3262} INFO - Creating ORM DAG for example_short_circuit_decorator
[2025-02-28T21:37:06.456+0200] {logging_mixin.py:190} INFO - [2025-02-28T21:37:06.456+0200] {dag.py:4180} INFO - Setting next_dagrun for example_short_circuit_decorator to None, run_after=None
[2025-02-28T21:37:06.461+0200] {processor.py:208} INFO - Processing /Users/nampham/.pyenv/versions/3.12.9/lib/python3.12/site-packages/airflow/example_dags/example_short_circuit_decorator.py took 0.128 seconds
[2025-02-28T21:38:57.127+0200] {processor.py:186} INFO - Started process (PID=8341) to work on /Users/nampham/.pyenv/versions/3.12.9/lib/python3.12/site-packages/airflow/example_dags/example_short_circuit_decorator.py
[2025-02-28T21:38:57.128+0200] {processor.py:914} INFO - Processing file /Users/nampham/.pyenv/versions/3.12.9/lib/python3.12/site-packages/airflow/example_dags/example_short_circuit_decorator.py for tasks to queue
[2025-02-28T21:38:57.128+0200] {logging_mixin.py:190} INFO - [2025-02-28T21:38:57.128+0200] {dagbag.py:588} INFO - Filling up the DagBag from /Users/nampham/.pyenv/versions/3.12.9/lib/python3.12/site-packages/airflow/example_dags/example_short_circuit_decorator.py
[2025-02-28T21:38:57.167+0200] {processor.py:925} INFO - DAG(s) 'example_short_circuit_decorator' retrieved from /Users/nampham/.pyenv/versions/3.12.9/lib/python3.12/site-packages/airflow/example_dags/example_short_circuit_decorator.py
[2025-02-28T21:38:57.202+0200] {logging_mixin.py:190} INFO - [2025-02-28T21:38:57.201+0200] {dag.py:3239} INFO - Sync 1 DAGs
[2025-02-28T21:38:57.205+0200] {logging_mixin.py:190} INFO - [2025-02-28T21:38:57.205+0200] {dag.py:4180} INFO - Setting next_dagrun for example_short_circuit_decorator to None, run_after=None
[2025-02-28T21:38:57.212+0200] {processor.py:208} INFO - Processing /Users/nampham/.pyenv/versions/3.12.9/lib/python3.12/site-packages/airflow/example_dags/example_short_circuit_decorator.py took 0.086 seconds
[2025-02-28T21:40:15.113+0200] {processor.py:186} INFO - Started process (PID=8633) to work on /Users/nampham/.pyenv/versions/3.12.9/lib/python3.12/site-packages/airflow/example_dags/example_short_circuit_decorator.py
[2025-02-28T21:40:15.114+0200] {processor.py:914} INFO - Processing file /Users/nampham/.pyenv/versions/3.12.9/lib/python3.12/site-packages/airflow/example_dags/example_short_circuit_decorator.py for tasks to queue
[2025-02-28T21:40:15.115+0200] {logging_mixin.py:190} INFO - [2025-02-28T21:40:15.115+0200] {dagbag.py:588} INFO - Filling up the DagBag from /Users/nampham/.pyenv/versions/3.12.9/lib/python3.12/site-packages/airflow/example_dags/example_short_circuit_decorator.py
[2025-02-28T21:40:15.164+0200] {processor.py:925} INFO - DAG(s) 'example_short_circuit_decorator' retrieved from /Users/nampham/.pyenv/versions/3.12.9/lib/python3.12/site-packages/airflow/example_dags/example_short_circuit_decorator.py
[2025-02-28T21:40:15.206+0200] {logging_mixin.py:190} INFO - [2025-02-28T21:40:15.206+0200] {dag.py:3239} INFO - Sync 1 DAGs
[2025-02-28T21:40:15.210+0200] {logging_mixin.py:190} INFO - [2025-02-28T21:40:15.210+0200] {dag.py:4180} INFO - Setting next_dagrun for example_short_circuit_decorator to None, run_after=None
[2025-02-28T21:40:15.217+0200] {processor.py:208} INFO - Processing /Users/nampham/.pyenv/versions/3.12.9/lib/python3.12/site-packages/airflow/example_dags/example_short_circuit_decorator.py took 0.106 seconds
[2025-02-28T21:42:34.442+0200] {processor.py:186} INFO - Started process (PID=9237) to work on /Users/nampham/.pyenv/versions/3.12.9/lib/python3.12/site-packages/airflow/example_dags/example_short_circuit_decorator.py
[2025-02-28T21:42:34.443+0200] {processor.py:914} INFO - Processing file /Users/nampham/.pyenv/versions/3.12.9/lib/python3.12/site-packages/airflow/example_dags/example_short_circuit_decorator.py for tasks to queue
[2025-02-28T21:42:34.443+0200] {logging_mixin.py:190} INFO - [2025-02-28T21:42:34.443+0200] {dagbag.py:588} INFO - Filling up the DagBag from /Users/nampham/.pyenv/versions/3.12.9/lib/python3.12/site-packages/airflow/example_dags/example_short_circuit_decorator.py
[2025-02-28T21:42:34.483+0200] {processor.py:925} INFO - DAG(s) 'example_short_circuit_decorator' retrieved from /Users/nampham/.pyenv/versions/3.12.9/lib/python3.12/site-packages/airflow/example_dags/example_short_circuit_decorator.py
[2025-02-28T21:42:34.548+0200] {logging_mixin.py:190} INFO - [2025-02-28T21:42:34.548+0200] {override.py:1930} INFO - Created Permission View: can read on DAG:example_short_circuit_decorator
[2025-02-28T21:42:34.551+0200] {logging_mixin.py:190} INFO - [2025-02-28T21:42:34.551+0200] {override.py:1930} INFO - Created Permission View: can edit on DAG:example_short_circuit_decorator
[2025-02-28T21:42:34.553+0200] {logging_mixin.py:190} INFO - [2025-02-28T21:42:34.553+0200] {override.py:1930} INFO - Created Permission View: can delete on DAG:example_short_circuit_decorator
[2025-02-28T21:42:34.556+0200] {logging_mixin.py:190} INFO - [2025-02-28T21:42:34.555+0200] {override.py:1930} INFO - Created Permission View: can read on DAG Run:example_short_circuit_decorator
[2025-02-28T21:42:34.557+0200] {logging_mixin.py:190} INFO - [2025-02-28T21:42:34.557+0200] {override.py:1930} INFO - Created Permission View: can delete on DAG Run:example_short_circuit_decorator
[2025-02-28T21:42:34.559+0200] {logging_mixin.py:190} INFO - [2025-02-28T21:42:34.559+0200] {override.py:1930} INFO - Created Permission View: can create on DAG Run:example_short_circuit_decorator
[2025-02-28T21:42:34.561+0200] {logging_mixin.py:190} INFO - [2025-02-28T21:42:34.561+0200] {override.py:1930} INFO - Created Permission View: menu access on DAG Run:example_short_circuit_decorator
[2025-02-28T21:42:34.561+0200] {logging_mixin.py:190} INFO - [2025-02-28T21:42:34.561+0200] {dag.py:3239} INFO - Sync 1 DAGs
[2025-02-28T21:42:34.565+0200] {logging_mixin.py:190} INFO - [2025-02-28T21:42:34.565+0200] {dag.py:3262} INFO - Creating ORM DAG for example_short_circuit_decorator
[2025-02-28T21:42:34.565+0200] {logging_mixin.py:190} INFO - [2025-02-28T21:42:34.565+0200] {dag.py:4180} INFO - Setting next_dagrun for example_short_circuit_decorator to None, run_after=None
[2025-02-28T21:42:34.571+0200] {processor.py:208} INFO - Processing /Users/nampham/.pyenv/versions/3.12.9/lib/python3.12/site-packages/airflow/example_dags/example_short_circuit_decorator.py took 0.131 seconds
[2025-02-28T21:43:40.777+0200] {processor.py:186} INFO - Started process (PID=9599) to work on /Users/nampham/.pyenv/versions/3.12.9/lib/python3.12/site-packages/airflow/example_dags/example_short_circuit_decorator.py
[2025-02-28T21:43:40.778+0200] {processor.py:914} INFO - Processing file /Users/nampham/.pyenv/versions/3.12.9/lib/python3.12/site-packages/airflow/example_dags/example_short_circuit_decorator.py for tasks to queue
[2025-02-28T21:43:40.779+0200] {logging_mixin.py:190} INFO - [2025-02-28T21:43:40.778+0200] {dagbag.py:588} INFO - Filling up the DagBag from /Users/nampham/.pyenv/versions/3.12.9/lib/python3.12/site-packages/airflow/example_dags/example_short_circuit_decorator.py
[2025-02-28T21:43:40.819+0200] {processor.py:925} INFO - DAG(s) 'example_short_circuit_decorator' retrieved from /Users/nampham/.pyenv/versions/3.12.9/lib/python3.12/site-packages/airflow/example_dags/example_short_circuit_decorator.py
[2025-02-28T21:43:40.855+0200] {logging_mixin.py:190} INFO - [2025-02-28T21:43:40.855+0200] {dag.py:3239} INFO - Sync 1 DAGs
[2025-02-28T21:43:40.859+0200] {logging_mixin.py:190} INFO - [2025-02-28T21:43:40.859+0200] {dag.py:4180} INFO - Setting next_dagrun for example_short_circuit_decorator to None, run_after=None
[2025-02-28T21:43:40.866+0200] {processor.py:208} INFO - Processing /Users/nampham/.pyenv/versions/3.12.9/lib/python3.12/site-packages/airflow/example_dags/example_short_circuit_decorator.py took 0.091 seconds
[2025-02-28T21:45:43.328+0200] {processor.py:186} INFO - Started process (PID=10151) to work on /Users/nampham/.pyenv/versions/3.12.9/lib/python3.12/site-packages/airflow/example_dags/example_short_circuit_decorator.py
[2025-02-28T21:45:43.330+0200] {processor.py:914} INFO - Processing file /Users/nampham/.pyenv/versions/3.12.9/lib/python3.12/site-packages/airflow/example_dags/example_short_circuit_decorator.py for tasks to queue
[2025-02-28T21:45:43.330+0200] {logging_mixin.py:190} INFO - [2025-02-28T21:45:43.330+0200] {dagbag.py:588} INFO - Filling up the DagBag from /Users/nampham/.pyenv/versions/3.12.9/lib/python3.12/site-packages/airflow/example_dags/example_short_circuit_decorator.py
[2025-02-28T21:45:43.368+0200] {processor.py:925} INFO - DAG(s) 'example_short_circuit_decorator' retrieved from /Users/nampham/.pyenv/versions/3.12.9/lib/python3.12/site-packages/airflow/example_dags/example_short_circuit_decorator.py
[2025-02-28T21:45:43.446+0200] {logging_mixin.py:190} INFO - [2025-02-28T21:45:43.446+0200] {dag.py:3239} INFO - Sync 1 DAGs
[2025-02-28T21:45:43.450+0200] {logging_mixin.py:190} INFO - [2025-02-28T21:45:43.450+0200] {dag.py:4180} INFO - Setting next_dagrun for example_short_circuit_decorator to None, run_after=None
[2025-02-28T21:45:43.457+0200] {processor.py:208} INFO - Processing /Users/nampham/.pyenv/versions/3.12.9/lib/python3.12/site-packages/airflow/example_dags/example_short_circuit_decorator.py took 0.130 seconds
[2025-02-28T22:27:56.788+0200] {processor.py:186} INFO - Started process (PID=18115) to work on /Users/nampham/.pyenv/versions/3.12.9/lib/python3.12/site-packages/airflow/example_dags/example_short_circuit_decorator.py
[2025-02-28T22:27:56.789+0200] {processor.py:914} INFO - Processing file /Users/nampham/.pyenv/versions/3.12.9/lib/python3.12/site-packages/airflow/example_dags/example_short_circuit_decorator.py for tasks to queue
[2025-02-28T22:27:56.789+0200] {logging_mixin.py:190} INFO - [2025-02-28T22:27:56.789+0200] {dagbag.py:588} INFO - Filling up the DagBag from /Users/nampham/.pyenv/versions/3.12.9/lib/python3.12/site-packages/airflow/example_dags/example_short_circuit_decorator.py
[2025-02-28T22:27:56.833+0200] {processor.py:925} INFO - DAG(s) 'example_short_circuit_decorator' retrieved from /Users/nampham/.pyenv/versions/3.12.9/lib/python3.12/site-packages/airflow/example_dags/example_short_circuit_decorator.py
[2025-02-28T22:27:56.903+0200] {logging_mixin.py:190} INFO - [2025-02-28T22:27:56.902+0200] {override.py:1930} INFO - Created Permission View: can edit on DAG:example_short_circuit_decorator
[2025-02-28T22:27:56.905+0200] {logging_mixin.py:190} INFO - [2025-02-28T22:27:56.905+0200] {override.py:1930} INFO - Created Permission View: can delete on DAG:example_short_circuit_decorator
[2025-02-28T22:27:56.907+0200] {logging_mixin.py:190} INFO - [2025-02-28T22:27:56.907+0200] {override.py:1930} INFO - Created Permission View: can read on DAG:example_short_circuit_decorator
[2025-02-28T22:27:56.910+0200] {logging_mixin.py:190} INFO - [2025-02-28T22:27:56.910+0200] {override.py:1930} INFO - Created Permission View: can delete on DAG Run:example_short_circuit_decorator
[2025-02-28T22:27:56.912+0200] {logging_mixin.py:190} INFO - [2025-02-28T22:27:56.911+0200] {override.py:1930} INFO - Created Permission View: can create on DAG Run:example_short_circuit_decorator
[2025-02-28T22:27:56.913+0200] {logging_mixin.py:190} INFO - [2025-02-28T22:27:56.913+0200] {override.py:1930} INFO - Created Permission View: menu access on DAG Run:example_short_circuit_decorator
[2025-02-28T22:27:56.915+0200] {logging_mixin.py:190} INFO - [2025-02-28T22:27:56.915+0200] {override.py:1930} INFO - Created Permission View: can read on DAG Run:example_short_circuit_decorator
[2025-02-28T22:27:56.915+0200] {logging_mixin.py:190} INFO - [2025-02-28T22:27:56.915+0200] {dag.py:3239} INFO - Sync 1 DAGs
[2025-02-28T22:27:56.919+0200] {logging_mixin.py:190} INFO - [2025-02-28T22:27:56.919+0200] {dag.py:3262} INFO - Creating ORM DAG for example_short_circuit_decorator
[2025-02-28T22:27:56.920+0200] {logging_mixin.py:190} INFO - [2025-02-28T22:27:56.920+0200] {dag.py:4180} INFO - Setting next_dagrun for example_short_circuit_decorator to None, run_after=None
[2025-02-28T22:27:56.925+0200] {processor.py:208} INFO - Processing /Users/nampham/.pyenv/versions/3.12.9/lib/python3.12/site-packages/airflow/example_dags/example_short_circuit_decorator.py took 0.139 seconds
[2025-02-28T22:36:02.231+0200] {processor.py:186} INFO - Started process (PID=19767) to work on /Users/nampham/.pyenv/versions/3.12.9/lib/python3.12/site-packages/airflow/example_dags/example_short_circuit_decorator.py
[2025-02-28T22:36:02.232+0200] {processor.py:914} INFO - Processing file /Users/nampham/.pyenv/versions/3.12.9/lib/python3.12/site-packages/airflow/example_dags/example_short_circuit_decorator.py for tasks to queue
[2025-02-28T22:36:02.232+0200] {logging_mixin.py:190} INFO - [2025-02-28T22:36:02.232+0200] {dagbag.py:588} INFO - Filling up the DagBag from /Users/nampham/.pyenv/versions/3.12.9/lib/python3.12/site-packages/airflow/example_dags/example_short_circuit_decorator.py
[2025-02-28T22:36:02.270+0200] {processor.py:925} INFO - DAG(s) 'example_short_circuit_decorator' retrieved from /Users/nampham/.pyenv/versions/3.12.9/lib/python3.12/site-packages/airflow/example_dags/example_short_circuit_decorator.py
[2025-02-28T22:36:02.334+0200] {logging_mixin.py:190} INFO - [2025-02-28T22:36:02.334+0200] {override.py:1930} INFO - Created Permission View: can delete on DAG:example_short_circuit_decorator
[2025-02-28T22:36:02.337+0200] {logging_mixin.py:190} INFO - [2025-02-28T22:36:02.337+0200] {override.py:1930} INFO - Created Permission View: can edit on DAG:example_short_circuit_decorator
[2025-02-28T22:36:02.339+0200] {logging_mixin.py:190} INFO - [2025-02-28T22:36:02.339+0200] {override.py:1930} INFO - Created Permission View: can read on DAG:example_short_circuit_decorator
[2025-02-28T22:36:02.341+0200] {logging_mixin.py:190} INFO - [2025-02-28T22:36:02.341+0200] {override.py:1930} INFO - Created Permission View: can delete on DAG Run:example_short_circuit_decorator
[2025-02-28T22:36:02.343+0200] {logging_mixin.py:190} INFO - [2025-02-28T22:36:02.343+0200] {override.py:1930} INFO - Created Permission View: can create on DAG Run:example_short_circuit_decorator
[2025-02-28T22:36:02.345+0200] {logging_mixin.py:190} INFO - [2025-02-28T22:36:02.344+0200] {override.py:1930} INFO - Created Permission View: menu access on DAG Run:example_short_circuit_decorator
[2025-02-28T22:36:02.346+0200] {logging_mixin.py:190} INFO - [2025-02-28T22:36:02.346+0200] {override.py:1930} INFO - Created Permission View: can read on DAG Run:example_short_circuit_decorator
[2025-02-28T22:36:02.346+0200] {logging_mixin.py:190} INFO - [2025-02-28T22:36:02.346+0200] {dag.py:3239} INFO - Sync 1 DAGs
[2025-02-28T22:36:02.351+0200] {logging_mixin.py:190} INFO - [2025-02-28T22:36:02.351+0200] {dag.py:3262} INFO - Creating ORM DAG for example_short_circuit_decorator
[2025-02-28T22:36:02.351+0200] {logging_mixin.py:190} INFO - [2025-02-28T22:36:02.351+0200] {dag.py:4180} INFO - Setting next_dagrun for example_short_circuit_decorator to None, run_after=None
[2025-02-28T22:36:02.356+0200] {processor.py:208} INFO - Processing /Users/nampham/.pyenv/versions/3.12.9/lib/python3.12/site-packages/airflow/example_dags/example_short_circuit_decorator.py took 0.127 seconds
[2025-02-28T22:38:17.820+0200] {processor.py:186} INFO - Started process (PID=20280) to work on /Users/nampham/.pyenv/versions/3.12.9/lib/python3.12/site-packages/airflow/example_dags/example_short_circuit_decorator.py
[2025-02-28T22:38:17.821+0200] {processor.py:914} INFO - Processing file /Users/nampham/.pyenv/versions/3.12.9/lib/python3.12/site-packages/airflow/example_dags/example_short_circuit_decorator.py for tasks to queue
[2025-02-28T22:38:17.821+0200] {logging_mixin.py:190} INFO - [2025-02-28T22:38:17.821+0200] {dagbag.py:588} INFO - Filling up the DagBag from /Users/nampham/.pyenv/versions/3.12.9/lib/python3.12/site-packages/airflow/example_dags/example_short_circuit_decorator.py
[2025-02-28T22:38:17.858+0200] {processor.py:925} INFO - DAG(s) 'example_short_circuit_decorator' retrieved from /Users/nampham/.pyenv/versions/3.12.9/lib/python3.12/site-packages/airflow/example_dags/example_short_circuit_decorator.py
[2025-02-28T22:38:17.893+0200] {logging_mixin.py:190} INFO - [2025-02-28T22:38:17.893+0200] {dag.py:3239} INFO - Sync 1 DAGs
[2025-02-28T22:38:17.896+0200] {logging_mixin.py:190} INFO - [2025-02-28T22:38:17.896+0200] {dag.py:4180} INFO - Setting next_dagrun for example_short_circuit_decorator to None, run_after=None
[2025-02-28T22:38:17.903+0200] {processor.py:208} INFO - Processing /Users/nampham/.pyenv/versions/3.12.9/lib/python3.12/site-packages/airflow/example_dags/example_short_circuit_decorator.py took 0.084 seconds
[2025-02-28T22:39:31.661+0200] {processor.py:186} INFO - Started process (PID=20528) to work on /Users/nampham/.pyenv/versions/3.12.9/lib/python3.12/site-packages/airflow/example_dags/example_short_circuit_decorator.py
[2025-02-28T22:39:31.662+0200] {processor.py:914} INFO - Processing file /Users/nampham/.pyenv/versions/3.12.9/lib/python3.12/site-packages/airflow/example_dags/example_short_circuit_decorator.py for tasks to queue
[2025-02-28T22:39:31.662+0200] {logging_mixin.py:190} INFO - [2025-02-28T22:39:31.662+0200] {dagbag.py:588} INFO - Filling up the DagBag from /Users/nampham/.pyenv/versions/3.12.9/lib/python3.12/site-packages/airflow/example_dags/example_short_circuit_decorator.py
[2025-02-28T22:39:31.699+0200] {processor.py:925} INFO - DAG(s) 'example_short_circuit_decorator' retrieved from /Users/nampham/.pyenv/versions/3.12.9/lib/python3.12/site-packages/airflow/example_dags/example_short_circuit_decorator.py
[2025-02-28T22:39:31.734+0200] {logging_mixin.py:190} INFO - [2025-02-28T22:39:31.734+0200] {dag.py:3239} INFO - Sync 1 DAGs
[2025-02-28T22:39:31.737+0200] {logging_mixin.py:190} INFO - [2025-02-28T22:39:31.737+0200] {dag.py:4180} INFO - Setting next_dagrun for example_short_circuit_decorator to None, run_after=None
[2025-02-28T22:39:31.744+0200] {processor.py:208} INFO - Processing /Users/nampham/.pyenv/versions/3.12.9/lib/python3.12/site-packages/airflow/example_dags/example_short_circuit_decorator.py took 0.084 seconds
[2025-02-28T22:42:18.632+0200] {processor.py:186} INFO - Started process (PID=21076) to work on /Users/nampham/.pyenv/versions/3.12.9/lib/python3.12/site-packages/airflow/example_dags/example_short_circuit_decorator.py
[2025-02-28T22:42:18.633+0200] {processor.py:914} INFO - Processing file /Users/nampham/.pyenv/versions/3.12.9/lib/python3.12/site-packages/airflow/example_dags/example_short_circuit_decorator.py for tasks to queue
[2025-02-28T22:42:18.634+0200] {logging_mixin.py:190} INFO - [2025-02-28T22:42:18.634+0200] {dagbag.py:588} INFO - Filling up the DagBag from /Users/nampham/.pyenv/versions/3.12.9/lib/python3.12/site-packages/airflow/example_dags/example_short_circuit_decorator.py
[2025-02-28T22:42:18.671+0200] {processor.py:925} INFO - DAG(s) 'example_short_circuit_decorator' retrieved from /Users/nampham/.pyenv/versions/3.12.9/lib/python3.12/site-packages/airflow/example_dags/example_short_circuit_decorator.py
[2025-02-28T22:42:18.706+0200] {logging_mixin.py:190} INFO - [2025-02-28T22:42:18.705+0200] {dag.py:3239} INFO - Sync 1 DAGs
[2025-02-28T22:42:18.709+0200] {logging_mixin.py:190} INFO - [2025-02-28T22:42:18.709+0200] {dag.py:4180} INFO - Setting next_dagrun for example_short_circuit_decorator to None, run_after=None
[2025-02-28T22:42:18.716+0200] {processor.py:208} INFO - Processing /Users/nampham/.pyenv/versions/3.12.9/lib/python3.12/site-packages/airflow/example_dags/example_short_circuit_decorator.py took 0.085 seconds
[2025-02-28T22:43:35.977+0200] {processor.py:186} INFO - Started process (PID=21367) to work on /Users/nampham/.pyenv/versions/3.12.9/lib/python3.12/site-packages/airflow/example_dags/example_short_circuit_decorator.py
[2025-02-28T22:43:35.978+0200] {processor.py:914} INFO - Processing file /Users/nampham/.pyenv/versions/3.12.9/lib/python3.12/site-packages/airflow/example_dags/example_short_circuit_decorator.py for tasks to queue
[2025-02-28T22:43:35.978+0200] {logging_mixin.py:190} INFO - [2025-02-28T22:43:35.978+0200] {dagbag.py:588} INFO - Filling up the DagBag from /Users/nampham/.pyenv/versions/3.12.9/lib/python3.12/site-packages/airflow/example_dags/example_short_circuit_decorator.py
[2025-02-28T22:43:36.018+0200] {processor.py:925} INFO - DAG(s) 'example_short_circuit_decorator' retrieved from /Users/nampham/.pyenv/versions/3.12.9/lib/python3.12/site-packages/airflow/example_dags/example_short_circuit_decorator.py
[2025-02-28T22:43:36.055+0200] {logging_mixin.py:190} INFO - [2025-02-28T22:43:36.055+0200] {dag.py:3239} INFO - Sync 1 DAGs
[2025-02-28T22:43:36.059+0200] {logging_mixin.py:190} INFO - [2025-02-28T22:43:36.058+0200] {dag.py:4180} INFO - Setting next_dagrun for example_short_circuit_decorator to None, run_after=None
[2025-02-28T22:43:36.065+0200] {processor.py:208} INFO - Processing /Users/nampham/.pyenv/versions/3.12.9/lib/python3.12/site-packages/airflow/example_dags/example_short_circuit_decorator.py took 0.089 seconds
[2025-02-28T22:44:52.519+0200] {processor.py:186} INFO - Started process (PID=21647) to work on /Users/nampham/.pyenv/versions/3.12.9/lib/python3.12/site-packages/airflow/example_dags/example_short_circuit_decorator.py
[2025-02-28T22:44:52.520+0200] {processor.py:914} INFO - Processing file /Users/nampham/.pyenv/versions/3.12.9/lib/python3.12/site-packages/airflow/example_dags/example_short_circuit_decorator.py for tasks to queue
[2025-02-28T22:44:52.520+0200] {logging_mixin.py:190} INFO - [2025-02-28T22:44:52.520+0200] {dagbag.py:588} INFO - Filling up the DagBag from /Users/nampham/.pyenv/versions/3.12.9/lib/python3.12/site-packages/airflow/example_dags/example_short_circuit_decorator.py
[2025-02-28T22:44:52.560+0200] {processor.py:925} INFO - DAG(s) 'example_short_circuit_decorator' retrieved from /Users/nampham/.pyenv/versions/3.12.9/lib/python3.12/site-packages/airflow/example_dags/example_short_circuit_decorator.py
[2025-02-28T22:44:52.595+0200] {logging_mixin.py:190} INFO - [2025-02-28T22:44:52.594+0200] {dag.py:3239} INFO - Sync 1 DAGs
[2025-02-28T22:44:52.598+0200] {logging_mixin.py:190} INFO - [2025-02-28T22:44:52.598+0200] {dag.py:4180} INFO - Setting next_dagrun for example_short_circuit_decorator to None, run_after=None
[2025-02-28T22:44:52.604+0200] {processor.py:208} INFO - Processing /Users/nampham/.pyenv/versions/3.12.9/lib/python3.12/site-packages/airflow/example_dags/example_short_circuit_decorator.py took 0.087 seconds
[2025-02-28T22:46:35.709+0200] {processor.py:186} INFO - Started process (PID=21989) to work on /Users/nampham/.pyenv/versions/3.12.9/lib/python3.12/site-packages/airflow/example_dags/example_short_circuit_decorator.py
[2025-02-28T22:46:35.710+0200] {processor.py:914} INFO - Processing file /Users/nampham/.pyenv/versions/3.12.9/lib/python3.12/site-packages/airflow/example_dags/example_short_circuit_decorator.py for tasks to queue
[2025-02-28T22:46:35.711+0200] {logging_mixin.py:190} INFO - [2025-02-28T22:46:35.710+0200] {dagbag.py:588} INFO - Filling up the DagBag from /Users/nampham/.pyenv/versions/3.12.9/lib/python3.12/site-packages/airflow/example_dags/example_short_circuit_decorator.py
[2025-02-28T22:46:35.749+0200] {processor.py:925} INFO - DAG(s) 'example_short_circuit_decorator' retrieved from /Users/nampham/.pyenv/versions/3.12.9/lib/python3.12/site-packages/airflow/example_dags/example_short_circuit_decorator.py
[2025-02-28T22:46:35.785+0200] {logging_mixin.py:190} INFO - [2025-02-28T22:46:35.784+0200] {dag.py:3239} INFO - Sync 1 DAGs
[2025-02-28T22:46:35.789+0200] {logging_mixin.py:190} INFO - [2025-02-28T22:46:35.788+0200] {dag.py:4180} INFO - Setting next_dagrun for example_short_circuit_decorator to None, run_after=None
[2025-02-28T22:46:35.795+0200] {processor.py:208} INFO - Processing /Users/nampham/.pyenv/versions/3.12.9/lib/python3.12/site-packages/airflow/example_dags/example_short_circuit_decorator.py took 0.087 seconds
[2025-02-28T22:48:34.259+0200] {processor.py:186} INFO - Started process (PID=22298) to work on /Users/nampham/.pyenv/versions/3.12.9/lib/python3.12/site-packages/airflow/example_dags/example_short_circuit_decorator.py
[2025-02-28T22:48:34.260+0200] {processor.py:914} INFO - Processing file /Users/nampham/.pyenv/versions/3.12.9/lib/python3.12/site-packages/airflow/example_dags/example_short_circuit_decorator.py for tasks to queue
[2025-02-28T22:48:34.261+0200] {logging_mixin.py:190} INFO - [2025-02-28T22:48:34.260+0200] {dagbag.py:588} INFO - Filling up the DagBag from /Users/nampham/.pyenv/versions/3.12.9/lib/python3.12/site-packages/airflow/example_dags/example_short_circuit_decorator.py
[2025-02-28T22:48:34.299+0200] {processor.py:925} INFO - DAG(s) 'example_short_circuit_decorator' retrieved from /Users/nampham/.pyenv/versions/3.12.9/lib/python3.12/site-packages/airflow/example_dags/example_short_circuit_decorator.py
[2025-02-28T22:48:34.334+0200] {logging_mixin.py:190} INFO - [2025-02-28T22:48:34.334+0200] {dag.py:3239} INFO - Sync 1 DAGs
[2025-02-28T22:48:34.337+0200] {logging_mixin.py:190} INFO - [2025-02-28T22:48:34.337+0200] {dag.py:4180} INFO - Setting next_dagrun for example_short_circuit_decorator to None, run_after=None
[2025-02-28T22:48:34.343+0200] {processor.py:208} INFO - Processing /Users/nampham/.pyenv/versions/3.12.9/lib/python3.12/site-packages/airflow/example_dags/example_short_circuit_decorator.py took 0.085 seconds
[2025-02-28T22:56:34.980+0200] {processor.py:186} INFO - Started process (PID=23080) to work on /Users/nampham/.pyenv/versions/3.12.9/lib/python3.12/site-packages/airflow/example_dags/example_short_circuit_decorator.py
[2025-02-28T22:56:34.981+0200] {processor.py:914} INFO - Processing file /Users/nampham/.pyenv/versions/3.12.9/lib/python3.12/site-packages/airflow/example_dags/example_short_circuit_decorator.py for tasks to queue
[2025-02-28T22:56:34.982+0200] {logging_mixin.py:190} INFO - [2025-02-28T22:56:34.982+0200] {dagbag.py:588} INFO - Filling up the DagBag from /Users/nampham/.pyenv/versions/3.12.9/lib/python3.12/site-packages/airflow/example_dags/example_short_circuit_decorator.py
[2025-02-28T22:56:35.018+0200] {processor.py:925} INFO - DAG(s) 'example_short_circuit_decorator' retrieved from /Users/nampham/.pyenv/versions/3.12.9/lib/python3.12/site-packages/airflow/example_dags/example_short_circuit_decorator.py
[2025-02-28T22:56:35.052+0200] {logging_mixin.py:190} INFO - [2025-02-28T22:56:35.052+0200] {dag.py:3239} INFO - Sync 1 DAGs
[2025-02-28T22:56:35.056+0200] {logging_mixin.py:190} INFO - [2025-02-28T22:56:35.056+0200] {dag.py:4180} INFO - Setting next_dagrun for example_short_circuit_decorator to None, run_after=None
[2025-02-28T22:56:35.062+0200] {processor.py:208} INFO - Processing /Users/nampham/.pyenv/versions/3.12.9/lib/python3.12/site-packages/airflow/example_dags/example_short_circuit_decorator.py took 0.083 seconds
[2025-02-28T22:58:02.304+0200] {processor.py:186} INFO - Started process (PID=23366) to work on /Users/nampham/.pyenv/versions/3.12.9/lib/python3.12/site-packages/airflow/example_dags/example_short_circuit_decorator.py
[2025-02-28T22:58:02.304+0200] {processor.py:914} INFO - Processing file /Users/nampham/.pyenv/versions/3.12.9/lib/python3.12/site-packages/airflow/example_dags/example_short_circuit_decorator.py for tasks to queue
[2025-02-28T22:58:02.304+0200] {logging_mixin.py:190} INFO - [2025-02-28T22:58:02.304+0200] {dagbag.py:588} INFO - Filling up the DagBag from /Users/nampham/.pyenv/versions/3.12.9/lib/python3.12/site-packages/airflow/example_dags/example_short_circuit_decorator.py
[2025-02-28T22:58:02.342+0200] {processor.py:925} INFO - DAG(s) 'example_short_circuit_decorator' retrieved from /Users/nampham/.pyenv/versions/3.12.9/lib/python3.12/site-packages/airflow/example_dags/example_short_circuit_decorator.py
[2025-02-28T22:58:02.375+0200] {logging_mixin.py:190} INFO - [2025-02-28T22:58:02.375+0200] {dag.py:3239} INFO - Sync 1 DAGs
[2025-02-28T22:58:02.379+0200] {logging_mixin.py:190} INFO - [2025-02-28T22:58:02.379+0200] {dag.py:4180} INFO - Setting next_dagrun for example_short_circuit_decorator to None, run_after=None
[2025-02-28T22:58:02.385+0200] {processor.py:208} INFO - Processing /Users/nampham/.pyenv/versions/3.12.9/lib/python3.12/site-packages/airflow/example_dags/example_short_circuit_decorator.py took 0.083 seconds
[2025-02-28T22:59:20.698+0200] {processor.py:186} INFO - Started process (PID=23621) to work on /Users/nampham/.pyenv/versions/3.12.9/lib/python3.12/site-packages/airflow/example_dags/example_short_circuit_decorator.py
[2025-02-28T22:59:20.699+0200] {processor.py:914} INFO - Processing file /Users/nampham/.pyenv/versions/3.12.9/lib/python3.12/site-packages/airflow/example_dags/example_short_circuit_decorator.py for tasks to queue
[2025-02-28T22:59:20.700+0200] {logging_mixin.py:190} INFO - [2025-02-28T22:59:20.700+0200] {dagbag.py:588} INFO - Filling up the DagBag from /Users/nampham/.pyenv/versions/3.12.9/lib/python3.12/site-packages/airflow/example_dags/example_short_circuit_decorator.py
[2025-02-28T22:59:20.737+0200] {processor.py:925} INFO - DAG(s) 'example_short_circuit_decorator' retrieved from /Users/nampham/.pyenv/versions/3.12.9/lib/python3.12/site-packages/airflow/example_dags/example_short_circuit_decorator.py
[2025-02-28T22:59:20.771+0200] {logging_mixin.py:190} INFO - [2025-02-28T22:59:20.771+0200] {dag.py:3239} INFO - Sync 1 DAGs
[2025-02-28T22:59:20.774+0200] {logging_mixin.py:190} INFO - [2025-02-28T22:59:20.774+0200] {dag.py:4180} INFO - Setting next_dagrun for example_short_circuit_decorator to None, run_after=None
[2025-02-28T22:59:20.781+0200] {processor.py:208} INFO - Processing /Users/nampham/.pyenv/versions/3.12.9/lib/python3.12/site-packages/airflow/example_dags/example_short_circuit_decorator.py took 0.084 seconds
[2025-02-28T23:01:03.726+0200] {processor.py:186} INFO - Started process (PID=23986) to work on /Users/nampham/.pyenv/versions/3.12.9/lib/python3.12/site-packages/airflow/example_dags/example_short_circuit_decorator.py
[2025-02-28T23:01:03.728+0200] {processor.py:914} INFO - Processing file /Users/nampham/.pyenv/versions/3.12.9/lib/python3.12/site-packages/airflow/example_dags/example_short_circuit_decorator.py for tasks to queue
[2025-02-28T23:01:03.728+0200] {logging_mixin.py:190} INFO - [2025-02-28T23:01:03.728+0200] {dagbag.py:588} INFO - Filling up the DagBag from /Users/nampham/.pyenv/versions/3.12.9/lib/python3.12/site-packages/airflow/example_dags/example_short_circuit_decorator.py
[2025-02-28T23:01:03.765+0200] {processor.py:925} INFO - DAG(s) 'example_short_circuit_decorator' retrieved from /Users/nampham/.pyenv/versions/3.12.9/lib/python3.12/site-packages/airflow/example_dags/example_short_circuit_decorator.py
[2025-02-28T23:01:03.800+0200] {logging_mixin.py:190} INFO - [2025-02-28T23:01:03.799+0200] {dag.py:3239} INFO - Sync 1 DAGs
[2025-02-28T23:01:03.803+0200] {logging_mixin.py:190} INFO - [2025-02-28T23:01:03.803+0200] {dag.py:4180} INFO - Setting next_dagrun for example_short_circuit_decorator to None, run_after=None
[2025-02-28T23:01:03.809+0200] {processor.py:208} INFO - Processing /Users/nampham/.pyenv/versions/3.12.9/lib/python3.12/site-packages/airflow/example_dags/example_short_circuit_decorator.py took 0.084 seconds
