[2025-02-28T18:25:30.429+0200] {processor.py:186} INFO - Started process (PID=93336) to work on /Users/nampham/.pyenv/versions/3.12.9/lib/python3.12/site-packages/airflow/example_dags/example_inlet_event_extra.py
[2025-02-28T18:25:30.429+0200] {processor.py:914} INFO - Processing file /Users/nampham/.pyenv/versions/3.12.9/lib/python3.12/site-packages/airflow/example_dags/example_inlet_event_extra.py for tasks to queue
[2025-02-28T18:25:30.430+0200] {logging_mixin.py:190} INFO - [2025-02-28T18:25:30.430+0200] {dagbag.py:588} INFO - Filling up the DagBag from /Users/nampham/.pyenv/versions/3.12.9/lib/python3.12/site-packages/airflow/example_dags/example_inlet_event_extra.py
[2025-02-28T18:25:30.599+0200] {processor.py:925} INFO - DAG(s) 'read_dataset_event_from_classic', 'read_dataset_event' retrieved from /Users/nampham/.pyenv/versions/3.12.9/lib/python3.12/site-packages/airflow/example_dags/example_inlet_event_extra.py
[2025-02-28T18:25:30.692+0200] {logging_mixin.py:190} INFO - [2025-02-28T18:25:30.692+0200] {override.py:1930} INFO - Created Permission View: can delete on DAG:read_dataset_event_from_classic
[2025-02-28T18:25:30.695+0200] {logging_mixin.py:190} INFO - [2025-02-28T18:25:30.695+0200] {override.py:1930} INFO - Created Permission View: can read on DAG:read_dataset_event_from_classic
[2025-02-28T18:25:30.697+0200] {logging_mixin.py:190} INFO - [2025-02-28T18:25:30.696+0200] {override.py:1930} INFO - Created Permission View: can edit on DAG:read_dataset_event_from_classic
[2025-02-28T18:25:30.699+0200] {logging_mixin.py:190} INFO - [2025-02-28T18:25:30.699+0200] {override.py:1930} INFO - Created Permission View: can create on DAG Run:read_dataset_event_from_classic
[2025-02-28T18:25:30.701+0200] {logging_mixin.py:190} INFO - [2025-02-28T18:25:30.700+0200] {override.py:1930} INFO - Created Permission View: can read on DAG Run:read_dataset_event_from_classic
[2025-02-28T18:25:30.702+0200] {logging_mixin.py:190} INFO - [2025-02-28T18:25:30.702+0200] {override.py:1930} INFO - Created Permission View: menu access on DAG Run:read_dataset_event_from_classic
[2025-02-28T18:25:30.704+0200] {logging_mixin.py:190} INFO - [2025-02-28T18:25:30.704+0200] {override.py:1930} INFO - Created Permission View: can delete on DAG Run:read_dataset_event_from_classic
[2025-02-28T18:25:30.708+0200] {logging_mixin.py:190} INFO - [2025-02-28T18:25:30.708+0200] {override.py:1930} INFO - Created Permission View: can delete on DAG:read_dataset_event
[2025-02-28T18:25:30.709+0200] {logging_mixin.py:190} INFO - [2025-02-28T18:25:30.709+0200] {override.py:1930} INFO - Created Permission View: can read on DAG:read_dataset_event
[2025-02-28T18:25:30.711+0200] {logging_mixin.py:190} INFO - [2025-02-28T18:25:30.711+0200] {override.py:1930} INFO - Created Permission View: can edit on DAG:read_dataset_event
[2025-02-28T18:25:30.713+0200] {logging_mixin.py:190} INFO - [2025-02-28T18:25:30.713+0200] {override.py:1930} INFO - Created Permission View: can create on DAG Run:read_dataset_event
[2025-02-28T18:25:30.715+0200] {logging_mixin.py:190} INFO - [2025-02-28T18:25:30.715+0200] {override.py:1930} INFO - Created Permission View: can read on DAG Run:read_dataset_event
[2025-02-28T18:25:30.717+0200] {logging_mixin.py:190} INFO - [2025-02-28T18:25:30.717+0200] {override.py:1930} INFO - Created Permission View: menu access on DAG Run:read_dataset_event
[2025-02-28T18:25:30.718+0200] {logging_mixin.py:190} INFO - [2025-02-28T18:25:30.718+0200] {override.py:1930} INFO - Created Permission View: can delete on DAG Run:read_dataset_event
[2025-02-28T18:25:30.719+0200] {logging_mixin.py:190} INFO - [2025-02-28T18:25:30.719+0200] {dag.py:3239} INFO - Sync 2 DAGs
[2025-02-28T18:25:30.722+0200] {logging_mixin.py:190} INFO - [2025-02-28T18:25:30.722+0200] {dag.py:3262} INFO - Creating ORM DAG for read_dataset_event_from_classic
[2025-02-28T18:25:30.723+0200] {logging_mixin.py:190} INFO - [2025-02-28T18:25:30.723+0200] {dag.py:3262} INFO - Creating ORM DAG for read_dataset_event
[2025-02-28T18:25:30.726+0200] {logging_mixin.py:190} INFO - [2025-02-28T18:25:30.726+0200] {dag.py:4180} INFO - Setting next_dagrun for read_dataset_event to 2025-02-27 00:00:00+00:00, run_after=2025-02-28 00:00:00+00:00
[2025-02-28T18:25:30.727+0200] {logging_mixin.py:190} INFO - [2025-02-28T18:25:30.727+0200] {dag.py:4180} INFO - Setting next_dagrun for read_dataset_event_from_classic to 2025-02-27 00:00:00+00:00, run_after=2025-02-28 00:00:00+00:00
[2025-02-28T18:25:30.732+0200] {processor.py:208} INFO - Processing /Users/nampham/.pyenv/versions/3.12.9/lib/python3.12/site-packages/airflow/example_dags/example_inlet_event_extra.py took 0.304 seconds
[2025-02-28T18:27:19.835+0200] {processor.py:186} INFO - Started process (PID=93766) to work on /Users/nampham/.pyenv/versions/3.12.9/lib/python3.12/site-packages/airflow/example_dags/example_inlet_event_extra.py
[2025-02-28T18:27:19.836+0200] {processor.py:914} INFO - Processing file /Users/nampham/.pyenv/versions/3.12.9/lib/python3.12/site-packages/airflow/example_dags/example_inlet_event_extra.py for tasks to queue
[2025-02-28T18:27:19.837+0200] {logging_mixin.py:190} INFO - [2025-02-28T18:27:19.837+0200] {dagbag.py:588} INFO - Filling up the DagBag from /Users/nampham/.pyenv/versions/3.12.9/lib/python3.12/site-packages/airflow/example_dags/example_inlet_event_extra.py
[2025-02-28T18:27:20.143+0200] {processor.py:925} INFO - DAG(s) 'read_dataset_event', 'read_dataset_event_from_classic' retrieved from /Users/nampham/.pyenv/versions/3.12.9/lib/python3.12/site-packages/airflow/example_dags/example_inlet_event_extra.py
[2025-02-28T18:27:20.210+0200] {logging_mixin.py:190} INFO - [2025-02-28T18:27:20.210+0200] {dag.py:3239} INFO - Sync 2 DAGs
[2025-02-28T18:27:20.217+0200] {logging_mixin.py:190} INFO - [2025-02-28T18:27:20.217+0200] {dag.py:4180} INFO - Setting next_dagrun for read_dataset_event to 2025-02-27 00:00:00+00:00, run_after=2025-02-28 00:00:00+00:00
[2025-02-28T18:27:20.219+0200] {logging_mixin.py:190} INFO - [2025-02-28T18:27:20.219+0200] {dag.py:4180} INFO - Setting next_dagrun for read_dataset_event_from_classic to 2025-02-27 00:00:00+00:00, run_after=2025-02-28 00:00:00+00:00
[2025-02-28T18:27:20.225+0200] {processor.py:208} INFO - Processing /Users/nampham/.pyenv/versions/3.12.9/lib/python3.12/site-packages/airflow/example_dags/example_inlet_event_extra.py took 0.393 seconds
[2025-02-28T18:30:01.781+0200] {processor.py:186} INFO - Started process (PID=94418) to work on /Users/nampham/.pyenv/versions/3.12.9/lib/python3.12/site-packages/airflow/example_dags/example_inlet_event_extra.py
[2025-02-28T18:30:01.783+0200] {processor.py:914} INFO - Processing file /Users/nampham/.pyenv/versions/3.12.9/lib/python3.12/site-packages/airflow/example_dags/example_inlet_event_extra.py for tasks to queue
[2025-02-28T18:30:01.783+0200] {logging_mixin.py:190} INFO - [2025-02-28T18:30:01.783+0200] {dagbag.py:588} INFO - Filling up the DagBag from /Users/nampham/.pyenv/versions/3.12.9/lib/python3.12/site-packages/airflow/example_dags/example_inlet_event_extra.py
[2025-02-28T18:30:01.984+0200] {processor.py:925} INFO - DAG(s) 'read_dataset_event', 'read_dataset_event_from_classic' retrieved from /Users/nampham/.pyenv/versions/3.12.9/lib/python3.12/site-packages/airflow/example_dags/example_inlet_event_extra.py
[2025-02-28T18:30:02.020+0200] {logging_mixin.py:190} INFO - [2025-02-28T18:30:02.020+0200] {dag.py:3239} INFO - Sync 2 DAGs
[2025-02-28T18:30:02.027+0200] {logging_mixin.py:190} INFO - [2025-02-28T18:30:02.027+0200] {dag.py:4180} INFO - Setting next_dagrun for read_dataset_event to 2025-02-27 00:00:00+00:00, run_after=2025-02-28 00:00:00+00:00
[2025-02-28T18:30:02.029+0200] {logging_mixin.py:190} INFO - [2025-02-28T18:30:02.029+0200] {dag.py:4180} INFO - Setting next_dagrun for read_dataset_event_from_classic to 2025-02-27 00:00:00+00:00, run_after=2025-02-28 00:00:00+00:00
[2025-02-28T18:30:02.035+0200] {processor.py:208} INFO - Processing /Users/nampham/.pyenv/versions/3.12.9/lib/python3.12/site-packages/airflow/example_dags/example_inlet_event_extra.py took 0.256 seconds
[2025-02-28T20:11:47.168+0200] {processor.py:186} INFO - Started process (PID=97479) to work on /Users/nampham/.pyenv/versions/3.12.9/lib/python3.12/site-packages/airflow/example_dags/example_inlet_event_extra.py
[2025-02-28T20:11:47.169+0200] {processor.py:914} INFO - Processing file /Users/nampham/.pyenv/versions/3.12.9/lib/python3.12/site-packages/airflow/example_dags/example_inlet_event_extra.py for tasks to queue
[2025-02-28T20:11:47.169+0200] {logging_mixin.py:190} INFO - [2025-02-28T20:11:47.169+0200] {dagbag.py:588} INFO - Filling up the DagBag from /Users/nampham/.pyenv/versions/3.12.9/lib/python3.12/site-packages/airflow/example_dags/example_inlet_event_extra.py
[2025-02-28T20:11:47.424+0200] {processor.py:925} INFO - DAG(s) 'read_dataset_event', 'read_dataset_event_from_classic' retrieved from /Users/nampham/.pyenv/versions/3.12.9/lib/python3.12/site-packages/airflow/example_dags/example_inlet_event_extra.py
[2025-02-28T20:11:47.531+0200] {logging_mixin.py:190} INFO - [2025-02-28T20:11:47.531+0200] {dag.py:3239} INFO - Sync 2 DAGs
[2025-02-28T20:11:47.539+0200] {logging_mixin.py:190} INFO - [2025-02-28T20:11:47.538+0200] {dag.py:4180} INFO - Setting next_dagrun for read_dataset_event to 2025-02-27 00:00:00+00:00, run_after=2025-02-28 00:00:00+00:00
[2025-02-28T20:11:47.540+0200] {logging_mixin.py:190} INFO - [2025-02-28T20:11:47.540+0200] {dag.py:4180} INFO - Setting next_dagrun for read_dataset_event_from_classic to 2025-02-27 00:00:00+00:00, run_after=2025-02-28 00:00:00+00:00
[2025-02-28T20:11:47.546+0200] {processor.py:208} INFO - Processing /Users/nampham/.pyenv/versions/3.12.9/lib/python3.12/site-packages/airflow/example_dags/example_inlet_event_extra.py took 0.379 seconds
[2025-02-28T20:13:32.708+0200] {processor.py:186} INFO - Started process (PID=98054) to work on /Users/nampham/.pyenv/versions/3.12.9/lib/python3.12/site-packages/airflow/example_dags/example_inlet_event_extra.py
[2025-02-28T20:13:32.710+0200] {processor.py:914} INFO - Processing file /Users/nampham/.pyenv/versions/3.12.9/lib/python3.12/site-packages/airflow/example_dags/example_inlet_event_extra.py for tasks to queue
[2025-02-28T20:13:32.711+0200] {logging_mixin.py:190} INFO - [2025-02-28T20:13:32.711+0200] {dagbag.py:588} INFO - Filling up the DagBag from /Users/nampham/.pyenv/versions/3.12.9/lib/python3.12/site-packages/airflow/example_dags/example_inlet_event_extra.py
[2025-02-28T20:13:32.905+0200] {processor.py:925} INFO - DAG(s) 'read_dataset_event_from_classic', 'read_dataset_event' retrieved from /Users/nampham/.pyenv/versions/3.12.9/lib/python3.12/site-packages/airflow/example_dags/example_inlet_event_extra.py
[2025-02-28T20:13:32.939+0200] {logging_mixin.py:190} INFO - [2025-02-28T20:13:32.939+0200] {dag.py:3239} INFO - Sync 2 DAGs
[2025-02-28T20:13:32.945+0200] {logging_mixin.py:190} INFO - [2025-02-28T20:13:32.945+0200] {dag.py:4180} INFO - Setting next_dagrun for read_dataset_event to 2025-02-27 00:00:00+00:00, run_after=2025-02-28 00:00:00+00:00
[2025-02-28T20:13:32.947+0200] {logging_mixin.py:190} INFO - [2025-02-28T20:13:32.947+0200] {dag.py:4180} INFO - Setting next_dagrun for read_dataset_event_from_classic to 2025-02-27 00:00:00+00:00, run_after=2025-02-28 00:00:00+00:00
[2025-02-28T20:13:32.952+0200] {processor.py:208} INFO - Processing /Users/nampham/.pyenv/versions/3.12.9/lib/python3.12/site-packages/airflow/example_dags/example_inlet_event_extra.py took 0.245 seconds
[2025-02-28T20:15:22.513+0200] {processor.py:186} INFO - Started process (PID=98471) to work on /Users/nampham/.pyenv/versions/3.12.9/lib/python3.12/site-packages/airflow/example_dags/example_inlet_event_extra.py
[2025-02-28T20:15:22.515+0200] {processor.py:914} INFO - Processing file /Users/nampham/.pyenv/versions/3.12.9/lib/python3.12/site-packages/airflow/example_dags/example_inlet_event_extra.py for tasks to queue
[2025-02-28T20:15:22.515+0200] {logging_mixin.py:190} INFO - [2025-02-28T20:15:22.515+0200] {dagbag.py:588} INFO - Filling up the DagBag from /Users/nampham/.pyenv/versions/3.12.9/lib/python3.12/site-packages/airflow/example_dags/example_inlet_event_extra.py
[2025-02-28T20:15:22.769+0200] {processor.py:925} INFO - DAG(s) 'read_dataset_event_from_classic', 'read_dataset_event' retrieved from /Users/nampham/.pyenv/versions/3.12.9/lib/python3.12/site-packages/airflow/example_dags/example_inlet_event_extra.py
[2025-02-28T20:15:22.806+0200] {logging_mixin.py:190} INFO - [2025-02-28T20:15:22.806+0200] {dag.py:3239} INFO - Sync 2 DAGs
[2025-02-28T20:15:22.813+0200] {logging_mixin.py:190} INFO - [2025-02-28T20:15:22.813+0200] {dag.py:4180} INFO - Setting next_dagrun for read_dataset_event to 2025-02-27 00:00:00+00:00, run_after=2025-02-28 00:00:00+00:00
[2025-02-28T20:15:22.814+0200] {logging_mixin.py:190} INFO - [2025-02-28T20:15:22.814+0200] {dag.py:4180} INFO - Setting next_dagrun for read_dataset_event_from_classic to 2025-02-27 00:00:00+00:00, run_after=2025-02-28 00:00:00+00:00
[2025-02-28T20:15:22.821+0200] {processor.py:208} INFO - Processing /Users/nampham/.pyenv/versions/3.12.9/lib/python3.12/site-packages/airflow/example_dags/example_inlet_event_extra.py took 0.310 seconds
[2025-02-28T20:19:13.764+0200] {processor.py:186} INFO - Started process (PID=99425) to work on /Users/nampham/.pyenv/versions/3.12.9/lib/python3.12/site-packages/airflow/example_dags/example_inlet_event_extra.py
[2025-02-28T20:19:13.766+0200] {processor.py:914} INFO - Processing file /Users/nampham/.pyenv/versions/3.12.9/lib/python3.12/site-packages/airflow/example_dags/example_inlet_event_extra.py for tasks to queue
[2025-02-28T20:19:13.766+0200] {logging_mixin.py:190} INFO - [2025-02-28T20:19:13.766+0200] {dagbag.py:588} INFO - Filling up the DagBag from /Users/nampham/.pyenv/versions/3.12.9/lib/python3.12/site-packages/airflow/example_dags/example_inlet_event_extra.py
[2025-02-28T20:19:13.954+0200] {processor.py:925} INFO - DAG(s) 'read_dataset_event_from_classic', 'read_dataset_event' retrieved from /Users/nampham/.pyenv/versions/3.12.9/lib/python3.12/site-packages/airflow/example_dags/example_inlet_event_extra.py
[2025-02-28T20:19:13.989+0200] {logging_mixin.py:190} INFO - [2025-02-28T20:19:13.988+0200] {dag.py:3239} INFO - Sync 2 DAGs
[2025-02-28T20:19:13.995+0200] {logging_mixin.py:190} INFO - [2025-02-28T20:19:13.995+0200] {dag.py:4180} INFO - Setting next_dagrun for read_dataset_event to 2025-02-27 00:00:00+00:00, run_after=2025-02-28 00:00:00+00:00
[2025-02-28T20:19:13.997+0200] {logging_mixin.py:190} INFO - [2025-02-28T20:19:13.996+0200] {dag.py:4180} INFO - Setting next_dagrun for read_dataset_event_from_classic to 2025-02-27 00:00:00+00:00, run_after=2025-02-28 00:00:00+00:00
[2025-02-28T20:19:14.002+0200] {processor.py:208} INFO - Processing /Users/nampham/.pyenv/versions/3.12.9/lib/python3.12/site-packages/airflow/example_dags/example_inlet_event_extra.py took 0.240 seconds
[2025-02-28T20:21:04.526+0200] {processor.py:186} INFO - Started process (PID=99865) to work on /Users/nampham/.pyenv/versions/3.12.9/lib/python3.12/site-packages/airflow/example_dags/example_inlet_event_extra.py
[2025-02-28T20:21:04.528+0200] {processor.py:914} INFO - Processing file /Users/nampham/.pyenv/versions/3.12.9/lib/python3.12/site-packages/airflow/example_dags/example_inlet_event_extra.py for tasks to queue
[2025-02-28T20:21:04.528+0200] {logging_mixin.py:190} INFO - [2025-02-28T20:21:04.528+0200] {dagbag.py:588} INFO - Filling up the DagBag from /Users/nampham/.pyenv/versions/3.12.9/lib/python3.12/site-packages/airflow/example_dags/example_inlet_event_extra.py
[2025-02-28T20:21:04.711+0200] {processor.py:925} INFO - DAG(s) 'read_dataset_event', 'read_dataset_event_from_classic' retrieved from /Users/nampham/.pyenv/versions/3.12.9/lib/python3.12/site-packages/airflow/example_dags/example_inlet_event_extra.py
[2025-02-28T20:21:04.755+0200] {logging_mixin.py:190} INFO - [2025-02-28T20:21:04.755+0200] {dag.py:3239} INFO - Sync 2 DAGs
[2025-02-28T20:21:04.795+0200] {logging_mixin.py:190} INFO - [2025-02-28T20:21:04.795+0200] {dag.py:4180} INFO - Setting next_dagrun for read_dataset_event to 2025-02-27 00:00:00+00:00, run_after=2025-02-28 00:00:00+00:00
[2025-02-28T20:21:04.796+0200] {logging_mixin.py:190} INFO - [2025-02-28T20:21:04.796+0200] {dag.py:4180} INFO - Setting next_dagrun for read_dataset_event_from_classic to 2025-02-27 00:00:00+00:00, run_after=2025-02-28 00:00:00+00:00
[2025-02-28T20:21:04.802+0200] {processor.py:208} INFO - Processing /Users/nampham/.pyenv/versions/3.12.9/lib/python3.12/site-packages/airflow/example_dags/example_inlet_event_extra.py took 0.279 seconds
[2025-02-28T21:28:25.667+0200] {processor.py:186} INFO - Started process (PID=5651) to work on /Users/nampham/.pyenv/versions/3.12.9/lib/python3.12/site-packages/airflow/example_dags/example_inlet_event_extra.py
[2025-02-28T21:28:25.668+0200] {processor.py:914} INFO - Processing file /Users/nampham/.pyenv/versions/3.12.9/lib/python3.12/site-packages/airflow/example_dags/example_inlet_event_extra.py for tasks to queue
[2025-02-28T21:28:25.668+0200] {logging_mixin.py:190} INFO - [2025-02-28T21:28:25.668+0200] {dagbag.py:588} INFO - Filling up the DagBag from /Users/nampham/.pyenv/versions/3.12.9/lib/python3.12/site-packages/airflow/example_dags/example_inlet_event_extra.py
[2025-02-28T21:28:25.846+0200] {processor.py:925} INFO - DAG(s) 'read_dataset_event_from_classic', 'read_dataset_event' retrieved from /Users/nampham/.pyenv/versions/3.12.9/lib/python3.12/site-packages/airflow/example_dags/example_inlet_event_extra.py
[2025-02-28T21:28:25.881+0200] {logging_mixin.py:190} INFO - [2025-02-28T21:28:25.881+0200] {dag.py:3239} INFO - Sync 2 DAGs
[2025-02-28T21:28:25.888+0200] {logging_mixin.py:190} INFO - [2025-02-28T21:28:25.888+0200] {dag.py:4180} INFO - Setting next_dagrun for read_dataset_event to 2025-02-27 00:00:00+00:00, run_after=2025-02-28 00:00:00+00:00
[2025-02-28T21:28:25.889+0200] {logging_mixin.py:190} INFO - [2025-02-28T21:28:25.889+0200] {dag.py:4180} INFO - Setting next_dagrun for read_dataset_event_from_classic to 2025-02-27 00:00:00+00:00, run_after=2025-02-28 00:00:00+00:00
[2025-02-28T21:28:25.895+0200] {processor.py:208} INFO - Processing /Users/nampham/.pyenv/versions/3.12.9/lib/python3.12/site-packages/airflow/example_dags/example_inlet_event_extra.py took 0.230 seconds
[2025-02-28T21:31:11.328+0200] {processor.py:186} INFO - Started process (PID=6307) to work on /Users/nampham/.pyenv/versions/3.12.9/lib/python3.12/site-packages/airflow/example_dags/example_inlet_event_extra.py
[2025-02-28T21:31:11.330+0200] {processor.py:914} INFO - Processing file /Users/nampham/.pyenv/versions/3.12.9/lib/python3.12/site-packages/airflow/example_dags/example_inlet_event_extra.py for tasks to queue
[2025-02-28T21:31:11.331+0200] {logging_mixin.py:190} INFO - [2025-02-28T21:31:11.331+0200] {dagbag.py:588} INFO - Filling up the DagBag from /Users/nampham/.pyenv/versions/3.12.9/lib/python3.12/site-packages/airflow/example_dags/example_inlet_event_extra.py
[2025-02-28T21:31:11.566+0200] {processor.py:925} INFO - DAG(s) 'read_dataset_event', 'read_dataset_event_from_classic' retrieved from /Users/nampham/.pyenv/versions/3.12.9/lib/python3.12/site-packages/airflow/example_dags/example_inlet_event_extra.py
[2025-02-28T21:31:11.599+0200] {logging_mixin.py:190} INFO - [2025-02-28T21:31:11.599+0200] {dag.py:3239} INFO - Sync 2 DAGs
[2025-02-28T21:31:11.606+0200] {logging_mixin.py:190} INFO - [2025-02-28T21:31:11.606+0200] {dag.py:4180} INFO - Setting next_dagrun for read_dataset_event to 2025-02-27 00:00:00+00:00, run_after=2025-02-28 00:00:00+00:00
[2025-02-28T21:31:11.608+0200] {logging_mixin.py:190} INFO - [2025-02-28T21:31:11.608+0200] {dag.py:4180} INFO - Setting next_dagrun for read_dataset_event_from_classic to 2025-02-27 00:00:00+00:00, run_after=2025-02-28 00:00:00+00:00
[2025-02-28T21:31:11.613+0200] {processor.py:208} INFO - Processing /Users/nampham/.pyenv/versions/3.12.9/lib/python3.12/site-packages/airflow/example_dags/example_inlet_event_extra.py took 0.287 seconds
[2025-02-28T21:33:00.791+0200] {processor.py:186} INFO - Started process (PID=6931) to work on /Users/nampham/.pyenv/versions/3.12.9/lib/python3.12/site-packages/airflow/example_dags/example_inlet_event_extra.py
[2025-02-28T21:33:00.792+0200] {processor.py:914} INFO - Processing file /Users/nampham/.pyenv/versions/3.12.9/lib/python3.12/site-packages/airflow/example_dags/example_inlet_event_extra.py for tasks to queue
[2025-02-28T21:33:00.793+0200] {logging_mixin.py:190} INFO - [2025-02-28T21:33:00.793+0200] {dagbag.py:588} INFO - Filling up the DagBag from /Users/nampham/.pyenv/versions/3.12.9/lib/python3.12/site-packages/airflow/example_dags/example_inlet_event_extra.py
[2025-02-28T21:33:01.033+0200] {processor.py:925} INFO - DAG(s) 'read_dataset_event', 'read_dataset_event_from_classic' retrieved from /Users/nampham/.pyenv/versions/3.12.9/lib/python3.12/site-packages/airflow/example_dags/example_inlet_event_extra.py
[2025-02-28T21:33:01.068+0200] {logging_mixin.py:190} INFO - [2025-02-28T21:33:01.068+0200] {dag.py:3239} INFO - Sync 2 DAGs
[2025-02-28T21:33:01.075+0200] {logging_mixin.py:190} INFO - [2025-02-28T21:33:01.075+0200] {dag.py:4180} INFO - Setting next_dagrun for read_dataset_event to 2025-02-27 00:00:00+00:00, run_after=2025-02-28 00:00:00+00:00
[2025-02-28T21:33:01.076+0200] {logging_mixin.py:190} INFO - [2025-02-28T21:33:01.076+0200] {dag.py:4180} INFO - Setting next_dagrun for read_dataset_event_from_classic to 2025-02-27 00:00:00+00:00, run_after=2025-02-28 00:00:00+00:00
[2025-02-28T21:33:01.082+0200] {processor.py:208} INFO - Processing /Users/nampham/.pyenv/versions/3.12.9/lib/python3.12/site-packages/airflow/example_dags/example_inlet_event_extra.py took 0.292 seconds
[2025-02-28T21:37:35.612+0200] {processor.py:186} INFO - Started process (PID=8016) to work on /Users/nampham/.pyenv/versions/3.12.9/lib/python3.12/site-packages/airflow/example_dags/example_inlet_event_extra.py
[2025-02-28T21:37:35.613+0200] {processor.py:914} INFO - Processing file /Users/nampham/.pyenv/versions/3.12.9/lib/python3.12/site-packages/airflow/example_dags/example_inlet_event_extra.py for tasks to queue
[2025-02-28T21:37:35.613+0200] {logging_mixin.py:190} INFO - [2025-02-28T21:37:35.613+0200] {dagbag.py:588} INFO - Filling up the DagBag from /Users/nampham/.pyenv/versions/3.12.9/lib/python3.12/site-packages/airflow/example_dags/example_inlet_event_extra.py
[2025-02-28T21:37:35.865+0200] {processor.py:925} INFO - DAG(s) 'read_dataset_event_from_classic', 'read_dataset_event' retrieved from /Users/nampham/.pyenv/versions/3.12.9/lib/python3.12/site-packages/airflow/example_dags/example_inlet_event_extra.py
[2025-02-28T21:37:35.972+0200] {logging_mixin.py:190} INFO - [2025-02-28T21:37:35.971+0200] {override.py:1930} INFO - Created Permission View: can read on DAG:read_dataset_event_from_classic
[2025-02-28T21:37:35.975+0200] {logging_mixin.py:190} INFO - [2025-02-28T21:37:35.975+0200] {override.py:1930} INFO - Created Permission View: can edit on DAG:read_dataset_event_from_classic
[2025-02-28T21:37:35.977+0200] {logging_mixin.py:190} INFO - [2025-02-28T21:37:35.977+0200] {override.py:1930} INFO - Created Permission View: can delete on DAG:read_dataset_event_from_classic
[2025-02-28T21:37:35.979+0200] {logging_mixin.py:190} INFO - [2025-02-28T21:37:35.979+0200] {override.py:1930} INFO - Created Permission View: can create on DAG Run:read_dataset_event_from_classic
[2025-02-28T21:37:35.981+0200] {logging_mixin.py:190} INFO - [2025-02-28T21:37:35.981+0200] {override.py:1930} INFO - Created Permission View: can read on DAG Run:read_dataset_event_from_classic
[2025-02-28T21:37:35.984+0200] {logging_mixin.py:190} INFO - [2025-02-28T21:37:35.984+0200] {override.py:1930} INFO - Created Permission View: menu access on DAG Run:read_dataset_event_from_classic
[2025-02-28T21:37:35.986+0200] {logging_mixin.py:190} INFO - [2025-02-28T21:37:35.985+0200] {override.py:1930} INFO - Created Permission View: can delete on DAG Run:read_dataset_event_from_classic
[2025-02-28T21:37:35.989+0200] {logging_mixin.py:190} INFO - [2025-02-28T21:37:35.989+0200] {override.py:1930} INFO - Created Permission View: can read on DAG:read_dataset_event
[2025-02-28T21:37:35.991+0200] {logging_mixin.py:190} INFO - [2025-02-28T21:37:35.991+0200] {override.py:1930} INFO - Created Permission View: can edit on DAG:read_dataset_event
[2025-02-28T21:37:35.993+0200] {logging_mixin.py:190} INFO - [2025-02-28T21:37:35.993+0200] {override.py:1930} INFO - Created Permission View: can delete on DAG:read_dataset_event
[2025-02-28T21:37:35.996+0200] {logging_mixin.py:190} INFO - [2025-02-28T21:37:35.996+0200] {override.py:1930} INFO - Created Permission View: can create on DAG Run:read_dataset_event
[2025-02-28T21:37:35.998+0200] {logging_mixin.py:190} INFO - [2025-02-28T21:37:35.998+0200] {override.py:1930} INFO - Created Permission View: can read on DAG Run:read_dataset_event
[2025-02-28T21:37:36.000+0200] {logging_mixin.py:190} INFO - [2025-02-28T21:37:36.000+0200] {override.py:1930} INFO - Created Permission View: menu access on DAG Run:read_dataset_event
[2025-02-28T21:37:36.002+0200] {logging_mixin.py:190} INFO - [2025-02-28T21:37:36.002+0200] {override.py:1930} INFO - Created Permission View: can delete on DAG Run:read_dataset_event
[2025-02-28T21:37:36.002+0200] {logging_mixin.py:190} INFO - [2025-02-28T21:37:36.002+0200] {dag.py:3239} INFO - Sync 2 DAGs
[2025-02-28T21:37:36.006+0200] {logging_mixin.py:190} INFO - [2025-02-28T21:37:36.006+0200] {dag.py:3262} INFO - Creating ORM DAG for read_dataset_event
[2025-02-28T21:37:36.006+0200] {logging_mixin.py:190} INFO - [2025-02-28T21:37:36.006+0200] {dag.py:3262} INFO - Creating ORM DAG for read_dataset_event_from_classic
[2025-02-28T21:37:36.010+0200] {logging_mixin.py:190} INFO - [2025-02-28T21:37:36.010+0200] {dag.py:4180} INFO - Setting next_dagrun for read_dataset_event to 2025-02-27 00:00:00+00:00, run_after=2025-02-28 00:00:00+00:00
[2025-02-28T21:37:36.011+0200] {logging_mixin.py:190} INFO - [2025-02-28T21:37:36.011+0200] {dag.py:4180} INFO - Setting next_dagrun for read_dataset_event_from_classic to 2025-02-27 00:00:00+00:00, run_after=2025-02-28 00:00:00+00:00
[2025-02-28T21:37:36.017+0200] {processor.py:208} INFO - Processing /Users/nampham/.pyenv/versions/3.12.9/lib/python3.12/site-packages/airflow/example_dags/example_inlet_event_extra.py took 0.407 seconds
[2025-02-28T21:39:24.317+0200] {processor.py:186} INFO - Started process (PID=8438) to work on /Users/nampham/.pyenv/versions/3.12.9/lib/python3.12/site-packages/airflow/example_dags/example_inlet_event_extra.py
[2025-02-28T21:39:24.319+0200] {processor.py:914} INFO - Processing file /Users/nampham/.pyenv/versions/3.12.9/lib/python3.12/site-packages/airflow/example_dags/example_inlet_event_extra.py for tasks to queue
[2025-02-28T21:39:24.319+0200] {logging_mixin.py:190} INFO - [2025-02-28T21:39:24.319+0200] {dagbag.py:588} INFO - Filling up the DagBag from /Users/nampham/.pyenv/versions/3.12.9/lib/python3.12/site-packages/airflow/example_dags/example_inlet_event_extra.py
[2025-02-28T21:39:24.493+0200] {processor.py:925} INFO - DAG(s) 'read_dataset_event_from_classic', 'read_dataset_event' retrieved from /Users/nampham/.pyenv/versions/3.12.9/lib/python3.12/site-packages/airflow/example_dags/example_inlet_event_extra.py
[2025-02-28T21:39:24.526+0200] {logging_mixin.py:190} INFO - [2025-02-28T21:39:24.526+0200] {dag.py:3239} INFO - Sync 2 DAGs
[2025-02-28T21:39:24.532+0200] {logging_mixin.py:190} INFO - [2025-02-28T21:39:24.532+0200] {dag.py:4180} INFO - Setting next_dagrun for read_dataset_event to 2025-02-27 00:00:00+00:00, run_after=2025-02-28 00:00:00+00:00
[2025-02-28T21:39:24.534+0200] {logging_mixin.py:190} INFO - [2025-02-28T21:39:24.534+0200] {dag.py:4180} INFO - Setting next_dagrun for read_dataset_event_from_classic to 2025-02-27 00:00:00+00:00, run_after=2025-02-28 00:00:00+00:00
[2025-02-28T21:39:24.540+0200] {processor.py:208} INFO - Processing /Users/nampham/.pyenv/versions/3.12.9/lib/python3.12/site-packages/airflow/example_dags/example_inlet_event_extra.py took 0.223 seconds
[2025-02-28T22:28:28.584+0200] {processor.py:186} INFO - Started process (PID=18235) to work on /Users/nampham/.pyenv/versions/3.12.9/lib/python3.12/site-packages/airflow/example_dags/example_inlet_event_extra.py
[2025-02-28T22:28:28.585+0200] {processor.py:914} INFO - Processing file /Users/nampham/.pyenv/versions/3.12.9/lib/python3.12/site-packages/airflow/example_dags/example_inlet_event_extra.py for tasks to queue
[2025-02-28T22:28:28.586+0200] {logging_mixin.py:190} INFO - [2025-02-28T22:28:28.586+0200] {dagbag.py:588} INFO - Filling up the DagBag from /Users/nampham/.pyenv/versions/3.12.9/lib/python3.12/site-packages/airflow/example_dags/example_inlet_event_extra.py
[2025-02-28T22:28:28.759+0200] {processor.py:925} INFO - DAG(s) 'read_dataset_event', 'read_dataset_event_from_classic' retrieved from /Users/nampham/.pyenv/versions/3.12.9/lib/python3.12/site-packages/airflow/example_dags/example_inlet_event_extra.py
[2025-02-28T22:28:28.853+0200] {logging_mixin.py:190} INFO - [2025-02-28T22:28:28.853+0200] {override.py:1930} INFO - Created Permission View: can read on DAG:read_dataset_event
[2025-02-28T22:28:28.856+0200] {logging_mixin.py:190} INFO - [2025-02-28T22:28:28.856+0200] {override.py:1930} INFO - Created Permission View: can delete on DAG:read_dataset_event
[2025-02-28T22:28:28.858+0200] {logging_mixin.py:190} INFO - [2025-02-28T22:28:28.858+0200] {override.py:1930} INFO - Created Permission View: can edit on DAG:read_dataset_event
[2025-02-28T22:28:28.860+0200] {logging_mixin.py:190} INFO - [2025-02-28T22:28:28.860+0200] {override.py:1930} INFO - Created Permission View: can read on DAG Run:read_dataset_event
[2025-02-28T22:28:28.862+0200] {logging_mixin.py:190} INFO - [2025-02-28T22:28:28.862+0200] {override.py:1930} INFO - Created Permission View: can delete on DAG Run:read_dataset_event
[2025-02-28T22:28:28.864+0200] {logging_mixin.py:190} INFO - [2025-02-28T22:28:28.864+0200] {override.py:1930} INFO - Created Permission View: menu access on DAG Run:read_dataset_event
[2025-02-28T22:28:28.866+0200] {logging_mixin.py:190} INFO - [2025-02-28T22:28:28.865+0200] {override.py:1930} INFO - Created Permission View: can create on DAG Run:read_dataset_event
[2025-02-28T22:28:28.869+0200] {logging_mixin.py:190} INFO - [2025-02-28T22:28:28.869+0200] {override.py:1930} INFO - Created Permission View: can read on DAG:read_dataset_event_from_classic
[2025-02-28T22:28:28.871+0200] {logging_mixin.py:190} INFO - [2025-02-28T22:28:28.871+0200] {override.py:1930} INFO - Created Permission View: can delete on DAG:read_dataset_event_from_classic
[2025-02-28T22:28:28.873+0200] {logging_mixin.py:190} INFO - [2025-02-28T22:28:28.873+0200] {override.py:1930} INFO - Created Permission View: can edit on DAG:read_dataset_event_from_classic
[2025-02-28T22:28:28.875+0200] {logging_mixin.py:190} INFO - [2025-02-28T22:28:28.875+0200] {override.py:1930} INFO - Created Permission View: can read on DAG Run:read_dataset_event_from_classic
[2025-02-28T22:28:28.877+0200] {logging_mixin.py:190} INFO - [2025-02-28T22:28:28.877+0200] {override.py:1930} INFO - Created Permission View: can delete on DAG Run:read_dataset_event_from_classic
[2025-02-28T22:28:28.879+0200] {logging_mixin.py:190} INFO - [2025-02-28T22:28:28.879+0200] {override.py:1930} INFO - Created Permission View: menu access on DAG Run:read_dataset_event_from_classic
[2025-02-28T22:28:28.881+0200] {logging_mixin.py:190} INFO - [2025-02-28T22:28:28.881+0200] {override.py:1930} INFO - Created Permission View: can create on DAG Run:read_dataset_event_from_classic
[2025-02-28T22:28:28.881+0200] {logging_mixin.py:190} INFO - [2025-02-28T22:28:28.881+0200] {dag.py:3239} INFO - Sync 2 DAGs
[2025-02-28T22:28:28.885+0200] {logging_mixin.py:190} INFO - [2025-02-28T22:28:28.885+0200] {dag.py:3262} INFO - Creating ORM DAG for read_dataset_event_from_classic
[2025-02-28T22:28:28.885+0200] {logging_mixin.py:190} INFO - [2025-02-28T22:28:28.885+0200] {dag.py:3262} INFO - Creating ORM DAG for read_dataset_event
[2025-02-28T22:28:28.889+0200] {logging_mixin.py:190} INFO - [2025-02-28T22:28:28.888+0200] {dag.py:4180} INFO - Setting next_dagrun for read_dataset_event to 2025-02-27 00:00:00+00:00, run_after=2025-02-28 00:00:00+00:00
[2025-02-28T22:28:28.889+0200] {logging_mixin.py:190} INFO - [2025-02-28T22:28:28.889+0200] {dag.py:4180} INFO - Setting next_dagrun for read_dataset_event_from_classic to 2025-02-27 00:00:00+00:00, run_after=2025-02-28 00:00:00+00:00
[2025-02-28T22:28:28.894+0200] {processor.py:208} INFO - Processing /Users/nampham/.pyenv/versions/3.12.9/lib/python3.12/site-packages/airflow/example_dags/example_inlet_event_extra.py took 0.312 seconds
[2025-02-28T22:36:32.136+0200] {processor.py:186} INFO - Started process (PID=19889) to work on /Users/nampham/.pyenv/versions/3.12.9/lib/python3.12/site-packages/airflow/example_dags/example_inlet_event_extra.py
[2025-02-28T22:36:32.137+0200] {processor.py:914} INFO - Processing file /Users/nampham/.pyenv/versions/3.12.9/lib/python3.12/site-packages/airflow/example_dags/example_inlet_event_extra.py for tasks to queue
[2025-02-28T22:36:32.138+0200] {logging_mixin.py:190} INFO - [2025-02-28T22:36:32.138+0200] {dagbag.py:588} INFO - Filling up the DagBag from /Users/nampham/.pyenv/versions/3.12.9/lib/python3.12/site-packages/airflow/example_dags/example_inlet_event_extra.py
[2025-02-28T22:36:32.307+0200] {processor.py:925} INFO - DAG(s) 'read_dataset_event', 'read_dataset_event_from_classic' retrieved from /Users/nampham/.pyenv/versions/3.12.9/lib/python3.12/site-packages/airflow/example_dags/example_inlet_event_extra.py
[2025-02-28T22:36:32.401+0200] {logging_mixin.py:190} INFO - [2025-02-28T22:36:32.401+0200] {override.py:1930} INFO - Created Permission View: can read on DAG:read_dataset_event
[2025-02-28T22:36:32.404+0200] {logging_mixin.py:190} INFO - [2025-02-28T22:36:32.404+0200] {override.py:1930} INFO - Created Permission View: can edit on DAG:read_dataset_event
[2025-02-28T22:36:32.406+0200] {logging_mixin.py:190} INFO - [2025-02-28T22:36:32.406+0200] {override.py:1930} INFO - Created Permission View: can delete on DAG:read_dataset_event
[2025-02-28T22:36:32.409+0200] {logging_mixin.py:190} INFO - [2025-02-28T22:36:32.408+0200] {override.py:1930} INFO - Created Permission View: menu access on DAG Run:read_dataset_event
[2025-02-28T22:36:32.410+0200] {logging_mixin.py:190} INFO - [2025-02-28T22:36:32.410+0200] {override.py:1930} INFO - Created Permission View: can read on DAG Run:read_dataset_event
[2025-02-28T22:36:32.412+0200] {logging_mixin.py:190} INFO - [2025-02-28T22:36:32.412+0200] {override.py:1930} INFO - Created Permission View: can delete on DAG Run:read_dataset_event
[2025-02-28T22:36:32.414+0200] {logging_mixin.py:190} INFO - [2025-02-28T22:36:32.414+0200] {override.py:1930} INFO - Created Permission View: can create on DAG Run:read_dataset_event
[2025-02-28T22:36:32.417+0200] {logging_mixin.py:190} INFO - [2025-02-28T22:36:32.417+0200] {override.py:1930} INFO - Created Permission View: can read on DAG:read_dataset_event_from_classic
[2025-02-28T22:36:32.419+0200] {logging_mixin.py:190} INFO - [2025-02-28T22:36:32.419+0200] {override.py:1930} INFO - Created Permission View: can edit on DAG:read_dataset_event_from_classic
[2025-02-28T22:36:32.421+0200] {logging_mixin.py:190} INFO - [2025-02-28T22:36:32.421+0200] {override.py:1930} INFO - Created Permission View: can delete on DAG:read_dataset_event_from_classic
[2025-02-28T22:36:32.423+0200] {logging_mixin.py:190} INFO - [2025-02-28T22:36:32.423+0200] {override.py:1930} INFO - Created Permission View: menu access on DAG Run:read_dataset_event_from_classic
[2025-02-28T22:36:32.424+0200] {logging_mixin.py:190} INFO - [2025-02-28T22:36:32.424+0200] {override.py:1930} INFO - Created Permission View: can read on DAG Run:read_dataset_event_from_classic
[2025-02-28T22:36:32.426+0200] {logging_mixin.py:190} INFO - [2025-02-28T22:36:32.426+0200] {override.py:1930} INFO - Created Permission View: can delete on DAG Run:read_dataset_event_from_classic
[2025-02-28T22:36:32.428+0200] {logging_mixin.py:190} INFO - [2025-02-28T22:36:32.428+0200] {override.py:1930} INFO - Created Permission View: can create on DAG Run:read_dataset_event_from_classic
[2025-02-28T22:36:32.428+0200] {logging_mixin.py:190} INFO - [2025-02-28T22:36:32.428+0200] {dag.py:3239} INFO - Sync 2 DAGs
[2025-02-28T22:36:32.432+0200] {logging_mixin.py:190} INFO - [2025-02-28T22:36:32.432+0200] {dag.py:3262} INFO - Creating ORM DAG for read_dataset_event
[2025-02-28T22:36:32.432+0200] {logging_mixin.py:190} INFO - [2025-02-28T22:36:32.432+0200] {dag.py:3262} INFO - Creating ORM DAG for read_dataset_event_from_classic
[2025-02-28T22:36:32.436+0200] {logging_mixin.py:190} INFO - [2025-02-28T22:36:32.436+0200] {dag.py:4180} INFO - Setting next_dagrun for read_dataset_event to 2025-02-27 00:00:00+00:00, run_after=2025-02-28 00:00:00+00:00
[2025-02-28T22:36:32.436+0200] {logging_mixin.py:190} INFO - [2025-02-28T22:36:32.436+0200] {dag.py:4180} INFO - Setting next_dagrun for read_dataset_event_from_classic to 2025-02-27 00:00:00+00:00, run_after=2025-02-28 00:00:00+00:00
[2025-02-28T22:36:32.441+0200] {processor.py:208} INFO - Processing /Users/nampham/.pyenv/versions/3.12.9/lib/python3.12/site-packages/airflow/example_dags/example_inlet_event_extra.py took 0.307 seconds
[2025-02-28T22:38:47.018+0200] {processor.py:186} INFO - Started process (PID=20375) to work on /Users/nampham/.pyenv/versions/3.12.9/lib/python3.12/site-packages/airflow/example_dags/example_inlet_event_extra.py
[2025-02-28T22:38:47.018+0200] {processor.py:914} INFO - Processing file /Users/nampham/.pyenv/versions/3.12.9/lib/python3.12/site-packages/airflow/example_dags/example_inlet_event_extra.py for tasks to queue
[2025-02-28T22:38:47.019+0200] {logging_mixin.py:190} INFO - [2025-02-28T22:38:47.019+0200] {dagbag.py:588} INFO - Filling up the DagBag from /Users/nampham/.pyenv/versions/3.12.9/lib/python3.12/site-packages/airflow/example_dags/example_inlet_event_extra.py
[2025-02-28T22:38:47.194+0200] {processor.py:925} INFO - DAG(s) 'read_dataset_event_from_classic', 'read_dataset_event' retrieved from /Users/nampham/.pyenv/versions/3.12.9/lib/python3.12/site-packages/airflow/example_dags/example_inlet_event_extra.py
[2025-02-28T22:38:47.227+0200] {logging_mixin.py:190} INFO - [2025-02-28T22:38:47.227+0200] {dag.py:3239} INFO - Sync 2 DAGs
[2025-02-28T22:38:47.234+0200] {logging_mixin.py:190} INFO - [2025-02-28T22:38:47.234+0200] {dag.py:4180} INFO - Setting next_dagrun for read_dataset_event to 2025-02-27 00:00:00+00:00, run_after=2025-02-28 00:00:00+00:00
[2025-02-28T22:38:47.235+0200] {logging_mixin.py:190} INFO - [2025-02-28T22:38:47.235+0200] {dag.py:4180} INFO - Setting next_dagrun for read_dataset_event_from_classic to 2025-02-27 00:00:00+00:00, run_after=2025-02-28 00:00:00+00:00
[2025-02-28T22:38:47.241+0200] {processor.py:208} INFO - Processing /Users/nampham/.pyenv/versions/3.12.9/lib/python3.12/site-packages/airflow/example_dags/example_inlet_event_extra.py took 0.224 seconds
[2025-02-28T22:41:34.707+0200] {processor.py:186} INFO - Started process (PID=20929) to work on /Users/nampham/.pyenv/versions/3.12.9/lib/python3.12/site-packages/airflow/example_dags/example_inlet_event_extra.py
[2025-02-28T22:41:34.708+0200] {processor.py:914} INFO - Processing file /Users/nampham/.pyenv/versions/3.12.9/lib/python3.12/site-packages/airflow/example_dags/example_inlet_event_extra.py for tasks to queue
[2025-02-28T22:41:34.708+0200] {logging_mixin.py:190} INFO - [2025-02-28T22:41:34.708+0200] {dagbag.py:588} INFO - Filling up the DagBag from /Users/nampham/.pyenv/versions/3.12.9/lib/python3.12/site-packages/airflow/example_dags/example_inlet_event_extra.py
[2025-02-28T22:41:34.875+0200] {processor.py:925} INFO - DAG(s) 'read_dataset_event_from_classic', 'read_dataset_event' retrieved from /Users/nampham/.pyenv/versions/3.12.9/lib/python3.12/site-packages/airflow/example_dags/example_inlet_event_extra.py
[2025-02-28T22:41:34.908+0200] {logging_mixin.py:190} INFO - [2025-02-28T22:41:34.908+0200] {dag.py:3239} INFO - Sync 2 DAGs
[2025-02-28T22:41:34.914+0200] {logging_mixin.py:190} INFO - [2025-02-28T22:41:34.914+0200] {dag.py:4180} INFO - Setting next_dagrun for read_dataset_event to 2025-02-27 00:00:00+00:00, run_after=2025-02-28 00:00:00+00:00
[2025-02-28T22:41:34.916+0200] {logging_mixin.py:190} INFO - [2025-02-28T22:41:34.916+0200] {dag.py:4180} INFO - Setting next_dagrun for read_dataset_event_from_classic to 2025-02-27 00:00:00+00:00, run_after=2025-02-28 00:00:00+00:00
[2025-02-28T22:41:34.921+0200] {processor.py:208} INFO - Processing /Users/nampham/.pyenv/versions/3.12.9/lib/python3.12/site-packages/airflow/example_dags/example_inlet_event_extra.py took 0.216 seconds
[2025-02-28T22:44:03.891+0200] {processor.py:186} INFO - Started process (PID=21481) to work on /Users/nampham/.pyenv/versions/3.12.9/lib/python3.12/site-packages/airflow/example_dags/example_inlet_event_extra.py
[2025-02-28T22:44:03.892+0200] {processor.py:914} INFO - Processing file /Users/nampham/.pyenv/versions/3.12.9/lib/python3.12/site-packages/airflow/example_dags/example_inlet_event_extra.py for tasks to queue
[2025-02-28T22:44:03.892+0200] {logging_mixin.py:190} INFO - [2025-02-28T22:44:03.892+0200] {dagbag.py:588} INFO - Filling up the DagBag from /Users/nampham/.pyenv/versions/3.12.9/lib/python3.12/site-packages/airflow/example_dags/example_inlet_event_extra.py
[2025-02-28T22:44:04.134+0200] {processor.py:925} INFO - DAG(s) 'read_dataset_event_from_classic', 'read_dataset_event' retrieved from /Users/nampham/.pyenv/versions/3.12.9/lib/python3.12/site-packages/airflow/example_dags/example_inlet_event_extra.py
[2025-02-28T22:44:04.170+0200] {logging_mixin.py:190} INFO - [2025-02-28T22:44:04.170+0200] {dag.py:3239} INFO - Sync 2 DAGs
[2025-02-28T22:44:04.177+0200] {logging_mixin.py:190} INFO - [2025-02-28T22:44:04.177+0200] {dag.py:4180} INFO - Setting next_dagrun for read_dataset_event to 2025-02-27 00:00:00+00:00, run_after=2025-02-28 00:00:00+00:00
[2025-02-28T22:44:04.179+0200] {logging_mixin.py:190} INFO - [2025-02-28T22:44:04.179+0200] {dag.py:4180} INFO - Setting next_dagrun for read_dataset_event_from_classic to 2025-02-27 00:00:00+00:00, run_after=2025-02-28 00:00:00+00:00
[2025-02-28T22:44:04.184+0200] {processor.py:208} INFO - Processing /Users/nampham/.pyenv/versions/3.12.9/lib/python3.12/site-packages/airflow/example_dags/example_inlet_event_extra.py took 0.295 seconds
[2025-02-28T22:47:03.791+0200] {processor.py:186} INFO - Started process (PID=22084) to work on /Users/nampham/.pyenv/versions/3.12.9/lib/python3.12/site-packages/airflow/example_dags/example_inlet_event_extra.py
[2025-02-28T22:47:03.792+0200] {processor.py:914} INFO - Processing file /Users/nampham/.pyenv/versions/3.12.9/lib/python3.12/site-packages/airflow/example_dags/example_inlet_event_extra.py for tasks to queue
[2025-02-28T22:47:03.793+0200] {logging_mixin.py:190} INFO - [2025-02-28T22:47:03.793+0200] {dagbag.py:588} INFO - Filling up the DagBag from /Users/nampham/.pyenv/versions/3.12.9/lib/python3.12/site-packages/airflow/example_dags/example_inlet_event_extra.py
[2025-02-28T22:47:03.965+0200] {processor.py:925} INFO - DAG(s) 'read_dataset_event_from_classic', 'read_dataset_event' retrieved from /Users/nampham/.pyenv/versions/3.12.9/lib/python3.12/site-packages/airflow/example_dags/example_inlet_event_extra.py
[2025-02-28T22:47:03.999+0200] {logging_mixin.py:190} INFO - [2025-02-28T22:47:03.999+0200] {dag.py:3239} INFO - Sync 2 DAGs
[2025-02-28T22:47:04.005+0200] {logging_mixin.py:190} INFO - [2025-02-28T22:47:04.005+0200] {dag.py:4180} INFO - Setting next_dagrun for read_dataset_event to 2025-02-27 00:00:00+00:00, run_after=2025-02-28 00:00:00+00:00
[2025-02-28T22:47:04.007+0200] {logging_mixin.py:190} INFO - [2025-02-28T22:47:04.007+0200] {dag.py:4180} INFO - Setting next_dagrun for read_dataset_event_from_classic to 2025-02-27 00:00:00+00:00, run_after=2025-02-28 00:00:00+00:00
[2025-02-28T22:47:04.012+0200] {processor.py:208} INFO - Processing /Users/nampham/.pyenv/versions/3.12.9/lib/python3.12/site-packages/airflow/example_dags/example_inlet_event_extra.py took 0.222 seconds
[2025-02-28T22:55:36.524+0200] {processor.py:186} INFO - Started process (PID=22888) to work on /Users/nampham/.pyenv/versions/3.12.9/lib/python3.12/site-packages/airflow/example_dags/example_inlet_event_extra.py
[2025-02-28T22:55:36.525+0200] {processor.py:914} INFO - Processing file /Users/nampham/.pyenv/versions/3.12.9/lib/python3.12/site-packages/airflow/example_dags/example_inlet_event_extra.py for tasks to queue
[2025-02-28T22:55:36.525+0200] {logging_mixin.py:190} INFO - [2025-02-28T22:55:36.525+0200] {dagbag.py:588} INFO - Filling up the DagBag from /Users/nampham/.pyenv/versions/3.12.9/lib/python3.12/site-packages/airflow/example_dags/example_inlet_event_extra.py
[2025-02-28T22:55:36.697+0200] {processor.py:925} INFO - DAG(s) 'read_dataset_event', 'read_dataset_event_from_classic' retrieved from /Users/nampham/.pyenv/versions/3.12.9/lib/python3.12/site-packages/airflow/example_dags/example_inlet_event_extra.py
[2025-02-28T22:55:36.730+0200] {logging_mixin.py:190} INFO - [2025-02-28T22:55:36.730+0200] {dag.py:3239} INFO - Sync 2 DAGs
[2025-02-28T22:55:36.736+0200] {logging_mixin.py:190} INFO - [2025-02-28T22:55:36.736+0200] {dag.py:4180} INFO - Setting next_dagrun for read_dataset_event to 2025-02-27 00:00:00+00:00, run_after=2025-02-28 00:00:00+00:00
[2025-02-28T22:55:36.737+0200] {logging_mixin.py:190} INFO - [2025-02-28T22:55:36.737+0200] {dag.py:4180} INFO - Setting next_dagrun for read_dataset_event_from_classic to 2025-02-27 00:00:00+00:00, run_after=2025-02-28 00:00:00+00:00
[2025-02-28T22:55:36.743+0200] {processor.py:208} INFO - Processing /Users/nampham/.pyenv/versions/3.12.9/lib/python3.12/site-packages/airflow/example_dags/example_inlet_event_extra.py took 0.220 seconds
[2025-02-28T22:58:20.956+0200] {processor.py:186} INFO - Started process (PID=23425) to work on /Users/nampham/.pyenv/versions/3.12.9/lib/python3.12/site-packages/airflow/example_dags/example_inlet_event_extra.py
[2025-02-28T22:58:20.956+0200] {processor.py:914} INFO - Processing file /Users/nampham/.pyenv/versions/3.12.9/lib/python3.12/site-packages/airflow/example_dags/example_inlet_event_extra.py for tasks to queue
[2025-02-28T22:58:20.957+0200] {logging_mixin.py:190} INFO - [2025-02-28T22:58:20.957+0200] {dagbag.py:588} INFO - Filling up the DagBag from /Users/nampham/.pyenv/versions/3.12.9/lib/python3.12/site-packages/airflow/example_dags/example_inlet_event_extra.py
[2025-02-28T22:58:21.121+0200] {processor.py:925} INFO - DAG(s) 'read_dataset_event_from_classic', 'read_dataset_event' retrieved from /Users/nampham/.pyenv/versions/3.12.9/lib/python3.12/site-packages/airflow/example_dags/example_inlet_event_extra.py
[2025-02-28T22:58:21.154+0200] {logging_mixin.py:190} INFO - [2025-02-28T22:58:21.154+0200] {dag.py:3239} INFO - Sync 2 DAGs
[2025-02-28T22:58:21.161+0200] {logging_mixin.py:190} INFO - [2025-02-28T22:58:21.161+0200] {dag.py:4180} INFO - Setting next_dagrun for read_dataset_event to 2025-02-27 00:00:00+00:00, run_after=2025-02-28 00:00:00+00:00
[2025-02-28T22:58:21.162+0200] {logging_mixin.py:190} INFO - [2025-02-28T22:58:21.162+0200] {dag.py:4180} INFO - Setting next_dagrun for read_dataset_event_from_classic to 2025-02-27 00:00:00+00:00, run_after=2025-02-28 00:00:00+00:00
[2025-02-28T22:58:21.168+0200] {processor.py:208} INFO - Processing /Users/nampham/.pyenv/versions/3.12.9/lib/python3.12/site-packages/airflow/example_dags/example_inlet_event_extra.py took 0.213 seconds
[2025-02-28T23:01:18.622+0200] {processor.py:186} INFO - Started process (PID=24033) to work on /Users/nampham/.pyenv/versions/3.12.9/lib/python3.12/site-packages/airflow/example_dags/example_inlet_event_extra.py
[2025-02-28T23:01:18.623+0200] {processor.py:914} INFO - Processing file /Users/nampham/.pyenv/versions/3.12.9/lib/python3.12/site-packages/airflow/example_dags/example_inlet_event_extra.py for tasks to queue
[2025-02-28T23:01:18.623+0200] {logging_mixin.py:190} INFO - [2025-02-28T23:01:18.623+0200] {dagbag.py:588} INFO - Filling up the DagBag from /Users/nampham/.pyenv/versions/3.12.9/lib/python3.12/site-packages/airflow/example_dags/example_inlet_event_extra.py
[2025-02-28T23:01:18.789+0200] {processor.py:925} INFO - DAG(s) 'read_dataset_event', 'read_dataset_event_from_classic' retrieved from /Users/nampham/.pyenv/versions/3.12.9/lib/python3.12/site-packages/airflow/example_dags/example_inlet_event_extra.py
[2025-02-28T23:01:18.822+0200] {logging_mixin.py:190} INFO - [2025-02-28T23:01:18.822+0200] {dag.py:3239} INFO - Sync 2 DAGs
[2025-02-28T23:01:18.829+0200] {logging_mixin.py:190} INFO - [2025-02-28T23:01:18.829+0200] {dag.py:4180} INFO - Setting next_dagrun for read_dataset_event to 2025-02-27 00:00:00+00:00, run_after=2025-02-28 00:00:00+00:00
[2025-02-28T23:01:18.831+0200] {logging_mixin.py:190} INFO - [2025-02-28T23:01:18.831+0200] {dag.py:4180} INFO - Setting next_dagrun for read_dataset_event_from_classic to 2025-02-27 00:00:00+00:00, run_after=2025-02-28 00:00:00+00:00
[2025-02-28T23:01:18.837+0200] {processor.py:208} INFO - Processing /Users/nampham/.pyenv/versions/3.12.9/lib/python3.12/site-packages/airflow/example_dags/example_inlet_event_extra.py took 0.216 seconds
