[2025-02-28T18:25:36.627+0200] {processor.py:186} INFO - Started process (PID=93360) to work on /Users/nampham/.pyenv/versions/3.12.9/lib/python3.12/site-packages/airflow/example_dags/example_dynamic_task_mapping.py
[2025-02-28T18:25:36.627+0200] {processor.py:914} INFO - Processing file /Users/nampham/.pyenv/versions/3.12.9/lib/python3.12/site-packages/airflow/example_dags/example_dynamic_task_mapping.py for tasks to queue
[2025-02-28T18:25:36.628+0200] {logging_mixin.py:190} INFO - [2025-02-28T18:25:36.627+0200] {dagbag.py:588} INFO - Filling up the DagBag from /Users/nampham/.pyenv/versions/3.12.9/lib/python3.12/site-packages/airflow/example_dags/example_dynamic_task_mapping.py
[2025-02-28T18:25:36.666+0200] {processor.py:925} INFO - DAG(s) 'example_dynamic_task_mapping' retrieved from /Users/nampham/.pyenv/versions/3.12.9/lib/python3.12/site-packages/airflow/example_dags/example_dynamic_task_mapping.py
[2025-02-28T18:25:36.732+0200] {logging_mixin.py:190} INFO - [2025-02-28T18:25:36.731+0200] {override.py:1930} INFO - Created Permission View: can edit on DAG:example_dynamic_task_mapping
[2025-02-28T18:25:36.735+0200] {logging_mixin.py:190} INFO - [2025-02-28T18:25:36.735+0200] {override.py:1930} INFO - Created Permission View: can delete on DAG:example_dynamic_task_mapping
[2025-02-28T18:25:36.737+0200] {logging_mixin.py:190} INFO - [2025-02-28T18:25:36.737+0200] {override.py:1930} INFO - Created Permission View: can read on DAG:example_dynamic_task_mapping
[2025-02-28T18:25:36.739+0200] {logging_mixin.py:190} INFO - [2025-02-28T18:25:36.739+0200] {override.py:1930} INFO - Created Permission View: can delete on DAG Run:example_dynamic_task_mapping
[2025-02-28T18:25:36.741+0200] {logging_mixin.py:190} INFO - [2025-02-28T18:25:36.741+0200] {override.py:1930} INFO - Created Permission View: can create on DAG Run:example_dynamic_task_mapping
[2025-02-28T18:25:36.743+0200] {logging_mixin.py:190} INFO - [2025-02-28T18:25:36.743+0200] {override.py:1930} INFO - Created Permission View: can read on DAG Run:example_dynamic_task_mapping
[2025-02-28T18:25:36.745+0200] {logging_mixin.py:190} INFO - [2025-02-28T18:25:36.744+0200] {override.py:1930} INFO - Created Permission View: menu access on DAG Run:example_dynamic_task_mapping
[2025-02-28T18:25:36.745+0200] {logging_mixin.py:190} INFO - [2025-02-28T18:25:36.745+0200] {dag.py:3239} INFO - Sync 1 DAGs
[2025-02-28T18:25:36.749+0200] {logging_mixin.py:190} INFO - [2025-02-28T18:25:36.749+0200] {dag.py:3262} INFO - Creating ORM DAG for example_dynamic_task_mapping
[2025-02-28T18:25:36.749+0200] {logging_mixin.py:190} INFO - [2025-02-28T18:25:36.749+0200] {dag.py:4180} INFO - Setting next_dagrun for example_dynamic_task_mapping to None, run_after=None
[2025-02-28T18:25:36.755+0200] {processor.py:208} INFO - Processing /Users/nampham/.pyenv/versions/3.12.9/lib/python3.12/site-packages/airflow/example_dags/example_dynamic_task_mapping.py took 0.130 seconds
[2025-02-28T18:28:16.059+0200] {processor.py:186} INFO - Started process (PID=94014) to work on /Users/nampham/.pyenv/versions/3.12.9/lib/python3.12/site-packages/airflow/example_dags/example_dynamic_task_mapping.py
[2025-02-28T18:28:16.060+0200] {processor.py:914} INFO - Processing file /Users/nampham/.pyenv/versions/3.12.9/lib/python3.12/site-packages/airflow/example_dags/example_dynamic_task_mapping.py for tasks to queue
[2025-02-28T18:28:16.060+0200] {logging_mixin.py:190} INFO - [2025-02-28T18:28:16.060+0200] {dagbag.py:588} INFO - Filling up the DagBag from /Users/nampham/.pyenv/versions/3.12.9/lib/python3.12/site-packages/airflow/example_dags/example_dynamic_task_mapping.py
[2025-02-28T18:28:16.098+0200] {processor.py:925} INFO - DAG(s) 'example_dynamic_task_mapping' retrieved from /Users/nampham/.pyenv/versions/3.12.9/lib/python3.12/site-packages/airflow/example_dags/example_dynamic_task_mapping.py
[2025-02-28T18:28:16.132+0200] {logging_mixin.py:190} INFO - [2025-02-28T18:28:16.132+0200] {dag.py:3239} INFO - Sync 1 DAGs
[2025-02-28T18:28:16.135+0200] {logging_mixin.py:190} INFO - [2025-02-28T18:28:16.135+0200] {dag.py:4180} INFO - Setting next_dagrun for example_dynamic_task_mapping to None, run_after=None
[2025-02-28T18:28:16.142+0200] {processor.py:208} INFO - Processing /Users/nampham/.pyenv/versions/3.12.9/lib/python3.12/site-packages/airflow/example_dags/example_dynamic_task_mapping.py took 0.084 seconds
[2025-02-28T20:11:53.498+0200] {processor.py:186} INFO - Started process (PID=97544) to work on /Users/nampham/.pyenv/versions/3.12.9/lib/python3.12/site-packages/airflow/example_dags/example_dynamic_task_mapping.py
[2025-02-28T20:11:53.498+0200] {processor.py:914} INFO - Processing file /Users/nampham/.pyenv/versions/3.12.9/lib/python3.12/site-packages/airflow/example_dags/example_dynamic_task_mapping.py for tasks to queue
[2025-02-28T20:11:53.499+0200] {logging_mixin.py:190} INFO - [2025-02-28T20:11:53.499+0200] {dagbag.py:588} INFO - Filling up the DagBag from /Users/nampham/.pyenv/versions/3.12.9/lib/python3.12/site-packages/airflow/example_dags/example_dynamic_task_mapping.py
[2025-02-28T20:11:53.543+0200] {processor.py:925} INFO - DAG(s) 'example_dynamic_task_mapping' retrieved from /Users/nampham/.pyenv/versions/3.12.9/lib/python3.12/site-packages/airflow/example_dags/example_dynamic_task_mapping.py
[2025-02-28T20:11:53.613+0200] {logging_mixin.py:190} INFO - [2025-02-28T20:11:53.613+0200] {dag.py:3239} INFO - Sync 1 DAGs
[2025-02-28T20:11:53.618+0200] {logging_mixin.py:190} INFO - [2025-02-28T20:11:53.618+0200] {dag.py:4180} INFO - Setting next_dagrun for example_dynamic_task_mapping to None, run_after=None
[2025-02-28T20:11:53.624+0200] {processor.py:208} INFO - Processing /Users/nampham/.pyenv/versions/3.12.9/lib/python3.12/site-packages/airflow/example_dags/example_dynamic_task_mapping.py took 0.128 seconds
[2025-02-28T20:13:38.860+0200] {processor.py:186} INFO - Started process (PID=98083) to work on /Users/nampham/.pyenv/versions/3.12.9/lib/python3.12/site-packages/airflow/example_dags/example_dynamic_task_mapping.py
[2025-02-28T20:13:38.860+0200] {processor.py:914} INFO - Processing file /Users/nampham/.pyenv/versions/3.12.9/lib/python3.12/site-packages/airflow/example_dags/example_dynamic_task_mapping.py for tasks to queue
[2025-02-28T20:13:38.861+0200] {logging_mixin.py:190} INFO - [2025-02-28T20:13:38.861+0200] {dagbag.py:588} INFO - Filling up the DagBag from /Users/nampham/.pyenv/versions/3.12.9/lib/python3.12/site-packages/airflow/example_dags/example_dynamic_task_mapping.py
[2025-02-28T20:13:38.899+0200] {processor.py:925} INFO - DAG(s) 'example_dynamic_task_mapping' retrieved from /Users/nampham/.pyenv/versions/3.12.9/lib/python3.12/site-packages/airflow/example_dags/example_dynamic_task_mapping.py
[2025-02-28T20:13:38.933+0200] {logging_mixin.py:190} INFO - [2025-02-28T20:13:38.932+0200] {dag.py:3239} INFO - Sync 1 DAGs
[2025-02-28T20:13:38.936+0200] {logging_mixin.py:190} INFO - [2025-02-28T20:13:38.936+0200] {dag.py:4180} INFO - Setting next_dagrun for example_dynamic_task_mapping to None, run_after=None
[2025-02-28T20:13:38.943+0200] {processor.py:208} INFO - Processing /Users/nampham/.pyenv/versions/3.12.9/lib/python3.12/site-packages/airflow/example_dags/example_dynamic_task_mapping.py took 0.084 seconds
[2025-02-28T20:16:17.171+0200] {processor.py:186} INFO - Started process (PID=98672) to work on /Users/nampham/.pyenv/versions/3.12.9/lib/python3.12/site-packages/airflow/example_dags/example_dynamic_task_mapping.py
[2025-02-28T20:16:17.172+0200] {processor.py:914} INFO - Processing file /Users/nampham/.pyenv/versions/3.12.9/lib/python3.12/site-packages/airflow/example_dags/example_dynamic_task_mapping.py for tasks to queue
[2025-02-28T20:16:17.172+0200] {logging_mixin.py:190} INFO - [2025-02-28T20:16:17.172+0200] {dagbag.py:588} INFO - Filling up the DagBag from /Users/nampham/.pyenv/versions/3.12.9/lib/python3.12/site-packages/airflow/example_dags/example_dynamic_task_mapping.py
[2025-02-28T20:16:17.210+0200] {processor.py:925} INFO - DAG(s) 'example_dynamic_task_mapping' retrieved from /Users/nampham/.pyenv/versions/3.12.9/lib/python3.12/site-packages/airflow/example_dags/example_dynamic_task_mapping.py
[2025-02-28T20:16:17.243+0200] {logging_mixin.py:190} INFO - [2025-02-28T20:16:17.243+0200] {dag.py:3239} INFO - Sync 1 DAGs
[2025-02-28T20:16:17.247+0200] {logging_mixin.py:190} INFO - [2025-02-28T20:16:17.247+0200] {dag.py:4180} INFO - Setting next_dagrun for example_dynamic_task_mapping to None, run_after=None
[2025-02-28T20:16:17.253+0200] {processor.py:208} INFO - Processing /Users/nampham/.pyenv/versions/3.12.9/lib/python3.12/site-packages/airflow/example_dags/example_dynamic_task_mapping.py took 0.083 seconds
[2025-02-28T20:19:19.973+0200] {processor.py:186} INFO - Started process (PID=99446) to work on /Users/nampham/.pyenv/versions/3.12.9/lib/python3.12/site-packages/airflow/example_dags/example_dynamic_task_mapping.py
[2025-02-28T20:19:19.974+0200] {processor.py:914} INFO - Processing file /Users/nampham/.pyenv/versions/3.12.9/lib/python3.12/site-packages/airflow/example_dags/example_dynamic_task_mapping.py for tasks to queue
[2025-02-28T20:19:19.975+0200] {logging_mixin.py:190} INFO - [2025-02-28T20:19:19.975+0200] {dagbag.py:588} INFO - Filling up the DagBag from /Users/nampham/.pyenv/versions/3.12.9/lib/python3.12/site-packages/airflow/example_dags/example_dynamic_task_mapping.py
[2025-02-28T20:19:20.017+0200] {processor.py:925} INFO - DAG(s) 'example_dynamic_task_mapping' retrieved from /Users/nampham/.pyenv/versions/3.12.9/lib/python3.12/site-packages/airflow/example_dags/example_dynamic_task_mapping.py
[2025-02-28T20:19:20.052+0200] {logging_mixin.py:190} INFO - [2025-02-28T20:19:20.052+0200] {dag.py:3239} INFO - Sync 1 DAGs
[2025-02-28T20:19:20.056+0200] {logging_mixin.py:190} INFO - [2025-02-28T20:19:20.056+0200] {dag.py:4180} INFO - Setting next_dagrun for example_dynamic_task_mapping to None, run_after=None
[2025-02-28T20:19:20.062+0200] {processor.py:208} INFO - Processing /Users/nampham/.pyenv/versions/3.12.9/lib/python3.12/site-packages/airflow/example_dags/example_dynamic_task_mapping.py took 0.091 seconds
[2025-02-28T20:21:58.765+0200] {processor.py:186} INFO - Started process (PID=162) to work on /Users/nampham/.pyenv/versions/3.12.9/lib/python3.12/site-packages/airflow/example_dags/example_dynamic_task_mapping.py
[2025-02-28T20:21:58.766+0200] {processor.py:914} INFO - Processing file /Users/nampham/.pyenv/versions/3.12.9/lib/python3.12/site-packages/airflow/example_dags/example_dynamic_task_mapping.py for tasks to queue
[2025-02-28T20:21:58.766+0200] {logging_mixin.py:190} INFO - [2025-02-28T20:21:58.766+0200] {dagbag.py:588} INFO - Filling up the DagBag from /Users/nampham/.pyenv/versions/3.12.9/lib/python3.12/site-packages/airflow/example_dags/example_dynamic_task_mapping.py
[2025-02-28T20:21:58.803+0200] {processor.py:925} INFO - DAG(s) 'example_dynamic_task_mapping' retrieved from /Users/nampham/.pyenv/versions/3.12.9/lib/python3.12/site-packages/airflow/example_dags/example_dynamic_task_mapping.py
[2025-02-28T20:21:58.836+0200] {logging_mixin.py:190} INFO - [2025-02-28T20:21:58.836+0200] {dag.py:3239} INFO - Sync 1 DAGs
[2025-02-28T20:21:58.839+0200] {logging_mixin.py:190} INFO - [2025-02-28T20:21:58.839+0200] {dag.py:4180} INFO - Setting next_dagrun for example_dynamic_task_mapping to None, run_after=None
[2025-02-28T20:21:58.846+0200] {processor.py:208} INFO - Processing /Users/nampham/.pyenv/versions/3.12.9/lib/python3.12/site-packages/airflow/example_dags/example_dynamic_task_mapping.py took 0.082 seconds
[2025-02-28T21:28:31.511+0200] {processor.py:186} INFO - Started process (PID=5672) to work on /Users/nampham/.pyenv/versions/3.12.9/lib/python3.12/site-packages/airflow/example_dags/example_dynamic_task_mapping.py
[2025-02-28T21:28:31.512+0200] {processor.py:914} INFO - Processing file /Users/nampham/.pyenv/versions/3.12.9/lib/python3.12/site-packages/airflow/example_dags/example_dynamic_task_mapping.py for tasks to queue
[2025-02-28T21:28:31.512+0200] {logging_mixin.py:190} INFO - [2025-02-28T21:28:31.512+0200] {dagbag.py:588} INFO - Filling up the DagBag from /Users/nampham/.pyenv/versions/3.12.9/lib/python3.12/site-packages/airflow/example_dags/example_dynamic_task_mapping.py
[2025-02-28T21:28:31.549+0200] {processor.py:925} INFO - DAG(s) 'example_dynamic_task_mapping' retrieved from /Users/nampham/.pyenv/versions/3.12.9/lib/python3.12/site-packages/airflow/example_dags/example_dynamic_task_mapping.py
[2025-02-28T21:28:31.582+0200] {logging_mixin.py:190} INFO - [2025-02-28T21:28:31.582+0200] {dag.py:3239} INFO - Sync 1 DAGs
[2025-02-28T21:28:31.586+0200] {logging_mixin.py:190} INFO - [2025-02-28T21:28:31.586+0200] {dag.py:4180} INFO - Setting next_dagrun for example_dynamic_task_mapping to None, run_after=None
[2025-02-28T21:28:31.592+0200] {processor.py:208} INFO - Processing /Users/nampham/.pyenv/versions/3.12.9/lib/python3.12/site-packages/airflow/example_dags/example_dynamic_task_mapping.py took 0.082 seconds
[2025-02-28T21:31:17.202+0200] {processor.py:186} INFO - Started process (PID=6321) to work on /Users/nampham/.pyenv/versions/3.12.9/lib/python3.12/site-packages/airflow/example_dags/example_dynamic_task_mapping.py
[2025-02-28T21:31:17.203+0200] {processor.py:914} INFO - Processing file /Users/nampham/.pyenv/versions/3.12.9/lib/python3.12/site-packages/airflow/example_dags/example_dynamic_task_mapping.py for tasks to queue
[2025-02-28T21:31:17.203+0200] {logging_mixin.py:190} INFO - [2025-02-28T21:31:17.203+0200] {dagbag.py:588} INFO - Filling up the DagBag from /Users/nampham/.pyenv/versions/3.12.9/lib/python3.12/site-packages/airflow/example_dags/example_dynamic_task_mapping.py
[2025-02-28T21:31:17.248+0200] {processor.py:925} INFO - DAG(s) 'example_dynamic_task_mapping' retrieved from /Users/nampham/.pyenv/versions/3.12.9/lib/python3.12/site-packages/airflow/example_dags/example_dynamic_task_mapping.py
[2025-02-28T21:31:17.293+0200] {logging_mixin.py:190} INFO - [2025-02-28T21:31:17.293+0200] {dag.py:3239} INFO - Sync 1 DAGs
[2025-02-28T21:31:17.297+0200] {logging_mixin.py:190} INFO - [2025-02-28T21:31:17.297+0200] {dag.py:4180} INFO - Setting next_dagrun for example_dynamic_task_mapping to None, run_after=None
[2025-02-28T21:31:17.303+0200] {processor.py:208} INFO - Processing /Users/nampham/.pyenv/versions/3.12.9/lib/python3.12/site-packages/airflow/example_dags/example_dynamic_task_mapping.py took 0.103 seconds
[2025-02-28T21:33:54.376+0200] {processor.py:186} INFO - Started process (PID=7147) to work on /Users/nampham/.pyenv/versions/3.12.9/lib/python3.12/site-packages/airflow/example_dags/example_dynamic_task_mapping.py
[2025-02-28T21:33:54.377+0200] {processor.py:914} INFO - Processing file /Users/nampham/.pyenv/versions/3.12.9/lib/python3.12/site-packages/airflow/example_dags/example_dynamic_task_mapping.py for tasks to queue
[2025-02-28T21:33:54.378+0200] {logging_mixin.py:190} INFO - [2025-02-28T21:33:54.378+0200] {dagbag.py:588} INFO - Filling up the DagBag from /Users/nampham/.pyenv/versions/3.12.9/lib/python3.12/site-packages/airflow/example_dags/example_dynamic_task_mapping.py
[2025-02-28T21:33:54.421+0200] {processor.py:925} INFO - DAG(s) 'example_dynamic_task_mapping' retrieved from /Users/nampham/.pyenv/versions/3.12.9/lib/python3.12/site-packages/airflow/example_dags/example_dynamic_task_mapping.py
[2025-02-28T21:33:54.457+0200] {logging_mixin.py:190} INFO - [2025-02-28T21:33:54.457+0200] {dag.py:3239} INFO - Sync 1 DAGs
[2025-02-28T21:33:54.461+0200] {logging_mixin.py:190} INFO - [2025-02-28T21:33:54.461+0200] {dag.py:4180} INFO - Setting next_dagrun for example_dynamic_task_mapping to None, run_after=None
[2025-02-28T21:33:54.468+0200] {processor.py:208} INFO - Processing /Users/nampham/.pyenv/versions/3.12.9/lib/python3.12/site-packages/airflow/example_dags/example_dynamic_task_mapping.py took 0.093 seconds
[2025-02-28T21:37:42.207+0200] {processor.py:186} INFO - Started process (PID=8036) to work on /Users/nampham/.pyenv/versions/3.12.9/lib/python3.12/site-packages/airflow/example_dags/example_dynamic_task_mapping.py
[2025-02-28T21:37:42.208+0200] {processor.py:914} INFO - Processing file /Users/nampham/.pyenv/versions/3.12.9/lib/python3.12/site-packages/airflow/example_dags/example_dynamic_task_mapping.py for tasks to queue
[2025-02-28T21:37:42.208+0200] {logging_mixin.py:190} INFO - [2025-02-28T21:37:42.208+0200] {dagbag.py:588} INFO - Filling up the DagBag from /Users/nampham/.pyenv/versions/3.12.9/lib/python3.12/site-packages/airflow/example_dags/example_dynamic_task_mapping.py
[2025-02-28T21:37:42.252+0200] {processor.py:925} INFO - DAG(s) 'example_dynamic_task_mapping' retrieved from /Users/nampham/.pyenv/versions/3.12.9/lib/python3.12/site-packages/airflow/example_dags/example_dynamic_task_mapping.py
[2025-02-28T21:37:42.319+0200] {logging_mixin.py:190} INFO - [2025-02-28T21:37:42.318+0200] {override.py:1930} INFO - Created Permission View: can edit on DAG:example_dynamic_task_mapping
[2025-02-28T21:37:42.321+0200] {logging_mixin.py:190} INFO - [2025-02-28T21:37:42.321+0200] {override.py:1930} INFO - Created Permission View: can read on DAG:example_dynamic_task_mapping
[2025-02-28T21:37:42.323+0200] {logging_mixin.py:190} INFO - [2025-02-28T21:37:42.323+0200] {override.py:1930} INFO - Created Permission View: can delete on DAG:example_dynamic_task_mapping
[2025-02-28T21:37:42.326+0200] {logging_mixin.py:190} INFO - [2025-02-28T21:37:42.325+0200] {override.py:1930} INFO - Created Permission View: menu access on DAG Run:example_dynamic_task_mapping
[2025-02-28T21:37:42.327+0200] {logging_mixin.py:190} INFO - [2025-02-28T21:37:42.327+0200] {override.py:1930} INFO - Created Permission View: can create on DAG Run:example_dynamic_task_mapping
[2025-02-28T21:37:42.329+0200] {logging_mixin.py:190} INFO - [2025-02-28T21:37:42.329+0200] {override.py:1930} INFO - Created Permission View: can read on DAG Run:example_dynamic_task_mapping
[2025-02-28T21:37:42.331+0200] {logging_mixin.py:190} INFO - [2025-02-28T21:37:42.331+0200] {override.py:1930} INFO - Created Permission View: can delete on DAG Run:example_dynamic_task_mapping
[2025-02-28T21:37:42.331+0200] {logging_mixin.py:190} INFO - [2025-02-28T21:37:42.331+0200] {dag.py:3239} INFO - Sync 1 DAGs
[2025-02-28T21:37:42.335+0200] {logging_mixin.py:190} INFO - [2025-02-28T21:37:42.335+0200] {dag.py:3262} INFO - Creating ORM DAG for example_dynamic_task_mapping
[2025-02-28T21:37:42.336+0200] {logging_mixin.py:190} INFO - [2025-02-28T21:37:42.336+0200] {dag.py:4180} INFO - Setting next_dagrun for example_dynamic_task_mapping to None, run_after=None
[2025-02-28T21:37:42.341+0200] {processor.py:208} INFO - Processing /Users/nampham/.pyenv/versions/3.12.9/lib/python3.12/site-packages/airflow/example_dags/example_dynamic_task_mapping.py took 0.135 seconds
[2025-02-28T21:40:19.161+0200] {processor.py:186} INFO - Started process (PID=8648) to work on /Users/nampham/.pyenv/versions/3.12.9/lib/python3.12/site-packages/airflow/example_dags/example_dynamic_task_mapping.py
[2025-02-28T21:40:19.163+0200] {processor.py:914} INFO - Processing file /Users/nampham/.pyenv/versions/3.12.9/lib/python3.12/site-packages/airflow/example_dags/example_dynamic_task_mapping.py for tasks to queue
[2025-02-28T21:40:19.163+0200] {logging_mixin.py:190} INFO - [2025-02-28T21:40:19.163+0200] {dagbag.py:588} INFO - Filling up the DagBag from /Users/nampham/.pyenv/versions/3.12.9/lib/python3.12/site-packages/airflow/example_dags/example_dynamic_task_mapping.py
[2025-02-28T21:40:19.207+0200] {processor.py:925} INFO - DAG(s) 'example_dynamic_task_mapping' retrieved from /Users/nampham/.pyenv/versions/3.12.9/lib/python3.12/site-packages/airflow/example_dags/example_dynamic_task_mapping.py
[2025-02-28T21:40:19.245+0200] {logging_mixin.py:190} INFO - [2025-02-28T21:40:19.244+0200] {dag.py:3239} INFO - Sync 1 DAGs
[2025-02-28T21:40:19.249+0200] {logging_mixin.py:190} INFO - [2025-02-28T21:40:19.248+0200] {dag.py:4180} INFO - Setting next_dagrun for example_dynamic_task_mapping to None, run_after=None
[2025-02-28T21:40:19.255+0200] {processor.py:208} INFO - Processing /Users/nampham/.pyenv/versions/3.12.9/lib/python3.12/site-packages/airflow/example_dags/example_dynamic_task_mapping.py took 0.095 seconds
[2025-02-28T22:28:34.088+0200] {processor.py:186} INFO - Started process (PID=18254) to work on /Users/nampham/.pyenv/versions/3.12.9/lib/python3.12/site-packages/airflow/example_dags/example_dynamic_task_mapping.py
[2025-02-28T22:28:34.089+0200] {processor.py:914} INFO - Processing file /Users/nampham/.pyenv/versions/3.12.9/lib/python3.12/site-packages/airflow/example_dags/example_dynamic_task_mapping.py for tasks to queue
[2025-02-28T22:28:34.089+0200] {logging_mixin.py:190} INFO - [2025-02-28T22:28:34.089+0200] {dagbag.py:588} INFO - Filling up the DagBag from /Users/nampham/.pyenv/versions/3.12.9/lib/python3.12/site-packages/airflow/example_dags/example_dynamic_task_mapping.py
[2025-02-28T22:28:34.127+0200] {processor.py:925} INFO - DAG(s) 'example_dynamic_task_mapping' retrieved from /Users/nampham/.pyenv/versions/3.12.9/lib/python3.12/site-packages/airflow/example_dags/example_dynamic_task_mapping.py
[2025-02-28T22:28:34.191+0200] {logging_mixin.py:190} INFO - [2025-02-28T22:28:34.191+0200] {override.py:1930} INFO - Created Permission View: can read on DAG:example_dynamic_task_mapping
[2025-02-28T22:28:34.194+0200] {logging_mixin.py:190} INFO - [2025-02-28T22:28:34.194+0200] {override.py:1930} INFO - Created Permission View: can delete on DAG:example_dynamic_task_mapping
[2025-02-28T22:28:34.195+0200] {logging_mixin.py:190} INFO - [2025-02-28T22:28:34.195+0200] {override.py:1930} INFO - Created Permission View: can edit on DAG:example_dynamic_task_mapping
[2025-02-28T22:28:34.198+0200] {logging_mixin.py:190} INFO - [2025-02-28T22:28:34.198+0200] {override.py:1930} INFO - Created Permission View: can read on DAG Run:example_dynamic_task_mapping
[2025-02-28T22:28:34.200+0200] {logging_mixin.py:190} INFO - [2025-02-28T22:28:34.200+0200] {override.py:1930} INFO - Created Permission View: can delete on DAG Run:example_dynamic_task_mapping
[2025-02-28T22:28:34.202+0200] {logging_mixin.py:190} INFO - [2025-02-28T22:28:34.202+0200] {override.py:1930} INFO - Created Permission View: menu access on DAG Run:example_dynamic_task_mapping
[2025-02-28T22:28:34.203+0200] {logging_mixin.py:190} INFO - [2025-02-28T22:28:34.203+0200] {override.py:1930} INFO - Created Permission View: can create on DAG Run:example_dynamic_task_mapping
[2025-02-28T22:28:34.203+0200] {logging_mixin.py:190} INFO - [2025-02-28T22:28:34.203+0200] {dag.py:3239} INFO - Sync 1 DAGs
[2025-02-28T22:28:34.208+0200] {logging_mixin.py:190} INFO - [2025-02-28T22:28:34.208+0200] {dag.py:3262} INFO - Creating ORM DAG for example_dynamic_task_mapping
[2025-02-28T22:28:34.208+0200] {logging_mixin.py:190} INFO - [2025-02-28T22:28:34.208+0200] {dag.py:4180} INFO - Setting next_dagrun for example_dynamic_task_mapping to None, run_after=None
[2025-02-28T22:28:34.213+0200] {processor.py:208} INFO - Processing /Users/nampham/.pyenv/versions/3.12.9/lib/python3.12/site-packages/airflow/example_dags/example_dynamic_task_mapping.py took 0.126 seconds
[2025-02-28T22:36:38.551+0200] {processor.py:186} INFO - Started process (PID=19917) to work on /Users/nampham/.pyenv/versions/3.12.9/lib/python3.12/site-packages/airflow/example_dags/example_dynamic_task_mapping.py
[2025-02-28T22:36:38.552+0200] {processor.py:914} INFO - Processing file /Users/nampham/.pyenv/versions/3.12.9/lib/python3.12/site-packages/airflow/example_dags/example_dynamic_task_mapping.py for tasks to queue
[2025-02-28T22:36:38.552+0200] {logging_mixin.py:190} INFO - [2025-02-28T22:36:38.552+0200] {dagbag.py:588} INFO - Filling up the DagBag from /Users/nampham/.pyenv/versions/3.12.9/lib/python3.12/site-packages/airflow/example_dags/example_dynamic_task_mapping.py
[2025-02-28T22:36:38.597+0200] {processor.py:925} INFO - DAG(s) 'example_dynamic_task_mapping' retrieved from /Users/nampham/.pyenv/versions/3.12.9/lib/python3.12/site-packages/airflow/example_dags/example_dynamic_task_mapping.py
[2025-02-28T22:36:38.664+0200] {logging_mixin.py:190} INFO - [2025-02-28T22:36:38.663+0200] {override.py:1930} INFO - Created Permission View: can delete on DAG:example_dynamic_task_mapping
[2025-02-28T22:36:38.666+0200] {logging_mixin.py:190} INFO - [2025-02-28T22:36:38.666+0200] {override.py:1930} INFO - Created Permission View: can read on DAG:example_dynamic_task_mapping
[2025-02-28T22:36:38.668+0200] {logging_mixin.py:190} INFO - [2025-02-28T22:36:38.668+0200] {override.py:1930} INFO - Created Permission View: can edit on DAG:example_dynamic_task_mapping
[2025-02-28T22:36:38.671+0200] {logging_mixin.py:190} INFO - [2025-02-28T22:36:38.670+0200] {override.py:1930} INFO - Created Permission View: menu access on DAG Run:example_dynamic_task_mapping
[2025-02-28T22:36:38.672+0200] {logging_mixin.py:190} INFO - [2025-02-28T22:36:38.672+0200] {override.py:1930} INFO - Created Permission View: can delete on DAG Run:example_dynamic_task_mapping
[2025-02-28T22:36:38.674+0200] {logging_mixin.py:190} INFO - [2025-02-28T22:36:38.674+0200] {override.py:1930} INFO - Created Permission View: can read on DAG Run:example_dynamic_task_mapping
[2025-02-28T22:36:38.676+0200] {logging_mixin.py:190} INFO - [2025-02-28T22:36:38.676+0200] {override.py:1930} INFO - Created Permission View: can create on DAG Run:example_dynamic_task_mapping
[2025-02-28T22:36:38.676+0200] {logging_mixin.py:190} INFO - [2025-02-28T22:36:38.676+0200] {dag.py:3239} INFO - Sync 1 DAGs
[2025-02-28T22:36:38.680+0200] {logging_mixin.py:190} INFO - [2025-02-28T22:36:38.680+0200] {dag.py:3262} INFO - Creating ORM DAG for example_dynamic_task_mapping
[2025-02-28T22:36:38.681+0200] {logging_mixin.py:190} INFO - [2025-02-28T22:36:38.681+0200] {dag.py:4180} INFO - Setting next_dagrun for example_dynamic_task_mapping to None, run_after=None
[2025-02-28T22:36:38.686+0200] {processor.py:208} INFO - Processing /Users/nampham/.pyenv/versions/3.12.9/lib/python3.12/site-packages/airflow/example_dags/example_dynamic_task_mapping.py took 0.136 seconds
[2025-02-28T22:39:35.393+0200] {processor.py:186} INFO - Started process (PID=20540) to work on /Users/nampham/.pyenv/versions/3.12.9/lib/python3.12/site-packages/airflow/example_dags/example_dynamic_task_mapping.py
[2025-02-28T22:39:35.394+0200] {processor.py:914} INFO - Processing file /Users/nampham/.pyenv/versions/3.12.9/lib/python3.12/site-packages/airflow/example_dags/example_dynamic_task_mapping.py for tasks to queue
[2025-02-28T22:39:35.394+0200] {logging_mixin.py:190} INFO - [2025-02-28T22:39:35.394+0200] {dagbag.py:588} INFO - Filling up the DagBag from /Users/nampham/.pyenv/versions/3.12.9/lib/python3.12/site-packages/airflow/example_dags/example_dynamic_task_mapping.py
[2025-02-28T22:39:35.431+0200] {processor.py:925} INFO - DAG(s) 'example_dynamic_task_mapping' retrieved from /Users/nampham/.pyenv/versions/3.12.9/lib/python3.12/site-packages/airflow/example_dags/example_dynamic_task_mapping.py
[2025-02-28T22:39:35.464+0200] {logging_mixin.py:190} INFO - [2025-02-28T22:39:35.463+0200] {dag.py:3239} INFO - Sync 1 DAGs
[2025-02-28T22:39:35.467+0200] {logging_mixin.py:190} INFO - [2025-02-28T22:39:35.467+0200] {dag.py:4180} INFO - Setting next_dagrun for example_dynamic_task_mapping to None, run_after=None
[2025-02-28T22:39:35.473+0200] {processor.py:208} INFO - Processing /Users/nampham/.pyenv/versions/3.12.9/lib/python3.12/site-packages/airflow/example_dags/example_dynamic_task_mapping.py took 0.082 seconds
[2025-02-28T22:42:22.390+0200] {processor.py:186} INFO - Started process (PID=21089) to work on /Users/nampham/.pyenv/versions/3.12.9/lib/python3.12/site-packages/airflow/example_dags/example_dynamic_task_mapping.py
[2025-02-28T22:42:22.391+0200] {processor.py:914} INFO - Processing file /Users/nampham/.pyenv/versions/3.12.9/lib/python3.12/site-packages/airflow/example_dags/example_dynamic_task_mapping.py for tasks to queue
[2025-02-28T22:42:22.392+0200] {logging_mixin.py:190} INFO - [2025-02-28T22:42:22.391+0200] {dagbag.py:588} INFO - Filling up the DagBag from /Users/nampham/.pyenv/versions/3.12.9/lib/python3.12/site-packages/airflow/example_dags/example_dynamic_task_mapping.py
[2025-02-28T22:42:22.428+0200] {processor.py:925} INFO - DAG(s) 'example_dynamic_task_mapping' retrieved from /Users/nampham/.pyenv/versions/3.12.9/lib/python3.12/site-packages/airflow/example_dags/example_dynamic_task_mapping.py
[2025-02-28T22:42:22.462+0200] {logging_mixin.py:190} INFO - [2025-02-28T22:42:22.462+0200] {dag.py:3239} INFO - Sync 1 DAGs
[2025-02-28T22:42:22.465+0200] {logging_mixin.py:190} INFO - [2025-02-28T22:42:22.465+0200] {dag.py:4180} INFO - Setting next_dagrun for example_dynamic_task_mapping to None, run_after=None
[2025-02-28T22:42:22.472+0200] {processor.py:208} INFO - Processing /Users/nampham/.pyenv/versions/3.12.9/lib/python3.12/site-packages/airflow/example_dags/example_dynamic_task_mapping.py took 0.083 seconds
[2025-02-28T22:44:55.834+0200] {processor.py:186} INFO - Started process (PID=21659) to work on /Users/nampham/.pyenv/versions/3.12.9/lib/python3.12/site-packages/airflow/example_dags/example_dynamic_task_mapping.py
[2025-02-28T22:44:55.835+0200] {processor.py:914} INFO - Processing file /Users/nampham/.pyenv/versions/3.12.9/lib/python3.12/site-packages/airflow/example_dags/example_dynamic_task_mapping.py for tasks to queue
[2025-02-28T22:44:55.835+0200] {logging_mixin.py:190} INFO - [2025-02-28T22:44:55.835+0200] {dagbag.py:588} INFO - Filling up the DagBag from /Users/nampham/.pyenv/versions/3.12.9/lib/python3.12/site-packages/airflow/example_dags/example_dynamic_task_mapping.py
[2025-02-28T22:44:55.872+0200] {processor.py:925} INFO - DAG(s) 'example_dynamic_task_mapping' retrieved from /Users/nampham/.pyenv/versions/3.12.9/lib/python3.12/site-packages/airflow/example_dags/example_dynamic_task_mapping.py
[2025-02-28T22:44:55.905+0200] {logging_mixin.py:190} INFO - [2025-02-28T22:44:55.905+0200] {dag.py:3239} INFO - Sync 1 DAGs
[2025-02-28T22:44:55.908+0200] {logging_mixin.py:190} INFO - [2025-02-28T22:44:55.908+0200] {dag.py:4180} INFO - Setting next_dagrun for example_dynamic_task_mapping to None, run_after=None
[2025-02-28T22:44:55.914+0200] {processor.py:208} INFO - Processing /Users/nampham/.pyenv/versions/3.12.9/lib/python3.12/site-packages/airflow/example_dags/example_dynamic_task_mapping.py took 0.082 seconds
[2025-02-28T22:47:09.855+0200] {processor.py:186} INFO - Started process (PID=22103) to work on /Users/nampham/.pyenv/versions/3.12.9/lib/python3.12/site-packages/airflow/example_dags/example_dynamic_task_mapping.py
[2025-02-28T22:47:09.857+0200] {processor.py:914} INFO - Processing file /Users/nampham/.pyenv/versions/3.12.9/lib/python3.12/site-packages/airflow/example_dags/example_dynamic_task_mapping.py for tasks to queue
[2025-02-28T22:47:09.857+0200] {logging_mixin.py:190} INFO - [2025-02-28T22:47:09.857+0200] {dagbag.py:588} INFO - Filling up the DagBag from /Users/nampham/.pyenv/versions/3.12.9/lib/python3.12/site-packages/airflow/example_dags/example_dynamic_task_mapping.py
[2025-02-28T22:47:09.894+0200] {processor.py:925} INFO - DAG(s) 'example_dynamic_task_mapping' retrieved from /Users/nampham/.pyenv/versions/3.12.9/lib/python3.12/site-packages/airflow/example_dags/example_dynamic_task_mapping.py
[2025-02-28T22:47:09.926+0200] {logging_mixin.py:190} INFO - [2025-02-28T22:47:09.926+0200] {dag.py:3239} INFO - Sync 1 DAGs
[2025-02-28T22:47:09.930+0200] {logging_mixin.py:190} INFO - [2025-02-28T22:47:09.930+0200] {dag.py:4180} INFO - Setting next_dagrun for example_dynamic_task_mapping to None, run_after=None
[2025-02-28T22:47:09.936+0200] {processor.py:208} INFO - Processing /Users/nampham/.pyenv/versions/3.12.9/lib/python3.12/site-packages/airflow/example_dags/example_dynamic_task_mapping.py took 0.082 seconds
[2025-02-28T22:55:41.525+0200] {processor.py:186} INFO - Started process (PID=22909) to work on /Users/nampham/.pyenv/versions/3.12.9/lib/python3.12/site-packages/airflow/example_dags/example_dynamic_task_mapping.py
[2025-02-28T22:55:41.526+0200] {processor.py:914} INFO - Processing file /Users/nampham/.pyenv/versions/3.12.9/lib/python3.12/site-packages/airflow/example_dags/example_dynamic_task_mapping.py for tasks to queue
[2025-02-28T22:55:41.527+0200] {logging_mixin.py:190} INFO - [2025-02-28T22:55:41.527+0200] {dagbag.py:588} INFO - Filling up the DagBag from /Users/nampham/.pyenv/versions/3.12.9/lib/python3.12/site-packages/airflow/example_dags/example_dynamic_task_mapping.py
[2025-02-28T22:55:41.563+0200] {processor.py:925} INFO - DAG(s) 'example_dynamic_task_mapping' retrieved from /Users/nampham/.pyenv/versions/3.12.9/lib/python3.12/site-packages/airflow/example_dags/example_dynamic_task_mapping.py
[2025-02-28T22:55:41.597+0200] {logging_mixin.py:190} INFO - [2025-02-28T22:55:41.597+0200] {dag.py:3239} INFO - Sync 1 DAGs
[2025-02-28T22:55:41.600+0200] {logging_mixin.py:190} INFO - [2025-02-28T22:55:41.600+0200] {dag.py:4180} INFO - Setting next_dagrun for example_dynamic_task_mapping to None, run_after=None
[2025-02-28T22:55:41.606+0200] {processor.py:208} INFO - Processing /Users/nampham/.pyenv/versions/3.12.9/lib/python3.12/site-packages/airflow/example_dags/example_dynamic_task_mapping.py took 0.083 seconds
[2025-02-28T22:58:26.997+0200] {processor.py:186} INFO - Started process (PID=23443) to work on /Users/nampham/.pyenv/versions/3.12.9/lib/python3.12/site-packages/airflow/example_dags/example_dynamic_task_mapping.py
[2025-02-28T22:58:26.998+0200] {processor.py:914} INFO - Processing file /Users/nampham/.pyenv/versions/3.12.9/lib/python3.12/site-packages/airflow/example_dags/example_dynamic_task_mapping.py for tasks to queue
[2025-02-28T22:58:26.998+0200] {logging_mixin.py:190} INFO - [2025-02-28T22:58:26.998+0200] {dagbag.py:588} INFO - Filling up the DagBag from /Users/nampham/.pyenv/versions/3.12.9/lib/python3.12/site-packages/airflow/example_dags/example_dynamic_task_mapping.py
[2025-02-28T22:58:27.036+0200] {processor.py:925} INFO - DAG(s) 'example_dynamic_task_mapping' retrieved from /Users/nampham/.pyenv/versions/3.12.9/lib/python3.12/site-packages/airflow/example_dags/example_dynamic_task_mapping.py
[2025-02-28T22:58:27.069+0200] {logging_mixin.py:190} INFO - [2025-02-28T22:58:27.068+0200] {dag.py:3239} INFO - Sync 1 DAGs
[2025-02-28T22:58:27.072+0200] {logging_mixin.py:190} INFO - [2025-02-28T22:58:27.072+0200] {dag.py:4180} INFO - Setting next_dagrun for example_dynamic_task_mapping to None, run_after=None
[2025-02-28T22:58:27.078+0200] {processor.py:208} INFO - Processing /Users/nampham/.pyenv/versions/3.12.9/lib/python3.12/site-packages/airflow/example_dags/example_dynamic_task_mapping.py took 0.082 seconds
[2025-02-28T23:01:24.665+0200] {processor.py:186} INFO - Started process (PID=24052) to work on /Users/nampham/.pyenv/versions/3.12.9/lib/python3.12/site-packages/airflow/example_dags/example_dynamic_task_mapping.py
[2025-02-28T23:01:24.666+0200] {processor.py:914} INFO - Processing file /Users/nampham/.pyenv/versions/3.12.9/lib/python3.12/site-packages/airflow/example_dags/example_dynamic_task_mapping.py for tasks to queue
[2025-02-28T23:01:24.666+0200] {logging_mixin.py:190} INFO - [2025-02-28T23:01:24.666+0200] {dagbag.py:588} INFO - Filling up the DagBag from /Users/nampham/.pyenv/versions/3.12.9/lib/python3.12/site-packages/airflow/example_dags/example_dynamic_task_mapping.py
[2025-02-28T23:01:24.703+0200] {processor.py:925} INFO - DAG(s) 'example_dynamic_task_mapping' retrieved from /Users/nampham/.pyenv/versions/3.12.9/lib/python3.12/site-packages/airflow/example_dags/example_dynamic_task_mapping.py
[2025-02-28T23:01:24.735+0200] {logging_mixin.py:190} INFO - [2025-02-28T23:01:24.735+0200] {dag.py:3239} INFO - Sync 1 DAGs
[2025-02-28T23:01:24.739+0200] {logging_mixin.py:190} INFO - [2025-02-28T23:01:24.739+0200] {dag.py:4180} INFO - Setting next_dagrun for example_dynamic_task_mapping to None, run_after=None
[2025-02-28T23:01:24.745+0200] {processor.py:208} INFO - Processing /Users/nampham/.pyenv/versions/3.12.9/lib/python3.12/site-packages/airflow/example_dags/example_dynamic_task_mapping.py took 0.081 seconds
