[2025-02-28T18:24:51.205+0200] {processor.py:186} INFO - Started process (PID=93165) to work on /Users/nampham/.pyenv/versions/3.12.9/lib/python3.12/site-packages/airflow/example_dags/example_task_group.py
[2025-02-28T18:24:51.206+0200] {processor.py:914} INFO - Processing file /Users/nampham/.pyenv/versions/3.12.9/lib/python3.12/site-packages/airflow/example_dags/example_task_group.py for tasks to queue
[2025-02-28T18:24:51.206+0200] {logging_mixin.py:190} INFO - [2025-02-28T18:24:51.206+0200] {dagbag.py:588} INFO - Filling up the DagBag from /Users/nampham/.pyenv/versions/3.12.9/lib/python3.12/site-packages/airflow/example_dags/example_task_group.py
[2025-02-28T18:24:51.211+0200] {processor.py:925} INFO - DAG(s) 'example_task_group' retrieved from /Users/nampham/.pyenv/versions/3.12.9/lib/python3.12/site-packages/airflow/example_dags/example_task_group.py
[2025-02-28T18:24:51.303+0200] {logging_mixin.py:190} INFO - [2025-02-28T18:24:51.302+0200] {override.py:1930} INFO - Created Permission View: can delete on DAG:example_task_group
[2025-02-28T18:24:51.306+0200] {logging_mixin.py:190} INFO - [2025-02-28T18:24:51.306+0200] {override.py:1930} INFO - Created Permission View: can read on DAG:example_task_group
[2025-02-28T18:24:51.308+0200] {logging_mixin.py:190} INFO - [2025-02-28T18:24:51.307+0200] {override.py:1930} INFO - Created Permission View: can edit on DAG:example_task_group
[2025-02-28T18:24:51.310+0200] {logging_mixin.py:190} INFO - [2025-02-28T18:24:51.310+0200] {override.py:1930} INFO - Created Permission View: can delete on DAG Run:example_task_group
[2025-02-28T18:24:51.312+0200] {logging_mixin.py:190} INFO - [2025-02-28T18:24:51.312+0200] {override.py:1930} INFO - Created Permission View: can read on DAG Run:example_task_group
[2025-02-28T18:24:51.314+0200] {logging_mixin.py:190} INFO - [2025-02-28T18:24:51.313+0200] {override.py:1930} INFO - Created Permission View: menu access on DAG Run:example_task_group
[2025-02-28T18:24:51.315+0200] {logging_mixin.py:190} INFO - [2025-02-28T18:24:51.315+0200] {override.py:1930} INFO - Created Permission View: can create on DAG Run:example_task_group
[2025-02-28T18:24:51.316+0200] {logging_mixin.py:190} INFO - [2025-02-28T18:24:51.315+0200] {dag.py:3239} INFO - Sync 1 DAGs
[2025-02-28T18:24:51.319+0200] {logging_mixin.py:190} INFO - [2025-02-28T18:24:51.319+0200] {dag.py:3262} INFO - Creating ORM DAG for example_task_group
[2025-02-28T18:24:51.319+0200] {logging_mixin.py:190} INFO - [2025-02-28T18:24:51.319+0200] {dag.py:4180} INFO - Setting next_dagrun for example_task_group to None, run_after=None
[2025-02-28T18:24:51.325+0200] {processor.py:208} INFO - Processing /Users/nampham/.pyenv/versions/3.12.9/lib/python3.12/site-packages/airflow/example_dags/example_task_group.py took 0.121 seconds
[2025-02-28T18:26:39.358+0200] {processor.py:186} INFO - Started process (PID=93627) to work on /Users/nampham/.pyenv/versions/3.12.9/lib/python3.12/site-packages/airflow/example_dags/example_task_group.py
[2025-02-28T18:26:39.359+0200] {processor.py:914} INFO - Processing file /Users/nampham/.pyenv/versions/3.12.9/lib/python3.12/site-packages/airflow/example_dags/example_task_group.py for tasks to queue
[2025-02-28T18:26:39.359+0200] {logging_mixin.py:190} INFO - [2025-02-28T18:26:39.359+0200] {dagbag.py:588} INFO - Filling up the DagBag from /Users/nampham/.pyenv/versions/3.12.9/lib/python3.12/site-packages/airflow/example_dags/example_task_group.py
[2025-02-28T18:26:39.363+0200] {processor.py:925} INFO - DAG(s) 'example_task_group' retrieved from /Users/nampham/.pyenv/versions/3.12.9/lib/python3.12/site-packages/airflow/example_dags/example_task_group.py
[2025-02-28T18:26:39.423+0200] {logging_mixin.py:190} INFO - [2025-02-28T18:26:39.423+0200] {dag.py:3239} INFO - Sync 1 DAGs
[2025-02-28T18:26:39.428+0200] {logging_mixin.py:190} INFO - [2025-02-28T18:26:39.428+0200] {dag.py:4180} INFO - Setting next_dagrun for example_task_group to None, run_after=None
[2025-02-28T18:26:39.434+0200] {processor.py:208} INFO - Processing /Users/nampham/.pyenv/versions/3.12.9/lib/python3.12/site-packages/airflow/example_dags/example_task_group.py took 0.078 seconds
[2025-02-28T18:27:59.684+0200] {processor.py:186} INFO - Started process (PID=93937) to work on /Users/nampham/.pyenv/versions/3.12.9/lib/python3.12/site-packages/airflow/example_dags/example_task_group.py
[2025-02-28T18:27:59.685+0200] {processor.py:914} INFO - Processing file /Users/nampham/.pyenv/versions/3.12.9/lib/python3.12/site-packages/airflow/example_dags/example_task_group.py for tasks to queue
[2025-02-28T18:27:59.685+0200] {logging_mixin.py:190} INFO - [2025-02-28T18:27:59.685+0200] {dagbag.py:588} INFO - Filling up the DagBag from /Users/nampham/.pyenv/versions/3.12.9/lib/python3.12/site-packages/airflow/example_dags/example_task_group.py
[2025-02-28T18:27:59.689+0200] {processor.py:925} INFO - DAG(s) 'example_task_group' retrieved from /Users/nampham/.pyenv/versions/3.12.9/lib/python3.12/site-packages/airflow/example_dags/example_task_group.py
[2025-02-28T18:27:59.747+0200] {logging_mixin.py:190} INFO - [2025-02-28T18:27:59.746+0200] {dag.py:3239} INFO - Sync 1 DAGs
[2025-02-28T18:27:59.751+0200] {logging_mixin.py:190} INFO - [2025-02-28T18:27:59.751+0200] {dag.py:4180} INFO - Setting next_dagrun for example_task_group to None, run_after=None
[2025-02-28T18:27:59.757+0200] {processor.py:208} INFO - Processing /Users/nampham/.pyenv/versions/3.12.9/lib/python3.12/site-packages/airflow/example_dags/example_task_group.py took 0.074 seconds
[2025-02-28T18:29:21.801+0200] {processor.py:186} INFO - Started process (PID=94279) to work on /Users/nampham/.pyenv/versions/3.12.9/lib/python3.12/site-packages/airflow/example_dags/example_task_group.py
[2025-02-28T18:29:21.802+0200] {processor.py:914} INFO - Processing file /Users/nampham/.pyenv/versions/3.12.9/lib/python3.12/site-packages/airflow/example_dags/example_task_group.py for tasks to queue
[2025-02-28T18:29:21.803+0200] {logging_mixin.py:190} INFO - [2025-02-28T18:29:21.803+0200] {dagbag.py:588} INFO - Filling up the DagBag from /Users/nampham/.pyenv/versions/3.12.9/lib/python3.12/site-packages/airflow/example_dags/example_task_group.py
[2025-02-28T18:29:21.807+0200] {processor.py:925} INFO - DAG(s) 'example_task_group' retrieved from /Users/nampham/.pyenv/versions/3.12.9/lib/python3.12/site-packages/airflow/example_dags/example_task_group.py
[2025-02-28T18:29:21.876+0200] {logging_mixin.py:190} INFO - [2025-02-28T18:29:21.876+0200] {dag.py:3239} INFO - Sync 1 DAGs
[2025-02-28T18:29:21.880+0200] {logging_mixin.py:190} INFO - [2025-02-28T18:29:21.880+0200] {dag.py:4180} INFO - Setting next_dagrun for example_task_group to None, run_after=None
[2025-02-28T18:29:21.887+0200] {processor.py:208} INFO - Processing /Users/nampham/.pyenv/versions/3.12.9/lib/python3.12/site-packages/airflow/example_dags/example_task_group.py took 0.088 seconds
[2025-02-28T20:11:05.500+0200] {processor.py:186} INFO - Started process (PID=97275) to work on /Users/nampham/.pyenv/versions/3.12.9/lib/python3.12/site-packages/airflow/example_dags/example_task_group.py
[2025-02-28T20:11:05.500+0200] {processor.py:914} INFO - Processing file /Users/nampham/.pyenv/versions/3.12.9/lib/python3.12/site-packages/airflow/example_dags/example_task_group.py for tasks to queue
[2025-02-28T20:11:05.501+0200] {logging_mixin.py:190} INFO - [2025-02-28T20:11:05.501+0200] {dagbag.py:588} INFO - Filling up the DagBag from /Users/nampham/.pyenv/versions/3.12.9/lib/python3.12/site-packages/airflow/example_dags/example_task_group.py
[2025-02-28T20:11:05.506+0200] {processor.py:925} INFO - DAG(s) 'example_task_group' retrieved from /Users/nampham/.pyenv/versions/3.12.9/lib/python3.12/site-packages/airflow/example_dags/example_task_group.py
[2025-02-28T20:11:05.616+0200] {logging_mixin.py:190} INFO - [2025-02-28T20:11:05.615+0200] {dag.py:3239} INFO - Sync 1 DAGs
[2025-02-28T20:11:05.620+0200] {logging_mixin.py:190} INFO - [2025-02-28T20:11:05.619+0200] {dag.py:4180} INFO - Setting next_dagrun for example_task_group to None, run_after=None
[2025-02-28T20:11:05.627+0200] {processor.py:208} INFO - Processing /Users/nampham/.pyenv/versions/3.12.9/lib/python3.12/site-packages/airflow/example_dags/example_task_group.py took 0.129 seconds
[2025-02-28T20:12:53.886+0200] {processor.py:186} INFO - Started process (PID=97883) to work on /Users/nampham/.pyenv/versions/3.12.9/lib/python3.12/site-packages/airflow/example_dags/example_task_group.py
[2025-02-28T20:12:53.888+0200] {processor.py:914} INFO - Processing file /Users/nampham/.pyenv/versions/3.12.9/lib/python3.12/site-packages/airflow/example_dags/example_task_group.py for tasks to queue
[2025-02-28T20:12:53.889+0200] {logging_mixin.py:190} INFO - [2025-02-28T20:12:53.889+0200] {dagbag.py:588} INFO - Filling up the DagBag from /Users/nampham/.pyenv/versions/3.12.9/lib/python3.12/site-packages/airflow/example_dags/example_task_group.py
[2025-02-28T20:12:53.893+0200] {processor.py:925} INFO - DAG(s) 'example_task_group' retrieved from /Users/nampham/.pyenv/versions/3.12.9/lib/python3.12/site-packages/airflow/example_dags/example_task_group.py
[2025-02-28T20:12:53.954+0200] {logging_mixin.py:190} INFO - [2025-02-28T20:12:53.954+0200] {dag.py:3239} INFO - Sync 1 DAGs
[2025-02-28T20:12:53.959+0200] {logging_mixin.py:190} INFO - [2025-02-28T20:12:53.959+0200] {dag.py:4180} INFO - Setting next_dagrun for example_task_group to None, run_after=None
[2025-02-28T20:12:53.965+0200] {processor.py:208} INFO - Processing /Users/nampham/.pyenv/versions/3.12.9/lib/python3.12/site-packages/airflow/example_dags/example_task_group.py took 0.080 seconds
[2025-02-28T20:14:43.433+0200] {processor.py:186} INFO - Started process (PID=98332) to work on /Users/nampham/.pyenv/versions/3.12.9/lib/python3.12/site-packages/airflow/example_dags/example_task_group.py
[2025-02-28T20:14:43.434+0200] {processor.py:914} INFO - Processing file /Users/nampham/.pyenv/versions/3.12.9/lib/python3.12/site-packages/airflow/example_dags/example_task_group.py for tasks to queue
[2025-02-28T20:14:43.434+0200] {logging_mixin.py:190} INFO - [2025-02-28T20:14:43.434+0200] {dagbag.py:588} INFO - Filling up the DagBag from /Users/nampham/.pyenv/versions/3.12.9/lib/python3.12/site-packages/airflow/example_dags/example_task_group.py
[2025-02-28T20:14:43.438+0200] {processor.py:925} INFO - DAG(s) 'example_task_group' retrieved from /Users/nampham/.pyenv/versions/3.12.9/lib/python3.12/site-packages/airflow/example_dags/example_task_group.py
[2025-02-28T20:14:43.498+0200] {logging_mixin.py:190} INFO - [2025-02-28T20:14:43.497+0200] {dag.py:3239} INFO - Sync 1 DAGs
[2025-02-28T20:14:43.502+0200] {logging_mixin.py:190} INFO - [2025-02-28T20:14:43.502+0200] {dag.py:4180} INFO - Setting next_dagrun for example_task_group to None, run_after=None
[2025-02-28T20:14:43.508+0200] {processor.py:208} INFO - Processing /Users/nampham/.pyenv/versions/3.12.9/lib/python3.12/site-packages/airflow/example_dags/example_task_group.py took 0.077 seconds
[2025-02-28T20:16:03.491+0200] {processor.py:186} INFO - Started process (PID=98619) to work on /Users/nampham/.pyenv/versions/3.12.9/lib/python3.12/site-packages/airflow/example_dags/example_task_group.py
[2025-02-28T20:16:03.493+0200] {processor.py:914} INFO - Processing file /Users/nampham/.pyenv/versions/3.12.9/lib/python3.12/site-packages/airflow/example_dags/example_task_group.py for tasks to queue
[2025-02-28T20:16:03.493+0200] {logging_mixin.py:190} INFO - [2025-02-28T20:16:03.493+0200] {dagbag.py:588} INFO - Filling up the DagBag from /Users/nampham/.pyenv/versions/3.12.9/lib/python3.12/site-packages/airflow/example_dags/example_task_group.py
[2025-02-28T20:16:03.498+0200] {processor.py:925} INFO - DAG(s) 'example_task_group' retrieved from /Users/nampham/.pyenv/versions/3.12.9/lib/python3.12/site-packages/airflow/example_dags/example_task_group.py
[2025-02-28T20:16:03.559+0200] {logging_mixin.py:190} INFO - [2025-02-28T20:16:03.559+0200] {dag.py:3239} INFO - Sync 1 DAGs
[2025-02-28T20:16:03.563+0200] {logging_mixin.py:190} INFO - [2025-02-28T20:16:03.563+0200] {dag.py:4180} INFO - Setting next_dagrun for example_task_group to None, run_after=None
[2025-02-28T20:16:03.570+0200] {processor.py:208} INFO - Processing /Users/nampham/.pyenv/versions/3.12.9/lib/python3.12/site-packages/airflow/example_dags/example_task_group.py took 0.080 seconds
[2025-02-28T20:17:19.407+0200] {processor.py:186} INFO - Started process (PID=98906) to work on /Users/nampham/.pyenv/versions/3.12.9/lib/python3.12/site-packages/airflow/example_dags/example_task_group.py
[2025-02-28T20:17:19.409+0200] {processor.py:914} INFO - Processing file /Users/nampham/.pyenv/versions/3.12.9/lib/python3.12/site-packages/airflow/example_dags/example_task_group.py for tasks to queue
[2025-02-28T20:17:19.409+0200] {logging_mixin.py:190} INFO - [2025-02-28T20:17:19.409+0200] {dagbag.py:588} INFO - Filling up the DagBag from /Users/nampham/.pyenv/versions/3.12.9/lib/python3.12/site-packages/airflow/example_dags/example_task_group.py
[2025-02-28T20:17:19.413+0200] {processor.py:925} INFO - DAG(s) 'example_task_group' retrieved from /Users/nampham/.pyenv/versions/3.12.9/lib/python3.12/site-packages/airflow/example_dags/example_task_group.py
[2025-02-28T20:17:19.470+0200] {logging_mixin.py:190} INFO - [2025-02-28T20:17:19.470+0200] {dag.py:3239} INFO - Sync 1 DAGs
[2025-02-28T20:17:19.474+0200] {logging_mixin.py:190} INFO - [2025-02-28T20:17:19.474+0200] {dag.py:4180} INFO - Setting next_dagrun for example_task_group to None, run_after=None
[2025-02-28T20:17:19.480+0200] {processor.py:208} INFO - Processing /Users/nampham/.pyenv/versions/3.12.9/lib/python3.12/site-packages/airflow/example_dags/example_task_group.py took 0.074 seconds
[2025-02-28T20:18:33.322+0200] {processor.py:186} INFO - Started process (PID=99271) to work on /Users/nampham/.pyenv/versions/3.12.9/lib/python3.12/site-packages/airflow/example_dags/example_task_group.py
[2025-02-28T20:18:33.323+0200] {processor.py:914} INFO - Processing file /Users/nampham/.pyenv/versions/3.12.9/lib/python3.12/site-packages/airflow/example_dags/example_task_group.py for tasks to queue
[2025-02-28T20:18:33.324+0200] {logging_mixin.py:190} INFO - [2025-02-28T20:18:33.323+0200] {dagbag.py:588} INFO - Filling up the DagBag from /Users/nampham/.pyenv/versions/3.12.9/lib/python3.12/site-packages/airflow/example_dags/example_task_group.py
[2025-02-28T20:18:33.327+0200] {processor.py:925} INFO - DAG(s) 'example_task_group' retrieved from /Users/nampham/.pyenv/versions/3.12.9/lib/python3.12/site-packages/airflow/example_dags/example_task_group.py
[2025-02-28T20:18:33.385+0200] {logging_mixin.py:190} INFO - [2025-02-28T20:18:33.384+0200] {dag.py:3239} INFO - Sync 1 DAGs
[2025-02-28T20:18:33.389+0200] {logging_mixin.py:190} INFO - [2025-02-28T20:18:33.389+0200] {dag.py:4180} INFO - Setting next_dagrun for example_task_group to None, run_after=None
[2025-02-28T20:18:33.395+0200] {processor.py:208} INFO - Processing /Users/nampham/.pyenv/versions/3.12.9/lib/python3.12/site-packages/airflow/example_dags/example_task_group.py took 0.074 seconds
[2025-02-28T20:20:26.320+0200] {processor.py:186} INFO - Started process (PID=99706) to work on /Users/nampham/.pyenv/versions/3.12.9/lib/python3.12/site-packages/airflow/example_dags/example_task_group.py
[2025-02-28T20:20:26.321+0200] {processor.py:914} INFO - Processing file /Users/nampham/.pyenv/versions/3.12.9/lib/python3.12/site-packages/airflow/example_dags/example_task_group.py for tasks to queue
[2025-02-28T20:20:26.322+0200] {logging_mixin.py:190} INFO - [2025-02-28T20:20:26.322+0200] {dagbag.py:588} INFO - Filling up the DagBag from /Users/nampham/.pyenv/versions/3.12.9/lib/python3.12/site-packages/airflow/example_dags/example_task_group.py
[2025-02-28T20:20:26.325+0200] {processor.py:925} INFO - DAG(s) 'example_task_group' retrieved from /Users/nampham/.pyenv/versions/3.12.9/lib/python3.12/site-packages/airflow/example_dags/example_task_group.py
[2025-02-28T20:20:26.382+0200] {logging_mixin.py:190} INFO - [2025-02-28T20:20:26.382+0200] {dag.py:3239} INFO - Sync 1 DAGs
[2025-02-28T20:20:26.386+0200] {logging_mixin.py:190} INFO - [2025-02-28T20:20:26.386+0200] {dag.py:4180} INFO - Setting next_dagrun for example_task_group to None, run_after=None
[2025-02-28T20:20:26.393+0200] {processor.py:208} INFO - Processing /Users/nampham/.pyenv/versions/3.12.9/lib/python3.12/site-packages/airflow/example_dags/example_task_group.py took 0.074 seconds
[2025-02-28T20:21:46.649+0200] {processor.py:186} INFO - Started process (PID=118) to work on /Users/nampham/.pyenv/versions/3.12.9/lib/python3.12/site-packages/airflow/example_dags/example_task_group.py
[2025-02-28T20:21:46.650+0200] {processor.py:914} INFO - Processing file /Users/nampham/.pyenv/versions/3.12.9/lib/python3.12/site-packages/airflow/example_dags/example_task_group.py for tasks to queue
[2025-02-28T20:21:46.650+0200] {logging_mixin.py:190} INFO - [2025-02-28T20:21:46.650+0200] {dagbag.py:588} INFO - Filling up the DagBag from /Users/nampham/.pyenv/versions/3.12.9/lib/python3.12/site-packages/airflow/example_dags/example_task_group.py
[2025-02-28T20:21:46.654+0200] {processor.py:925} INFO - DAG(s) 'example_task_group' retrieved from /Users/nampham/.pyenv/versions/3.12.9/lib/python3.12/site-packages/airflow/example_dags/example_task_group.py
[2025-02-28T20:21:46.730+0200] {logging_mixin.py:190} INFO - [2025-02-28T20:21:46.730+0200] {dag.py:3239} INFO - Sync 1 DAGs
[2025-02-28T20:21:46.735+0200] {logging_mixin.py:190} INFO - [2025-02-28T20:21:46.735+0200] {dag.py:4180} INFO - Setting next_dagrun for example_task_group to None, run_after=None
[2025-02-28T20:21:46.744+0200] {processor.py:208} INFO - Processing /Users/nampham/.pyenv/versions/3.12.9/lib/python3.12/site-packages/airflow/example_dags/example_task_group.py took 0.097 seconds
[2025-02-28T20:23:00.517+0200] {processor.py:186} INFO - Started process (PID=368) to work on /Users/nampham/.pyenv/versions/3.12.9/lib/python3.12/site-packages/airflow/example_dags/example_task_group.py
[2025-02-28T20:23:00.518+0200] {processor.py:914} INFO - Processing file /Users/nampham/.pyenv/versions/3.12.9/lib/python3.12/site-packages/airflow/example_dags/example_task_group.py for tasks to queue
[2025-02-28T20:23:00.518+0200] {logging_mixin.py:190} INFO - [2025-02-28T20:23:00.518+0200] {dagbag.py:588} INFO - Filling up the DagBag from /Users/nampham/.pyenv/versions/3.12.9/lib/python3.12/site-packages/airflow/example_dags/example_task_group.py
[2025-02-28T20:23:00.522+0200] {processor.py:925} INFO - DAG(s) 'example_task_group' retrieved from /Users/nampham/.pyenv/versions/3.12.9/lib/python3.12/site-packages/airflow/example_dags/example_task_group.py
[2025-02-28T20:23:00.579+0200] {logging_mixin.py:190} INFO - [2025-02-28T20:23:00.579+0200] {dag.py:3239} INFO - Sync 1 DAGs
[2025-02-28T20:23:00.583+0200] {logging_mixin.py:190} INFO - [2025-02-28T20:23:00.583+0200] {dag.py:4180} INFO - Setting next_dagrun for example_task_group to None, run_after=None
[2025-02-28T20:23:00.590+0200] {processor.py:208} INFO - Processing /Users/nampham/.pyenv/versions/3.12.9/lib/python3.12/site-packages/airflow/example_dags/example_task_group.py took 0.075 seconds
[2025-02-28T21:27:48.740+0200] {processor.py:186} INFO - Started process (PID=5497) to work on /Users/nampham/.pyenv/versions/3.12.9/lib/python3.12/site-packages/airflow/example_dags/example_task_group.py
[2025-02-28T21:27:48.740+0200] {processor.py:914} INFO - Processing file /Users/nampham/.pyenv/versions/3.12.9/lib/python3.12/site-packages/airflow/example_dags/example_task_group.py for tasks to queue
[2025-02-28T21:27:48.741+0200] {logging_mixin.py:190} INFO - [2025-02-28T21:27:48.741+0200] {dagbag.py:588} INFO - Filling up the DagBag from /Users/nampham/.pyenv/versions/3.12.9/lib/python3.12/site-packages/airflow/example_dags/example_task_group.py
[2025-02-28T21:27:48.745+0200] {processor.py:925} INFO - DAG(s) 'example_task_group' retrieved from /Users/nampham/.pyenv/versions/3.12.9/lib/python3.12/site-packages/airflow/example_dags/example_task_group.py
[2025-02-28T21:27:48.802+0200] {logging_mixin.py:190} INFO - [2025-02-28T21:27:48.802+0200] {dag.py:3239} INFO - Sync 1 DAGs
[2025-02-28T21:27:48.807+0200] {logging_mixin.py:190} INFO - [2025-02-28T21:27:48.806+0200] {dag.py:4180} INFO - Setting next_dagrun for example_task_group to None, run_after=None
[2025-02-28T21:27:48.813+0200] {processor.py:208} INFO - Processing /Users/nampham/.pyenv/versions/3.12.9/lib/python3.12/site-packages/airflow/example_dags/example_task_group.py took 0.074 seconds
[2025-02-28T21:30:34.218+0200] {processor.py:186} INFO - Started process (PID=6158) to work on /Users/nampham/.pyenv/versions/3.12.9/lib/python3.12/site-packages/airflow/example_dags/example_task_group.py
[2025-02-28T21:30:34.219+0200] {processor.py:914} INFO - Processing file /Users/nampham/.pyenv/versions/3.12.9/lib/python3.12/site-packages/airflow/example_dags/example_task_group.py for tasks to queue
[2025-02-28T21:30:34.220+0200] {logging_mixin.py:190} INFO - [2025-02-28T21:30:34.220+0200] {dagbag.py:588} INFO - Filling up the DagBag from /Users/nampham/.pyenv/versions/3.12.9/lib/python3.12/site-packages/airflow/example_dags/example_task_group.py
[2025-02-28T21:30:34.224+0200] {processor.py:925} INFO - DAG(s) 'example_task_group' retrieved from /Users/nampham/.pyenv/versions/3.12.9/lib/python3.12/site-packages/airflow/example_dags/example_task_group.py
[2025-02-28T21:30:34.281+0200] {logging_mixin.py:190} INFO - [2025-02-28T21:30:34.281+0200] {dag.py:3239} INFO - Sync 1 DAGs
[2025-02-28T21:30:34.285+0200] {logging_mixin.py:190} INFO - [2025-02-28T21:30:34.285+0200] {dag.py:4180} INFO - Setting next_dagrun for example_task_group to None, run_after=None
[2025-02-28T21:30:34.291+0200] {processor.py:208} INFO - Processing /Users/nampham/.pyenv/versions/3.12.9/lib/python3.12/site-packages/airflow/example_dags/example_task_group.py took 0.074 seconds
[2025-02-28T21:32:22.320+0200] {processor.py:186} INFO - Started process (PID=6584) to work on /Users/nampham/.pyenv/versions/3.12.9/lib/python3.12/site-packages/airflow/example_dags/example_task_group.py
[2025-02-28T21:32:22.322+0200] {processor.py:914} INFO - Processing file /Users/nampham/.pyenv/versions/3.12.9/lib/python3.12/site-packages/airflow/example_dags/example_task_group.py for tasks to queue
[2025-02-28T21:32:22.322+0200] {logging_mixin.py:190} INFO - [2025-02-28T21:32:22.322+0200] {dagbag.py:588} INFO - Filling up the DagBag from /Users/nampham/.pyenv/versions/3.12.9/lib/python3.12/site-packages/airflow/example_dags/example_task_group.py
[2025-02-28T21:32:22.326+0200] {processor.py:925} INFO - DAG(s) 'example_task_group' retrieved from /Users/nampham/.pyenv/versions/3.12.9/lib/python3.12/site-packages/airflow/example_dags/example_task_group.py
[2025-02-28T21:32:22.388+0200] {logging_mixin.py:190} INFO - [2025-02-28T21:32:22.388+0200] {dag.py:3239} INFO - Sync 1 DAGs
[2025-02-28T21:32:22.392+0200] {logging_mixin.py:190} INFO - [2025-02-28T21:32:22.392+0200] {dag.py:4180} INFO - Setting next_dagrun for example_task_group to None, run_after=None
[2025-02-28T21:32:22.398+0200] {processor.py:208} INFO - Processing /Users/nampham/.pyenv/versions/3.12.9/lib/python3.12/site-packages/airflow/example_dags/example_task_group.py took 0.079 seconds
[2025-02-28T21:33:40.493+0200] {processor.py:186} INFO - Started process (PID=7090) to work on /Users/nampham/.pyenv/versions/3.12.9/lib/python3.12/site-packages/airflow/example_dags/example_task_group.py
[2025-02-28T21:33:40.493+0200] {processor.py:914} INFO - Processing file /Users/nampham/.pyenv/versions/3.12.9/lib/python3.12/site-packages/airflow/example_dags/example_task_group.py for tasks to queue
[2025-02-28T21:33:40.494+0200] {logging_mixin.py:190} INFO - [2025-02-28T21:33:40.494+0200] {dagbag.py:588} INFO - Filling up the DagBag from /Users/nampham/.pyenv/versions/3.12.9/lib/python3.12/site-packages/airflow/example_dags/example_task_group.py
[2025-02-28T21:33:40.498+0200] {processor.py:925} INFO - DAG(s) 'example_task_group' retrieved from /Users/nampham/.pyenv/versions/3.12.9/lib/python3.12/site-packages/airflow/example_dags/example_task_group.py
[2025-02-28T21:33:40.559+0200] {logging_mixin.py:190} INFO - [2025-02-28T21:33:40.558+0200] {dag.py:3239} INFO - Sync 1 DAGs
[2025-02-28T21:33:40.563+0200] {logging_mixin.py:190} INFO - [2025-02-28T21:33:40.563+0200] {dag.py:4180} INFO - Setting next_dagrun for example_task_group to None, run_after=None
[2025-02-28T21:33:40.569+0200] {processor.py:208} INFO - Processing /Users/nampham/.pyenv/versions/3.12.9/lib/python3.12/site-packages/airflow/example_dags/example_task_group.py took 0.078 seconds
[2025-02-28T21:35:00.573+0200] {processor.py:186} INFO - Started process (PID=7389) to work on /Users/nampham/.pyenv/versions/3.12.9/lib/python3.12/site-packages/airflow/example_dags/example_task_group.py
[2025-02-28T21:35:00.574+0200] {processor.py:914} INFO - Processing file /Users/nampham/.pyenv/versions/3.12.9/lib/python3.12/site-packages/airflow/example_dags/example_task_group.py for tasks to queue
[2025-02-28T21:35:00.575+0200] {logging_mixin.py:190} INFO - [2025-02-28T21:35:00.575+0200] {dagbag.py:588} INFO - Filling up the DagBag from /Users/nampham/.pyenv/versions/3.12.9/lib/python3.12/site-packages/airflow/example_dags/example_task_group.py
[2025-02-28T21:35:00.579+0200] {processor.py:925} INFO - DAG(s) 'example_task_group' retrieved from /Users/nampham/.pyenv/versions/3.12.9/lib/python3.12/site-packages/airflow/example_dags/example_task_group.py
[2025-02-28T21:35:00.638+0200] {logging_mixin.py:190} INFO - [2025-02-28T21:35:00.638+0200] {dag.py:3239} INFO - Sync 1 DAGs
[2025-02-28T21:35:00.642+0200] {logging_mixin.py:190} INFO - [2025-02-28T21:35:00.642+0200] {dag.py:4180} INFO - Setting next_dagrun for example_task_group to None, run_after=None
[2025-02-28T21:35:00.649+0200] {processor.py:208} INFO - Processing /Users/nampham/.pyenv/versions/3.12.9/lib/python3.12/site-packages/airflow/example_dags/example_task_group.py took 0.077 seconds
[2025-02-28T21:36:56.619+0200] {processor.py:186} INFO - Started process (PID=7881) to work on /Users/nampham/.pyenv/versions/3.12.9/lib/python3.12/site-packages/airflow/example_dags/example_task_group.py
[2025-02-28T21:36:56.620+0200] {processor.py:914} INFO - Processing file /Users/nampham/.pyenv/versions/3.12.9/lib/python3.12/site-packages/airflow/example_dags/example_task_group.py for tasks to queue
[2025-02-28T21:36:56.620+0200] {logging_mixin.py:190} INFO - [2025-02-28T21:36:56.620+0200] {dagbag.py:588} INFO - Filling up the DagBag from /Users/nampham/.pyenv/versions/3.12.9/lib/python3.12/site-packages/airflow/example_dags/example_task_group.py
[2025-02-28T21:36:56.624+0200] {processor.py:925} INFO - DAG(s) 'example_task_group' retrieved from /Users/nampham/.pyenv/versions/3.12.9/lib/python3.12/site-packages/airflow/example_dags/example_task_group.py
[2025-02-28T21:36:56.713+0200] {logging_mixin.py:190} INFO - [2025-02-28T21:36:56.713+0200] {override.py:1930} INFO - Created Permission View: can delete on DAG:example_task_group
[2025-02-28T21:36:56.716+0200] {logging_mixin.py:190} INFO - [2025-02-28T21:36:56.716+0200] {override.py:1930} INFO - Created Permission View: can read on DAG:example_task_group
[2025-02-28T21:36:56.718+0200] {logging_mixin.py:190} INFO - [2025-02-28T21:36:56.718+0200] {override.py:1930} INFO - Created Permission View: can edit on DAG:example_task_group
[2025-02-28T21:36:56.720+0200] {logging_mixin.py:190} INFO - [2025-02-28T21:36:56.720+0200] {override.py:1930} INFO - Created Permission View: menu access on DAG Run:example_task_group
[2025-02-28T21:36:56.722+0200] {logging_mixin.py:190} INFO - [2025-02-28T21:36:56.722+0200] {override.py:1930} INFO - Created Permission View: can create on DAG Run:example_task_group
[2025-02-28T21:36:56.724+0200] {logging_mixin.py:190} INFO - [2025-02-28T21:36:56.724+0200] {override.py:1930} INFO - Created Permission View: can read on DAG Run:example_task_group
[2025-02-28T21:36:56.725+0200] {logging_mixin.py:190} INFO - [2025-02-28T21:36:56.725+0200] {override.py:1930} INFO - Created Permission View: can delete on DAG Run:example_task_group
[2025-02-28T21:36:56.725+0200] {logging_mixin.py:190} INFO - [2025-02-28T21:36:56.725+0200] {dag.py:3239} INFO - Sync 1 DAGs
[2025-02-28T21:36:56.729+0200] {logging_mixin.py:190} INFO - [2025-02-28T21:36:56.729+0200] {dag.py:3262} INFO - Creating ORM DAG for example_task_group
[2025-02-28T21:36:56.729+0200] {logging_mixin.py:190} INFO - [2025-02-28T21:36:56.729+0200] {dag.py:4180} INFO - Setting next_dagrun for example_task_group to None, run_after=None
[2025-02-28T21:36:56.735+0200] {processor.py:208} INFO - Processing /Users/nampham/.pyenv/versions/3.12.9/lib/python3.12/site-packages/airflow/example_dags/example_task_group.py took 0.118 seconds
[2025-02-28T21:38:47.447+0200] {processor.py:186} INFO - Started process (PID=8310) to work on /Users/nampham/.pyenv/versions/3.12.9/lib/python3.12/site-packages/airflow/example_dags/example_task_group.py
[2025-02-28T21:38:47.448+0200] {processor.py:914} INFO - Processing file /Users/nampham/.pyenv/versions/3.12.9/lib/python3.12/site-packages/airflow/example_dags/example_task_group.py for tasks to queue
[2025-02-28T21:38:47.449+0200] {logging_mixin.py:190} INFO - [2025-02-28T21:38:47.448+0200] {dagbag.py:588} INFO - Filling up the DagBag from /Users/nampham/.pyenv/versions/3.12.9/lib/python3.12/site-packages/airflow/example_dags/example_task_group.py
[2025-02-28T21:38:47.452+0200] {processor.py:925} INFO - DAG(s) 'example_task_group' retrieved from /Users/nampham/.pyenv/versions/3.12.9/lib/python3.12/site-packages/airflow/example_dags/example_task_group.py
[2025-02-28T21:38:47.509+0200] {logging_mixin.py:190} INFO - [2025-02-28T21:38:47.509+0200] {dag.py:3239} INFO - Sync 1 DAGs
[2025-02-28T21:38:47.514+0200] {logging_mixin.py:190} INFO - [2025-02-28T21:38:47.513+0200] {dag.py:4180} INFO - Setting next_dagrun for example_task_group to None, run_after=None
[2025-02-28T21:38:47.520+0200] {processor.py:208} INFO - Processing /Users/nampham/.pyenv/versions/3.12.9/lib/python3.12/site-packages/airflow/example_dags/example_task_group.py took 0.074 seconds
[2025-02-28T21:40:05.742+0200] {processor.py:186} INFO - Started process (PID=8602) to work on /Users/nampham/.pyenv/versions/3.12.9/lib/python3.12/site-packages/airflow/example_dags/example_task_group.py
[2025-02-28T21:40:05.743+0200] {processor.py:914} INFO - Processing file /Users/nampham/.pyenv/versions/3.12.9/lib/python3.12/site-packages/airflow/example_dags/example_task_group.py for tasks to queue
[2025-02-28T21:40:05.744+0200] {logging_mixin.py:190} INFO - [2025-02-28T21:40:05.743+0200] {dagbag.py:588} INFO - Filling up the DagBag from /Users/nampham/.pyenv/versions/3.12.9/lib/python3.12/site-packages/airflow/example_dags/example_task_group.py
[2025-02-28T21:40:05.747+0200] {processor.py:925} INFO - DAG(s) 'example_task_group' retrieved from /Users/nampham/.pyenv/versions/3.12.9/lib/python3.12/site-packages/airflow/example_dags/example_task_group.py
[2025-02-28T21:40:05.807+0200] {logging_mixin.py:190} INFO - [2025-02-28T21:40:05.807+0200] {dag.py:3239} INFO - Sync 1 DAGs
[2025-02-28T21:40:05.812+0200] {logging_mixin.py:190} INFO - [2025-02-28T21:40:05.812+0200] {dag.py:4180} INFO - Setting next_dagrun for example_task_group to None, run_after=None
[2025-02-28T21:40:05.819+0200] {processor.py:208} INFO - Processing /Users/nampham/.pyenv/versions/3.12.9/lib/python3.12/site-packages/airflow/example_dags/example_task_group.py took 0.078 seconds
[2025-02-28T21:42:25.057+0200] {processor.py:186} INFO - Started process (PID=9196) to work on /Users/nampham/.pyenv/versions/3.12.9/lib/python3.12/site-packages/airflow/example_dags/example_task_group.py
[2025-02-28T21:42:25.059+0200] {processor.py:914} INFO - Processing file /Users/nampham/.pyenv/versions/3.12.9/lib/python3.12/site-packages/airflow/example_dags/example_task_group.py for tasks to queue
[2025-02-28T21:42:25.059+0200] {logging_mixin.py:190} INFO - [2025-02-28T21:42:25.059+0200] {dagbag.py:588} INFO - Filling up the DagBag from /Users/nampham/.pyenv/versions/3.12.9/lib/python3.12/site-packages/airflow/example_dags/example_task_group.py
[2025-02-28T21:42:25.063+0200] {processor.py:925} INFO - DAG(s) 'example_task_group' retrieved from /Users/nampham/.pyenv/versions/3.12.9/lib/python3.12/site-packages/airflow/example_dags/example_task_group.py
[2025-02-28T21:42:25.152+0200] {logging_mixin.py:190} INFO - [2025-02-28T21:42:25.152+0200] {override.py:1930} INFO - Created Permission View: can delete on DAG:example_task_group
[2025-02-28T21:42:25.155+0200] {logging_mixin.py:190} INFO - [2025-02-28T21:42:25.155+0200] {override.py:1930} INFO - Created Permission View: can edit on DAG:example_task_group
[2025-02-28T21:42:25.157+0200] {logging_mixin.py:190} INFO - [2025-02-28T21:42:25.157+0200] {override.py:1930} INFO - Created Permission View: can read on DAG:example_task_group
[2025-02-28T21:42:25.159+0200] {logging_mixin.py:190} INFO - [2025-02-28T21:42:25.159+0200] {override.py:1930} INFO - Created Permission View: menu access on DAG Run:example_task_group
[2025-02-28T21:42:25.161+0200] {logging_mixin.py:190} INFO - [2025-02-28T21:42:25.161+0200] {override.py:1930} INFO - Created Permission View: can delete on DAG Run:example_task_group
[2025-02-28T21:42:25.163+0200] {logging_mixin.py:190} INFO - [2025-02-28T21:42:25.163+0200] {override.py:1930} INFO - Created Permission View: can create on DAG Run:example_task_group
[2025-02-28T21:42:25.165+0200] {logging_mixin.py:190} INFO - [2025-02-28T21:42:25.165+0200] {override.py:1930} INFO - Created Permission View: can read on DAG Run:example_task_group
[2025-02-28T21:42:25.165+0200] {logging_mixin.py:190} INFO - [2025-02-28T21:42:25.165+0200] {dag.py:3239} INFO - Sync 1 DAGs
[2025-02-28T21:42:25.169+0200] {logging_mixin.py:190} INFO - [2025-02-28T21:42:25.169+0200] {dag.py:3262} INFO - Creating ORM DAG for example_task_group
[2025-02-28T21:42:25.169+0200] {logging_mixin.py:190} INFO - [2025-02-28T21:42:25.169+0200] {dag.py:4180} INFO - Setting next_dagrun for example_task_group to None, run_after=None
[2025-02-28T21:42:25.175+0200] {processor.py:208} INFO - Processing /Users/nampham/.pyenv/versions/3.12.9/lib/python3.12/site-packages/airflow/example_dags/example_task_group.py took 0.119 seconds
[2025-02-28T21:43:30.812+0200] {processor.py:186} INFO - Started process (PID=9563) to work on /Users/nampham/.pyenv/versions/3.12.9/lib/python3.12/site-packages/airflow/example_dags/example_task_group.py
[2025-02-28T21:43:30.813+0200] {processor.py:914} INFO - Processing file /Users/nampham/.pyenv/versions/3.12.9/lib/python3.12/site-packages/airflow/example_dags/example_task_group.py for tasks to queue
[2025-02-28T21:43:30.813+0200] {logging_mixin.py:190} INFO - [2025-02-28T21:43:30.813+0200] {dagbag.py:588} INFO - Filling up the DagBag from /Users/nampham/.pyenv/versions/3.12.9/lib/python3.12/site-packages/airflow/example_dags/example_task_group.py
[2025-02-28T21:43:30.818+0200] {processor.py:925} INFO - DAG(s) 'example_task_group' retrieved from /Users/nampham/.pyenv/versions/3.12.9/lib/python3.12/site-packages/airflow/example_dags/example_task_group.py
[2025-02-28T21:43:30.878+0200] {logging_mixin.py:190} INFO - [2025-02-28T21:43:30.878+0200] {dag.py:3239} INFO - Sync 1 DAGs
[2025-02-28T21:43:30.882+0200] {logging_mixin.py:190} INFO - [2025-02-28T21:43:30.882+0200] {dag.py:4180} INFO - Setting next_dagrun for example_task_group to None, run_after=None
[2025-02-28T21:43:30.889+0200] {processor.py:208} INFO - Processing /Users/nampham/.pyenv/versions/3.12.9/lib/python3.12/site-packages/airflow/example_dags/example_task_group.py took 0.078 seconds
[2025-02-28T21:45:31.701+0200] {processor.py:186} INFO - Started process (PID=10098) to work on /Users/nampham/.pyenv/versions/3.12.9/lib/python3.12/site-packages/airflow/example_dags/example_task_group.py
[2025-02-28T21:45:31.702+0200] {processor.py:914} INFO - Processing file /Users/nampham/.pyenv/versions/3.12.9/lib/python3.12/site-packages/airflow/example_dags/example_task_group.py for tasks to queue
[2025-02-28T21:45:31.702+0200] {logging_mixin.py:190} INFO - [2025-02-28T21:45:31.702+0200] {dagbag.py:588} INFO - Filling up the DagBag from /Users/nampham/.pyenv/versions/3.12.9/lib/python3.12/site-packages/airflow/example_dags/example_task_group.py
[2025-02-28T21:45:31.707+0200] {processor.py:925} INFO - DAG(s) 'example_task_group' retrieved from /Users/nampham/.pyenv/versions/3.12.9/lib/python3.12/site-packages/airflow/example_dags/example_task_group.py
[2025-02-28T21:45:31.764+0200] {logging_mixin.py:190} INFO - [2025-02-28T21:45:31.764+0200] {dag.py:3239} INFO - Sync 1 DAGs
[2025-02-28T21:45:31.769+0200] {logging_mixin.py:190} INFO - [2025-02-28T21:45:31.769+0200] {dag.py:4180} INFO - Setting next_dagrun for example_task_group to None, run_after=None
[2025-02-28T21:45:31.775+0200] {processor.py:208} INFO - Processing /Users/nampham/.pyenv/versions/3.12.9/lib/python3.12/site-packages/airflow/example_dags/example_task_group.py took 0.076 seconds
[2025-02-28T21:47:54.121+0200] {processor.py:186} INFO - Started process (PID=10644) to work on /Users/nampham/.pyenv/versions/3.12.9/lib/python3.12/site-packages/airflow/example_dags/example_task_group.py
[2025-02-28T21:47:54.122+0200] {processor.py:914} INFO - Processing file /Users/nampham/.pyenv/versions/3.12.9/lib/python3.12/site-packages/airflow/example_dags/example_task_group.py for tasks to queue
[2025-02-28T21:47:54.123+0200] {logging_mixin.py:190} INFO - [2025-02-28T21:47:54.123+0200] {dagbag.py:588} INFO - Filling up the DagBag from /Users/nampham/.pyenv/versions/3.12.9/lib/python3.12/site-packages/airflow/example_dags/example_task_group.py
[2025-02-28T21:47:54.126+0200] {processor.py:925} INFO - DAG(s) 'example_task_group' retrieved from /Users/nampham/.pyenv/versions/3.12.9/lib/python3.12/site-packages/airflow/example_dags/example_task_group.py
[2025-02-28T21:47:54.184+0200] {logging_mixin.py:190} INFO - [2025-02-28T21:47:54.183+0200] {dag.py:3239} INFO - Sync 1 DAGs
[2025-02-28T21:47:54.188+0200] {logging_mixin.py:190} INFO - [2025-02-28T21:47:54.187+0200] {dag.py:4180} INFO - Setting next_dagrun for example_task_group to None, run_after=None
[2025-02-28T21:47:54.194+0200] {processor.py:208} INFO - Processing /Users/nampham/.pyenv/versions/3.12.9/lib/python3.12/site-packages/airflow/example_dags/example_task_group.py took 0.074 seconds
[2025-02-28T22:27:46.915+0200] {processor.py:186} INFO - Started process (PID=18080) to work on /Users/nampham/.pyenv/versions/3.12.9/lib/python3.12/site-packages/airflow/example_dags/example_task_group.py
[2025-02-28T22:27:46.916+0200] {processor.py:914} INFO - Processing file /Users/nampham/.pyenv/versions/3.12.9/lib/python3.12/site-packages/airflow/example_dags/example_task_group.py for tasks to queue
[2025-02-28T22:27:46.916+0200] {logging_mixin.py:190} INFO - [2025-02-28T22:27:46.916+0200] {dagbag.py:588} INFO - Filling up the DagBag from /Users/nampham/.pyenv/versions/3.12.9/lib/python3.12/site-packages/airflow/example_dags/example_task_group.py
[2025-02-28T22:27:46.921+0200] {processor.py:925} INFO - DAG(s) 'example_task_group' retrieved from /Users/nampham/.pyenv/versions/3.12.9/lib/python3.12/site-packages/airflow/example_dags/example_task_group.py
[2025-02-28T22:27:47.025+0200] {logging_mixin.py:190} INFO - [2025-02-28T22:27:47.024+0200] {override.py:1930} INFO - Created Permission View: can delete on DAG:example_task_group
[2025-02-28T22:27:47.027+0200] {logging_mixin.py:190} INFO - [2025-02-28T22:27:47.027+0200] {override.py:1930} INFO - Created Permission View: can read on DAG:example_task_group
[2025-02-28T22:27:47.029+0200] {logging_mixin.py:190} INFO - [2025-02-28T22:27:47.029+0200] {override.py:1930} INFO - Created Permission View: can edit on DAG:example_task_group
[2025-02-28T22:27:47.032+0200] {logging_mixin.py:190} INFO - [2025-02-28T22:27:47.032+0200] {override.py:1930} INFO - Created Permission View: can delete on DAG Run:example_task_group
[2025-02-28T22:27:47.033+0200] {logging_mixin.py:190} INFO - [2025-02-28T22:27:47.033+0200] {override.py:1930} INFO - Created Permission View: can read on DAG Run:example_task_group
[2025-02-28T22:27:47.035+0200] {logging_mixin.py:190} INFO - [2025-02-28T22:27:47.035+0200] {override.py:1930} INFO - Created Permission View: menu access on DAG Run:example_task_group
[2025-02-28T22:27:47.037+0200] {logging_mixin.py:190} INFO - [2025-02-28T22:27:47.037+0200] {override.py:1930} INFO - Created Permission View: can create on DAG Run:example_task_group
[2025-02-28T22:27:47.037+0200] {logging_mixin.py:190} INFO - [2025-02-28T22:27:47.037+0200] {dag.py:3239} INFO - Sync 1 DAGs
[2025-02-28T22:27:47.041+0200] {logging_mixin.py:190} INFO - [2025-02-28T22:27:47.041+0200] {dag.py:3262} INFO - Creating ORM DAG for example_task_group
[2025-02-28T22:27:47.041+0200] {logging_mixin.py:190} INFO - [2025-02-28T22:27:47.041+0200] {dag.py:4180} INFO - Setting next_dagrun for example_task_group to None, run_after=None
[2025-02-28T22:27:47.047+0200] {processor.py:208} INFO - Processing /Users/nampham/.pyenv/versions/3.12.9/lib/python3.12/site-packages/airflow/example_dags/example_task_group.py took 0.134 seconds
[2025-02-28T22:35:53.224+0200] {processor.py:186} INFO - Started process (PID=19726) to work on /Users/nampham/.pyenv/versions/3.12.9/lib/python3.12/site-packages/airflow/example_dags/example_task_group.py
[2025-02-28T22:35:53.225+0200] {processor.py:914} INFO - Processing file /Users/nampham/.pyenv/versions/3.12.9/lib/python3.12/site-packages/airflow/example_dags/example_task_group.py for tasks to queue
[2025-02-28T22:35:53.226+0200] {logging_mixin.py:190} INFO - [2025-02-28T22:35:53.225+0200] {dagbag.py:588} INFO - Filling up the DagBag from /Users/nampham/.pyenv/versions/3.12.9/lib/python3.12/site-packages/airflow/example_dags/example_task_group.py
[2025-02-28T22:35:53.229+0200] {processor.py:925} INFO - DAG(s) 'example_task_group' retrieved from /Users/nampham/.pyenv/versions/3.12.9/lib/python3.12/site-packages/airflow/example_dags/example_task_group.py
[2025-02-28T22:35:53.320+0200] {logging_mixin.py:190} INFO - [2025-02-28T22:35:53.320+0200] {override.py:1930} INFO - Created Permission View: can delete on DAG:example_task_group
[2025-02-28T22:35:53.323+0200] {logging_mixin.py:190} INFO - [2025-02-28T22:35:53.323+0200] {override.py:1930} INFO - Created Permission View: can read on DAG:example_task_group
[2025-02-28T22:35:53.325+0200] {logging_mixin.py:190} INFO - [2025-02-28T22:35:53.324+0200] {override.py:1930} INFO - Created Permission View: can edit on DAG:example_task_group
[2025-02-28T22:35:53.327+0200] {logging_mixin.py:190} INFO - [2025-02-28T22:35:53.327+0200] {override.py:1930} INFO - Created Permission View: can create on DAG Run:example_task_group
[2025-02-28T22:35:53.329+0200] {logging_mixin.py:190} INFO - [2025-02-28T22:35:53.329+0200] {override.py:1930} INFO - Created Permission View: can read on DAG Run:example_task_group
[2025-02-28T22:35:53.331+0200] {logging_mixin.py:190} INFO - [2025-02-28T22:35:53.330+0200] {override.py:1930} INFO - Created Permission View: can delete on DAG Run:example_task_group
[2025-02-28T22:35:53.332+0200] {logging_mixin.py:190} INFO - [2025-02-28T22:35:53.332+0200] {override.py:1930} INFO - Created Permission View: menu access on DAG Run:example_task_group
[2025-02-28T22:35:53.332+0200] {logging_mixin.py:190} INFO - [2025-02-28T22:35:53.332+0200] {dag.py:3239} INFO - Sync 1 DAGs
[2025-02-28T22:35:53.336+0200] {logging_mixin.py:190} INFO - [2025-02-28T22:35:53.336+0200] {dag.py:3262} INFO - Creating ORM DAG for example_task_group
[2025-02-28T22:35:53.336+0200] {logging_mixin.py:190} INFO - [2025-02-28T22:35:53.336+0200] {dag.py:4180} INFO - Setting next_dagrun for example_task_group to None, run_after=None
[2025-02-28T22:35:53.341+0200] {processor.py:208} INFO - Processing /Users/nampham/.pyenv/versions/3.12.9/lib/python3.12/site-packages/airflow/example_dags/example_task_group.py took 0.119 seconds
[2025-02-28T22:38:08.174+0200] {processor.py:186} INFO - Started process (PID=20251) to work on /Users/nampham/.pyenv/versions/3.12.9/lib/python3.12/site-packages/airflow/example_dags/example_task_group.py
[2025-02-28T22:38:08.175+0200] {processor.py:914} INFO - Processing file /Users/nampham/.pyenv/versions/3.12.9/lib/python3.12/site-packages/airflow/example_dags/example_task_group.py for tasks to queue
[2025-02-28T22:38:08.176+0200] {logging_mixin.py:190} INFO - [2025-02-28T22:38:08.176+0200] {dagbag.py:588} INFO - Filling up the DagBag from /Users/nampham/.pyenv/versions/3.12.9/lib/python3.12/site-packages/airflow/example_dags/example_task_group.py
[2025-02-28T22:38:08.180+0200] {processor.py:925} INFO - DAG(s) 'example_task_group' retrieved from /Users/nampham/.pyenv/versions/3.12.9/lib/python3.12/site-packages/airflow/example_dags/example_task_group.py
[2025-02-28T22:38:08.237+0200] {logging_mixin.py:190} INFO - [2025-02-28T22:38:08.237+0200] {dag.py:3239} INFO - Sync 1 DAGs
[2025-02-28T22:38:08.241+0200] {logging_mixin.py:190} INFO - [2025-02-28T22:38:08.241+0200] {dag.py:4180} INFO - Setting next_dagrun for example_task_group to None, run_after=None
[2025-02-28T22:38:08.247+0200] {processor.py:208} INFO - Processing /Users/nampham/.pyenv/versions/3.12.9/lib/python3.12/site-packages/airflow/example_dags/example_task_group.py took 0.074 seconds
[2025-02-28T22:39:22.997+0200] {processor.py:186} INFO - Started process (PID=20501) to work on /Users/nampham/.pyenv/versions/3.12.9/lib/python3.12/site-packages/airflow/example_dags/example_task_group.py
[2025-02-28T22:39:22.998+0200] {processor.py:914} INFO - Processing file /Users/nampham/.pyenv/versions/3.12.9/lib/python3.12/site-packages/airflow/example_dags/example_task_group.py for tasks to queue
[2025-02-28T22:39:22.999+0200] {logging_mixin.py:190} INFO - [2025-02-28T22:39:22.998+0200] {dagbag.py:588} INFO - Filling up the DagBag from /Users/nampham/.pyenv/versions/3.12.9/lib/python3.12/site-packages/airflow/example_dags/example_task_group.py
[2025-02-28T22:39:23.002+0200] {processor.py:925} INFO - DAG(s) 'example_task_group' retrieved from /Users/nampham/.pyenv/versions/3.12.9/lib/python3.12/site-packages/airflow/example_dags/example_task_group.py
[2025-02-28T22:39:23.059+0200] {logging_mixin.py:190} INFO - [2025-02-28T22:39:23.059+0200] {dag.py:3239} INFO - Sync 1 DAGs
[2025-02-28T22:39:23.063+0200] {logging_mixin.py:190} INFO - [2025-02-28T22:39:23.063+0200] {dag.py:4180} INFO - Setting next_dagrun for example_task_group to None, run_after=None
[2025-02-28T22:39:23.069+0200] {processor.py:208} INFO - Processing /Users/nampham/.pyenv/versions/3.12.9/lib/python3.12/site-packages/airflow/example_dags/example_task_group.py took 0.074 seconds
[2025-02-28T22:41:02.940+0200] {processor.py:186} INFO - Started process (PID=20822) to work on /Users/nampham/.pyenv/versions/3.12.9/lib/python3.12/site-packages/airflow/example_dags/example_task_group.py
[2025-02-28T22:41:02.941+0200] {processor.py:914} INFO - Processing file /Users/nampham/.pyenv/versions/3.12.9/lib/python3.12/site-packages/airflow/example_dags/example_task_group.py for tasks to queue
[2025-02-28T22:41:02.942+0200] {logging_mixin.py:190} INFO - [2025-02-28T22:41:02.942+0200] {dagbag.py:588} INFO - Filling up the DagBag from /Users/nampham/.pyenv/versions/3.12.9/lib/python3.12/site-packages/airflow/example_dags/example_task_group.py
[2025-02-28T22:41:02.945+0200] {processor.py:925} INFO - DAG(s) 'example_task_group' retrieved from /Users/nampham/.pyenv/versions/3.12.9/lib/python3.12/site-packages/airflow/example_dags/example_task_group.py
[2025-02-28T22:41:03.002+0200] {logging_mixin.py:190} INFO - [2025-02-28T22:41:03.002+0200] {dag.py:3239} INFO - Sync 1 DAGs
[2025-02-28T22:41:03.007+0200] {logging_mixin.py:190} INFO - [2025-02-28T22:41:03.007+0200] {dag.py:4180} INFO - Setting next_dagrun for example_task_group to None, run_after=None
[2025-02-28T22:41:03.013+0200] {processor.py:208} INFO - Processing /Users/nampham/.pyenv/versions/3.12.9/lib/python3.12/site-packages/airflow/example_dags/example_task_group.py took 0.074 seconds
[2025-02-28T22:42:11.534+0200] {processor.py:186} INFO - Started process (PID=21056) to work on /Users/nampham/.pyenv/versions/3.12.9/lib/python3.12/site-packages/airflow/example_dags/example_task_group.py
[2025-02-28T22:42:11.534+0200] {processor.py:914} INFO - Processing file /Users/nampham/.pyenv/versions/3.12.9/lib/python3.12/site-packages/airflow/example_dags/example_task_group.py for tasks to queue
[2025-02-28T22:42:11.535+0200] {logging_mixin.py:190} INFO - [2025-02-28T22:42:11.535+0200] {dagbag.py:588} INFO - Filling up the DagBag from /Users/nampham/.pyenv/versions/3.12.9/lib/python3.12/site-packages/airflow/example_dags/example_task_group.py
[2025-02-28T22:42:11.538+0200] {processor.py:925} INFO - DAG(s) 'example_task_group' retrieved from /Users/nampham/.pyenv/versions/3.12.9/lib/python3.12/site-packages/airflow/example_dags/example_task_group.py
[2025-02-28T22:42:11.596+0200] {logging_mixin.py:190} INFO - [2025-02-28T22:42:11.596+0200] {dag.py:3239} INFO - Sync 1 DAGs
[2025-02-28T22:42:11.600+0200] {logging_mixin.py:190} INFO - [2025-02-28T22:42:11.600+0200] {dag.py:4180} INFO - Setting next_dagrun for example_task_group to None, run_after=None
[2025-02-28T22:42:11.606+0200] {processor.py:208} INFO - Processing /Users/nampham/.pyenv/versions/3.12.9/lib/python3.12/site-packages/airflow/example_dags/example_task_group.py took 0.074 seconds
[2025-02-28T22:43:26.936+0200] {processor.py:186} INFO - Started process (PID=21335) to work on /Users/nampham/.pyenv/versions/3.12.9/lib/python3.12/site-packages/airflow/example_dags/example_task_group.py
[2025-02-28T22:43:26.938+0200] {processor.py:914} INFO - Processing file /Users/nampham/.pyenv/versions/3.12.9/lib/python3.12/site-packages/airflow/example_dags/example_task_group.py for tasks to queue
[2025-02-28T22:43:26.938+0200] {logging_mixin.py:190} INFO - [2025-02-28T22:43:26.938+0200] {dagbag.py:588} INFO - Filling up the DagBag from /Users/nampham/.pyenv/versions/3.12.9/lib/python3.12/site-packages/airflow/example_dags/example_task_group.py
[2025-02-28T22:43:26.942+0200] {processor.py:925} INFO - DAG(s) 'example_task_group' retrieved from /Users/nampham/.pyenv/versions/3.12.9/lib/python3.12/site-packages/airflow/example_dags/example_task_group.py
[2025-02-28T22:43:27.001+0200] {logging_mixin.py:190} INFO - [2025-02-28T22:43:27.001+0200] {dag.py:3239} INFO - Sync 1 DAGs
[2025-02-28T22:43:27.006+0200] {logging_mixin.py:190} INFO - [2025-02-28T22:43:27.006+0200] {dag.py:4180} INFO - Setting next_dagrun for example_task_group to None, run_after=None
[2025-02-28T22:43:27.012+0200] {processor.py:208} INFO - Processing /Users/nampham/.pyenv/versions/3.12.9/lib/python3.12/site-packages/airflow/example_dags/example_task_group.py took 0.077 seconds
[2025-02-28T22:44:43.532+0200] {processor.py:186} INFO - Started process (PID=21610) to work on /Users/nampham/.pyenv/versions/3.12.9/lib/python3.12/site-packages/airflow/example_dags/example_task_group.py
[2025-02-28T22:44:43.532+0200] {processor.py:914} INFO - Processing file /Users/nampham/.pyenv/versions/3.12.9/lib/python3.12/site-packages/airflow/example_dags/example_task_group.py for tasks to queue
[2025-02-28T22:44:43.533+0200] {logging_mixin.py:190} INFO - [2025-02-28T22:44:43.533+0200] {dagbag.py:588} INFO - Filling up the DagBag from /Users/nampham/.pyenv/versions/3.12.9/lib/python3.12/site-packages/airflow/example_dags/example_task_group.py
[2025-02-28T22:44:43.537+0200] {processor.py:925} INFO - DAG(s) 'example_task_group' retrieved from /Users/nampham/.pyenv/versions/3.12.9/lib/python3.12/site-packages/airflow/example_dags/example_task_group.py
[2025-02-28T22:44:43.600+0200] {logging_mixin.py:190} INFO - [2025-02-28T22:44:43.600+0200] {dag.py:3239} INFO - Sync 1 DAGs
[2025-02-28T22:44:43.605+0200] {logging_mixin.py:190} INFO - [2025-02-28T22:44:43.604+0200] {dag.py:4180} INFO - Setting next_dagrun for example_task_group to None, run_after=None
[2025-02-28T22:44:43.611+0200] {processor.py:208} INFO - Processing /Users/nampham/.pyenv/versions/3.12.9/lib/python3.12/site-packages/airflow/example_dags/example_task_group.py took 0.081 seconds
[2025-02-28T22:46:26.099+0200] {processor.py:186} INFO - Started process (PID=21955) to work on /Users/nampham/.pyenv/versions/3.12.9/lib/python3.12/site-packages/airflow/example_dags/example_task_group.py
[2025-02-28T22:46:26.100+0200] {processor.py:914} INFO - Processing file /Users/nampham/.pyenv/versions/3.12.9/lib/python3.12/site-packages/airflow/example_dags/example_task_group.py for tasks to queue
[2025-02-28T22:46:26.100+0200] {logging_mixin.py:190} INFO - [2025-02-28T22:46:26.100+0200] {dagbag.py:588} INFO - Filling up the DagBag from /Users/nampham/.pyenv/versions/3.12.9/lib/python3.12/site-packages/airflow/example_dags/example_task_group.py
[2025-02-28T22:46:26.104+0200] {processor.py:925} INFO - DAG(s) 'example_task_group' retrieved from /Users/nampham/.pyenv/versions/3.12.9/lib/python3.12/site-packages/airflow/example_dags/example_task_group.py
[2025-02-28T22:46:26.163+0200] {logging_mixin.py:190} INFO - [2025-02-28T22:46:26.163+0200] {dag.py:3239} INFO - Sync 1 DAGs
[2025-02-28T22:46:26.167+0200] {logging_mixin.py:190} INFO - [2025-02-28T22:46:26.167+0200] {dag.py:4180} INFO - Setting next_dagrun for example_task_group to None, run_after=None
[2025-02-28T22:46:26.174+0200] {processor.py:208} INFO - Processing /Users/nampham/.pyenv/versions/3.12.9/lib/python3.12/site-packages/airflow/example_dags/example_task_group.py took 0.076 seconds
[2025-02-28T22:48:25.419+0200] {processor.py:186} INFO - Started process (PID=22258) to work on /Users/nampham/.pyenv/versions/3.12.9/lib/python3.12/site-packages/airflow/example_dags/example_task_group.py
[2025-02-28T22:48:25.420+0200] {processor.py:914} INFO - Processing file /Users/nampham/.pyenv/versions/3.12.9/lib/python3.12/site-packages/airflow/example_dags/example_task_group.py for tasks to queue
[2025-02-28T22:48:25.420+0200] {logging_mixin.py:190} INFO - [2025-02-28T22:48:25.420+0200] {dagbag.py:588} INFO - Filling up the DagBag from /Users/nampham/.pyenv/versions/3.12.9/lib/python3.12/site-packages/airflow/example_dags/example_task_group.py
[2025-02-28T22:48:25.424+0200] {processor.py:925} INFO - DAG(s) 'example_task_group' retrieved from /Users/nampham/.pyenv/versions/3.12.9/lib/python3.12/site-packages/airflow/example_dags/example_task_group.py
[2025-02-28T22:48:25.482+0200] {logging_mixin.py:190} INFO - [2025-02-28T22:48:25.482+0200] {dag.py:3239} INFO - Sync 1 DAGs
[2025-02-28T22:48:25.486+0200] {logging_mixin.py:190} INFO - [2025-02-28T22:48:25.486+0200] {dag.py:4180} INFO - Setting next_dagrun for example_task_group to None, run_after=None
[2025-02-28T22:48:25.492+0200] {processor.py:208} INFO - Processing /Users/nampham/.pyenv/versions/3.12.9/lib/python3.12/site-packages/airflow/example_dags/example_task_group.py took 0.074 seconds
[2025-02-28T22:54:42.635+0200] {processor.py:186} INFO - Started process (PID=22710) to work on /Users/nampham/.pyenv/versions/3.12.9/lib/python3.12/site-packages/airflow/example_dags/example_task_group.py
[2025-02-28T22:54:42.636+0200] {processor.py:914} INFO - Processing file /Users/nampham/.pyenv/versions/3.12.9/lib/python3.12/site-packages/airflow/example_dags/example_task_group.py for tasks to queue
[2025-02-28T22:54:42.637+0200] {logging_mixin.py:190} INFO - [2025-02-28T22:54:42.637+0200] {dagbag.py:588} INFO - Filling up the DagBag from /Users/nampham/.pyenv/versions/3.12.9/lib/python3.12/site-packages/airflow/example_dags/example_task_group.py
[2025-02-28T22:54:42.641+0200] {processor.py:925} INFO - DAG(s) 'example_task_group' retrieved from /Users/nampham/.pyenv/versions/3.12.9/lib/python3.12/site-packages/airflow/example_dags/example_task_group.py
[2025-02-28T22:54:42.697+0200] {logging_mixin.py:190} INFO - [2025-02-28T22:54:42.697+0200] {dag.py:3239} INFO - Sync 1 DAGs
[2025-02-28T22:54:42.701+0200] {logging_mixin.py:190} INFO - [2025-02-28T22:54:42.701+0200] {dag.py:4180} INFO - Setting next_dagrun for example_task_group to None, run_after=None
[2025-02-28T22:54:42.707+0200] {processor.py:208} INFO - Processing /Users/nampham/.pyenv/versions/3.12.9/lib/python3.12/site-packages/airflow/example_dags/example_task_group.py took 0.074 seconds
[2025-02-28T22:56:27.342+0200] {processor.py:186} INFO - Started process (PID=23053) to work on /Users/nampham/.pyenv/versions/3.12.9/lib/python3.12/site-packages/airflow/example_dags/example_task_group.py
[2025-02-28T22:56:27.344+0200] {processor.py:914} INFO - Processing file /Users/nampham/.pyenv/versions/3.12.9/lib/python3.12/site-packages/airflow/example_dags/example_task_group.py for tasks to queue
[2025-02-28T22:56:27.344+0200] {logging_mixin.py:190} INFO - [2025-02-28T22:56:27.344+0200] {dagbag.py:588} INFO - Filling up the DagBag from /Users/nampham/.pyenv/versions/3.12.9/lib/python3.12/site-packages/airflow/example_dags/example_task_group.py
[2025-02-28T22:56:27.348+0200] {processor.py:925} INFO - DAG(s) 'example_task_group' retrieved from /Users/nampham/.pyenv/versions/3.12.9/lib/python3.12/site-packages/airflow/example_dags/example_task_group.py
[2025-02-28T22:56:27.404+0200] {logging_mixin.py:190} INFO - [2025-02-28T22:56:27.404+0200] {dag.py:3239} INFO - Sync 1 DAGs
[2025-02-28T22:56:27.408+0200] {logging_mixin.py:190} INFO - [2025-02-28T22:56:27.408+0200] {dag.py:4180} INFO - Setting next_dagrun for example_task_group to None, run_after=None
[2025-02-28T22:56:27.414+0200] {processor.py:208} INFO - Processing /Users/nampham/.pyenv/versions/3.12.9/lib/python3.12/site-packages/airflow/example_dags/example_task_group.py took 0.073 seconds
[2025-02-28T22:57:54.150+0200] {processor.py:186} INFO - Started process (PID=23339) to work on /Users/nampham/.pyenv/versions/3.12.9/lib/python3.12/site-packages/airflow/example_dags/example_task_group.py
[2025-02-28T22:57:54.151+0200] {processor.py:914} INFO - Processing file /Users/nampham/.pyenv/versions/3.12.9/lib/python3.12/site-packages/airflow/example_dags/example_task_group.py for tasks to queue
[2025-02-28T22:57:54.151+0200] {logging_mixin.py:190} INFO - [2025-02-28T22:57:54.151+0200] {dagbag.py:588} INFO - Filling up the DagBag from /Users/nampham/.pyenv/versions/3.12.9/lib/python3.12/site-packages/airflow/example_dags/example_task_group.py
[2025-02-28T22:57:54.155+0200] {processor.py:925} INFO - DAG(s) 'example_task_group' retrieved from /Users/nampham/.pyenv/versions/3.12.9/lib/python3.12/site-packages/airflow/example_dags/example_task_group.py
[2025-02-28T22:57:54.211+0200] {logging_mixin.py:190} INFO - [2025-02-28T22:57:54.211+0200] {dag.py:3239} INFO - Sync 1 DAGs
[2025-02-28T22:57:54.215+0200] {logging_mixin.py:190} INFO - [2025-02-28T22:57:54.215+0200] {dag.py:4180} INFO - Setting next_dagrun for example_task_group to None, run_after=None
[2025-02-28T22:57:54.222+0200] {processor.py:208} INFO - Processing /Users/nampham/.pyenv/versions/3.12.9/lib/python3.12/site-packages/airflow/example_dags/example_task_group.py took 0.073 seconds
[2025-02-28T22:59:11.552+0200] {processor.py:186} INFO - Started process (PID=23590) to work on /Users/nampham/.pyenv/versions/3.12.9/lib/python3.12/site-packages/airflow/example_dags/example_task_group.py
[2025-02-28T22:59:11.554+0200] {processor.py:914} INFO - Processing file /Users/nampham/.pyenv/versions/3.12.9/lib/python3.12/site-packages/airflow/example_dags/example_task_group.py for tasks to queue
[2025-02-28T22:59:11.554+0200] {logging_mixin.py:190} INFO - [2025-02-28T22:59:11.554+0200] {dagbag.py:588} INFO - Filling up the DagBag from /Users/nampham/.pyenv/versions/3.12.9/lib/python3.12/site-packages/airflow/example_dags/example_task_group.py
[2025-02-28T22:59:11.558+0200] {processor.py:925} INFO - DAG(s) 'example_task_group' retrieved from /Users/nampham/.pyenv/versions/3.12.9/lib/python3.12/site-packages/airflow/example_dags/example_task_group.py
[2025-02-28T22:59:11.615+0200] {logging_mixin.py:190} INFO - [2025-02-28T22:59:11.614+0200] {dag.py:3239} INFO - Sync 1 DAGs
[2025-02-28T22:59:11.619+0200] {logging_mixin.py:190} INFO - [2025-02-28T22:59:11.619+0200] {dag.py:4180} INFO - Setting next_dagrun for example_task_group to None, run_after=None
[2025-02-28T22:59:11.625+0200] {processor.py:208} INFO - Processing /Users/nampham/.pyenv/versions/3.12.9/lib/python3.12/site-packages/airflow/example_dags/example_task_group.py took 0.074 seconds
[2025-02-28T23:00:55.592+0200] {processor.py:186} INFO - Started process (PID=23959) to work on /Users/nampham/.pyenv/versions/3.12.9/lib/python3.12/site-packages/airflow/example_dags/example_task_group.py
[2025-02-28T23:00:55.593+0200] {processor.py:914} INFO - Processing file /Users/nampham/.pyenv/versions/3.12.9/lib/python3.12/site-packages/airflow/example_dags/example_task_group.py for tasks to queue
[2025-02-28T23:00:55.594+0200] {logging_mixin.py:190} INFO - [2025-02-28T23:00:55.594+0200] {dagbag.py:588} INFO - Filling up the DagBag from /Users/nampham/.pyenv/versions/3.12.9/lib/python3.12/site-packages/airflow/example_dags/example_task_group.py
[2025-02-28T23:00:55.597+0200] {processor.py:925} INFO - DAG(s) 'example_task_group' retrieved from /Users/nampham/.pyenv/versions/3.12.9/lib/python3.12/site-packages/airflow/example_dags/example_task_group.py
[2025-02-28T23:00:55.654+0200] {logging_mixin.py:190} INFO - [2025-02-28T23:00:55.654+0200] {dag.py:3239} INFO - Sync 1 DAGs
[2025-02-28T23:00:55.658+0200] {logging_mixin.py:190} INFO - [2025-02-28T23:00:55.658+0200] {dag.py:4180} INFO - Setting next_dagrun for example_task_group to None, run_after=None
[2025-02-28T23:00:55.664+0200] {processor.py:208} INFO - Processing /Users/nampham/.pyenv/versions/3.12.9/lib/python3.12/site-packages/airflow/example_dags/example_task_group.py took 0.073 seconds
[2025-02-28T23:02:09.806+0200] {processor.py:186} INFO - Started process (PID=24206) to work on /Users/nampham/.pyenv/versions/3.12.9/lib/python3.12/site-packages/airflow/example_dags/example_task_group.py
[2025-02-28T23:02:09.807+0200] {processor.py:914} INFO - Processing file /Users/nampham/.pyenv/versions/3.12.9/lib/python3.12/site-packages/airflow/example_dags/example_task_group.py for tasks to queue
[2025-02-28T23:02:09.807+0200] {logging_mixin.py:190} INFO - [2025-02-28T23:02:09.807+0200] {dagbag.py:588} INFO - Filling up the DagBag from /Users/nampham/.pyenv/versions/3.12.9/lib/python3.12/site-packages/airflow/example_dags/example_task_group.py
[2025-02-28T23:02:09.812+0200] {processor.py:925} INFO - DAG(s) 'example_task_group' retrieved from /Users/nampham/.pyenv/versions/3.12.9/lib/python3.12/site-packages/airflow/example_dags/example_task_group.py
[2025-02-28T23:02:09.870+0200] {logging_mixin.py:190} INFO - [2025-02-28T23:02:09.870+0200] {dag.py:3239} INFO - Sync 1 DAGs
[2025-02-28T23:02:09.874+0200] {logging_mixin.py:190} INFO - [2025-02-28T23:02:09.874+0200] {dag.py:4180} INFO - Setting next_dagrun for example_task_group to None, run_after=None
[2025-02-28T23:02:09.881+0200] {processor.py:208} INFO - Processing /Users/nampham/.pyenv/versions/3.12.9/lib/python3.12/site-packages/airflow/example_dags/example_task_group.py took 0.076 seconds
