[2025-02-28T18:25:54.028+0200] {processor.py:186} INFO - Started process (PID=93436) to work on /Users/nampham/.pyenv/versions/3.12.9/lib/python3.12/site-packages/airflow/example_dags/example_branch_operator.py
[2025-02-28T18:25:54.028+0200] {processor.py:914} INFO - Processing file /Users/nampham/.pyenv/versions/3.12.9/lib/python3.12/site-packages/airflow/example_dags/example_branch_operator.py for tasks to queue
[2025-02-28T18:25:54.029+0200] {logging_mixin.py:190} INFO - [2025-02-28T18:25:54.029+0200] {dagbag.py:588} INFO - Filling up the DagBag from /Users/nampham/.pyenv/versions/3.12.9/lib/python3.12/site-packages/airflow/example_dags/example_branch_operator.py
[2025-02-28T18:25:54.060+0200] {processor.py:927} WARNING - No viable dags retrieved from /Users/nampham/.pyenv/versions/3.12.9/lib/python3.12/site-packages/airflow/example_dags/example_branch_operator.py
[2025-02-28T18:25:54.090+0200] {processor.py:208} INFO - Processing /Users/nampham/.pyenv/versions/3.12.9/lib/python3.12/site-packages/airflow/example_dags/example_branch_operator.py took 0.063 seconds
[2025-02-28T18:28:33.199+0200] {processor.py:186} INFO - Started process (PID=94084) to work on /Users/nampham/.pyenv/versions/3.12.9/lib/python3.12/site-packages/airflow/example_dags/example_branch_operator.py
[2025-02-28T18:28:33.200+0200] {processor.py:914} INFO - Processing file /Users/nampham/.pyenv/versions/3.12.9/lib/python3.12/site-packages/airflow/example_dags/example_branch_operator.py for tasks to queue
[2025-02-28T18:28:33.200+0200] {logging_mixin.py:190} INFO - [2025-02-28T18:28:33.200+0200] {dagbag.py:588} INFO - Filling up the DagBag from /Users/nampham/.pyenv/versions/3.12.9/lib/python3.12/site-packages/airflow/example_dags/example_branch_operator.py
[2025-02-28T18:28:33.236+0200] {processor.py:927} WARNING - No viable dags retrieved from /Users/nampham/.pyenv/versions/3.12.9/lib/python3.12/site-packages/airflow/example_dags/example_branch_operator.py
[2025-02-28T18:28:33.267+0200] {processor.py:208} INFO - Processing /Users/nampham/.pyenv/versions/3.12.9/lib/python3.12/site-packages/airflow/example_dags/example_branch_operator.py took 0.071 seconds
[2025-02-28T20:13:56.612+0200] {processor.py:186} INFO - Started process (PID=98145) to work on /Users/nampham/.pyenv/versions/3.12.9/lib/python3.12/site-packages/airflow/example_dags/example_branch_operator.py
[2025-02-28T20:13:56.613+0200] {processor.py:914} INFO - Processing file /Users/nampham/.pyenv/versions/3.12.9/lib/python3.12/site-packages/airflow/example_dags/example_branch_operator.py for tasks to queue
[2025-02-28T20:13:56.613+0200] {logging_mixin.py:190} INFO - [2025-02-28T20:13:56.613+0200] {dagbag.py:588} INFO - Filling up the DagBag from /Users/nampham/.pyenv/versions/3.12.9/lib/python3.12/site-packages/airflow/example_dags/example_branch_operator.py
[2025-02-28T20:13:56.645+0200] {processor.py:927} WARNING - No viable dags retrieved from /Users/nampham/.pyenv/versions/3.12.9/lib/python3.12/site-packages/airflow/example_dags/example_branch_operator.py
[2025-02-28T20:13:56.674+0200] {processor.py:208} INFO - Processing /Users/nampham/.pyenv/versions/3.12.9/lib/python3.12/site-packages/airflow/example_dags/example_branch_operator.py took 0.063 seconds
[2025-02-28T20:16:34.332+0200] {processor.py:186} INFO - Started process (PID=98743) to work on /Users/nampham/.pyenv/versions/3.12.9/lib/python3.12/site-packages/airflow/example_dags/example_branch_operator.py
[2025-02-28T20:16:34.333+0200] {processor.py:914} INFO - Processing file /Users/nampham/.pyenv/versions/3.12.9/lib/python3.12/site-packages/airflow/example_dags/example_branch_operator.py for tasks to queue
[2025-02-28T20:16:34.334+0200] {logging_mixin.py:190} INFO - [2025-02-28T20:16:34.333+0200] {dagbag.py:588} INFO - Filling up the DagBag from /Users/nampham/.pyenv/versions/3.12.9/lib/python3.12/site-packages/airflow/example_dags/example_branch_operator.py
[2025-02-28T20:16:34.364+0200] {processor.py:927} WARNING - No viable dags retrieved from /Users/nampham/.pyenv/versions/3.12.9/lib/python3.12/site-packages/airflow/example_dags/example_branch_operator.py
[2025-02-28T20:16:34.394+0200] {processor.py:208} INFO - Processing /Users/nampham/.pyenv/versions/3.12.9/lib/python3.12/site-packages/airflow/example_dags/example_branch_operator.py took 0.063 seconds
[2025-02-28T20:19:37.098+0200] {processor.py:186} INFO - Started process (PID=99506) to work on /Users/nampham/.pyenv/versions/3.12.9/lib/python3.12/site-packages/airflow/example_dags/example_branch_operator.py
[2025-02-28T20:19:37.099+0200] {processor.py:914} INFO - Processing file /Users/nampham/.pyenv/versions/3.12.9/lib/python3.12/site-packages/airflow/example_dags/example_branch_operator.py for tasks to queue
[2025-02-28T20:19:37.099+0200] {logging_mixin.py:190} INFO - [2025-02-28T20:19:37.099+0200] {dagbag.py:588} INFO - Filling up the DagBag from /Users/nampham/.pyenv/versions/3.12.9/lib/python3.12/site-packages/airflow/example_dags/example_branch_operator.py
[2025-02-28T20:19:37.146+0200] {processor.py:927} WARNING - No viable dags retrieved from /Users/nampham/.pyenv/versions/3.12.9/lib/python3.12/site-packages/airflow/example_dags/example_branch_operator.py
[2025-02-28T20:19:37.185+0200] {processor.py:208} INFO - Processing /Users/nampham/.pyenv/versions/3.12.9/lib/python3.12/site-packages/airflow/example_dags/example_branch_operator.py took 0.093 seconds
[2025-02-28T20:22:15.189+0200] {processor.py:186} INFO - Started process (PID=215) to work on /Users/nampham/.pyenv/versions/3.12.9/lib/python3.12/site-packages/airflow/example_dags/example_branch_operator.py
[2025-02-28T20:22:15.189+0200] {processor.py:914} INFO - Processing file /Users/nampham/.pyenv/versions/3.12.9/lib/python3.12/site-packages/airflow/example_dags/example_branch_operator.py for tasks to queue
[2025-02-28T20:22:15.190+0200] {logging_mixin.py:190} INFO - [2025-02-28T20:22:15.190+0200] {dagbag.py:588} INFO - Filling up the DagBag from /Users/nampham/.pyenv/versions/3.12.9/lib/python3.12/site-packages/airflow/example_dags/example_branch_operator.py
[2025-02-28T20:22:15.221+0200] {processor.py:927} WARNING - No viable dags retrieved from /Users/nampham/.pyenv/versions/3.12.9/lib/python3.12/site-packages/airflow/example_dags/example_branch_operator.py
[2025-02-28T20:22:15.250+0200] {processor.py:208} INFO - Processing /Users/nampham/.pyenv/versions/3.12.9/lib/python3.12/site-packages/airflow/example_dags/example_branch_operator.py took 0.063 seconds
[2025-02-28T21:28:47.405+0200] {processor.py:186} INFO - Started process (PID=5743) to work on /Users/nampham/.pyenv/versions/3.12.9/lib/python3.12/site-packages/airflow/example_dags/example_branch_operator.py
[2025-02-28T21:28:47.406+0200] {processor.py:914} INFO - Processing file /Users/nampham/.pyenv/versions/3.12.9/lib/python3.12/site-packages/airflow/example_dags/example_branch_operator.py for tasks to queue
[2025-02-28T21:28:47.407+0200] {logging_mixin.py:190} INFO - [2025-02-28T21:28:47.407+0200] {dagbag.py:588} INFO - Filling up the DagBag from /Users/nampham/.pyenv/versions/3.12.9/lib/python3.12/site-packages/airflow/example_dags/example_branch_operator.py
[2025-02-28T21:28:47.442+0200] {processor.py:927} WARNING - No viable dags retrieved from /Users/nampham/.pyenv/versions/3.12.9/lib/python3.12/site-packages/airflow/example_dags/example_branch_operator.py
[2025-02-28T21:28:47.474+0200] {processor.py:208} INFO - Processing /Users/nampham/.pyenv/versions/3.12.9/lib/python3.12/site-packages/airflow/example_dags/example_branch_operator.py took 0.070 seconds
[2025-02-28T21:31:35.070+0200] {processor.py:186} INFO - Started process (PID=6385) to work on /Users/nampham/.pyenv/versions/3.12.9/lib/python3.12/site-packages/airflow/example_dags/example_branch_operator.py
[2025-02-28T21:31:35.072+0200] {processor.py:914} INFO - Processing file /Users/nampham/.pyenv/versions/3.12.9/lib/python3.12/site-packages/airflow/example_dags/example_branch_operator.py for tasks to queue
[2025-02-28T21:31:35.072+0200] {logging_mixin.py:190} INFO - [2025-02-28T21:31:35.072+0200] {dagbag.py:588} INFO - Filling up the DagBag from /Users/nampham/.pyenv/versions/3.12.9/lib/python3.12/site-packages/airflow/example_dags/example_branch_operator.py
[2025-02-28T21:31:35.104+0200] {processor.py:927} WARNING - No viable dags retrieved from /Users/nampham/.pyenv/versions/3.12.9/lib/python3.12/site-packages/airflow/example_dags/example_branch_operator.py
[2025-02-28T21:31:35.133+0200] {processor.py:208} INFO - Processing /Users/nampham/.pyenv/versions/3.12.9/lib/python3.12/site-packages/airflow/example_dags/example_branch_operator.py took 0.064 seconds
[2025-02-28T21:34:12.057+0200] {processor.py:186} INFO - Started process (PID=7205) to work on /Users/nampham/.pyenv/versions/3.12.9/lib/python3.12/site-packages/airflow/example_dags/example_branch_operator.py
[2025-02-28T21:34:12.058+0200] {processor.py:914} INFO - Processing file /Users/nampham/.pyenv/versions/3.12.9/lib/python3.12/site-packages/airflow/example_dags/example_branch_operator.py for tasks to queue
[2025-02-28T21:34:12.058+0200] {logging_mixin.py:190} INFO - [2025-02-28T21:34:12.058+0200] {dagbag.py:588} INFO - Filling up the DagBag from /Users/nampham/.pyenv/versions/3.12.9/lib/python3.12/site-packages/airflow/example_dags/example_branch_operator.py
[2025-02-28T21:34:12.092+0200] {processor.py:927} WARNING - No viable dags retrieved from /Users/nampham/.pyenv/versions/3.12.9/lib/python3.12/site-packages/airflow/example_dags/example_branch_operator.py
[2025-02-28T21:34:12.123+0200] {processor.py:208} INFO - Processing /Users/nampham/.pyenv/versions/3.12.9/lib/python3.12/site-packages/airflow/example_dags/example_branch_operator.py took 0.068 seconds
[2025-02-28T21:38:01.084+0200] {processor.py:186} INFO - Started process (PID=8124) to work on /Users/nampham/.pyenv/versions/3.12.9/lib/python3.12/site-packages/airflow/example_dags/example_branch_operator.py
[2025-02-28T21:38:01.085+0200] {processor.py:914} INFO - Processing file /Users/nampham/.pyenv/versions/3.12.9/lib/python3.12/site-packages/airflow/example_dags/example_branch_operator.py for tasks to queue
[2025-02-28T21:38:01.086+0200] {logging_mixin.py:190} INFO - [2025-02-28T21:38:01.086+0200] {dagbag.py:588} INFO - Filling up the DagBag from /Users/nampham/.pyenv/versions/3.12.9/lib/python3.12/site-packages/airflow/example_dags/example_branch_operator.py
[2025-02-28T21:38:01.117+0200] {processor.py:927} WARNING - No viable dags retrieved from /Users/nampham/.pyenv/versions/3.12.9/lib/python3.12/site-packages/airflow/example_dags/example_branch_operator.py
[2025-02-28T21:38:01.147+0200] {processor.py:208} INFO - Processing /Users/nampham/.pyenv/versions/3.12.9/lib/python3.12/site-packages/airflow/example_dags/example_branch_operator.py took 0.064 seconds
[2025-02-28T21:40:36.375+0200] {processor.py:186} INFO - Started process (PID=8699) to work on /Users/nampham/.pyenv/versions/3.12.9/lib/python3.12/site-packages/airflow/example_dags/example_branch_operator.py
[2025-02-28T21:40:36.376+0200] {processor.py:914} INFO - Processing file /Users/nampham/.pyenv/versions/3.12.9/lib/python3.12/site-packages/airflow/example_dags/example_branch_operator.py for tasks to queue
[2025-02-28T21:40:36.377+0200] {logging_mixin.py:190} INFO - [2025-02-28T21:40:36.377+0200] {dagbag.py:588} INFO - Filling up the DagBag from /Users/nampham/.pyenv/versions/3.12.9/lib/python3.12/site-packages/airflow/example_dags/example_branch_operator.py
[2025-02-28T21:40:36.409+0200] {processor.py:927} WARNING - No viable dags retrieved from /Users/nampham/.pyenv/versions/3.12.9/lib/python3.12/site-packages/airflow/example_dags/example_branch_operator.py
[2025-02-28T21:40:36.439+0200] {processor.py:208} INFO - Processing /Users/nampham/.pyenv/versions/3.12.9/lib/python3.12/site-packages/airflow/example_dags/example_branch_operator.py took 0.065 seconds
[2025-02-28T22:28:52.408+0200] {processor.py:186} INFO - Started process (PID=18330) to work on /Users/nampham/.pyenv/versions/3.12.9/lib/python3.12/site-packages/airflow/example_dags/example_branch_operator.py
[2025-02-28T22:28:52.409+0200] {processor.py:914} INFO - Processing file /Users/nampham/.pyenv/versions/3.12.9/lib/python3.12/site-packages/airflow/example_dags/example_branch_operator.py for tasks to queue
[2025-02-28T22:28:52.409+0200] {logging_mixin.py:190} INFO - [2025-02-28T22:28:52.409+0200] {dagbag.py:588} INFO - Filling up the DagBag from /Users/nampham/.pyenv/versions/3.12.9/lib/python3.12/site-packages/airflow/example_dags/example_branch_operator.py
[2025-02-28T22:28:52.443+0200] {processor.py:927} WARNING - No viable dags retrieved from /Users/nampham/.pyenv/versions/3.12.9/lib/python3.12/site-packages/airflow/example_dags/example_branch_operator.py
[2025-02-28T22:28:52.472+0200] {processor.py:208} INFO - Processing /Users/nampham/.pyenv/versions/3.12.9/lib/python3.12/site-packages/airflow/example_dags/example_branch_operator.py took 0.066 seconds
[2025-02-28T22:36:55.054+0200] {processor.py:186} INFO - Started process (PID=19995) to work on /Users/nampham/.pyenv/versions/3.12.9/lib/python3.12/site-packages/airflow/example_dags/example_branch_operator.py
[2025-02-28T22:36:55.056+0200] {processor.py:914} INFO - Processing file /Users/nampham/.pyenv/versions/3.12.9/lib/python3.12/site-packages/airflow/example_dags/example_branch_operator.py for tasks to queue
[2025-02-28T22:36:55.056+0200] {logging_mixin.py:190} INFO - [2025-02-28T22:36:55.056+0200] {dagbag.py:588} INFO - Filling up the DagBag from /Users/nampham/.pyenv/versions/3.12.9/lib/python3.12/site-packages/airflow/example_dags/example_branch_operator.py
[2025-02-28T22:36:55.087+0200] {processor.py:927} WARNING - No viable dags retrieved from /Users/nampham/.pyenv/versions/3.12.9/lib/python3.12/site-packages/airflow/example_dags/example_branch_operator.py
[2025-02-28T22:36:55.117+0200] {processor.py:208} INFO - Processing /Users/nampham/.pyenv/versions/3.12.9/lib/python3.12/site-packages/airflow/example_dags/example_branch_operator.py took 0.064 seconds
[2025-02-28T22:39:52.207+0200] {processor.py:186} INFO - Started process (PID=20594) to work on /Users/nampham/.pyenv/versions/3.12.9/lib/python3.12/site-packages/airflow/example_dags/example_branch_operator.py
[2025-02-28T22:39:52.208+0200] {processor.py:914} INFO - Processing file /Users/nampham/.pyenv/versions/3.12.9/lib/python3.12/site-packages/airflow/example_dags/example_branch_operator.py for tasks to queue
[2025-02-28T22:39:52.208+0200] {logging_mixin.py:190} INFO - [2025-02-28T22:39:52.208+0200] {dagbag.py:588} INFO - Filling up the DagBag from /Users/nampham/.pyenv/versions/3.12.9/lib/python3.12/site-packages/airflow/example_dags/example_branch_operator.py
[2025-02-28T22:39:52.239+0200] {processor.py:927} WARNING - No viable dags retrieved from /Users/nampham/.pyenv/versions/3.12.9/lib/python3.12/site-packages/airflow/example_dags/example_branch_operator.py
[2025-02-28T22:39:52.268+0200] {processor.py:208} INFO - Processing /Users/nampham/.pyenv/versions/3.12.9/lib/python3.12/site-packages/airflow/example_dags/example_branch_operator.py took 0.063 seconds
[2025-02-28T22:42:38.197+0200] {processor.py:186} INFO - Started process (PID=21165) to work on /Users/nampham/.pyenv/versions/3.12.9/lib/python3.12/site-packages/airflow/example_dags/example_branch_operator.py
[2025-02-28T22:42:38.198+0200] {processor.py:914} INFO - Processing file /Users/nampham/.pyenv/versions/3.12.9/lib/python3.12/site-packages/airflow/example_dags/example_branch_operator.py for tasks to queue
[2025-02-28T22:42:38.198+0200] {logging_mixin.py:190} INFO - [2025-02-28T22:42:38.198+0200] {dagbag.py:588} INFO - Filling up the DagBag from /Users/nampham/.pyenv/versions/3.12.9/lib/python3.12/site-packages/airflow/example_dags/example_branch_operator.py
[2025-02-28T22:42:38.229+0200] {processor.py:927} WARNING - No viable dags retrieved from /Users/nampham/.pyenv/versions/3.12.9/lib/python3.12/site-packages/airflow/example_dags/example_branch_operator.py
[2025-02-28T22:42:38.259+0200] {processor.py:208} INFO - Processing /Users/nampham/.pyenv/versions/3.12.9/lib/python3.12/site-packages/airflow/example_dags/example_branch_operator.py took 0.064 seconds
[2025-02-28T22:45:39.366+0200] {processor.py:186} INFO - Started process (PID=21798) to work on /Users/nampham/.pyenv/versions/3.12.9/lib/python3.12/site-packages/airflow/example_dags/example_branch_operator.py
[2025-02-28T22:45:39.367+0200] {processor.py:914} INFO - Processing file /Users/nampham/.pyenv/versions/3.12.9/lib/python3.12/site-packages/airflow/example_dags/example_branch_operator.py for tasks to queue
[2025-02-28T22:45:39.368+0200] {logging_mixin.py:190} INFO - [2025-02-28T22:45:39.367+0200] {dagbag.py:588} INFO - Filling up the DagBag from /Users/nampham/.pyenv/versions/3.12.9/lib/python3.12/site-packages/airflow/example_dags/example_branch_operator.py
[2025-02-28T22:45:39.398+0200] {processor.py:927} WARNING - No viable dags retrieved from /Users/nampham/.pyenv/versions/3.12.9/lib/python3.12/site-packages/airflow/example_dags/example_branch_operator.py
[2025-02-28T22:45:39.427+0200] {processor.py:208} INFO - Processing /Users/nampham/.pyenv/versions/3.12.9/lib/python3.12/site-packages/airflow/example_dags/example_branch_operator.py took 0.063 seconds
[2025-02-28T22:48:55.101+0200] {processor.py:186} INFO - Started process (PID=22364) to work on /Users/nampham/.pyenv/versions/3.12.9/lib/python3.12/site-packages/airflow/example_dags/example_branch_operator.py
[2025-02-28T22:48:55.101+0200] {processor.py:914} INFO - Processing file /Users/nampham/.pyenv/versions/3.12.9/lib/python3.12/site-packages/airflow/example_dags/example_branch_operator.py for tasks to queue
[2025-02-28T22:48:55.102+0200] {logging_mixin.py:190} INFO - [2025-02-28T22:48:55.102+0200] {dagbag.py:588} INFO - Filling up the DagBag from /Users/nampham/.pyenv/versions/3.12.9/lib/python3.12/site-packages/airflow/example_dags/example_branch_operator.py
[2025-02-28T22:48:55.132+0200] {processor.py:927} WARNING - No viable dags retrieved from /Users/nampham/.pyenv/versions/3.12.9/lib/python3.12/site-packages/airflow/example_dags/example_branch_operator.py
[2025-02-28T22:48:55.162+0200] {processor.py:208} INFO - Processing /Users/nampham/.pyenv/versions/3.12.9/lib/python3.12/site-packages/airflow/example_dags/example_branch_operator.py took 0.062 seconds
[2025-02-28T22:57:08.258+0200] {processor.py:186} INFO - Started process (PID=23192) to work on /Users/nampham/.pyenv/versions/3.12.9/lib/python3.12/site-packages/airflow/example_dags/example_branch_operator.py
[2025-02-28T22:57:08.259+0200] {processor.py:914} INFO - Processing file /Users/nampham/.pyenv/versions/3.12.9/lib/python3.12/site-packages/airflow/example_dags/example_branch_operator.py for tasks to queue
[2025-02-28T22:57:08.259+0200] {logging_mixin.py:190} INFO - [2025-02-28T22:57:08.259+0200] {dagbag.py:588} INFO - Filling up the DagBag from /Users/nampham/.pyenv/versions/3.12.9/lib/python3.12/site-packages/airflow/example_dags/example_branch_operator.py
[2025-02-28T22:57:08.290+0200] {processor.py:927} WARNING - No viable dags retrieved from /Users/nampham/.pyenv/versions/3.12.9/lib/python3.12/site-packages/airflow/example_dags/example_branch_operator.py
[2025-02-28T22:57:08.319+0200] {processor.py:208} INFO - Processing /Users/nampham/.pyenv/versions/3.12.9/lib/python3.12/site-packages/airflow/example_dags/example_branch_operator.py took 0.062 seconds
[2025-02-28T22:59:41.502+0200] {processor.py:186} INFO - Started process (PID=23687) to work on /Users/nampham/.pyenv/versions/3.12.9/lib/python3.12/site-packages/airflow/example_dags/example_branch_operator.py
[2025-02-28T22:59:41.503+0200] {processor.py:914} INFO - Processing file /Users/nampham/.pyenv/versions/3.12.9/lib/python3.12/site-packages/airflow/example_dags/example_branch_operator.py for tasks to queue
[2025-02-28T22:59:41.504+0200] {logging_mixin.py:190} INFO - [2025-02-28T22:59:41.504+0200] {dagbag.py:588} INFO - Filling up the DagBag from /Users/nampham/.pyenv/versions/3.12.9/lib/python3.12/site-packages/airflow/example_dags/example_branch_operator.py
[2025-02-28T22:59:41.535+0200] {processor.py:927} WARNING - No viable dags retrieved from /Users/nampham/.pyenv/versions/3.12.9/lib/python3.12/site-packages/airflow/example_dags/example_branch_operator.py
[2025-02-28T22:59:41.564+0200] {processor.py:208} INFO - Processing /Users/nampham/.pyenv/versions/3.12.9/lib/python3.12/site-packages/airflow/example_dags/example_branch_operator.py took 0.063 seconds
