[2025-02-28T18:25:55.895+0200] {processor.py:186} INFO - Started process (PID=93444) to work on /Users/nampham/.pyenv/versions/3.12.9/lib/python3.12/site-packages/airflow/example_dags/example_branch_labels.py
[2025-02-28T18:25:55.896+0200] {processor.py:914} INFO - Processing file /Users/nampham/.pyenv/versions/3.12.9/lib/python3.12/site-packages/airflow/example_dags/example_branch_labels.py for tasks to queue
[2025-02-28T18:25:55.896+0200] {logging_mixin.py:190} INFO - [2025-02-28T18:25:55.896+0200] {dagbag.py:588} INFO - Filling up the DagBag from /Users/nampham/.pyenv/versions/3.12.9/lib/python3.12/site-packages/airflow/example_dags/example_branch_labels.py
[2025-02-28T18:25:55.900+0200] {processor.py:925} INFO - DAG(s) 'example_branch_labels' retrieved from /Users/nampham/.pyenv/versions/3.12.9/lib/python3.12/site-packages/airflow/example_dags/example_branch_labels.py
[2025-02-28T18:25:55.990+0200] {logging_mixin.py:190} INFO - [2025-02-28T18:25:55.990+0200] {override.py:1930} INFO - Created Permission View: can edit on DAG:example_branch_labels
[2025-02-28T18:25:55.996+0200] {logging_mixin.py:190} INFO - [2025-02-28T18:25:55.996+0200] {override.py:1930} INFO - Created Permission View: can read on DAG:example_branch_labels
[2025-02-28T18:25:55.998+0200] {logging_mixin.py:190} INFO - [2025-02-28T18:25:55.997+0200] {override.py:1930} INFO - Created Permission View: can delete on DAG:example_branch_labels
[2025-02-28T18:25:56.001+0200] {logging_mixin.py:190} INFO - [2025-02-28T18:25:56.001+0200] {override.py:1930} INFO - Created Permission View: menu access on DAG Run:example_branch_labels
[2025-02-28T18:25:56.003+0200] {logging_mixin.py:190} INFO - [2025-02-28T18:25:56.003+0200] {override.py:1930} INFO - Created Permission View: can delete on DAG Run:example_branch_labels
[2025-02-28T18:25:56.006+0200] {logging_mixin.py:190} INFO - [2025-02-28T18:25:56.006+0200] {override.py:1930} INFO - Created Permission View: can read on DAG Run:example_branch_labels
[2025-02-28T18:25:56.008+0200] {logging_mixin.py:190} INFO - [2025-02-28T18:25:56.008+0200] {override.py:1930} INFO - Created Permission View: can create on DAG Run:example_branch_labels
[2025-02-28T18:25:56.008+0200] {logging_mixin.py:190} INFO - [2025-02-28T18:25:56.008+0200] {dag.py:3239} INFO - Sync 1 DAGs
[2025-02-28T18:25:56.012+0200] {logging_mixin.py:190} INFO - [2025-02-28T18:25:56.012+0200] {dag.py:3262} INFO - Creating ORM DAG for example_branch_labels
[2025-02-28T18:25:56.015+0200] {logging_mixin.py:190} INFO - [2025-02-28T18:25:56.015+0200] {dag.py:4180} INFO - Setting next_dagrun for example_branch_labels to 2025-02-27 00:00:00+00:00, run_after=2025-02-28 00:00:00+00:00
[2025-02-28T18:25:56.019+0200] {processor.py:208} INFO - Processing /Users/nampham/.pyenv/versions/3.12.9/lib/python3.12/site-packages/airflow/example_dags/example_branch_labels.py took 0.126 seconds
[2025-02-28T18:28:35.086+0200] {processor.py:186} INFO - Started process (PID=94091) to work on /Users/nampham/.pyenv/versions/3.12.9/lib/python3.12/site-packages/airflow/example_dags/example_branch_labels.py
[2025-02-28T18:28:35.087+0200] {processor.py:914} INFO - Processing file /Users/nampham/.pyenv/versions/3.12.9/lib/python3.12/site-packages/airflow/example_dags/example_branch_labels.py for tasks to queue
[2025-02-28T18:28:35.088+0200] {logging_mixin.py:190} INFO - [2025-02-28T18:28:35.088+0200] {dagbag.py:588} INFO - Filling up the DagBag from /Users/nampham/.pyenv/versions/3.12.9/lib/python3.12/site-packages/airflow/example_dags/example_branch_labels.py
[2025-02-28T18:28:35.091+0200] {processor.py:925} INFO - DAG(s) 'example_branch_labels' retrieved from /Users/nampham/.pyenv/versions/3.12.9/lib/python3.12/site-packages/airflow/example_dags/example_branch_labels.py
[2025-02-28T18:28:35.149+0200] {logging_mixin.py:190} INFO - [2025-02-28T18:28:35.149+0200] {dag.py:3239} INFO - Sync 1 DAGs
[2025-02-28T18:28:35.156+0200] {logging_mixin.py:190} INFO - [2025-02-28T18:28:35.156+0200] {dag.py:4180} INFO - Setting next_dagrun for example_branch_labels to 2025-02-27 00:00:00+00:00, run_after=2025-02-28 00:00:00+00:00
[2025-02-28T18:28:35.162+0200] {processor.py:208} INFO - Processing /Users/nampham/.pyenv/versions/3.12.9/lib/python3.12/site-packages/airflow/example_dags/example_branch_labels.py took 0.077 seconds
[2025-02-28T20:13:58.484+0200] {processor.py:186} INFO - Started process (PID=98154) to work on /Users/nampham/.pyenv/versions/3.12.9/lib/python3.12/site-packages/airflow/example_dags/example_branch_labels.py
[2025-02-28T20:13:58.485+0200] {processor.py:914} INFO - Processing file /Users/nampham/.pyenv/versions/3.12.9/lib/python3.12/site-packages/airflow/example_dags/example_branch_labels.py for tasks to queue
[2025-02-28T20:13:58.485+0200] {logging_mixin.py:190} INFO - [2025-02-28T20:13:58.485+0200] {dagbag.py:588} INFO - Filling up the DagBag from /Users/nampham/.pyenv/versions/3.12.9/lib/python3.12/site-packages/airflow/example_dags/example_branch_labels.py
[2025-02-28T20:13:58.489+0200] {processor.py:925} INFO - DAG(s) 'example_branch_labels' retrieved from /Users/nampham/.pyenv/versions/3.12.9/lib/python3.12/site-packages/airflow/example_dags/example_branch_labels.py
[2025-02-28T20:13:58.578+0200] {logging_mixin.py:190} INFO - [2025-02-28T20:13:58.578+0200] {dag.py:3239} INFO - Sync 1 DAGs
[2025-02-28T20:13:58.584+0200] {logging_mixin.py:190} INFO - [2025-02-28T20:13:58.584+0200] {dag.py:4180} INFO - Setting next_dagrun for example_branch_labels to 2025-02-27 00:00:00+00:00, run_after=2025-02-28 00:00:00+00:00
[2025-02-28T20:13:58.590+0200] {processor.py:208} INFO - Processing /Users/nampham/.pyenv/versions/3.12.9/lib/python3.12/site-packages/airflow/example_dags/example_branch_labels.py took 0.107 seconds
[2025-02-28T20:16:36.195+0200] {processor.py:186} INFO - Started process (PID=98749) to work on /Users/nampham/.pyenv/versions/3.12.9/lib/python3.12/site-packages/airflow/example_dags/example_branch_labels.py
[2025-02-28T20:16:36.196+0200] {processor.py:914} INFO - Processing file /Users/nampham/.pyenv/versions/3.12.9/lib/python3.12/site-packages/airflow/example_dags/example_branch_labels.py for tasks to queue
[2025-02-28T20:16:36.196+0200] {logging_mixin.py:190} INFO - [2025-02-28T20:16:36.196+0200] {dagbag.py:588} INFO - Filling up the DagBag from /Users/nampham/.pyenv/versions/3.12.9/lib/python3.12/site-packages/airflow/example_dags/example_branch_labels.py
[2025-02-28T20:16:36.200+0200] {processor.py:925} INFO - DAG(s) 'example_branch_labels' retrieved from /Users/nampham/.pyenv/versions/3.12.9/lib/python3.12/site-packages/airflow/example_dags/example_branch_labels.py
[2025-02-28T20:16:36.257+0200] {logging_mixin.py:190} INFO - [2025-02-28T20:16:36.257+0200] {dag.py:3239} INFO - Sync 1 DAGs
[2025-02-28T20:16:36.264+0200] {logging_mixin.py:190} INFO - [2025-02-28T20:16:36.264+0200] {dag.py:4180} INFO - Setting next_dagrun for example_branch_labels to 2025-02-27 00:00:00+00:00, run_after=2025-02-28 00:00:00+00:00
[2025-02-28T20:16:36.270+0200] {processor.py:208} INFO - Processing /Users/nampham/.pyenv/versions/3.12.9/lib/python3.12/site-packages/airflow/example_dags/example_branch_labels.py took 0.077 seconds
[2025-02-28T20:19:39.130+0200] {processor.py:186} INFO - Started process (PID=99513) to work on /Users/nampham/.pyenv/versions/3.12.9/lib/python3.12/site-packages/airflow/example_dags/example_branch_labels.py
[2025-02-28T20:19:39.131+0200] {processor.py:914} INFO - Processing file /Users/nampham/.pyenv/versions/3.12.9/lib/python3.12/site-packages/airflow/example_dags/example_branch_labels.py for tasks to queue
[2025-02-28T20:19:39.132+0200] {logging_mixin.py:190} INFO - [2025-02-28T20:19:39.132+0200] {dagbag.py:588} INFO - Filling up the DagBag from /Users/nampham/.pyenv/versions/3.12.9/lib/python3.12/site-packages/airflow/example_dags/example_branch_labels.py
[2025-02-28T20:19:39.136+0200] {processor.py:925} INFO - DAG(s) 'example_branch_labels' retrieved from /Users/nampham/.pyenv/versions/3.12.9/lib/python3.12/site-packages/airflow/example_dags/example_branch_labels.py
[2025-02-28T20:19:39.209+0200] {logging_mixin.py:190} INFO - [2025-02-28T20:19:39.208+0200] {dag.py:3239} INFO - Sync 1 DAGs
[2025-02-28T20:19:39.216+0200] {logging_mixin.py:190} INFO - [2025-02-28T20:19:39.216+0200] {dag.py:4180} INFO - Setting next_dagrun for example_branch_labels to 2025-02-27 00:00:00+00:00, run_after=2025-02-28 00:00:00+00:00
[2025-02-28T20:19:39.223+0200] {processor.py:208} INFO - Processing /Users/nampham/.pyenv/versions/3.12.9/lib/python3.12/site-packages/airflow/example_dags/example_branch_labels.py took 0.094 seconds
[2025-02-28T20:22:16.610+0200] {processor.py:186} INFO - Started process (PID=221) to work on /Users/nampham/.pyenv/versions/3.12.9/lib/python3.12/site-packages/airflow/example_dags/example_branch_labels.py
[2025-02-28T20:22:16.611+0200] {processor.py:914} INFO - Processing file /Users/nampham/.pyenv/versions/3.12.9/lib/python3.12/site-packages/airflow/example_dags/example_branch_labels.py for tasks to queue
[2025-02-28T20:22:16.611+0200] {logging_mixin.py:190} INFO - [2025-02-28T20:22:16.611+0200] {dagbag.py:588} INFO - Filling up the DagBag from /Users/nampham/.pyenv/versions/3.12.9/lib/python3.12/site-packages/airflow/example_dags/example_branch_labels.py
[2025-02-28T20:22:16.614+0200] {processor.py:925} INFO - DAG(s) 'example_branch_labels' retrieved from /Users/nampham/.pyenv/versions/3.12.9/lib/python3.12/site-packages/airflow/example_dags/example_branch_labels.py
[2025-02-28T20:22:16.673+0200] {logging_mixin.py:190} INFO - [2025-02-28T20:22:16.673+0200] {dag.py:3239} INFO - Sync 1 DAGs
[2025-02-28T20:22:16.680+0200] {logging_mixin.py:190} INFO - [2025-02-28T20:22:16.680+0200] {dag.py:4180} INFO - Setting next_dagrun for example_branch_labels to 2025-02-27 00:00:00+00:00, run_after=2025-02-28 00:00:00+00:00
[2025-02-28T20:22:16.686+0200] {processor.py:208} INFO - Processing /Users/nampham/.pyenv/versions/3.12.9/lib/python3.12/site-packages/airflow/example_dags/example_branch_labels.py took 0.077 seconds
[2025-02-28T21:28:49.320+0200] {processor.py:186} INFO - Started process (PID=5750) to work on /Users/nampham/.pyenv/versions/3.12.9/lib/python3.12/site-packages/airflow/example_dags/example_branch_labels.py
[2025-02-28T21:28:49.320+0200] {processor.py:914} INFO - Processing file /Users/nampham/.pyenv/versions/3.12.9/lib/python3.12/site-packages/airflow/example_dags/example_branch_labels.py for tasks to queue
[2025-02-28T21:28:49.321+0200] {logging_mixin.py:190} INFO - [2025-02-28T21:28:49.321+0200] {dagbag.py:588} INFO - Filling up the DagBag from /Users/nampham/.pyenv/versions/3.12.9/lib/python3.12/site-packages/airflow/example_dags/example_branch_labels.py
[2025-02-28T21:28:49.325+0200] {processor.py:925} INFO - DAG(s) 'example_branch_labels' retrieved from /Users/nampham/.pyenv/versions/3.12.9/lib/python3.12/site-packages/airflow/example_dags/example_branch_labels.py
[2025-02-28T21:28:49.388+0200] {logging_mixin.py:190} INFO - [2025-02-28T21:28:49.388+0200] {dag.py:3239} INFO - Sync 1 DAGs
[2025-02-28T21:28:49.395+0200] {logging_mixin.py:190} INFO - [2025-02-28T21:28:49.395+0200] {dag.py:4180} INFO - Setting next_dagrun for example_branch_labels to 2025-02-27 00:00:00+00:00, run_after=2025-02-28 00:00:00+00:00
[2025-02-28T21:28:49.401+0200] {processor.py:208} INFO - Processing /Users/nampham/.pyenv/versions/3.12.9/lib/python3.12/site-packages/airflow/example_dags/example_branch_labels.py took 0.083 seconds
[2025-02-28T21:31:37.029+0200] {processor.py:186} INFO - Started process (PID=6393) to work on /Users/nampham/.pyenv/versions/3.12.9/lib/python3.12/site-packages/airflow/example_dags/example_branch_labels.py
[2025-02-28T21:31:37.031+0200] {processor.py:914} INFO - Processing file /Users/nampham/.pyenv/versions/3.12.9/lib/python3.12/site-packages/airflow/example_dags/example_branch_labels.py for tasks to queue
[2025-02-28T21:31:37.031+0200] {logging_mixin.py:190} INFO - [2025-02-28T21:31:37.031+0200] {dagbag.py:588} INFO - Filling up the DagBag from /Users/nampham/.pyenv/versions/3.12.9/lib/python3.12/site-packages/airflow/example_dags/example_branch_labels.py
[2025-02-28T21:31:37.035+0200] {processor.py:925} INFO - DAG(s) 'example_branch_labels' retrieved from /Users/nampham/.pyenv/versions/3.12.9/lib/python3.12/site-packages/airflow/example_dags/example_branch_labels.py
[2025-02-28T21:31:37.096+0200] {logging_mixin.py:190} INFO - [2025-02-28T21:31:37.096+0200] {dag.py:3239} INFO - Sync 1 DAGs
[2025-02-28T21:31:37.103+0200] {logging_mixin.py:190} INFO - [2025-02-28T21:31:37.103+0200] {dag.py:4180} INFO - Setting next_dagrun for example_branch_labels to 2025-02-27 00:00:00+00:00, run_after=2025-02-28 00:00:00+00:00
[2025-02-28T21:31:37.109+0200] {processor.py:208} INFO - Processing /Users/nampham/.pyenv/versions/3.12.9/lib/python3.12/site-packages/airflow/example_dags/example_branch_labels.py took 0.081 seconds
[2025-02-28T21:34:13.230+0200] {processor.py:186} INFO - Started process (PID=7210) to work on /Users/nampham/.pyenv/versions/3.12.9/lib/python3.12/site-packages/airflow/example_dags/example_branch_labels.py
[2025-02-28T21:34:13.230+0200] {processor.py:914} INFO - Processing file /Users/nampham/.pyenv/versions/3.12.9/lib/python3.12/site-packages/airflow/example_dags/example_branch_labels.py for tasks to queue
[2025-02-28T21:34:13.231+0200] {logging_mixin.py:190} INFO - [2025-02-28T21:34:13.231+0200] {dagbag.py:588} INFO - Filling up the DagBag from /Users/nampham/.pyenv/versions/3.12.9/lib/python3.12/site-packages/airflow/example_dags/example_branch_labels.py
[2025-02-28T21:34:13.235+0200] {processor.py:925} INFO - DAG(s) 'example_branch_labels' retrieved from /Users/nampham/.pyenv/versions/3.12.9/lib/python3.12/site-packages/airflow/example_dags/example_branch_labels.py
[2025-02-28T21:34:13.297+0200] {logging_mixin.py:190} INFO - [2025-02-28T21:34:13.297+0200] {dag.py:3239} INFO - Sync 1 DAGs
[2025-02-28T21:34:13.304+0200] {logging_mixin.py:190} INFO - [2025-02-28T21:34:13.304+0200] {dag.py:4180} INFO - Setting next_dagrun for example_branch_labels to 2025-02-27 00:00:00+00:00, run_after=2025-02-28 00:00:00+00:00
[2025-02-28T21:34:13.310+0200] {processor.py:208} INFO - Processing /Users/nampham/.pyenv/versions/3.12.9/lib/python3.12/site-packages/airflow/example_dags/example_branch_labels.py took 0.082 seconds
[2025-02-28T21:38:02.958+0200] {processor.py:186} INFO - Started process (PID=8130) to work on /Users/nampham/.pyenv/versions/3.12.9/lib/python3.12/site-packages/airflow/example_dags/example_branch_labels.py
[2025-02-28T21:38:02.959+0200] {processor.py:914} INFO - Processing file /Users/nampham/.pyenv/versions/3.12.9/lib/python3.12/site-packages/airflow/example_dags/example_branch_labels.py for tasks to queue
[2025-02-28T21:38:02.959+0200] {logging_mixin.py:190} INFO - [2025-02-28T21:38:02.959+0200] {dagbag.py:588} INFO - Filling up the DagBag from /Users/nampham/.pyenv/versions/3.12.9/lib/python3.12/site-packages/airflow/example_dags/example_branch_labels.py
[2025-02-28T21:38:02.963+0200] {processor.py:925} INFO - DAG(s) 'example_branch_labels' retrieved from /Users/nampham/.pyenv/versions/3.12.9/lib/python3.12/site-packages/airflow/example_dags/example_branch_labels.py
[2025-02-28T21:38:03.053+0200] {logging_mixin.py:190} INFO - [2025-02-28T21:38:03.053+0200] {override.py:1930} INFO - Created Permission View: can delete on DAG:example_branch_labels
[2025-02-28T21:38:03.056+0200] {logging_mixin.py:190} INFO - [2025-02-28T21:38:03.056+0200] {override.py:1930} INFO - Created Permission View: can edit on DAG:example_branch_labels
[2025-02-28T21:38:03.058+0200] {logging_mixin.py:190} INFO - [2025-02-28T21:38:03.058+0200] {override.py:1930} INFO - Created Permission View: can read on DAG:example_branch_labels
[2025-02-28T21:38:03.060+0200] {logging_mixin.py:190} INFO - [2025-02-28T21:38:03.060+0200] {override.py:1930} INFO - Created Permission View: can delete on DAG Run:example_branch_labels
[2025-02-28T21:38:03.062+0200] {logging_mixin.py:190} INFO - [2025-02-28T21:38:03.062+0200] {override.py:1930} INFO - Created Permission View: can create on DAG Run:example_branch_labels
[2025-02-28T21:38:03.064+0200] {logging_mixin.py:190} INFO - [2025-02-28T21:38:03.064+0200] {override.py:1930} INFO - Created Permission View: menu access on DAG Run:example_branch_labels
[2025-02-28T21:38:03.066+0200] {logging_mixin.py:190} INFO - [2025-02-28T21:38:03.065+0200] {override.py:1930} INFO - Created Permission View: can read on DAG Run:example_branch_labels
[2025-02-28T21:38:03.066+0200] {logging_mixin.py:190} INFO - [2025-02-28T21:38:03.066+0200] {dag.py:3239} INFO - Sync 1 DAGs
[2025-02-28T21:38:03.069+0200] {logging_mixin.py:190} INFO - [2025-02-28T21:38:03.069+0200] {dag.py:3262} INFO - Creating ORM DAG for example_branch_labels
[2025-02-28T21:38:03.072+0200] {logging_mixin.py:190} INFO - [2025-02-28T21:38:03.072+0200] {dag.py:4180} INFO - Setting next_dagrun for example_branch_labels to 2025-02-27 00:00:00+00:00, run_after=2025-02-28 00:00:00+00:00
[2025-02-28T21:38:03.077+0200] {processor.py:208} INFO - Processing /Users/nampham/.pyenv/versions/3.12.9/lib/python3.12/site-packages/airflow/example_dags/example_branch_labels.py took 0.121 seconds
[2025-02-28T21:40:38.309+0200] {processor.py:186} INFO - Started process (PID=8706) to work on /Users/nampham/.pyenv/versions/3.12.9/lib/python3.12/site-packages/airflow/example_dags/example_branch_labels.py
[2025-02-28T21:40:38.310+0200] {processor.py:914} INFO - Processing file /Users/nampham/.pyenv/versions/3.12.9/lib/python3.12/site-packages/airflow/example_dags/example_branch_labels.py for tasks to queue
[2025-02-28T21:40:38.310+0200] {logging_mixin.py:190} INFO - [2025-02-28T21:40:38.310+0200] {dagbag.py:588} INFO - Filling up the DagBag from /Users/nampham/.pyenv/versions/3.12.9/lib/python3.12/site-packages/airflow/example_dags/example_branch_labels.py
[2025-02-28T21:40:38.314+0200] {processor.py:925} INFO - DAG(s) 'example_branch_labels' retrieved from /Users/nampham/.pyenv/versions/3.12.9/lib/python3.12/site-packages/airflow/example_dags/example_branch_labels.py
[2025-02-28T21:40:38.372+0200] {logging_mixin.py:190} INFO - [2025-02-28T21:40:38.372+0200] {dag.py:3239} INFO - Sync 1 DAGs
[2025-02-28T21:40:38.379+0200] {logging_mixin.py:190} INFO - [2025-02-28T21:40:38.379+0200] {dag.py:4180} INFO - Setting next_dagrun for example_branch_labels to 2025-02-27 00:00:00+00:00, run_after=2025-02-28 00:00:00+00:00
[2025-02-28T21:40:38.385+0200] {processor.py:208} INFO - Processing /Users/nampham/.pyenv/versions/3.12.9/lib/python3.12/site-packages/airflow/example_dags/example_branch_labels.py took 0.078 seconds
[2025-02-28T22:28:54.295+0200] {processor.py:186} INFO - Started process (PID=18348) to work on /Users/nampham/.pyenv/versions/3.12.9/lib/python3.12/site-packages/airflow/example_dags/example_branch_labels.py
[2025-02-28T22:28:54.296+0200] {processor.py:914} INFO - Processing file /Users/nampham/.pyenv/versions/3.12.9/lib/python3.12/site-packages/airflow/example_dags/example_branch_labels.py for tasks to queue
[2025-02-28T22:28:54.296+0200] {logging_mixin.py:190} INFO - [2025-02-28T22:28:54.296+0200] {dagbag.py:588} INFO - Filling up the DagBag from /Users/nampham/.pyenv/versions/3.12.9/lib/python3.12/site-packages/airflow/example_dags/example_branch_labels.py
[2025-02-28T22:28:54.300+0200] {processor.py:925} INFO - DAG(s) 'example_branch_labels' retrieved from /Users/nampham/.pyenv/versions/3.12.9/lib/python3.12/site-packages/airflow/example_dags/example_branch_labels.py
[2025-02-28T22:28:54.392+0200] {logging_mixin.py:190} INFO - [2025-02-28T22:28:54.392+0200] {override.py:1930} INFO - Created Permission View: can edit on DAG:example_branch_labels
[2025-02-28T22:28:54.395+0200] {logging_mixin.py:190} INFO - [2025-02-28T22:28:54.395+0200] {override.py:1930} INFO - Created Permission View: can read on DAG:example_branch_labels
[2025-02-28T22:28:54.397+0200] {logging_mixin.py:190} INFO - [2025-02-28T22:28:54.397+0200] {override.py:1930} INFO - Created Permission View: can delete on DAG:example_branch_labels
[2025-02-28T22:28:54.399+0200] {logging_mixin.py:190} INFO - [2025-02-28T22:28:54.399+0200] {override.py:1930} INFO - Created Permission View: can create on DAG Run:example_branch_labels
[2025-02-28T22:28:54.401+0200] {logging_mixin.py:190} INFO - [2025-02-28T22:28:54.401+0200] {override.py:1930} INFO - Created Permission View: can read on DAG Run:example_branch_labels
[2025-02-28T22:28:54.403+0200] {logging_mixin.py:190} INFO - [2025-02-28T22:28:54.403+0200] {override.py:1930} INFO - Created Permission View: can delete on DAG Run:example_branch_labels
[2025-02-28T22:28:54.405+0200] {logging_mixin.py:190} INFO - [2025-02-28T22:28:54.405+0200] {override.py:1930} INFO - Created Permission View: menu access on DAG Run:example_branch_labels
[2025-02-28T22:28:54.405+0200] {logging_mixin.py:190} INFO - [2025-02-28T22:28:54.405+0200] {dag.py:3239} INFO - Sync 1 DAGs
[2025-02-28T22:28:54.409+0200] {logging_mixin.py:190} INFO - [2025-02-28T22:28:54.409+0200] {dag.py:3262} INFO - Creating ORM DAG for example_branch_labels
[2025-02-28T22:28:54.412+0200] {logging_mixin.py:190} INFO - [2025-02-28T22:28:54.412+0200] {dag.py:4180} INFO - Setting next_dagrun for example_branch_labels to 2025-02-27 00:00:00+00:00, run_after=2025-02-28 00:00:00+00:00
[2025-02-28T22:28:54.417+0200] {processor.py:208} INFO - Processing /Users/nampham/.pyenv/versions/3.12.9/lib/python3.12/site-packages/airflow/example_dags/example_branch_labels.py took 0.123 seconds
[2025-02-28T22:36:56.923+0200] {processor.py:186} INFO - Started process (PID=20001) to work on /Users/nampham/.pyenv/versions/3.12.9/lib/python3.12/site-packages/airflow/example_dags/example_branch_labels.py
[2025-02-28T22:36:56.924+0200] {processor.py:914} INFO - Processing file /Users/nampham/.pyenv/versions/3.12.9/lib/python3.12/site-packages/airflow/example_dags/example_branch_labels.py for tasks to queue
[2025-02-28T22:36:56.924+0200] {logging_mixin.py:190} INFO - [2025-02-28T22:36:56.924+0200] {dagbag.py:588} INFO - Filling up the DagBag from /Users/nampham/.pyenv/versions/3.12.9/lib/python3.12/site-packages/airflow/example_dags/example_branch_labels.py
[2025-02-28T22:36:56.928+0200] {processor.py:925} INFO - DAG(s) 'example_branch_labels' retrieved from /Users/nampham/.pyenv/versions/3.12.9/lib/python3.12/site-packages/airflow/example_dags/example_branch_labels.py
[2025-02-28T22:36:57.016+0200] {logging_mixin.py:190} INFO - [2025-02-28T22:36:57.016+0200] {override.py:1930} INFO - Created Permission View: can edit on DAG:example_branch_labels
[2025-02-28T22:36:57.019+0200] {logging_mixin.py:190} INFO - [2025-02-28T22:36:57.019+0200] {override.py:1930} INFO - Created Permission View: can read on DAG:example_branch_labels
[2025-02-28T22:36:57.021+0200] {logging_mixin.py:190} INFO - [2025-02-28T22:36:57.021+0200] {override.py:1930} INFO - Created Permission View: can delete on DAG:example_branch_labels
[2025-02-28T22:36:57.023+0200] {logging_mixin.py:190} INFO - [2025-02-28T22:36:57.023+0200] {override.py:1930} INFO - Created Permission View: can delete on DAG Run:example_branch_labels
[2025-02-28T22:36:57.025+0200] {logging_mixin.py:190} INFO - [2025-02-28T22:36:57.025+0200] {override.py:1930} INFO - Created Permission View: can read on DAG Run:example_branch_labels
[2025-02-28T22:36:57.027+0200] {logging_mixin.py:190} INFO - [2025-02-28T22:36:57.027+0200] {override.py:1930} INFO - Created Permission View: menu access on DAG Run:example_branch_labels
[2025-02-28T22:36:57.028+0200] {logging_mixin.py:190} INFO - [2025-02-28T22:36:57.028+0200] {override.py:1930} INFO - Created Permission View: can create on DAG Run:example_branch_labels
[2025-02-28T22:36:57.028+0200] {logging_mixin.py:190} INFO - [2025-02-28T22:36:57.028+0200] {dag.py:3239} INFO - Sync 1 DAGs
[2025-02-28T22:36:57.032+0200] {logging_mixin.py:190} INFO - [2025-02-28T22:36:57.032+0200] {dag.py:3262} INFO - Creating ORM DAG for example_branch_labels
[2025-02-28T22:36:57.035+0200] {logging_mixin.py:190} INFO - [2025-02-28T22:36:57.035+0200] {dag.py:4180} INFO - Setting next_dagrun for example_branch_labels to 2025-02-27 00:00:00+00:00, run_after=2025-02-28 00:00:00+00:00
[2025-02-28T22:36:57.040+0200] {processor.py:208} INFO - Processing /Users/nampham/.pyenv/versions/3.12.9/lib/python3.12/site-packages/airflow/example_dags/example_branch_labels.py took 0.118 seconds
[2025-02-28T22:39:53.621+0200] {processor.py:186} INFO - Started process (PID=20600) to work on /Users/nampham/.pyenv/versions/3.12.9/lib/python3.12/site-packages/airflow/example_dags/example_branch_labels.py
[2025-02-28T22:39:53.622+0200] {processor.py:914} INFO - Processing file /Users/nampham/.pyenv/versions/3.12.9/lib/python3.12/site-packages/airflow/example_dags/example_branch_labels.py for tasks to queue
[2025-02-28T22:39:53.622+0200] {logging_mixin.py:190} INFO - [2025-02-28T22:39:53.622+0200] {dagbag.py:588} INFO - Filling up the DagBag from /Users/nampham/.pyenv/versions/3.12.9/lib/python3.12/site-packages/airflow/example_dags/example_branch_labels.py
[2025-02-28T22:39:53.626+0200] {processor.py:925} INFO - DAG(s) 'example_branch_labels' retrieved from /Users/nampham/.pyenv/versions/3.12.9/lib/python3.12/site-packages/airflow/example_dags/example_branch_labels.py
[2025-02-28T22:39:53.685+0200] {logging_mixin.py:190} INFO - [2025-02-28T22:39:53.685+0200] {dag.py:3239} INFO - Sync 1 DAGs
[2025-02-28T22:39:53.692+0200] {logging_mixin.py:190} INFO - [2025-02-28T22:39:53.692+0200] {dag.py:4180} INFO - Setting next_dagrun for example_branch_labels to 2025-02-27 00:00:00+00:00, run_after=2025-02-28 00:00:00+00:00
[2025-02-28T22:39:53.698+0200] {processor.py:208} INFO - Processing /Users/nampham/.pyenv/versions/3.12.9/lib/python3.12/site-packages/airflow/example_dags/example_branch_labels.py took 0.079 seconds
[2025-02-28T22:42:40.109+0200] {processor.py:186} INFO - Started process (PID=21172) to work on /Users/nampham/.pyenv/versions/3.12.9/lib/python3.12/site-packages/airflow/example_dags/example_branch_labels.py
[2025-02-28T22:42:40.110+0200] {processor.py:914} INFO - Processing file /Users/nampham/.pyenv/versions/3.12.9/lib/python3.12/site-packages/airflow/example_dags/example_branch_labels.py for tasks to queue
[2025-02-28T22:42:40.110+0200] {logging_mixin.py:190} INFO - [2025-02-28T22:42:40.110+0200] {dagbag.py:588} INFO - Filling up the DagBag from /Users/nampham/.pyenv/versions/3.12.9/lib/python3.12/site-packages/airflow/example_dags/example_branch_labels.py
[2025-02-28T22:42:40.114+0200] {processor.py:925} INFO - DAG(s) 'example_branch_labels' retrieved from /Users/nampham/.pyenv/versions/3.12.9/lib/python3.12/site-packages/airflow/example_dags/example_branch_labels.py
[2025-02-28T22:42:40.171+0200] {logging_mixin.py:190} INFO - [2025-02-28T22:42:40.171+0200] {dag.py:3239} INFO - Sync 1 DAGs
[2025-02-28T22:42:40.178+0200] {logging_mixin.py:190} INFO - [2025-02-28T22:42:40.177+0200] {dag.py:4180} INFO - Setting next_dagrun for example_branch_labels to 2025-02-27 00:00:00+00:00, run_after=2025-02-28 00:00:00+00:00
[2025-02-28T22:42:40.183+0200] {processor.py:208} INFO - Processing /Users/nampham/.pyenv/versions/3.12.9/lib/python3.12/site-packages/airflow/example_dags/example_branch_labels.py took 0.075 seconds
[2025-02-28T22:45:41.229+0200] {processor.py:186} INFO - Started process (PID=21805) to work on /Users/nampham/.pyenv/versions/3.12.9/lib/python3.12/site-packages/airflow/example_dags/example_branch_labels.py
[2025-02-28T22:45:41.229+0200] {processor.py:914} INFO - Processing file /Users/nampham/.pyenv/versions/3.12.9/lib/python3.12/site-packages/airflow/example_dags/example_branch_labels.py for tasks to queue
[2025-02-28T22:45:41.230+0200] {logging_mixin.py:190} INFO - [2025-02-28T22:45:41.230+0200] {dagbag.py:588} INFO - Filling up the DagBag from /Users/nampham/.pyenv/versions/3.12.9/lib/python3.12/site-packages/airflow/example_dags/example_branch_labels.py
[2025-02-28T22:45:41.233+0200] {processor.py:925} INFO - DAG(s) 'example_branch_labels' retrieved from /Users/nampham/.pyenv/versions/3.12.9/lib/python3.12/site-packages/airflow/example_dags/example_branch_labels.py
[2025-02-28T22:45:41.292+0200] {logging_mixin.py:190} INFO - [2025-02-28T22:45:41.292+0200] {dag.py:3239} INFO - Sync 1 DAGs
[2025-02-28T22:45:41.299+0200] {logging_mixin.py:190} INFO - [2025-02-28T22:45:41.299+0200] {dag.py:4180} INFO - Setting next_dagrun for example_branch_labels to 2025-02-27 00:00:00+00:00, run_after=2025-02-28 00:00:00+00:00
[2025-02-28T22:45:41.305+0200] {processor.py:208} INFO - Processing /Users/nampham/.pyenv/versions/3.12.9/lib/python3.12/site-packages/airflow/example_dags/example_branch_labels.py took 0.078 seconds
[2025-02-28T22:48:56.147+0200] {processor.py:186} INFO - Started process (PID=22368) to work on /Users/nampham/.pyenv/versions/3.12.9/lib/python3.12/site-packages/airflow/example_dags/example_branch_labels.py
[2025-02-28T22:48:56.148+0200] {processor.py:914} INFO - Processing file /Users/nampham/.pyenv/versions/3.12.9/lib/python3.12/site-packages/airflow/example_dags/example_branch_labels.py for tasks to queue
[2025-02-28T22:48:56.148+0200] {logging_mixin.py:190} INFO - [2025-02-28T22:48:56.148+0200] {dagbag.py:588} INFO - Filling up the DagBag from /Users/nampham/.pyenv/versions/3.12.9/lib/python3.12/site-packages/airflow/example_dags/example_branch_labels.py
[2025-02-28T22:48:56.151+0200] {processor.py:925} INFO - DAG(s) 'example_branch_labels' retrieved from /Users/nampham/.pyenv/versions/3.12.9/lib/python3.12/site-packages/airflow/example_dags/example_branch_labels.py
[2025-02-28T22:48:56.208+0200] {logging_mixin.py:190} INFO - [2025-02-28T22:48:56.208+0200] {dag.py:3239} INFO - Sync 1 DAGs
[2025-02-28T22:48:56.215+0200] {logging_mixin.py:190} INFO - [2025-02-28T22:48:56.215+0200] {dag.py:4180} INFO - Setting next_dagrun for example_branch_labels to 2025-02-27 00:00:00+00:00, run_after=2025-02-28 00:00:00+00:00
[2025-02-28T22:48:56.221+0200] {processor.py:208} INFO - Processing /Users/nampham/.pyenv/versions/3.12.9/lib/python3.12/site-packages/airflow/example_dags/example_branch_labels.py took 0.076 seconds
[2025-02-28T22:57:10.105+0200] {processor.py:186} INFO - Started process (PID=23195) to work on /Users/nampham/.pyenv/versions/3.12.9/lib/python3.12/site-packages/airflow/example_dags/example_branch_labels.py
[2025-02-28T22:57:10.106+0200] {processor.py:914} INFO - Processing file /Users/nampham/.pyenv/versions/3.12.9/lib/python3.12/site-packages/airflow/example_dags/example_branch_labels.py for tasks to queue
[2025-02-28T22:57:10.106+0200] {logging_mixin.py:190} INFO - [2025-02-28T22:57:10.106+0200] {dagbag.py:588} INFO - Filling up the DagBag from /Users/nampham/.pyenv/versions/3.12.9/lib/python3.12/site-packages/airflow/example_dags/example_branch_labels.py
[2025-02-28T22:57:10.110+0200] {processor.py:925} INFO - DAG(s) 'example_branch_labels' retrieved from /Users/nampham/.pyenv/versions/3.12.9/lib/python3.12/site-packages/airflow/example_dags/example_branch_labels.py
[2025-02-28T22:57:10.166+0200] {logging_mixin.py:190} INFO - [2025-02-28T22:57:10.165+0200] {dag.py:3239} INFO - Sync 1 DAGs
[2025-02-28T22:57:10.172+0200] {logging_mixin.py:190} INFO - [2025-02-28T22:57:10.172+0200] {dag.py:4180} INFO - Setting next_dagrun for example_branch_labels to 2025-02-27 00:00:00+00:00, run_after=2025-02-28 00:00:00+00:00
[2025-02-28T22:57:10.178+0200] {processor.py:208} INFO - Processing /Users/nampham/.pyenv/versions/3.12.9/lib/python3.12/site-packages/airflow/example_dags/example_branch_labels.py took 0.075 seconds
[2025-02-28T22:59:43.350+0200] {processor.py:186} INFO - Started process (PID=23695) to work on /Users/nampham/.pyenv/versions/3.12.9/lib/python3.12/site-packages/airflow/example_dags/example_branch_labels.py
[2025-02-28T22:59:43.351+0200] {processor.py:914} INFO - Processing file /Users/nampham/.pyenv/versions/3.12.9/lib/python3.12/site-packages/airflow/example_dags/example_branch_labels.py for tasks to queue
[2025-02-28T22:59:43.352+0200] {logging_mixin.py:190} INFO - [2025-02-28T22:59:43.352+0200] {dagbag.py:588} INFO - Filling up the DagBag from /Users/nampham/.pyenv/versions/3.12.9/lib/python3.12/site-packages/airflow/example_dags/example_branch_labels.py
[2025-02-28T22:59:43.355+0200] {processor.py:925} INFO - DAG(s) 'example_branch_labels' retrieved from /Users/nampham/.pyenv/versions/3.12.9/lib/python3.12/site-packages/airflow/example_dags/example_branch_labels.py
[2025-02-28T22:59:43.412+0200] {logging_mixin.py:190} INFO - [2025-02-28T22:59:43.412+0200] {dag.py:3239} INFO - Sync 1 DAGs
[2025-02-28T22:59:43.419+0200] {logging_mixin.py:190} INFO - [2025-02-28T22:59:43.419+0200] {dag.py:4180} INFO - Setting next_dagrun for example_branch_labels to 2025-02-27 00:00:00+00:00, run_after=2025-02-28 00:00:00+00:00
[2025-02-28T22:59:43.425+0200] {processor.py:208} INFO - Processing /Users/nampham/.pyenv/versions/3.12.9/lib/python3.12/site-packages/airflow/example_dags/example_branch_labels.py took 0.076 seconds
