[2025-02-28T18:25:50.917+0200] {processor.py:186} INFO - Started process (PID=93419) to work on /Users/nampham/.pyenv/versions/3.12.9/lib/python3.12/site-packages/airflow/example_dags/example_branch_python_dop_operator_3.py
[2025-02-28T18:25:50.918+0200] {processor.py:914} INFO - Processing file /Users/nampham/.pyenv/versions/3.12.9/lib/python3.12/site-packages/airflow/example_dags/example_branch_python_dop_operator_3.py for tasks to queue
[2025-02-28T18:25:50.918+0200] {logging_mixin.py:190} INFO - [2025-02-28T18:25:50.918+0200] {dagbag.py:588} INFO - Filling up the DagBag from /Users/nampham/.pyenv/versions/3.12.9/lib/python3.12/site-packages/airflow/example_dags/example_branch_python_dop_operator_3.py
[2025-02-28T18:25:50.958+0200] {processor.py:925} INFO - DAG(s) 'example_branch_dop_operator_v3' retrieved from /Users/nampham/.pyenv/versions/3.12.9/lib/python3.12/site-packages/airflow/example_dags/example_branch_python_dop_operator_3.py
[2025-02-28T18:25:51.023+0200] {logging_mixin.py:190} INFO - [2025-02-28T18:25:51.023+0200] {override.py:1930} INFO - Created Permission View: can edit on DAG:example_branch_dop_operator_v3
[2025-02-28T18:25:51.026+0200] {logging_mixin.py:190} INFO - [2025-02-28T18:25:51.026+0200] {override.py:1930} INFO - Created Permission View: can delete on DAG:example_branch_dop_operator_v3
[2025-02-28T18:25:51.028+0200] {logging_mixin.py:190} INFO - [2025-02-28T18:25:51.028+0200] {override.py:1930} INFO - Created Permission View: can read on DAG:example_branch_dop_operator_v3
[2025-02-28T18:25:51.030+0200] {logging_mixin.py:190} INFO - [2025-02-28T18:25:51.030+0200] {override.py:1930} INFO - Created Permission View: menu access on DAG Run:example_branch_dop_operator_v3
[2025-02-28T18:25:51.032+0200] {logging_mixin.py:190} INFO - [2025-02-28T18:25:51.032+0200] {override.py:1930} INFO - Created Permission View: can create on DAG Run:example_branch_dop_operator_v3
[2025-02-28T18:25:51.034+0200] {logging_mixin.py:190} INFO - [2025-02-28T18:25:51.034+0200] {override.py:1930} INFO - Created Permission View: can delete on DAG Run:example_branch_dop_operator_v3
[2025-02-28T18:25:51.036+0200] {logging_mixin.py:190} INFO - [2025-02-28T18:25:51.036+0200] {override.py:1930} INFO - Created Permission View: can read on DAG Run:example_branch_dop_operator_v3
[2025-02-28T18:25:51.036+0200] {logging_mixin.py:190} INFO - [2025-02-28T18:25:51.036+0200] {dag.py:3239} INFO - Sync 1 DAGs
[2025-02-28T18:25:51.040+0200] {logging_mixin.py:190} INFO - [2025-02-28T18:25:51.040+0200] {dag.py:3262} INFO - Creating ORM DAG for example_branch_dop_operator_v3
[2025-02-28T18:25:51.044+0200] {logging_mixin.py:190} INFO - [2025-02-28T18:25:51.044+0200] {dag.py:4180} INFO - Setting next_dagrun for example_branch_dop_operator_v3 to 2025-02-28 16:24:00+00:00, run_after=2025-02-28 16:25:00+00:00
[2025-02-28T18:25:51.050+0200] {processor.py:208} INFO - Processing /Users/nampham/.pyenv/versions/3.12.9/lib/python3.12/site-packages/airflow/example_dags/example_branch_python_dop_operator_3.py took 0.134 seconds
[2025-02-28T18:28:29.288+0200] {processor.py:186} INFO - Started process (PID=94072) to work on /Users/nampham/.pyenv/versions/3.12.9/lib/python3.12/site-packages/airflow/example_dags/example_branch_python_dop_operator_3.py
[2025-02-28T18:28:29.289+0200] {processor.py:914} INFO - Processing file /Users/nampham/.pyenv/versions/3.12.9/lib/python3.12/site-packages/airflow/example_dags/example_branch_python_dop_operator_3.py for tasks to queue
[2025-02-28T18:28:29.290+0200] {logging_mixin.py:190} INFO - [2025-02-28T18:28:29.290+0200] {dagbag.py:588} INFO - Filling up the DagBag from /Users/nampham/.pyenv/versions/3.12.9/lib/python3.12/site-packages/airflow/example_dags/example_branch_python_dop_operator_3.py
[2025-02-28T18:28:29.333+0200] {processor.py:925} INFO - DAG(s) 'example_branch_dop_operator_v3' retrieved from /Users/nampham/.pyenv/versions/3.12.9/lib/python3.12/site-packages/airflow/example_dags/example_branch_python_dop_operator_3.py
[2025-02-28T18:28:29.369+0200] {logging_mixin.py:190} INFO - [2025-02-28T18:28:29.368+0200] {dag.py:3239} INFO - Sync 1 DAGs
[2025-02-28T18:28:29.377+0200] {logging_mixin.py:190} INFO - [2025-02-28T18:28:29.377+0200] {dag.py:4180} INFO - Setting next_dagrun for example_branch_dop_operator_v3 to 2025-02-28 16:27:00+00:00, run_after=2025-02-28 16:28:00+00:00
[2025-02-28T18:28:29.384+0200] {processor.py:208} INFO - Processing /Users/nampham/.pyenv/versions/3.12.9/lib/python3.12/site-packages/airflow/example_dags/example_branch_python_dop_operator_3.py took 0.097 seconds
[2025-02-28T20:13:52.809+0200] {processor.py:186} INFO - Started process (PID=98133) to work on /Users/nampham/.pyenv/versions/3.12.9/lib/python3.12/site-packages/airflow/example_dags/example_branch_python_dop_operator_3.py
[2025-02-28T20:13:52.810+0200] {processor.py:914} INFO - Processing file /Users/nampham/.pyenv/versions/3.12.9/lib/python3.12/site-packages/airflow/example_dags/example_branch_python_dop_operator_3.py for tasks to queue
[2025-02-28T20:13:52.811+0200] {logging_mixin.py:190} INFO - [2025-02-28T20:13:52.811+0200] {dagbag.py:588} INFO - Filling up the DagBag from /Users/nampham/.pyenv/versions/3.12.9/lib/python3.12/site-packages/airflow/example_dags/example_branch_python_dop_operator_3.py
[2025-02-28T20:13:52.849+0200] {processor.py:925} INFO - DAG(s) 'example_branch_dop_operator_v3' retrieved from /Users/nampham/.pyenv/versions/3.12.9/lib/python3.12/site-packages/airflow/example_dags/example_branch_python_dop_operator_3.py
[2025-02-28T20:13:52.913+0200] {logging_mixin.py:190} INFO - [2025-02-28T20:13:52.913+0200] {dag.py:3239} INFO - Sync 1 DAGs
[2025-02-28T20:13:52.921+0200] {logging_mixin.py:190} INFO - [2025-02-28T20:13:52.921+0200] {dag.py:4180} INFO - Setting next_dagrun for example_branch_dop_operator_v3 to 2025-02-28 18:12:00+00:00, run_after=2025-02-28 18:13:00+00:00
[2025-02-28T20:13:52.928+0200] {processor.py:208} INFO - Processing /Users/nampham/.pyenv/versions/3.12.9/lib/python3.12/site-packages/airflow/example_dags/example_branch_python_dop_operator_3.py took 0.120 seconds
[2025-02-28T20:16:30.509+0200] {processor.py:186} INFO - Started process (PID=98726) to work on /Users/nampham/.pyenv/versions/3.12.9/lib/python3.12/site-packages/airflow/example_dags/example_branch_python_dop_operator_3.py
[2025-02-28T20:16:30.510+0200] {processor.py:914} INFO - Processing file /Users/nampham/.pyenv/versions/3.12.9/lib/python3.12/site-packages/airflow/example_dags/example_branch_python_dop_operator_3.py for tasks to queue
[2025-02-28T20:16:30.511+0200] {logging_mixin.py:190} INFO - [2025-02-28T20:16:30.511+0200] {dagbag.py:588} INFO - Filling up the DagBag from /Users/nampham/.pyenv/versions/3.12.9/lib/python3.12/site-packages/airflow/example_dags/example_branch_python_dop_operator_3.py
[2025-02-28T20:16:30.550+0200] {processor.py:925} INFO - DAG(s) 'example_branch_dop_operator_v3' retrieved from /Users/nampham/.pyenv/versions/3.12.9/lib/python3.12/site-packages/airflow/example_dags/example_branch_python_dop_operator_3.py
[2025-02-28T20:16:30.584+0200] {logging_mixin.py:190} INFO - [2025-02-28T20:16:30.584+0200] {dag.py:3239} INFO - Sync 1 DAGs
[2025-02-28T20:16:30.592+0200] {logging_mixin.py:190} INFO - [2025-02-28T20:16:30.592+0200] {dag.py:4180} INFO - Setting next_dagrun for example_branch_dop_operator_v3 to 2025-02-28 18:15:00+00:00, run_after=2025-02-28 18:16:00+00:00
[2025-02-28T20:16:30.600+0200] {processor.py:208} INFO - Processing /Users/nampham/.pyenv/versions/3.12.9/lib/python3.12/site-packages/airflow/example_dags/example_branch_python_dop_operator_3.py took 0.092 seconds
[2025-02-28T20:19:33.777+0200] {processor.py:186} INFO - Started process (PID=99491) to work on /Users/nampham/.pyenv/versions/3.12.9/lib/python3.12/site-packages/airflow/example_dags/example_branch_python_dop_operator_3.py
[2025-02-28T20:19:33.777+0200] {processor.py:914} INFO - Processing file /Users/nampham/.pyenv/versions/3.12.9/lib/python3.12/site-packages/airflow/example_dags/example_branch_python_dop_operator_3.py for tasks to queue
[2025-02-28T20:19:33.778+0200] {logging_mixin.py:190} INFO - [2025-02-28T20:19:33.778+0200] {dagbag.py:588} INFO - Filling up the DagBag from /Users/nampham/.pyenv/versions/3.12.9/lib/python3.12/site-packages/airflow/example_dags/example_branch_python_dop_operator_3.py
[2025-02-28T20:19:33.818+0200] {processor.py:925} INFO - DAG(s) 'example_branch_dop_operator_v3' retrieved from /Users/nampham/.pyenv/versions/3.12.9/lib/python3.12/site-packages/airflow/example_dags/example_branch_python_dop_operator_3.py
[2025-02-28T20:19:33.854+0200] {logging_mixin.py:190} INFO - [2025-02-28T20:19:33.854+0200] {dag.py:3239} INFO - Sync 1 DAGs
[2025-02-28T20:19:33.862+0200] {logging_mixin.py:190} INFO - [2025-02-28T20:19:33.862+0200] {dag.py:4180} INFO - Setting next_dagrun for example_branch_dop_operator_v3 to 2025-02-28 18:18:00+00:00, run_after=2025-02-28 18:19:00+00:00
[2025-02-28T20:19:33.869+0200] {processor.py:208} INFO - Processing /Users/nampham/.pyenv/versions/3.12.9/lib/python3.12/site-packages/airflow/example_dags/example_branch_python_dop_operator_3.py took 0.093 seconds
[2025-02-28T20:22:11.430+0200] {processor.py:186} INFO - Started process (PID=203) to work on /Users/nampham/.pyenv/versions/3.12.9/lib/python3.12/site-packages/airflow/example_dags/example_branch_python_dop_operator_3.py
[2025-02-28T20:22:11.432+0200] {processor.py:914} INFO - Processing file /Users/nampham/.pyenv/versions/3.12.9/lib/python3.12/site-packages/airflow/example_dags/example_branch_python_dop_operator_3.py for tasks to queue
[2025-02-28T20:22:11.432+0200] {logging_mixin.py:190} INFO - [2025-02-28T20:22:11.432+0200] {dagbag.py:588} INFO - Filling up the DagBag from /Users/nampham/.pyenv/versions/3.12.9/lib/python3.12/site-packages/airflow/example_dags/example_branch_python_dop_operator_3.py
[2025-02-28T20:22:11.469+0200] {processor.py:925} INFO - DAG(s) 'example_branch_dop_operator_v3' retrieved from /Users/nampham/.pyenv/versions/3.12.9/lib/python3.12/site-packages/airflow/example_dags/example_branch_python_dop_operator_3.py
[2025-02-28T20:22:11.503+0200] {logging_mixin.py:190} INFO - [2025-02-28T20:22:11.503+0200] {dag.py:3239} INFO - Sync 1 DAGs
[2025-02-28T20:22:11.510+0200] {logging_mixin.py:190} INFO - [2025-02-28T20:22:11.510+0200] {dag.py:4180} INFO - Setting next_dagrun for example_branch_dop_operator_v3 to 2025-02-28 18:21:00+00:00, run_after=2025-02-28 18:22:00+00:00
[2025-02-28T20:22:11.517+0200] {processor.py:208} INFO - Processing /Users/nampham/.pyenv/versions/3.12.9/lib/python3.12/site-packages/airflow/example_dags/example_branch_python_dop_operator_3.py took 0.088 seconds
[2025-02-28T21:28:44.325+0200] {processor.py:186} INFO - Started process (PID=5719) to work on /Users/nampham/.pyenv/versions/3.12.9/lib/python3.12/site-packages/airflow/example_dags/example_branch_python_dop_operator_3.py
[2025-02-28T21:28:44.326+0200] {processor.py:914} INFO - Processing file /Users/nampham/.pyenv/versions/3.12.9/lib/python3.12/site-packages/airflow/example_dags/example_branch_python_dop_operator_3.py for tasks to queue
[2025-02-28T21:28:44.326+0200] {logging_mixin.py:190} INFO - [2025-02-28T21:28:44.326+0200] {dagbag.py:588} INFO - Filling up the DagBag from /Users/nampham/.pyenv/versions/3.12.9/lib/python3.12/site-packages/airflow/example_dags/example_branch_python_dop_operator_3.py
[2025-02-28T21:28:44.366+0200] {processor.py:925} INFO - DAG(s) 'example_branch_dop_operator_v3' retrieved from /Users/nampham/.pyenv/versions/3.12.9/lib/python3.12/site-packages/airflow/example_dags/example_branch_python_dop_operator_3.py
[2025-02-28T21:28:44.400+0200] {logging_mixin.py:190} INFO - [2025-02-28T21:28:44.400+0200] {dag.py:3239} INFO - Sync 1 DAGs
[2025-02-28T21:28:44.409+0200] {logging_mixin.py:190} INFO - [2025-02-28T21:28:44.409+0200] {dag.py:4180} INFO - Setting next_dagrun for example_branch_dop_operator_v3 to 2025-02-28 19:27:00+00:00, run_after=2025-02-28 19:28:00+00:00
[2025-02-28T21:28:44.416+0200] {processor.py:208} INFO - Processing /Users/nampham/.pyenv/versions/3.12.9/lib/python3.12/site-packages/airflow/example_dags/example_branch_python_dop_operator_3.py took 0.092 seconds
[2025-02-28T21:31:31.252+0200] {processor.py:186} INFO - Started process (PID=6371) to work on /Users/nampham/.pyenv/versions/3.12.9/lib/python3.12/site-packages/airflow/example_dags/example_branch_python_dop_operator_3.py
[2025-02-28T21:31:31.253+0200] {processor.py:914} INFO - Processing file /Users/nampham/.pyenv/versions/3.12.9/lib/python3.12/site-packages/airflow/example_dags/example_branch_python_dop_operator_3.py for tasks to queue
[2025-02-28T21:31:31.254+0200] {logging_mixin.py:190} INFO - [2025-02-28T21:31:31.253+0200] {dagbag.py:588} INFO - Filling up the DagBag from /Users/nampham/.pyenv/versions/3.12.9/lib/python3.12/site-packages/airflow/example_dags/example_branch_python_dop_operator_3.py
[2025-02-28T21:31:31.293+0200] {processor.py:925} INFO - DAG(s) 'example_branch_dop_operator_v3' retrieved from /Users/nampham/.pyenv/versions/3.12.9/lib/python3.12/site-packages/airflow/example_dags/example_branch_python_dop_operator_3.py
[2025-02-28T21:31:31.327+0200] {logging_mixin.py:190} INFO - [2025-02-28T21:31:31.326+0200] {dag.py:3239} INFO - Sync 1 DAGs
[2025-02-28T21:31:31.335+0200] {logging_mixin.py:190} INFO - [2025-02-28T21:31:31.335+0200] {dag.py:4180} INFO - Setting next_dagrun for example_branch_dop_operator_v3 to 2025-02-28 19:30:00+00:00, run_after=2025-02-28 19:31:00+00:00
[2025-02-28T21:31:31.341+0200] {processor.py:208} INFO - Processing /Users/nampham/.pyenv/versions/3.12.9/lib/python3.12/site-packages/airflow/example_dags/example_branch_python_dop_operator_3.py took 0.091 seconds
[2025-02-28T21:34:08.168+0200] {processor.py:186} INFO - Started process (PID=7193) to work on /Users/nampham/.pyenv/versions/3.12.9/lib/python3.12/site-packages/airflow/example_dags/example_branch_python_dop_operator_3.py
[2025-02-28T21:34:08.169+0200] {processor.py:914} INFO - Processing file /Users/nampham/.pyenv/versions/3.12.9/lib/python3.12/site-packages/airflow/example_dags/example_branch_python_dop_operator_3.py for tasks to queue
[2025-02-28T21:34:08.170+0200] {logging_mixin.py:190} INFO - [2025-02-28T21:34:08.169+0200] {dagbag.py:588} INFO - Filling up the DagBag from /Users/nampham/.pyenv/versions/3.12.9/lib/python3.12/site-packages/airflow/example_dags/example_branch_python_dop_operator_3.py
[2025-02-28T21:34:08.226+0200] {processor.py:925} INFO - DAG(s) 'example_branch_dop_operator_v3' retrieved from /Users/nampham/.pyenv/versions/3.12.9/lib/python3.12/site-packages/airflow/example_dags/example_branch_python_dop_operator_3.py
[2025-02-28T21:34:08.266+0200] {logging_mixin.py:190} INFO - [2025-02-28T21:34:08.266+0200] {dag.py:3239} INFO - Sync 1 DAGs
[2025-02-28T21:34:08.274+0200] {logging_mixin.py:190} INFO - [2025-02-28T21:34:08.274+0200] {dag.py:4180} INFO - Setting next_dagrun for example_branch_dop_operator_v3 to 2025-02-28 19:33:00+00:00, run_after=2025-02-28 19:34:00+00:00
[2025-02-28T21:34:08.282+0200] {processor.py:208} INFO - Processing /Users/nampham/.pyenv/versions/3.12.9/lib/python3.12/site-packages/airflow/example_dags/example_branch_python_dop_operator_3.py took 0.115 seconds
[2025-02-28T21:37:57.183+0200] {processor.py:186} INFO - Started process (PID=8106) to work on /Users/nampham/.pyenv/versions/3.12.9/lib/python3.12/site-packages/airflow/example_dags/example_branch_python_dop_operator_3.py
[2025-02-28T21:37:57.184+0200] {processor.py:914} INFO - Processing file /Users/nampham/.pyenv/versions/3.12.9/lib/python3.12/site-packages/airflow/example_dags/example_branch_python_dop_operator_3.py for tasks to queue
[2025-02-28T21:37:57.185+0200] {logging_mixin.py:190} INFO - [2025-02-28T21:37:57.185+0200] {dagbag.py:588} INFO - Filling up the DagBag from /Users/nampham/.pyenv/versions/3.12.9/lib/python3.12/site-packages/airflow/example_dags/example_branch_python_dop_operator_3.py
[2025-02-28T21:37:57.228+0200] {processor.py:925} INFO - DAG(s) 'example_branch_dop_operator_v3' retrieved from /Users/nampham/.pyenv/versions/3.12.9/lib/python3.12/site-packages/airflow/example_dags/example_branch_python_dop_operator_3.py
[2025-02-28T21:37:57.296+0200] {logging_mixin.py:190} INFO - [2025-02-28T21:37:57.296+0200] {override.py:1930} INFO - Created Permission View: can delete on DAG:example_branch_dop_operator_v3
[2025-02-28T21:37:57.299+0200] {logging_mixin.py:190} INFO - [2025-02-28T21:37:57.299+0200] {override.py:1930} INFO - Created Permission View: can edit on DAG:example_branch_dop_operator_v3
[2025-02-28T21:37:57.301+0200] {logging_mixin.py:190} INFO - [2025-02-28T21:37:57.301+0200] {override.py:1930} INFO - Created Permission View: can read on DAG:example_branch_dop_operator_v3
[2025-02-28T21:37:57.304+0200] {logging_mixin.py:190} INFO - [2025-02-28T21:37:57.304+0200] {override.py:1930} INFO - Created Permission View: can create on DAG Run:example_branch_dop_operator_v3
[2025-02-28T21:37:57.306+0200] {logging_mixin.py:190} INFO - [2025-02-28T21:37:57.306+0200] {override.py:1930} INFO - Created Permission View: menu access on DAG Run:example_branch_dop_operator_v3
[2025-02-28T21:37:57.308+0200] {logging_mixin.py:190} INFO - [2025-02-28T21:37:57.308+0200] {override.py:1930} INFO - Created Permission View: can delete on DAG Run:example_branch_dop_operator_v3
[2025-02-28T21:37:57.310+0200] {logging_mixin.py:190} INFO - [2025-02-28T21:37:57.309+0200] {override.py:1930} INFO - Created Permission View: can read on DAG Run:example_branch_dop_operator_v3
[2025-02-28T21:37:57.310+0200] {logging_mixin.py:190} INFO - [2025-02-28T21:37:57.310+0200] {dag.py:3239} INFO - Sync 1 DAGs
[2025-02-28T21:37:57.314+0200] {logging_mixin.py:190} INFO - [2025-02-28T21:37:57.314+0200] {dag.py:3262} INFO - Creating ORM DAG for example_branch_dop_operator_v3
[2025-02-28T21:37:57.339+0200] {logging_mixin.py:190} INFO - [2025-02-28T21:37:57.339+0200] {dag.py:4180} INFO - Setting next_dagrun for example_branch_dop_operator_v3 to 2025-02-28 19:36:00+00:00, run_after=2025-02-28 19:37:00+00:00
[2025-02-28T21:37:57.350+0200] {processor.py:208} INFO - Processing /Users/nampham/.pyenv/versions/3.12.9/lib/python3.12/site-packages/airflow/example_dags/example_branch_python_dop_operator_3.py took 0.168 seconds
[2025-02-28T21:40:32.538+0200] {processor.py:186} INFO - Started process (PID=8691) to work on /Users/nampham/.pyenv/versions/3.12.9/lib/python3.12/site-packages/airflow/example_dags/example_branch_python_dop_operator_3.py
[2025-02-28T21:40:32.539+0200] {processor.py:914} INFO - Processing file /Users/nampham/.pyenv/versions/3.12.9/lib/python3.12/site-packages/airflow/example_dags/example_branch_python_dop_operator_3.py for tasks to queue
[2025-02-28T21:40:32.540+0200] {logging_mixin.py:190} INFO - [2025-02-28T21:40:32.540+0200] {dagbag.py:588} INFO - Filling up the DagBag from /Users/nampham/.pyenv/versions/3.12.9/lib/python3.12/site-packages/airflow/example_dags/example_branch_python_dop_operator_3.py
[2025-02-28T21:40:32.582+0200] {processor.py:925} INFO - DAG(s) 'example_branch_dop_operator_v3' retrieved from /Users/nampham/.pyenv/versions/3.12.9/lib/python3.12/site-packages/airflow/example_dags/example_branch_python_dop_operator_3.py
[2025-02-28T21:40:32.617+0200] {logging_mixin.py:190} INFO - [2025-02-28T21:40:32.617+0200] {dag.py:3239} INFO - Sync 1 DAGs
[2025-02-28T21:40:32.626+0200] {logging_mixin.py:190} INFO - [2025-02-28T21:40:32.625+0200] {dag.py:4180} INFO - Setting next_dagrun for example_branch_dop_operator_v3 to 2025-02-28 19:39:00+00:00, run_after=2025-02-28 19:40:00+00:00
[2025-02-28T21:40:32.633+0200] {processor.py:208} INFO - Processing /Users/nampham/.pyenv/versions/3.12.9/lib/python3.12/site-packages/airflow/example_dags/example_branch_python_dop_operator_3.py took 0.096 seconds
[2025-02-28T22:28:48.514+0200] {processor.py:186} INFO - Started process (PID=18315) to work on /Users/nampham/.pyenv/versions/3.12.9/lib/python3.12/site-packages/airflow/example_dags/example_branch_python_dop_operator_3.py
[2025-02-28T22:28:48.515+0200] {processor.py:914} INFO - Processing file /Users/nampham/.pyenv/versions/3.12.9/lib/python3.12/site-packages/airflow/example_dags/example_branch_python_dop_operator_3.py for tasks to queue
[2025-02-28T22:28:48.516+0200] {logging_mixin.py:190} INFO - [2025-02-28T22:28:48.516+0200] {dagbag.py:588} INFO - Filling up the DagBag from /Users/nampham/.pyenv/versions/3.12.9/lib/python3.12/site-packages/airflow/example_dags/example_branch_python_dop_operator_3.py
[2025-02-28T22:28:48.556+0200] {processor.py:925} INFO - DAG(s) 'example_branch_dop_operator_v3' retrieved from /Users/nampham/.pyenv/versions/3.12.9/lib/python3.12/site-packages/airflow/example_dags/example_branch_python_dop_operator_3.py
[2025-02-28T22:28:48.620+0200] {logging_mixin.py:190} INFO - [2025-02-28T22:28:48.620+0200] {override.py:1930} INFO - Created Permission View: can edit on DAG:example_branch_dop_operator_v3
[2025-02-28T22:28:48.623+0200] {logging_mixin.py:190} INFO - [2025-02-28T22:28:48.623+0200] {override.py:1930} INFO - Created Permission View: can delete on DAG:example_branch_dop_operator_v3
[2025-02-28T22:28:48.625+0200] {logging_mixin.py:190} INFO - [2025-02-28T22:28:48.625+0200] {override.py:1930} INFO - Created Permission View: can read on DAG:example_branch_dop_operator_v3
[2025-02-28T22:28:48.627+0200] {logging_mixin.py:190} INFO - [2025-02-28T22:28:48.627+0200] {override.py:1930} INFO - Created Permission View: menu access on DAG Run:example_branch_dop_operator_v3
[2025-02-28T22:28:48.629+0200] {logging_mixin.py:190} INFO - [2025-02-28T22:28:48.629+0200] {override.py:1930} INFO - Created Permission View: can delete on DAG Run:example_branch_dop_operator_v3
[2025-02-28T22:28:48.631+0200] {logging_mixin.py:190} INFO - [2025-02-28T22:28:48.631+0200] {override.py:1930} INFO - Created Permission View: can create on DAG Run:example_branch_dop_operator_v3
[2025-02-28T22:28:48.633+0200] {logging_mixin.py:190} INFO - [2025-02-28T22:28:48.633+0200] {override.py:1930} INFO - Created Permission View: can read on DAG Run:example_branch_dop_operator_v3
[2025-02-28T22:28:48.633+0200] {logging_mixin.py:190} INFO - [2025-02-28T22:28:48.633+0200] {dag.py:3239} INFO - Sync 1 DAGs
[2025-02-28T22:28:48.637+0200] {logging_mixin.py:190} INFO - [2025-02-28T22:28:48.637+0200] {dag.py:3262} INFO - Creating ORM DAG for example_branch_dop_operator_v3
[2025-02-28T22:28:48.641+0200] {logging_mixin.py:190} INFO - [2025-02-28T22:28:48.641+0200] {dag.py:4180} INFO - Setting next_dagrun for example_branch_dop_operator_v3 to 2025-02-28 20:27:00+00:00, run_after=2025-02-28 20:28:00+00:00
[2025-02-28T22:28:48.647+0200] {processor.py:208} INFO - Processing /Users/nampham/.pyenv/versions/3.12.9/lib/python3.12/site-packages/airflow/example_dags/example_branch_python_dop_operator_3.py took 0.134 seconds
[2025-02-28T22:36:52.986+0200] {processor.py:186} INFO - Started process (PID=19982) to work on /Users/nampham/.pyenv/versions/3.12.9/lib/python3.12/site-packages/airflow/example_dags/example_branch_python_dop_operator_3.py
[2025-02-28T22:36:52.987+0200] {processor.py:914} INFO - Processing file /Users/nampham/.pyenv/versions/3.12.9/lib/python3.12/site-packages/airflow/example_dags/example_branch_python_dop_operator_3.py for tasks to queue
[2025-02-28T22:36:52.988+0200] {logging_mixin.py:190} INFO - [2025-02-28T22:36:52.988+0200] {dagbag.py:588} INFO - Filling up the DagBag from /Users/nampham/.pyenv/versions/3.12.9/lib/python3.12/site-packages/airflow/example_dags/example_branch_python_dop_operator_3.py
[2025-02-28T22:36:53.025+0200] {processor.py:925} INFO - DAG(s) 'example_branch_dop_operator_v3' retrieved from /Users/nampham/.pyenv/versions/3.12.9/lib/python3.12/site-packages/airflow/example_dags/example_branch_python_dop_operator_3.py
[2025-02-28T22:36:53.089+0200] {logging_mixin.py:190} INFO - [2025-02-28T22:36:53.089+0200] {override.py:1930} INFO - Created Permission View: can edit on DAG:example_branch_dop_operator_v3
[2025-02-28T22:36:53.092+0200] {logging_mixin.py:190} INFO - [2025-02-28T22:36:53.092+0200] {override.py:1930} INFO - Created Permission View: can delete on DAG:example_branch_dop_operator_v3
[2025-02-28T22:36:53.094+0200] {logging_mixin.py:190} INFO - [2025-02-28T22:36:53.094+0200] {override.py:1930} INFO - Created Permission View: can read on DAG:example_branch_dop_operator_v3
[2025-02-28T22:36:53.096+0200] {logging_mixin.py:190} INFO - [2025-02-28T22:36:53.096+0200] {override.py:1930} INFO - Created Permission View: can delete on DAG Run:example_branch_dop_operator_v3
[2025-02-28T22:36:53.098+0200] {logging_mixin.py:190} INFO - [2025-02-28T22:36:53.098+0200] {override.py:1930} INFO - Created Permission View: menu access on DAG Run:example_branch_dop_operator_v3
[2025-02-28T22:36:53.100+0200] {logging_mixin.py:190} INFO - [2025-02-28T22:36:53.100+0200] {override.py:1930} INFO - Created Permission View: can create on DAG Run:example_branch_dop_operator_v3
[2025-02-28T22:36:53.102+0200] {logging_mixin.py:190} INFO - [2025-02-28T22:36:53.102+0200] {override.py:1930} INFO - Created Permission View: can read on DAG Run:example_branch_dop_operator_v3
[2025-02-28T22:36:53.102+0200] {logging_mixin.py:190} INFO - [2025-02-28T22:36:53.102+0200] {dag.py:3239} INFO - Sync 1 DAGs
[2025-02-28T22:36:53.106+0200] {logging_mixin.py:190} INFO - [2025-02-28T22:36:53.106+0200] {dag.py:3262} INFO - Creating ORM DAG for example_branch_dop_operator_v3
[2025-02-28T22:36:53.110+0200] {logging_mixin.py:190} INFO - [2025-02-28T22:36:53.110+0200] {dag.py:4180} INFO - Setting next_dagrun for example_branch_dop_operator_v3 to 2025-02-28 20:35:00+00:00, run_after=2025-02-28 20:36:00+00:00
[2025-02-28T22:36:53.115+0200] {processor.py:208} INFO - Processing /Users/nampham/.pyenv/versions/3.12.9/lib/python3.12/site-packages/airflow/example_dags/example_branch_python_dop_operator_3.py took 0.130 seconds
[2025-02-28T22:39:48.464+0200] {processor.py:186} INFO - Started process (PID=20579) to work on /Users/nampham/.pyenv/versions/3.12.9/lib/python3.12/site-packages/airflow/example_dags/example_branch_python_dop_operator_3.py
[2025-02-28T22:39:48.464+0200] {processor.py:914} INFO - Processing file /Users/nampham/.pyenv/versions/3.12.9/lib/python3.12/site-packages/airflow/example_dags/example_branch_python_dop_operator_3.py for tasks to queue
[2025-02-28T22:39:48.465+0200] {logging_mixin.py:190} INFO - [2025-02-28T22:39:48.465+0200] {dagbag.py:588} INFO - Filling up the DagBag from /Users/nampham/.pyenv/versions/3.12.9/lib/python3.12/site-packages/airflow/example_dags/example_branch_python_dop_operator_3.py
[2025-02-28T22:39:48.502+0200] {processor.py:925} INFO - DAG(s) 'example_branch_dop_operator_v3' retrieved from /Users/nampham/.pyenv/versions/3.12.9/lib/python3.12/site-packages/airflow/example_dags/example_branch_python_dop_operator_3.py
[2025-02-28T22:39:48.536+0200] {logging_mixin.py:190} INFO - [2025-02-28T22:39:48.535+0200] {dag.py:3239} INFO - Sync 1 DAGs
[2025-02-28T22:39:48.543+0200] {logging_mixin.py:190} INFO - [2025-02-28T22:39:48.543+0200] {dag.py:4180} INFO - Setting next_dagrun for example_branch_dop_operator_v3 to 2025-02-28 20:38:00+00:00, run_after=2025-02-28 20:39:00+00:00
[2025-02-28T22:39:48.550+0200] {processor.py:208} INFO - Processing /Users/nampham/.pyenv/versions/3.12.9/lib/python3.12/site-packages/airflow/example_dags/example_branch_python_dop_operator_3.py took 0.087 seconds
[2025-02-28T22:42:35.200+0200] {processor.py:186} INFO - Started process (PID=21155) to work on /Users/nampham/.pyenv/versions/3.12.9/lib/python3.12/site-packages/airflow/example_dags/example_branch_python_dop_operator_3.py
[2025-02-28T22:42:35.201+0200] {processor.py:914} INFO - Processing file /Users/nampham/.pyenv/versions/3.12.9/lib/python3.12/site-packages/airflow/example_dags/example_branch_python_dop_operator_3.py for tasks to queue
[2025-02-28T22:42:35.201+0200] {logging_mixin.py:190} INFO - [2025-02-28T22:42:35.201+0200] {dagbag.py:588} INFO - Filling up the DagBag from /Users/nampham/.pyenv/versions/3.12.9/lib/python3.12/site-packages/airflow/example_dags/example_branch_python_dop_operator_3.py
[2025-02-28T22:42:35.242+0200] {processor.py:925} INFO - DAG(s) 'example_branch_dop_operator_v3' retrieved from /Users/nampham/.pyenv/versions/3.12.9/lib/python3.12/site-packages/airflow/example_dags/example_branch_python_dop_operator_3.py
[2025-02-28T22:42:35.276+0200] {logging_mixin.py:190} INFO - [2025-02-28T22:42:35.276+0200] {dag.py:3239} INFO - Sync 1 DAGs
[2025-02-28T22:42:35.283+0200] {logging_mixin.py:190} INFO - [2025-02-28T22:42:35.283+0200] {dag.py:4180} INFO - Setting next_dagrun for example_branch_dop_operator_v3 to 2025-02-28 20:41:00+00:00, run_after=2025-02-28 20:42:00+00:00
[2025-02-28T22:42:35.289+0200] {processor.py:208} INFO - Processing /Users/nampham/.pyenv/versions/3.12.9/lib/python3.12/site-packages/airflow/example_dags/example_branch_python_dop_operator_3.py took 0.090 seconds
[2025-02-28T22:45:36.096+0200] {processor.py:186} INFO - Started process (PID=21788) to work on /Users/nampham/.pyenv/versions/3.12.9/lib/python3.12/site-packages/airflow/example_dags/example_branch_python_dop_operator_3.py
[2025-02-28T22:45:36.098+0200] {processor.py:914} INFO - Processing file /Users/nampham/.pyenv/versions/3.12.9/lib/python3.12/site-packages/airflow/example_dags/example_branch_python_dop_operator_3.py for tasks to queue
[2025-02-28T22:45:36.098+0200] {logging_mixin.py:190} INFO - [2025-02-28T22:45:36.098+0200] {dagbag.py:588} INFO - Filling up the DagBag from /Users/nampham/.pyenv/versions/3.12.9/lib/python3.12/site-packages/airflow/example_dags/example_branch_python_dop_operator_3.py
[2025-02-28T22:45:36.136+0200] {processor.py:925} INFO - DAG(s) 'example_branch_dop_operator_v3' retrieved from /Users/nampham/.pyenv/versions/3.12.9/lib/python3.12/site-packages/airflow/example_dags/example_branch_python_dop_operator_3.py
[2025-02-28T22:45:36.169+0200] {logging_mixin.py:190} INFO - [2025-02-28T22:45:36.169+0200] {dag.py:3239} INFO - Sync 1 DAGs
[2025-02-28T22:45:36.176+0200] {logging_mixin.py:190} INFO - [2025-02-28T22:45:36.176+0200] {dag.py:4180} INFO - Setting next_dagrun for example_branch_dop_operator_v3 to 2025-02-28 20:44:00+00:00, run_after=2025-02-28 20:45:00+00:00
[2025-02-28T22:45:36.183+0200] {processor.py:208} INFO - Processing /Users/nampham/.pyenv/versions/3.12.9/lib/python3.12/site-packages/airflow/example_dags/example_branch_python_dop_operator_3.py took 0.087 seconds
[2025-02-28T22:48:51.357+0200] {processor.py:186} INFO - Started process (PID=22351) to work on /Users/nampham/.pyenv/versions/3.12.9/lib/python3.12/site-packages/airflow/example_dags/example_branch_python_dop_operator_3.py
[2025-02-28T22:48:51.358+0200] {processor.py:914} INFO - Processing file /Users/nampham/.pyenv/versions/3.12.9/lib/python3.12/site-packages/airflow/example_dags/example_branch_python_dop_operator_3.py for tasks to queue
[2025-02-28T22:48:51.358+0200] {logging_mixin.py:190} INFO - [2025-02-28T22:48:51.358+0200] {dagbag.py:588} INFO - Filling up the DagBag from /Users/nampham/.pyenv/versions/3.12.9/lib/python3.12/site-packages/airflow/example_dags/example_branch_python_dop_operator_3.py
[2025-02-28T22:48:51.397+0200] {processor.py:925} INFO - DAG(s) 'example_branch_dop_operator_v3' retrieved from /Users/nampham/.pyenv/versions/3.12.9/lib/python3.12/site-packages/airflow/example_dags/example_branch_python_dop_operator_3.py
[2025-02-28T22:48:51.431+0200] {logging_mixin.py:190} INFO - [2025-02-28T22:48:51.431+0200] {dag.py:3239} INFO - Sync 1 DAGs
[2025-02-28T22:48:51.438+0200] {logging_mixin.py:190} INFO - [2025-02-28T22:48:51.438+0200] {dag.py:4180} INFO - Setting next_dagrun for example_branch_dop_operator_v3 to 2025-02-28 20:47:00+00:00, run_after=2025-02-28 20:48:00+00:00
[2025-02-28T22:48:51.446+0200] {processor.py:208} INFO - Processing /Users/nampham/.pyenv/versions/3.12.9/lib/python3.12/site-packages/airflow/example_dags/example_branch_python_dop_operator_3.py took 0.090 seconds
[2025-02-28T22:57:04.538+0200] {processor.py:186} INFO - Started process (PID=23180) to work on /Users/nampham/.pyenv/versions/3.12.9/lib/python3.12/site-packages/airflow/example_dags/example_branch_python_dop_operator_3.py
[2025-02-28T22:57:04.539+0200] {processor.py:914} INFO - Processing file /Users/nampham/.pyenv/versions/3.12.9/lib/python3.12/site-packages/airflow/example_dags/example_branch_python_dop_operator_3.py for tasks to queue
[2025-02-28T22:57:04.540+0200] {logging_mixin.py:190} INFO - [2025-02-28T22:57:04.539+0200] {dagbag.py:588} INFO - Filling up the DagBag from /Users/nampham/.pyenv/versions/3.12.9/lib/python3.12/site-packages/airflow/example_dags/example_branch_python_dop_operator_3.py
[2025-02-28T22:57:04.577+0200] {processor.py:925} INFO - DAG(s) 'example_branch_dop_operator_v3' retrieved from /Users/nampham/.pyenv/versions/3.12.9/lib/python3.12/site-packages/airflow/example_dags/example_branch_python_dop_operator_3.py
[2025-02-28T22:57:04.609+0200] {logging_mixin.py:190} INFO - [2025-02-28T22:57:04.609+0200] {dag.py:3239} INFO - Sync 1 DAGs
[2025-02-28T22:57:04.616+0200] {logging_mixin.py:190} INFO - [2025-02-28T22:57:04.616+0200] {dag.py:4180} INFO - Setting next_dagrun for example_branch_dop_operator_v3 to 2025-02-28 20:56:00+00:00, run_after=2025-02-28 20:57:00+00:00
[2025-02-28T22:57:04.623+0200] {processor.py:208} INFO - Processing /Users/nampham/.pyenv/versions/3.12.9/lib/python3.12/site-packages/airflow/example_dags/example_branch_python_dop_operator_3.py took 0.087 seconds
[2025-02-28T22:59:38.458+0200] {processor.py:186} INFO - Started process (PID=23678) to work on /Users/nampham/.pyenv/versions/3.12.9/lib/python3.12/site-packages/airflow/example_dags/example_branch_python_dop_operator_3.py
[2025-02-28T22:59:38.459+0200] {processor.py:914} INFO - Processing file /Users/nampham/.pyenv/versions/3.12.9/lib/python3.12/site-packages/airflow/example_dags/example_branch_python_dop_operator_3.py for tasks to queue
[2025-02-28T22:59:38.459+0200] {logging_mixin.py:190} INFO - [2025-02-28T22:59:38.459+0200] {dagbag.py:588} INFO - Filling up the DagBag from /Users/nampham/.pyenv/versions/3.12.9/lib/python3.12/site-packages/airflow/example_dags/example_branch_python_dop_operator_3.py
[2025-02-28T22:59:38.497+0200] {processor.py:925} INFO - DAG(s) 'example_branch_dop_operator_v3' retrieved from /Users/nampham/.pyenv/versions/3.12.9/lib/python3.12/site-packages/airflow/example_dags/example_branch_python_dop_operator_3.py
[2025-02-28T22:59:38.530+0200] {logging_mixin.py:190} INFO - [2025-02-28T22:59:38.530+0200] {dag.py:3239} INFO - Sync 1 DAGs
[2025-02-28T22:59:38.537+0200] {logging_mixin.py:190} INFO - [2025-02-28T22:59:38.537+0200] {dag.py:4180} INFO - Setting next_dagrun for example_branch_dop_operator_v3 to 2025-02-28 20:58:00+00:00, run_after=2025-02-28 20:59:00+00:00
[2025-02-28T22:59:38.544+0200] {processor.py:208} INFO - Processing /Users/nampham/.pyenv/versions/3.12.9/lib/python3.12/site-packages/airflow/example_dags/example_branch_python_dop_operator_3.py took 0.087 seconds
