[2025-02-28T18:24:42.183+0200] {processor.py:186} INFO - Started process (PID=93124) to work on /Users/nampham/.pyenv/versions/3.12.9/lib/python3.12/site-packages/airflow/example_dags/example_workday_timetable.py
[2025-02-28T18:24:42.184+0200] {processor.py:914} INFO - Processing file /Users/nampham/.pyenv/versions/3.12.9/lib/python3.12/site-packages/airflow/example_dags/example_workday_timetable.py for tasks to queue
[2025-02-28T18:24:42.184+0200] {logging_mixin.py:190} INFO - [2025-02-28T18:24:42.184+0200] {dagbag.py:588} INFO - Filling up the DagBag from /Users/nampham/.pyenv/versions/3.12.9/lib/python3.12/site-packages/airflow/example_dags/example_workday_timetable.py
[2025-02-28T18:24:42.478+0200] {processor.py:925} INFO - DAG(s) 'example_workday_timetable' retrieved from /Users/nampham/.pyenv/versions/3.12.9/lib/python3.12/site-packages/airflow/example_dags/example_workday_timetable.py
[2025-02-28T18:24:42.586+0200] {logging_mixin.py:190} INFO - [2025-02-28T18:24:42.586+0200] {override.py:1930} INFO - Created Permission View: can edit on DAG:example_workday_timetable
[2025-02-28T18:24:42.589+0200] {logging_mixin.py:190} INFO - [2025-02-28T18:24:42.589+0200] {override.py:1930} INFO - Created Permission View: can delete on DAG:example_workday_timetable
[2025-02-28T18:24:42.591+0200] {logging_mixin.py:190} INFO - [2025-02-28T18:24:42.591+0200] {override.py:1930} INFO - Created Permission View: can read on DAG:example_workday_timetable
[2025-02-28T18:24:42.593+0200] {logging_mixin.py:190} INFO - [2025-02-28T18:24:42.593+0200] {override.py:1930} INFO - Created Permission View: menu access on DAG Run:example_workday_timetable
[2025-02-28T18:24:42.595+0200] {logging_mixin.py:190} INFO - [2025-02-28T18:24:42.595+0200] {override.py:1930} INFO - Created Permission View: can create on DAG Run:example_workday_timetable
[2025-02-28T18:24:42.597+0200] {logging_mixin.py:190} INFO - [2025-02-28T18:24:42.597+0200] {override.py:1930} INFO - Created Permission View: can delete on DAG Run:example_workday_timetable
[2025-02-28T18:24:42.598+0200] {logging_mixin.py:190} INFO - [2025-02-28T18:24:42.598+0200] {override.py:1930} INFO - Created Permission View: can read on DAG Run:example_workday_timetable
[2025-02-28T18:24:42.599+0200] {logging_mixin.py:190} INFO - [2025-02-28T18:24:42.598+0200] {dag.py:3239} INFO - Sync 1 DAGs
[2025-02-28T18:24:42.602+0200] {logging_mixin.py:190} INFO - [2025-02-28T18:24:42.602+0200] {dag.py:3262} INFO - Creating ORM DAG for example_workday_timetable
[2025-02-28T18:24:42.617+0200] {logging_mixin.py:190} INFO - [2025-02-28T18:24:42.617+0200] {dag.py:4180} INFO - Setting next_dagrun for example_workday_timetable to 2021-01-04 00:00:00+00:00, run_after=2021-01-05 00:00:00+00:00
[2025-02-28T18:24:42.623+0200] {processor.py:208} INFO - Processing /Users/nampham/.pyenv/versions/3.12.9/lib/python3.12/site-packages/airflow/example_dags/example_workday_timetable.py took 0.441 seconds
[2025-02-28T18:26:30.007+0200] {processor.py:186} INFO - Started process (PID=93586) to work on /Users/nampham/.pyenv/versions/3.12.9/lib/python3.12/site-packages/airflow/example_dags/example_workday_timetable.py
[2025-02-28T18:26:30.008+0200] {processor.py:914} INFO - Processing file /Users/nampham/.pyenv/versions/3.12.9/lib/python3.12/site-packages/airflow/example_dags/example_workday_timetable.py for tasks to queue
[2025-02-28T18:26:30.009+0200] {logging_mixin.py:190} INFO - [2025-02-28T18:26:30.008+0200] {dagbag.py:588} INFO - Filling up the DagBag from /Users/nampham/.pyenv/versions/3.12.9/lib/python3.12/site-packages/airflow/example_dags/example_workday_timetable.py
[2025-02-28T18:26:30.294+0200] {processor.py:925} INFO - DAG(s) 'example_workday_timetable' retrieved from /Users/nampham/.pyenv/versions/3.12.9/lib/python3.12/site-packages/airflow/example_dags/example_workday_timetable.py
[2025-02-28T18:26:30.340+0200] {logging_mixin.py:190} INFO - [2025-02-28T18:26:30.340+0200] {dag.py:3239} INFO - Sync 1 DAGs
[2025-02-28T18:26:30.360+0200] {logging_mixin.py:190} INFO - [2025-02-28T18:26:30.360+0200] {dag.py:4180} INFO - Setting next_dagrun for example_workday_timetable to 2021-01-04 00:00:00+00:00, run_after=2021-01-05 00:00:00+00:00
[2025-02-28T18:26:30.366+0200] {processor.py:208} INFO - Processing /Users/nampham/.pyenv/versions/3.12.9/lib/python3.12/site-packages/airflow/example_dags/example_workday_timetable.py took 0.360 seconds
[2025-02-28T18:27:51.581+0200] {processor.py:186} INFO - Started process (PID=93898) to work on /Users/nampham/.pyenv/versions/3.12.9/lib/python3.12/site-packages/airflow/example_dags/example_workday_timetable.py
[2025-02-28T18:27:51.581+0200] {processor.py:914} INFO - Processing file /Users/nampham/.pyenv/versions/3.12.9/lib/python3.12/site-packages/airflow/example_dags/example_workday_timetable.py for tasks to queue
[2025-02-28T18:27:51.582+0200] {logging_mixin.py:190} INFO - [2025-02-28T18:27:51.582+0200] {dagbag.py:588} INFO - Filling up the DagBag from /Users/nampham/.pyenv/versions/3.12.9/lib/python3.12/site-packages/airflow/example_dags/example_workday_timetable.py
[2025-02-28T18:27:51.871+0200] {processor.py:925} INFO - DAG(s) 'example_workday_timetable' retrieved from /Users/nampham/.pyenv/versions/3.12.9/lib/python3.12/site-packages/airflow/example_dags/example_workday_timetable.py
[2025-02-28T18:27:51.917+0200] {logging_mixin.py:190} INFO - [2025-02-28T18:27:51.917+0200] {dag.py:3239} INFO - Sync 1 DAGs
[2025-02-28T18:27:51.938+0200] {logging_mixin.py:190} INFO - [2025-02-28T18:27:51.938+0200] {dag.py:4180} INFO - Setting next_dagrun for example_workday_timetable to 2021-01-04 00:00:00+00:00, run_after=2021-01-05 00:00:00+00:00
[2025-02-28T18:27:51.944+0200] {processor.py:208} INFO - Processing /Users/nampham/.pyenv/versions/3.12.9/lib/python3.12/site-packages/airflow/example_dags/example_workday_timetable.py took 0.364 seconds
[2025-02-28T18:29:11.602+0200] {processor.py:186} INFO - Started process (PID=94233) to work on /Users/nampham/.pyenv/versions/3.12.9/lib/python3.12/site-packages/airflow/example_dags/example_workday_timetable.py
[2025-02-28T18:29:11.603+0200] {processor.py:914} INFO - Processing file /Users/nampham/.pyenv/versions/3.12.9/lib/python3.12/site-packages/airflow/example_dags/example_workday_timetable.py for tasks to queue
[2025-02-28T18:29:11.603+0200] {logging_mixin.py:190} INFO - [2025-02-28T18:29:11.603+0200] {dagbag.py:588} INFO - Filling up the DagBag from /Users/nampham/.pyenv/versions/3.12.9/lib/python3.12/site-packages/airflow/example_dags/example_workday_timetable.py
[2025-02-28T18:29:11.976+0200] {processor.py:925} INFO - DAG(s) 'example_workday_timetable' retrieved from /Users/nampham/.pyenv/versions/3.12.9/lib/python3.12/site-packages/airflow/example_dags/example_workday_timetable.py
[2025-02-28T18:29:12.022+0200] {logging_mixin.py:190} INFO - [2025-02-28T18:29:12.022+0200] {dag.py:3239} INFO - Sync 1 DAGs
[2025-02-28T18:29:12.041+0200] {logging_mixin.py:190} INFO - [2025-02-28T18:29:12.041+0200] {dag.py:4180} INFO - Setting next_dagrun for example_workday_timetable to 2021-01-04 00:00:00+00:00, run_after=2021-01-05 00:00:00+00:00
[2025-02-28T18:29:12.050+0200] {processor.py:208} INFO - Processing /Users/nampham/.pyenv/versions/3.12.9/lib/python3.12/site-packages/airflow/example_dags/example_workday_timetable.py took 0.450 seconds
[2025-02-28T20:10:55.692+0200] {processor.py:186} INFO - Started process (PID=97239) to work on /Users/nampham/.pyenv/versions/3.12.9/lib/python3.12/site-packages/airflow/example_dags/example_workday_timetable.py
[2025-02-28T20:10:55.693+0200] {processor.py:914} INFO - Processing file /Users/nampham/.pyenv/versions/3.12.9/lib/python3.12/site-packages/airflow/example_dags/example_workday_timetable.py for tasks to queue
[2025-02-28T20:10:55.693+0200] {logging_mixin.py:190} INFO - [2025-02-28T20:10:55.693+0200] {dagbag.py:588} INFO - Filling up the DagBag from /Users/nampham/.pyenv/versions/3.12.9/lib/python3.12/site-packages/airflow/example_dags/example_workday_timetable.py
[2025-02-28T20:10:55.985+0200] {processor.py:925} INFO - DAG(s) 'example_workday_timetable' retrieved from /Users/nampham/.pyenv/versions/3.12.9/lib/python3.12/site-packages/airflow/example_dags/example_workday_timetable.py
[2025-02-28T20:10:56.097+0200] {logging_mixin.py:190} INFO - [2025-02-28T20:10:56.097+0200] {dag.py:3239} INFO - Sync 1 DAGs
[2025-02-28T20:10:56.121+0200] {logging_mixin.py:190} INFO - [2025-02-28T20:10:56.121+0200] {dag.py:4180} INFO - Setting next_dagrun for example_workday_timetable to 2021-01-04 00:00:00+00:00, run_after=2021-01-05 00:00:00+00:00
[2025-02-28T20:10:56.128+0200] {processor.py:208} INFO - Processing /Users/nampham/.pyenv/versions/3.12.9/lib/python3.12/site-packages/airflow/example_dags/example_workday_timetable.py took 0.437 seconds
[2025-02-28T20:12:44.304+0200] {processor.py:186} INFO - Started process (PID=97842) to work on /Users/nampham/.pyenv/versions/3.12.9/lib/python3.12/site-packages/airflow/example_dags/example_workday_timetable.py
[2025-02-28T20:12:44.305+0200] {processor.py:914} INFO - Processing file /Users/nampham/.pyenv/versions/3.12.9/lib/python3.12/site-packages/airflow/example_dags/example_workday_timetable.py for tasks to queue
[2025-02-28T20:12:44.305+0200] {logging_mixin.py:190} INFO - [2025-02-28T20:12:44.305+0200] {dagbag.py:588} INFO - Filling up the DagBag from /Users/nampham/.pyenv/versions/3.12.9/lib/python3.12/site-packages/airflow/example_dags/example_workday_timetable.py
[2025-02-28T20:12:44.605+0200] {processor.py:925} INFO - DAG(s) 'example_workday_timetable' retrieved from /Users/nampham/.pyenv/versions/3.12.9/lib/python3.12/site-packages/airflow/example_dags/example_workday_timetable.py
[2025-02-28T20:12:44.652+0200] {logging_mixin.py:190} INFO - [2025-02-28T20:12:44.652+0200] {dag.py:3239} INFO - Sync 1 DAGs
[2025-02-28T20:12:44.679+0200] {logging_mixin.py:190} INFO - [2025-02-28T20:12:44.678+0200] {dag.py:4180} INFO - Setting next_dagrun for example_workday_timetable to 2021-01-04 00:00:00+00:00, run_after=2021-01-05 00:00:00+00:00
[2025-02-28T20:12:44.685+0200] {processor.py:208} INFO - Processing /Users/nampham/.pyenv/versions/3.12.9/lib/python3.12/site-packages/airflow/example_dags/example_workday_timetable.py took 0.382 seconds
[2025-02-28T20:14:33.480+0200] {processor.py:186} INFO - Started process (PID=98295) to work on /Users/nampham/.pyenv/versions/3.12.9/lib/python3.12/site-packages/airflow/example_dags/example_workday_timetable.py
[2025-02-28T20:14:33.480+0200] {processor.py:914} INFO - Processing file /Users/nampham/.pyenv/versions/3.12.9/lib/python3.12/site-packages/airflow/example_dags/example_workday_timetable.py for tasks to queue
[2025-02-28T20:14:33.481+0200] {logging_mixin.py:190} INFO - [2025-02-28T20:14:33.481+0200] {dagbag.py:588} INFO - Filling up the DagBag from /Users/nampham/.pyenv/versions/3.12.9/lib/python3.12/site-packages/airflow/example_dags/example_workday_timetable.py
[2025-02-28T20:14:33.759+0200] {processor.py:925} INFO - DAG(s) 'example_workday_timetable' retrieved from /Users/nampham/.pyenv/versions/3.12.9/lib/python3.12/site-packages/airflow/example_dags/example_workday_timetable.py
[2025-02-28T20:14:33.803+0200] {logging_mixin.py:190} INFO - [2025-02-28T20:14:33.803+0200] {dag.py:3239} INFO - Sync 1 DAGs
[2025-02-28T20:14:33.822+0200] {logging_mixin.py:190} INFO - [2025-02-28T20:14:33.822+0200] {dag.py:4180} INFO - Setting next_dagrun for example_workday_timetable to 2021-01-04 00:00:00+00:00, run_after=2021-01-05 00:00:00+00:00
[2025-02-28T20:14:33.828+0200] {processor.py:208} INFO - Processing /Users/nampham/.pyenv/versions/3.12.9/lib/python3.12/site-packages/airflow/example_dags/example_workday_timetable.py took 0.350 seconds
[2025-02-28T20:15:53.614+0200] {processor.py:186} INFO - Started process (PID=98580) to work on /Users/nampham/.pyenv/versions/3.12.9/lib/python3.12/site-packages/airflow/example_dags/example_workday_timetable.py
[2025-02-28T20:15:53.615+0200] {processor.py:914} INFO - Processing file /Users/nampham/.pyenv/versions/3.12.9/lib/python3.12/site-packages/airflow/example_dags/example_workday_timetable.py for tasks to queue
[2025-02-28T20:15:53.616+0200] {logging_mixin.py:190} INFO - [2025-02-28T20:15:53.616+0200] {dagbag.py:588} INFO - Filling up the DagBag from /Users/nampham/.pyenv/versions/3.12.9/lib/python3.12/site-packages/airflow/example_dags/example_workday_timetable.py
[2025-02-28T20:15:53.892+0200] {processor.py:925} INFO - DAG(s) 'example_workday_timetable' retrieved from /Users/nampham/.pyenv/versions/3.12.9/lib/python3.12/site-packages/airflow/example_dags/example_workday_timetable.py
[2025-02-28T20:15:53.937+0200] {logging_mixin.py:190} INFO - [2025-02-28T20:15:53.936+0200] {dag.py:3239} INFO - Sync 1 DAGs
[2025-02-28T20:15:53.955+0200] {logging_mixin.py:190} INFO - [2025-02-28T20:15:53.955+0200] {dag.py:4180} INFO - Setting next_dagrun for example_workday_timetable to 2021-01-04 00:00:00+00:00, run_after=2021-01-05 00:00:00+00:00
[2025-02-28T20:15:53.962+0200] {processor.py:208} INFO - Processing /Users/nampham/.pyenv/versions/3.12.9/lib/python3.12/site-packages/airflow/example_dags/example_workday_timetable.py took 0.349 seconds
[2025-02-28T20:17:09.864+0200] {processor.py:186} INFO - Started process (PID=98875) to work on /Users/nampham/.pyenv/versions/3.12.9/lib/python3.12/site-packages/airflow/example_dags/example_workday_timetable.py
[2025-02-28T20:17:09.865+0200] {processor.py:914} INFO - Processing file /Users/nampham/.pyenv/versions/3.12.9/lib/python3.12/site-packages/airflow/example_dags/example_workday_timetable.py for tasks to queue
[2025-02-28T20:17:09.865+0200] {logging_mixin.py:190} INFO - [2025-02-28T20:17:09.865+0200] {dagbag.py:588} INFO - Filling up the DagBag from /Users/nampham/.pyenv/versions/3.12.9/lib/python3.12/site-packages/airflow/example_dags/example_workday_timetable.py
[2025-02-28T20:17:10.128+0200] {processor.py:925} INFO - DAG(s) 'example_workday_timetable' retrieved from /Users/nampham/.pyenv/versions/3.12.9/lib/python3.12/site-packages/airflow/example_dags/example_workday_timetable.py
[2025-02-28T20:17:10.175+0200] {logging_mixin.py:190} INFO - [2025-02-28T20:17:10.175+0200] {dag.py:3239} INFO - Sync 1 DAGs
[2025-02-28T20:17:10.194+0200] {logging_mixin.py:190} INFO - [2025-02-28T20:17:10.194+0200] {dag.py:4180} INFO - Setting next_dagrun for example_workday_timetable to 2021-01-04 00:00:00+00:00, run_after=2021-01-05 00:00:00+00:00
[2025-02-28T20:17:10.201+0200] {processor.py:208} INFO - Processing /Users/nampham/.pyenv/versions/3.12.9/lib/python3.12/site-packages/airflow/example_dags/example_workday_timetable.py took 0.338 seconds
[2025-02-28T20:18:25.171+0200] {processor.py:186} INFO - Started process (PID=99237) to work on /Users/nampham/.pyenv/versions/3.12.9/lib/python3.12/site-packages/airflow/example_dags/example_workday_timetable.py
[2025-02-28T20:18:25.172+0200] {processor.py:914} INFO - Processing file /Users/nampham/.pyenv/versions/3.12.9/lib/python3.12/site-packages/airflow/example_dags/example_workday_timetable.py for tasks to queue
[2025-02-28T20:18:25.173+0200] {logging_mixin.py:190} INFO - [2025-02-28T20:18:25.173+0200] {dagbag.py:588} INFO - Filling up the DagBag from /Users/nampham/.pyenv/versions/3.12.9/lib/python3.12/site-packages/airflow/example_dags/example_workday_timetable.py
[2025-02-28T20:18:25.466+0200] {processor.py:925} INFO - DAG(s) 'example_workday_timetable' retrieved from /Users/nampham/.pyenv/versions/3.12.9/lib/python3.12/site-packages/airflow/example_dags/example_workday_timetable.py
[2025-02-28T20:18:25.514+0200] {logging_mixin.py:190} INFO - [2025-02-28T20:18:25.513+0200] {dag.py:3239} INFO - Sync 1 DAGs
[2025-02-28T20:18:25.533+0200] {logging_mixin.py:190} INFO - [2025-02-28T20:18:25.533+0200] {dag.py:4180} INFO - Setting next_dagrun for example_workday_timetable to 2021-01-04 00:00:00+00:00, run_after=2021-01-05 00:00:00+00:00
[2025-02-28T20:18:25.539+0200] {processor.py:208} INFO - Processing /Users/nampham/.pyenv/versions/3.12.9/lib/python3.12/site-packages/airflow/example_dags/example_workday_timetable.py took 0.369 seconds
[2025-02-28T20:20:17.704+0200] {processor.py:186} INFO - Started process (PID=99676) to work on /Users/nampham/.pyenv/versions/3.12.9/lib/python3.12/site-packages/airflow/example_dags/example_workday_timetable.py
[2025-02-28T20:20:17.705+0200] {processor.py:914} INFO - Processing file /Users/nampham/.pyenv/versions/3.12.9/lib/python3.12/site-packages/airflow/example_dags/example_workday_timetable.py for tasks to queue
[2025-02-28T20:20:17.706+0200] {logging_mixin.py:190} INFO - [2025-02-28T20:20:17.706+0200] {dagbag.py:588} INFO - Filling up the DagBag from /Users/nampham/.pyenv/versions/3.12.9/lib/python3.12/site-packages/airflow/example_dags/example_workday_timetable.py
[2025-02-28T20:20:17.997+0200] {processor.py:925} INFO - DAG(s) 'example_workday_timetable' retrieved from /Users/nampham/.pyenv/versions/3.12.9/lib/python3.12/site-packages/airflow/example_dags/example_workday_timetable.py
[2025-02-28T20:20:18.042+0200] {logging_mixin.py:190} INFO - [2025-02-28T20:20:18.041+0200] {dag.py:3239} INFO - Sync 1 DAGs
[2025-02-28T20:20:18.061+0200] {logging_mixin.py:190} INFO - [2025-02-28T20:20:18.061+0200] {dag.py:4180} INFO - Setting next_dagrun for example_workday_timetable to 2021-01-04 00:00:00+00:00, run_after=2021-01-05 00:00:00+00:00
[2025-02-28T20:20:18.067+0200] {processor.py:208} INFO - Processing /Users/nampham/.pyenv/versions/3.12.9/lib/python3.12/site-packages/airflow/example_dags/example_workday_timetable.py took 0.365 seconds
[2025-02-28T20:21:36.650+0200] {processor.py:186} INFO - Started process (PID=99985) to work on /Users/nampham/.pyenv/versions/3.12.9/lib/python3.12/site-packages/airflow/example_dags/example_workday_timetable.py
[2025-02-28T20:21:36.650+0200] {processor.py:914} INFO - Processing file /Users/nampham/.pyenv/versions/3.12.9/lib/python3.12/site-packages/airflow/example_dags/example_workday_timetable.py for tasks to queue
[2025-02-28T20:21:36.651+0200] {logging_mixin.py:190} INFO - [2025-02-28T20:21:36.651+0200] {dagbag.py:588} INFO - Filling up the DagBag from /Users/nampham/.pyenv/versions/3.12.9/lib/python3.12/site-packages/airflow/example_dags/example_workday_timetable.py
[2025-02-28T20:21:37.040+0200] {processor.py:925} INFO - DAG(s) 'example_workday_timetable' retrieved from /Users/nampham/.pyenv/versions/3.12.9/lib/python3.12/site-packages/airflow/example_dags/example_workday_timetable.py
[2025-02-28T20:21:37.087+0200] {logging_mixin.py:190} INFO - [2025-02-28T20:21:37.087+0200] {dag.py:3239} INFO - Sync 1 DAGs
[2025-02-28T20:21:37.109+0200] {logging_mixin.py:190} INFO - [2025-02-28T20:21:37.109+0200] {dag.py:4180} INFO - Setting next_dagrun for example_workday_timetable to 2021-01-04 00:00:00+00:00, run_after=2021-01-05 00:00:00+00:00
[2025-02-28T20:21:37.121+0200] {processor.py:208} INFO - Processing /Users/nampham/.pyenv/versions/3.12.9/lib/python3.12/site-packages/airflow/example_dags/example_workday_timetable.py took 0.473 seconds
[2025-02-28T20:22:51.211+0200] {processor.py:186} INFO - Started process (PID=335) to work on /Users/nampham/.pyenv/versions/3.12.9/lib/python3.12/site-packages/airflow/example_dags/example_workday_timetable.py
[2025-02-28T20:22:51.211+0200] {processor.py:914} INFO - Processing file /Users/nampham/.pyenv/versions/3.12.9/lib/python3.12/site-packages/airflow/example_dags/example_workday_timetable.py for tasks to queue
[2025-02-28T20:22:51.212+0200] {logging_mixin.py:190} INFO - [2025-02-28T20:22:51.212+0200] {dagbag.py:588} INFO - Filling up the DagBag from /Users/nampham/.pyenv/versions/3.12.9/lib/python3.12/site-packages/airflow/example_dags/example_workday_timetable.py
[2025-02-28T20:22:51.493+0200] {processor.py:925} INFO - DAG(s) 'example_workday_timetable' retrieved from /Users/nampham/.pyenv/versions/3.12.9/lib/python3.12/site-packages/airflow/example_dags/example_workday_timetable.py
[2025-02-28T20:22:51.538+0200] {logging_mixin.py:190} INFO - [2025-02-28T20:22:51.538+0200] {dag.py:3239} INFO - Sync 1 DAGs
[2025-02-28T20:22:51.557+0200] {logging_mixin.py:190} INFO - [2025-02-28T20:22:51.557+0200] {dag.py:4180} INFO - Setting next_dagrun for example_workday_timetable to 2021-01-04 00:00:00+00:00, run_after=2021-01-05 00:00:00+00:00
[2025-02-28T20:22:51.564+0200] {processor.py:208} INFO - Processing /Users/nampham/.pyenv/versions/3.12.9/lib/python3.12/site-packages/airflow/example_dags/example_workday_timetable.py took 0.354 seconds
[2025-02-28T21:27:39.143+0200] {processor.py:186} INFO - Started process (PID=5462) to work on /Users/nampham/.pyenv/versions/3.12.9/lib/python3.12/site-packages/airflow/example_dags/example_workday_timetable.py
[2025-02-28T21:27:39.144+0200] {processor.py:914} INFO - Processing file /Users/nampham/.pyenv/versions/3.12.9/lib/python3.12/site-packages/airflow/example_dags/example_workday_timetable.py for tasks to queue
[2025-02-28T21:27:39.144+0200] {logging_mixin.py:190} INFO - [2025-02-28T21:27:39.144+0200] {dagbag.py:588} INFO - Filling up the DagBag from /Users/nampham/.pyenv/versions/3.12.9/lib/python3.12/site-packages/airflow/example_dags/example_workday_timetable.py
[2025-02-28T21:27:39.426+0200] {processor.py:925} INFO - DAG(s) 'example_workday_timetable' retrieved from /Users/nampham/.pyenv/versions/3.12.9/lib/python3.12/site-packages/airflow/example_dags/example_workday_timetable.py
[2025-02-28T21:27:39.471+0200] {logging_mixin.py:190} INFO - [2025-02-28T21:27:39.471+0200] {dag.py:3239} INFO - Sync 1 DAGs
[2025-02-28T21:27:39.499+0200] {logging_mixin.py:190} INFO - [2025-02-28T21:27:39.499+0200] {dag.py:4180} INFO - Setting next_dagrun for example_workday_timetable to 2021-01-04 00:00:00+00:00, run_after=2021-01-05 00:00:00+00:00
[2025-02-28T21:27:39.505+0200] {processor.py:208} INFO - Processing /Users/nampham/.pyenv/versions/3.12.9/lib/python3.12/site-packages/airflow/example_dags/example_workday_timetable.py took 0.363 seconds
[2025-02-28T21:30:24.657+0200] {processor.py:186} INFO - Started process (PID=6126) to work on /Users/nampham/.pyenv/versions/3.12.9/lib/python3.12/site-packages/airflow/example_dags/example_workday_timetable.py
[2025-02-28T21:30:24.658+0200] {processor.py:914} INFO - Processing file /Users/nampham/.pyenv/versions/3.12.9/lib/python3.12/site-packages/airflow/example_dags/example_workday_timetable.py for tasks to queue
[2025-02-28T21:30:24.659+0200] {logging_mixin.py:190} INFO - [2025-02-28T21:30:24.658+0200] {dagbag.py:588} INFO - Filling up the DagBag from /Users/nampham/.pyenv/versions/3.12.9/lib/python3.12/site-packages/airflow/example_dags/example_workday_timetable.py
[2025-02-28T21:30:24.972+0200] {processor.py:925} INFO - DAG(s) 'example_workday_timetable' retrieved from /Users/nampham/.pyenv/versions/3.12.9/lib/python3.12/site-packages/airflow/example_dags/example_workday_timetable.py
[2025-02-28T21:30:25.017+0200] {logging_mixin.py:190} INFO - [2025-02-28T21:30:25.017+0200] {dag.py:3239} INFO - Sync 1 DAGs
[2025-02-28T21:30:25.036+0200] {logging_mixin.py:190} INFO - [2025-02-28T21:30:25.036+0200] {dag.py:4180} INFO - Setting next_dagrun for example_workday_timetable to 2021-01-04 00:00:00+00:00, run_after=2021-01-05 00:00:00+00:00
[2025-02-28T21:30:25.042+0200] {processor.py:208} INFO - Processing /Users/nampham/.pyenv/versions/3.12.9/lib/python3.12/site-packages/airflow/example_dags/example_workday_timetable.py took 0.387 seconds
[2025-02-28T21:32:12.779+0200] {processor.py:186} INFO - Started process (PID=6548) to work on /Users/nampham/.pyenv/versions/3.12.9/lib/python3.12/site-packages/airflow/example_dags/example_workday_timetable.py
[2025-02-28T21:32:12.779+0200] {processor.py:914} INFO - Processing file /Users/nampham/.pyenv/versions/3.12.9/lib/python3.12/site-packages/airflow/example_dags/example_workday_timetable.py for tasks to queue
[2025-02-28T21:32:12.780+0200] {logging_mixin.py:190} INFO - [2025-02-28T21:32:12.780+0200] {dagbag.py:588} INFO - Filling up the DagBag from /Users/nampham/.pyenv/versions/3.12.9/lib/python3.12/site-packages/airflow/example_dags/example_workday_timetable.py
[2025-02-28T21:32:13.076+0200] {processor.py:925} INFO - DAG(s) 'example_workday_timetable' retrieved from /Users/nampham/.pyenv/versions/3.12.9/lib/python3.12/site-packages/airflow/example_dags/example_workday_timetable.py
[2025-02-28T21:32:13.121+0200] {logging_mixin.py:190} INFO - [2025-02-28T21:32:13.120+0200] {dag.py:3239} INFO - Sync 1 DAGs
[2025-02-28T21:32:13.141+0200] {logging_mixin.py:190} INFO - [2025-02-28T21:32:13.141+0200] {dag.py:4180} INFO - Setting next_dagrun for example_workday_timetable to 2021-01-04 00:00:00+00:00, run_after=2021-01-05 00:00:00+00:00
[2025-02-28T21:32:13.147+0200] {processor.py:208} INFO - Processing /Users/nampham/.pyenv/versions/3.12.9/lib/python3.12/site-packages/airflow/example_dags/example_workday_timetable.py took 0.370 seconds
[2025-02-28T21:33:31.486+0200] {processor.py:186} INFO - Started process (PID=7054) to work on /Users/nampham/.pyenv/versions/3.12.9/lib/python3.12/site-packages/airflow/example_dags/example_workday_timetable.py
[2025-02-28T21:33:31.488+0200] {processor.py:914} INFO - Processing file /Users/nampham/.pyenv/versions/3.12.9/lib/python3.12/site-packages/airflow/example_dags/example_workday_timetable.py for tasks to queue
[2025-02-28T21:33:31.488+0200] {logging_mixin.py:190} INFO - [2025-02-28T21:33:31.488+0200] {dagbag.py:588} INFO - Filling up the DagBag from /Users/nampham/.pyenv/versions/3.12.9/lib/python3.12/site-packages/airflow/example_dags/example_workday_timetable.py
[2025-02-28T21:33:31.780+0200] {processor.py:925} INFO - DAG(s) 'example_workday_timetable' retrieved from /Users/nampham/.pyenv/versions/3.12.9/lib/python3.12/site-packages/airflow/example_dags/example_workday_timetable.py
[2025-02-28T21:33:31.824+0200] {logging_mixin.py:190} INFO - [2025-02-28T21:33:31.824+0200] {dag.py:3239} INFO - Sync 1 DAGs
[2025-02-28T21:33:31.846+0200] {logging_mixin.py:190} INFO - [2025-02-28T21:33:31.845+0200] {dag.py:4180} INFO - Setting next_dagrun for example_workday_timetable to 2021-01-04 00:00:00+00:00, run_after=2021-01-05 00:00:00+00:00
[2025-02-28T21:33:31.854+0200] {processor.py:208} INFO - Processing /Users/nampham/.pyenv/versions/3.12.9/lib/python3.12/site-packages/airflow/example_dags/example_workday_timetable.py took 0.369 seconds
[2025-02-28T21:34:51.441+0200] {processor.py:186} INFO - Started process (PID=7346) to work on /Users/nampham/.pyenv/versions/3.12.9/lib/python3.12/site-packages/airflow/example_dags/example_workday_timetable.py
[2025-02-28T21:34:51.442+0200] {processor.py:914} INFO - Processing file /Users/nampham/.pyenv/versions/3.12.9/lib/python3.12/site-packages/airflow/example_dags/example_workday_timetable.py for tasks to queue
[2025-02-28T21:34:51.443+0200] {logging_mixin.py:190} INFO - [2025-02-28T21:34:51.443+0200] {dagbag.py:588} INFO - Filling up the DagBag from /Users/nampham/.pyenv/versions/3.12.9/lib/python3.12/site-packages/airflow/example_dags/example_workday_timetable.py
[2025-02-28T21:34:51.817+0200] {processor.py:925} INFO - DAG(s) 'example_workday_timetable' retrieved from /Users/nampham/.pyenv/versions/3.12.9/lib/python3.12/site-packages/airflow/example_dags/example_workday_timetable.py
[2025-02-28T21:34:51.866+0200] {logging_mixin.py:190} INFO - [2025-02-28T21:34:51.865+0200] {dag.py:3239} INFO - Sync 1 DAGs
[2025-02-28T21:34:51.889+0200] {logging_mixin.py:190} INFO - [2025-02-28T21:34:51.889+0200] {dag.py:4180} INFO - Setting next_dagrun for example_workday_timetable to 2021-01-04 00:00:00+00:00, run_after=2021-01-05 00:00:00+00:00
[2025-02-28T21:34:51.895+0200] {processor.py:208} INFO - Processing /Users/nampham/.pyenv/versions/3.12.9/lib/python3.12/site-packages/airflow/example_dags/example_workday_timetable.py took 0.456 seconds
[2025-02-28T21:36:46.439+0200] {processor.py:186} INFO - Started process (PID=7846) to work on /Users/nampham/.pyenv/versions/3.12.9/lib/python3.12/site-packages/airflow/example_dags/example_workday_timetable.py
[2025-02-28T21:36:46.441+0200] {processor.py:914} INFO - Processing file /Users/nampham/.pyenv/versions/3.12.9/lib/python3.12/site-packages/airflow/example_dags/example_workday_timetable.py for tasks to queue
[2025-02-28T21:36:46.441+0200] {logging_mixin.py:190} INFO - [2025-02-28T21:36:46.441+0200] {dagbag.py:588} INFO - Filling up the DagBag from /Users/nampham/.pyenv/versions/3.12.9/lib/python3.12/site-packages/airflow/example_dags/example_workday_timetable.py
[2025-02-28T21:36:46.706+0200] {processor.py:925} INFO - DAG(s) 'example_workday_timetable' retrieved from /Users/nampham/.pyenv/versions/3.12.9/lib/python3.12/site-packages/airflow/example_dags/example_workday_timetable.py
[2025-02-28T21:36:46.816+0200] {logging_mixin.py:190} INFO - [2025-02-28T21:36:46.815+0200] {override.py:1930} INFO - Created Permission View: can read on DAG:example_workday_timetable
[2025-02-28T21:36:46.819+0200] {logging_mixin.py:190} INFO - [2025-02-28T21:36:46.819+0200] {override.py:1930} INFO - Created Permission View: can delete on DAG:example_workday_timetable
[2025-02-28T21:36:46.820+0200] {logging_mixin.py:190} INFO - [2025-02-28T21:36:46.820+0200] {override.py:1930} INFO - Created Permission View: can edit on DAG:example_workday_timetable
[2025-02-28T21:36:46.823+0200] {logging_mixin.py:190} INFO - [2025-02-28T21:36:46.823+0200] {override.py:1930} INFO - Created Permission View: can read on DAG Run:example_workday_timetable
[2025-02-28T21:36:46.825+0200] {logging_mixin.py:190} INFO - [2025-02-28T21:36:46.825+0200] {override.py:1930} INFO - Created Permission View: menu access on DAG Run:example_workday_timetable
[2025-02-28T21:36:46.826+0200] {logging_mixin.py:190} INFO - [2025-02-28T21:36:46.826+0200] {override.py:1930} INFO - Created Permission View: can create on DAG Run:example_workday_timetable
[2025-02-28T21:36:46.828+0200] {logging_mixin.py:190} INFO - [2025-02-28T21:36:46.828+0200] {override.py:1930} INFO - Created Permission View: can delete on DAG Run:example_workday_timetable
[2025-02-28T21:36:46.828+0200] {logging_mixin.py:190} INFO - [2025-02-28T21:36:46.828+0200] {dag.py:3239} INFO - Sync 1 DAGs
[2025-02-28T21:36:46.832+0200] {logging_mixin.py:190} INFO - [2025-02-28T21:36:46.832+0200] {dag.py:3262} INFO - Creating ORM DAG for example_workday_timetable
[2025-02-28T21:36:46.847+0200] {logging_mixin.py:190} INFO - [2025-02-28T21:36:46.847+0200] {dag.py:4180} INFO - Setting next_dagrun for example_workday_timetable to 2021-01-04 00:00:00+00:00, run_after=2021-01-05 00:00:00+00:00
[2025-02-28T21:36:46.853+0200] {processor.py:208} INFO - Processing /Users/nampham/.pyenv/versions/3.12.9/lib/python3.12/site-packages/airflow/example_dags/example_workday_timetable.py took 0.415 seconds
[2025-02-28T21:38:38.454+0200] {processor.py:186} INFO - Started process (PID=8276) to work on /Users/nampham/.pyenv/versions/3.12.9/lib/python3.12/site-packages/airflow/example_dags/example_workday_timetable.py
[2025-02-28T21:38:38.455+0200] {processor.py:914} INFO - Processing file /Users/nampham/.pyenv/versions/3.12.9/lib/python3.12/site-packages/airflow/example_dags/example_workday_timetable.py for tasks to queue
[2025-02-28T21:38:38.455+0200] {logging_mixin.py:190} INFO - [2025-02-28T21:38:38.455+0200] {dagbag.py:588} INFO - Filling up the DagBag from /Users/nampham/.pyenv/versions/3.12.9/lib/python3.12/site-packages/airflow/example_dags/example_workday_timetable.py
[2025-02-28T21:38:38.762+0200] {processor.py:925} INFO - DAG(s) 'example_workday_timetable' retrieved from /Users/nampham/.pyenv/versions/3.12.9/lib/python3.12/site-packages/airflow/example_dags/example_workday_timetable.py
[2025-02-28T21:38:38.807+0200] {logging_mixin.py:190} INFO - [2025-02-28T21:38:38.807+0200] {dag.py:3239} INFO - Sync 1 DAGs
[2025-02-28T21:38:38.825+0200] {logging_mixin.py:190} INFO - [2025-02-28T21:38:38.825+0200] {dag.py:4180} INFO - Setting next_dagrun for example_workday_timetable to 2021-01-04 00:00:00+00:00, run_after=2021-01-05 00:00:00+00:00
[2025-02-28T21:38:38.831+0200] {processor.py:208} INFO - Processing /Users/nampham/.pyenv/versions/3.12.9/lib/python3.12/site-packages/airflow/example_dags/example_workday_timetable.py took 0.379 seconds
[2025-02-28T21:39:55.778+0200] {processor.py:186} INFO - Started process (PID=8569) to work on /Users/nampham/.pyenv/versions/3.12.9/lib/python3.12/site-packages/airflow/example_dags/example_workday_timetable.py
[2025-02-28T21:39:55.779+0200] {processor.py:914} INFO - Processing file /Users/nampham/.pyenv/versions/3.12.9/lib/python3.12/site-packages/airflow/example_dags/example_workday_timetable.py for tasks to queue
[2025-02-28T21:39:55.779+0200] {logging_mixin.py:190} INFO - [2025-02-28T21:39:55.779+0200] {dagbag.py:588} INFO - Filling up the DagBag from /Users/nampham/.pyenv/versions/3.12.9/lib/python3.12/site-packages/airflow/example_dags/example_workday_timetable.py
[2025-02-28T21:39:56.102+0200] {processor.py:925} INFO - DAG(s) 'example_workday_timetable' retrieved from /Users/nampham/.pyenv/versions/3.12.9/lib/python3.12/site-packages/airflow/example_dags/example_workday_timetable.py
[2025-02-28T21:39:56.148+0200] {logging_mixin.py:190} INFO - [2025-02-28T21:39:56.148+0200] {dag.py:3239} INFO - Sync 1 DAGs
[2025-02-28T21:39:56.166+0200] {logging_mixin.py:190} INFO - [2025-02-28T21:39:56.166+0200] {dag.py:4180} INFO - Setting next_dagrun for example_workday_timetable to 2021-01-04 00:00:00+00:00, run_after=2021-01-05 00:00:00+00:00
[2025-02-28T21:39:56.172+0200] {processor.py:208} INFO - Processing /Users/nampham/.pyenv/versions/3.12.9/lib/python3.12/site-packages/airflow/example_dags/example_workday_timetable.py took 0.396 seconds
[2025-02-28T21:42:16.762+0200] {processor.py:186} INFO - Started process (PID=9159) to work on /Users/nampham/.pyenv/versions/3.12.9/lib/python3.12/site-packages/airflow/example_dags/example_workday_timetable.py
[2025-02-28T21:42:16.763+0200] {processor.py:914} INFO - Processing file /Users/nampham/.pyenv/versions/3.12.9/lib/python3.12/site-packages/airflow/example_dags/example_workday_timetable.py for tasks to queue
[2025-02-28T21:42:16.764+0200] {logging_mixin.py:190} INFO - [2025-02-28T21:42:16.764+0200] {dagbag.py:588} INFO - Filling up the DagBag from /Users/nampham/.pyenv/versions/3.12.9/lib/python3.12/site-packages/airflow/example_dags/example_workday_timetable.py
[2025-02-28T21:42:17.056+0200] {processor.py:925} INFO - DAG(s) 'example_workday_timetable' retrieved from /Users/nampham/.pyenv/versions/3.12.9/lib/python3.12/site-packages/airflow/example_dags/example_workday_timetable.py
[2025-02-28T21:42:17.168+0200] {logging_mixin.py:190} INFO - [2025-02-28T21:42:17.168+0200] {override.py:1930} INFO - Created Permission View: can delete on DAG:example_workday_timetable
[2025-02-28T21:42:17.171+0200] {logging_mixin.py:190} INFO - [2025-02-28T21:42:17.171+0200] {override.py:1930} INFO - Created Permission View: can edit on DAG:example_workday_timetable
[2025-02-28T21:42:17.173+0200] {logging_mixin.py:190} INFO - [2025-02-28T21:42:17.173+0200] {override.py:1930} INFO - Created Permission View: can read on DAG:example_workday_timetable
[2025-02-28T21:42:17.176+0200] {logging_mixin.py:190} INFO - [2025-02-28T21:42:17.175+0200] {override.py:1930} INFO - Created Permission View: can delete on DAG Run:example_workday_timetable
[2025-02-28T21:42:17.177+0200] {logging_mixin.py:190} INFO - [2025-02-28T21:42:17.177+0200] {override.py:1930} INFO - Created Permission View: can create on DAG Run:example_workday_timetable
[2025-02-28T21:42:17.179+0200] {logging_mixin.py:190} INFO - [2025-02-28T21:42:17.179+0200] {override.py:1930} INFO - Created Permission View: menu access on DAG Run:example_workday_timetable
[2025-02-28T21:42:17.181+0200] {logging_mixin.py:190} INFO - [2025-02-28T21:42:17.181+0200] {override.py:1930} INFO - Created Permission View: can read on DAG Run:example_workday_timetable
[2025-02-28T21:42:17.181+0200] {logging_mixin.py:190} INFO - [2025-02-28T21:42:17.181+0200] {dag.py:3239} INFO - Sync 1 DAGs
[2025-02-28T21:42:17.185+0200] {logging_mixin.py:190} INFO - [2025-02-28T21:42:17.185+0200] {dag.py:3262} INFO - Creating ORM DAG for example_workday_timetable
[2025-02-28T21:42:17.200+0200] {logging_mixin.py:190} INFO - [2025-02-28T21:42:17.200+0200] {dag.py:4180} INFO - Setting next_dagrun for example_workday_timetable to 2021-01-04 00:00:00+00:00, run_after=2021-01-05 00:00:00+00:00
[2025-02-28T21:42:17.206+0200] {processor.py:208} INFO - Processing /Users/nampham/.pyenv/versions/3.12.9/lib/python3.12/site-packages/airflow/example_dags/example_workday_timetable.py took 0.446 seconds
[2025-02-28T21:43:20.697+0200] {processor.py:186} INFO - Started process (PID=9515) to work on /Users/nampham/.pyenv/versions/3.12.9/lib/python3.12/site-packages/airflow/example_dags/example_workday_timetable.py
[2025-02-28T21:43:20.699+0200] {processor.py:914} INFO - Processing file /Users/nampham/.pyenv/versions/3.12.9/lib/python3.12/site-packages/airflow/example_dags/example_workday_timetable.py for tasks to queue
[2025-02-28T21:43:20.699+0200] {logging_mixin.py:190} INFO - [2025-02-28T21:43:20.699+0200] {dagbag.py:588} INFO - Filling up the DagBag from /Users/nampham/.pyenv/versions/3.12.9/lib/python3.12/site-packages/airflow/example_dags/example_workday_timetable.py
[2025-02-28T21:43:21.000+0200] {processor.py:925} INFO - DAG(s) 'example_workday_timetable' retrieved from /Users/nampham/.pyenv/versions/3.12.9/lib/python3.12/site-packages/airflow/example_dags/example_workday_timetable.py
[2025-02-28T21:43:21.046+0200] {logging_mixin.py:190} INFO - [2025-02-28T21:43:21.046+0200] {dag.py:3239} INFO - Sync 1 DAGs
[2025-02-28T21:43:21.064+0200] {logging_mixin.py:190} INFO - [2025-02-28T21:43:21.064+0200] {dag.py:4180} INFO - Setting next_dagrun for example_workday_timetable to 2021-01-04 00:00:00+00:00, run_after=2021-01-05 00:00:00+00:00
[2025-02-28T21:43:21.071+0200] {processor.py:208} INFO - Processing /Users/nampham/.pyenv/versions/3.12.9/lib/python3.12/site-packages/airflow/example_dags/example_workday_timetable.py took 0.375 seconds
[2025-02-28T21:45:19.007+0200] {processor.py:186} INFO - Started process (PID=10039) to work on /Users/nampham/.pyenv/versions/3.12.9/lib/python3.12/site-packages/airflow/example_dags/example_workday_timetable.py
[2025-02-28T21:45:19.010+0200] {processor.py:914} INFO - Processing file /Users/nampham/.pyenv/versions/3.12.9/lib/python3.12/site-packages/airflow/example_dags/example_workday_timetable.py for tasks to queue
[2025-02-28T21:45:19.010+0200] {logging_mixin.py:190} INFO - [2025-02-28T21:45:19.010+0200] {dagbag.py:588} INFO - Filling up the DagBag from /Users/nampham/.pyenv/versions/3.12.9/lib/python3.12/site-packages/airflow/example_dags/example_workday_timetable.py
[2025-02-28T21:45:19.287+0200] {processor.py:925} INFO - DAG(s) 'example_workday_timetable' retrieved from /Users/nampham/.pyenv/versions/3.12.9/lib/python3.12/site-packages/airflow/example_dags/example_workday_timetable.py
[2025-02-28T21:45:19.332+0200] {logging_mixin.py:190} INFO - [2025-02-28T21:45:19.331+0200] {dag.py:3239} INFO - Sync 1 DAGs
[2025-02-28T21:45:19.351+0200] {logging_mixin.py:190} INFO - [2025-02-28T21:45:19.351+0200] {dag.py:4180} INFO - Setting next_dagrun for example_workday_timetable to 2021-01-04 00:00:00+00:00, run_after=2021-01-05 00:00:00+00:00
[2025-02-28T21:45:19.357+0200] {processor.py:208} INFO - Processing /Users/nampham/.pyenv/versions/3.12.9/lib/python3.12/site-packages/airflow/example_dags/example_workday_timetable.py took 0.351 seconds
[2025-02-28T21:47:42.920+0200] {processor.py:186} INFO - Started process (PID=10596) to work on /Users/nampham/.pyenv/versions/3.12.9/lib/python3.12/site-packages/airflow/example_dags/example_workday_timetable.py
[2025-02-28T21:47:42.922+0200] {processor.py:914} INFO - Processing file /Users/nampham/.pyenv/versions/3.12.9/lib/python3.12/site-packages/airflow/example_dags/example_workday_timetable.py for tasks to queue
[2025-02-28T21:47:42.922+0200] {logging_mixin.py:190} INFO - [2025-02-28T21:47:42.922+0200] {dagbag.py:588} INFO - Filling up the DagBag from /Users/nampham/.pyenv/versions/3.12.9/lib/python3.12/site-packages/airflow/example_dags/example_workday_timetable.py
[2025-02-28T21:47:43.199+0200] {processor.py:925} INFO - DAG(s) 'example_workday_timetable' retrieved from /Users/nampham/.pyenv/versions/3.12.9/lib/python3.12/site-packages/airflow/example_dags/example_workday_timetable.py
[2025-02-28T21:47:43.244+0200] {logging_mixin.py:190} INFO - [2025-02-28T21:47:43.244+0200] {dag.py:3239} INFO - Sync 1 DAGs
[2025-02-28T21:47:43.263+0200] {logging_mixin.py:190} INFO - [2025-02-28T21:47:43.263+0200] {dag.py:4180} INFO - Setting next_dagrun for example_workday_timetable to 2021-01-04 00:00:00+00:00, run_after=2021-01-05 00:00:00+00:00
[2025-02-28T21:47:43.270+0200] {processor.py:208} INFO - Processing /Users/nampham/.pyenv/versions/3.12.9/lib/python3.12/site-packages/airflow/example_dags/example_workday_timetable.py took 0.351 seconds
[2025-02-28T22:27:37.083+0200] {processor.py:186} INFO - Started process (PID=18037) to work on /Users/nampham/.pyenv/versions/3.12.9/lib/python3.12/site-packages/airflow/example_dags/example_workday_timetable.py
[2025-02-28T22:27:37.084+0200] {processor.py:914} INFO - Processing file /Users/nampham/.pyenv/versions/3.12.9/lib/python3.12/site-packages/airflow/example_dags/example_workday_timetable.py for tasks to queue
[2025-02-28T22:27:37.084+0200] {logging_mixin.py:190} INFO - [2025-02-28T22:27:37.084+0200] {dagbag.py:588} INFO - Filling up the DagBag from /Users/nampham/.pyenv/versions/3.12.9/lib/python3.12/site-packages/airflow/example_dags/example_workday_timetable.py
[2025-02-28T22:27:37.395+0200] {processor.py:925} INFO - DAG(s) 'example_workday_timetable' retrieved from /Users/nampham/.pyenv/versions/3.12.9/lib/python3.12/site-packages/airflow/example_dags/example_workday_timetable.py
[2025-02-28T22:27:37.502+0200] {logging_mixin.py:190} INFO - [2025-02-28T22:27:37.502+0200] {override.py:1930} INFO - Created Permission View: can edit on DAG:example_workday_timetable
[2025-02-28T22:27:37.505+0200] {logging_mixin.py:190} INFO - [2025-02-28T22:27:37.505+0200] {override.py:1930} INFO - Created Permission View: can delete on DAG:example_workday_timetable
[2025-02-28T22:27:37.507+0200] {logging_mixin.py:190} INFO - [2025-02-28T22:27:37.507+0200] {override.py:1930} INFO - Created Permission View: can read on DAG:example_workday_timetable
[2025-02-28T22:27:37.509+0200] {logging_mixin.py:190} INFO - [2025-02-28T22:27:37.509+0200] {override.py:1930} INFO - Created Permission View: can create on DAG Run:example_workday_timetable
[2025-02-28T22:27:37.511+0200] {logging_mixin.py:190} INFO - [2025-02-28T22:27:37.511+0200] {override.py:1930} INFO - Created Permission View: can delete on DAG Run:example_workday_timetable
[2025-02-28T22:27:37.513+0200] {logging_mixin.py:190} INFO - [2025-02-28T22:27:37.513+0200] {override.py:1930} INFO - Created Permission View: menu access on DAG Run:example_workday_timetable
[2025-02-28T22:27:37.514+0200] {logging_mixin.py:190} INFO - [2025-02-28T22:27:37.514+0200] {override.py:1930} INFO - Created Permission View: can read on DAG Run:example_workday_timetable
[2025-02-28T22:27:37.515+0200] {logging_mixin.py:190} INFO - [2025-02-28T22:27:37.514+0200] {dag.py:3239} INFO - Sync 1 DAGs
[2025-02-28T22:27:37.518+0200] {logging_mixin.py:190} INFO - [2025-02-28T22:27:37.518+0200] {dag.py:3262} INFO - Creating ORM DAG for example_workday_timetable
[2025-02-28T22:27:37.533+0200] {logging_mixin.py:190} INFO - [2025-02-28T22:27:37.533+0200] {dag.py:4180} INFO - Setting next_dagrun for example_workday_timetable to 2021-01-04 00:00:00+00:00, run_after=2021-01-05 00:00:00+00:00
[2025-02-28T22:27:37.539+0200] {processor.py:208} INFO - Processing /Users/nampham/.pyenv/versions/3.12.9/lib/python3.12/site-packages/airflow/example_dags/example_workday_timetable.py took 0.457 seconds
[2025-02-28T22:35:37.631+0200] {processor.py:186} INFO - Started process (PID=19667) to work on /Users/nampham/.pyenv/versions/3.12.9/lib/python3.12/site-packages/airflow/example_dags/example_workday_timetable.py
[2025-02-28T22:35:37.632+0200] {processor.py:914} INFO - Processing file /Users/nampham/.pyenv/versions/3.12.9/lib/python3.12/site-packages/airflow/example_dags/example_workday_timetable.py for tasks to queue
[2025-02-28T22:35:37.633+0200] {logging_mixin.py:190} INFO - [2025-02-28T22:35:37.632+0200] {dagbag.py:588} INFO - Filling up the DagBag from /Users/nampham/.pyenv/versions/3.12.9/lib/python3.12/site-packages/airflow/example_dags/example_workday_timetable.py
[2025-02-28T22:35:37.933+0200] {processor.py:925} INFO - DAG(s) 'example_workday_timetable' retrieved from /Users/nampham/.pyenv/versions/3.12.9/lib/python3.12/site-packages/airflow/example_dags/example_workday_timetable.py
[2025-02-28T22:35:38.041+0200] {logging_mixin.py:190} INFO - [2025-02-28T22:35:38.041+0200] {override.py:1930} INFO - Created Permission View: can edit on DAG:example_workday_timetable
[2025-02-28T22:35:38.044+0200] {logging_mixin.py:190} INFO - [2025-02-28T22:35:38.044+0200] {override.py:1930} INFO - Created Permission View: can delete on DAG:example_workday_timetable
[2025-02-28T22:35:38.046+0200] {logging_mixin.py:190} INFO - [2025-02-28T22:35:38.046+0200] {override.py:1930} INFO - Created Permission View: can read on DAG:example_workday_timetable
[2025-02-28T22:35:38.049+0200] {logging_mixin.py:190} INFO - [2025-02-28T22:35:38.049+0200] {override.py:1930} INFO - Created Permission View: can create on DAG Run:example_workday_timetable
[2025-02-28T22:35:38.051+0200] {logging_mixin.py:190} INFO - [2025-02-28T22:35:38.051+0200] {override.py:1930} INFO - Created Permission View: can delete on DAG Run:example_workday_timetable
[2025-02-28T22:35:38.053+0200] {logging_mixin.py:190} INFO - [2025-02-28T22:35:38.053+0200] {override.py:1930} INFO - Created Permission View: can read on DAG Run:example_workday_timetable
[2025-02-28T22:35:38.054+0200] {logging_mixin.py:190} INFO - [2025-02-28T22:35:38.054+0200] {override.py:1930} INFO - Created Permission View: menu access on DAG Run:example_workday_timetable
[2025-02-28T22:35:38.055+0200] {logging_mixin.py:190} INFO - [2025-02-28T22:35:38.055+0200] {dag.py:3239} INFO - Sync 1 DAGs
[2025-02-28T22:35:38.058+0200] {logging_mixin.py:190} INFO - [2025-02-28T22:35:38.058+0200] {dag.py:3262} INFO - Creating ORM DAG for example_workday_timetable
[2025-02-28T22:35:38.073+0200] {logging_mixin.py:190} INFO - [2025-02-28T22:35:38.073+0200] {dag.py:4180} INFO - Setting next_dagrun for example_workday_timetable to 2021-01-04 00:00:00+00:00, run_after=2021-01-05 00:00:00+00:00
[2025-02-28T22:35:38.079+0200] {processor.py:208} INFO - Processing /Users/nampham/.pyenv/versions/3.12.9/lib/python3.12/site-packages/airflow/example_dags/example_workday_timetable.py took 0.449 seconds
[2025-02-28T22:37:41.793+0200] {processor.py:186} INFO - Started process (PID=20162) to work on /Users/nampham/.pyenv/versions/3.12.9/lib/python3.12/site-packages/airflow/example_dags/example_workday_timetable.py
[2025-02-28T22:37:41.795+0200] {processor.py:914} INFO - Processing file /Users/nampham/.pyenv/versions/3.12.9/lib/python3.12/site-packages/airflow/example_dags/example_workday_timetable.py for tasks to queue
[2025-02-28T22:37:41.795+0200] {logging_mixin.py:190} INFO - [2025-02-28T22:37:41.795+0200] {dagbag.py:588} INFO - Filling up the DagBag from /Users/nampham/.pyenv/versions/3.12.9/lib/python3.12/site-packages/airflow/example_dags/example_workday_timetable.py
[2025-02-28T22:37:42.076+0200] {processor.py:925} INFO - DAG(s) 'example_workday_timetable' retrieved from /Users/nampham/.pyenv/versions/3.12.9/lib/python3.12/site-packages/airflow/example_dags/example_workday_timetable.py
[2025-02-28T22:37:42.120+0200] {logging_mixin.py:190} INFO - [2025-02-28T22:37:42.120+0200] {dag.py:3239} INFO - Sync 1 DAGs
[2025-02-28T22:37:42.140+0200] {logging_mixin.py:190} INFO - [2025-02-28T22:37:42.140+0200] {dag.py:4180} INFO - Setting next_dagrun for example_workday_timetable to 2021-01-04 00:00:00+00:00, run_after=2021-01-05 00:00:00+00:00
[2025-02-28T22:37:42.146+0200] {processor.py:208} INFO - Processing /Users/nampham/.pyenv/versions/3.12.9/lib/python3.12/site-packages/airflow/example_dags/example_workday_timetable.py took 0.354 seconds
[2025-02-28T22:39:14.006+0200] {processor.py:186} INFO - Started process (PID=20470) to work on /Users/nampham/.pyenv/versions/3.12.9/lib/python3.12/site-packages/airflow/example_dags/example_workday_timetable.py
[2025-02-28T22:39:14.007+0200] {processor.py:914} INFO - Processing file /Users/nampham/.pyenv/versions/3.12.9/lib/python3.12/site-packages/airflow/example_dags/example_workday_timetable.py for tasks to queue
[2025-02-28T22:39:14.008+0200] {logging_mixin.py:190} INFO - [2025-02-28T22:39:14.008+0200] {dagbag.py:588} INFO - Filling up the DagBag from /Users/nampham/.pyenv/versions/3.12.9/lib/python3.12/site-packages/airflow/example_dags/example_workday_timetable.py
[2025-02-28T22:39:14.285+0200] {processor.py:925} INFO - DAG(s) 'example_workday_timetable' retrieved from /Users/nampham/.pyenv/versions/3.12.9/lib/python3.12/site-packages/airflow/example_dags/example_workday_timetable.py
[2025-02-28T22:39:14.330+0200] {logging_mixin.py:190} INFO - [2025-02-28T22:39:14.330+0200] {dag.py:3239} INFO - Sync 1 DAGs
[2025-02-28T22:39:14.349+0200] {logging_mixin.py:190} INFO - [2025-02-28T22:39:14.349+0200] {dag.py:4180} INFO - Setting next_dagrun for example_workday_timetable to 2021-01-04 00:00:00+00:00, run_after=2021-01-05 00:00:00+00:00
[2025-02-28T22:39:14.356+0200] {processor.py:208} INFO - Processing /Users/nampham/.pyenv/versions/3.12.9/lib/python3.12/site-packages/airflow/example_dags/example_workday_timetable.py took 0.350 seconds
[2025-02-28T22:40:54.585+0200] {processor.py:186} INFO - Started process (PID=20795) to work on /Users/nampham/.pyenv/versions/3.12.9/lib/python3.12/site-packages/airflow/example_dags/example_workday_timetable.py
[2025-02-28T22:40:54.586+0200] {processor.py:914} INFO - Processing file /Users/nampham/.pyenv/versions/3.12.9/lib/python3.12/site-packages/airflow/example_dags/example_workday_timetable.py for tasks to queue
[2025-02-28T22:40:54.587+0200] {logging_mixin.py:190} INFO - [2025-02-28T22:40:54.587+0200] {dagbag.py:588} INFO - Filling up the DagBag from /Users/nampham/.pyenv/versions/3.12.9/lib/python3.12/site-packages/airflow/example_dags/example_workday_timetable.py
[2025-02-28T22:40:54.870+0200] {processor.py:925} INFO - DAG(s) 'example_workday_timetable' retrieved from /Users/nampham/.pyenv/versions/3.12.9/lib/python3.12/site-packages/airflow/example_dags/example_workday_timetable.py
[2025-02-28T22:40:54.915+0200] {logging_mixin.py:190} INFO - [2025-02-28T22:40:54.915+0200] {dag.py:3239} INFO - Sync 1 DAGs
[2025-02-28T22:40:54.934+0200] {logging_mixin.py:190} INFO - [2025-02-28T22:40:54.934+0200] {dag.py:4180} INFO - Setting next_dagrun for example_workday_timetable to 2021-01-04 00:00:00+00:00, run_after=2021-01-05 00:00:00+00:00
[2025-02-28T22:40:54.941+0200] {processor.py:208} INFO - Processing /Users/nampham/.pyenv/versions/3.12.9/lib/python3.12/site-packages/airflow/example_dags/example_workday_timetable.py took 0.357 seconds
[2025-02-28T22:42:03.499+0200] {processor.py:186} INFO - Started process (PID=21029) to work on /Users/nampham/.pyenv/versions/3.12.9/lib/python3.12/site-packages/airflow/example_dags/example_workday_timetable.py
[2025-02-28T22:42:03.499+0200] {processor.py:914} INFO - Processing file /Users/nampham/.pyenv/versions/3.12.9/lib/python3.12/site-packages/airflow/example_dags/example_workday_timetable.py for tasks to queue
[2025-02-28T22:42:03.500+0200] {logging_mixin.py:190} INFO - [2025-02-28T22:42:03.500+0200] {dagbag.py:588} INFO - Filling up the DagBag from /Users/nampham/.pyenv/versions/3.12.9/lib/python3.12/site-packages/airflow/example_dags/example_workday_timetable.py
[2025-02-28T22:42:03.787+0200] {processor.py:925} INFO - DAG(s) 'example_workday_timetable' retrieved from /Users/nampham/.pyenv/versions/3.12.9/lib/python3.12/site-packages/airflow/example_dags/example_workday_timetable.py
[2025-02-28T22:42:03.830+0200] {logging_mixin.py:190} INFO - [2025-02-28T22:42:03.830+0200] {dag.py:3239} INFO - Sync 1 DAGs
[2025-02-28T22:42:03.849+0200] {logging_mixin.py:190} INFO - [2025-02-28T22:42:03.849+0200] {dag.py:4180} INFO - Setting next_dagrun for example_workday_timetable to 2021-01-04 00:00:00+00:00, run_after=2021-01-05 00:00:00+00:00
[2025-02-28T22:42:03.856+0200] {processor.py:208} INFO - Processing /Users/nampham/.pyenv/versions/3.12.9/lib/python3.12/site-packages/airflow/example_dags/example_workday_timetable.py took 0.358 seconds
[2025-02-28T22:43:16.874+0200] {processor.py:186} INFO - Started process (PID=21304) to work on /Users/nampham/.pyenv/versions/3.12.9/lib/python3.12/site-packages/airflow/example_dags/example_workday_timetable.py
[2025-02-28T22:43:16.875+0200] {processor.py:914} INFO - Processing file /Users/nampham/.pyenv/versions/3.12.9/lib/python3.12/site-packages/airflow/example_dags/example_workday_timetable.py for tasks to queue
[2025-02-28T22:43:16.876+0200] {logging_mixin.py:190} INFO - [2025-02-28T22:43:16.876+0200] {dagbag.py:588} INFO - Filling up the DagBag from /Users/nampham/.pyenv/versions/3.12.9/lib/python3.12/site-packages/airflow/example_dags/example_workday_timetable.py
[2025-02-28T22:43:17.153+0200] {processor.py:925} INFO - DAG(s) 'example_workday_timetable' retrieved from /Users/nampham/.pyenv/versions/3.12.9/lib/python3.12/site-packages/airflow/example_dags/example_workday_timetable.py
[2025-02-28T22:43:17.197+0200] {logging_mixin.py:190} INFO - [2025-02-28T22:43:17.197+0200] {dag.py:3239} INFO - Sync 1 DAGs
[2025-02-28T22:43:17.216+0200] {logging_mixin.py:190} INFO - [2025-02-28T22:43:17.216+0200] {dag.py:4180} INFO - Setting next_dagrun for example_workday_timetable to 2021-01-04 00:00:00+00:00, run_after=2021-01-05 00:00:00+00:00
[2025-02-28T22:43:17.222+0200] {processor.py:208} INFO - Processing /Users/nampham/.pyenv/versions/3.12.9/lib/python3.12/site-packages/airflow/example_dags/example_workday_timetable.py took 0.349 seconds
[2025-02-28T22:44:33.421+0200] {processor.py:186} INFO - Started process (PID=21578) to work on /Users/nampham/.pyenv/versions/3.12.9/lib/python3.12/site-packages/airflow/example_dags/example_workday_timetable.py
[2025-02-28T22:44:33.423+0200] {processor.py:914} INFO - Processing file /Users/nampham/.pyenv/versions/3.12.9/lib/python3.12/site-packages/airflow/example_dags/example_workday_timetable.py for tasks to queue
[2025-02-28T22:44:33.423+0200] {logging_mixin.py:190} INFO - [2025-02-28T22:44:33.423+0200] {dagbag.py:588} INFO - Filling up the DagBag from /Users/nampham/.pyenv/versions/3.12.9/lib/python3.12/site-packages/airflow/example_dags/example_workday_timetable.py
[2025-02-28T22:44:33.697+0200] {processor.py:925} INFO - DAG(s) 'example_workday_timetable' retrieved from /Users/nampham/.pyenv/versions/3.12.9/lib/python3.12/site-packages/airflow/example_dags/example_workday_timetable.py
[2025-02-28T22:44:33.742+0200] {logging_mixin.py:190} INFO - [2025-02-28T22:44:33.741+0200] {dag.py:3239} INFO - Sync 1 DAGs
[2025-02-28T22:44:33.760+0200] {logging_mixin.py:190} INFO - [2025-02-28T22:44:33.760+0200] {dag.py:4180} INFO - Setting next_dagrun for example_workday_timetable to 2021-01-04 00:00:00+00:00, run_after=2021-01-05 00:00:00+00:00
[2025-02-28T22:44:33.767+0200] {processor.py:208} INFO - Processing /Users/nampham/.pyenv/versions/3.12.9/lib/python3.12/site-packages/airflow/example_dags/example_workday_timetable.py took 0.347 seconds
[2025-02-28T22:46:17.603+0200] {processor.py:186} INFO - Started process (PID=21928) to work on /Users/nampham/.pyenv/versions/3.12.9/lib/python3.12/site-packages/airflow/example_dags/example_workday_timetable.py
[2025-02-28T22:46:17.604+0200] {processor.py:914} INFO - Processing file /Users/nampham/.pyenv/versions/3.12.9/lib/python3.12/site-packages/airflow/example_dags/example_workday_timetable.py for tasks to queue
[2025-02-28T22:46:17.604+0200] {logging_mixin.py:190} INFO - [2025-02-28T22:46:17.604+0200] {dagbag.py:588} INFO - Filling up the DagBag from /Users/nampham/.pyenv/versions/3.12.9/lib/python3.12/site-packages/airflow/example_dags/example_workday_timetable.py
[2025-02-28T22:46:17.907+0200] {processor.py:925} INFO - DAG(s) 'example_workday_timetable' retrieved from /Users/nampham/.pyenv/versions/3.12.9/lib/python3.12/site-packages/airflow/example_dags/example_workday_timetable.py
[2025-02-28T22:46:17.951+0200] {logging_mixin.py:190} INFO - [2025-02-28T22:46:17.951+0200] {dag.py:3239} INFO - Sync 1 DAGs
[2025-02-28T22:46:17.970+0200] {logging_mixin.py:190} INFO - [2025-02-28T22:46:17.970+0200] {dag.py:4180} INFO - Setting next_dagrun for example_workday_timetable to 2021-01-04 00:00:00+00:00, run_after=2021-01-05 00:00:00+00:00
[2025-02-28T22:46:17.976+0200] {processor.py:208} INFO - Processing /Users/nampham/.pyenv/versions/3.12.9/lib/python3.12/site-packages/airflow/example_dags/example_workday_timetable.py took 0.375 seconds
[2025-02-28T22:47:46.717+0200] {processor.py:186} INFO - Started process (PID=22219) to work on /Users/nampham/.pyenv/versions/3.12.9/lib/python3.12/site-packages/airflow/example_dags/example_workday_timetable.py
[2025-02-28T22:47:46.718+0200] {processor.py:914} INFO - Processing file /Users/nampham/.pyenv/versions/3.12.9/lib/python3.12/site-packages/airflow/example_dags/example_workday_timetable.py for tasks to queue
[2025-02-28T22:47:46.718+0200] {logging_mixin.py:190} INFO - [2025-02-28T22:47:46.718+0200] {dagbag.py:588} INFO - Filling up the DagBag from /Users/nampham/.pyenv/versions/3.12.9/lib/python3.12/site-packages/airflow/example_dags/example_workday_timetable.py
[2025-02-28T22:47:47.012+0200] {processor.py:925} INFO - DAG(s) 'example_workday_timetable' retrieved from /Users/nampham/.pyenv/versions/3.12.9/lib/python3.12/site-packages/airflow/example_dags/example_workday_timetable.py
[2025-02-28T22:47:47.056+0200] {logging_mixin.py:190} INFO - [2025-02-28T22:47:47.056+0200] {dag.py:3239} INFO - Sync 1 DAGs
[2025-02-28T22:47:47.075+0200] {logging_mixin.py:190} INFO - [2025-02-28T22:47:47.075+0200] {dag.py:4180} INFO - Setting next_dagrun for example_workday_timetable to 2021-01-04 00:00:00+00:00, run_after=2021-01-05 00:00:00+00:00
[2025-02-28T22:47:47.082+0200] {processor.py:208} INFO - Processing /Users/nampham/.pyenv/versions/3.12.9/lib/python3.12/site-packages/airflow/example_dags/example_workday_timetable.py took 0.366 seconds
[2025-02-28T22:54:32.770+0200] {processor.py:186} INFO - Started process (PID=22667) to work on /Users/nampham/.pyenv/versions/3.12.9/lib/python3.12/site-packages/airflow/example_dags/example_workday_timetable.py
[2025-02-28T22:54:32.770+0200] {processor.py:914} INFO - Processing file /Users/nampham/.pyenv/versions/3.12.9/lib/python3.12/site-packages/airflow/example_dags/example_workday_timetable.py for tasks to queue
[2025-02-28T22:54:32.771+0200] {logging_mixin.py:190} INFO - [2025-02-28T22:54:32.771+0200] {dagbag.py:588} INFO - Filling up the DagBag from /Users/nampham/.pyenv/versions/3.12.9/lib/python3.12/site-packages/airflow/example_dags/example_workday_timetable.py
[2025-02-28T22:54:33.070+0200] {processor.py:925} INFO - DAG(s) 'example_workday_timetable' retrieved from /Users/nampham/.pyenv/versions/3.12.9/lib/python3.12/site-packages/airflow/example_dags/example_workday_timetable.py
[2025-02-28T22:54:33.115+0200] {logging_mixin.py:190} INFO - [2025-02-28T22:54:33.115+0200] {dag.py:3239} INFO - Sync 1 DAGs
[2025-02-28T22:54:33.134+0200] {logging_mixin.py:190} INFO - [2025-02-28T22:54:33.134+0200] {dag.py:4180} INFO - Setting next_dagrun for example_workday_timetable to 2021-01-04 00:00:00+00:00, run_after=2021-01-05 00:00:00+00:00
[2025-02-28T22:54:33.140+0200] {processor.py:208} INFO - Processing /Users/nampham/.pyenv/versions/3.12.9/lib/python3.12/site-packages/airflow/example_dags/example_workday_timetable.py took 0.371 seconds
[2025-02-28T22:56:18.065+0200] {processor.py:186} INFO - Started process (PID=23026) to work on /Users/nampham/.pyenv/versions/3.12.9/lib/python3.12/site-packages/airflow/example_dags/example_workday_timetable.py
[2025-02-28T22:56:18.067+0200] {processor.py:914} INFO - Processing file /Users/nampham/.pyenv/versions/3.12.9/lib/python3.12/site-packages/airflow/example_dags/example_workday_timetable.py for tasks to queue
[2025-02-28T22:56:18.067+0200] {logging_mixin.py:190} INFO - [2025-02-28T22:56:18.067+0200] {dagbag.py:588} INFO - Filling up the DagBag from /Users/nampham/.pyenv/versions/3.12.9/lib/python3.12/site-packages/airflow/example_dags/example_workday_timetable.py
[2025-02-28T22:56:18.346+0200] {processor.py:925} INFO - DAG(s) 'example_workday_timetable' retrieved from /Users/nampham/.pyenv/versions/3.12.9/lib/python3.12/site-packages/airflow/example_dags/example_workday_timetable.py
[2025-02-28T22:56:18.391+0200] {logging_mixin.py:190} INFO - [2025-02-28T22:56:18.391+0200] {dag.py:3239} INFO - Sync 1 DAGs
[2025-02-28T22:56:18.410+0200] {logging_mixin.py:190} INFO - [2025-02-28T22:56:18.410+0200] {dag.py:4180} INFO - Setting next_dagrun for example_workday_timetable to 2021-01-04 00:00:00+00:00, run_after=2021-01-05 00:00:00+00:00
[2025-02-28T22:56:18.416+0200] {processor.py:208} INFO - Processing /Users/nampham/.pyenv/versions/3.12.9/lib/python3.12/site-packages/airflow/example_dags/example_workday_timetable.py took 0.352 seconds
[2025-02-28T22:57:44.930+0200] {processor.py:186} INFO - Started process (PID=23312) to work on /Users/nampham/.pyenv/versions/3.12.9/lib/python3.12/site-packages/airflow/example_dags/example_workday_timetable.py
[2025-02-28T22:57:44.930+0200] {processor.py:914} INFO - Processing file /Users/nampham/.pyenv/versions/3.12.9/lib/python3.12/site-packages/airflow/example_dags/example_workday_timetable.py for tasks to queue
[2025-02-28T22:57:44.930+0200] {logging_mixin.py:190} INFO - [2025-02-28T22:57:44.930+0200] {dagbag.py:588} INFO - Filling up the DagBag from /Users/nampham/.pyenv/versions/3.12.9/lib/python3.12/site-packages/airflow/example_dags/example_workday_timetable.py
[2025-02-28T22:57:45.207+0200] {processor.py:925} INFO - DAG(s) 'example_workday_timetable' retrieved from /Users/nampham/.pyenv/versions/3.12.9/lib/python3.12/site-packages/airflow/example_dags/example_workday_timetable.py
[2025-02-28T22:57:45.251+0200] {logging_mixin.py:190} INFO - [2025-02-28T22:57:45.251+0200] {dag.py:3239} INFO - Sync 1 DAGs
[2025-02-28T22:57:45.270+0200] {logging_mixin.py:190} INFO - [2025-02-28T22:57:45.270+0200] {dag.py:4180} INFO - Setting next_dagrun for example_workday_timetable to 2021-01-04 00:00:00+00:00, run_after=2021-01-05 00:00:00+00:00
[2025-02-28T22:57:45.276+0200] {processor.py:208} INFO - Processing /Users/nampham/.pyenv/versions/3.12.9/lib/python3.12/site-packages/airflow/example_dags/example_workday_timetable.py took 0.348 seconds
[2025-02-28T22:59:01.710+0200] {processor.py:186} INFO - Started process (PID=23563) to work on /Users/nampham/.pyenv/versions/3.12.9/lib/python3.12/site-packages/airflow/example_dags/example_workday_timetable.py
[2025-02-28T22:59:01.711+0200] {processor.py:914} INFO - Processing file /Users/nampham/.pyenv/versions/3.12.9/lib/python3.12/site-packages/airflow/example_dags/example_workday_timetable.py for tasks to queue
[2025-02-28T22:59:01.711+0200] {logging_mixin.py:190} INFO - [2025-02-28T22:59:01.711+0200] {dagbag.py:588} INFO - Filling up the DagBag from /Users/nampham/.pyenv/versions/3.12.9/lib/python3.12/site-packages/airflow/example_dags/example_workday_timetable.py
[2025-02-28T22:59:02.002+0200] {processor.py:925} INFO - DAG(s) 'example_workday_timetable' retrieved from /Users/nampham/.pyenv/versions/3.12.9/lib/python3.12/site-packages/airflow/example_dags/example_workday_timetable.py
[2025-02-28T22:59:02.046+0200] {logging_mixin.py:190} INFO - [2025-02-28T22:59:02.046+0200] {dag.py:3239} INFO - Sync 1 DAGs
[2025-02-28T22:59:02.065+0200] {logging_mixin.py:190} INFO - [2025-02-28T22:59:02.065+0200] {dag.py:4180} INFO - Setting next_dagrun for example_workday_timetable to 2021-01-04 00:00:00+00:00, run_after=2021-01-05 00:00:00+00:00
[2025-02-28T22:59:02.071+0200] {processor.py:208} INFO - Processing /Users/nampham/.pyenv/versions/3.12.9/lib/python3.12/site-packages/airflow/example_dags/example_workday_timetable.py took 0.363 seconds
[2025-02-28T23:00:45.712+0200] {processor.py:186} INFO - Started process (PID=23928) to work on /Users/nampham/.pyenv/versions/3.12.9/lib/python3.12/site-packages/airflow/example_dags/example_workday_timetable.py
[2025-02-28T23:00:45.713+0200] {processor.py:914} INFO - Processing file /Users/nampham/.pyenv/versions/3.12.9/lib/python3.12/site-packages/airflow/example_dags/example_workday_timetable.py for tasks to queue
[2025-02-28T23:00:45.714+0200] {logging_mixin.py:190} INFO - [2025-02-28T23:00:45.714+0200] {dagbag.py:588} INFO - Filling up the DagBag from /Users/nampham/.pyenv/versions/3.12.9/lib/python3.12/site-packages/airflow/example_dags/example_workday_timetable.py
[2025-02-28T23:00:45.982+0200] {processor.py:925} INFO - DAG(s) 'example_workday_timetable' retrieved from /Users/nampham/.pyenv/versions/3.12.9/lib/python3.12/site-packages/airflow/example_dags/example_workday_timetable.py
[2025-02-28T23:00:46.026+0200] {logging_mixin.py:190} INFO - [2025-02-28T23:00:46.026+0200] {dag.py:3239} INFO - Sync 1 DAGs
[2025-02-28T23:00:46.045+0200] {logging_mixin.py:190} INFO - [2025-02-28T23:00:46.045+0200] {dag.py:4180} INFO - Setting next_dagrun for example_workday_timetable to 2021-01-04 00:00:00+00:00, run_after=2021-01-05 00:00:00+00:00
[2025-02-28T23:00:46.051+0200] {processor.py:208} INFO - Processing /Users/nampham/.pyenv/versions/3.12.9/lib/python3.12/site-packages/airflow/example_dags/example_workday_timetable.py took 0.341 seconds
[2025-02-28T23:02:01.057+0200] {processor.py:186} INFO - Started process (PID=24176) to work on /Users/nampham/.pyenv/versions/3.12.9/lib/python3.12/site-packages/airflow/example_dags/example_workday_timetable.py
[2025-02-28T23:02:01.058+0200] {processor.py:914} INFO - Processing file /Users/nampham/.pyenv/versions/3.12.9/lib/python3.12/site-packages/airflow/example_dags/example_workday_timetable.py for tasks to queue
[2025-02-28T23:02:01.058+0200] {logging_mixin.py:190} INFO - [2025-02-28T23:02:01.058+0200] {dagbag.py:588} INFO - Filling up the DagBag from /Users/nampham/.pyenv/versions/3.12.9/lib/python3.12/site-packages/airflow/example_dags/example_workday_timetable.py
[2025-02-28T23:02:01.320+0200] {processor.py:925} INFO - DAG(s) 'example_workday_timetable' retrieved from /Users/nampham/.pyenv/versions/3.12.9/lib/python3.12/site-packages/airflow/example_dags/example_workday_timetable.py
[2025-02-28T23:02:01.367+0200] {logging_mixin.py:190} INFO - [2025-02-28T23:02:01.366+0200] {dag.py:3239} INFO - Sync 1 DAGs
[2025-02-28T23:02:01.386+0200] {logging_mixin.py:190} INFO - [2025-02-28T23:02:01.386+0200] {dag.py:4180} INFO - Setting next_dagrun for example_workday_timetable to 2021-01-04 00:00:00+00:00, run_after=2021-01-05 00:00:00+00:00
[2025-02-28T23:02:01.393+0200] {processor.py:208} INFO - Processing /Users/nampham/.pyenv/versions/3.12.9/lib/python3.12/site-packages/airflow/example_dags/example_workday_timetable.py took 0.337 seconds
