[2025-02-28T18:25:16.923+0200] {processor.py:186} INFO - Started process (PID=93282) to work on /Users/nampham/.pyenv/versions/3.12.9/lib/python3.12/site-packages/airflow/example_dags/example_params_trigger_ui.py
[2025-02-28T18:25:16.923+0200] {processor.py:914} INFO - Processing file /Users/nampham/.pyenv/versions/3.12.9/lib/python3.12/site-packages/airflow/example_dags/example_params_trigger_ui.py for tasks to queue
[2025-02-28T18:25:16.924+0200] {logging_mixin.py:190} INFO - [2025-02-28T18:25:16.923+0200] {dagbag.py:588} INFO - Filling up the DagBag from /Users/nampham/.pyenv/versions/3.12.9/lib/python3.12/site-packages/airflow/example_dags/example_params_trigger_ui.py
[2025-02-28T18:25:16.962+0200] {processor.py:925} INFO - DAG(s) 'example_params_trigger_ui' retrieved from /Users/nampham/.pyenv/versions/3.12.9/lib/python3.12/site-packages/airflow/example_dags/example_params_trigger_ui.py
[2025-02-28T18:25:17.033+0200] {logging_mixin.py:190} INFO - [2025-02-28T18:25:17.033+0200] {override.py:1930} INFO - Created Permission View: can edit on DAG:example_params_trigger_ui
[2025-02-28T18:25:17.035+0200] {logging_mixin.py:190} INFO - [2025-02-28T18:25:17.035+0200] {override.py:1930} INFO - Created Permission View: can read on DAG:example_params_trigger_ui
[2025-02-28T18:25:17.038+0200] {logging_mixin.py:190} INFO - [2025-02-28T18:25:17.038+0200] {override.py:1930} INFO - Created Permission View: can delete on DAG:example_params_trigger_ui
[2025-02-28T18:25:17.040+0200] {logging_mixin.py:190} INFO - [2025-02-28T18:25:17.040+0200] {override.py:1930} INFO - Created Permission View: can delete on DAG Run:example_params_trigger_ui
[2025-02-28T18:25:17.042+0200] {logging_mixin.py:190} INFO - [2025-02-28T18:25:17.042+0200] {override.py:1930} INFO - Created Permission View: menu access on DAG Run:example_params_trigger_ui
[2025-02-28T18:25:17.044+0200] {logging_mixin.py:190} INFO - [2025-02-28T18:25:17.044+0200] {override.py:1930} INFO - Created Permission View: can read on DAG Run:example_params_trigger_ui
[2025-02-28T18:25:17.045+0200] {logging_mixin.py:190} INFO - [2025-02-28T18:25:17.045+0200] {override.py:1930} INFO - Created Permission View: can create on DAG Run:example_params_trigger_ui
[2025-02-28T18:25:17.045+0200] {logging_mixin.py:190} INFO - [2025-02-28T18:25:17.045+0200] {dag.py:3239} INFO - Sync 1 DAGs
[2025-02-28T18:25:17.049+0200] {logging_mixin.py:190} INFO - [2025-02-28T18:25:17.049+0200] {dag.py:3262} INFO - Creating ORM DAG for example_params_trigger_ui
[2025-02-28T18:25:17.049+0200] {logging_mixin.py:190} INFO - [2025-02-28T18:25:17.049+0200] {dag.py:4180} INFO - Setting next_dagrun for example_params_trigger_ui to None, run_after=None
[2025-02-28T18:25:17.055+0200] {processor.py:208} INFO - Processing /Users/nampham/.pyenv/versions/3.12.9/lib/python3.12/site-packages/airflow/example_dags/example_params_trigger_ui.py took 0.133 seconds
[2025-02-28T18:27:06.774+0200] {processor.py:186} INFO - Started process (PID=93718) to work on /Users/nampham/.pyenv/versions/3.12.9/lib/python3.12/site-packages/airflow/example_dags/example_params_trigger_ui.py
[2025-02-28T18:27:06.776+0200] {processor.py:914} INFO - Processing file /Users/nampham/.pyenv/versions/3.12.9/lib/python3.12/site-packages/airflow/example_dags/example_params_trigger_ui.py for tasks to queue
[2025-02-28T18:27:06.776+0200] {logging_mixin.py:190} INFO - [2025-02-28T18:27:06.776+0200] {dagbag.py:588} INFO - Filling up the DagBag from /Users/nampham/.pyenv/versions/3.12.9/lib/python3.12/site-packages/airflow/example_dags/example_params_trigger_ui.py
[2025-02-28T18:27:06.820+0200] {processor.py:925} INFO - DAG(s) 'example_params_trigger_ui' retrieved from /Users/nampham/.pyenv/versions/3.12.9/lib/python3.12/site-packages/airflow/example_dags/example_params_trigger_ui.py
[2025-02-28T18:27:06.866+0200] {logging_mixin.py:190} INFO - [2025-02-28T18:27:06.866+0200] {dag.py:3239} INFO - Sync 1 DAGs
[2025-02-28T18:27:06.870+0200] {logging_mixin.py:190} INFO - [2025-02-28T18:27:06.870+0200] {dag.py:4180} INFO - Setting next_dagrun for example_params_trigger_ui to None, run_after=None
[2025-02-28T18:27:06.878+0200] {processor.py:208} INFO - Processing /Users/nampham/.pyenv/versions/3.12.9/lib/python3.12/site-packages/airflow/example_dags/example_params_trigger_ui.py took 0.105 seconds
[2025-02-28T18:29:47.774+0200] {processor.py:186} INFO - Started process (PID=94370) to work on /Users/nampham/.pyenv/versions/3.12.9/lib/python3.12/site-packages/airflow/example_dags/example_params_trigger_ui.py
[2025-02-28T18:29:47.775+0200] {processor.py:914} INFO - Processing file /Users/nampham/.pyenv/versions/3.12.9/lib/python3.12/site-packages/airflow/example_dags/example_params_trigger_ui.py for tasks to queue
[2025-02-28T18:29:47.775+0200] {logging_mixin.py:190} INFO - [2025-02-28T18:29:47.775+0200] {dagbag.py:588} INFO - Filling up the DagBag from /Users/nampham/.pyenv/versions/3.12.9/lib/python3.12/site-packages/airflow/example_dags/example_params_trigger_ui.py
[2025-02-28T18:29:47.824+0200] {processor.py:925} INFO - DAG(s) 'example_params_trigger_ui' retrieved from /Users/nampham/.pyenv/versions/3.12.9/lib/python3.12/site-packages/airflow/example_dags/example_params_trigger_ui.py
[2025-02-28T18:29:47.873+0200] {logging_mixin.py:190} INFO - [2025-02-28T18:29:47.873+0200] {dag.py:3239} INFO - Sync 1 DAGs
[2025-02-28T18:29:47.881+0200] {logging_mixin.py:190} INFO - [2025-02-28T18:29:47.881+0200] {dag.py:4180} INFO - Setting next_dagrun for example_params_trigger_ui to None, run_after=None
[2025-02-28T18:29:47.889+0200] {processor.py:208} INFO - Processing /Users/nampham/.pyenv/versions/3.12.9/lib/python3.12/site-packages/airflow/example_dags/example_params_trigger_ui.py took 0.117 seconds
[2025-02-28T20:11:32.678+0200] {processor.py:186} INFO - Started process (PID=97386) to work on /Users/nampham/.pyenv/versions/3.12.9/lib/python3.12/site-packages/airflow/example_dags/example_params_trigger_ui.py
[2025-02-28T20:11:32.679+0200] {processor.py:914} INFO - Processing file /Users/nampham/.pyenv/versions/3.12.9/lib/python3.12/site-packages/airflow/example_dags/example_params_trigger_ui.py for tasks to queue
[2025-02-28T20:11:32.680+0200] {logging_mixin.py:190} INFO - [2025-02-28T20:11:32.679+0200] {dagbag.py:588} INFO - Filling up the DagBag from /Users/nampham/.pyenv/versions/3.12.9/lib/python3.12/site-packages/airflow/example_dags/example_params_trigger_ui.py
[2025-02-28T20:11:32.719+0200] {processor.py:925} INFO - DAG(s) 'example_params_trigger_ui' retrieved from /Users/nampham/.pyenv/versions/3.12.9/lib/python3.12/site-packages/airflow/example_dags/example_params_trigger_ui.py
[2025-02-28T20:11:32.794+0200] {logging_mixin.py:190} INFO - [2025-02-28T20:11:32.794+0200] {dag.py:3239} INFO - Sync 1 DAGs
[2025-02-28T20:11:32.798+0200] {logging_mixin.py:190} INFO - [2025-02-28T20:11:32.798+0200] {dag.py:4180} INFO - Setting next_dagrun for example_params_trigger_ui to None, run_after=None
[2025-02-28T20:11:32.804+0200] {processor.py:208} INFO - Processing /Users/nampham/.pyenv/versions/3.12.9/lib/python3.12/site-packages/airflow/example_dags/example_params_trigger_ui.py took 0.127 seconds
[2025-02-28T20:13:20.862+0200] {processor.py:186} INFO - Started process (PID=98005) to work on /Users/nampham/.pyenv/versions/3.12.9/lib/python3.12/site-packages/airflow/example_dags/example_params_trigger_ui.py
[2025-02-28T20:13:20.863+0200] {processor.py:914} INFO - Processing file /Users/nampham/.pyenv/versions/3.12.9/lib/python3.12/site-packages/airflow/example_dags/example_params_trigger_ui.py for tasks to queue
[2025-02-28T20:13:20.863+0200] {logging_mixin.py:190} INFO - [2025-02-28T20:13:20.863+0200] {dagbag.py:588} INFO - Filling up the DagBag from /Users/nampham/.pyenv/versions/3.12.9/lib/python3.12/site-packages/airflow/example_dags/example_params_trigger_ui.py
[2025-02-28T20:13:20.901+0200] {processor.py:925} INFO - DAG(s) 'example_params_trigger_ui' retrieved from /Users/nampham/.pyenv/versions/3.12.9/lib/python3.12/site-packages/airflow/example_dags/example_params_trigger_ui.py
[2025-02-28T20:13:20.942+0200] {logging_mixin.py:190} INFO - [2025-02-28T20:13:20.942+0200] {dag.py:3239} INFO - Sync 1 DAGs
[2025-02-28T20:13:20.946+0200] {logging_mixin.py:190} INFO - [2025-02-28T20:13:20.946+0200] {dag.py:4180} INFO - Setting next_dagrun for example_params_trigger_ui to None, run_after=None
[2025-02-28T20:13:20.953+0200] {processor.py:208} INFO - Processing /Users/nampham/.pyenv/versions/3.12.9/lib/python3.12/site-packages/airflow/example_dags/example_params_trigger_ui.py took 0.092 seconds
[2025-02-28T20:15:08.732+0200] {processor.py:186} INFO - Started process (PID=98430) to work on /Users/nampham/.pyenv/versions/3.12.9/lib/python3.12/site-packages/airflow/example_dags/example_params_trigger_ui.py
[2025-02-28T20:15:08.733+0200] {processor.py:914} INFO - Processing file /Users/nampham/.pyenv/versions/3.12.9/lib/python3.12/site-packages/airflow/example_dags/example_params_trigger_ui.py for tasks to queue
[2025-02-28T20:15:08.733+0200] {logging_mixin.py:190} INFO - [2025-02-28T20:15:08.733+0200] {dagbag.py:588} INFO - Filling up the DagBag from /Users/nampham/.pyenv/versions/3.12.9/lib/python3.12/site-packages/airflow/example_dags/example_params_trigger_ui.py
[2025-02-28T20:15:08.780+0200] {processor.py:925} INFO - DAG(s) 'example_params_trigger_ui' retrieved from /Users/nampham/.pyenv/versions/3.12.9/lib/python3.12/site-packages/airflow/example_dags/example_params_trigger_ui.py
[2025-02-28T20:15:08.879+0200] {logging_mixin.py:190} INFO - [2025-02-28T20:15:08.878+0200] {dag.py:3239} INFO - Sync 1 DAGs
[2025-02-28T20:15:08.883+0200] {logging_mixin.py:190} INFO - [2025-02-28T20:15:08.883+0200] {dag.py:4180} INFO - Setting next_dagrun for example_params_trigger_ui to None, run_after=None
[2025-02-28T20:15:08.891+0200] {processor.py:208} INFO - Processing /Users/nampham/.pyenv/versions/3.12.9/lib/python3.12/site-packages/airflow/example_dags/example_params_trigger_ui.py took 0.161 seconds
[2025-02-28T20:17:45.039+0200] {processor.py:186} INFO - Started process (PID=99008) to work on /Users/nampham/.pyenv/versions/3.12.9/lib/python3.12/site-packages/airflow/example_dags/example_params_trigger_ui.py
[2025-02-28T20:17:45.040+0200] {processor.py:914} INFO - Processing file /Users/nampham/.pyenv/versions/3.12.9/lib/python3.12/site-packages/airflow/example_dags/example_params_trigger_ui.py for tasks to queue
[2025-02-28T20:17:45.040+0200] {logging_mixin.py:190} INFO - [2025-02-28T20:17:45.040+0200] {dagbag.py:588} INFO - Filling up the DagBag from /Users/nampham/.pyenv/versions/3.12.9/lib/python3.12/site-packages/airflow/example_dags/example_params_trigger_ui.py
[2025-02-28T20:17:45.082+0200] {processor.py:925} INFO - DAG(s) 'example_params_trigger_ui' retrieved from /Users/nampham/.pyenv/versions/3.12.9/lib/python3.12/site-packages/airflow/example_dags/example_params_trigger_ui.py
[2025-02-28T20:17:45.126+0200] {logging_mixin.py:190} INFO - [2025-02-28T20:17:45.126+0200] {dag.py:3239} INFO - Sync 1 DAGs
[2025-02-28T20:17:45.130+0200] {logging_mixin.py:190} INFO - [2025-02-28T20:17:45.129+0200] {dag.py:4180} INFO - Setting next_dagrun for example_params_trigger_ui to None, run_after=None
[2025-02-28T20:17:45.136+0200] {processor.py:208} INFO - Processing /Users/nampham/.pyenv/versions/3.12.9/lib/python3.12/site-packages/airflow/example_dags/example_params_trigger_ui.py took 0.099 seconds
[2025-02-28T20:19:00.825+0200] {processor.py:186} INFO - Started process (PID=99370) to work on /Users/nampham/.pyenv/versions/3.12.9/lib/python3.12/site-packages/airflow/example_dags/example_params_trigger_ui.py
[2025-02-28T20:19:00.826+0200] {processor.py:914} INFO - Processing file /Users/nampham/.pyenv/versions/3.12.9/lib/python3.12/site-packages/airflow/example_dags/example_params_trigger_ui.py for tasks to queue
[2025-02-28T20:19:00.827+0200] {logging_mixin.py:190} INFO - [2025-02-28T20:19:00.827+0200] {dagbag.py:588} INFO - Filling up the DagBag from /Users/nampham/.pyenv/versions/3.12.9/lib/python3.12/site-packages/airflow/example_dags/example_params_trigger_ui.py
[2025-02-28T20:19:00.866+0200] {processor.py:925} INFO - DAG(s) 'example_params_trigger_ui' retrieved from /Users/nampham/.pyenv/versions/3.12.9/lib/python3.12/site-packages/airflow/example_dags/example_params_trigger_ui.py
[2025-02-28T20:19:00.908+0200] {logging_mixin.py:190} INFO - [2025-02-28T20:19:00.907+0200] {dag.py:3239} INFO - Sync 1 DAGs
[2025-02-28T20:19:00.911+0200] {logging_mixin.py:190} INFO - [2025-02-28T20:19:00.911+0200] {dag.py:4180} INFO - Setting next_dagrun for example_params_trigger_ui to None, run_after=None
[2025-02-28T20:19:00.918+0200] {processor.py:208} INFO - Processing /Users/nampham/.pyenv/versions/3.12.9/lib/python3.12/site-packages/airflow/example_dags/example_params_trigger_ui.py took 0.094 seconds
[2025-02-28T20:20:51.243+0200] {processor.py:186} INFO - Started process (PID=99812) to work on /Users/nampham/.pyenv/versions/3.12.9/lib/python3.12/site-packages/airflow/example_dags/example_params_trigger_ui.py
[2025-02-28T20:20:51.244+0200] {processor.py:914} INFO - Processing file /Users/nampham/.pyenv/versions/3.12.9/lib/python3.12/site-packages/airflow/example_dags/example_params_trigger_ui.py for tasks to queue
[2025-02-28T20:20:51.245+0200] {logging_mixin.py:190} INFO - [2025-02-28T20:20:51.244+0200] {dagbag.py:588} INFO - Filling up the DagBag from /Users/nampham/.pyenv/versions/3.12.9/lib/python3.12/site-packages/airflow/example_dags/example_params_trigger_ui.py
[2025-02-28T20:20:51.285+0200] {processor.py:925} INFO - DAG(s) 'example_params_trigger_ui' retrieved from /Users/nampham/.pyenv/versions/3.12.9/lib/python3.12/site-packages/airflow/example_dags/example_params_trigger_ui.py
[2025-02-28T20:20:51.354+0200] {logging_mixin.py:190} INFO - [2025-02-28T20:20:51.353+0200] {dag.py:3239} INFO - Sync 1 DAGs
[2025-02-28T20:20:51.358+0200] {logging_mixin.py:190} INFO - [2025-02-28T20:20:51.358+0200] {dag.py:4180} INFO - Setting next_dagrun for example_params_trigger_ui to None, run_after=None
[2025-02-28T20:20:51.365+0200] {processor.py:208} INFO - Processing /Users/nampham/.pyenv/versions/3.12.9/lib/python3.12/site-packages/airflow/example_dags/example_params_trigger_ui.py took 0.124 seconds
[2025-02-28T20:23:23.015+0200] {processor.py:186} INFO - Started process (PID=519) to work on /Users/nampham/.pyenv/versions/3.12.9/lib/python3.12/site-packages/airflow/example_dags/example_params_trigger_ui.py
[2025-02-28T20:23:23.016+0200] {processor.py:914} INFO - Processing file /Users/nampham/.pyenv/versions/3.12.9/lib/python3.12/site-packages/airflow/example_dags/example_params_trigger_ui.py for tasks to queue
[2025-02-28T20:23:23.017+0200] {logging_mixin.py:190} INFO - [2025-02-28T20:23:23.016+0200] {dagbag.py:588} INFO - Filling up the DagBag from /Users/nampham/.pyenv/versions/3.12.9/lib/python3.12/site-packages/airflow/example_dags/example_params_trigger_ui.py
[2025-02-28T20:23:23.054+0200] {processor.py:925} INFO - DAG(s) 'example_params_trigger_ui' retrieved from /Users/nampham/.pyenv/versions/3.12.9/lib/python3.12/site-packages/airflow/example_dags/example_params_trigger_ui.py
[2025-02-28T20:23:23.096+0200] {logging_mixin.py:190} INFO - [2025-02-28T20:23:23.096+0200] {dag.py:3239} INFO - Sync 1 DAGs
[2025-02-28T20:23:23.100+0200] {logging_mixin.py:190} INFO - [2025-02-28T20:23:23.100+0200] {dag.py:4180} INFO - Setting next_dagrun for example_params_trigger_ui to None, run_after=None
[2025-02-28T20:23:23.106+0200] {processor.py:208} INFO - Processing /Users/nampham/.pyenv/versions/3.12.9/lib/python3.12/site-packages/airflow/example_dags/example_params_trigger_ui.py took 0.093 seconds
[2025-02-28T21:28:13.777+0200] {processor.py:186} INFO - Started process (PID=5605) to work on /Users/nampham/.pyenv/versions/3.12.9/lib/python3.12/site-packages/airflow/example_dags/example_params_trigger_ui.py
[2025-02-28T21:28:13.778+0200] {processor.py:914} INFO - Processing file /Users/nampham/.pyenv/versions/3.12.9/lib/python3.12/site-packages/airflow/example_dags/example_params_trigger_ui.py for tasks to queue
[2025-02-28T21:28:13.778+0200] {logging_mixin.py:190} INFO - [2025-02-28T21:28:13.778+0200] {dagbag.py:588} INFO - Filling up the DagBag from /Users/nampham/.pyenv/versions/3.12.9/lib/python3.12/site-packages/airflow/example_dags/example_params_trigger_ui.py
[2025-02-28T21:28:13.816+0200] {processor.py:925} INFO - DAG(s) 'example_params_trigger_ui' retrieved from /Users/nampham/.pyenv/versions/3.12.9/lib/python3.12/site-packages/airflow/example_dags/example_params_trigger_ui.py
[2025-02-28T21:28:13.857+0200] {logging_mixin.py:190} INFO - [2025-02-28T21:28:13.856+0200] {dag.py:3239} INFO - Sync 1 DAGs
[2025-02-28T21:28:13.860+0200] {logging_mixin.py:190} INFO - [2025-02-28T21:28:13.860+0200] {dag.py:4180} INFO - Setting next_dagrun for example_params_trigger_ui to None, run_after=None
[2025-02-28T21:28:13.867+0200] {processor.py:208} INFO - Processing /Users/nampham/.pyenv/versions/3.12.9/lib/python3.12/site-packages/airflow/example_dags/example_params_trigger_ui.py took 0.092 seconds
[2025-02-28T21:30:59.523+0200] {processor.py:186} INFO - Started process (PID=6255) to work on /Users/nampham/.pyenv/versions/3.12.9/lib/python3.12/site-packages/airflow/example_dags/example_params_trigger_ui.py
[2025-02-28T21:30:59.524+0200] {processor.py:914} INFO - Processing file /Users/nampham/.pyenv/versions/3.12.9/lib/python3.12/site-packages/airflow/example_dags/example_params_trigger_ui.py for tasks to queue
[2025-02-28T21:30:59.525+0200] {logging_mixin.py:190} INFO - [2025-02-28T21:30:59.525+0200] {dagbag.py:588} INFO - Filling up the DagBag from /Users/nampham/.pyenv/versions/3.12.9/lib/python3.12/site-packages/airflow/example_dags/example_params_trigger_ui.py
[2025-02-28T21:30:59.563+0200] {processor.py:925} INFO - DAG(s) 'example_params_trigger_ui' retrieved from /Users/nampham/.pyenv/versions/3.12.9/lib/python3.12/site-packages/airflow/example_dags/example_params_trigger_ui.py
[2025-02-28T21:30:59.605+0200] {logging_mixin.py:190} INFO - [2025-02-28T21:30:59.605+0200] {dag.py:3239} INFO - Sync 1 DAGs
[2025-02-28T21:30:59.609+0200] {logging_mixin.py:190} INFO - [2025-02-28T21:30:59.609+0200] {dag.py:4180} INFO - Setting next_dagrun for example_params_trigger_ui to None, run_after=None
[2025-02-28T21:30:59.616+0200] {processor.py:208} INFO - Processing /Users/nampham/.pyenv/versions/3.12.9/lib/python3.12/site-packages/airflow/example_dags/example_params_trigger_ui.py took 0.094 seconds
[2025-02-28T21:32:47.071+0200] {processor.py:186} INFO - Started process (PID=6818) to work on /Users/nampham/.pyenv/versions/3.12.9/lib/python3.12/site-packages/airflow/example_dags/example_params_trigger_ui.py
[2025-02-28T21:32:47.072+0200] {processor.py:914} INFO - Processing file /Users/nampham/.pyenv/versions/3.12.9/lib/python3.12/site-packages/airflow/example_dags/example_params_trigger_ui.py for tasks to queue
[2025-02-28T21:32:47.073+0200] {logging_mixin.py:190} INFO - [2025-02-28T21:32:47.073+0200] {dagbag.py:588} INFO - Filling up the DagBag from /Users/nampham/.pyenv/versions/3.12.9/lib/python3.12/site-packages/airflow/example_dags/example_params_trigger_ui.py
[2025-02-28T21:32:47.113+0200] {processor.py:925} INFO - DAG(s) 'example_params_trigger_ui' retrieved from /Users/nampham/.pyenv/versions/3.12.9/lib/python3.12/site-packages/airflow/example_dags/example_params_trigger_ui.py
[2025-02-28T21:32:47.157+0200] {logging_mixin.py:190} INFO - [2025-02-28T21:32:47.156+0200] {dag.py:3239} INFO - Sync 1 DAGs
[2025-02-28T21:32:47.160+0200] {logging_mixin.py:190} INFO - [2025-02-28T21:32:47.160+0200] {dag.py:4180} INFO - Setting next_dagrun for example_params_trigger_ui to None, run_after=None
[2025-02-28T21:32:47.167+0200] {processor.py:208} INFO - Processing /Users/nampham/.pyenv/versions/3.12.9/lib/python3.12/site-packages/airflow/example_dags/example_params_trigger_ui.py took 0.098 seconds
[2025-02-28T21:35:23.454+0200] {processor.py:186} INFO - Started process (PID=7475) to work on /Users/nampham/.pyenv/versions/3.12.9/lib/python3.12/site-packages/airflow/example_dags/example_params_trigger_ui.py
[2025-02-28T21:35:23.455+0200] {processor.py:914} INFO - Processing file /Users/nampham/.pyenv/versions/3.12.9/lib/python3.12/site-packages/airflow/example_dags/example_params_trigger_ui.py for tasks to queue
[2025-02-28T21:35:23.456+0200] {logging_mixin.py:190} INFO - [2025-02-28T21:35:23.456+0200] {dagbag.py:588} INFO - Filling up the DagBag from /Users/nampham/.pyenv/versions/3.12.9/lib/python3.12/site-packages/airflow/example_dags/example_params_trigger_ui.py
[2025-02-28T21:35:23.495+0200] {processor.py:925} INFO - DAG(s) 'example_params_trigger_ui' retrieved from /Users/nampham/.pyenv/versions/3.12.9/lib/python3.12/site-packages/airflow/example_dags/example_params_trigger_ui.py
[2025-02-28T21:35:23.536+0200] {logging_mixin.py:190} INFO - [2025-02-28T21:35:23.536+0200] {dag.py:3239} INFO - Sync 1 DAGs
[2025-02-28T21:35:23.540+0200] {logging_mixin.py:190} INFO - [2025-02-28T21:35:23.540+0200] {dag.py:4180} INFO - Setting next_dagrun for example_params_trigger_ui to None, run_after=None
[2025-02-28T21:35:23.547+0200] {processor.py:208} INFO - Processing /Users/nampham/.pyenv/versions/3.12.9/lib/python3.12/site-packages/airflow/example_dags/example_params_trigger_ui.py took 0.094 seconds
[2025-02-28T21:37:21.936+0200] {processor.py:186} INFO - Started process (PID=7973) to work on /Users/nampham/.pyenv/versions/3.12.9/lib/python3.12/site-packages/airflow/example_dags/example_params_trigger_ui.py
[2025-02-28T21:37:21.937+0200] {processor.py:914} INFO - Processing file /Users/nampham/.pyenv/versions/3.12.9/lib/python3.12/site-packages/airflow/example_dags/example_params_trigger_ui.py for tasks to queue
[2025-02-28T21:37:21.937+0200] {logging_mixin.py:190} INFO - [2025-02-28T21:37:21.937+0200] {dagbag.py:588} INFO - Filling up the DagBag from /Users/nampham/.pyenv/versions/3.12.9/lib/python3.12/site-packages/airflow/example_dags/example_params_trigger_ui.py
[2025-02-28T21:37:21.976+0200] {processor.py:925} INFO - DAG(s) 'example_params_trigger_ui' retrieved from /Users/nampham/.pyenv/versions/3.12.9/lib/python3.12/site-packages/airflow/example_dags/example_params_trigger_ui.py
[2025-02-28T21:37:22.049+0200] {logging_mixin.py:190} INFO - [2025-02-28T21:37:22.049+0200] {override.py:1930} INFO - Created Permission View: can edit on DAG:example_params_trigger_ui
[2025-02-28T21:37:22.052+0200] {logging_mixin.py:190} INFO - [2025-02-28T21:37:22.052+0200] {override.py:1930} INFO - Created Permission View: can read on DAG:example_params_trigger_ui
[2025-02-28T21:37:22.055+0200] {logging_mixin.py:190} INFO - [2025-02-28T21:37:22.055+0200] {override.py:1930} INFO - Created Permission View: can delete on DAG:example_params_trigger_ui
[2025-02-28T21:37:22.057+0200] {logging_mixin.py:190} INFO - [2025-02-28T21:37:22.057+0200] {override.py:1930} INFO - Created Permission View: can delete on DAG Run:example_params_trigger_ui
[2025-02-28T21:37:22.059+0200] {logging_mixin.py:190} INFO - [2025-02-28T21:37:22.059+0200] {override.py:1930} INFO - Created Permission View: can read on DAG Run:example_params_trigger_ui
[2025-02-28T21:37:22.061+0200] {logging_mixin.py:190} INFO - [2025-02-28T21:37:22.061+0200] {override.py:1930} INFO - Created Permission View: can create on DAG Run:example_params_trigger_ui
[2025-02-28T21:37:22.062+0200] {logging_mixin.py:190} INFO - [2025-02-28T21:37:22.062+0200] {override.py:1930} INFO - Created Permission View: menu access on DAG Run:example_params_trigger_ui
[2025-02-28T21:37:22.063+0200] {logging_mixin.py:190} INFO - [2025-02-28T21:37:22.062+0200] {dag.py:3239} INFO - Sync 1 DAGs
[2025-02-28T21:37:22.066+0200] {logging_mixin.py:190} INFO - [2025-02-28T21:37:22.066+0200] {dag.py:3262} INFO - Creating ORM DAG for example_params_trigger_ui
[2025-02-28T21:37:22.067+0200] {logging_mixin.py:190} INFO - [2025-02-28T21:37:22.066+0200] {dag.py:4180} INFO - Setting next_dagrun for example_params_trigger_ui to None, run_after=None
[2025-02-28T21:37:22.072+0200] {processor.py:208} INFO - Processing /Users/nampham/.pyenv/versions/3.12.9/lib/python3.12/site-packages/airflow/example_dags/example_params_trigger_ui.py took 0.137 seconds
[2025-02-28T21:39:12.384+0200] {processor.py:186} INFO - Started process (PID=8395) to work on /Users/nampham/.pyenv/versions/3.12.9/lib/python3.12/site-packages/airflow/example_dags/example_params_trigger_ui.py
[2025-02-28T21:39:12.385+0200] {processor.py:914} INFO - Processing file /Users/nampham/.pyenv/versions/3.12.9/lib/python3.12/site-packages/airflow/example_dags/example_params_trigger_ui.py for tasks to queue
[2025-02-28T21:39:12.385+0200] {logging_mixin.py:190} INFO - [2025-02-28T21:39:12.385+0200] {dagbag.py:588} INFO - Filling up the DagBag from /Users/nampham/.pyenv/versions/3.12.9/lib/python3.12/site-packages/airflow/example_dags/example_params_trigger_ui.py
[2025-02-28T21:39:12.423+0200] {processor.py:925} INFO - DAG(s) 'example_params_trigger_ui' retrieved from /Users/nampham/.pyenv/versions/3.12.9/lib/python3.12/site-packages/airflow/example_dags/example_params_trigger_ui.py
[2025-02-28T21:39:12.465+0200] {logging_mixin.py:190} INFO - [2025-02-28T21:39:12.465+0200] {dag.py:3239} INFO - Sync 1 DAGs
[2025-02-28T21:39:12.469+0200] {logging_mixin.py:190} INFO - [2025-02-28T21:39:12.469+0200] {dag.py:4180} INFO - Setting next_dagrun for example_params_trigger_ui to None, run_after=None
[2025-02-28T21:39:12.475+0200] {processor.py:208} INFO - Processing /Users/nampham/.pyenv/versions/3.12.9/lib/python3.12/site-packages/airflow/example_dags/example_params_trigger_ui.py took 0.093 seconds
[2025-02-28T21:43:57.079+0200] {processor.py:186} INFO - Started process (PID=9671) to work on /Users/nampham/.pyenv/versions/3.12.9/lib/python3.12/site-packages/airflow/example_dags/example_params_trigger_ui.py
[2025-02-28T21:43:57.082+0200] {processor.py:914} INFO - Processing file /Users/nampham/.pyenv/versions/3.12.9/lib/python3.12/site-packages/airflow/example_dags/example_params_trigger_ui.py for tasks to queue
[2025-02-28T21:43:57.082+0200] {logging_mixin.py:190} INFO - [2025-02-28T21:43:57.082+0200] {dagbag.py:588} INFO - Filling up the DagBag from /Users/nampham/.pyenv/versions/3.12.9/lib/python3.12/site-packages/airflow/example_dags/example_params_trigger_ui.py
[2025-02-28T21:43:57.123+0200] {processor.py:925} INFO - DAG(s) 'example_params_trigger_ui' retrieved from /Users/nampham/.pyenv/versions/3.12.9/lib/python3.12/site-packages/airflow/example_dags/example_params_trigger_ui.py
[2025-02-28T21:43:57.195+0200] {logging_mixin.py:190} INFO - [2025-02-28T21:43:57.195+0200] {override.py:1930} INFO - Created Permission View: can edit on DAG:example_params_trigger_ui
[2025-02-28T21:43:57.198+0200] {logging_mixin.py:190} INFO - [2025-02-28T21:43:57.198+0200] {override.py:1930} INFO - Created Permission View: can read on DAG:example_params_trigger_ui
[2025-02-28T21:43:57.200+0200] {logging_mixin.py:190} INFO - [2025-02-28T21:43:57.200+0200] {override.py:1930} INFO - Created Permission View: can delete on DAG:example_params_trigger_ui
[2025-02-28T21:43:57.203+0200] {logging_mixin.py:190} INFO - [2025-02-28T21:43:57.203+0200] {override.py:1930} INFO - Created Permission View: menu access on DAG Run:example_params_trigger_ui
[2025-02-28T21:43:57.205+0200] {logging_mixin.py:190} INFO - [2025-02-28T21:43:57.205+0200] {override.py:1930} INFO - Created Permission View: can read on DAG Run:example_params_trigger_ui
[2025-02-28T21:43:57.206+0200] {logging_mixin.py:190} INFO - [2025-02-28T21:43:57.206+0200] {override.py:1930} INFO - Created Permission View: can create on DAG Run:example_params_trigger_ui
[2025-02-28T21:43:57.208+0200] {logging_mixin.py:190} INFO - [2025-02-28T21:43:57.208+0200] {override.py:1930} INFO - Created Permission View: can delete on DAG Run:example_params_trigger_ui
[2025-02-28T21:43:57.208+0200] {logging_mixin.py:190} INFO - [2025-02-28T21:43:57.208+0200] {dag.py:3239} INFO - Sync 1 DAGs
[2025-02-28T21:43:57.212+0200] {logging_mixin.py:190} INFO - [2025-02-28T21:43:57.212+0200] {dag.py:3262} INFO - Creating ORM DAG for example_params_trigger_ui
[2025-02-28T21:43:57.212+0200] {logging_mixin.py:190} INFO - [2025-02-28T21:43:57.212+0200] {dag.py:4180} INFO - Setting next_dagrun for example_params_trigger_ui to None, run_after=None
[2025-02-28T21:43:57.218+0200] {processor.py:208} INFO - Processing /Users/nampham/.pyenv/versions/3.12.9/lib/python3.12/site-packages/airflow/example_dags/example_params_trigger_ui.py took 0.140 seconds
[2025-02-28T22:28:14.788+0200] {processor.py:186} INFO - Started process (PID=18184) to work on /Users/nampham/.pyenv/versions/3.12.9/lib/python3.12/site-packages/airflow/example_dags/example_params_trigger_ui.py
[2025-02-28T22:28:14.789+0200] {processor.py:914} INFO - Processing file /Users/nampham/.pyenv/versions/3.12.9/lib/python3.12/site-packages/airflow/example_dags/example_params_trigger_ui.py for tasks to queue
[2025-02-28T22:28:14.790+0200] {logging_mixin.py:190} INFO - [2025-02-28T22:28:14.790+0200] {dagbag.py:588} INFO - Filling up the DagBag from /Users/nampham/.pyenv/versions/3.12.9/lib/python3.12/site-packages/airflow/example_dags/example_params_trigger_ui.py
[2025-02-28T22:28:14.828+0200] {processor.py:925} INFO - DAG(s) 'example_params_trigger_ui' retrieved from /Users/nampham/.pyenv/versions/3.12.9/lib/python3.12/site-packages/airflow/example_dags/example_params_trigger_ui.py
[2025-02-28T22:28:14.898+0200] {logging_mixin.py:190} INFO - [2025-02-28T22:28:14.898+0200] {override.py:1930} INFO - Created Permission View: can edit on DAG:example_params_trigger_ui
[2025-02-28T22:28:14.901+0200] {logging_mixin.py:190} INFO - [2025-02-28T22:28:14.901+0200] {override.py:1930} INFO - Created Permission View: can delete on DAG:example_params_trigger_ui
[2025-02-28T22:28:14.904+0200] {logging_mixin.py:190} INFO - [2025-02-28T22:28:14.904+0200] {override.py:1930} INFO - Created Permission View: can read on DAG:example_params_trigger_ui
[2025-02-28T22:28:14.906+0200] {logging_mixin.py:190} INFO - [2025-02-28T22:28:14.906+0200] {override.py:1930} INFO - Created Permission View: menu access on DAG Run:example_params_trigger_ui
[2025-02-28T22:28:14.908+0200] {logging_mixin.py:190} INFO - [2025-02-28T22:28:14.908+0200] {override.py:1930} INFO - Created Permission View: can create on DAG Run:example_params_trigger_ui
[2025-02-28T22:28:14.910+0200] {logging_mixin.py:190} INFO - [2025-02-28T22:28:14.910+0200] {override.py:1930} INFO - Created Permission View: can delete on DAG Run:example_params_trigger_ui
[2025-02-28T22:28:14.911+0200] {logging_mixin.py:190} INFO - [2025-02-28T22:28:14.911+0200] {override.py:1930} INFO - Created Permission View: can read on DAG Run:example_params_trigger_ui
[2025-02-28T22:28:14.911+0200] {logging_mixin.py:190} INFO - [2025-02-28T22:28:14.911+0200] {dag.py:3239} INFO - Sync 1 DAGs
[2025-02-28T22:28:14.915+0200] {logging_mixin.py:190} INFO - [2025-02-28T22:28:14.915+0200] {dag.py:3262} INFO - Creating ORM DAG for example_params_trigger_ui
[2025-02-28T22:28:14.915+0200] {logging_mixin.py:190} INFO - [2025-02-28T22:28:14.915+0200] {dag.py:4180} INFO - Setting next_dagrun for example_params_trigger_ui to None, run_after=None
[2025-02-28T22:28:14.920+0200] {processor.py:208} INFO - Processing /Users/nampham/.pyenv/versions/3.12.9/lib/python3.12/site-packages/airflow/example_dags/example_params_trigger_ui.py took 0.133 seconds
[2025-02-28T22:36:19.366+0200] {processor.py:186} INFO - Started process (PID=19840) to work on /Users/nampham/.pyenv/versions/3.12.9/lib/python3.12/site-packages/airflow/example_dags/example_params_trigger_ui.py
[2025-02-28T22:36:19.368+0200] {processor.py:914} INFO - Processing file /Users/nampham/.pyenv/versions/3.12.9/lib/python3.12/site-packages/airflow/example_dags/example_params_trigger_ui.py for tasks to queue
[2025-02-28T22:36:19.368+0200] {logging_mixin.py:190} INFO - [2025-02-28T22:36:19.368+0200] {dagbag.py:588} INFO - Filling up the DagBag from /Users/nampham/.pyenv/versions/3.12.9/lib/python3.12/site-packages/airflow/example_dags/example_params_trigger_ui.py
[2025-02-28T22:36:19.405+0200] {processor.py:925} INFO - DAG(s) 'example_params_trigger_ui' retrieved from /Users/nampham/.pyenv/versions/3.12.9/lib/python3.12/site-packages/airflow/example_dags/example_params_trigger_ui.py
[2025-02-28T22:36:19.476+0200] {logging_mixin.py:190} INFO - [2025-02-28T22:36:19.476+0200] {override.py:1930} INFO - Created Permission View: can read on DAG:example_params_trigger_ui
[2025-02-28T22:36:19.479+0200] {logging_mixin.py:190} INFO - [2025-02-28T22:36:19.479+0200] {override.py:1930} INFO - Created Permission View: can edit on DAG:example_params_trigger_ui
[2025-02-28T22:36:19.482+0200] {logging_mixin.py:190} INFO - [2025-02-28T22:36:19.482+0200] {override.py:1930} INFO - Created Permission View: can delete on DAG:example_params_trigger_ui
[2025-02-28T22:36:19.484+0200] {logging_mixin.py:190} INFO - [2025-02-28T22:36:19.484+0200] {override.py:1930} INFO - Created Permission View: can read on DAG Run:example_params_trigger_ui
[2025-02-28T22:36:19.486+0200] {logging_mixin.py:190} INFO - [2025-02-28T22:36:19.486+0200] {override.py:1930} INFO - Created Permission View: can create on DAG Run:example_params_trigger_ui
[2025-02-28T22:36:19.487+0200] {logging_mixin.py:190} INFO - [2025-02-28T22:36:19.487+0200] {override.py:1930} INFO - Created Permission View: can delete on DAG Run:example_params_trigger_ui
[2025-02-28T22:36:19.489+0200] {logging_mixin.py:190} INFO - [2025-02-28T22:36:19.489+0200] {override.py:1930} INFO - Created Permission View: menu access on DAG Run:example_params_trigger_ui
[2025-02-28T22:36:19.489+0200] {logging_mixin.py:190} INFO - [2025-02-28T22:36:19.489+0200] {dag.py:3239} INFO - Sync 1 DAGs
[2025-02-28T22:36:19.493+0200] {logging_mixin.py:190} INFO - [2025-02-28T22:36:19.493+0200] {dag.py:3262} INFO - Creating ORM DAG for example_params_trigger_ui
[2025-02-28T22:36:19.493+0200] {logging_mixin.py:190} INFO - [2025-02-28T22:36:19.493+0200] {dag.py:4180} INFO - Setting next_dagrun for example_params_trigger_ui to None, run_after=None
[2025-02-28T22:36:19.498+0200] {processor.py:208} INFO - Processing /Users/nampham/.pyenv/versions/3.12.9/lib/python3.12/site-packages/airflow/example_dags/example_params_trigger_ui.py took 0.133 seconds
[2025-02-28T22:38:33.659+0200] {processor.py:186} INFO - Started process (PID=20332) to work on /Users/nampham/.pyenv/versions/3.12.9/lib/python3.12/site-packages/airflow/example_dags/example_params_trigger_ui.py
[2025-02-28T22:38:33.660+0200] {processor.py:914} INFO - Processing file /Users/nampham/.pyenv/versions/3.12.9/lib/python3.12/site-packages/airflow/example_dags/example_params_trigger_ui.py for tasks to queue
[2025-02-28T22:38:33.660+0200] {logging_mixin.py:190} INFO - [2025-02-28T22:38:33.660+0200] {dagbag.py:588} INFO - Filling up the DagBag from /Users/nampham/.pyenv/versions/3.12.9/lib/python3.12/site-packages/airflow/example_dags/example_params_trigger_ui.py
[2025-02-28T22:38:33.698+0200] {processor.py:925} INFO - DAG(s) 'example_params_trigger_ui' retrieved from /Users/nampham/.pyenv/versions/3.12.9/lib/python3.12/site-packages/airflow/example_dags/example_params_trigger_ui.py
[2025-02-28T22:38:33.739+0200] {logging_mixin.py:190} INFO - [2025-02-28T22:38:33.739+0200] {dag.py:3239} INFO - Sync 1 DAGs
[2025-02-28T22:38:33.743+0200] {logging_mixin.py:190} INFO - [2025-02-28T22:38:33.743+0200] {dag.py:4180} INFO - Setting next_dagrun for example_params_trigger_ui to None, run_after=None
[2025-02-28T22:38:33.749+0200] {processor.py:208} INFO - Processing /Users/nampham/.pyenv/versions/3.12.9/lib/python3.12/site-packages/airflow/example_dags/example_params_trigger_ui.py took 0.092 seconds
[2025-02-28T22:41:23.638+0200] {processor.py:186} INFO - Started process (PID=20890) to work on /Users/nampham/.pyenv/versions/3.12.9/lib/python3.12/site-packages/airflow/example_dags/example_params_trigger_ui.py
[2025-02-28T22:41:23.639+0200] {processor.py:914} INFO - Processing file /Users/nampham/.pyenv/versions/3.12.9/lib/python3.12/site-packages/airflow/example_dags/example_params_trigger_ui.py for tasks to queue
[2025-02-28T22:41:23.639+0200] {logging_mixin.py:190} INFO - [2025-02-28T22:41:23.639+0200] {dagbag.py:588} INFO - Filling up the DagBag from /Users/nampham/.pyenv/versions/3.12.9/lib/python3.12/site-packages/airflow/example_dags/example_params_trigger_ui.py
[2025-02-28T22:41:23.677+0200] {processor.py:925} INFO - DAG(s) 'example_params_trigger_ui' retrieved from /Users/nampham/.pyenv/versions/3.12.9/lib/python3.12/site-packages/airflow/example_dags/example_params_trigger_ui.py
[2025-02-28T22:41:23.718+0200] {logging_mixin.py:190} INFO - [2025-02-28T22:41:23.718+0200] {dag.py:3239} INFO - Sync 1 DAGs
[2025-02-28T22:41:23.722+0200] {logging_mixin.py:190} INFO - [2025-02-28T22:41:23.722+0200] {dag.py:4180} INFO - Setting next_dagrun for example_params_trigger_ui to None, run_after=None
[2025-02-28T22:41:23.729+0200] {processor.py:208} INFO - Processing /Users/nampham/.pyenv/versions/3.12.9/lib/python3.12/site-packages/airflow/example_dags/example_params_trigger_ui.py took 0.092 seconds
[2025-02-28T22:43:52.120+0200] {processor.py:186} INFO - Started process (PID=21435) to work on /Users/nampham/.pyenv/versions/3.12.9/lib/python3.12/site-packages/airflow/example_dags/example_params_trigger_ui.py
[2025-02-28T22:43:52.121+0200] {processor.py:914} INFO - Processing file /Users/nampham/.pyenv/versions/3.12.9/lib/python3.12/site-packages/airflow/example_dags/example_params_trigger_ui.py for tasks to queue
[2025-02-28T22:43:52.121+0200] {logging_mixin.py:190} INFO - [2025-02-28T22:43:52.121+0200] {dagbag.py:588} INFO - Filling up the DagBag from /Users/nampham/.pyenv/versions/3.12.9/lib/python3.12/site-packages/airflow/example_dags/example_params_trigger_ui.py
[2025-02-28T22:43:52.159+0200] {processor.py:925} INFO - DAG(s) 'example_params_trigger_ui' retrieved from /Users/nampham/.pyenv/versions/3.12.9/lib/python3.12/site-packages/airflow/example_dags/example_params_trigger_ui.py
[2025-02-28T22:43:52.201+0200] {logging_mixin.py:190} INFO - [2025-02-28T22:43:52.201+0200] {dag.py:3239} INFO - Sync 1 DAGs
[2025-02-28T22:43:52.205+0200] {logging_mixin.py:190} INFO - [2025-02-28T22:43:52.205+0200] {dag.py:4180} INFO - Setting next_dagrun for example_params_trigger_ui to None, run_after=None
[2025-02-28T22:43:52.212+0200] {processor.py:208} INFO - Processing /Users/nampham/.pyenv/versions/3.12.9/lib/python3.12/site-packages/airflow/example_dags/example_params_trigger_ui.py took 0.093 seconds
[2025-02-28T22:46:52.061+0200] {processor.py:186} INFO - Started process (PID=22045) to work on /Users/nampham/.pyenv/versions/3.12.9/lib/python3.12/site-packages/airflow/example_dags/example_params_trigger_ui.py
[2025-02-28T22:46:52.062+0200] {processor.py:914} INFO - Processing file /Users/nampham/.pyenv/versions/3.12.9/lib/python3.12/site-packages/airflow/example_dags/example_params_trigger_ui.py for tasks to queue
[2025-02-28T22:46:52.062+0200] {logging_mixin.py:190} INFO - [2025-02-28T22:46:52.062+0200] {dagbag.py:588} INFO - Filling up the DagBag from /Users/nampham/.pyenv/versions/3.12.9/lib/python3.12/site-packages/airflow/example_dags/example_params_trigger_ui.py
[2025-02-28T22:46:52.100+0200] {processor.py:925} INFO - DAG(s) 'example_params_trigger_ui' retrieved from /Users/nampham/.pyenv/versions/3.12.9/lib/python3.12/site-packages/airflow/example_dags/example_params_trigger_ui.py
[2025-02-28T22:46:52.141+0200] {logging_mixin.py:190} INFO - [2025-02-28T22:46:52.141+0200] {dag.py:3239} INFO - Sync 1 DAGs
[2025-02-28T22:46:52.144+0200] {logging_mixin.py:190} INFO - [2025-02-28T22:46:52.144+0200] {dag.py:4180} INFO - Setting next_dagrun for example_params_trigger_ui to None, run_after=None
[2025-02-28T22:46:52.151+0200] {processor.py:208} INFO - Processing /Users/nampham/.pyenv/versions/3.12.9/lib/python3.12/site-packages/airflow/example_dags/example_params_trigger_ui.py took 0.092 seconds
[2025-02-28T22:54:56.137+0200] {processor.py:186} INFO - Started process (PID=22763) to work on /Users/nampham/.pyenv/versions/3.12.9/lib/python3.12/site-packages/airflow/example_dags/example_params_trigger_ui.py
[2025-02-28T22:54:56.138+0200] {processor.py:914} INFO - Processing file /Users/nampham/.pyenv/versions/3.12.9/lib/python3.12/site-packages/airflow/example_dags/example_params_trigger_ui.py for tasks to queue
[2025-02-28T22:54:56.138+0200] {logging_mixin.py:190} INFO - [2025-02-28T22:54:56.138+0200] {dagbag.py:588} INFO - Filling up the DagBag from /Users/nampham/.pyenv/versions/3.12.9/lib/python3.12/site-packages/airflow/example_dags/example_params_trigger_ui.py
[2025-02-28T22:54:56.178+0200] {processor.py:925} INFO - DAG(s) 'example_params_trigger_ui' retrieved from /Users/nampham/.pyenv/versions/3.12.9/lib/python3.12/site-packages/airflow/example_dags/example_params_trigger_ui.py
[2025-02-28T22:54:56.220+0200] {logging_mixin.py:190} INFO - [2025-02-28T22:54:56.220+0200] {dag.py:3239} INFO - Sync 1 DAGs
[2025-02-28T22:54:56.224+0200] {logging_mixin.py:190} INFO - [2025-02-28T22:54:56.224+0200] {dag.py:4180} INFO - Setting next_dagrun for example_params_trigger_ui to None, run_after=None
[2025-02-28T22:54:56.231+0200] {processor.py:208} INFO - Processing /Users/nampham/.pyenv/versions/3.12.9/lib/python3.12/site-packages/airflow/example_dags/example_params_trigger_ui.py took 0.096 seconds
[2025-02-28T22:56:51.795+0200] {processor.py:186} INFO - Started process (PID=23137) to work on /Users/nampham/.pyenv/versions/3.12.9/lib/python3.12/site-packages/airflow/example_dags/example_params_trigger_ui.py
[2025-02-28T22:56:51.796+0200] {processor.py:914} INFO - Processing file /Users/nampham/.pyenv/versions/3.12.9/lib/python3.12/site-packages/airflow/example_dags/example_params_trigger_ui.py for tasks to queue
[2025-02-28T22:56:51.797+0200] {logging_mixin.py:190} INFO - [2025-02-28T22:56:51.797+0200] {dagbag.py:588} INFO - Filling up the DagBag from /Users/nampham/.pyenv/versions/3.12.9/lib/python3.12/site-packages/airflow/example_dags/example_params_trigger_ui.py
[2025-02-28T22:56:51.834+0200] {processor.py:925} INFO - DAG(s) 'example_params_trigger_ui' retrieved from /Users/nampham/.pyenv/versions/3.12.9/lib/python3.12/site-packages/airflow/example_dags/example_params_trigger_ui.py
[2025-02-28T22:56:51.874+0200] {logging_mixin.py:190} INFO - [2025-02-28T22:56:51.874+0200] {dag.py:3239} INFO - Sync 1 DAGs
[2025-02-28T22:56:51.878+0200] {logging_mixin.py:190} INFO - [2025-02-28T22:56:51.878+0200] {dag.py:4180} INFO - Setting next_dagrun for example_params_trigger_ui to None, run_after=None
[2025-02-28T22:56:51.885+0200] {processor.py:208} INFO - Processing /Users/nampham/.pyenv/versions/3.12.9/lib/python3.12/site-packages/airflow/example_dags/example_params_trigger_ui.py took 0.091 seconds
[2025-02-28T22:59:25.963+0200] {processor.py:186} INFO - Started process (PID=23639) to work on /Users/nampham/.pyenv/versions/3.12.9/lib/python3.12/site-packages/airflow/example_dags/example_params_trigger_ui.py
[2025-02-28T22:59:25.964+0200] {processor.py:914} INFO - Processing file /Users/nampham/.pyenv/versions/3.12.9/lib/python3.12/site-packages/airflow/example_dags/example_params_trigger_ui.py for tasks to queue
[2025-02-28T22:59:25.964+0200] {logging_mixin.py:190} INFO - [2025-02-28T22:59:25.964+0200] {dagbag.py:588} INFO - Filling up the DagBag from /Users/nampham/.pyenv/versions/3.12.9/lib/python3.12/site-packages/airflow/example_dags/example_params_trigger_ui.py
[2025-02-28T22:59:26.001+0200] {processor.py:925} INFO - DAG(s) 'example_params_trigger_ui' retrieved from /Users/nampham/.pyenv/versions/3.12.9/lib/python3.12/site-packages/airflow/example_dags/example_params_trigger_ui.py
[2025-02-28T22:59:26.042+0200] {logging_mixin.py:190} INFO - [2025-02-28T22:59:26.042+0200] {dag.py:3239} INFO - Sync 1 DAGs
[2025-02-28T22:59:26.046+0200] {logging_mixin.py:190} INFO - [2025-02-28T22:59:26.046+0200] {dag.py:4180} INFO - Setting next_dagrun for example_params_trigger_ui to None, run_after=None
[2025-02-28T22:59:26.053+0200] {processor.py:208} INFO - Processing /Users/nampham/.pyenv/versions/3.12.9/lib/python3.12/site-packages/airflow/example_dags/example_params_trigger_ui.py took 0.091 seconds
