[2025-02-28T18:25:01.156+0200] {processor.py:186} INFO - Started process (PID=93214) to work on /Users/nampham/.pyenv/versions/3.12.9/lib/python3.12/site-packages/airflow/example_dags/example_setup_teardown_taskflow.py
[2025-02-28T18:25:01.157+0200] {processor.py:914} INFO - Processing file /Users/nampham/.pyenv/versions/3.12.9/lib/python3.12/site-packages/airflow/example_dags/example_setup_teardown_taskflow.py for tasks to queue
[2025-02-28T18:25:01.157+0200] {logging_mixin.py:190} INFO - [2025-02-28T18:25:01.157+0200] {dagbag.py:588} INFO - Filling up the DagBag from /Users/nampham/.pyenv/versions/3.12.9/lib/python3.12/site-packages/airflow/example_dags/example_setup_teardown_taskflow.py
[2025-02-28T18:25:01.195+0200] {processor.py:925} INFO - DAG(s) 'example_setup_teardown_taskflow' retrieved from /Users/nampham/.pyenv/versions/3.12.9/lib/python3.12/site-packages/airflow/example_dags/example_setup_teardown_taskflow.py
[2025-02-28T18:25:01.259+0200] {logging_mixin.py:190} INFO - [2025-02-28T18:25:01.259+0200] {override.py:1930} INFO - Created Permission View: can edit on DAG:example_setup_teardown_taskflow
[2025-02-28T18:25:01.262+0200] {logging_mixin.py:190} INFO - [2025-02-28T18:25:01.262+0200] {override.py:1930} INFO - Created Permission View: can read on DAG:example_setup_teardown_taskflow
[2025-02-28T18:25:01.264+0200] {logging_mixin.py:190} INFO - [2025-02-28T18:25:01.264+0200] {override.py:1930} INFO - Created Permission View: can delete on DAG:example_setup_teardown_taskflow
[2025-02-28T18:25:01.266+0200] {logging_mixin.py:190} INFO - [2025-02-28T18:25:01.266+0200] {override.py:1930} INFO - Created Permission View: menu access on DAG Run:example_setup_teardown_taskflow
[2025-02-28T18:25:01.268+0200] {logging_mixin.py:190} INFO - [2025-02-28T18:25:01.268+0200] {override.py:1930} INFO - Created Permission View: can read on DAG Run:example_setup_teardown_taskflow
[2025-02-28T18:25:01.270+0200] {logging_mixin.py:190} INFO - [2025-02-28T18:25:01.270+0200] {override.py:1930} INFO - Created Permission View: can delete on DAG Run:example_setup_teardown_taskflow
[2025-02-28T18:25:01.272+0200] {logging_mixin.py:190} INFO - [2025-02-28T18:25:01.272+0200] {override.py:1930} INFO - Created Permission View: can create on DAG Run:example_setup_teardown_taskflow
[2025-02-28T18:25:01.272+0200] {logging_mixin.py:190} INFO - [2025-02-28T18:25:01.272+0200] {dag.py:3239} INFO - Sync 1 DAGs
[2025-02-28T18:25:01.276+0200] {logging_mixin.py:190} INFO - [2025-02-28T18:25:01.276+0200] {dag.py:3262} INFO - Creating ORM DAG for example_setup_teardown_taskflow
[2025-02-28T18:25:01.276+0200] {logging_mixin.py:190} INFO - [2025-02-28T18:25:01.276+0200] {dag.py:4180} INFO - Setting next_dagrun for example_setup_teardown_taskflow to None, run_after=None
[2025-02-28T18:25:01.281+0200] {processor.py:208} INFO - Processing /Users/nampham/.pyenv/versions/3.12.9/lib/python3.12/site-packages/airflow/example_dags/example_setup_teardown_taskflow.py took 0.126 seconds
[2025-02-28T18:26:50.655+0200] {processor.py:186} INFO - Started process (PID=93665) to work on /Users/nampham/.pyenv/versions/3.12.9/lib/python3.12/site-packages/airflow/example_dags/example_setup_teardown_taskflow.py
[2025-02-28T18:26:50.656+0200] {processor.py:914} INFO - Processing file /Users/nampham/.pyenv/versions/3.12.9/lib/python3.12/site-packages/airflow/example_dags/example_setup_teardown_taskflow.py for tasks to queue
[2025-02-28T18:26:50.657+0200] {logging_mixin.py:190} INFO - [2025-02-28T18:26:50.657+0200] {dagbag.py:588} INFO - Filling up the DagBag from /Users/nampham/.pyenv/versions/3.12.9/lib/python3.12/site-packages/airflow/example_dags/example_setup_teardown_taskflow.py
[2025-02-28T18:26:50.707+0200] {processor.py:925} INFO - DAG(s) 'example_setup_teardown_taskflow' retrieved from /Users/nampham/.pyenv/versions/3.12.9/lib/python3.12/site-packages/airflow/example_dags/example_setup_teardown_taskflow.py
[2025-02-28T18:26:50.745+0200] {logging_mixin.py:190} INFO - [2025-02-28T18:26:50.745+0200] {dag.py:3239} INFO - Sync 1 DAGs
[2025-02-28T18:26:50.749+0200] {logging_mixin.py:190} INFO - [2025-02-28T18:26:50.749+0200] {dag.py:4180} INFO - Setting next_dagrun for example_setup_teardown_taskflow to None, run_after=None
[2025-02-28T18:26:50.756+0200] {processor.py:208} INFO - Processing /Users/nampham/.pyenv/versions/3.12.9/lib/python3.12/site-packages/airflow/example_dags/example_setup_teardown_taskflow.py took 0.103 seconds
[2025-02-28T18:28:11.484+0200] {processor.py:186} INFO - Started process (PID=93993) to work on /Users/nampham/.pyenv/versions/3.12.9/lib/python3.12/site-packages/airflow/example_dags/example_setup_teardown_taskflow.py
[2025-02-28T18:28:11.486+0200] {processor.py:914} INFO - Processing file /Users/nampham/.pyenv/versions/3.12.9/lib/python3.12/site-packages/airflow/example_dags/example_setup_teardown_taskflow.py for tasks to queue
[2025-02-28T18:28:11.486+0200] {logging_mixin.py:190} INFO - [2025-02-28T18:28:11.486+0200] {dagbag.py:588} INFO - Filling up the DagBag from /Users/nampham/.pyenv/versions/3.12.9/lib/python3.12/site-packages/airflow/example_dags/example_setup_teardown_taskflow.py
[2025-02-28T18:28:11.524+0200] {processor.py:925} INFO - DAG(s) 'example_setup_teardown_taskflow' retrieved from /Users/nampham/.pyenv/versions/3.12.9/lib/python3.12/site-packages/airflow/example_dags/example_setup_teardown_taskflow.py
[2025-02-28T18:28:11.559+0200] {logging_mixin.py:190} INFO - [2025-02-28T18:28:11.558+0200] {dag.py:3239} INFO - Sync 1 DAGs
[2025-02-28T18:28:11.562+0200] {logging_mixin.py:190} INFO - [2025-02-28T18:28:11.562+0200] {dag.py:4180} INFO - Setting next_dagrun for example_setup_teardown_taskflow to None, run_after=None
[2025-02-28T18:28:11.569+0200] {processor.py:208} INFO - Processing /Users/nampham/.pyenv/versions/3.12.9/lib/python3.12/site-packages/airflow/example_dags/example_setup_teardown_taskflow.py took 0.086 seconds
[2025-02-28T18:29:33.537+0200] {processor.py:186} INFO - Started process (PID=94316) to work on /Users/nampham/.pyenv/versions/3.12.9/lib/python3.12/site-packages/airflow/example_dags/example_setup_teardown_taskflow.py
[2025-02-28T18:29:33.539+0200] {processor.py:914} INFO - Processing file /Users/nampham/.pyenv/versions/3.12.9/lib/python3.12/site-packages/airflow/example_dags/example_setup_teardown_taskflow.py for tasks to queue
[2025-02-28T18:29:33.539+0200] {logging_mixin.py:190} INFO - [2025-02-28T18:29:33.539+0200] {dagbag.py:588} INFO - Filling up the DagBag from /Users/nampham/.pyenv/versions/3.12.9/lib/python3.12/site-packages/airflow/example_dags/example_setup_teardown_taskflow.py
[2025-02-28T18:29:33.583+0200] {processor.py:925} INFO - DAG(s) 'example_setup_teardown_taskflow' retrieved from /Users/nampham/.pyenv/versions/3.12.9/lib/python3.12/site-packages/airflow/example_dags/example_setup_teardown_taskflow.py
[2025-02-28T18:29:33.619+0200] {logging_mixin.py:190} INFO - [2025-02-28T18:29:33.618+0200] {dag.py:3239} INFO - Sync 1 DAGs
[2025-02-28T18:29:33.622+0200] {logging_mixin.py:190} INFO - [2025-02-28T18:29:33.622+0200] {dag.py:4180} INFO - Setting next_dagrun for example_setup_teardown_taskflow to None, run_after=None
[2025-02-28T18:29:33.629+0200] {processor.py:208} INFO - Processing /Users/nampham/.pyenv/versions/3.12.9/lib/python3.12/site-packages/airflow/example_dags/example_setup_teardown_taskflow.py took 0.093 seconds
[2025-02-28T20:11:17.103+0200] {processor.py:186} INFO - Started process (PID=97317) to work on /Users/nampham/.pyenv/versions/3.12.9/lib/python3.12/site-packages/airflow/example_dags/example_setup_teardown_taskflow.py
[2025-02-28T20:11:17.105+0200] {processor.py:914} INFO - Processing file /Users/nampham/.pyenv/versions/3.12.9/lib/python3.12/site-packages/airflow/example_dags/example_setup_teardown_taskflow.py for tasks to queue
[2025-02-28T20:11:17.105+0200] {logging_mixin.py:190} INFO - [2025-02-28T20:11:17.105+0200] {dagbag.py:588} INFO - Filling up the DagBag from /Users/nampham/.pyenv/versions/3.12.9/lib/python3.12/site-packages/airflow/example_dags/example_setup_teardown_taskflow.py
[2025-02-28T20:11:17.143+0200] {processor.py:925} INFO - DAG(s) 'example_setup_teardown_taskflow' retrieved from /Users/nampham/.pyenv/versions/3.12.9/lib/python3.12/site-packages/airflow/example_dags/example_setup_teardown_taskflow.py
[2025-02-28T20:11:17.209+0200] {logging_mixin.py:190} INFO - [2025-02-28T20:11:17.209+0200] {dag.py:3239} INFO - Sync 1 DAGs
[2025-02-28T20:11:17.213+0200] {logging_mixin.py:190} INFO - [2025-02-28T20:11:17.213+0200] {dag.py:4180} INFO - Setting next_dagrun for example_setup_teardown_taskflow to None, run_after=None
[2025-02-28T20:11:17.219+0200] {processor.py:208} INFO - Processing /Users/nampham/.pyenv/versions/3.12.9/lib/python3.12/site-packages/airflow/example_dags/example_setup_teardown_taskflow.py took 0.117 seconds
[2025-02-28T20:13:05.618+0200] {processor.py:186} INFO - Started process (PID=97942) to work on /Users/nampham/.pyenv/versions/3.12.9/lib/python3.12/site-packages/airflow/example_dags/example_setup_teardown_taskflow.py
[2025-02-28T20:13:05.620+0200] {processor.py:914} INFO - Processing file /Users/nampham/.pyenv/versions/3.12.9/lib/python3.12/site-packages/airflow/example_dags/example_setup_teardown_taskflow.py for tasks to queue
[2025-02-28T20:13:05.620+0200] {logging_mixin.py:190} INFO - [2025-02-28T20:13:05.620+0200] {dagbag.py:588} INFO - Filling up the DagBag from /Users/nampham/.pyenv/versions/3.12.9/lib/python3.12/site-packages/airflow/example_dags/example_setup_teardown_taskflow.py
[2025-02-28T20:13:05.662+0200] {processor.py:925} INFO - DAG(s) 'example_setup_teardown_taskflow' retrieved from /Users/nampham/.pyenv/versions/3.12.9/lib/python3.12/site-packages/airflow/example_dags/example_setup_teardown_taskflow.py
[2025-02-28T20:13:05.697+0200] {logging_mixin.py:190} INFO - [2025-02-28T20:13:05.697+0200] {dag.py:3239} INFO - Sync 1 DAGs
[2025-02-28T20:13:05.701+0200] {logging_mixin.py:190} INFO - [2025-02-28T20:13:05.701+0200] {dag.py:4180} INFO - Setting next_dagrun for example_setup_teardown_taskflow to None, run_after=None
[2025-02-28T20:13:05.707+0200] {processor.py:208} INFO - Processing /Users/nampham/.pyenv/versions/3.12.9/lib/python3.12/site-packages/airflow/example_dags/example_setup_teardown_taskflow.py took 0.090 seconds
[2025-02-28T20:14:54.434+0200] {processor.py:186} INFO - Started process (PID=98384) to work on /Users/nampham/.pyenv/versions/3.12.9/lib/python3.12/site-packages/airflow/example_dags/example_setup_teardown_taskflow.py
[2025-02-28T20:14:54.434+0200] {processor.py:914} INFO - Processing file /Users/nampham/.pyenv/versions/3.12.9/lib/python3.12/site-packages/airflow/example_dags/example_setup_teardown_taskflow.py for tasks to queue
[2025-02-28T20:14:54.435+0200] {logging_mixin.py:190} INFO - [2025-02-28T20:14:54.435+0200] {dagbag.py:588} INFO - Filling up the DagBag from /Users/nampham/.pyenv/versions/3.12.9/lib/python3.12/site-packages/airflow/example_dags/example_setup_teardown_taskflow.py
[2025-02-28T20:14:54.474+0200] {processor.py:925} INFO - DAG(s) 'example_setup_teardown_taskflow' retrieved from /Users/nampham/.pyenv/versions/3.12.9/lib/python3.12/site-packages/airflow/example_dags/example_setup_teardown_taskflow.py
[2025-02-28T20:14:54.508+0200] {logging_mixin.py:190} INFO - [2025-02-28T20:14:54.508+0200] {dag.py:3239} INFO - Sync 1 DAGs
[2025-02-28T20:14:54.512+0200] {logging_mixin.py:190} INFO - [2025-02-28T20:14:54.512+0200] {dag.py:4180} INFO - Setting next_dagrun for example_setup_teardown_taskflow to None, run_after=None
[2025-02-28T20:14:54.518+0200] {processor.py:208} INFO - Processing /Users/nampham/.pyenv/versions/3.12.9/lib/python3.12/site-packages/airflow/example_dags/example_setup_teardown_taskflow.py took 0.086 seconds
[2025-02-28T20:16:14.363+0200] {processor.py:186} INFO - Started process (PID=98657) to work on /Users/nampham/.pyenv/versions/3.12.9/lib/python3.12/site-packages/airflow/example_dags/example_setup_teardown_taskflow.py
[2025-02-28T20:16:14.364+0200] {processor.py:914} INFO - Processing file /Users/nampham/.pyenv/versions/3.12.9/lib/python3.12/site-packages/airflow/example_dags/example_setup_teardown_taskflow.py for tasks to queue
[2025-02-28T20:16:14.364+0200] {logging_mixin.py:190} INFO - [2025-02-28T20:16:14.364+0200] {dagbag.py:588} INFO - Filling up the DagBag from /Users/nampham/.pyenv/versions/3.12.9/lib/python3.12/site-packages/airflow/example_dags/example_setup_teardown_taskflow.py
[2025-02-28T20:16:14.402+0200] {processor.py:925} INFO - DAG(s) 'example_setup_teardown_taskflow' retrieved from /Users/nampham/.pyenv/versions/3.12.9/lib/python3.12/site-packages/airflow/example_dags/example_setup_teardown_taskflow.py
[2025-02-28T20:16:14.436+0200] {logging_mixin.py:190} INFO - [2025-02-28T20:16:14.436+0200] {dag.py:3239} INFO - Sync 1 DAGs
[2025-02-28T20:16:14.440+0200] {logging_mixin.py:190} INFO - [2025-02-28T20:16:14.440+0200] {dag.py:4180} INFO - Setting next_dagrun for example_setup_teardown_taskflow to None, run_after=None
[2025-02-28T20:16:14.446+0200] {processor.py:208} INFO - Processing /Users/nampham/.pyenv/versions/3.12.9/lib/python3.12/site-packages/airflow/example_dags/example_setup_teardown_taskflow.py took 0.084 seconds
[2025-02-28T20:17:29.952+0200] {processor.py:186} INFO - Started process (PID=98944) to work on /Users/nampham/.pyenv/versions/3.12.9/lib/python3.12/site-packages/airflow/example_dags/example_setup_teardown_taskflow.py
[2025-02-28T20:17:29.953+0200] {processor.py:914} INFO - Processing file /Users/nampham/.pyenv/versions/3.12.9/lib/python3.12/site-packages/airflow/example_dags/example_setup_teardown_taskflow.py for tasks to queue
[2025-02-28T20:17:29.954+0200] {logging_mixin.py:190} INFO - [2025-02-28T20:17:29.953+0200] {dagbag.py:588} INFO - Filling up the DagBag from /Users/nampham/.pyenv/versions/3.12.9/lib/python3.12/site-packages/airflow/example_dags/example_setup_teardown_taskflow.py
[2025-02-28T20:17:29.991+0200] {processor.py:925} INFO - DAG(s) 'example_setup_teardown_taskflow' retrieved from /Users/nampham/.pyenv/versions/3.12.9/lib/python3.12/site-packages/airflow/example_dags/example_setup_teardown_taskflow.py
[2025-02-28T20:17:30.026+0200] {logging_mixin.py:190} INFO - [2025-02-28T20:17:30.025+0200] {dag.py:3239} INFO - Sync 1 DAGs
[2025-02-28T20:17:30.029+0200] {logging_mixin.py:190} INFO - [2025-02-28T20:17:30.029+0200] {dag.py:4180} INFO - Setting next_dagrun for example_setup_teardown_taskflow to None, run_after=None
[2025-02-28T20:17:30.036+0200] {processor.py:208} INFO - Processing /Users/nampham/.pyenv/versions/3.12.9/lib/python3.12/site-packages/airflow/example_dags/example_setup_teardown_taskflow.py took 0.084 seconds
[2025-02-28T20:18:44.934+0200] {processor.py:186} INFO - Started process (PID=99313) to work on /Users/nampham/.pyenv/versions/3.12.9/lib/python3.12/site-packages/airflow/example_dags/example_setup_teardown_taskflow.py
[2025-02-28T20:18:44.935+0200] {processor.py:914} INFO - Processing file /Users/nampham/.pyenv/versions/3.12.9/lib/python3.12/site-packages/airflow/example_dags/example_setup_teardown_taskflow.py for tasks to queue
[2025-02-28T20:18:44.935+0200] {logging_mixin.py:190} INFO - [2025-02-28T20:18:44.935+0200] {dagbag.py:588} INFO - Filling up the DagBag from /Users/nampham/.pyenv/versions/3.12.9/lib/python3.12/site-packages/airflow/example_dags/example_setup_teardown_taskflow.py
[2025-02-28T20:18:44.973+0200] {processor.py:925} INFO - DAG(s) 'example_setup_teardown_taskflow' retrieved from /Users/nampham/.pyenv/versions/3.12.9/lib/python3.12/site-packages/airflow/example_dags/example_setup_teardown_taskflow.py
[2025-02-28T20:18:45.007+0200] {logging_mixin.py:190} INFO - [2025-02-28T20:18:45.007+0200] {dag.py:3239} INFO - Sync 1 DAGs
[2025-02-28T20:18:45.011+0200] {logging_mixin.py:190} INFO - [2025-02-28T20:18:45.011+0200] {dag.py:4180} INFO - Setting next_dagrun for example_setup_teardown_taskflow to None, run_after=None
[2025-02-28T20:18:45.017+0200] {processor.py:208} INFO - Processing /Users/nampham/.pyenv/versions/3.12.9/lib/python3.12/site-packages/airflow/example_dags/example_setup_teardown_taskflow.py took 0.085 seconds
[2025-02-28T20:20:38.101+0200] {processor.py:186} INFO - Started process (PID=99750) to work on /Users/nampham/.pyenv/versions/3.12.9/lib/python3.12/site-packages/airflow/example_dags/example_setup_teardown_taskflow.py
[2025-02-28T20:20:38.103+0200] {processor.py:914} INFO - Processing file /Users/nampham/.pyenv/versions/3.12.9/lib/python3.12/site-packages/airflow/example_dags/example_setup_teardown_taskflow.py for tasks to queue
[2025-02-28T20:20:38.103+0200] {logging_mixin.py:190} INFO - [2025-02-28T20:20:38.103+0200] {dagbag.py:588} INFO - Filling up the DagBag from /Users/nampham/.pyenv/versions/3.12.9/lib/python3.12/site-packages/airflow/example_dags/example_setup_teardown_taskflow.py
[2025-02-28T20:20:38.141+0200] {processor.py:925} INFO - DAG(s) 'example_setup_teardown_taskflow' retrieved from /Users/nampham/.pyenv/versions/3.12.9/lib/python3.12/site-packages/airflow/example_dags/example_setup_teardown_taskflow.py
[2025-02-28T20:20:38.176+0200] {logging_mixin.py:190} INFO - [2025-02-28T20:20:38.176+0200] {dag.py:3239} INFO - Sync 1 DAGs
[2025-02-28T20:20:38.179+0200] {logging_mixin.py:190} INFO - [2025-02-28T20:20:38.179+0200] {dag.py:4180} INFO - Setting next_dagrun for example_setup_teardown_taskflow to None, run_after=None
[2025-02-28T20:20:38.186+0200] {processor.py:208} INFO - Processing /Users/nampham/.pyenv/versions/3.12.9/lib/python3.12/site-packages/airflow/example_dags/example_setup_teardown_taskflow.py took 0.085 seconds
[2025-02-28T20:21:57.484+0200] {processor.py:186} INFO - Started process (PID=159) to work on /Users/nampham/.pyenv/versions/3.12.9/lib/python3.12/site-packages/airflow/example_dags/example_setup_teardown_taskflow.py
[2025-02-28T20:21:57.485+0200] {processor.py:914} INFO - Processing file /Users/nampham/.pyenv/versions/3.12.9/lib/python3.12/site-packages/airflow/example_dags/example_setup_teardown_taskflow.py for tasks to queue
[2025-02-28T20:21:57.486+0200] {logging_mixin.py:190} INFO - [2025-02-28T20:21:57.486+0200] {dagbag.py:588} INFO - Filling up the DagBag from /Users/nampham/.pyenv/versions/3.12.9/lib/python3.12/site-packages/airflow/example_dags/example_setup_teardown_taskflow.py
[2025-02-28T20:21:57.524+0200] {processor.py:925} INFO - DAG(s) 'example_setup_teardown_taskflow' retrieved from /Users/nampham/.pyenv/versions/3.12.9/lib/python3.12/site-packages/airflow/example_dags/example_setup_teardown_taskflow.py
[2025-02-28T20:21:57.560+0200] {logging_mixin.py:190} INFO - [2025-02-28T20:21:57.560+0200] {dag.py:3239} INFO - Sync 1 DAGs
[2025-02-28T20:21:57.564+0200] {logging_mixin.py:190} INFO - [2025-02-28T20:21:57.564+0200] {dag.py:4180} INFO - Setting next_dagrun for example_setup_teardown_taskflow to None, run_after=None
[2025-02-28T20:21:57.570+0200] {processor.py:208} INFO - Processing /Users/nampham/.pyenv/versions/3.12.9/lib/python3.12/site-packages/airflow/example_dags/example_setup_teardown_taskflow.py took 0.087 seconds
[2025-02-28T21:28:00.221+0200] {processor.py:186} INFO - Started process (PID=5542) to work on /Users/nampham/.pyenv/versions/3.12.9/lib/python3.12/site-packages/airflow/example_dags/example_setup_teardown_taskflow.py
[2025-02-28T21:28:00.222+0200] {processor.py:914} INFO - Processing file /Users/nampham/.pyenv/versions/3.12.9/lib/python3.12/site-packages/airflow/example_dags/example_setup_teardown_taskflow.py for tasks to queue
[2025-02-28T21:28:00.222+0200] {logging_mixin.py:190} INFO - [2025-02-28T21:28:00.222+0200] {dagbag.py:588} INFO - Filling up the DagBag from /Users/nampham/.pyenv/versions/3.12.9/lib/python3.12/site-packages/airflow/example_dags/example_setup_teardown_taskflow.py
[2025-02-28T21:28:00.260+0200] {processor.py:925} INFO - DAG(s) 'example_setup_teardown_taskflow' retrieved from /Users/nampham/.pyenv/versions/3.12.9/lib/python3.12/site-packages/airflow/example_dags/example_setup_teardown_taskflow.py
[2025-02-28T21:28:00.295+0200] {logging_mixin.py:190} INFO - [2025-02-28T21:28:00.295+0200] {dag.py:3239} INFO - Sync 1 DAGs
[2025-02-28T21:28:00.299+0200] {logging_mixin.py:190} INFO - [2025-02-28T21:28:00.299+0200] {dag.py:4180} INFO - Setting next_dagrun for example_setup_teardown_taskflow to None, run_after=None
[2025-02-28T21:28:00.305+0200] {processor.py:208} INFO - Processing /Users/nampham/.pyenv/versions/3.12.9/lib/python3.12/site-packages/airflow/example_dags/example_setup_teardown_taskflow.py took 0.085 seconds
[2025-02-28T21:30:45.837+0200] {processor.py:186} INFO - Started process (PID=6202) to work on /Users/nampham/.pyenv/versions/3.12.9/lib/python3.12/site-packages/airflow/example_dags/example_setup_teardown_taskflow.py
[2025-02-28T21:30:45.837+0200] {processor.py:914} INFO - Processing file /Users/nampham/.pyenv/versions/3.12.9/lib/python3.12/site-packages/airflow/example_dags/example_setup_teardown_taskflow.py for tasks to queue
[2025-02-28T21:30:45.838+0200] {logging_mixin.py:190} INFO - [2025-02-28T21:30:45.838+0200] {dagbag.py:588} INFO - Filling up the DagBag from /Users/nampham/.pyenv/versions/3.12.9/lib/python3.12/site-packages/airflow/example_dags/example_setup_teardown_taskflow.py
[2025-02-28T21:30:45.876+0200] {processor.py:925} INFO - DAG(s) 'example_setup_teardown_taskflow' retrieved from /Users/nampham/.pyenv/versions/3.12.9/lib/python3.12/site-packages/airflow/example_dags/example_setup_teardown_taskflow.py
[2025-02-28T21:30:45.911+0200] {logging_mixin.py:190} INFO - [2025-02-28T21:30:45.911+0200] {dag.py:3239} INFO - Sync 1 DAGs
[2025-02-28T21:30:45.915+0200] {logging_mixin.py:190} INFO - [2025-02-28T21:30:45.915+0200] {dag.py:4180} INFO - Setting next_dagrun for example_setup_teardown_taskflow to None, run_after=None
[2025-02-28T21:30:45.921+0200] {processor.py:208} INFO - Processing /Users/nampham/.pyenv/versions/3.12.9/lib/python3.12/site-packages/airflow/example_dags/example_setup_teardown_taskflow.py took 0.085 seconds
[2025-02-28T21:32:33.875+0200] {processor.py:186} INFO - Started process (PID=6624) to work on /Users/nampham/.pyenv/versions/3.12.9/lib/python3.12/site-packages/airflow/example_dags/example_setup_teardown_taskflow.py
[2025-02-28T21:32:33.876+0200] {processor.py:914} INFO - Processing file /Users/nampham/.pyenv/versions/3.12.9/lib/python3.12/site-packages/airflow/example_dags/example_setup_teardown_taskflow.py for tasks to queue
[2025-02-28T21:32:33.876+0200] {logging_mixin.py:190} INFO - [2025-02-28T21:32:33.876+0200] {dagbag.py:588} INFO - Filling up the DagBag from /Users/nampham/.pyenv/versions/3.12.9/lib/python3.12/site-packages/airflow/example_dags/example_setup_teardown_taskflow.py
[2025-02-28T21:32:33.914+0200] {processor.py:925} INFO - DAG(s) 'example_setup_teardown_taskflow' retrieved from /Users/nampham/.pyenv/versions/3.12.9/lib/python3.12/site-packages/airflow/example_dags/example_setup_teardown_taskflow.py
[2025-02-28T21:32:33.949+0200] {logging_mixin.py:190} INFO - [2025-02-28T21:32:33.949+0200] {dag.py:3239} INFO - Sync 1 DAGs
[2025-02-28T21:32:33.953+0200] {logging_mixin.py:190} INFO - [2025-02-28T21:32:33.953+0200] {dag.py:4180} INFO - Setting next_dagrun for example_setup_teardown_taskflow to None, run_after=None
[2025-02-28T21:32:33.959+0200] {processor.py:208} INFO - Processing /Users/nampham/.pyenv/versions/3.12.9/lib/python3.12/site-packages/airflow/example_dags/example_setup_teardown_taskflow.py took 0.085 seconds
[2025-02-28T21:33:51.403+0200] {processor.py:186} INFO - Started process (PID=7139) to work on /Users/nampham/.pyenv/versions/3.12.9/lib/python3.12/site-packages/airflow/example_dags/example_setup_teardown_taskflow.py
[2025-02-28T21:33:51.404+0200] {processor.py:914} INFO - Processing file /Users/nampham/.pyenv/versions/3.12.9/lib/python3.12/site-packages/airflow/example_dags/example_setup_teardown_taskflow.py for tasks to queue
[2025-02-28T21:33:51.404+0200] {logging_mixin.py:190} INFO - [2025-02-28T21:33:51.404+0200] {dagbag.py:588} INFO - Filling up the DagBag from /Users/nampham/.pyenv/versions/3.12.9/lib/python3.12/site-packages/airflow/example_dags/example_setup_teardown_taskflow.py
[2025-02-28T21:33:51.442+0200] {processor.py:925} INFO - DAG(s) 'example_setup_teardown_taskflow' retrieved from /Users/nampham/.pyenv/versions/3.12.9/lib/python3.12/site-packages/airflow/example_dags/example_setup_teardown_taskflow.py
[2025-02-28T21:33:51.477+0200] {logging_mixin.py:190} INFO - [2025-02-28T21:33:51.476+0200] {dag.py:3239} INFO - Sync 1 DAGs
[2025-02-28T21:33:51.480+0200] {logging_mixin.py:190} INFO - [2025-02-28T21:33:51.480+0200] {dag.py:4180} INFO - Setting next_dagrun for example_setup_teardown_taskflow to None, run_after=None
[2025-02-28T21:33:51.486+0200] {processor.py:208} INFO - Processing /Users/nampham/.pyenv/versions/3.12.9/lib/python3.12/site-packages/airflow/example_dags/example_setup_teardown_taskflow.py took 0.085 seconds
[2025-02-28T21:37:08.293+0200] {processor.py:186} INFO - Started process (PID=7924) to work on /Users/nampham/.pyenv/versions/3.12.9/lib/python3.12/site-packages/airflow/example_dags/example_setup_teardown_taskflow.py
[2025-02-28T21:37:08.295+0200] {processor.py:914} INFO - Processing file /Users/nampham/.pyenv/versions/3.12.9/lib/python3.12/site-packages/airflow/example_dags/example_setup_teardown_taskflow.py for tasks to queue
[2025-02-28T21:37:08.295+0200] {logging_mixin.py:190} INFO - [2025-02-28T21:37:08.295+0200] {dagbag.py:588} INFO - Filling up the DagBag from /Users/nampham/.pyenv/versions/3.12.9/lib/python3.12/site-packages/airflow/example_dags/example_setup_teardown_taskflow.py
[2025-02-28T21:37:08.334+0200] {processor.py:925} INFO - DAG(s) 'example_setup_teardown_taskflow' retrieved from /Users/nampham/.pyenv/versions/3.12.9/lib/python3.12/site-packages/airflow/example_dags/example_setup_teardown_taskflow.py
[2025-02-28T21:37:08.399+0200] {logging_mixin.py:190} INFO - [2025-02-28T21:37:08.398+0200] {override.py:1930} INFO - Created Permission View: can edit on DAG:example_setup_teardown_taskflow
[2025-02-28T21:37:08.402+0200] {logging_mixin.py:190} INFO - [2025-02-28T21:37:08.401+0200] {override.py:1930} INFO - Created Permission View: can read on DAG:example_setup_teardown_taskflow
[2025-02-28T21:37:08.404+0200] {logging_mixin.py:190} INFO - [2025-02-28T21:37:08.403+0200] {override.py:1930} INFO - Created Permission View: can delete on DAG:example_setup_teardown_taskflow
[2025-02-28T21:37:08.406+0200] {logging_mixin.py:190} INFO - [2025-02-28T21:37:08.406+0200] {override.py:1930} INFO - Created Permission View: can create on DAG Run:example_setup_teardown_taskflow
[2025-02-28T21:37:08.408+0200] {logging_mixin.py:190} INFO - [2025-02-28T21:37:08.407+0200] {override.py:1930} INFO - Created Permission View: can read on DAG Run:example_setup_teardown_taskflow
[2025-02-28T21:37:08.409+0200] {logging_mixin.py:190} INFO - [2025-02-28T21:37:08.409+0200] {override.py:1930} INFO - Created Permission View: can delete on DAG Run:example_setup_teardown_taskflow
[2025-02-28T21:37:08.411+0200] {logging_mixin.py:190} INFO - [2025-02-28T21:37:08.411+0200] {override.py:1930} INFO - Created Permission View: menu access on DAG Run:example_setup_teardown_taskflow
[2025-02-28T21:37:08.411+0200] {logging_mixin.py:190} INFO - [2025-02-28T21:37:08.411+0200] {dag.py:3239} INFO - Sync 1 DAGs
[2025-02-28T21:37:08.418+0200] {logging_mixin.py:190} INFO - [2025-02-28T21:37:08.418+0200] {dag.py:3262} INFO - Creating ORM DAG for example_setup_teardown_taskflow
[2025-02-28T21:37:08.418+0200] {logging_mixin.py:190} INFO - [2025-02-28T21:37:08.418+0200] {dag.py:4180} INFO - Setting next_dagrun for example_setup_teardown_taskflow to None, run_after=None
[2025-02-28T21:37:08.427+0200] {processor.py:208} INFO - Processing /Users/nampham/.pyenv/versions/3.12.9/lib/python3.12/site-packages/airflow/example_dags/example_setup_teardown_taskflow.py took 0.135 seconds
[2025-02-28T21:38:58.361+0200] {processor.py:186} INFO - Started process (PID=8348) to work on /Users/nampham/.pyenv/versions/3.12.9/lib/python3.12/site-packages/airflow/example_dags/example_setup_teardown_taskflow.py
[2025-02-28T21:38:58.363+0200] {processor.py:914} INFO - Processing file /Users/nampham/.pyenv/versions/3.12.9/lib/python3.12/site-packages/airflow/example_dags/example_setup_teardown_taskflow.py for tasks to queue
[2025-02-28T21:38:58.363+0200] {logging_mixin.py:190} INFO - [2025-02-28T21:38:58.363+0200] {dagbag.py:588} INFO - Filling up the DagBag from /Users/nampham/.pyenv/versions/3.12.9/lib/python3.12/site-packages/airflow/example_dags/example_setup_teardown_taskflow.py
[2025-02-28T21:38:58.401+0200] {processor.py:925} INFO - DAG(s) 'example_setup_teardown_taskflow' retrieved from /Users/nampham/.pyenv/versions/3.12.9/lib/python3.12/site-packages/airflow/example_dags/example_setup_teardown_taskflow.py
[2025-02-28T21:38:58.435+0200] {logging_mixin.py:190} INFO - [2025-02-28T21:38:58.435+0200] {dag.py:3239} INFO - Sync 1 DAGs
[2025-02-28T21:38:58.439+0200] {logging_mixin.py:190} INFO - [2025-02-28T21:38:58.439+0200] {dag.py:4180} INFO - Setting next_dagrun for example_setup_teardown_taskflow to None, run_after=None
[2025-02-28T21:38:58.445+0200] {processor.py:208} INFO - Processing /Users/nampham/.pyenv/versions/3.12.9/lib/python3.12/site-packages/airflow/example_dags/example_setup_teardown_taskflow.py took 0.085 seconds
[2025-02-28T21:43:42.701+0200] {processor.py:186} INFO - Started process (PID=9610) to work on /Users/nampham/.pyenv/versions/3.12.9/lib/python3.12/site-packages/airflow/example_dags/example_setup_teardown_taskflow.py
[2025-02-28T21:43:42.702+0200] {processor.py:914} INFO - Processing file /Users/nampham/.pyenv/versions/3.12.9/lib/python3.12/site-packages/airflow/example_dags/example_setup_teardown_taskflow.py for tasks to queue
[2025-02-28T21:43:42.702+0200] {logging_mixin.py:190} INFO - [2025-02-28T21:43:42.702+0200] {dagbag.py:588} INFO - Filling up the DagBag from /Users/nampham/.pyenv/versions/3.12.9/lib/python3.12/site-packages/airflow/example_dags/example_setup_teardown_taskflow.py
[2025-02-28T21:43:42.741+0200] {processor.py:925} INFO - DAG(s) 'example_setup_teardown_taskflow' retrieved from /Users/nampham/.pyenv/versions/3.12.9/lib/python3.12/site-packages/airflow/example_dags/example_setup_teardown_taskflow.py
[2025-02-28T21:43:42.826+0200] {logging_mixin.py:190} INFO - [2025-02-28T21:43:42.826+0200] {override.py:1930} INFO - Created Permission View: can edit on DAG:example_setup_teardown_taskflow
[2025-02-28T21:43:42.829+0200] {logging_mixin.py:190} INFO - [2025-02-28T21:43:42.829+0200] {override.py:1930} INFO - Created Permission View: can delete on DAG:example_setup_teardown_taskflow
[2025-02-28T21:43:42.831+0200] {logging_mixin.py:190} INFO - [2025-02-28T21:43:42.831+0200] {override.py:1930} INFO - Created Permission View: can read on DAG:example_setup_teardown_taskflow
[2025-02-28T21:43:42.833+0200] {logging_mixin.py:190} INFO - [2025-02-28T21:43:42.833+0200] {override.py:1930} INFO - Created Permission View: can create on DAG Run:example_setup_teardown_taskflow
[2025-02-28T21:43:42.835+0200] {logging_mixin.py:190} INFO - [2025-02-28T21:43:42.835+0200] {override.py:1930} INFO - Created Permission View: menu access on DAG Run:example_setup_teardown_taskflow
[2025-02-28T21:43:42.837+0200] {logging_mixin.py:190} INFO - [2025-02-28T21:43:42.837+0200] {override.py:1930} INFO - Created Permission View: can delete on DAG Run:example_setup_teardown_taskflow
[2025-02-28T21:43:42.838+0200] {logging_mixin.py:190} INFO - [2025-02-28T21:43:42.838+0200] {override.py:1930} INFO - Created Permission View: can read on DAG Run:example_setup_teardown_taskflow
[2025-02-28T21:43:42.839+0200] {logging_mixin.py:190} INFO - [2025-02-28T21:43:42.838+0200] {dag.py:3239} INFO - Sync 1 DAGs
[2025-02-28T21:43:42.843+0200] {logging_mixin.py:190} INFO - [2025-02-28T21:43:42.843+0200] {dag.py:3262} INFO - Creating ORM DAG for example_setup_teardown_taskflow
[2025-02-28T21:43:42.843+0200] {logging_mixin.py:190} INFO - [2025-02-28T21:43:42.843+0200] {dag.py:4180} INFO - Setting next_dagrun for example_setup_teardown_taskflow to None, run_after=None
[2025-02-28T21:43:42.849+0200] {processor.py:208} INFO - Processing /Users/nampham/.pyenv/versions/3.12.9/lib/python3.12/site-packages/airflow/example_dags/example_setup_teardown_taskflow.py took 0.149 seconds
[2025-02-28T22:27:58.776+0200] {processor.py:186} INFO - Started process (PID=18126) to work on /Users/nampham/.pyenv/versions/3.12.9/lib/python3.12/site-packages/airflow/example_dags/example_setup_teardown_taskflow.py
[2025-02-28T22:27:58.777+0200] {processor.py:914} INFO - Processing file /Users/nampham/.pyenv/versions/3.12.9/lib/python3.12/site-packages/airflow/example_dags/example_setup_teardown_taskflow.py for tasks to queue
[2025-02-28T22:27:58.777+0200] {logging_mixin.py:190} INFO - [2025-02-28T22:27:58.777+0200] {dagbag.py:588} INFO - Filling up the DagBag from /Users/nampham/.pyenv/versions/3.12.9/lib/python3.12/site-packages/airflow/example_dags/example_setup_teardown_taskflow.py
[2025-02-28T22:27:58.819+0200] {processor.py:925} INFO - DAG(s) 'example_setup_teardown_taskflow' retrieved from /Users/nampham/.pyenv/versions/3.12.9/lib/python3.12/site-packages/airflow/example_dags/example_setup_teardown_taskflow.py
[2025-02-28T22:27:58.885+0200] {logging_mixin.py:190} INFO - [2025-02-28T22:27:58.884+0200] {override.py:1930} INFO - Created Permission View: can delete on DAG:example_setup_teardown_taskflow
[2025-02-28T22:27:58.888+0200] {logging_mixin.py:190} INFO - [2025-02-28T22:27:58.887+0200] {override.py:1930} INFO - Created Permission View: can read on DAG:example_setup_teardown_taskflow
[2025-02-28T22:27:58.889+0200] {logging_mixin.py:190} INFO - [2025-02-28T22:27:58.889+0200] {override.py:1930} INFO - Created Permission View: can edit on DAG:example_setup_teardown_taskflow
[2025-02-28T22:27:58.892+0200] {logging_mixin.py:190} INFO - [2025-02-28T22:27:58.892+0200] {override.py:1930} INFO - Created Permission View: can delete on DAG Run:example_setup_teardown_taskflow
[2025-02-28T22:27:58.894+0200] {logging_mixin.py:190} INFO - [2025-02-28T22:27:58.894+0200] {override.py:1930} INFO - Created Permission View: menu access on DAG Run:example_setup_teardown_taskflow
[2025-02-28T22:27:58.895+0200] {logging_mixin.py:190} INFO - [2025-02-28T22:27:58.895+0200] {override.py:1930} INFO - Created Permission View: can read on DAG Run:example_setup_teardown_taskflow
[2025-02-28T22:27:58.897+0200] {logging_mixin.py:190} INFO - [2025-02-28T22:27:58.897+0200] {override.py:1930} INFO - Created Permission View: can create on DAG Run:example_setup_teardown_taskflow
[2025-02-28T22:27:58.897+0200] {logging_mixin.py:190} INFO - [2025-02-28T22:27:58.897+0200] {dag.py:3239} INFO - Sync 1 DAGs
[2025-02-28T22:27:58.901+0200] {logging_mixin.py:190} INFO - [2025-02-28T22:27:58.901+0200] {dag.py:3262} INFO - Creating ORM DAG for example_setup_teardown_taskflow
[2025-02-28T22:27:58.901+0200] {logging_mixin.py:190} INFO - [2025-02-28T22:27:58.901+0200] {dag.py:4180} INFO - Setting next_dagrun for example_setup_teardown_taskflow to None, run_after=None
[2025-02-28T22:27:58.907+0200] {processor.py:208} INFO - Processing /Users/nampham/.pyenv/versions/3.12.9/lib/python3.12/site-packages/airflow/example_dags/example_setup_teardown_taskflow.py took 0.132 seconds
[2025-02-28T22:36:03.294+0200] {processor.py:186} INFO - Started process (PID=19769) to work on /Users/nampham/.pyenv/versions/3.12.9/lib/python3.12/site-packages/airflow/example_dags/example_setup_teardown_taskflow.py
[2025-02-28T22:36:03.295+0200] {processor.py:914} INFO - Processing file /Users/nampham/.pyenv/versions/3.12.9/lib/python3.12/site-packages/airflow/example_dags/example_setup_teardown_taskflow.py for tasks to queue
[2025-02-28T22:36:03.296+0200] {logging_mixin.py:190} INFO - [2025-02-28T22:36:03.296+0200] {dagbag.py:588} INFO - Filling up the DagBag from /Users/nampham/.pyenv/versions/3.12.9/lib/python3.12/site-packages/airflow/example_dags/example_setup_teardown_taskflow.py
[2025-02-28T22:36:03.335+0200] {processor.py:925} INFO - DAG(s) 'example_setup_teardown_taskflow' retrieved from /Users/nampham/.pyenv/versions/3.12.9/lib/python3.12/site-packages/airflow/example_dags/example_setup_teardown_taskflow.py
[2025-02-28T22:36:03.399+0200] {logging_mixin.py:190} INFO - [2025-02-28T22:36:03.399+0200] {override.py:1930} INFO - Created Permission View: can edit on DAG:example_setup_teardown_taskflow
[2025-02-28T22:36:03.402+0200] {logging_mixin.py:190} INFO - [2025-02-28T22:36:03.401+0200] {override.py:1930} INFO - Created Permission View: can delete on DAG:example_setup_teardown_taskflow
[2025-02-28T22:36:03.403+0200] {logging_mixin.py:190} INFO - [2025-02-28T22:36:03.403+0200] {override.py:1930} INFO - Created Permission View: can read on DAG:example_setup_teardown_taskflow
[2025-02-28T22:36:03.406+0200] {logging_mixin.py:190} INFO - [2025-02-28T22:36:03.406+0200] {override.py:1930} INFO - Created Permission View: menu access on DAG Run:example_setup_teardown_taskflow
[2025-02-28T22:36:03.408+0200] {logging_mixin.py:190} INFO - [2025-02-28T22:36:03.407+0200] {override.py:1930} INFO - Created Permission View: can create on DAG Run:example_setup_teardown_taskflow
[2025-02-28T22:36:03.409+0200] {logging_mixin.py:190} INFO - [2025-02-28T22:36:03.409+0200] {override.py:1930} INFO - Created Permission View: can delete on DAG Run:example_setup_teardown_taskflow
[2025-02-28T22:36:03.411+0200] {logging_mixin.py:190} INFO - [2025-02-28T22:36:03.411+0200] {override.py:1930} INFO - Created Permission View: can read on DAG Run:example_setup_teardown_taskflow
[2025-02-28T22:36:03.411+0200] {logging_mixin.py:190} INFO - [2025-02-28T22:36:03.411+0200] {dag.py:3239} INFO - Sync 1 DAGs
[2025-02-28T22:36:03.415+0200] {logging_mixin.py:190} INFO - [2025-02-28T22:36:03.415+0200] {dag.py:3262} INFO - Creating ORM DAG for example_setup_teardown_taskflow
[2025-02-28T22:36:03.415+0200] {logging_mixin.py:190} INFO - [2025-02-28T22:36:03.415+0200] {dag.py:4180} INFO - Setting next_dagrun for example_setup_teardown_taskflow to None, run_after=None
[2025-02-28T22:36:03.421+0200] {processor.py:208} INFO - Processing /Users/nampham/.pyenv/versions/3.12.9/lib/python3.12/site-packages/airflow/example_dags/example_setup_teardown_taskflow.py took 0.127 seconds
[2025-02-28T22:38:19.702+0200] {processor.py:186} INFO - Started process (PID=20287) to work on /Users/nampham/.pyenv/versions/3.12.9/lib/python3.12/site-packages/airflow/example_dags/example_setup_teardown_taskflow.py
[2025-02-28T22:38:19.703+0200] {processor.py:914} INFO - Processing file /Users/nampham/.pyenv/versions/3.12.9/lib/python3.12/site-packages/airflow/example_dags/example_setup_teardown_taskflow.py for tasks to queue
[2025-02-28T22:38:19.704+0200] {logging_mixin.py:190} INFO - [2025-02-28T22:38:19.704+0200] {dagbag.py:588} INFO - Filling up the DagBag from /Users/nampham/.pyenv/versions/3.12.9/lib/python3.12/site-packages/airflow/example_dags/example_setup_teardown_taskflow.py
[2025-02-28T22:38:19.741+0200] {processor.py:925} INFO - DAG(s) 'example_setup_teardown_taskflow' retrieved from /Users/nampham/.pyenv/versions/3.12.9/lib/python3.12/site-packages/airflow/example_dags/example_setup_teardown_taskflow.py
[2025-02-28T22:38:19.775+0200] {logging_mixin.py:190} INFO - [2025-02-28T22:38:19.775+0200] {dag.py:3239} INFO - Sync 1 DAGs
[2025-02-28T22:38:19.779+0200] {logging_mixin.py:190} INFO - [2025-02-28T22:38:19.779+0200] {dag.py:4180} INFO - Setting next_dagrun for example_setup_teardown_taskflow to None, run_after=None
[2025-02-28T22:38:19.785+0200] {processor.py:208} INFO - Processing /Users/nampham/.pyenv/versions/3.12.9/lib/python3.12/site-packages/airflow/example_dags/example_setup_teardown_taskflow.py took 0.084 seconds
[2025-02-28T22:41:10.715+0200] {processor.py:186} INFO - Started process (PID=20849) to work on /Users/nampham/.pyenv/versions/3.12.9/lib/python3.12/site-packages/airflow/example_dags/example_setup_teardown_taskflow.py
[2025-02-28T22:41:10.716+0200] {processor.py:914} INFO - Processing file /Users/nampham/.pyenv/versions/3.12.9/lib/python3.12/site-packages/airflow/example_dags/example_setup_teardown_taskflow.py for tasks to queue
[2025-02-28T22:41:10.716+0200] {logging_mixin.py:190} INFO - [2025-02-28T22:41:10.716+0200] {dagbag.py:588} INFO - Filling up the DagBag from /Users/nampham/.pyenv/versions/3.12.9/lib/python3.12/site-packages/airflow/example_dags/example_setup_teardown_taskflow.py
[2025-02-28T22:41:10.753+0200] {processor.py:925} INFO - DAG(s) 'example_setup_teardown_taskflow' retrieved from /Users/nampham/.pyenv/versions/3.12.9/lib/python3.12/site-packages/airflow/example_dags/example_setup_teardown_taskflow.py
[2025-02-28T22:41:10.788+0200] {logging_mixin.py:190} INFO - [2025-02-28T22:41:10.788+0200] {dag.py:3239} INFO - Sync 1 DAGs
[2025-02-28T22:41:10.791+0200] {logging_mixin.py:190} INFO - [2025-02-28T22:41:10.791+0200] {dag.py:4180} INFO - Setting next_dagrun for example_setup_teardown_taskflow to None, run_after=None
[2025-02-28T22:41:10.798+0200] {processor.py:208} INFO - Processing /Users/nampham/.pyenv/versions/3.12.9/lib/python3.12/site-packages/airflow/example_dags/example_setup_teardown_taskflow.py took 0.084 seconds
[2025-02-28T22:43:37.891+0200] {processor.py:186} INFO - Started process (PID=21373) to work on /Users/nampham/.pyenv/versions/3.12.9/lib/python3.12/site-packages/airflow/example_dags/example_setup_teardown_taskflow.py
[2025-02-28T22:43:37.891+0200] {processor.py:914} INFO - Processing file /Users/nampham/.pyenv/versions/3.12.9/lib/python3.12/site-packages/airflow/example_dags/example_setup_teardown_taskflow.py for tasks to queue
[2025-02-28T22:43:37.892+0200] {logging_mixin.py:190} INFO - [2025-02-28T22:43:37.892+0200] {dagbag.py:588} INFO - Filling up the DagBag from /Users/nampham/.pyenv/versions/3.12.9/lib/python3.12/site-packages/airflow/example_dags/example_setup_teardown_taskflow.py
[2025-02-28T22:43:37.930+0200] {processor.py:925} INFO - DAG(s) 'example_setup_teardown_taskflow' retrieved from /Users/nampham/.pyenv/versions/3.12.9/lib/python3.12/site-packages/airflow/example_dags/example_setup_teardown_taskflow.py
[2025-02-28T22:43:37.964+0200] {logging_mixin.py:190} INFO - [2025-02-28T22:43:37.964+0200] {dag.py:3239} INFO - Sync 1 DAGs
[2025-02-28T22:43:37.968+0200] {logging_mixin.py:190} INFO - [2025-02-28T22:43:37.968+0200] {dag.py:4180} INFO - Setting next_dagrun for example_setup_teardown_taskflow to None, run_after=None
[2025-02-28T22:43:37.974+0200] {processor.py:208} INFO - Processing /Users/nampham/.pyenv/versions/3.12.9/lib/python3.12/site-packages/airflow/example_dags/example_setup_teardown_taskflow.py took 0.084 seconds
[2025-02-28T22:46:37.633+0200] {processor.py:186} INFO - Started process (PID=21996) to work on /Users/nampham/.pyenv/versions/3.12.9/lib/python3.12/site-packages/airflow/example_dags/example_setup_teardown_taskflow.py
[2025-02-28T22:46:37.635+0200] {processor.py:914} INFO - Processing file /Users/nampham/.pyenv/versions/3.12.9/lib/python3.12/site-packages/airflow/example_dags/example_setup_teardown_taskflow.py for tasks to queue
[2025-02-28T22:46:37.635+0200] {logging_mixin.py:190} INFO - [2025-02-28T22:46:37.635+0200] {dagbag.py:588} INFO - Filling up the DagBag from /Users/nampham/.pyenv/versions/3.12.9/lib/python3.12/site-packages/airflow/example_dags/example_setup_teardown_taskflow.py
[2025-02-28T22:46:37.673+0200] {processor.py:925} INFO - DAG(s) 'example_setup_teardown_taskflow' retrieved from /Users/nampham/.pyenv/versions/3.12.9/lib/python3.12/site-packages/airflow/example_dags/example_setup_teardown_taskflow.py
[2025-02-28T22:46:37.708+0200] {logging_mixin.py:190} INFO - [2025-02-28T22:46:37.708+0200] {dag.py:3239} INFO - Sync 1 DAGs
[2025-02-28T22:46:37.712+0200] {logging_mixin.py:190} INFO - [2025-02-28T22:46:37.712+0200] {dag.py:4180} INFO - Setting next_dagrun for example_setup_teardown_taskflow to None, run_after=None
[2025-02-28T22:46:37.718+0200] {processor.py:208} INFO - Processing /Users/nampham/.pyenv/versions/3.12.9/lib/python3.12/site-packages/airflow/example_dags/example_setup_teardown_taskflow.py took 0.086 seconds
[2025-02-28T22:48:36.144+0200] {processor.py:186} INFO - Started process (PID=22301) to work on /Users/nampham/.pyenv/versions/3.12.9/lib/python3.12/site-packages/airflow/example_dags/example_setup_teardown_taskflow.py
[2025-02-28T22:48:36.145+0200] {processor.py:914} INFO - Processing file /Users/nampham/.pyenv/versions/3.12.9/lib/python3.12/site-packages/airflow/example_dags/example_setup_teardown_taskflow.py for tasks to queue
[2025-02-28T22:48:36.146+0200] {logging_mixin.py:190} INFO - [2025-02-28T22:48:36.145+0200] {dagbag.py:588} INFO - Filling up the DagBag from /Users/nampham/.pyenv/versions/3.12.9/lib/python3.12/site-packages/airflow/example_dags/example_setup_teardown_taskflow.py
[2025-02-28T22:48:36.183+0200] {processor.py:925} INFO - DAG(s) 'example_setup_teardown_taskflow' retrieved from /Users/nampham/.pyenv/versions/3.12.9/lib/python3.12/site-packages/airflow/example_dags/example_setup_teardown_taskflow.py
[2025-02-28T22:48:36.217+0200] {logging_mixin.py:190} INFO - [2025-02-28T22:48:36.216+0200] {dag.py:3239} INFO - Sync 1 DAGs
[2025-02-28T22:48:36.220+0200] {logging_mixin.py:190} INFO - [2025-02-28T22:48:36.220+0200] {dag.py:4180} INFO - Setting next_dagrun for example_setup_teardown_taskflow to None, run_after=None
[2025-02-28T22:48:36.226+0200] {processor.py:208} INFO - Processing /Users/nampham/.pyenv/versions/3.12.9/lib/python3.12/site-packages/airflow/example_dags/example_setup_teardown_taskflow.py took 0.083 seconds
[2025-02-28T22:56:36.869+0200] {processor.py:186} INFO - Started process (PID=23087) to work on /Users/nampham/.pyenv/versions/3.12.9/lib/python3.12/site-packages/airflow/example_dags/example_setup_teardown_taskflow.py
[2025-02-28T22:56:36.870+0200] {processor.py:914} INFO - Processing file /Users/nampham/.pyenv/versions/3.12.9/lib/python3.12/site-packages/airflow/example_dags/example_setup_teardown_taskflow.py for tasks to queue
[2025-02-28T22:56:36.870+0200] {logging_mixin.py:190} INFO - [2025-02-28T22:56:36.870+0200] {dagbag.py:588} INFO - Filling up the DagBag from /Users/nampham/.pyenv/versions/3.12.9/lib/python3.12/site-packages/airflow/example_dags/example_setup_teardown_taskflow.py
[2025-02-28T22:56:36.907+0200] {processor.py:925} INFO - DAG(s) 'example_setup_teardown_taskflow' retrieved from /Users/nampham/.pyenv/versions/3.12.9/lib/python3.12/site-packages/airflow/example_dags/example_setup_teardown_taskflow.py
[2025-02-28T22:56:36.941+0200] {logging_mixin.py:190} INFO - [2025-02-28T22:56:36.941+0200] {dag.py:3239} INFO - Sync 1 DAGs
[2025-02-28T22:56:36.945+0200] {logging_mixin.py:190} INFO - [2025-02-28T22:56:36.945+0200] {dag.py:4180} INFO - Setting next_dagrun for example_setup_teardown_taskflow to None, run_after=None
[2025-02-28T22:56:36.951+0200] {processor.py:208} INFO - Processing /Users/nampham/.pyenv/versions/3.12.9/lib/python3.12/site-packages/airflow/example_dags/example_setup_teardown_taskflow.py took 0.083 seconds
[2025-02-28T22:58:04.183+0200] {processor.py:186} INFO - Started process (PID=23372) to work on /Users/nampham/.pyenv/versions/3.12.9/lib/python3.12/site-packages/airflow/example_dags/example_setup_teardown_taskflow.py
[2025-02-28T22:58:04.183+0200] {processor.py:914} INFO - Processing file /Users/nampham/.pyenv/versions/3.12.9/lib/python3.12/site-packages/airflow/example_dags/example_setup_teardown_taskflow.py for tasks to queue
[2025-02-28T22:58:04.184+0200] {logging_mixin.py:190} INFO - [2025-02-28T22:58:04.184+0200] {dagbag.py:588} INFO - Filling up the DagBag from /Users/nampham/.pyenv/versions/3.12.9/lib/python3.12/site-packages/airflow/example_dags/example_setup_teardown_taskflow.py
[2025-02-28T22:58:04.221+0200] {processor.py:925} INFO - DAG(s) 'example_setup_teardown_taskflow' retrieved from /Users/nampham/.pyenv/versions/3.12.9/lib/python3.12/site-packages/airflow/example_dags/example_setup_teardown_taskflow.py
[2025-02-28T22:58:04.255+0200] {logging_mixin.py:190} INFO - [2025-02-28T22:58:04.255+0200] {dag.py:3239} INFO - Sync 1 DAGs
[2025-02-28T22:58:04.258+0200] {logging_mixin.py:190} INFO - [2025-02-28T22:58:04.258+0200] {dag.py:4180} INFO - Setting next_dagrun for example_setup_teardown_taskflow to None, run_after=None
[2025-02-28T22:58:04.265+0200] {processor.py:208} INFO - Processing /Users/nampham/.pyenv/versions/3.12.9/lib/python3.12/site-packages/airflow/example_dags/example_setup_teardown_taskflow.py took 0.083 seconds
[2025-02-28T22:59:22.573+0200] {processor.py:186} INFO - Started process (PID=23627) to work on /Users/nampham/.pyenv/versions/3.12.9/lib/python3.12/site-packages/airflow/example_dags/example_setup_teardown_taskflow.py
[2025-02-28T22:59:22.574+0200] {processor.py:914} INFO - Processing file /Users/nampham/.pyenv/versions/3.12.9/lib/python3.12/site-packages/airflow/example_dags/example_setup_teardown_taskflow.py for tasks to queue
[2025-02-28T22:59:22.574+0200] {logging_mixin.py:190} INFO - [2025-02-28T22:59:22.574+0200] {dagbag.py:588} INFO - Filling up the DagBag from /Users/nampham/.pyenv/versions/3.12.9/lib/python3.12/site-packages/airflow/example_dags/example_setup_teardown_taskflow.py
[2025-02-28T22:59:22.612+0200] {processor.py:925} INFO - DAG(s) 'example_setup_teardown_taskflow' retrieved from /Users/nampham/.pyenv/versions/3.12.9/lib/python3.12/site-packages/airflow/example_dags/example_setup_teardown_taskflow.py
[2025-02-28T22:59:22.645+0200] {logging_mixin.py:190} INFO - [2025-02-28T22:59:22.645+0200] {dag.py:3239} INFO - Sync 1 DAGs
[2025-02-28T22:59:22.649+0200] {logging_mixin.py:190} INFO - [2025-02-28T22:59:22.649+0200] {dag.py:4180} INFO - Setting next_dagrun for example_setup_teardown_taskflow to None, run_after=None
[2025-02-28T22:59:22.655+0200] {processor.py:208} INFO - Processing /Users/nampham/.pyenv/versions/3.12.9/lib/python3.12/site-packages/airflow/example_dags/example_setup_teardown_taskflow.py took 0.084 seconds
