[2025-02-28T18:25:34.957+0200] {processor.py:186} INFO - Started process (PID=93354) to work on /Users/nampham/.pyenv/versions/3.12.9/lib/python3.12/site-packages/airflow/example_dags/example_dynamic_task_mapping_with_no_taskflow_operators.py
[2025-02-28T18:25:34.958+0200] {processor.py:914} INFO - Processing file /Users/nampham/.pyenv/versions/3.12.9/lib/python3.12/site-packages/airflow/example_dags/example_dynamic_task_mapping_with_no_taskflow_operators.py for tasks to queue
[2025-02-28T18:25:34.958+0200] {logging_mixin.py:190} INFO - [2025-02-28T18:25:34.958+0200] {dagbag.py:588} INFO - Filling up the DagBag from /Users/nampham/.pyenv/versions/3.12.9/lib/python3.12/site-packages/airflow/example_dags/example_dynamic_task_mapping_with_no_taskflow_operators.py
[2025-02-28T18:25:34.962+0200] {processor.py:925} INFO - DAG(s) 'example_dynamic_task_mapping_with_no_taskflow_operators' retrieved from /Users/nampham/.pyenv/versions/3.12.9/lib/python3.12/site-packages/airflow/example_dags/example_dynamic_task_mapping_with_no_taskflow_operators.py
[2025-02-28T18:25:35.049+0200] {logging_mixin.py:190} INFO - [2025-02-28T18:25:35.049+0200] {override.py:1930} INFO - Created Permission View: can delete on DAG:example_dynamic_task_mapping_with_no_taskflow_operators
[2025-02-28T18:25:35.052+0200] {logging_mixin.py:190} INFO - [2025-02-28T18:25:35.052+0200] {override.py:1930} INFO - Created Permission View: can edit on DAG:example_dynamic_task_mapping_with_no_taskflow_operators
[2025-02-28T18:25:35.054+0200] {logging_mixin.py:190} INFO - [2025-02-28T18:25:35.054+0200] {override.py:1930} INFO - Created Permission View: can read on DAG:example_dynamic_task_mapping_with_no_taskflow_operators
[2025-02-28T18:25:35.057+0200] {logging_mixin.py:190} INFO - [2025-02-28T18:25:35.057+0200] {override.py:1930} INFO - Created Permission View: can delete on DAG Run:example_dynamic_task_mapping_with_no_taskflow_operators
[2025-02-28T18:25:35.058+0200] {logging_mixin.py:190} INFO - [2025-02-28T18:25:35.058+0200] {override.py:1930} INFO - Created Permission View: can create on DAG Run:example_dynamic_task_mapping_with_no_taskflow_operators
[2025-02-28T18:25:35.060+0200] {logging_mixin.py:190} INFO - [2025-02-28T18:25:35.060+0200] {override.py:1930} INFO - Created Permission View: menu access on DAG Run:example_dynamic_task_mapping_with_no_taskflow_operators
[2025-02-28T18:25:35.062+0200] {logging_mixin.py:190} INFO - [2025-02-28T18:25:35.062+0200] {override.py:1930} INFO - Created Permission View: can read on DAG Run:example_dynamic_task_mapping_with_no_taskflow_operators
[2025-02-28T18:25:35.062+0200] {logging_mixin.py:190} INFO - [2025-02-28T18:25:35.062+0200] {dag.py:3239} INFO - Sync 1 DAGs
[2025-02-28T18:25:35.066+0200] {logging_mixin.py:190} INFO - [2025-02-28T18:25:35.066+0200] {dag.py:3262} INFO - Creating ORM DAG for example_dynamic_task_mapping_with_no_taskflow_operators
[2025-02-28T18:25:35.066+0200] {logging_mixin.py:190} INFO - [2025-02-28T18:25:35.066+0200] {dag.py:4180} INFO - Setting next_dagrun for example_dynamic_task_mapping_with_no_taskflow_operators to None, run_after=None
[2025-02-28T18:25:35.071+0200] {processor.py:208} INFO - Processing /Users/nampham/.pyenv/versions/3.12.9/lib/python3.12/site-packages/airflow/example_dags/example_dynamic_task_mapping_with_no_taskflow_operators.py took 0.115 seconds
[2025-02-28T18:28:14.768+0200] {processor.py:186} INFO - Started process (PID=94008) to work on /Users/nampham/.pyenv/versions/3.12.9/lib/python3.12/site-packages/airflow/example_dags/example_dynamic_task_mapping_with_no_taskflow_operators.py
[2025-02-28T18:28:14.769+0200] {processor.py:914} INFO - Processing file /Users/nampham/.pyenv/versions/3.12.9/lib/python3.12/site-packages/airflow/example_dags/example_dynamic_task_mapping_with_no_taskflow_operators.py for tasks to queue
[2025-02-28T18:28:14.770+0200] {logging_mixin.py:190} INFO - [2025-02-28T18:28:14.770+0200] {dagbag.py:588} INFO - Filling up the DagBag from /Users/nampham/.pyenv/versions/3.12.9/lib/python3.12/site-packages/airflow/example_dags/example_dynamic_task_mapping_with_no_taskflow_operators.py
[2025-02-28T18:28:14.773+0200] {processor.py:925} INFO - DAG(s) 'example_dynamic_task_mapping_with_no_taskflow_operators' retrieved from /Users/nampham/.pyenv/versions/3.12.9/lib/python3.12/site-packages/airflow/example_dags/example_dynamic_task_mapping_with_no_taskflow_operators.py
[2025-02-28T18:28:14.830+0200] {logging_mixin.py:190} INFO - [2025-02-28T18:28:14.830+0200] {dag.py:3239} INFO - Sync 1 DAGs
[2025-02-28T18:28:14.834+0200] {logging_mixin.py:190} INFO - [2025-02-28T18:28:14.834+0200] {dag.py:4180} INFO - Setting next_dagrun for example_dynamic_task_mapping_with_no_taskflow_operators to None, run_after=None
[2025-02-28T18:28:14.841+0200] {processor.py:208} INFO - Processing /Users/nampham/.pyenv/versions/3.12.9/lib/python3.12/site-packages/airflow/example_dags/example_dynamic_task_mapping_with_no_taskflow_operators.py took 0.074 seconds
[2025-02-28T20:11:51.958+0200] {processor.py:186} INFO - Started process (PID=97524) to work on /Users/nampham/.pyenv/versions/3.12.9/lib/python3.12/site-packages/airflow/example_dags/example_dynamic_task_mapping_with_no_taskflow_operators.py
[2025-02-28T20:11:51.958+0200] {processor.py:914} INFO - Processing file /Users/nampham/.pyenv/versions/3.12.9/lib/python3.12/site-packages/airflow/example_dags/example_dynamic_task_mapping_with_no_taskflow_operators.py for tasks to queue
[2025-02-28T20:11:51.959+0200] {logging_mixin.py:190} INFO - [2025-02-28T20:11:51.959+0200] {dagbag.py:588} INFO - Filling up the DagBag from /Users/nampham/.pyenv/versions/3.12.9/lib/python3.12/site-packages/airflow/example_dags/example_dynamic_task_mapping_with_no_taskflow_operators.py
[2025-02-28T20:11:51.963+0200] {processor.py:925} INFO - DAG(s) 'example_dynamic_task_mapping_with_no_taskflow_operators' retrieved from /Users/nampham/.pyenv/versions/3.12.9/lib/python3.12/site-packages/airflow/example_dags/example_dynamic_task_mapping_with_no_taskflow_operators.py
[2025-02-28T20:11:52.066+0200] {logging_mixin.py:190} INFO - [2025-02-28T20:11:52.066+0200] {dag.py:3239} INFO - Sync 1 DAGs
[2025-02-28T20:11:52.070+0200] {logging_mixin.py:190} INFO - [2025-02-28T20:11:52.070+0200] {dag.py:4180} INFO - Setting next_dagrun for example_dynamic_task_mapping_with_no_taskflow_operators to None, run_after=None
[2025-02-28T20:11:52.077+0200] {processor.py:208} INFO - Processing /Users/nampham/.pyenv/versions/3.12.9/lib/python3.12/site-packages/airflow/example_dags/example_dynamic_task_mapping_with_no_taskflow_operators.py took 0.122 seconds
[2025-02-28T20:13:37.052+0200] {processor.py:186} INFO - Started process (PID=98071) to work on /Users/nampham/.pyenv/versions/3.12.9/lib/python3.12/site-packages/airflow/example_dags/example_dynamic_task_mapping_with_no_taskflow_operators.py
[2025-02-28T20:13:37.053+0200] {processor.py:914} INFO - Processing file /Users/nampham/.pyenv/versions/3.12.9/lib/python3.12/site-packages/airflow/example_dags/example_dynamic_task_mapping_with_no_taskflow_operators.py for tasks to queue
[2025-02-28T20:13:37.054+0200] {logging_mixin.py:190} INFO - [2025-02-28T20:13:37.054+0200] {dagbag.py:588} INFO - Filling up the DagBag from /Users/nampham/.pyenv/versions/3.12.9/lib/python3.12/site-packages/airflow/example_dags/example_dynamic_task_mapping_with_no_taskflow_operators.py
[2025-02-28T20:13:37.057+0200] {processor.py:925} INFO - DAG(s) 'example_dynamic_task_mapping_with_no_taskflow_operators' retrieved from /Users/nampham/.pyenv/versions/3.12.9/lib/python3.12/site-packages/airflow/example_dags/example_dynamic_task_mapping_with_no_taskflow_operators.py
[2025-02-28T20:13:37.115+0200] {logging_mixin.py:190} INFO - [2025-02-28T20:13:37.115+0200] {dag.py:3239} INFO - Sync 1 DAGs
[2025-02-28T20:13:37.119+0200] {logging_mixin.py:190} INFO - [2025-02-28T20:13:37.119+0200] {dag.py:4180} INFO - Setting next_dagrun for example_dynamic_task_mapping_with_no_taskflow_operators to None, run_after=None
[2025-02-28T20:13:37.126+0200] {processor.py:208} INFO - Processing /Users/nampham/.pyenv/versions/3.12.9/lib/python3.12/site-packages/airflow/example_dags/example_dynamic_task_mapping_with_no_taskflow_operators.py took 0.075 seconds
[2025-02-28T20:16:15.247+0200] {processor.py:186} INFO - Started process (PID=98661) to work on /Users/nampham/.pyenv/versions/3.12.9/lib/python3.12/site-packages/airflow/example_dags/example_dynamic_task_mapping_with_no_taskflow_operators.py
[2025-02-28T20:16:15.249+0200] {processor.py:914} INFO - Processing file /Users/nampham/.pyenv/versions/3.12.9/lib/python3.12/site-packages/airflow/example_dags/example_dynamic_task_mapping_with_no_taskflow_operators.py for tasks to queue
[2025-02-28T20:16:15.249+0200] {logging_mixin.py:190} INFO - [2025-02-28T20:16:15.249+0200] {dagbag.py:588} INFO - Filling up the DagBag from /Users/nampham/.pyenv/versions/3.12.9/lib/python3.12/site-packages/airflow/example_dags/example_dynamic_task_mapping_with_no_taskflow_operators.py
[2025-02-28T20:16:15.252+0200] {processor.py:925} INFO - DAG(s) 'example_dynamic_task_mapping_with_no_taskflow_operators' retrieved from /Users/nampham/.pyenv/versions/3.12.9/lib/python3.12/site-packages/airflow/example_dags/example_dynamic_task_mapping_with_no_taskflow_operators.py
[2025-02-28T20:16:15.309+0200] {logging_mixin.py:190} INFO - [2025-02-28T20:16:15.309+0200] {dag.py:3239} INFO - Sync 1 DAGs
[2025-02-28T20:16:15.313+0200] {logging_mixin.py:190} INFO - [2025-02-28T20:16:15.313+0200] {dag.py:4180} INFO - Setting next_dagrun for example_dynamic_task_mapping_with_no_taskflow_operators to None, run_after=None
[2025-02-28T20:16:15.320+0200] {processor.py:208} INFO - Processing /Users/nampham/.pyenv/versions/3.12.9/lib/python3.12/site-packages/airflow/example_dags/example_dynamic_task_mapping_with_no_taskflow_operators.py took 0.074 seconds
[2025-02-28T20:19:18.034+0200] {processor.py:186} INFO - Started process (PID=99440) to work on /Users/nampham/.pyenv/versions/3.12.9/lib/python3.12/site-packages/airflow/example_dags/example_dynamic_task_mapping_with_no_taskflow_operators.py
[2025-02-28T20:19:18.035+0200] {processor.py:914} INFO - Processing file /Users/nampham/.pyenv/versions/3.12.9/lib/python3.12/site-packages/airflow/example_dags/example_dynamic_task_mapping_with_no_taskflow_operators.py for tasks to queue
[2025-02-28T20:19:18.035+0200] {logging_mixin.py:190} INFO - [2025-02-28T20:19:18.035+0200] {dagbag.py:588} INFO - Filling up the DagBag from /Users/nampham/.pyenv/versions/3.12.9/lib/python3.12/site-packages/airflow/example_dags/example_dynamic_task_mapping_with_no_taskflow_operators.py
[2025-02-28T20:19:18.039+0200] {processor.py:925} INFO - DAG(s) 'example_dynamic_task_mapping_with_no_taskflow_operators' retrieved from /Users/nampham/.pyenv/versions/3.12.9/lib/python3.12/site-packages/airflow/example_dags/example_dynamic_task_mapping_with_no_taskflow_operators.py
[2025-02-28T20:19:18.096+0200] {logging_mixin.py:190} INFO - [2025-02-28T20:19:18.096+0200] {dag.py:3239} INFO - Sync 1 DAGs
[2025-02-28T20:19:18.101+0200] {logging_mixin.py:190} INFO - [2025-02-28T20:19:18.100+0200] {dag.py:4180} INFO - Setting next_dagrun for example_dynamic_task_mapping_with_no_taskflow_operators to None, run_after=None
[2025-02-28T20:19:18.107+0200] {processor.py:208} INFO - Processing /Users/nampham/.pyenv/versions/3.12.9/lib/python3.12/site-packages/airflow/example_dags/example_dynamic_task_mapping_with_no_taskflow_operators.py took 0.074 seconds
[2025-02-28T20:21:08.230+0200] {processor.py:186} INFO - Started process (PID=99886) to work on /Users/nampham/.pyenv/versions/3.12.9/lib/python3.12/site-packages/airflow/example_dags/example_dynamic_task_mapping_with_no_taskflow_operators.py
[2025-02-28T20:21:08.231+0200] {processor.py:914} INFO - Processing file /Users/nampham/.pyenv/versions/3.12.9/lib/python3.12/site-packages/airflow/example_dags/example_dynamic_task_mapping_with_no_taskflow_operators.py for tasks to queue
[2025-02-28T20:21:08.231+0200] {logging_mixin.py:190} INFO - [2025-02-28T20:21:08.231+0200] {dagbag.py:588} INFO - Filling up the DagBag from /Users/nampham/.pyenv/versions/3.12.9/lib/python3.12/site-packages/airflow/example_dags/example_dynamic_task_mapping_with_no_taskflow_operators.py
[2025-02-28T20:21:08.235+0200] {processor.py:925} INFO - DAG(s) 'example_dynamic_task_mapping_with_no_taskflow_operators' retrieved from /Users/nampham/.pyenv/versions/3.12.9/lib/python3.12/site-packages/airflow/example_dags/example_dynamic_task_mapping_with_no_taskflow_operators.py
[2025-02-28T20:21:08.292+0200] {logging_mixin.py:190} INFO - [2025-02-28T20:21:08.292+0200] {dag.py:3239} INFO - Sync 1 DAGs
[2025-02-28T20:21:08.296+0200] {logging_mixin.py:190} INFO - [2025-02-28T20:21:08.296+0200] {dag.py:4180} INFO - Setting next_dagrun for example_dynamic_task_mapping_with_no_taskflow_operators to None, run_after=None
[2025-02-28T20:21:08.302+0200] {processor.py:208} INFO - Processing /Users/nampham/.pyenv/versions/3.12.9/lib/python3.12/site-packages/airflow/example_dags/example_dynamic_task_mapping_with_no_taskflow_operators.py took 0.073 seconds
[2025-02-28T21:28:29.633+0200] {processor.py:186} INFO - Started process (PID=5666) to work on /Users/nampham/.pyenv/versions/3.12.9/lib/python3.12/site-packages/airflow/example_dags/example_dynamic_task_mapping_with_no_taskflow_operators.py
[2025-02-28T21:28:29.633+0200] {processor.py:914} INFO - Processing file /Users/nampham/.pyenv/versions/3.12.9/lib/python3.12/site-packages/airflow/example_dags/example_dynamic_task_mapping_with_no_taskflow_operators.py for tasks to queue
[2025-02-28T21:28:29.634+0200] {logging_mixin.py:190} INFO - [2025-02-28T21:28:29.634+0200] {dagbag.py:588} INFO - Filling up the DagBag from /Users/nampham/.pyenv/versions/3.12.9/lib/python3.12/site-packages/airflow/example_dags/example_dynamic_task_mapping_with_no_taskflow_operators.py
[2025-02-28T21:28:29.637+0200] {processor.py:925} INFO - DAG(s) 'example_dynamic_task_mapping_with_no_taskflow_operators' retrieved from /Users/nampham/.pyenv/versions/3.12.9/lib/python3.12/site-packages/airflow/example_dags/example_dynamic_task_mapping_with_no_taskflow_operators.py
[2025-02-28T21:28:29.694+0200] {logging_mixin.py:190} INFO - [2025-02-28T21:28:29.693+0200] {dag.py:3239} INFO - Sync 1 DAGs
[2025-02-28T21:28:29.698+0200] {logging_mixin.py:190} INFO - [2025-02-28T21:28:29.698+0200] {dag.py:4180} INFO - Setting next_dagrun for example_dynamic_task_mapping_with_no_taskflow_operators to None, run_after=None
[2025-02-28T21:28:29.704+0200] {processor.py:208} INFO - Processing /Users/nampham/.pyenv/versions/3.12.9/lib/python3.12/site-packages/airflow/example_dags/example_dynamic_task_mapping_with_no_taskflow_operators.py took 0.072 seconds
[2025-02-28T21:31:15.297+0200] {processor.py:186} INFO - Started process (PID=6319) to work on /Users/nampham/.pyenv/versions/3.12.9/lib/python3.12/site-packages/airflow/example_dags/example_dynamic_task_mapping_with_no_taskflow_operators.py
[2025-02-28T21:31:15.298+0200] {processor.py:914} INFO - Processing file /Users/nampham/.pyenv/versions/3.12.9/lib/python3.12/site-packages/airflow/example_dags/example_dynamic_task_mapping_with_no_taskflow_operators.py for tasks to queue
[2025-02-28T21:31:15.298+0200] {logging_mixin.py:190} INFO - [2025-02-28T21:31:15.298+0200] {dagbag.py:588} INFO - Filling up the DagBag from /Users/nampham/.pyenv/versions/3.12.9/lib/python3.12/site-packages/airflow/example_dags/example_dynamic_task_mapping_with_no_taskflow_operators.py
[2025-02-28T21:31:15.301+0200] {processor.py:925} INFO - DAG(s) 'example_dynamic_task_mapping_with_no_taskflow_operators' retrieved from /Users/nampham/.pyenv/versions/3.12.9/lib/python3.12/site-packages/airflow/example_dags/example_dynamic_task_mapping_with_no_taskflow_operators.py
[2025-02-28T21:31:15.358+0200] {logging_mixin.py:190} INFO - [2025-02-28T21:31:15.358+0200] {dag.py:3239} INFO - Sync 1 DAGs
[2025-02-28T21:31:15.362+0200] {logging_mixin.py:190} INFO - [2025-02-28T21:31:15.362+0200] {dag.py:4180} INFO - Setting next_dagrun for example_dynamic_task_mapping_with_no_taskflow_operators to None, run_after=None
[2025-02-28T21:31:15.368+0200] {processor.py:208} INFO - Processing /Users/nampham/.pyenv/versions/3.12.9/lib/python3.12/site-packages/airflow/example_dags/example_dynamic_task_mapping_with_no_taskflow_operators.py took 0.073 seconds
[2025-02-28T21:33:53.303+0200] {processor.py:186} INFO - Started process (PID=7145) to work on /Users/nampham/.pyenv/versions/3.12.9/lib/python3.12/site-packages/airflow/example_dags/example_dynamic_task_mapping_with_no_taskflow_operators.py
[2025-02-28T21:33:53.303+0200] {processor.py:914} INFO - Processing file /Users/nampham/.pyenv/versions/3.12.9/lib/python3.12/site-packages/airflow/example_dags/example_dynamic_task_mapping_with_no_taskflow_operators.py for tasks to queue
[2025-02-28T21:33:53.304+0200] {logging_mixin.py:190} INFO - [2025-02-28T21:33:53.304+0200] {dagbag.py:588} INFO - Filling up the DagBag from /Users/nampham/.pyenv/versions/3.12.9/lib/python3.12/site-packages/airflow/example_dags/example_dynamic_task_mapping_with_no_taskflow_operators.py
[2025-02-28T21:33:53.307+0200] {processor.py:925} INFO - DAG(s) 'example_dynamic_task_mapping_with_no_taskflow_operators' retrieved from /Users/nampham/.pyenv/versions/3.12.9/lib/python3.12/site-packages/airflow/example_dags/example_dynamic_task_mapping_with_no_taskflow_operators.py
[2025-02-28T21:33:53.365+0200] {logging_mixin.py:190} INFO - [2025-02-28T21:33:53.365+0200] {dag.py:3239} INFO - Sync 1 DAGs
[2025-02-28T21:33:53.369+0200] {logging_mixin.py:190} INFO - [2025-02-28T21:33:53.369+0200] {dag.py:4180} INFO - Setting next_dagrun for example_dynamic_task_mapping_with_no_taskflow_operators to None, run_after=None
[2025-02-28T21:33:53.375+0200] {processor.py:208} INFO - Processing /Users/nampham/.pyenv/versions/3.12.9/lib/python3.12/site-packages/airflow/example_dags/example_dynamic_task_mapping_with_no_taskflow_operators.py took 0.074 seconds
[2025-02-28T21:37:40.065+0200] {processor.py:186} INFO - Started process (PID=8029) to work on /Users/nampham/.pyenv/versions/3.12.9/lib/python3.12/site-packages/airflow/example_dags/example_dynamic_task_mapping_with_no_taskflow_operators.py
[2025-02-28T21:37:40.066+0200] {processor.py:914} INFO - Processing file /Users/nampham/.pyenv/versions/3.12.9/lib/python3.12/site-packages/airflow/example_dags/example_dynamic_task_mapping_with_no_taskflow_operators.py for tasks to queue
[2025-02-28T21:37:40.067+0200] {logging_mixin.py:190} INFO - [2025-02-28T21:37:40.067+0200] {dagbag.py:588} INFO - Filling up the DagBag from /Users/nampham/.pyenv/versions/3.12.9/lib/python3.12/site-packages/airflow/example_dags/example_dynamic_task_mapping_with_no_taskflow_operators.py
[2025-02-28T21:37:40.070+0200] {processor.py:925} INFO - DAG(s) 'example_dynamic_task_mapping_with_no_taskflow_operators' retrieved from /Users/nampham/.pyenv/versions/3.12.9/lib/python3.12/site-packages/airflow/example_dags/example_dynamic_task_mapping_with_no_taskflow_operators.py
[2025-02-28T21:37:40.171+0200] {logging_mixin.py:190} INFO - [2025-02-28T21:37:40.171+0200] {override.py:1930} INFO - Created Permission View: can read on DAG:example_dynamic_task_mapping_with_no_taskflow_operators
[2025-02-28T21:37:40.175+0200] {logging_mixin.py:190} INFO - [2025-02-28T21:37:40.175+0200] {override.py:1930} INFO - Created Permission View: can edit on DAG:example_dynamic_task_mapping_with_no_taskflow_operators
[2025-02-28T21:37:40.177+0200] {logging_mixin.py:190} INFO - [2025-02-28T21:37:40.177+0200] {override.py:1930} INFO - Created Permission View: can delete on DAG:example_dynamic_task_mapping_with_no_taskflow_operators
[2025-02-28T21:37:40.180+0200] {logging_mixin.py:190} INFO - [2025-02-28T21:37:40.180+0200] {override.py:1930} INFO - Created Permission View: can read on DAG Run:example_dynamic_task_mapping_with_no_taskflow_operators
[2025-02-28T21:37:40.182+0200] {logging_mixin.py:190} INFO - [2025-02-28T21:37:40.182+0200] {override.py:1930} INFO - Created Permission View: can delete on DAG Run:example_dynamic_task_mapping_with_no_taskflow_operators
[2025-02-28T21:37:40.184+0200] {logging_mixin.py:190} INFO - [2025-02-28T21:37:40.184+0200] {override.py:1930} INFO - Created Permission View: menu access on DAG Run:example_dynamic_task_mapping_with_no_taskflow_operators
[2025-02-28T21:37:40.186+0200] {logging_mixin.py:190} INFO - [2025-02-28T21:37:40.186+0200] {override.py:1930} INFO - Created Permission View: can create on DAG Run:example_dynamic_task_mapping_with_no_taskflow_operators
[2025-02-28T21:37:40.187+0200] {logging_mixin.py:190} INFO - [2025-02-28T21:37:40.187+0200] {dag.py:3239} INFO - Sync 1 DAGs
[2025-02-28T21:37:40.191+0200] {logging_mixin.py:190} INFO - [2025-02-28T21:37:40.191+0200] {dag.py:3262} INFO - Creating ORM DAG for example_dynamic_task_mapping_with_no_taskflow_operators
[2025-02-28T21:37:40.191+0200] {logging_mixin.py:190} INFO - [2025-02-28T21:37:40.191+0200] {dag.py:4180} INFO - Setting next_dagrun for example_dynamic_task_mapping_with_no_taskflow_operators to None, run_after=None
[2025-02-28T21:37:40.196+0200] {processor.py:208} INFO - Processing /Users/nampham/.pyenv/versions/3.12.9/lib/python3.12/site-packages/airflow/example_dags/example_dynamic_task_mapping_with_no_taskflow_operators.py took 0.132 seconds
[2025-02-28T21:40:17.124+0200] {processor.py:186} INFO - Started process (PID=8639) to work on /Users/nampham/.pyenv/versions/3.12.9/lib/python3.12/site-packages/airflow/example_dags/example_dynamic_task_mapping_with_no_taskflow_operators.py
[2025-02-28T21:40:17.125+0200] {processor.py:914} INFO - Processing file /Users/nampham/.pyenv/versions/3.12.9/lib/python3.12/site-packages/airflow/example_dags/example_dynamic_task_mapping_with_no_taskflow_operators.py for tasks to queue
[2025-02-28T21:40:17.126+0200] {logging_mixin.py:190} INFO - [2025-02-28T21:40:17.125+0200] {dagbag.py:588} INFO - Filling up the DagBag from /Users/nampham/.pyenv/versions/3.12.9/lib/python3.12/site-packages/airflow/example_dags/example_dynamic_task_mapping_with_no_taskflow_operators.py
[2025-02-28T21:40:17.129+0200] {processor.py:925} INFO - DAG(s) 'example_dynamic_task_mapping_with_no_taskflow_operators' retrieved from /Users/nampham/.pyenv/versions/3.12.9/lib/python3.12/site-packages/airflow/example_dags/example_dynamic_task_mapping_with_no_taskflow_operators.py
[2025-02-28T21:40:17.193+0200] {logging_mixin.py:190} INFO - [2025-02-28T21:40:17.193+0200] {dag.py:3239} INFO - Sync 1 DAGs
[2025-02-28T21:40:17.198+0200] {logging_mixin.py:190} INFO - [2025-02-28T21:40:17.198+0200] {dag.py:4180} INFO - Setting next_dagrun for example_dynamic_task_mapping_with_no_taskflow_operators to None, run_after=None
[2025-02-28T21:40:17.207+0200] {processor.py:208} INFO - Processing /Users/nampham/.pyenv/versions/3.12.9/lib/python3.12/site-packages/airflow/example_dags/example_dynamic_task_mapping_with_no_taskflow_operators.py took 0.084 seconds
[2025-02-28T22:28:33.063+0200] {processor.py:186} INFO - Started process (PID=18248) to work on /Users/nampham/.pyenv/versions/3.12.9/lib/python3.12/site-packages/airflow/example_dags/example_dynamic_task_mapping_with_no_taskflow_operators.py
[2025-02-28T22:28:33.065+0200] {processor.py:914} INFO - Processing file /Users/nampham/.pyenv/versions/3.12.9/lib/python3.12/site-packages/airflow/example_dags/example_dynamic_task_mapping_with_no_taskflow_operators.py for tasks to queue
[2025-02-28T22:28:33.065+0200] {logging_mixin.py:190} INFO - [2025-02-28T22:28:33.065+0200] {dagbag.py:588} INFO - Filling up the DagBag from /Users/nampham/.pyenv/versions/3.12.9/lib/python3.12/site-packages/airflow/example_dags/example_dynamic_task_mapping_with_no_taskflow_operators.py
[2025-02-28T22:28:33.068+0200] {processor.py:925} INFO - DAG(s) 'example_dynamic_task_mapping_with_no_taskflow_operators' retrieved from /Users/nampham/.pyenv/versions/3.12.9/lib/python3.12/site-packages/airflow/example_dags/example_dynamic_task_mapping_with_no_taskflow_operators.py
[2025-02-28T22:28:33.157+0200] {logging_mixin.py:190} INFO - [2025-02-28T22:28:33.157+0200] {override.py:1930} INFO - Created Permission View: can edit on DAG:example_dynamic_task_mapping_with_no_taskflow_operators
[2025-02-28T22:28:33.160+0200] {logging_mixin.py:190} INFO - [2025-02-28T22:28:33.160+0200] {override.py:1930} INFO - Created Permission View: can delete on DAG:example_dynamic_task_mapping_with_no_taskflow_operators
[2025-02-28T22:28:33.162+0200] {logging_mixin.py:190} INFO - [2025-02-28T22:28:33.162+0200] {override.py:1930} INFO - Created Permission View: can read on DAG:example_dynamic_task_mapping_with_no_taskflow_operators
[2025-02-28T22:28:33.164+0200] {logging_mixin.py:190} INFO - [2025-02-28T22:28:33.164+0200] {override.py:1930} INFO - Created Permission View: menu access on DAG Run:example_dynamic_task_mapping_with_no_taskflow_operators
[2025-02-28T22:28:33.166+0200] {logging_mixin.py:190} INFO - [2025-02-28T22:28:33.166+0200] {override.py:1930} INFO - Created Permission View: can create on DAG Run:example_dynamic_task_mapping_with_no_taskflow_operators
[2025-02-28T22:28:33.168+0200] {logging_mixin.py:190} INFO - [2025-02-28T22:28:33.168+0200] {override.py:1930} INFO - Created Permission View: can delete on DAG Run:example_dynamic_task_mapping_with_no_taskflow_operators
[2025-02-28T22:28:33.169+0200] {logging_mixin.py:190} INFO - [2025-02-28T22:28:33.169+0200] {override.py:1930} INFO - Created Permission View: can read on DAG Run:example_dynamic_task_mapping_with_no_taskflow_operators
[2025-02-28T22:28:33.169+0200] {logging_mixin.py:190} INFO - [2025-02-28T22:28:33.169+0200] {dag.py:3239} INFO - Sync 1 DAGs
[2025-02-28T22:28:33.173+0200] {logging_mixin.py:190} INFO - [2025-02-28T22:28:33.173+0200] {dag.py:3262} INFO - Creating ORM DAG for example_dynamic_task_mapping_with_no_taskflow_operators
[2025-02-28T22:28:33.173+0200] {logging_mixin.py:190} INFO - [2025-02-28T22:28:33.173+0200] {dag.py:4180} INFO - Setting next_dagrun for example_dynamic_task_mapping_with_no_taskflow_operators to None, run_after=None
[2025-02-28T22:28:33.178+0200] {processor.py:208} INFO - Processing /Users/nampham/.pyenv/versions/3.12.9/lib/python3.12/site-packages/airflow/example_dags/example_dynamic_task_mapping_with_no_taskflow_operators.py took 0.116 seconds
[2025-02-28T22:36:36.603+0200] {processor.py:186} INFO - Started process (PID=19908) to work on /Users/nampham/.pyenv/versions/3.12.9/lib/python3.12/site-packages/airflow/example_dags/example_dynamic_task_mapping_with_no_taskflow_operators.py
[2025-02-28T22:36:36.603+0200] {processor.py:914} INFO - Processing file /Users/nampham/.pyenv/versions/3.12.9/lib/python3.12/site-packages/airflow/example_dags/example_dynamic_task_mapping_with_no_taskflow_operators.py for tasks to queue
[2025-02-28T22:36:36.604+0200] {logging_mixin.py:190} INFO - [2025-02-28T22:36:36.604+0200] {dagbag.py:588} INFO - Filling up the DagBag from /Users/nampham/.pyenv/versions/3.12.9/lib/python3.12/site-packages/airflow/example_dags/example_dynamic_task_mapping_with_no_taskflow_operators.py
[2025-02-28T22:36:36.607+0200] {processor.py:925} INFO - DAG(s) 'example_dynamic_task_mapping_with_no_taskflow_operators' retrieved from /Users/nampham/.pyenv/versions/3.12.9/lib/python3.12/site-packages/airflow/example_dags/example_dynamic_task_mapping_with_no_taskflow_operators.py
[2025-02-28T22:36:36.706+0200] {logging_mixin.py:190} INFO - [2025-02-28T22:36:36.706+0200] {override.py:1930} INFO - Created Permission View: can read on DAG:example_dynamic_task_mapping_with_no_taskflow_operators
[2025-02-28T22:36:36.709+0200] {logging_mixin.py:190} INFO - [2025-02-28T22:36:36.709+0200] {override.py:1930} INFO - Created Permission View: can delete on DAG:example_dynamic_task_mapping_with_no_taskflow_operators
[2025-02-28T22:36:36.711+0200] {logging_mixin.py:190} INFO - [2025-02-28T22:36:36.711+0200] {override.py:1930} INFO - Created Permission View: can edit on DAG:example_dynamic_task_mapping_with_no_taskflow_operators
[2025-02-28T22:36:36.713+0200] {logging_mixin.py:190} INFO - [2025-02-28T22:36:36.713+0200] {override.py:1930} INFO - Created Permission View: can read on DAG Run:example_dynamic_task_mapping_with_no_taskflow_operators
[2025-02-28T22:36:36.715+0200] {logging_mixin.py:190} INFO - [2025-02-28T22:36:36.715+0200] {override.py:1930} INFO - Created Permission View: menu access on DAG Run:example_dynamic_task_mapping_with_no_taskflow_operators
[2025-02-28T22:36:36.717+0200] {logging_mixin.py:190} INFO - [2025-02-28T22:36:36.717+0200] {override.py:1930} INFO - Created Permission View: can create on DAG Run:example_dynamic_task_mapping_with_no_taskflow_operators
[2025-02-28T22:36:36.719+0200] {logging_mixin.py:190} INFO - [2025-02-28T22:36:36.718+0200] {override.py:1930} INFO - Created Permission View: can delete on DAG Run:example_dynamic_task_mapping_with_no_taskflow_operators
[2025-02-28T22:36:36.719+0200] {logging_mixin.py:190} INFO - [2025-02-28T22:36:36.719+0200] {dag.py:3239} INFO - Sync 1 DAGs
[2025-02-28T22:36:36.723+0200] {logging_mixin.py:190} INFO - [2025-02-28T22:36:36.722+0200] {dag.py:3262} INFO - Creating ORM DAG for example_dynamic_task_mapping_with_no_taskflow_operators
[2025-02-28T22:36:36.723+0200] {logging_mixin.py:190} INFO - [2025-02-28T22:36:36.723+0200] {dag.py:4180} INFO - Setting next_dagrun for example_dynamic_task_mapping_with_no_taskflow_operators to None, run_after=None
[2025-02-28T22:36:36.728+0200] {processor.py:208} INFO - Processing /Users/nampham/.pyenv/versions/3.12.9/lib/python3.12/site-packages/airflow/example_dags/example_dynamic_task_mapping_with_no_taskflow_operators.py took 0.127 seconds
[2025-02-28T22:39:33.528+0200] {processor.py:186} INFO - Started process (PID=20534) to work on /Users/nampham/.pyenv/versions/3.12.9/lib/python3.12/site-packages/airflow/example_dags/example_dynamic_task_mapping_with_no_taskflow_operators.py
[2025-02-28T22:39:33.529+0200] {processor.py:914} INFO - Processing file /Users/nampham/.pyenv/versions/3.12.9/lib/python3.12/site-packages/airflow/example_dags/example_dynamic_task_mapping_with_no_taskflow_operators.py for tasks to queue
[2025-02-28T22:39:33.530+0200] {logging_mixin.py:190} INFO - [2025-02-28T22:39:33.529+0200] {dagbag.py:588} INFO - Filling up the DagBag from /Users/nampham/.pyenv/versions/3.12.9/lib/python3.12/site-packages/airflow/example_dags/example_dynamic_task_mapping_with_no_taskflow_operators.py
[2025-02-28T22:39:33.533+0200] {processor.py:925} INFO - DAG(s) 'example_dynamic_task_mapping_with_no_taskflow_operators' retrieved from /Users/nampham/.pyenv/versions/3.12.9/lib/python3.12/site-packages/airflow/example_dags/example_dynamic_task_mapping_with_no_taskflow_operators.py
[2025-02-28T22:39:33.589+0200] {logging_mixin.py:190} INFO - [2025-02-28T22:39:33.589+0200] {dag.py:3239} INFO - Sync 1 DAGs
[2025-02-28T22:39:33.593+0200] {logging_mixin.py:190} INFO - [2025-02-28T22:39:33.593+0200] {dag.py:4180} INFO - Setting next_dagrun for example_dynamic_task_mapping_with_no_taskflow_operators to None, run_after=None
[2025-02-28T22:39:33.599+0200] {processor.py:208} INFO - Processing /Users/nampham/.pyenv/versions/3.12.9/lib/python3.12/site-packages/airflow/example_dags/example_dynamic_task_mapping_with_no_taskflow_operators.py took 0.073 seconds
[2025-02-28T22:42:20.523+0200] {processor.py:186} INFO - Started process (PID=21083) to work on /Users/nampham/.pyenv/versions/3.12.9/lib/python3.12/site-packages/airflow/example_dags/example_dynamic_task_mapping_with_no_taskflow_operators.py
[2025-02-28T22:42:20.524+0200] {processor.py:914} INFO - Processing file /Users/nampham/.pyenv/versions/3.12.9/lib/python3.12/site-packages/airflow/example_dags/example_dynamic_task_mapping_with_no_taskflow_operators.py for tasks to queue
[2025-02-28T22:42:20.524+0200] {logging_mixin.py:190} INFO - [2025-02-28T22:42:20.524+0200] {dagbag.py:588} INFO - Filling up the DagBag from /Users/nampham/.pyenv/versions/3.12.9/lib/python3.12/site-packages/airflow/example_dags/example_dynamic_task_mapping_with_no_taskflow_operators.py
[2025-02-28T22:42:20.527+0200] {processor.py:925} INFO - DAG(s) 'example_dynamic_task_mapping_with_no_taskflow_operators' retrieved from /Users/nampham/.pyenv/versions/3.12.9/lib/python3.12/site-packages/airflow/example_dags/example_dynamic_task_mapping_with_no_taskflow_operators.py
[2025-02-28T22:42:20.583+0200] {logging_mixin.py:190} INFO - [2025-02-28T22:42:20.583+0200] {dag.py:3239} INFO - Sync 1 DAGs
[2025-02-28T22:42:20.587+0200] {logging_mixin.py:190} INFO - [2025-02-28T22:42:20.587+0200] {dag.py:4180} INFO - Setting next_dagrun for example_dynamic_task_mapping_with_no_taskflow_operators to None, run_after=None
[2025-02-28T22:42:20.593+0200] {processor.py:208} INFO - Processing /Users/nampham/.pyenv/versions/3.12.9/lib/python3.12/site-packages/airflow/example_dags/example_dynamic_task_mapping_with_no_taskflow_operators.py took 0.071 seconds
[2025-02-28T22:44:54.421+0200] {processor.py:186} INFO - Started process (PID=21653) to work on /Users/nampham/.pyenv/versions/3.12.9/lib/python3.12/site-packages/airflow/example_dags/example_dynamic_task_mapping_with_no_taskflow_operators.py
[2025-02-28T22:44:54.422+0200] {processor.py:914} INFO - Processing file /Users/nampham/.pyenv/versions/3.12.9/lib/python3.12/site-packages/airflow/example_dags/example_dynamic_task_mapping_with_no_taskflow_operators.py for tasks to queue
[2025-02-28T22:44:54.423+0200] {logging_mixin.py:190} INFO - [2025-02-28T22:44:54.422+0200] {dagbag.py:588} INFO - Filling up the DagBag from /Users/nampham/.pyenv/versions/3.12.9/lib/python3.12/site-packages/airflow/example_dags/example_dynamic_task_mapping_with_no_taskflow_operators.py
[2025-02-28T22:44:54.426+0200] {processor.py:925} INFO - DAG(s) 'example_dynamic_task_mapping_with_no_taskflow_operators' retrieved from /Users/nampham/.pyenv/versions/3.12.9/lib/python3.12/site-packages/airflow/example_dags/example_dynamic_task_mapping_with_no_taskflow_operators.py
[2025-02-28T22:44:54.482+0200] {logging_mixin.py:190} INFO - [2025-02-28T22:44:54.482+0200] {dag.py:3239} INFO - Sync 1 DAGs
[2025-02-28T22:44:54.486+0200] {logging_mixin.py:190} INFO - [2025-02-28T22:44:54.486+0200] {dag.py:4180} INFO - Setting next_dagrun for example_dynamic_task_mapping_with_no_taskflow_operators to None, run_after=None
[2025-02-28T22:44:54.492+0200] {processor.py:208} INFO - Processing /Users/nampham/.pyenv/versions/3.12.9/lib/python3.12/site-packages/airflow/example_dags/example_dynamic_task_mapping_with_no_taskflow_operators.py took 0.073 seconds
[2025-02-28T22:47:08.031+0200] {processor.py:186} INFO - Started process (PID=22096) to work on /Users/nampham/.pyenv/versions/3.12.9/lib/python3.12/site-packages/airflow/example_dags/example_dynamic_task_mapping_with_no_taskflow_operators.py
[2025-02-28T22:47:08.031+0200] {processor.py:914} INFO - Processing file /Users/nampham/.pyenv/versions/3.12.9/lib/python3.12/site-packages/airflow/example_dags/example_dynamic_task_mapping_with_no_taskflow_operators.py for tasks to queue
[2025-02-28T22:47:08.032+0200] {logging_mixin.py:190} INFO - [2025-02-28T22:47:08.032+0200] {dagbag.py:588} INFO - Filling up the DagBag from /Users/nampham/.pyenv/versions/3.12.9/lib/python3.12/site-packages/airflow/example_dags/example_dynamic_task_mapping_with_no_taskflow_operators.py
[2025-02-28T22:47:08.035+0200] {processor.py:925} INFO - DAG(s) 'example_dynamic_task_mapping_with_no_taskflow_operators' retrieved from /Users/nampham/.pyenv/versions/3.12.9/lib/python3.12/site-packages/airflow/example_dags/example_dynamic_task_mapping_with_no_taskflow_operators.py
[2025-02-28T22:47:08.091+0200] {logging_mixin.py:190} INFO - [2025-02-28T22:47:08.091+0200] {dag.py:3239} INFO - Sync 1 DAGs
[2025-02-28T22:47:08.095+0200] {logging_mixin.py:190} INFO - [2025-02-28T22:47:08.095+0200] {dag.py:4180} INFO - Setting next_dagrun for example_dynamic_task_mapping_with_no_taskflow_operators to None, run_after=None
[2025-02-28T22:47:08.101+0200] {processor.py:208} INFO - Processing /Users/nampham/.pyenv/versions/3.12.9/lib/python3.12/site-packages/airflow/example_dags/example_dynamic_task_mapping_with_no_taskflow_operators.py took 0.072 seconds
[2025-02-28T22:55:39.977+0200] {processor.py:186} INFO - Started process (PID=22903) to work on /Users/nampham/.pyenv/versions/3.12.9/lib/python3.12/site-packages/airflow/example_dags/example_dynamic_task_mapping_with_no_taskflow_operators.py
[2025-02-28T22:55:39.978+0200] {processor.py:914} INFO - Processing file /Users/nampham/.pyenv/versions/3.12.9/lib/python3.12/site-packages/airflow/example_dags/example_dynamic_task_mapping_with_no_taskflow_operators.py for tasks to queue
[2025-02-28T22:55:39.979+0200] {logging_mixin.py:190} INFO - [2025-02-28T22:55:39.979+0200] {dagbag.py:588} INFO - Filling up the DagBag from /Users/nampham/.pyenv/versions/3.12.9/lib/python3.12/site-packages/airflow/example_dags/example_dynamic_task_mapping_with_no_taskflow_operators.py
[2025-02-28T22:55:39.982+0200] {processor.py:925} INFO - DAG(s) 'example_dynamic_task_mapping_with_no_taskflow_operators' retrieved from /Users/nampham/.pyenv/versions/3.12.9/lib/python3.12/site-packages/airflow/example_dags/example_dynamic_task_mapping_with_no_taskflow_operators.py
[2025-02-28T22:55:40.038+0200] {logging_mixin.py:190} INFO - [2025-02-28T22:55:40.038+0200] {dag.py:3239} INFO - Sync 1 DAGs
[2025-02-28T22:55:40.042+0200] {logging_mixin.py:190} INFO - [2025-02-28T22:55:40.042+0200] {dag.py:4180} INFO - Setting next_dagrun for example_dynamic_task_mapping_with_no_taskflow_operators to None, run_after=None
[2025-02-28T22:55:40.048+0200] {processor.py:208} INFO - Processing /Users/nampham/.pyenv/versions/3.12.9/lib/python3.12/site-packages/airflow/example_dags/example_dynamic_task_mapping_with_no_taskflow_operators.py took 0.072 seconds
[2025-02-28T22:58:25.172+0200] {processor.py:186} INFO - Started process (PID=23437) to work on /Users/nampham/.pyenv/versions/3.12.9/lib/python3.12/site-packages/airflow/example_dags/example_dynamic_task_mapping_with_no_taskflow_operators.py
[2025-02-28T22:58:25.173+0200] {processor.py:914} INFO - Processing file /Users/nampham/.pyenv/versions/3.12.9/lib/python3.12/site-packages/airflow/example_dags/example_dynamic_task_mapping_with_no_taskflow_operators.py for tasks to queue
[2025-02-28T22:58:25.174+0200] {logging_mixin.py:190} INFO - [2025-02-28T22:58:25.174+0200] {dagbag.py:588} INFO - Filling up the DagBag from /Users/nampham/.pyenv/versions/3.12.9/lib/python3.12/site-packages/airflow/example_dags/example_dynamic_task_mapping_with_no_taskflow_operators.py
[2025-02-28T22:58:25.179+0200] {processor.py:925} INFO - DAG(s) 'example_dynamic_task_mapping_with_no_taskflow_operators' retrieved from /Users/nampham/.pyenv/versions/3.12.9/lib/python3.12/site-packages/airflow/example_dags/example_dynamic_task_mapping_with_no_taskflow_operators.py
[2025-02-28T22:58:25.236+0200] {logging_mixin.py:190} INFO - [2025-02-28T22:58:25.235+0200] {dag.py:3239} INFO - Sync 1 DAGs
[2025-02-28T22:58:25.240+0200] {logging_mixin.py:190} INFO - [2025-02-28T22:58:25.240+0200] {dag.py:4180} INFO - Setting next_dagrun for example_dynamic_task_mapping_with_no_taskflow_operators to None, run_after=None
[2025-02-28T22:58:25.245+0200] {processor.py:208} INFO - Processing /Users/nampham/.pyenv/versions/3.12.9/lib/python3.12/site-packages/airflow/example_dags/example_dynamic_task_mapping_with_no_taskflow_operators.py took 0.074 seconds
[2025-02-28T23:01:22.861+0200] {processor.py:186} INFO - Started process (PID=24046) to work on /Users/nampham/.pyenv/versions/3.12.9/lib/python3.12/site-packages/airflow/example_dags/example_dynamic_task_mapping_with_no_taskflow_operators.py
[2025-02-28T23:01:22.862+0200] {processor.py:914} INFO - Processing file /Users/nampham/.pyenv/versions/3.12.9/lib/python3.12/site-packages/airflow/example_dags/example_dynamic_task_mapping_with_no_taskflow_operators.py for tasks to queue
[2025-02-28T23:01:22.863+0200] {logging_mixin.py:190} INFO - [2025-02-28T23:01:22.862+0200] {dagbag.py:588} INFO - Filling up the DagBag from /Users/nampham/.pyenv/versions/3.12.9/lib/python3.12/site-packages/airflow/example_dags/example_dynamic_task_mapping_with_no_taskflow_operators.py
[2025-02-28T23:01:22.866+0200] {processor.py:925} INFO - DAG(s) 'example_dynamic_task_mapping_with_no_taskflow_operators' retrieved from /Users/nampham/.pyenv/versions/3.12.9/lib/python3.12/site-packages/airflow/example_dags/example_dynamic_task_mapping_with_no_taskflow_operators.py
[2025-02-28T23:01:22.923+0200] {logging_mixin.py:190} INFO - [2025-02-28T23:01:22.923+0200] {dag.py:3239} INFO - Sync 1 DAGs
[2025-02-28T23:01:22.927+0200] {logging_mixin.py:190} INFO - [2025-02-28T23:01:22.927+0200] {dag.py:4180} INFO - Setting next_dagrun for example_dynamic_task_mapping_with_no_taskflow_operators to None, run_after=None
[2025-02-28T23:01:22.933+0200] {processor.py:208} INFO - Processing /Users/nampham/.pyenv/versions/3.12.9/lib/python3.12/site-packages/airflow/example_dags/example_dynamic_task_mapping_with_no_taskflow_operators.py took 0.073 seconds
