[2025-02-28T18:24:46.906+0200] {processor.py:186} INFO - Started process (PID=93152) to work on /Users/nampham/.pyenv/versions/3.12.9/lib/python3.12/site-packages/airflow/example_dags/example_time_delta_sensor_async.py
[2025-02-28T18:24:46.906+0200] {processor.py:914} INFO - Processing file /Users/nampham/.pyenv/versions/3.12.9/lib/python3.12/site-packages/airflow/example_dags/example_time_delta_sensor_async.py for tasks to queue
[2025-02-28T18:24:46.907+0200] {logging_mixin.py:190} INFO - [2025-02-28T18:24:46.907+0200] {dagbag.py:588} INFO - Filling up the DagBag from /Users/nampham/.pyenv/versions/3.12.9/lib/python3.12/site-packages/airflow/example_dags/example_time_delta_sensor_async.py
[2025-02-28T18:24:46.910+0200] {processor.py:925} INFO - DAG(s) 'example_time_delta_sensor_async' retrieved from /Users/nampham/.pyenv/versions/3.12.9/lib/python3.12/site-packages/airflow/example_dags/example_time_delta_sensor_async.py
[2025-02-28T18:24:47.311+0200] {logging_mixin.py:190} INFO - [2025-02-28T18:24:47.311+0200] {override.py:1930} INFO - Created Permission View: can read on DAG:example_time_delta_sensor_async
[2025-02-28T18:24:47.314+0200] {logging_mixin.py:190} INFO - [2025-02-28T18:24:47.314+0200] {override.py:1930} INFO - Created Permission View: can delete on DAG:example_time_delta_sensor_async
[2025-02-28T18:24:47.316+0200] {logging_mixin.py:190} INFO - [2025-02-28T18:24:47.316+0200] {override.py:1930} INFO - Created Permission View: can edit on DAG:example_time_delta_sensor_async
[2025-02-28T18:24:47.319+0200] {logging_mixin.py:190} INFO - [2025-02-28T18:24:47.319+0200] {override.py:1930} INFO - Created Permission View: menu access on DAG Run:example_time_delta_sensor_async
[2025-02-28T18:24:47.321+0200] {logging_mixin.py:190} INFO - [2025-02-28T18:24:47.321+0200] {override.py:1930} INFO - Created Permission View: can read on DAG Run:example_time_delta_sensor_async
[2025-02-28T18:24:47.322+0200] {logging_mixin.py:190} INFO - [2025-02-28T18:24:47.322+0200] {override.py:1930} INFO - Created Permission View: can delete on DAG Run:example_time_delta_sensor_async
[2025-02-28T18:24:47.324+0200] {logging_mixin.py:190} INFO - [2025-02-28T18:24:47.324+0200] {override.py:1930} INFO - Created Permission View: can create on DAG Run:example_time_delta_sensor_async
[2025-02-28T18:24:47.324+0200] {logging_mixin.py:190} INFO - [2025-02-28T18:24:47.324+0200] {dag.py:3239} INFO - Sync 1 DAGs
[2025-02-28T18:24:47.328+0200] {logging_mixin.py:190} INFO - [2025-02-28T18:24:47.328+0200] {dag.py:3262} INFO - Creating ORM DAG for example_time_delta_sensor_async
[2025-02-28T18:24:47.328+0200] {logging_mixin.py:190} INFO - [2025-02-28T18:24:47.328+0200] {dag.py:4180} INFO - Setting next_dagrun for example_time_delta_sensor_async to None, run_after=None
[2025-02-28T18:24:47.333+0200] {processor.py:208} INFO - Processing /Users/nampham/.pyenv/versions/3.12.9/lib/python3.12/site-packages/airflow/example_dags/example_time_delta_sensor_async.py took 0.429 seconds
[2025-02-28T18:26:35.230+0200] {processor.py:186} INFO - Started process (PID=93608) to work on /Users/nampham/.pyenv/versions/3.12.9/lib/python3.12/site-packages/airflow/example_dags/example_time_delta_sensor_async.py
[2025-02-28T18:26:35.231+0200] {processor.py:914} INFO - Processing file /Users/nampham/.pyenv/versions/3.12.9/lib/python3.12/site-packages/airflow/example_dags/example_time_delta_sensor_async.py for tasks to queue
[2025-02-28T18:26:35.231+0200] {logging_mixin.py:190} INFO - [2025-02-28T18:26:35.231+0200] {dagbag.py:588} INFO - Filling up the DagBag from /Users/nampham/.pyenv/versions/3.12.9/lib/python3.12/site-packages/airflow/example_dags/example_time_delta_sensor_async.py
[2025-02-28T18:26:35.234+0200] {processor.py:925} INFO - DAG(s) 'example_time_delta_sensor_async' retrieved from /Users/nampham/.pyenv/versions/3.12.9/lib/python3.12/site-packages/airflow/example_dags/example_time_delta_sensor_async.py
[2025-02-28T18:26:35.564+0200] {logging_mixin.py:190} INFO - [2025-02-28T18:26:35.564+0200] {dag.py:3239} INFO - Sync 1 DAGs
[2025-02-28T18:26:35.568+0200] {logging_mixin.py:190} INFO - [2025-02-28T18:26:35.568+0200] {dag.py:4180} INFO - Setting next_dagrun for example_time_delta_sensor_async to None, run_after=None
[2025-02-28T18:26:35.575+0200] {processor.py:208} INFO - Processing /Users/nampham/.pyenv/versions/3.12.9/lib/python3.12/site-packages/airflow/example_dags/example_time_delta_sensor_async.py took 0.347 seconds
[2025-02-28T18:27:55.549+0200] {processor.py:186} INFO - Started process (PID=93918) to work on /Users/nampham/.pyenv/versions/3.12.9/lib/python3.12/site-packages/airflow/example_dags/example_time_delta_sensor_async.py
[2025-02-28T18:27:55.550+0200] {processor.py:914} INFO - Processing file /Users/nampham/.pyenv/versions/3.12.9/lib/python3.12/site-packages/airflow/example_dags/example_time_delta_sensor_async.py for tasks to queue
[2025-02-28T18:27:55.550+0200] {logging_mixin.py:190} INFO - [2025-02-28T18:27:55.550+0200] {dagbag.py:588} INFO - Filling up the DagBag from /Users/nampham/.pyenv/versions/3.12.9/lib/python3.12/site-packages/airflow/example_dags/example_time_delta_sensor_async.py
[2025-02-28T18:27:55.554+0200] {processor.py:925} INFO - DAG(s) 'example_time_delta_sensor_async' retrieved from /Users/nampham/.pyenv/versions/3.12.9/lib/python3.12/site-packages/airflow/example_dags/example_time_delta_sensor_async.py
[2025-02-28T18:27:55.877+0200] {logging_mixin.py:190} INFO - [2025-02-28T18:27:55.876+0200] {dag.py:3239} INFO - Sync 1 DAGs
[2025-02-28T18:27:55.882+0200] {logging_mixin.py:190} INFO - [2025-02-28T18:27:55.882+0200] {dag.py:4180} INFO - Setting next_dagrun for example_time_delta_sensor_async to None, run_after=None
[2025-02-28T18:27:55.889+0200] {processor.py:208} INFO - Processing /Users/nampham/.pyenv/versions/3.12.9/lib/python3.12/site-packages/airflow/example_dags/example_time_delta_sensor_async.py took 0.341 seconds
[2025-02-28T18:29:17.365+0200] {processor.py:186} INFO - Started process (PID=94259) to work on /Users/nampham/.pyenv/versions/3.12.9/lib/python3.12/site-packages/airflow/example_dags/example_time_delta_sensor_async.py
[2025-02-28T18:29:17.366+0200] {processor.py:914} INFO - Processing file /Users/nampham/.pyenv/versions/3.12.9/lib/python3.12/site-packages/airflow/example_dags/example_time_delta_sensor_async.py for tasks to queue
[2025-02-28T18:29:17.366+0200] {logging_mixin.py:190} INFO - [2025-02-28T18:29:17.366+0200] {dagbag.py:588} INFO - Filling up the DagBag from /Users/nampham/.pyenv/versions/3.12.9/lib/python3.12/site-packages/airflow/example_dags/example_time_delta_sensor_async.py
[2025-02-28T18:29:17.370+0200] {processor.py:925} INFO - DAG(s) 'example_time_delta_sensor_async' retrieved from /Users/nampham/.pyenv/versions/3.12.9/lib/python3.12/site-packages/airflow/example_dags/example_time_delta_sensor_async.py
[2025-02-28T18:29:17.754+0200] {logging_mixin.py:190} INFO - [2025-02-28T18:29:17.753+0200] {dag.py:3239} INFO - Sync 1 DAGs
[2025-02-28T18:29:17.758+0200] {logging_mixin.py:190} INFO - [2025-02-28T18:29:17.758+0200] {dag.py:4180} INFO - Setting next_dagrun for example_time_delta_sensor_async to None, run_after=None
[2025-02-28T18:29:17.765+0200] {processor.py:208} INFO - Processing /Users/nampham/.pyenv/versions/3.12.9/lib/python3.12/site-packages/airflow/example_dags/example_time_delta_sensor_async.py took 0.402 seconds
[2025-02-28T20:11:01.367+0200] {processor.py:186} INFO - Started process (PID=97259) to work on /Users/nampham/.pyenv/versions/3.12.9/lib/python3.12/site-packages/airflow/example_dags/example_time_delta_sensor_async.py
[2025-02-28T20:11:01.368+0200] {processor.py:914} INFO - Processing file /Users/nampham/.pyenv/versions/3.12.9/lib/python3.12/site-packages/airflow/example_dags/example_time_delta_sensor_async.py for tasks to queue
[2025-02-28T20:11:01.368+0200] {logging_mixin.py:190} INFO - [2025-02-28T20:11:01.368+0200] {dagbag.py:588} INFO - Filling up the DagBag from /Users/nampham/.pyenv/versions/3.12.9/lib/python3.12/site-packages/airflow/example_dags/example_time_delta_sensor_async.py
[2025-02-28T20:11:01.371+0200] {processor.py:925} INFO - DAG(s) 'example_time_delta_sensor_async' retrieved from /Users/nampham/.pyenv/versions/3.12.9/lib/python3.12/site-packages/airflow/example_dags/example_time_delta_sensor_async.py
[2025-02-28T20:11:01.759+0200] {logging_mixin.py:190} INFO - [2025-02-28T20:11:01.759+0200] {dag.py:3239} INFO - Sync 1 DAGs
[2025-02-28T20:11:01.763+0200] {logging_mixin.py:190} INFO - [2025-02-28T20:11:01.763+0200] {dag.py:4180} INFO - Setting next_dagrun for example_time_delta_sensor_async to None, run_after=None
[2025-02-28T20:11:01.770+0200] {processor.py:208} INFO - Processing /Users/nampham/.pyenv/versions/3.12.9/lib/python3.12/site-packages/airflow/example_dags/example_time_delta_sensor_async.py took 0.404 seconds
[2025-02-28T20:12:49.896+0200] {processor.py:186} INFO - Started process (PID=97866) to work on /Users/nampham/.pyenv/versions/3.12.9/lib/python3.12/site-packages/airflow/example_dags/example_time_delta_sensor_async.py
[2025-02-28T20:12:49.897+0200] {processor.py:914} INFO - Processing file /Users/nampham/.pyenv/versions/3.12.9/lib/python3.12/site-packages/airflow/example_dags/example_time_delta_sensor_async.py for tasks to queue
[2025-02-28T20:12:49.898+0200] {logging_mixin.py:190} INFO - [2025-02-28T20:12:49.898+0200] {dagbag.py:588} INFO - Filling up the DagBag from /Users/nampham/.pyenv/versions/3.12.9/lib/python3.12/site-packages/airflow/example_dags/example_time_delta_sensor_async.py
[2025-02-28T20:12:49.901+0200] {processor.py:925} INFO - DAG(s) 'example_time_delta_sensor_async' retrieved from /Users/nampham/.pyenv/versions/3.12.9/lib/python3.12/site-packages/airflow/example_dags/example_time_delta_sensor_async.py
[2025-02-28T20:12:50.267+0200] {logging_mixin.py:190} INFO - [2025-02-28T20:12:50.267+0200] {dag.py:3239} INFO - Sync 1 DAGs
[2025-02-28T20:12:50.271+0200] {logging_mixin.py:190} INFO - [2025-02-28T20:12:50.271+0200] {dag.py:4180} INFO - Setting next_dagrun for example_time_delta_sensor_async to None, run_after=None
[2025-02-28T20:12:50.278+0200] {processor.py:208} INFO - Processing /Users/nampham/.pyenv/versions/3.12.9/lib/python3.12/site-packages/airflow/example_dags/example_time_delta_sensor_async.py took 0.383 seconds
[2025-02-28T20:14:39.391+0200] {processor.py:186} INFO - Started process (PID=98318) to work on /Users/nampham/.pyenv/versions/3.12.9/lib/python3.12/site-packages/airflow/example_dags/example_time_delta_sensor_async.py
[2025-02-28T20:14:39.392+0200] {processor.py:914} INFO - Processing file /Users/nampham/.pyenv/versions/3.12.9/lib/python3.12/site-packages/airflow/example_dags/example_time_delta_sensor_async.py for tasks to queue
[2025-02-28T20:14:39.392+0200] {logging_mixin.py:190} INFO - [2025-02-28T20:14:39.392+0200] {dagbag.py:588} INFO - Filling up the DagBag from /Users/nampham/.pyenv/versions/3.12.9/lib/python3.12/site-packages/airflow/example_dags/example_time_delta_sensor_async.py
[2025-02-28T20:14:39.395+0200] {processor.py:925} INFO - DAG(s) 'example_time_delta_sensor_async' retrieved from /Users/nampham/.pyenv/versions/3.12.9/lib/python3.12/site-packages/airflow/example_dags/example_time_delta_sensor_async.py
[2025-02-28T20:14:39.757+0200] {logging_mixin.py:190} INFO - [2025-02-28T20:14:39.756+0200] {dag.py:3239} INFO - Sync 1 DAGs
[2025-02-28T20:14:39.761+0200] {logging_mixin.py:190} INFO - [2025-02-28T20:14:39.761+0200] {dag.py:4180} INFO - Setting next_dagrun for example_time_delta_sensor_async to None, run_after=None
[2025-02-28T20:14:39.768+0200] {processor.py:208} INFO - Processing /Users/nampham/.pyenv/versions/3.12.9/lib/python3.12/site-packages/airflow/example_dags/example_time_delta_sensor_async.py took 0.378 seconds
[2025-02-28T20:15:59.484+0200] {processor.py:186} INFO - Started process (PID=98605) to work on /Users/nampham/.pyenv/versions/3.12.9/lib/python3.12/site-packages/airflow/example_dags/example_time_delta_sensor_async.py
[2025-02-28T20:15:59.485+0200] {processor.py:914} INFO - Processing file /Users/nampham/.pyenv/versions/3.12.9/lib/python3.12/site-packages/airflow/example_dags/example_time_delta_sensor_async.py for tasks to queue
[2025-02-28T20:15:59.485+0200] {logging_mixin.py:190} INFO - [2025-02-28T20:15:59.485+0200] {dagbag.py:588} INFO - Filling up the DagBag from /Users/nampham/.pyenv/versions/3.12.9/lib/python3.12/site-packages/airflow/example_dags/example_time_delta_sensor_async.py
[2025-02-28T20:15:59.488+0200] {processor.py:925} INFO - DAG(s) 'example_time_delta_sensor_async' retrieved from /Users/nampham/.pyenv/versions/3.12.9/lib/python3.12/site-packages/airflow/example_dags/example_time_delta_sensor_async.py
[2025-02-28T20:15:59.811+0200] {logging_mixin.py:190} INFO - [2025-02-28T20:15:59.810+0200] {dag.py:3239} INFO - Sync 1 DAGs
[2025-02-28T20:15:59.815+0200] {logging_mixin.py:190} INFO - [2025-02-28T20:15:59.815+0200] {dag.py:4180} INFO - Setting next_dagrun for example_time_delta_sensor_async to None, run_after=None
[2025-02-28T20:15:59.822+0200] {processor.py:208} INFO - Processing /Users/nampham/.pyenv/versions/3.12.9/lib/python3.12/site-packages/airflow/example_dags/example_time_delta_sensor_async.py took 0.340 seconds
[2025-02-28T20:17:15.343+0200] {processor.py:186} INFO - Started process (PID=98891) to work on /Users/nampham/.pyenv/versions/3.12.9/lib/python3.12/site-packages/airflow/example_dags/example_time_delta_sensor_async.py
[2025-02-28T20:17:15.344+0200] {processor.py:914} INFO - Processing file /Users/nampham/.pyenv/versions/3.12.9/lib/python3.12/site-packages/airflow/example_dags/example_time_delta_sensor_async.py for tasks to queue
[2025-02-28T20:17:15.345+0200] {logging_mixin.py:190} INFO - [2025-02-28T20:17:15.345+0200] {dagbag.py:588} INFO - Filling up the DagBag from /Users/nampham/.pyenv/versions/3.12.9/lib/python3.12/site-packages/airflow/example_dags/example_time_delta_sensor_async.py
[2025-02-28T20:17:15.348+0200] {processor.py:925} INFO - DAG(s) 'example_time_delta_sensor_async' retrieved from /Users/nampham/.pyenv/versions/3.12.9/lib/python3.12/site-packages/airflow/example_dags/example_time_delta_sensor_async.py
[2025-02-28T20:17:15.635+0200] {logging_mixin.py:190} INFO - [2025-02-28T20:17:15.635+0200] {dag.py:3239} INFO - Sync 1 DAGs
[2025-02-28T20:17:15.644+0200] {logging_mixin.py:190} INFO - [2025-02-28T20:17:15.643+0200] {dag.py:4180} INFO - Setting next_dagrun for example_time_delta_sensor_async to None, run_after=None
[2025-02-28T20:17:15.652+0200] {processor.py:208} INFO - Processing /Users/nampham/.pyenv/versions/3.12.9/lib/python3.12/site-packages/airflow/example_dags/example_time_delta_sensor_async.py took 0.310 seconds
[2025-02-28T20:18:29.892+0200] {processor.py:186} INFO - Started process (PID=99259) to work on /Users/nampham/.pyenv/versions/3.12.9/lib/python3.12/site-packages/airflow/example_dags/example_time_delta_sensor_async.py
[2025-02-28T20:18:29.893+0200] {processor.py:914} INFO - Processing file /Users/nampham/.pyenv/versions/3.12.9/lib/python3.12/site-packages/airflow/example_dags/example_time_delta_sensor_async.py for tasks to queue
[2025-02-28T20:18:29.894+0200] {logging_mixin.py:190} INFO - [2025-02-28T20:18:29.893+0200] {dagbag.py:588} INFO - Filling up the DagBag from /Users/nampham/.pyenv/versions/3.12.9/lib/python3.12/site-packages/airflow/example_dags/example_time_delta_sensor_async.py
[2025-02-28T20:18:29.896+0200] {processor.py:925} INFO - DAG(s) 'example_time_delta_sensor_async' retrieved from /Users/nampham/.pyenv/versions/3.12.9/lib/python3.12/site-packages/airflow/example_dags/example_time_delta_sensor_async.py
[2025-02-28T20:18:30.236+0200] {logging_mixin.py:190} INFO - [2025-02-28T20:18:30.236+0200] {dag.py:3239} INFO - Sync 1 DAGs
[2025-02-28T20:18:30.241+0200] {logging_mixin.py:190} INFO - [2025-02-28T20:18:30.240+0200] {dag.py:4180} INFO - Setting next_dagrun for example_time_delta_sensor_async to None, run_after=None
[2025-02-28T20:18:30.247+0200] {processor.py:208} INFO - Processing /Users/nampham/.pyenv/versions/3.12.9/lib/python3.12/site-packages/airflow/example_dags/example_time_delta_sensor_async.py took 0.357 seconds
[2025-02-28T20:20:22.249+0200] {processor.py:186} INFO - Started process (PID=99694) to work on /Users/nampham/.pyenv/versions/3.12.9/lib/python3.12/site-packages/airflow/example_dags/example_time_delta_sensor_async.py
[2025-02-28T20:20:22.250+0200] {processor.py:914} INFO - Processing file /Users/nampham/.pyenv/versions/3.12.9/lib/python3.12/site-packages/airflow/example_dags/example_time_delta_sensor_async.py for tasks to queue
[2025-02-28T20:20:22.251+0200] {logging_mixin.py:190} INFO - [2025-02-28T20:20:22.251+0200] {dagbag.py:588} INFO - Filling up the DagBag from /Users/nampham/.pyenv/versions/3.12.9/lib/python3.12/site-packages/airflow/example_dags/example_time_delta_sensor_async.py
[2025-02-28T20:20:22.254+0200] {processor.py:925} INFO - DAG(s) 'example_time_delta_sensor_async' retrieved from /Users/nampham/.pyenv/versions/3.12.9/lib/python3.12/site-packages/airflow/example_dags/example_time_delta_sensor_async.py
[2025-02-28T20:20:22.578+0200] {logging_mixin.py:190} INFO - [2025-02-28T20:20:22.578+0200] {dag.py:3239} INFO - Sync 1 DAGs
[2025-02-28T20:20:22.583+0200] {logging_mixin.py:190} INFO - [2025-02-28T20:20:22.583+0200] {dag.py:4180} INFO - Setting next_dagrun for example_time_delta_sensor_async to None, run_after=None
[2025-02-28T20:20:22.589+0200] {processor.py:208} INFO - Processing /Users/nampham/.pyenv/versions/3.12.9/lib/python3.12/site-packages/airflow/example_dags/example_time_delta_sensor_async.py took 0.342 seconds
[2025-02-28T20:21:43.118+0200] {processor.py:186} INFO - Started process (PID=106) to work on /Users/nampham/.pyenv/versions/3.12.9/lib/python3.12/site-packages/airflow/example_dags/example_time_delta_sensor_async.py
[2025-02-28T20:21:43.119+0200] {processor.py:914} INFO - Processing file /Users/nampham/.pyenv/versions/3.12.9/lib/python3.12/site-packages/airflow/example_dags/example_time_delta_sensor_async.py for tasks to queue
[2025-02-28T20:21:43.120+0200] {logging_mixin.py:190} INFO - [2025-02-28T20:21:43.120+0200] {dagbag.py:588} INFO - Filling up the DagBag from /Users/nampham/.pyenv/versions/3.12.9/lib/python3.12/site-packages/airflow/example_dags/example_time_delta_sensor_async.py
[2025-02-28T20:21:43.124+0200] {processor.py:925} INFO - DAG(s) 'example_time_delta_sensor_async' retrieved from /Users/nampham/.pyenv/versions/3.12.9/lib/python3.12/site-packages/airflow/example_dags/example_time_delta_sensor_async.py
[2025-02-28T20:21:43.528+0200] {logging_mixin.py:190} INFO - [2025-02-28T20:21:43.528+0200] {dag.py:3239} INFO - Sync 1 DAGs
[2025-02-28T20:21:43.532+0200] {logging_mixin.py:190} INFO - [2025-02-28T20:21:43.532+0200] {dag.py:4180} INFO - Setting next_dagrun for example_time_delta_sensor_async to None, run_after=None
[2025-02-28T20:21:43.539+0200] {processor.py:208} INFO - Processing /Users/nampham/.pyenv/versions/3.12.9/lib/python3.12/site-packages/airflow/example_dags/example_time_delta_sensor_async.py took 0.423 seconds
[2025-02-28T20:22:57.106+0200] {processor.py:186} INFO - Started process (PID=355) to work on /Users/nampham/.pyenv/versions/3.12.9/lib/python3.12/site-packages/airflow/example_dags/example_time_delta_sensor_async.py
[2025-02-28T20:22:57.107+0200] {processor.py:914} INFO - Processing file /Users/nampham/.pyenv/versions/3.12.9/lib/python3.12/site-packages/airflow/example_dags/example_time_delta_sensor_async.py for tasks to queue
[2025-02-28T20:22:57.108+0200] {logging_mixin.py:190} INFO - [2025-02-28T20:22:57.108+0200] {dagbag.py:588} INFO - Filling up the DagBag from /Users/nampham/.pyenv/versions/3.12.9/lib/python3.12/site-packages/airflow/example_dags/example_time_delta_sensor_async.py
[2025-02-28T20:22:57.111+0200] {processor.py:925} INFO - DAG(s) 'example_time_delta_sensor_async' retrieved from /Users/nampham/.pyenv/versions/3.12.9/lib/python3.12/site-packages/airflow/example_dags/example_time_delta_sensor_async.py
[2025-02-28T20:22:57.432+0200] {logging_mixin.py:190} INFO - [2025-02-28T20:22:57.431+0200] {dag.py:3239} INFO - Sync 1 DAGs
[2025-02-28T20:22:57.438+0200] {logging_mixin.py:190} INFO - [2025-02-28T20:22:57.437+0200] {dag.py:4180} INFO - Setting next_dagrun for example_time_delta_sensor_async to None, run_after=None
[2025-02-28T20:22:57.445+0200] {processor.py:208} INFO - Processing /Users/nampham/.pyenv/versions/3.12.9/lib/python3.12/site-packages/airflow/example_dags/example_time_delta_sensor_async.py took 0.340 seconds
[2025-02-28T21:27:44.808+0200] {processor.py:186} INFO - Started process (PID=5482) to work on /Users/nampham/.pyenv/versions/3.12.9/lib/python3.12/site-packages/airflow/example_dags/example_time_delta_sensor_async.py
[2025-02-28T21:27:44.809+0200] {processor.py:914} INFO - Processing file /Users/nampham/.pyenv/versions/3.12.9/lib/python3.12/site-packages/airflow/example_dags/example_time_delta_sensor_async.py for tasks to queue
[2025-02-28T21:27:44.810+0200] {logging_mixin.py:190} INFO - [2025-02-28T21:27:44.809+0200] {dagbag.py:588} INFO - Filling up the DagBag from /Users/nampham/.pyenv/versions/3.12.9/lib/python3.12/site-packages/airflow/example_dags/example_time_delta_sensor_async.py
[2025-02-28T21:27:44.813+0200] {processor.py:925} INFO - DAG(s) 'example_time_delta_sensor_async' retrieved from /Users/nampham/.pyenv/versions/3.12.9/lib/python3.12/site-packages/airflow/example_dags/example_time_delta_sensor_async.py
[2025-02-28T21:27:45.137+0200] {logging_mixin.py:190} INFO - [2025-02-28T21:27:45.137+0200] {dag.py:3239} INFO - Sync 1 DAGs
[2025-02-28T21:27:45.142+0200] {logging_mixin.py:190} INFO - [2025-02-28T21:27:45.142+0200] {dag.py:4180} INFO - Setting next_dagrun for example_time_delta_sensor_async to None, run_after=None
[2025-02-28T21:27:45.149+0200] {processor.py:208} INFO - Processing /Users/nampham/.pyenv/versions/3.12.9/lib/python3.12/site-packages/airflow/example_dags/example_time_delta_sensor_async.py took 0.342 seconds
[2025-02-28T21:30:30.222+0200] {processor.py:186} INFO - Started process (PID=6146) to work on /Users/nampham/.pyenv/versions/3.12.9/lib/python3.12/site-packages/airflow/example_dags/example_time_delta_sensor_async.py
[2025-02-28T21:30:30.223+0200] {processor.py:914} INFO - Processing file /Users/nampham/.pyenv/versions/3.12.9/lib/python3.12/site-packages/airflow/example_dags/example_time_delta_sensor_async.py for tasks to queue
[2025-02-28T21:30:30.224+0200] {logging_mixin.py:190} INFO - [2025-02-28T21:30:30.224+0200] {dagbag.py:588} INFO - Filling up the DagBag from /Users/nampham/.pyenv/versions/3.12.9/lib/python3.12/site-packages/airflow/example_dags/example_time_delta_sensor_async.py
[2025-02-28T21:30:30.227+0200] {processor.py:925} INFO - DAG(s) 'example_time_delta_sensor_async' retrieved from /Users/nampham/.pyenv/versions/3.12.9/lib/python3.12/site-packages/airflow/example_dags/example_time_delta_sensor_async.py
[2025-02-28T21:30:30.593+0200] {logging_mixin.py:190} INFO - [2025-02-28T21:30:30.593+0200] {dag.py:3239} INFO - Sync 1 DAGs
[2025-02-28T21:30:30.597+0200] {logging_mixin.py:190} INFO - [2025-02-28T21:30:30.597+0200] {dag.py:4180} INFO - Setting next_dagrun for example_time_delta_sensor_async to None, run_after=None
[2025-02-28T21:30:30.611+0200] {processor.py:208} INFO - Processing /Users/nampham/.pyenv/versions/3.12.9/lib/python3.12/site-packages/airflow/example_dags/example_time_delta_sensor_async.py took 0.390 seconds
[2025-02-28T21:32:18.167+0200] {processor.py:186} INFO - Started process (PID=6567) to work on /Users/nampham/.pyenv/versions/3.12.9/lib/python3.12/site-packages/airflow/example_dags/example_time_delta_sensor_async.py
[2025-02-28T21:32:18.168+0200] {processor.py:914} INFO - Processing file /Users/nampham/.pyenv/versions/3.12.9/lib/python3.12/site-packages/airflow/example_dags/example_time_delta_sensor_async.py for tasks to queue
[2025-02-28T21:32:18.169+0200] {logging_mixin.py:190} INFO - [2025-02-28T21:32:18.169+0200] {dagbag.py:588} INFO - Filling up the DagBag from /Users/nampham/.pyenv/versions/3.12.9/lib/python3.12/site-packages/airflow/example_dags/example_time_delta_sensor_async.py
[2025-02-28T21:32:18.172+0200] {processor.py:925} INFO - DAG(s) 'example_time_delta_sensor_async' retrieved from /Users/nampham/.pyenv/versions/3.12.9/lib/python3.12/site-packages/airflow/example_dags/example_time_delta_sensor_async.py
[2025-02-28T21:32:18.493+0200] {logging_mixin.py:190} INFO - [2025-02-28T21:32:18.492+0200] {dag.py:3239} INFO - Sync 1 DAGs
[2025-02-28T21:32:18.501+0200] {logging_mixin.py:190} INFO - [2025-02-28T21:32:18.501+0200] {dag.py:4180} INFO - Setting next_dagrun for example_time_delta_sensor_async to None, run_after=None
[2025-02-28T21:32:18.507+0200] {processor.py:208} INFO - Processing /Users/nampham/.pyenv/versions/3.12.9/lib/python3.12/site-packages/airflow/example_dags/example_time_delta_sensor_async.py took 0.341 seconds
[2025-02-28T21:33:36.632+0200] {processor.py:186} INFO - Started process (PID=7070) to work on /Users/nampham/.pyenv/versions/3.12.9/lib/python3.12/site-packages/airflow/example_dags/example_time_delta_sensor_async.py
[2025-02-28T21:33:36.632+0200] {processor.py:914} INFO - Processing file /Users/nampham/.pyenv/versions/3.12.9/lib/python3.12/site-packages/airflow/example_dags/example_time_delta_sensor_async.py for tasks to queue
[2025-02-28T21:33:36.633+0200] {logging_mixin.py:190} INFO - [2025-02-28T21:33:36.633+0200] {dagbag.py:588} INFO - Filling up the DagBag from /Users/nampham/.pyenv/versions/3.12.9/lib/python3.12/site-packages/airflow/example_dags/example_time_delta_sensor_async.py
[2025-02-28T21:33:36.636+0200] {processor.py:925} INFO - DAG(s) 'example_time_delta_sensor_async' retrieved from /Users/nampham/.pyenv/versions/3.12.9/lib/python3.12/site-packages/airflow/example_dags/example_time_delta_sensor_async.py
[2025-02-28T21:33:36.975+0200] {logging_mixin.py:190} INFO - [2025-02-28T21:33:36.974+0200] {dag.py:3239} INFO - Sync 1 DAGs
[2025-02-28T21:33:36.979+0200] {logging_mixin.py:190} INFO - [2025-02-28T21:33:36.979+0200] {dag.py:4180} INFO - Setting next_dagrun for example_time_delta_sensor_async to None, run_after=None
[2025-02-28T21:33:36.985+0200] {processor.py:208} INFO - Processing /Users/nampham/.pyenv/versions/3.12.9/lib/python3.12/site-packages/airflow/example_dags/example_time_delta_sensor_async.py took 0.354 seconds
[2025-02-28T21:34:56.220+0200] {processor.py:186} INFO - Started process (PID=7371) to work on /Users/nampham/.pyenv/versions/3.12.9/lib/python3.12/site-packages/airflow/example_dags/example_time_delta_sensor_async.py
[2025-02-28T21:34:56.221+0200] {processor.py:914} INFO - Processing file /Users/nampham/.pyenv/versions/3.12.9/lib/python3.12/site-packages/airflow/example_dags/example_time_delta_sensor_async.py for tasks to queue
[2025-02-28T21:34:56.221+0200] {logging_mixin.py:190} INFO - [2025-02-28T21:34:56.221+0200] {dagbag.py:588} INFO - Filling up the DagBag from /Users/nampham/.pyenv/versions/3.12.9/lib/python3.12/site-packages/airflow/example_dags/example_time_delta_sensor_async.py
[2025-02-28T21:34:56.225+0200] {processor.py:925} INFO - DAG(s) 'example_time_delta_sensor_async' retrieved from /Users/nampham/.pyenv/versions/3.12.9/lib/python3.12/site-packages/airflow/example_dags/example_time_delta_sensor_async.py
[2025-02-28T21:34:56.651+0200] {logging_mixin.py:190} INFO - [2025-02-28T21:34:56.651+0200] {dag.py:3239} INFO - Sync 1 DAGs
[2025-02-28T21:34:56.656+0200] {logging_mixin.py:190} INFO - [2025-02-28T21:34:56.656+0200] {dag.py:4180} INFO - Setting next_dagrun for example_time_delta_sensor_async to None, run_after=None
[2025-02-28T21:34:56.662+0200] {processor.py:208} INFO - Processing /Users/nampham/.pyenv/versions/3.12.9/lib/python3.12/site-packages/airflow/example_dags/example_time_delta_sensor_async.py took 0.444 seconds
[2025-02-28T21:36:52.387+0200] {processor.py:186} INFO - Started process (PID=7867) to work on /Users/nampham/.pyenv/versions/3.12.9/lib/python3.12/site-packages/airflow/example_dags/example_time_delta_sensor_async.py
[2025-02-28T21:36:52.387+0200] {processor.py:914} INFO - Processing file /Users/nampham/.pyenv/versions/3.12.9/lib/python3.12/site-packages/airflow/example_dags/example_time_delta_sensor_async.py for tasks to queue
[2025-02-28T21:36:52.388+0200] {logging_mixin.py:190} INFO - [2025-02-28T21:36:52.388+0200] {dagbag.py:588} INFO - Filling up the DagBag from /Users/nampham/.pyenv/versions/3.12.9/lib/python3.12/site-packages/airflow/example_dags/example_time_delta_sensor_async.py
[2025-02-28T21:36:52.390+0200] {processor.py:925} INFO - DAG(s) 'example_time_delta_sensor_async' retrieved from /Users/nampham/.pyenv/versions/3.12.9/lib/python3.12/site-packages/airflow/example_dags/example_time_delta_sensor_async.py
[2025-02-28T21:36:52.776+0200] {logging_mixin.py:190} INFO - [2025-02-28T21:36:52.776+0200] {override.py:1930} INFO - Created Permission View: can edit on DAG:example_time_delta_sensor_async
[2025-02-28T21:36:52.779+0200] {logging_mixin.py:190} INFO - [2025-02-28T21:36:52.779+0200] {override.py:1930} INFO - Created Permission View: can delete on DAG:example_time_delta_sensor_async
[2025-02-28T21:36:52.781+0200] {logging_mixin.py:190} INFO - [2025-02-28T21:36:52.781+0200] {override.py:1930} INFO - Created Permission View: can read on DAG:example_time_delta_sensor_async
[2025-02-28T21:36:52.784+0200] {logging_mixin.py:190} INFO - [2025-02-28T21:36:52.783+0200] {override.py:1930} INFO - Created Permission View: menu access on DAG Run:example_time_delta_sensor_async
[2025-02-28T21:36:52.785+0200] {logging_mixin.py:190} INFO - [2025-02-28T21:36:52.785+0200] {override.py:1930} INFO - Created Permission View: can create on DAG Run:example_time_delta_sensor_async
[2025-02-28T21:36:52.787+0200] {logging_mixin.py:190} INFO - [2025-02-28T21:36:52.787+0200] {override.py:1930} INFO - Created Permission View: can read on DAG Run:example_time_delta_sensor_async
[2025-02-28T21:36:52.789+0200] {logging_mixin.py:190} INFO - [2025-02-28T21:36:52.789+0200] {override.py:1930} INFO - Created Permission View: can delete on DAG Run:example_time_delta_sensor_async
[2025-02-28T21:36:52.789+0200] {logging_mixin.py:190} INFO - [2025-02-28T21:36:52.789+0200] {dag.py:3239} INFO - Sync 1 DAGs
[2025-02-28T21:36:52.793+0200] {logging_mixin.py:190} INFO - [2025-02-28T21:36:52.793+0200] {dag.py:3262} INFO - Creating ORM DAG for example_time_delta_sensor_async
[2025-02-28T21:36:52.793+0200] {logging_mixin.py:190} INFO - [2025-02-28T21:36:52.793+0200] {dag.py:4180} INFO - Setting next_dagrun for example_time_delta_sensor_async to None, run_after=None
[2025-02-28T21:36:52.798+0200] {processor.py:208} INFO - Processing /Users/nampham/.pyenv/versions/3.12.9/lib/python3.12/site-packages/airflow/example_dags/example_time_delta_sensor_async.py took 0.413 seconds
[2025-02-28T21:38:43.585+0200] {processor.py:186} INFO - Started process (PID=8298) to work on /Users/nampham/.pyenv/versions/3.12.9/lib/python3.12/site-packages/airflow/example_dags/example_time_delta_sensor_async.py
[2025-02-28T21:38:43.586+0200] {processor.py:914} INFO - Processing file /Users/nampham/.pyenv/versions/3.12.9/lib/python3.12/site-packages/airflow/example_dags/example_time_delta_sensor_async.py for tasks to queue
[2025-02-28T21:38:43.587+0200] {logging_mixin.py:190} INFO - [2025-02-28T21:38:43.587+0200] {dagbag.py:588} INFO - Filling up the DagBag from /Users/nampham/.pyenv/versions/3.12.9/lib/python3.12/site-packages/airflow/example_dags/example_time_delta_sensor_async.py
[2025-02-28T21:38:43.590+0200] {processor.py:925} INFO - DAG(s) 'example_time_delta_sensor_async' retrieved from /Users/nampham/.pyenv/versions/3.12.9/lib/python3.12/site-packages/airflow/example_dags/example_time_delta_sensor_async.py
[2025-02-28T21:38:43.906+0200] {logging_mixin.py:190} INFO - [2025-02-28T21:38:43.905+0200] {dag.py:3239} INFO - Sync 1 DAGs
[2025-02-28T21:38:43.914+0200] {logging_mixin.py:190} INFO - [2025-02-28T21:38:43.914+0200] {dag.py:4180} INFO - Setting next_dagrun for example_time_delta_sensor_async to None, run_after=None
[2025-02-28T21:38:43.921+0200] {processor.py:208} INFO - Processing /Users/nampham/.pyenv/versions/3.12.9/lib/python3.12/site-packages/airflow/example_dags/example_time_delta_sensor_async.py took 0.337 seconds
[2025-02-28T21:40:01.729+0200] {processor.py:186} INFO - Started process (PID=8590) to work on /Users/nampham/.pyenv/versions/3.12.9/lib/python3.12/site-packages/airflow/example_dags/example_time_delta_sensor_async.py
[2025-02-28T21:40:01.730+0200] {processor.py:914} INFO - Processing file /Users/nampham/.pyenv/versions/3.12.9/lib/python3.12/site-packages/airflow/example_dags/example_time_delta_sensor_async.py for tasks to queue
[2025-02-28T21:40:01.730+0200] {logging_mixin.py:190} INFO - [2025-02-28T21:40:01.730+0200] {dagbag.py:588} INFO - Filling up the DagBag from /Users/nampham/.pyenv/versions/3.12.9/lib/python3.12/site-packages/airflow/example_dags/example_time_delta_sensor_async.py
[2025-02-28T21:40:01.734+0200] {processor.py:925} INFO - DAG(s) 'example_time_delta_sensor_async' retrieved from /Users/nampham/.pyenv/versions/3.12.9/lib/python3.12/site-packages/airflow/example_dags/example_time_delta_sensor_async.py
[2025-02-28T21:40:02.105+0200] {logging_mixin.py:190} INFO - [2025-02-28T21:40:02.105+0200] {dag.py:3239} INFO - Sync 1 DAGs
[2025-02-28T21:40:02.109+0200] {logging_mixin.py:190} INFO - [2025-02-28T21:40:02.109+0200] {dag.py:4180} INFO - Setting next_dagrun for example_time_delta_sensor_async to None, run_after=None
[2025-02-28T21:40:02.115+0200] {processor.py:208} INFO - Processing /Users/nampham/.pyenv/versions/3.12.9/lib/python3.12/site-packages/airflow/example_dags/example_time_delta_sensor_async.py took 0.387 seconds
[2025-02-28T21:42:21.510+0200] {processor.py:186} INFO - Started process (PID=9179) to work on /Users/nampham/.pyenv/versions/3.12.9/lib/python3.12/site-packages/airflow/example_dags/example_time_delta_sensor_async.py
[2025-02-28T21:42:21.512+0200] {processor.py:914} INFO - Processing file /Users/nampham/.pyenv/versions/3.12.9/lib/python3.12/site-packages/airflow/example_dags/example_time_delta_sensor_async.py for tasks to queue
[2025-02-28T21:42:21.512+0200] {logging_mixin.py:190} INFO - [2025-02-28T21:42:21.512+0200] {dagbag.py:588} INFO - Filling up the DagBag from /Users/nampham/.pyenv/versions/3.12.9/lib/python3.12/site-packages/airflow/example_dags/example_time_delta_sensor_async.py
[2025-02-28T21:42:21.515+0200] {processor.py:925} INFO - DAG(s) 'example_time_delta_sensor_async' retrieved from /Users/nampham/.pyenv/versions/3.12.9/lib/python3.12/site-packages/airflow/example_dags/example_time_delta_sensor_async.py
[2025-02-28T21:42:21.901+0200] {logging_mixin.py:190} INFO - [2025-02-28T21:42:21.901+0200] {override.py:1930} INFO - Created Permission View: can edit on DAG:example_time_delta_sensor_async
[2025-02-28T21:42:21.904+0200] {logging_mixin.py:190} INFO - [2025-02-28T21:42:21.904+0200] {override.py:1930} INFO - Created Permission View: can read on DAG:example_time_delta_sensor_async
[2025-02-28T21:42:21.906+0200] {logging_mixin.py:190} INFO - [2025-02-28T21:42:21.906+0200] {override.py:1930} INFO - Created Permission View: can delete on DAG:example_time_delta_sensor_async
[2025-02-28T21:42:21.909+0200] {logging_mixin.py:190} INFO - [2025-02-28T21:42:21.908+0200] {override.py:1930} INFO - Created Permission View: can create on DAG Run:example_time_delta_sensor_async
[2025-02-28T21:42:21.910+0200] {logging_mixin.py:190} INFO - [2025-02-28T21:42:21.910+0200] {override.py:1930} INFO - Created Permission View: menu access on DAG Run:example_time_delta_sensor_async
[2025-02-28T21:42:21.912+0200] {logging_mixin.py:190} INFO - [2025-02-28T21:42:21.912+0200] {override.py:1930} INFO - Created Permission View: can read on DAG Run:example_time_delta_sensor_async
[2025-02-28T21:42:21.914+0200] {logging_mixin.py:190} INFO - [2025-02-28T21:42:21.914+0200] {override.py:1930} INFO - Created Permission View: can delete on DAG Run:example_time_delta_sensor_async
[2025-02-28T21:42:21.914+0200] {logging_mixin.py:190} INFO - [2025-02-28T21:42:21.914+0200] {dag.py:3239} INFO - Sync 1 DAGs
[2025-02-28T21:42:21.918+0200] {logging_mixin.py:190} INFO - [2025-02-28T21:42:21.918+0200] {dag.py:3262} INFO - Creating ORM DAG for example_time_delta_sensor_async
[2025-02-28T21:42:21.918+0200] {logging_mixin.py:190} INFO - [2025-02-28T21:42:21.918+0200] {dag.py:4180} INFO - Setting next_dagrun for example_time_delta_sensor_async to None, run_after=None
[2025-02-28T21:42:21.923+0200] {processor.py:208} INFO - Processing /Users/nampham/.pyenv/versions/3.12.9/lib/python3.12/site-packages/airflow/example_dags/example_time_delta_sensor_async.py took 0.414 seconds
[2025-02-28T21:43:26.723+0200] {processor.py:186} INFO - Started process (PID=9539) to work on /Users/nampham/.pyenv/versions/3.12.9/lib/python3.12/site-packages/airflow/example_dags/example_time_delta_sensor_async.py
[2025-02-28T21:43:26.724+0200] {processor.py:914} INFO - Processing file /Users/nampham/.pyenv/versions/3.12.9/lib/python3.12/site-packages/airflow/example_dags/example_time_delta_sensor_async.py for tasks to queue
[2025-02-28T21:43:26.725+0200] {logging_mixin.py:190} INFO - [2025-02-28T21:43:26.724+0200] {dagbag.py:588} INFO - Filling up the DagBag from /Users/nampham/.pyenv/versions/3.12.9/lib/python3.12/site-packages/airflow/example_dags/example_time_delta_sensor_async.py
[2025-02-28T21:43:26.728+0200] {processor.py:925} INFO - DAG(s) 'example_time_delta_sensor_async' retrieved from /Users/nampham/.pyenv/versions/3.12.9/lib/python3.12/site-packages/airflow/example_dags/example_time_delta_sensor_async.py
[2025-02-28T21:43:27.021+0200] {logging_mixin.py:190} INFO - [2025-02-28T21:43:27.020+0200] {dag.py:3239} INFO - Sync 1 DAGs
[2025-02-28T21:43:27.025+0200] {logging_mixin.py:190} INFO - [2025-02-28T21:43:27.025+0200] {dag.py:4180} INFO - Setting next_dagrun for example_time_delta_sensor_async to None, run_after=None
[2025-02-28T21:43:27.031+0200] {processor.py:208} INFO - Processing /Users/nampham/.pyenv/versions/3.12.9/lib/python3.12/site-packages/airflow/example_dags/example_time_delta_sensor_async.py took 0.309 seconds
[2025-02-28T21:45:26.256+0200] {processor.py:186} INFO - Started process (PID=10067) to work on /Users/nampham/.pyenv/versions/3.12.9/lib/python3.12/site-packages/airflow/example_dags/example_time_delta_sensor_async.py
[2025-02-28T21:45:26.257+0200] {processor.py:914} INFO - Processing file /Users/nampham/.pyenv/versions/3.12.9/lib/python3.12/site-packages/airflow/example_dags/example_time_delta_sensor_async.py for tasks to queue
[2025-02-28T21:45:26.258+0200] {logging_mixin.py:190} INFO - [2025-02-28T21:45:26.258+0200] {dagbag.py:588} INFO - Filling up the DagBag from /Users/nampham/.pyenv/versions/3.12.9/lib/python3.12/site-packages/airflow/example_dags/example_time_delta_sensor_async.py
[2025-02-28T21:45:26.260+0200] {processor.py:925} INFO - DAG(s) 'example_time_delta_sensor_async' retrieved from /Users/nampham/.pyenv/versions/3.12.9/lib/python3.12/site-packages/airflow/example_dags/example_time_delta_sensor_async.py
[2025-02-28T21:45:26.566+0200] {logging_mixin.py:190} INFO - [2025-02-28T21:45:26.566+0200] {dag.py:3239} INFO - Sync 1 DAGs
[2025-02-28T21:45:26.571+0200] {logging_mixin.py:190} INFO - [2025-02-28T21:45:26.570+0200] {dag.py:4180} INFO - Setting next_dagrun for example_time_delta_sensor_async to None, run_after=None
[2025-02-28T21:45:26.578+0200] {processor.py:208} INFO - Processing /Users/nampham/.pyenv/versions/3.12.9/lib/python3.12/site-packages/airflow/example_dags/example_time_delta_sensor_async.py took 0.323 seconds
[2025-02-28T21:47:50.323+0200] {processor.py:186} INFO - Started process (PID=10636) to work on /Users/nampham/.pyenv/versions/3.12.9/lib/python3.12/site-packages/airflow/example_dags/example_time_delta_sensor_async.py
[2025-02-28T21:47:50.323+0200] {processor.py:914} INFO - Processing file /Users/nampham/.pyenv/versions/3.12.9/lib/python3.12/site-packages/airflow/example_dags/example_time_delta_sensor_async.py for tasks to queue
[2025-02-28T21:47:50.324+0200] {logging_mixin.py:190} INFO - [2025-02-28T21:47:50.324+0200] {dagbag.py:588} INFO - Filling up the DagBag from /Users/nampham/.pyenv/versions/3.12.9/lib/python3.12/site-packages/airflow/example_dags/example_time_delta_sensor_async.py
[2025-02-28T21:47:50.326+0200] {processor.py:925} INFO - DAG(s) 'example_time_delta_sensor_async' retrieved from /Users/nampham/.pyenv/versions/3.12.9/lib/python3.12/site-packages/airflow/example_dags/example_time_delta_sensor_async.py
[2025-02-28T21:47:50.672+0200] {logging_mixin.py:190} INFO - [2025-02-28T21:47:50.672+0200] {dag.py:3239} INFO - Sync 1 DAGs
[2025-02-28T21:47:50.676+0200] {logging_mixin.py:190} INFO - [2025-02-28T21:47:50.676+0200] {dag.py:4180} INFO - Setting next_dagrun for example_time_delta_sensor_async to None, run_after=None
[2025-02-28T21:47:50.682+0200] {processor.py:208} INFO - Processing /Users/nampham/.pyenv/versions/3.12.9/lib/python3.12/site-packages/airflow/example_dags/example_time_delta_sensor_async.py took 0.361 seconds
[2025-02-28T22:27:42.833+0200] {processor.py:186} INFO - Started process (PID=18063) to work on /Users/nampham/.pyenv/versions/3.12.9/lib/python3.12/site-packages/airflow/example_dags/example_time_delta_sensor_async.py
[2025-02-28T22:27:42.834+0200] {processor.py:914} INFO - Processing file /Users/nampham/.pyenv/versions/3.12.9/lib/python3.12/site-packages/airflow/example_dags/example_time_delta_sensor_async.py for tasks to queue
[2025-02-28T22:27:42.834+0200] {logging_mixin.py:190} INFO - [2025-02-28T22:27:42.834+0200] {dagbag.py:588} INFO - Filling up the DagBag from /Users/nampham/.pyenv/versions/3.12.9/lib/python3.12/site-packages/airflow/example_dags/example_time_delta_sensor_async.py
[2025-02-28T22:27:42.837+0200] {processor.py:925} INFO - DAG(s) 'example_time_delta_sensor_async' retrieved from /Users/nampham/.pyenv/versions/3.12.9/lib/python3.12/site-packages/airflow/example_dags/example_time_delta_sensor_async.py
[2025-02-28T22:27:43.239+0200] {logging_mixin.py:190} INFO - [2025-02-28T22:27:43.238+0200] {override.py:1930} INFO - Created Permission View: can read on DAG:example_time_delta_sensor_async
[2025-02-28T22:27:43.242+0200] {logging_mixin.py:190} INFO - [2025-02-28T22:27:43.242+0200] {override.py:1930} INFO - Created Permission View: can edit on DAG:example_time_delta_sensor_async
[2025-02-28T22:27:43.243+0200] {logging_mixin.py:190} INFO - [2025-02-28T22:27:43.243+0200] {override.py:1930} INFO - Created Permission View: can delete on DAG:example_time_delta_sensor_async
[2025-02-28T22:27:43.246+0200] {logging_mixin.py:190} INFO - [2025-02-28T22:27:43.246+0200] {override.py:1930} INFO - Created Permission View: can read on DAG Run:example_time_delta_sensor_async
[2025-02-28T22:27:43.248+0200] {logging_mixin.py:190} INFO - [2025-02-28T22:27:43.248+0200] {override.py:1930} INFO - Created Permission View: can create on DAG Run:example_time_delta_sensor_async
[2025-02-28T22:27:43.249+0200] {logging_mixin.py:190} INFO - [2025-02-28T22:27:43.249+0200] {override.py:1930} INFO - Created Permission View: menu access on DAG Run:example_time_delta_sensor_async
[2025-02-28T22:27:43.251+0200] {logging_mixin.py:190} INFO - [2025-02-28T22:27:43.251+0200] {override.py:1930} INFO - Created Permission View: can delete on DAG Run:example_time_delta_sensor_async
[2025-02-28T22:27:43.251+0200] {logging_mixin.py:190} INFO - [2025-02-28T22:27:43.251+0200] {dag.py:3239} INFO - Sync 1 DAGs
[2025-02-28T22:27:43.256+0200] {logging_mixin.py:190} INFO - [2025-02-28T22:27:43.255+0200] {dag.py:3262} INFO - Creating ORM DAG for example_time_delta_sensor_async
[2025-02-28T22:27:43.256+0200] {logging_mixin.py:190} INFO - [2025-02-28T22:27:43.256+0200] {dag.py:4180} INFO - Setting next_dagrun for example_time_delta_sensor_async to None, run_after=None
[2025-02-28T22:27:43.261+0200] {processor.py:208} INFO - Processing /Users/nampham/.pyenv/versions/3.12.9/lib/python3.12/site-packages/airflow/example_dags/example_time_delta_sensor_async.py took 0.430 seconds
[2025-02-28T22:35:49.393+0200] {processor.py:186} INFO - Started process (PID=19712) to work on /Users/nampham/.pyenv/versions/3.12.9/lib/python3.12/site-packages/airflow/example_dags/example_time_delta_sensor_async.py
[2025-02-28T22:35:49.394+0200] {processor.py:914} INFO - Processing file /Users/nampham/.pyenv/versions/3.12.9/lib/python3.12/site-packages/airflow/example_dags/example_time_delta_sensor_async.py for tasks to queue
[2025-02-28T22:35:49.395+0200] {logging_mixin.py:190} INFO - [2025-02-28T22:35:49.395+0200] {dagbag.py:588} INFO - Filling up the DagBag from /Users/nampham/.pyenv/versions/3.12.9/lib/python3.12/site-packages/airflow/example_dags/example_time_delta_sensor_async.py
[2025-02-28T22:35:49.398+0200] {processor.py:925} INFO - DAG(s) 'example_time_delta_sensor_async' retrieved from /Users/nampham/.pyenv/versions/3.12.9/lib/python3.12/site-packages/airflow/example_dags/example_time_delta_sensor_async.py
[2025-02-28T22:35:49.800+0200] {logging_mixin.py:190} INFO - [2025-02-28T22:35:49.799+0200] {override.py:1930} INFO - Created Permission View: can read on DAG:example_time_delta_sensor_async
[2025-02-28T22:35:49.802+0200] {logging_mixin.py:190} INFO - [2025-02-28T22:35:49.802+0200] {override.py:1930} INFO - Created Permission View: can delete on DAG:example_time_delta_sensor_async
[2025-02-28T22:35:49.804+0200] {logging_mixin.py:190} INFO - [2025-02-28T22:35:49.804+0200] {override.py:1930} INFO - Created Permission View: can edit on DAG:example_time_delta_sensor_async
[2025-02-28T22:35:49.807+0200] {logging_mixin.py:190} INFO - [2025-02-28T22:35:49.807+0200] {override.py:1930} INFO - Created Permission View: can delete on DAG Run:example_time_delta_sensor_async
[2025-02-28T22:35:49.812+0200] {logging_mixin.py:190} INFO - [2025-02-28T22:35:49.812+0200] {override.py:1930} INFO - Created Permission View: can read on DAG Run:example_time_delta_sensor_async
[2025-02-28T22:35:49.816+0200] {logging_mixin.py:190} INFO - [2025-02-28T22:35:49.816+0200] {override.py:1930} INFO - Created Permission View: menu access on DAG Run:example_time_delta_sensor_async
[2025-02-28T22:35:49.818+0200] {logging_mixin.py:190} INFO - [2025-02-28T22:35:49.818+0200] {override.py:1930} INFO - Created Permission View: can create on DAG Run:example_time_delta_sensor_async
[2025-02-28T22:35:49.818+0200] {logging_mixin.py:190} INFO - [2025-02-28T22:35:49.818+0200] {dag.py:3239} INFO - Sync 1 DAGs
[2025-02-28T22:35:49.822+0200] {logging_mixin.py:190} INFO - [2025-02-28T22:35:49.822+0200] {dag.py:3262} INFO - Creating ORM DAG for example_time_delta_sensor_async
[2025-02-28T22:35:49.822+0200] {logging_mixin.py:190} INFO - [2025-02-28T22:35:49.822+0200] {dag.py:4180} INFO - Setting next_dagrun for example_time_delta_sensor_async to None, run_after=None
[2025-02-28T22:35:49.828+0200] {processor.py:208} INFO - Processing /Users/nampham/.pyenv/versions/3.12.9/lib/python3.12/site-packages/airflow/example_dags/example_time_delta_sensor_async.py took 0.435 seconds
[2025-02-28T22:38:04.859+0200] {processor.py:186} INFO - Started process (PID=20239) to work on /Users/nampham/.pyenv/versions/3.12.9/lib/python3.12/site-packages/airflow/example_dags/example_time_delta_sensor_async.py
[2025-02-28T22:38:04.860+0200] {processor.py:914} INFO - Processing file /Users/nampham/.pyenv/versions/3.12.9/lib/python3.12/site-packages/airflow/example_dags/example_time_delta_sensor_async.py for tasks to queue
[2025-02-28T22:38:04.861+0200] {logging_mixin.py:190} INFO - [2025-02-28T22:38:04.860+0200] {dagbag.py:588} INFO - Filling up the DagBag from /Users/nampham/.pyenv/versions/3.12.9/lib/python3.12/site-packages/airflow/example_dags/example_time_delta_sensor_async.py
[2025-02-28T22:38:04.863+0200] {processor.py:925} INFO - DAG(s) 'example_time_delta_sensor_async' retrieved from /Users/nampham/.pyenv/versions/3.12.9/lib/python3.12/site-packages/airflow/example_dags/example_time_delta_sensor_async.py
[2025-02-28T22:38:05.167+0200] {logging_mixin.py:190} INFO - [2025-02-28T22:38:05.167+0200] {dag.py:3239} INFO - Sync 1 DAGs
[2025-02-28T22:38:05.174+0200] {logging_mixin.py:190} INFO - [2025-02-28T22:38:05.174+0200] {dag.py:4180} INFO - Setting next_dagrun for example_time_delta_sensor_async to None, run_after=None
[2025-02-28T22:38:05.189+0200] {processor.py:208} INFO - Processing /Users/nampham/.pyenv/versions/3.12.9/lib/python3.12/site-packages/airflow/example_dags/example_time_delta_sensor_async.py took 0.332 seconds
[2025-02-28T22:39:19.874+0200] {processor.py:186} INFO - Started process (PID=20489) to work on /Users/nampham/.pyenv/versions/3.12.9/lib/python3.12/site-packages/airflow/example_dags/example_time_delta_sensor_async.py
[2025-02-28T22:39:19.875+0200] {processor.py:914} INFO - Processing file /Users/nampham/.pyenv/versions/3.12.9/lib/python3.12/site-packages/airflow/example_dags/example_time_delta_sensor_async.py for tasks to queue
[2025-02-28T22:39:19.875+0200] {logging_mixin.py:190} INFO - [2025-02-28T22:39:19.875+0200] {dagbag.py:588} INFO - Filling up the DagBag from /Users/nampham/.pyenv/versions/3.12.9/lib/python3.12/site-packages/airflow/example_dags/example_time_delta_sensor_async.py
[2025-02-28T22:39:19.879+0200] {processor.py:925} INFO - DAG(s) 'example_time_delta_sensor_async' retrieved from /Users/nampham/.pyenv/versions/3.12.9/lib/python3.12/site-packages/airflow/example_dags/example_time_delta_sensor_async.py
[2025-02-28T22:39:20.175+0200] {logging_mixin.py:190} INFO - [2025-02-28T22:39:20.175+0200] {dag.py:3239} INFO - Sync 1 DAGs
[2025-02-28T22:39:20.180+0200] {logging_mixin.py:190} INFO - [2025-02-28T22:39:20.180+0200] {dag.py:4180} INFO - Setting next_dagrun for example_time_delta_sensor_async to None, run_after=None
[2025-02-28T22:39:20.190+0200] {processor.py:208} INFO - Processing /Users/nampham/.pyenv/versions/3.12.9/lib/python3.12/site-packages/airflow/example_dags/example_time_delta_sensor_async.py took 0.317 seconds
[2025-02-28T22:40:59.831+0200] {processor.py:186} INFO - Started process (PID=20810) to work on /Users/nampham/.pyenv/versions/3.12.9/lib/python3.12/site-packages/airflow/example_dags/example_time_delta_sensor_async.py
[2025-02-28T22:40:59.833+0200] {processor.py:914} INFO - Processing file /Users/nampham/.pyenv/versions/3.12.9/lib/python3.12/site-packages/airflow/example_dags/example_time_delta_sensor_async.py for tasks to queue
[2025-02-28T22:40:59.833+0200] {logging_mixin.py:190} INFO - [2025-02-28T22:40:59.833+0200] {dagbag.py:588} INFO - Filling up the DagBag from /Users/nampham/.pyenv/versions/3.12.9/lib/python3.12/site-packages/airflow/example_dags/example_time_delta_sensor_async.py
[2025-02-28T22:40:59.836+0200] {processor.py:925} INFO - DAG(s) 'example_time_delta_sensor_async' retrieved from /Users/nampham/.pyenv/versions/3.12.9/lib/python3.12/site-packages/airflow/example_dags/example_time_delta_sensor_async.py
[2025-02-28T22:41:00.157+0200] {logging_mixin.py:190} INFO - [2025-02-28T22:41:00.156+0200] {dag.py:3239} INFO - Sync 1 DAGs
[2025-02-28T22:41:00.161+0200] {logging_mixin.py:190} INFO - [2025-02-28T22:41:00.161+0200] {dag.py:4180} INFO - Setting next_dagrun for example_time_delta_sensor_async to None, run_after=None
[2025-02-28T22:41:00.168+0200] {processor.py:208} INFO - Processing /Users/nampham/.pyenv/versions/3.12.9/lib/python3.12/site-packages/airflow/example_dags/example_time_delta_sensor_async.py took 0.338 seconds
[2025-02-28T22:42:08.479+0200] {processor.py:186} INFO - Started process (PID=21043) to work on /Users/nampham/.pyenv/versions/3.12.9/lib/python3.12/site-packages/airflow/example_dags/example_time_delta_sensor_async.py
[2025-02-28T22:42:08.480+0200] {processor.py:914} INFO - Processing file /Users/nampham/.pyenv/versions/3.12.9/lib/python3.12/site-packages/airflow/example_dags/example_time_delta_sensor_async.py for tasks to queue
[2025-02-28T22:42:08.480+0200] {logging_mixin.py:190} INFO - [2025-02-28T22:42:08.480+0200] {dagbag.py:588} INFO - Filling up the DagBag from /Users/nampham/.pyenv/versions/3.12.9/lib/python3.12/site-packages/airflow/example_dags/example_time_delta_sensor_async.py
[2025-02-28T22:42:08.483+0200] {processor.py:925} INFO - DAG(s) 'example_time_delta_sensor_async' retrieved from /Users/nampham/.pyenv/versions/3.12.9/lib/python3.12/site-packages/airflow/example_dags/example_time_delta_sensor_async.py
[2025-02-28T22:42:08.808+0200] {logging_mixin.py:190} INFO - [2025-02-28T22:42:08.808+0200] {dag.py:3239} INFO - Sync 1 DAGs
[2025-02-28T22:42:08.812+0200] {logging_mixin.py:190} INFO - [2025-02-28T22:42:08.812+0200] {dag.py:4180} INFO - Setting next_dagrun for example_time_delta_sensor_async to None, run_after=None
[2025-02-28T22:42:08.819+0200] {processor.py:208} INFO - Processing /Users/nampham/.pyenv/versions/3.12.9/lib/python3.12/site-packages/airflow/example_dags/example_time_delta_sensor_async.py took 0.341 seconds
[2025-02-28T22:43:22.868+0200] {processor.py:186} INFO - Started process (PID=21323) to work on /Users/nampham/.pyenv/versions/3.12.9/lib/python3.12/site-packages/airflow/example_dags/example_time_delta_sensor_async.py
[2025-02-28T22:43:22.869+0200] {processor.py:914} INFO - Processing file /Users/nampham/.pyenv/versions/3.12.9/lib/python3.12/site-packages/airflow/example_dags/example_time_delta_sensor_async.py for tasks to queue
[2025-02-28T22:43:22.870+0200] {logging_mixin.py:190} INFO - [2025-02-28T22:43:22.870+0200] {dagbag.py:588} INFO - Filling up the DagBag from /Users/nampham/.pyenv/versions/3.12.9/lib/python3.12/site-packages/airflow/example_dags/example_time_delta_sensor_async.py
[2025-02-28T22:43:22.873+0200] {processor.py:925} INFO - DAG(s) 'example_time_delta_sensor_async' retrieved from /Users/nampham/.pyenv/versions/3.12.9/lib/python3.12/site-packages/airflow/example_dags/example_time_delta_sensor_async.py
[2025-02-28T22:43:23.195+0200] {logging_mixin.py:190} INFO - [2025-02-28T22:43:23.195+0200] {dag.py:3239} INFO - Sync 1 DAGs
[2025-02-28T22:43:23.201+0200] {logging_mixin.py:190} INFO - [2025-02-28T22:43:23.201+0200] {dag.py:4180} INFO - Setting next_dagrun for example_time_delta_sensor_async to None, run_after=None
[2025-02-28T22:43:23.208+0200] {processor.py:208} INFO - Processing /Users/nampham/.pyenv/versions/3.12.9/lib/python3.12/site-packages/airflow/example_dags/example_time_delta_sensor_async.py took 0.341 seconds
[2025-02-28T22:44:39.412+0200] {processor.py:186} INFO - Started process (PID=21596) to work on /Users/nampham/.pyenv/versions/3.12.9/lib/python3.12/site-packages/airflow/example_dags/example_time_delta_sensor_async.py
[2025-02-28T22:44:39.412+0200] {processor.py:914} INFO - Processing file /Users/nampham/.pyenv/versions/3.12.9/lib/python3.12/site-packages/airflow/example_dags/example_time_delta_sensor_async.py for tasks to queue
[2025-02-28T22:44:39.413+0200] {logging_mixin.py:190} INFO - [2025-02-28T22:44:39.413+0200] {dagbag.py:588} INFO - Filling up the DagBag from /Users/nampham/.pyenv/versions/3.12.9/lib/python3.12/site-packages/airflow/example_dags/example_time_delta_sensor_async.py
[2025-02-28T22:44:39.416+0200] {processor.py:925} INFO - DAG(s) 'example_time_delta_sensor_async' retrieved from /Users/nampham/.pyenv/versions/3.12.9/lib/python3.12/site-packages/airflow/example_dags/example_time_delta_sensor_async.py
[2025-02-28T22:44:39.732+0200] {logging_mixin.py:190} INFO - [2025-02-28T22:44:39.731+0200] {dag.py:3239} INFO - Sync 1 DAGs
[2025-02-28T22:44:39.741+0200] {logging_mixin.py:190} INFO - [2025-02-28T22:44:39.741+0200] {dag.py:4180} INFO - Setting next_dagrun for example_time_delta_sensor_async to None, run_after=None
[2025-02-28T22:44:39.748+0200] {processor.py:208} INFO - Processing /Users/nampham/.pyenv/versions/3.12.9/lib/python3.12/site-packages/airflow/example_dags/example_time_delta_sensor_async.py took 0.338 seconds
[2025-02-28T22:46:22.143+0200] {processor.py:186} INFO - Started process (PID=21943) to work on /Users/nampham/.pyenv/versions/3.12.9/lib/python3.12/site-packages/airflow/example_dags/example_time_delta_sensor_async.py
[2025-02-28T22:46:22.144+0200] {processor.py:914} INFO - Processing file /Users/nampham/.pyenv/versions/3.12.9/lib/python3.12/site-packages/airflow/example_dags/example_time_delta_sensor_async.py for tasks to queue
[2025-02-28T22:46:22.145+0200] {logging_mixin.py:190} INFO - [2025-02-28T22:46:22.145+0200] {dagbag.py:588} INFO - Filling up the DagBag from /Users/nampham/.pyenv/versions/3.12.9/lib/python3.12/site-packages/airflow/example_dags/example_time_delta_sensor_async.py
[2025-02-28T22:46:22.148+0200] {processor.py:925} INFO - DAG(s) 'example_time_delta_sensor_async' retrieved from /Users/nampham/.pyenv/versions/3.12.9/lib/python3.12/site-packages/airflow/example_dags/example_time_delta_sensor_async.py
[2025-02-28T22:46:22.463+0200] {logging_mixin.py:190} INFO - [2025-02-28T22:46:22.463+0200] {dag.py:3239} INFO - Sync 1 DAGs
[2025-02-28T22:46:22.467+0200] {logging_mixin.py:190} INFO - [2025-02-28T22:46:22.467+0200] {dag.py:4180} INFO - Setting next_dagrun for example_time_delta_sensor_async to None, run_after=None
[2025-02-28T22:46:22.473+0200] {processor.py:208} INFO - Processing /Users/nampham/.pyenv/versions/3.12.9/lib/python3.12/site-packages/airflow/example_dags/example_time_delta_sensor_async.py took 0.332 seconds
[2025-02-28T22:48:21.417+0200] {processor.py:186} INFO - Started process (PID=22244) to work on /Users/nampham/.pyenv/versions/3.12.9/lib/python3.12/site-packages/airflow/example_dags/example_time_delta_sensor_async.py
[2025-02-28T22:48:21.419+0200] {processor.py:914} INFO - Processing file /Users/nampham/.pyenv/versions/3.12.9/lib/python3.12/site-packages/airflow/example_dags/example_time_delta_sensor_async.py for tasks to queue
[2025-02-28T22:48:21.420+0200] {logging_mixin.py:190} INFO - [2025-02-28T22:48:21.420+0200] {dagbag.py:588} INFO - Filling up the DagBag from /Users/nampham/.pyenv/versions/3.12.9/lib/python3.12/site-packages/airflow/example_dags/example_time_delta_sensor_async.py
[2025-02-28T22:48:21.423+0200] {processor.py:925} INFO - DAG(s) 'example_time_delta_sensor_async' retrieved from /Users/nampham/.pyenv/versions/3.12.9/lib/python3.12/site-packages/airflow/example_dags/example_time_delta_sensor_async.py
[2025-02-28T22:48:21.734+0200] {logging_mixin.py:190} INFO - [2025-02-28T22:48:21.734+0200] {dag.py:3239} INFO - Sync 1 DAGs
[2025-02-28T22:48:21.738+0200] {logging_mixin.py:190} INFO - [2025-02-28T22:48:21.738+0200] {dag.py:4180} INFO - Setting next_dagrun for example_time_delta_sensor_async to None, run_after=None
[2025-02-28T22:48:21.748+0200] {processor.py:208} INFO - Processing /Users/nampham/.pyenv/versions/3.12.9/lib/python3.12/site-packages/airflow/example_dags/example_time_delta_sensor_async.py took 0.332 seconds
[2025-02-28T22:54:38.619+0200] {processor.py:186} INFO - Started process (PID=22690) to work on /Users/nampham/.pyenv/versions/3.12.9/lib/python3.12/site-packages/airflow/example_dags/example_time_delta_sensor_async.py
[2025-02-28T22:54:38.621+0200] {processor.py:914} INFO - Processing file /Users/nampham/.pyenv/versions/3.12.9/lib/python3.12/site-packages/airflow/example_dags/example_time_delta_sensor_async.py for tasks to queue
[2025-02-28T22:54:38.621+0200] {logging_mixin.py:190} INFO - [2025-02-28T22:54:38.621+0200] {dagbag.py:588} INFO - Filling up the DagBag from /Users/nampham/.pyenv/versions/3.12.9/lib/python3.12/site-packages/airflow/example_dags/example_time_delta_sensor_async.py
[2025-02-28T22:54:38.625+0200] {processor.py:925} INFO - DAG(s) 'example_time_delta_sensor_async' retrieved from /Users/nampham/.pyenv/versions/3.12.9/lib/python3.12/site-packages/airflow/example_dags/example_time_delta_sensor_async.py
[2025-02-28T22:54:38.931+0200] {logging_mixin.py:190} INFO - [2025-02-28T22:54:38.931+0200] {dag.py:3239} INFO - Sync 1 DAGs
[2025-02-28T22:54:38.939+0200] {logging_mixin.py:190} INFO - [2025-02-28T22:54:38.939+0200] {dag.py:4180} INFO - Setting next_dagrun for example_time_delta_sensor_async to None, run_after=None
[2025-02-28T22:54:38.948+0200] {processor.py:208} INFO - Processing /Users/nampham/.pyenv/versions/3.12.9/lib/python3.12/site-packages/airflow/example_dags/example_time_delta_sensor_async.py took 0.331 seconds
[2025-02-28T22:56:23.320+0200] {processor.py:186} INFO - Started process (PID=23041) to work on /Users/nampham/.pyenv/versions/3.12.9/lib/python3.12/site-packages/airflow/example_dags/example_time_delta_sensor_async.py
[2025-02-28T22:56:23.322+0200] {processor.py:914} INFO - Processing file /Users/nampham/.pyenv/versions/3.12.9/lib/python3.12/site-packages/airflow/example_dags/example_time_delta_sensor_async.py for tasks to queue
[2025-02-28T22:56:23.322+0200] {logging_mixin.py:190} INFO - [2025-02-28T22:56:23.322+0200] {dagbag.py:588} INFO - Filling up the DagBag from /Users/nampham/.pyenv/versions/3.12.9/lib/python3.12/site-packages/airflow/example_dags/example_time_delta_sensor_async.py
[2025-02-28T22:56:23.325+0200] {processor.py:925} INFO - DAG(s) 'example_time_delta_sensor_async' retrieved from /Users/nampham/.pyenv/versions/3.12.9/lib/python3.12/site-packages/airflow/example_dags/example_time_delta_sensor_async.py
[2025-02-28T22:56:23.645+0200] {logging_mixin.py:190} INFO - [2025-02-28T22:56:23.645+0200] {dag.py:3239} INFO - Sync 1 DAGs
[2025-02-28T22:56:23.651+0200] {logging_mixin.py:190} INFO - [2025-02-28T22:56:23.651+0200] {dag.py:4180} INFO - Setting next_dagrun for example_time_delta_sensor_async to None, run_after=None
[2025-02-28T22:56:23.658+0200] {processor.py:208} INFO - Processing /Users/nampham/.pyenv/versions/3.12.9/lib/python3.12/site-packages/airflow/example_dags/example_time_delta_sensor_async.py took 0.340 seconds
[2025-02-28T22:57:50.170+0200] {processor.py:186} INFO - Started process (PID=23327) to work on /Users/nampham/.pyenv/versions/3.12.9/lib/python3.12/site-packages/airflow/example_dags/example_time_delta_sensor_async.py
[2025-02-28T22:57:50.171+0200] {processor.py:914} INFO - Processing file /Users/nampham/.pyenv/versions/3.12.9/lib/python3.12/site-packages/airflow/example_dags/example_time_delta_sensor_async.py for tasks to queue
[2025-02-28T22:57:50.171+0200] {logging_mixin.py:190} INFO - [2025-02-28T22:57:50.171+0200] {dagbag.py:588} INFO - Filling up the DagBag from /Users/nampham/.pyenv/versions/3.12.9/lib/python3.12/site-packages/airflow/example_dags/example_time_delta_sensor_async.py
[2025-02-28T22:57:50.174+0200] {processor.py:925} INFO - DAG(s) 'example_time_delta_sensor_async' retrieved from /Users/nampham/.pyenv/versions/3.12.9/lib/python3.12/site-packages/airflow/example_dags/example_time_delta_sensor_async.py
[2025-02-28T22:57:50.485+0200] {logging_mixin.py:190} INFO - [2025-02-28T22:57:50.484+0200] {dag.py:3239} INFO - Sync 1 DAGs
[2025-02-28T22:57:50.488+0200] {logging_mixin.py:190} INFO - [2025-02-28T22:57:50.488+0200] {dag.py:4180} INFO - Setting next_dagrun for example_time_delta_sensor_async to None, run_after=None
[2025-02-28T22:57:50.495+0200] {processor.py:208} INFO - Processing /Users/nampham/.pyenv/versions/3.12.9/lib/python3.12/site-packages/airflow/example_dags/example_time_delta_sensor_async.py took 0.326 seconds
[2025-02-28T22:59:07.578+0200] {processor.py:186} INFO - Started process (PID=23577) to work on /Users/nampham/.pyenv/versions/3.12.9/lib/python3.12/site-packages/airflow/example_dags/example_time_delta_sensor_async.py
[2025-02-28T22:59:07.580+0200] {processor.py:914} INFO - Processing file /Users/nampham/.pyenv/versions/3.12.9/lib/python3.12/site-packages/airflow/example_dags/example_time_delta_sensor_async.py for tasks to queue
[2025-02-28T22:59:07.580+0200] {logging_mixin.py:190} INFO - [2025-02-28T22:59:07.580+0200] {dagbag.py:588} INFO - Filling up the DagBag from /Users/nampham/.pyenv/versions/3.12.9/lib/python3.12/site-packages/airflow/example_dags/example_time_delta_sensor_async.py
[2025-02-28T22:59:07.584+0200] {processor.py:925} INFO - DAG(s) 'example_time_delta_sensor_async' retrieved from /Users/nampham/.pyenv/versions/3.12.9/lib/python3.12/site-packages/airflow/example_dags/example_time_delta_sensor_async.py
[2025-02-28T22:59:07.893+0200] {logging_mixin.py:190} INFO - [2025-02-28T22:59:07.893+0200] {dag.py:3239} INFO - Sync 1 DAGs
[2025-02-28T22:59:07.897+0200] {logging_mixin.py:190} INFO - [2025-02-28T22:59:07.897+0200] {dag.py:4180} INFO - Setting next_dagrun for example_time_delta_sensor_async to None, run_after=None
[2025-02-28T22:59:07.907+0200] {processor.py:208} INFO - Processing /Users/nampham/.pyenv/versions/3.12.9/lib/python3.12/site-packages/airflow/example_dags/example_time_delta_sensor_async.py took 0.330 seconds
[2025-02-28T23:00:51.595+0200] {processor.py:186} INFO - Started process (PID=23947) to work on /Users/nampham/.pyenv/versions/3.12.9/lib/python3.12/site-packages/airflow/example_dags/example_time_delta_sensor_async.py
[2025-02-28T23:00:51.597+0200] {processor.py:914} INFO - Processing file /Users/nampham/.pyenv/versions/3.12.9/lib/python3.12/site-packages/airflow/example_dags/example_time_delta_sensor_async.py for tasks to queue
[2025-02-28T23:00:51.598+0200] {logging_mixin.py:190} INFO - [2025-02-28T23:00:51.598+0200] {dagbag.py:588} INFO - Filling up the DagBag from /Users/nampham/.pyenv/versions/3.12.9/lib/python3.12/site-packages/airflow/example_dags/example_time_delta_sensor_async.py
[2025-02-28T23:00:51.600+0200] {processor.py:925} INFO - DAG(s) 'example_time_delta_sensor_async' retrieved from /Users/nampham/.pyenv/versions/3.12.9/lib/python3.12/site-packages/airflow/example_dags/example_time_delta_sensor_async.py
[2025-02-28T23:00:51.918+0200] {logging_mixin.py:190} INFO - [2025-02-28T23:00:51.918+0200] {dag.py:3239} INFO - Sync 1 DAGs
[2025-02-28T23:00:51.926+0200] {logging_mixin.py:190} INFO - [2025-02-28T23:00:51.926+0200] {dag.py:4180} INFO - Setting next_dagrun for example_time_delta_sensor_async to None, run_after=None
[2025-02-28T23:00:51.933+0200] {processor.py:208} INFO - Processing /Users/nampham/.pyenv/versions/3.12.9/lib/python3.12/site-packages/airflow/example_dags/example_time_delta_sensor_async.py took 0.339 seconds
[2025-02-28T23:02:05.648+0200] {processor.py:186} INFO - Started process (PID=24192) to work on /Users/nampham/.pyenv/versions/3.12.9/lib/python3.12/site-packages/airflow/example_dags/example_time_delta_sensor_async.py
[2025-02-28T23:02:05.649+0200] {processor.py:914} INFO - Processing file /Users/nampham/.pyenv/versions/3.12.9/lib/python3.12/site-packages/airflow/example_dags/example_time_delta_sensor_async.py for tasks to queue
[2025-02-28T23:02:05.650+0200] {logging_mixin.py:190} INFO - [2025-02-28T23:02:05.650+0200] {dagbag.py:588} INFO - Filling up the DagBag from /Users/nampham/.pyenv/versions/3.12.9/lib/python3.12/site-packages/airflow/example_dags/example_time_delta_sensor_async.py
[2025-02-28T23:02:05.653+0200] {processor.py:925} INFO - DAG(s) 'example_time_delta_sensor_async' retrieved from /Users/nampham/.pyenv/versions/3.12.9/lib/python3.12/site-packages/airflow/example_dags/example_time_delta_sensor_async.py
[2025-02-28T23:02:05.954+0200] {logging_mixin.py:190} INFO - [2025-02-28T23:02:05.953+0200] {dag.py:3239} INFO - Sync 1 DAGs
[2025-02-28T23:02:05.959+0200] {logging_mixin.py:190} INFO - [2025-02-28T23:02:05.959+0200] {dag.py:4180} INFO - Setting next_dagrun for example_time_delta_sensor_async to None, run_after=None
[2025-02-28T23:02:05.966+0200] {processor.py:208} INFO - Processing /Users/nampham/.pyenv/versions/3.12.9/lib/python3.12/site-packages/airflow/example_dags/example_time_delta_sensor_async.py took 0.319 seconds
