[2025-02-28T18:24:39.927+0200] {processor.py:186} INFO - Started process (PID=93117) to work on /Users/nampham/.pyenv/versions/3.12.9/lib/python3.12/site-packages/airflow/example_dags/example_xcom.py
[2025-02-28T18:24:39.928+0200] {processor.py:914} INFO - Processing file /Users/nampham/.pyenv/versions/3.12.9/lib/python3.12/site-packages/airflow/example_dags/example_xcom.py for tasks to queue
[2025-02-28T18:24:39.928+0200] {logging_mixin.py:190} INFO - [2025-02-28T18:24:39.928+0200] {dagbag.py:588} INFO - Filling up the DagBag from /Users/nampham/.pyenv/versions/3.12.9/lib/python3.12/site-packages/airflow/example_dags/example_xcom.py
[2025-02-28T18:24:39.972+0200] {processor.py:925} INFO - DAG(s) 'example_xcom' retrieved from /Users/nampham/.pyenv/versions/3.12.9/lib/python3.12/site-packages/airflow/example_dags/example_xcom.py
[2025-02-28T18:24:40.037+0200] {logging_mixin.py:190} INFO - [2025-02-28T18:24:40.036+0200] {override.py:1930} INFO - Created Permission View: can delete on DAG:example_xcom
[2025-02-28T18:24:40.039+0200] {logging_mixin.py:190} INFO - [2025-02-28T18:24:40.039+0200] {override.py:1930} INFO - Created Permission View: can edit on DAG:example_xcom
[2025-02-28T18:24:40.041+0200] {logging_mixin.py:190} INFO - [2025-02-28T18:24:40.041+0200] {override.py:1930} INFO - Created Permission View: can read on DAG:example_xcom
[2025-02-28T18:24:40.043+0200] {logging_mixin.py:190} INFO - [2025-02-28T18:24:40.043+0200] {override.py:1930} INFO - Created Permission View: can delete on DAG Run:example_xcom
[2025-02-28T18:24:40.045+0200] {logging_mixin.py:190} INFO - [2025-02-28T18:24:40.045+0200] {override.py:1930} INFO - Created Permission View: can create on DAG Run:example_xcom
[2025-02-28T18:24:40.047+0200] {logging_mixin.py:190} INFO - [2025-02-28T18:24:40.047+0200] {override.py:1930} INFO - Created Permission View: can read on DAG Run:example_xcom
[2025-02-28T18:24:40.049+0200] {logging_mixin.py:190} INFO - [2025-02-28T18:24:40.049+0200] {override.py:1930} INFO - Created Permission View: menu access on DAG Run:example_xcom
[2025-02-28T18:24:40.049+0200] {logging_mixin.py:190} INFO - [2025-02-28T18:24:40.049+0200] {dag.py:3239} INFO - Sync 1 DAGs
[2025-02-28T18:24:40.053+0200] {logging_mixin.py:190} INFO - [2025-02-28T18:24:40.053+0200] {dag.py:3262} INFO - Creating ORM DAG for example_xcom
[2025-02-28T18:24:40.055+0200] {logging_mixin.py:190} INFO - [2025-02-28T18:24:40.055+0200] {dag.py:4180} INFO - Setting next_dagrun for example_xcom to 2021-01-01 00:00:00+00:00, run_after=2021-01-01 00:00:00+00:00
[2025-02-28T18:24:40.061+0200] {processor.py:208} INFO - Processing /Users/nampham/.pyenv/versions/3.12.9/lib/python3.12/site-packages/airflow/example_dags/example_xcom.py took 0.135 seconds
[2025-02-28T18:26:28.111+0200] {processor.py:186} INFO - Started process (PID=93575) to work on /Users/nampham/.pyenv/versions/3.12.9/lib/python3.12/site-packages/airflow/example_dags/example_xcom.py
[2025-02-28T18:26:28.113+0200] {processor.py:914} INFO - Processing file /Users/nampham/.pyenv/versions/3.12.9/lib/python3.12/site-packages/airflow/example_dags/example_xcom.py for tasks to queue
[2025-02-28T18:26:28.113+0200] {logging_mixin.py:190} INFO - [2025-02-28T18:26:28.113+0200] {dagbag.py:588} INFO - Filling up the DagBag from /Users/nampham/.pyenv/versions/3.12.9/lib/python3.12/site-packages/airflow/example_dags/example_xcom.py
[2025-02-28T18:26:28.150+0200] {processor.py:925} INFO - DAG(s) 'example_xcom' retrieved from /Users/nampham/.pyenv/versions/3.12.9/lib/python3.12/site-packages/airflow/example_dags/example_xcom.py
[2025-02-28T18:26:28.185+0200] {logging_mixin.py:190} INFO - [2025-02-28T18:26:28.185+0200] {dag.py:3239} INFO - Sync 1 DAGs
[2025-02-28T18:26:28.190+0200] {logging_mixin.py:190} INFO - [2025-02-28T18:26:28.190+0200] {dag.py:4180} INFO - Setting next_dagrun for example_xcom to 2021-01-01 00:00:00+00:00, run_after=2021-01-01 00:00:00+00:00
[2025-02-28T18:26:28.197+0200] {processor.py:208} INFO - Processing /Users/nampham/.pyenv/versions/3.12.9/lib/python3.12/site-packages/airflow/example_dags/example_xcom.py took 0.087 seconds
[2025-02-28T18:27:49.638+0200] {processor.py:186} INFO - Started process (PID=93892) to work on /Users/nampham/.pyenv/versions/3.12.9/lib/python3.12/site-packages/airflow/example_dags/example_xcom.py
[2025-02-28T18:27:49.639+0200] {processor.py:914} INFO - Processing file /Users/nampham/.pyenv/versions/3.12.9/lib/python3.12/site-packages/airflow/example_dags/example_xcom.py for tasks to queue
[2025-02-28T18:27:49.640+0200] {logging_mixin.py:190} INFO - [2025-02-28T18:27:49.640+0200] {dagbag.py:588} INFO - Filling up the DagBag from /Users/nampham/.pyenv/versions/3.12.9/lib/python3.12/site-packages/airflow/example_dags/example_xcom.py
[2025-02-28T18:27:49.677+0200] {processor.py:925} INFO - DAG(s) 'example_xcom' retrieved from /Users/nampham/.pyenv/versions/3.12.9/lib/python3.12/site-packages/airflow/example_dags/example_xcom.py
[2025-02-28T18:27:49.712+0200] {logging_mixin.py:190} INFO - [2025-02-28T18:27:49.712+0200] {dag.py:3239} INFO - Sync 1 DAGs
[2025-02-28T18:27:49.718+0200] {logging_mixin.py:190} INFO - [2025-02-28T18:27:49.718+0200] {dag.py:4180} INFO - Setting next_dagrun for example_xcom to 2021-01-01 00:00:00+00:00, run_after=2021-01-01 00:00:00+00:00
[2025-02-28T18:27:49.725+0200] {processor.py:208} INFO - Processing /Users/nampham/.pyenv/versions/3.12.9/lib/python3.12/site-packages/airflow/example_dags/example_xcom.py took 0.088 seconds
[2025-02-28T18:29:09.773+0200] {processor.py:186} INFO - Started process (PID=94227) to work on /Users/nampham/.pyenv/versions/3.12.9/lib/python3.12/site-packages/airflow/example_dags/example_xcom.py
[2025-02-28T18:29:09.774+0200] {processor.py:914} INFO - Processing file /Users/nampham/.pyenv/versions/3.12.9/lib/python3.12/site-packages/airflow/example_dags/example_xcom.py for tasks to queue
[2025-02-28T18:29:09.775+0200] {logging_mixin.py:190} INFO - [2025-02-28T18:29:09.775+0200] {dagbag.py:588} INFO - Filling up the DagBag from /Users/nampham/.pyenv/versions/3.12.9/lib/python3.12/site-packages/airflow/example_dags/example_xcom.py
[2025-02-28T18:29:09.819+0200] {processor.py:925} INFO - DAG(s) 'example_xcom' retrieved from /Users/nampham/.pyenv/versions/3.12.9/lib/python3.12/site-packages/airflow/example_dags/example_xcom.py
[2025-02-28T18:29:09.859+0200] {logging_mixin.py:190} INFO - [2025-02-28T18:29:09.859+0200] {dag.py:3239} INFO - Sync 1 DAGs
[2025-02-28T18:29:09.866+0200] {logging_mixin.py:190} INFO - [2025-02-28T18:29:09.866+0200] {dag.py:4180} INFO - Setting next_dagrun for example_xcom to 2021-01-01 00:00:00+00:00, run_after=2021-01-01 00:00:00+00:00
[2025-02-28T18:29:09.874+0200] {processor.py:208} INFO - Processing /Users/nampham/.pyenv/versions/3.12.9/lib/python3.12/site-packages/airflow/example_dags/example_xcom.py took 0.103 seconds
[2025-02-28T18:30:31.124+0200] {processor.py:186} INFO - Started process (PID=94526) to work on /Users/nampham/.pyenv/versions/3.12.9/lib/python3.12/site-packages/airflow/example_dags/example_xcom.py
[2025-02-28T18:30:31.125+0200] {processor.py:914} INFO - Processing file /Users/nampham/.pyenv/versions/3.12.9/lib/python3.12/site-packages/airflow/example_dags/example_xcom.py for tasks to queue
[2025-02-28T18:30:31.126+0200] {logging_mixin.py:190} INFO - [2025-02-28T18:30:31.126+0200] {dagbag.py:588} INFO - Filling up the DagBag from /Users/nampham/.pyenv/versions/3.12.9/lib/python3.12/site-packages/airflow/example_dags/example_xcom.py
[2025-02-28T18:30:31.167+0200] {processor.py:925} INFO - DAG(s) 'example_xcom' retrieved from /Users/nampham/.pyenv/versions/3.12.9/lib/python3.12/site-packages/airflow/example_dags/example_xcom.py
[2025-02-28T18:30:31.202+0200] {logging_mixin.py:190} INFO - [2025-02-28T18:30:31.202+0200] {dag.py:3239} INFO - Sync 1 DAGs
[2025-02-28T18:30:31.208+0200] {logging_mixin.py:190} INFO - [2025-02-28T18:30:31.208+0200] {dag.py:4180} INFO - Setting next_dagrun for example_xcom to 2021-01-01 00:00:00+00:00, run_after=2021-01-01 00:00:00+00:00
[2025-02-28T18:30:31.215+0200] {processor.py:208} INFO - Processing /Users/nampham/.pyenv/versions/3.12.9/lib/python3.12/site-packages/airflow/example_dags/example_xcom.py took 0.092 seconds
[2025-02-28T20:10:53.482+0200] {processor.py:186} INFO - Started process (PID=97229) to work on /Users/nampham/.pyenv/versions/3.12.9/lib/python3.12/site-packages/airflow/example_dags/example_xcom.py
[2025-02-28T20:10:53.483+0200] {processor.py:914} INFO - Processing file /Users/nampham/.pyenv/versions/3.12.9/lib/python3.12/site-packages/airflow/example_dags/example_xcom.py for tasks to queue
[2025-02-28T20:10:53.483+0200] {logging_mixin.py:190} INFO - [2025-02-28T20:10:53.483+0200] {dagbag.py:588} INFO - Filling up the DagBag from /Users/nampham/.pyenv/versions/3.12.9/lib/python3.12/site-packages/airflow/example_dags/example_xcom.py
[2025-02-28T20:10:53.522+0200] {processor.py:925} INFO - DAG(s) 'example_xcom' retrieved from /Users/nampham/.pyenv/versions/3.12.9/lib/python3.12/site-packages/airflow/example_dags/example_xcom.py
[2025-02-28T20:10:53.587+0200] {logging_mixin.py:190} INFO - [2025-02-28T20:10:53.587+0200] {dag.py:3239} INFO - Sync 1 DAGs
[2025-02-28T20:10:53.593+0200] {logging_mixin.py:190} INFO - [2025-02-28T20:10:53.593+0200] {dag.py:4180} INFO - Setting next_dagrun for example_xcom to 2021-01-01 00:00:00+00:00, run_after=2021-01-01 00:00:00+00:00
[2025-02-28T20:10:53.599+0200] {processor.py:208} INFO - Processing /Users/nampham/.pyenv/versions/3.12.9/lib/python3.12/site-packages/airflow/example_dags/example_xcom.py took 0.119 seconds
[2025-02-28T20:12:41.996+0200] {processor.py:186} INFO - Started process (PID=97831) to work on /Users/nampham/.pyenv/versions/3.12.9/lib/python3.12/site-packages/airflow/example_dags/example_xcom.py
[2025-02-28T20:12:41.997+0200] {processor.py:914} INFO - Processing file /Users/nampham/.pyenv/versions/3.12.9/lib/python3.12/site-packages/airflow/example_dags/example_xcom.py for tasks to queue
[2025-02-28T20:12:41.998+0200] {logging_mixin.py:190} INFO - [2025-02-28T20:12:41.997+0200] {dagbag.py:588} INFO - Filling up the DagBag from /Users/nampham/.pyenv/versions/3.12.9/lib/python3.12/site-packages/airflow/example_dags/example_xcom.py
[2025-02-28T20:12:42.054+0200] {processor.py:925} INFO - DAG(s) 'example_xcom' retrieved from /Users/nampham/.pyenv/versions/3.12.9/lib/python3.12/site-packages/airflow/example_dags/example_xcom.py
[2025-02-28T20:12:42.090+0200] {logging_mixin.py:190} INFO - [2025-02-28T20:12:42.090+0200] {dag.py:3239} INFO - Sync 1 DAGs
[2025-02-28T20:12:42.096+0200] {logging_mixin.py:190} INFO - [2025-02-28T20:12:42.096+0200] {dag.py:4180} INFO - Setting next_dagrun for example_xcom to 2021-01-01 00:00:00+00:00, run_after=2021-01-01 00:00:00+00:00
[2025-02-28T20:12:42.103+0200] {processor.py:208} INFO - Processing /Users/nampham/.pyenv/versions/3.12.9/lib/python3.12/site-packages/airflow/example_dags/example_xcom.py took 0.108 seconds
[2025-02-28T20:14:31.540+0200] {processor.py:186} INFO - Started process (PID=98289) to work on /Users/nampham/.pyenv/versions/3.12.9/lib/python3.12/site-packages/airflow/example_dags/example_xcom.py
[2025-02-28T20:14:31.541+0200] {processor.py:914} INFO - Processing file /Users/nampham/.pyenv/versions/3.12.9/lib/python3.12/site-packages/airflow/example_dags/example_xcom.py for tasks to queue
[2025-02-28T20:14:31.541+0200] {logging_mixin.py:190} INFO - [2025-02-28T20:14:31.541+0200] {dagbag.py:588} INFO - Filling up the DagBag from /Users/nampham/.pyenv/versions/3.12.9/lib/python3.12/site-packages/airflow/example_dags/example_xcom.py
[2025-02-28T20:14:31.580+0200] {processor.py:925} INFO - DAG(s) 'example_xcom' retrieved from /Users/nampham/.pyenv/versions/3.12.9/lib/python3.12/site-packages/airflow/example_dags/example_xcom.py
[2025-02-28T20:14:31.615+0200] {logging_mixin.py:190} INFO - [2025-02-28T20:14:31.614+0200] {dag.py:3239} INFO - Sync 1 DAGs
[2025-02-28T20:14:31.621+0200] {logging_mixin.py:190} INFO - [2025-02-28T20:14:31.620+0200] {dag.py:4180} INFO - Setting next_dagrun for example_xcom to 2021-01-01 00:00:00+00:00, run_after=2021-01-01 00:00:00+00:00
[2025-02-28T20:14:31.627+0200] {processor.py:208} INFO - Processing /Users/nampham/.pyenv/versions/3.12.9/lib/python3.12/site-packages/airflow/example_dags/example_xcom.py took 0.088 seconds
[2025-02-28T20:15:51.724+0200] {processor.py:186} INFO - Started process (PID=98574) to work on /Users/nampham/.pyenv/versions/3.12.9/lib/python3.12/site-packages/airflow/example_dags/example_xcom.py
[2025-02-28T20:15:51.725+0200] {processor.py:914} INFO - Processing file /Users/nampham/.pyenv/versions/3.12.9/lib/python3.12/site-packages/airflow/example_dags/example_xcom.py for tasks to queue
[2025-02-28T20:15:51.725+0200] {logging_mixin.py:190} INFO - [2025-02-28T20:15:51.725+0200] {dagbag.py:588} INFO - Filling up the DagBag from /Users/nampham/.pyenv/versions/3.12.9/lib/python3.12/site-packages/airflow/example_dags/example_xcom.py
[2025-02-28T20:15:51.764+0200] {processor.py:925} INFO - DAG(s) 'example_xcom' retrieved from /Users/nampham/.pyenv/versions/3.12.9/lib/python3.12/site-packages/airflow/example_dags/example_xcom.py
[2025-02-28T20:15:51.798+0200] {logging_mixin.py:190} INFO - [2025-02-28T20:15:51.798+0200] {dag.py:3239} INFO - Sync 1 DAGs
[2025-02-28T20:15:51.804+0200] {logging_mixin.py:190} INFO - [2025-02-28T20:15:51.804+0200] {dag.py:4180} INFO - Setting next_dagrun for example_xcom to 2021-01-01 00:00:00+00:00, run_after=2021-01-01 00:00:00+00:00
[2025-02-28T20:15:51.811+0200] {processor.py:208} INFO - Processing /Users/nampham/.pyenv/versions/3.12.9/lib/python3.12/site-packages/airflow/example_dags/example_xcom.py took 0.088 seconds
[2025-02-28T20:17:08.522+0200] {processor.py:186} INFO - Started process (PID=98869) to work on /Users/nampham/.pyenv/versions/3.12.9/lib/python3.12/site-packages/airflow/example_dags/example_xcom.py
[2025-02-28T20:17:08.523+0200] {processor.py:914} INFO - Processing file /Users/nampham/.pyenv/versions/3.12.9/lib/python3.12/site-packages/airflow/example_dags/example_xcom.py for tasks to queue
[2025-02-28T20:17:08.523+0200] {logging_mixin.py:190} INFO - [2025-02-28T20:17:08.523+0200] {dagbag.py:588} INFO - Filling up the DagBag from /Users/nampham/.pyenv/versions/3.12.9/lib/python3.12/site-packages/airflow/example_dags/example_xcom.py
[2025-02-28T20:17:08.561+0200] {processor.py:925} INFO - DAG(s) 'example_xcom' retrieved from /Users/nampham/.pyenv/versions/3.12.9/lib/python3.12/site-packages/airflow/example_dags/example_xcom.py
[2025-02-28T20:17:08.595+0200] {logging_mixin.py:190} INFO - [2025-02-28T20:17:08.595+0200] {dag.py:3239} INFO - Sync 1 DAGs
[2025-02-28T20:17:08.600+0200] {logging_mixin.py:190} INFO - [2025-02-28T20:17:08.600+0200] {dag.py:4180} INFO - Setting next_dagrun for example_xcom to 2021-01-01 00:00:00+00:00, run_after=2021-01-01 00:00:00+00:00
[2025-02-28T20:17:08.607+0200] {processor.py:208} INFO - Processing /Users/nampham/.pyenv/versions/3.12.9/lib/python3.12/site-packages/airflow/example_dags/example_xcom.py took 0.086 seconds
[2025-02-28T20:18:22.968+0200] {processor.py:186} INFO - Started process (PID=99229) to work on /Users/nampham/.pyenv/versions/3.12.9/lib/python3.12/site-packages/airflow/example_dags/example_xcom.py
[2025-02-28T20:18:22.968+0200] {processor.py:914} INFO - Processing file /Users/nampham/.pyenv/versions/3.12.9/lib/python3.12/site-packages/airflow/example_dags/example_xcom.py for tasks to queue
[2025-02-28T20:18:22.969+0200] {logging_mixin.py:190} INFO - [2025-02-28T20:18:22.969+0200] {dagbag.py:588} INFO - Filling up the DagBag from /Users/nampham/.pyenv/versions/3.12.9/lib/python3.12/site-packages/airflow/example_dags/example_xcom.py
[2025-02-28T20:18:23.009+0200] {processor.py:925} INFO - DAG(s) 'example_xcom' retrieved from /Users/nampham/.pyenv/versions/3.12.9/lib/python3.12/site-packages/airflow/example_dags/example_xcom.py
[2025-02-28T20:18:23.044+0200] {logging_mixin.py:190} INFO - [2025-02-28T20:18:23.044+0200] {dag.py:3239} INFO - Sync 1 DAGs
[2025-02-28T20:18:23.050+0200] {logging_mixin.py:190} INFO - [2025-02-28T20:18:23.050+0200] {dag.py:4180} INFO - Setting next_dagrun for example_xcom to 2021-01-01 00:00:00+00:00, run_after=2021-01-01 00:00:00+00:00
[2025-02-28T20:18:23.059+0200] {processor.py:208} INFO - Processing /Users/nampham/.pyenv/versions/3.12.9/lib/python3.12/site-packages/airflow/example_dags/example_xcom.py took 0.092 seconds
[2025-02-28T20:20:16.359+0200] {processor.py:186} INFO - Started process (PID=99673) to work on /Users/nampham/.pyenv/versions/3.12.9/lib/python3.12/site-packages/airflow/example_dags/example_xcom.py
[2025-02-28T20:20:16.361+0200] {processor.py:914} INFO - Processing file /Users/nampham/.pyenv/versions/3.12.9/lib/python3.12/site-packages/airflow/example_dags/example_xcom.py for tasks to queue
[2025-02-28T20:20:16.361+0200] {logging_mixin.py:190} INFO - [2025-02-28T20:20:16.361+0200] {dagbag.py:588} INFO - Filling up the DagBag from /Users/nampham/.pyenv/versions/3.12.9/lib/python3.12/site-packages/airflow/example_dags/example_xcom.py
[2025-02-28T20:20:16.398+0200] {processor.py:925} INFO - DAG(s) 'example_xcom' retrieved from /Users/nampham/.pyenv/versions/3.12.9/lib/python3.12/site-packages/airflow/example_dags/example_xcom.py
[2025-02-28T20:20:16.432+0200] {logging_mixin.py:190} INFO - [2025-02-28T20:20:16.432+0200] {dag.py:3239} INFO - Sync 1 DAGs
[2025-02-28T20:20:16.438+0200] {logging_mixin.py:190} INFO - [2025-02-28T20:20:16.438+0200] {dag.py:4180} INFO - Setting next_dagrun for example_xcom to 2021-01-01 00:00:00+00:00, run_after=2021-01-01 00:00:00+00:00
[2025-02-28T20:20:16.444+0200] {processor.py:208} INFO - Processing /Users/nampham/.pyenv/versions/3.12.9/lib/python3.12/site-packages/airflow/example_dags/example_xcom.py took 0.086 seconds
[2025-02-28T20:21:35.498+0200] {processor.py:186} INFO - Started process (PID=99982) to work on /Users/nampham/.pyenv/versions/3.12.9/lib/python3.12/site-packages/airflow/example_dags/example_xcom.py
[2025-02-28T20:21:35.498+0200] {processor.py:914} INFO - Processing file /Users/nampham/.pyenv/versions/3.12.9/lib/python3.12/site-packages/airflow/example_dags/example_xcom.py for tasks to queue
[2025-02-28T20:21:35.499+0200] {logging_mixin.py:190} INFO - [2025-02-28T20:21:35.499+0200] {dagbag.py:588} INFO - Filling up the DagBag from /Users/nampham/.pyenv/versions/3.12.9/lib/python3.12/site-packages/airflow/example_dags/example_xcom.py
[2025-02-28T20:21:35.536+0200] {processor.py:925} INFO - DAG(s) 'example_xcom' retrieved from /Users/nampham/.pyenv/versions/3.12.9/lib/python3.12/site-packages/airflow/example_dags/example_xcom.py
[2025-02-28T20:21:35.570+0200] {logging_mixin.py:190} INFO - [2025-02-28T20:21:35.570+0200] {dag.py:3239} INFO - Sync 1 DAGs
[2025-02-28T20:21:35.576+0200] {logging_mixin.py:190} INFO - [2025-02-28T20:21:35.575+0200] {dag.py:4180} INFO - Setting next_dagrun for example_xcom to 2021-01-01 00:00:00+00:00, run_after=2021-01-01 00:00:00+00:00
[2025-02-28T20:21:35.582+0200] {processor.py:208} INFO - Processing /Users/nampham/.pyenv/versions/3.12.9/lib/python3.12/site-packages/airflow/example_dags/example_xcom.py took 0.086 seconds
[2025-02-28T20:22:49.304+0200] {processor.py:186} INFO - Started process (PID=329) to work on /Users/nampham/.pyenv/versions/3.12.9/lib/python3.12/site-packages/airflow/example_dags/example_xcom.py
[2025-02-28T20:22:49.305+0200] {processor.py:914} INFO - Processing file /Users/nampham/.pyenv/versions/3.12.9/lib/python3.12/site-packages/airflow/example_dags/example_xcom.py for tasks to queue
[2025-02-28T20:22:49.305+0200] {logging_mixin.py:190} INFO - [2025-02-28T20:22:49.305+0200] {dagbag.py:588} INFO - Filling up the DagBag from /Users/nampham/.pyenv/versions/3.12.9/lib/python3.12/site-packages/airflow/example_dags/example_xcom.py
[2025-02-28T20:22:49.344+0200] {processor.py:925} INFO - DAG(s) 'example_xcom' retrieved from /Users/nampham/.pyenv/versions/3.12.9/lib/python3.12/site-packages/airflow/example_dags/example_xcom.py
[2025-02-28T20:22:49.378+0200] {logging_mixin.py:190} INFO - [2025-02-28T20:22:49.378+0200] {dag.py:3239} INFO - Sync 1 DAGs
[2025-02-28T20:22:49.384+0200] {logging_mixin.py:190} INFO - [2025-02-28T20:22:49.384+0200] {dag.py:4180} INFO - Setting next_dagrun for example_xcom to 2021-01-01 00:00:00+00:00, run_after=2021-01-01 00:00:00+00:00
[2025-02-28T20:22:49.390+0200] {processor.py:208} INFO - Processing /Users/nampham/.pyenv/versions/3.12.9/lib/python3.12/site-packages/airflow/example_dags/example_xcom.py took 0.087 seconds
[2025-02-28T21:27:36.951+0200] {processor.py:186} INFO - Started process (PID=5450) to work on /Users/nampham/.pyenv/versions/3.12.9/lib/python3.12/site-packages/airflow/example_dags/example_xcom.py
[2025-02-28T21:27:36.952+0200] {processor.py:914} INFO - Processing file /Users/nampham/.pyenv/versions/3.12.9/lib/python3.12/site-packages/airflow/example_dags/example_xcom.py for tasks to queue
[2025-02-28T21:27:36.953+0200] {logging_mixin.py:190} INFO - [2025-02-28T21:27:36.953+0200] {dagbag.py:588} INFO - Filling up the DagBag from /Users/nampham/.pyenv/versions/3.12.9/lib/python3.12/site-packages/airflow/example_dags/example_xcom.py
[2025-02-28T21:27:36.989+0200] {processor.py:925} INFO - DAG(s) 'example_xcom' retrieved from /Users/nampham/.pyenv/versions/3.12.9/lib/python3.12/site-packages/airflow/example_dags/example_xcom.py
[2025-02-28T21:27:37.023+0200] {logging_mixin.py:190} INFO - [2025-02-28T21:27:37.023+0200] {dag.py:3239} INFO - Sync 1 DAGs
[2025-02-28T21:27:37.029+0200] {logging_mixin.py:190} INFO - [2025-02-28T21:27:37.029+0200] {dag.py:4180} INFO - Setting next_dagrun for example_xcom to 2021-01-01 00:00:00+00:00, run_after=2021-01-01 00:00:00+00:00
[2025-02-28T21:27:37.035+0200] {processor.py:208} INFO - Processing /Users/nampham/.pyenv/versions/3.12.9/lib/python3.12/site-packages/airflow/example_dags/example_xcom.py took 0.085 seconds
[2025-02-28T21:30:22.367+0200] {processor.py:186} INFO - Started process (PID=6111) to work on /Users/nampham/.pyenv/versions/3.12.9/lib/python3.12/site-packages/airflow/example_dags/example_xcom.py
[2025-02-28T21:30:22.368+0200] {processor.py:914} INFO - Processing file /Users/nampham/.pyenv/versions/3.12.9/lib/python3.12/site-packages/airflow/example_dags/example_xcom.py for tasks to queue
[2025-02-28T21:30:22.368+0200] {logging_mixin.py:190} INFO - [2025-02-28T21:30:22.368+0200] {dagbag.py:588} INFO - Filling up the DagBag from /Users/nampham/.pyenv/versions/3.12.9/lib/python3.12/site-packages/airflow/example_dags/example_xcom.py
[2025-02-28T21:30:22.407+0200] {processor.py:925} INFO - DAG(s) 'example_xcom' retrieved from /Users/nampham/.pyenv/versions/3.12.9/lib/python3.12/site-packages/airflow/example_dags/example_xcom.py
[2025-02-28T21:30:22.444+0200] {logging_mixin.py:190} INFO - [2025-02-28T21:30:22.444+0200] {dag.py:3239} INFO - Sync 1 DAGs
[2025-02-28T21:30:22.450+0200] {logging_mixin.py:190} INFO - [2025-02-28T21:30:22.450+0200] {dag.py:4180} INFO - Setting next_dagrun for example_xcom to 2021-01-01 00:00:00+00:00, run_after=2021-01-01 00:00:00+00:00
[2025-02-28T21:30:22.457+0200] {processor.py:208} INFO - Processing /Users/nampham/.pyenv/versions/3.12.9/lib/python3.12/site-packages/airflow/example_dags/example_xcom.py took 0.092 seconds
[2025-02-28T21:32:11.497+0200] {processor.py:186} INFO - Started process (PID=6542) to work on /Users/nampham/.pyenv/versions/3.12.9/lib/python3.12/site-packages/airflow/example_dags/example_xcom.py
[2025-02-28T21:32:11.498+0200] {processor.py:914} INFO - Processing file /Users/nampham/.pyenv/versions/3.12.9/lib/python3.12/site-packages/airflow/example_dags/example_xcom.py for tasks to queue
[2025-02-28T21:32:11.498+0200] {logging_mixin.py:190} INFO - [2025-02-28T21:32:11.498+0200] {dagbag.py:588} INFO - Filling up the DagBag from /Users/nampham/.pyenv/versions/3.12.9/lib/python3.12/site-packages/airflow/example_dags/example_xcom.py
[2025-02-28T21:32:11.535+0200] {processor.py:925} INFO - DAG(s) 'example_xcom' retrieved from /Users/nampham/.pyenv/versions/3.12.9/lib/python3.12/site-packages/airflow/example_dags/example_xcom.py
[2025-02-28T21:32:11.569+0200] {logging_mixin.py:190} INFO - [2025-02-28T21:32:11.569+0200] {dag.py:3239} INFO - Sync 1 DAGs
[2025-02-28T21:32:11.575+0200] {logging_mixin.py:190} INFO - [2025-02-28T21:32:11.575+0200] {dag.py:4180} INFO - Setting next_dagrun for example_xcom to 2021-01-01 00:00:00+00:00, run_after=2021-01-01 00:00:00+00:00
[2025-02-28T21:32:11.581+0200] {processor.py:208} INFO - Processing /Users/nampham/.pyenv/versions/3.12.9/lib/python3.12/site-packages/airflow/example_dags/example_xcom.py took 0.086 seconds
[2025-02-28T21:33:29.595+0200] {processor.py:186} INFO - Started process (PID=7046) to work on /Users/nampham/.pyenv/versions/3.12.9/lib/python3.12/site-packages/airflow/example_dags/example_xcom.py
[2025-02-28T21:33:29.596+0200] {processor.py:914} INFO - Processing file /Users/nampham/.pyenv/versions/3.12.9/lib/python3.12/site-packages/airflow/example_dags/example_xcom.py for tasks to queue
[2025-02-28T21:33:29.597+0200] {logging_mixin.py:190} INFO - [2025-02-28T21:33:29.597+0200] {dagbag.py:588} INFO - Filling up the DagBag from /Users/nampham/.pyenv/versions/3.12.9/lib/python3.12/site-packages/airflow/example_dags/example_xcom.py
[2025-02-28T21:33:29.634+0200] {processor.py:925} INFO - DAG(s) 'example_xcom' retrieved from /Users/nampham/.pyenv/versions/3.12.9/lib/python3.12/site-packages/airflow/example_dags/example_xcom.py
[2025-02-28T21:33:29.668+0200] {logging_mixin.py:190} INFO - [2025-02-28T21:33:29.668+0200] {dag.py:3239} INFO - Sync 1 DAGs
[2025-02-28T21:33:29.673+0200] {logging_mixin.py:190} INFO - [2025-02-28T21:33:29.673+0200] {dag.py:4180} INFO - Setting next_dagrun for example_xcom to 2021-01-01 00:00:00+00:00, run_after=2021-01-01 00:00:00+00:00
[2025-02-28T21:33:29.680+0200] {processor.py:208} INFO - Processing /Users/nampham/.pyenv/versions/3.12.9/lib/python3.12/site-packages/airflow/example_dags/example_xcom.py took 0.087 seconds
[2025-02-28T21:34:49.343+0200] {processor.py:186} INFO - Started process (PID=7340) to work on /Users/nampham/.pyenv/versions/3.12.9/lib/python3.12/site-packages/airflow/example_dags/example_xcom.py
[2025-02-28T21:34:49.344+0200] {processor.py:914} INFO - Processing file /Users/nampham/.pyenv/versions/3.12.9/lib/python3.12/site-packages/airflow/example_dags/example_xcom.py for tasks to queue
[2025-02-28T21:34:49.345+0200] {logging_mixin.py:190} INFO - [2025-02-28T21:34:49.344+0200] {dagbag.py:588} INFO - Filling up the DagBag from /Users/nampham/.pyenv/versions/3.12.9/lib/python3.12/site-packages/airflow/example_dags/example_xcom.py
[2025-02-28T21:34:49.387+0200] {processor.py:925} INFO - DAG(s) 'example_xcom' retrieved from /Users/nampham/.pyenv/versions/3.12.9/lib/python3.12/site-packages/airflow/example_dags/example_xcom.py
[2025-02-28T21:34:49.424+0200] {logging_mixin.py:190} INFO - [2025-02-28T21:34:49.423+0200] {dag.py:3239} INFO - Sync 1 DAGs
[2025-02-28T21:34:49.431+0200] {logging_mixin.py:190} INFO - [2025-02-28T21:34:49.430+0200] {dag.py:4180} INFO - Setting next_dagrun for example_xcom to 2021-01-01 00:00:00+00:00, run_after=2021-01-01 00:00:00+00:00
[2025-02-28T21:34:49.438+0200] {processor.py:208} INFO - Processing /Users/nampham/.pyenv/versions/3.12.9/lib/python3.12/site-packages/airflow/example_dags/example_xcom.py took 0.096 seconds
[2025-02-28T21:36:44.227+0200] {processor.py:186} INFO - Started process (PID=7840) to work on /Users/nampham/.pyenv/versions/3.12.9/lib/python3.12/site-packages/airflow/example_dags/example_xcom.py
[2025-02-28T21:36:44.228+0200] {processor.py:914} INFO - Processing file /Users/nampham/.pyenv/versions/3.12.9/lib/python3.12/site-packages/airflow/example_dags/example_xcom.py for tasks to queue
[2025-02-28T21:36:44.228+0200] {logging_mixin.py:190} INFO - [2025-02-28T21:36:44.228+0200] {dagbag.py:588} INFO - Filling up the DagBag from /Users/nampham/.pyenv/versions/3.12.9/lib/python3.12/site-packages/airflow/example_dags/example_xcom.py
[2025-02-28T21:36:44.266+0200] {processor.py:925} INFO - DAG(s) 'example_xcom' retrieved from /Users/nampham/.pyenv/versions/3.12.9/lib/python3.12/site-packages/airflow/example_dags/example_xcom.py
[2025-02-28T21:36:44.332+0200] {logging_mixin.py:190} INFO - [2025-02-28T21:36:44.332+0200] {override.py:1930} INFO - Created Permission View: can read on DAG:example_xcom
[2025-02-28T21:36:44.335+0200] {logging_mixin.py:190} INFO - [2025-02-28T21:36:44.335+0200] {override.py:1930} INFO - Created Permission View: can edit on DAG:example_xcom
[2025-02-28T21:36:44.336+0200] {logging_mixin.py:190} INFO - [2025-02-28T21:36:44.336+0200] {override.py:1930} INFO - Created Permission View: can delete on DAG:example_xcom
[2025-02-28T21:36:44.339+0200] {logging_mixin.py:190} INFO - [2025-02-28T21:36:44.339+0200] {override.py:1930} INFO - Created Permission View: can read on DAG Run:example_xcom
[2025-02-28T21:36:44.340+0200] {logging_mixin.py:190} INFO - [2025-02-28T21:36:44.340+0200] {override.py:1930} INFO - Created Permission View: can create on DAG Run:example_xcom
[2025-02-28T21:36:44.342+0200] {logging_mixin.py:190} INFO - [2025-02-28T21:36:44.342+0200] {override.py:1930} INFO - Created Permission View: menu access on DAG Run:example_xcom
[2025-02-28T21:36:44.344+0200] {logging_mixin.py:190} INFO - [2025-02-28T21:36:44.344+0200] {override.py:1930} INFO - Created Permission View: can delete on DAG Run:example_xcom
[2025-02-28T21:36:44.344+0200] {logging_mixin.py:190} INFO - [2025-02-28T21:36:44.344+0200] {dag.py:3239} INFO - Sync 1 DAGs
[2025-02-28T21:36:44.348+0200] {logging_mixin.py:190} INFO - [2025-02-28T21:36:44.348+0200] {dag.py:3262} INFO - Creating ORM DAG for example_xcom
[2025-02-28T21:36:44.351+0200] {logging_mixin.py:190} INFO - [2025-02-28T21:36:44.351+0200] {dag.py:4180} INFO - Setting next_dagrun for example_xcom to 2021-01-01 00:00:00+00:00, run_after=2021-01-01 00:00:00+00:00
[2025-02-28T21:36:44.356+0200] {processor.py:208} INFO - Processing /Users/nampham/.pyenv/versions/3.12.9/lib/python3.12/site-packages/airflow/example_dags/example_xcom.py took 0.130 seconds
[2025-02-28T21:38:36.530+0200] {processor.py:186} INFO - Started process (PID=8267) to work on /Users/nampham/.pyenv/versions/3.12.9/lib/python3.12/site-packages/airflow/example_dags/example_xcom.py
[2025-02-28T21:38:36.531+0200] {processor.py:914} INFO - Processing file /Users/nampham/.pyenv/versions/3.12.9/lib/python3.12/site-packages/airflow/example_dags/example_xcom.py for tasks to queue
[2025-02-28T21:38:36.532+0200] {logging_mixin.py:190} INFO - [2025-02-28T21:38:36.532+0200] {dagbag.py:588} INFO - Filling up the DagBag from /Users/nampham/.pyenv/versions/3.12.9/lib/python3.12/site-packages/airflow/example_dags/example_xcom.py
[2025-02-28T21:38:36.573+0200] {processor.py:925} INFO - DAG(s) 'example_xcom' retrieved from /Users/nampham/.pyenv/versions/3.12.9/lib/python3.12/site-packages/airflow/example_dags/example_xcom.py
[2025-02-28T21:38:36.608+0200] {logging_mixin.py:190} INFO - [2025-02-28T21:38:36.608+0200] {dag.py:3239} INFO - Sync 1 DAGs
[2025-02-28T21:38:36.614+0200] {logging_mixin.py:190} INFO - [2025-02-28T21:38:36.614+0200] {dag.py:4180} INFO - Setting next_dagrun for example_xcom to 2021-01-01 00:00:00+00:00, run_after=2021-01-01 00:00:00+00:00
[2025-02-28T21:38:36.621+0200] {processor.py:208} INFO - Processing /Users/nampham/.pyenv/versions/3.12.9/lib/python3.12/site-packages/airflow/example_dags/example_xcom.py took 0.093 seconds
[2025-02-28T21:39:53.884+0200] {processor.py:186} INFO - Started process (PID=8561) to work on /Users/nampham/.pyenv/versions/3.12.9/lib/python3.12/site-packages/airflow/example_dags/example_xcom.py
[2025-02-28T21:39:53.884+0200] {processor.py:914} INFO - Processing file /Users/nampham/.pyenv/versions/3.12.9/lib/python3.12/site-packages/airflow/example_dags/example_xcom.py for tasks to queue
[2025-02-28T21:39:53.885+0200] {logging_mixin.py:190} INFO - [2025-02-28T21:39:53.885+0200] {dagbag.py:588} INFO - Filling up the DagBag from /Users/nampham/.pyenv/versions/3.12.9/lib/python3.12/site-packages/airflow/example_dags/example_xcom.py
[2025-02-28T21:39:53.923+0200] {processor.py:925} INFO - DAG(s) 'example_xcom' retrieved from /Users/nampham/.pyenv/versions/3.12.9/lib/python3.12/site-packages/airflow/example_dags/example_xcom.py
[2025-02-28T21:39:53.957+0200] {logging_mixin.py:190} INFO - [2025-02-28T21:39:53.957+0200] {dag.py:3239} INFO - Sync 1 DAGs
[2025-02-28T21:39:53.962+0200] {logging_mixin.py:190} INFO - [2025-02-28T21:39:53.962+0200] {dag.py:4180} INFO - Setting next_dagrun for example_xcom to 2021-01-01 00:00:00+00:00, run_after=2021-01-01 00:00:00+00:00
[2025-02-28T21:39:53.969+0200] {processor.py:208} INFO - Processing /Users/nampham/.pyenv/versions/3.12.9/lib/python3.12/site-packages/airflow/example_dags/example_xcom.py took 0.087 seconds
[2025-02-28T21:42:14.484+0200] {processor.py:186} INFO - Started process (PID=9152) to work on /Users/nampham/.pyenv/versions/3.12.9/lib/python3.12/site-packages/airflow/example_dags/example_xcom.py
[2025-02-28T21:42:14.484+0200] {processor.py:914} INFO - Processing file /Users/nampham/.pyenv/versions/3.12.9/lib/python3.12/site-packages/airflow/example_dags/example_xcom.py for tasks to queue
[2025-02-28T21:42:14.485+0200] {logging_mixin.py:190} INFO - [2025-02-28T21:42:14.485+0200] {dagbag.py:588} INFO - Filling up the DagBag from /Users/nampham/.pyenv/versions/3.12.9/lib/python3.12/site-packages/airflow/example_dags/example_xcom.py
[2025-02-28T21:42:14.531+0200] {processor.py:925} INFO - DAG(s) 'example_xcom' retrieved from /Users/nampham/.pyenv/versions/3.12.9/lib/python3.12/site-packages/airflow/example_dags/example_xcom.py
[2025-02-28T21:42:14.608+0200] {logging_mixin.py:190} INFO - [2025-02-28T21:42:14.607+0200] {override.py:1930} INFO - Created Permission View: can edit on DAG:example_xcom
[2025-02-28T21:42:14.611+0200] {logging_mixin.py:190} INFO - [2025-02-28T21:42:14.611+0200] {override.py:1930} INFO - Created Permission View: can read on DAG:example_xcom
[2025-02-28T21:42:14.613+0200] {logging_mixin.py:190} INFO - [2025-02-28T21:42:14.613+0200] {override.py:1930} INFO - Created Permission View: can delete on DAG:example_xcom
[2025-02-28T21:42:14.616+0200] {logging_mixin.py:190} INFO - [2025-02-28T21:42:14.616+0200] {override.py:1930} INFO - Created Permission View: can delete on DAG Run:example_xcom
[2025-02-28T21:42:14.618+0200] {logging_mixin.py:190} INFO - [2025-02-28T21:42:14.618+0200] {override.py:1930} INFO - Created Permission View: can read on DAG Run:example_xcom
[2025-02-28T21:42:14.620+0200] {logging_mixin.py:190} INFO - [2025-02-28T21:42:14.620+0200] {override.py:1930} INFO - Created Permission View: can create on DAG Run:example_xcom
[2025-02-28T21:42:14.622+0200] {logging_mixin.py:190} INFO - [2025-02-28T21:42:14.622+0200] {override.py:1930} INFO - Created Permission View: menu access on DAG Run:example_xcom
[2025-02-28T21:42:14.622+0200] {logging_mixin.py:190} INFO - [2025-02-28T21:42:14.622+0200] {dag.py:3239} INFO - Sync 1 DAGs
[2025-02-28T21:42:14.627+0200] {logging_mixin.py:190} INFO - [2025-02-28T21:42:14.627+0200] {dag.py:3262} INFO - Creating ORM DAG for example_xcom
[2025-02-28T21:42:14.630+0200] {logging_mixin.py:190} INFO - [2025-02-28T21:42:14.630+0200] {dag.py:4180} INFO - Setting next_dagrun for example_xcom to 2021-01-01 00:00:00+00:00, run_after=2021-01-01 00:00:00+00:00
[2025-02-28T21:42:14.635+0200] {processor.py:208} INFO - Processing /Users/nampham/.pyenv/versions/3.12.9/lib/python3.12/site-packages/airflow/example_dags/example_xcom.py took 0.154 seconds
[2025-02-28T21:43:18.519+0200] {processor.py:186} INFO - Started process (PID=9503) to work on /Users/nampham/.pyenv/versions/3.12.9/lib/python3.12/site-packages/airflow/example_dags/example_xcom.py
[2025-02-28T21:43:18.520+0200] {processor.py:914} INFO - Processing file /Users/nampham/.pyenv/versions/3.12.9/lib/python3.12/site-packages/airflow/example_dags/example_xcom.py for tasks to queue
[2025-02-28T21:43:18.521+0200] {logging_mixin.py:190} INFO - [2025-02-28T21:43:18.521+0200] {dagbag.py:588} INFO - Filling up the DagBag from /Users/nampham/.pyenv/versions/3.12.9/lib/python3.12/site-packages/airflow/example_dags/example_xcom.py
[2025-02-28T21:43:18.559+0200] {processor.py:925} INFO - DAG(s) 'example_xcom' retrieved from /Users/nampham/.pyenv/versions/3.12.9/lib/python3.12/site-packages/airflow/example_dags/example_xcom.py
[2025-02-28T21:43:18.593+0200] {logging_mixin.py:190} INFO - [2025-02-28T21:43:18.593+0200] {dag.py:3239} INFO - Sync 1 DAGs
[2025-02-28T21:43:18.599+0200] {logging_mixin.py:190} INFO - [2025-02-28T21:43:18.599+0200] {dag.py:4180} INFO - Setting next_dagrun for example_xcom to 2021-01-01 00:00:00+00:00, run_after=2021-01-01 00:00:00+00:00
[2025-02-28T21:43:18.606+0200] {processor.py:208} INFO - Processing /Users/nampham/.pyenv/versions/3.12.9/lib/python3.12/site-packages/airflow/example_dags/example_xcom.py took 0.088 seconds
[2025-02-28T21:45:17.487+0200] {processor.py:186} INFO - Started process (PID=10032) to work on /Users/nampham/.pyenv/versions/3.12.9/lib/python3.12/site-packages/airflow/example_dags/example_xcom.py
[2025-02-28T21:45:17.488+0200] {processor.py:914} INFO - Processing file /Users/nampham/.pyenv/versions/3.12.9/lib/python3.12/site-packages/airflow/example_dags/example_xcom.py for tasks to queue
[2025-02-28T21:45:17.489+0200] {logging_mixin.py:190} INFO - [2025-02-28T21:45:17.489+0200] {dagbag.py:588} INFO - Filling up the DagBag from /Users/nampham/.pyenv/versions/3.12.9/lib/python3.12/site-packages/airflow/example_dags/example_xcom.py
[2025-02-28T21:45:17.526+0200] {processor.py:925} INFO - DAG(s) 'example_xcom' retrieved from /Users/nampham/.pyenv/versions/3.12.9/lib/python3.12/site-packages/airflow/example_dags/example_xcom.py
[2025-02-28T21:45:17.562+0200] {logging_mixin.py:190} INFO - [2025-02-28T21:45:17.562+0200] {dag.py:3239} INFO - Sync 1 DAGs
[2025-02-28T21:45:17.570+0200] {logging_mixin.py:190} INFO - [2025-02-28T21:45:17.570+0200] {dag.py:4180} INFO - Setting next_dagrun for example_xcom to 2021-01-01 00:00:00+00:00, run_after=2021-01-01 00:00:00+00:00
[2025-02-28T21:45:17.577+0200] {processor.py:208} INFO - Processing /Users/nampham/.pyenv/versions/3.12.9/lib/python3.12/site-packages/airflow/example_dags/example_xcom.py took 0.091 seconds
[2025-02-28T21:47:40.131+0200] {processor.py:186} INFO - Started process (PID=10581) to work on /Users/nampham/.pyenv/versions/3.12.9/lib/python3.12/site-packages/airflow/example_dags/example_xcom.py
[2025-02-28T21:47:40.132+0200] {processor.py:914} INFO - Processing file /Users/nampham/.pyenv/versions/3.12.9/lib/python3.12/site-packages/airflow/example_dags/example_xcom.py for tasks to queue
[2025-02-28T21:47:40.132+0200] {logging_mixin.py:190} INFO - [2025-02-28T21:47:40.132+0200] {dagbag.py:588} INFO - Filling up the DagBag from /Users/nampham/.pyenv/versions/3.12.9/lib/python3.12/site-packages/airflow/example_dags/example_xcom.py
[2025-02-28T21:47:40.170+0200] {processor.py:925} INFO - DAG(s) 'example_xcom' retrieved from /Users/nampham/.pyenv/versions/3.12.9/lib/python3.12/site-packages/airflow/example_dags/example_xcom.py
[2025-02-28T21:47:40.204+0200] {logging_mixin.py:190} INFO - [2025-02-28T21:47:40.204+0200] {dag.py:3239} INFO - Sync 1 DAGs
[2025-02-28T21:47:40.209+0200] {logging_mixin.py:190} INFO - [2025-02-28T21:47:40.209+0200] {dag.py:4180} INFO - Setting next_dagrun for example_xcom to 2021-01-01 00:00:00+00:00, run_after=2021-01-01 00:00:00+00:00
[2025-02-28T21:47:40.216+0200] {processor.py:208} INFO - Processing /Users/nampham/.pyenv/versions/3.12.9/lib/python3.12/site-packages/airflow/example_dags/example_xcom.py took 0.086 seconds
[2025-02-28T22:27:35.832+0200] {processor.py:186} INFO - Started process (PID=18034) to work on /Users/nampham/.pyenv/versions/3.12.9/lib/python3.12/site-packages/airflow/example_dags/example_xcom.py
[2025-02-28T22:27:35.834+0200] {processor.py:914} INFO - Processing file /Users/nampham/.pyenv/versions/3.12.9/lib/python3.12/site-packages/airflow/example_dags/example_xcom.py for tasks to queue
[2025-02-28T22:27:35.834+0200] {logging_mixin.py:190} INFO - [2025-02-28T22:27:35.834+0200] {dagbag.py:588} INFO - Filling up the DagBag from /Users/nampham/.pyenv/versions/3.12.9/lib/python3.12/site-packages/airflow/example_dags/example_xcom.py
[2025-02-28T22:27:35.872+0200] {processor.py:925} INFO - DAG(s) 'example_xcom' retrieved from /Users/nampham/.pyenv/versions/3.12.9/lib/python3.12/site-packages/airflow/example_dags/example_xcom.py
[2025-02-28T22:27:35.936+0200] {logging_mixin.py:190} INFO - [2025-02-28T22:27:35.936+0200] {override.py:1930} INFO - Created Permission View: can delete on DAG:example_xcom
[2025-02-28T22:27:35.939+0200] {logging_mixin.py:190} INFO - [2025-02-28T22:27:35.938+0200] {override.py:1930} INFO - Created Permission View: can read on DAG:example_xcom
[2025-02-28T22:27:35.940+0200] {logging_mixin.py:190} INFO - [2025-02-28T22:27:35.940+0200] {override.py:1930} INFO - Created Permission View: can edit on DAG:example_xcom
[2025-02-28T22:27:35.943+0200] {logging_mixin.py:190} INFO - [2025-02-28T22:27:35.943+0200] {override.py:1930} INFO - Created Permission View: menu access on DAG Run:example_xcom
[2025-02-28T22:27:35.944+0200] {logging_mixin.py:190} INFO - [2025-02-28T22:27:35.944+0200] {override.py:1930} INFO - Created Permission View: can read on DAG Run:example_xcom
[2025-02-28T22:27:35.946+0200] {logging_mixin.py:190} INFO - [2025-02-28T22:27:35.946+0200] {override.py:1930} INFO - Created Permission View: can create on DAG Run:example_xcom
[2025-02-28T22:27:35.948+0200] {logging_mixin.py:190} INFO - [2025-02-28T22:27:35.948+0200] {override.py:1930} INFO - Created Permission View: can delete on DAG Run:example_xcom
[2025-02-28T22:27:35.948+0200] {logging_mixin.py:190} INFO - [2025-02-28T22:27:35.948+0200] {dag.py:3239} INFO - Sync 1 DAGs
[2025-02-28T22:27:35.952+0200] {logging_mixin.py:190} INFO - [2025-02-28T22:27:35.952+0200] {dag.py:3262} INFO - Creating ORM DAG for example_xcom
[2025-02-28T22:27:35.955+0200] {logging_mixin.py:190} INFO - [2025-02-28T22:27:35.955+0200] {dag.py:4180} INFO - Setting next_dagrun for example_xcom to 2021-01-01 00:00:00+00:00, run_after=2021-01-01 00:00:00+00:00
[2025-02-28T22:27:35.960+0200] {processor.py:208} INFO - Processing /Users/nampham/.pyenv/versions/3.12.9/lib/python3.12/site-packages/airflow/example_dags/example_xcom.py took 0.129 seconds
[2025-02-28T22:35:24.731+0200] {processor.py:186} INFO - Started process (PID=19630) to work on /Users/nampham/.pyenv/versions/3.12.9/lib/python3.12/site-packages/airflow/example_dags/example_xcom.py
[2025-02-28T22:35:24.732+0200] {processor.py:914} INFO - Processing file /Users/nampham/.pyenv/versions/3.12.9/lib/python3.12/site-packages/airflow/example_dags/example_xcom.py for tasks to queue
[2025-02-28T22:35:24.732+0200] {logging_mixin.py:190} INFO - [2025-02-28T22:35:24.732+0200] {dagbag.py:588} INFO - Filling up the DagBag from /Users/nampham/.pyenv/versions/3.12.9/lib/python3.12/site-packages/airflow/example_dags/example_xcom.py
[2025-02-28T22:35:24.772+0200] {processor.py:925} INFO - DAG(s) 'example_xcom' retrieved from /Users/nampham/.pyenv/versions/3.12.9/lib/python3.12/site-packages/airflow/example_dags/example_xcom.py
[2025-02-28T22:35:24.849+0200] {logging_mixin.py:190} INFO - [2025-02-28T22:35:24.849+0200] {override.py:1930} INFO - Created Permission View: can edit on DAG:example_xcom
[2025-02-28T22:35:24.852+0200] {logging_mixin.py:190} INFO - [2025-02-28T22:35:24.852+0200] {override.py:1930} INFO - Created Permission View: can read on DAG:example_xcom
[2025-02-28T22:35:24.854+0200] {logging_mixin.py:190} INFO - [2025-02-28T22:35:24.854+0200] {override.py:1930} INFO - Created Permission View: can delete on DAG:example_xcom
[2025-02-28T22:35:24.856+0200] {logging_mixin.py:190} INFO - [2025-02-28T22:35:24.856+0200] {override.py:1930} INFO - Created Permission View: can delete on DAG Run:example_xcom
[2025-02-28T22:35:24.858+0200] {logging_mixin.py:190} INFO - [2025-02-28T22:35:24.858+0200] {override.py:1930} INFO - Created Permission View: can create on DAG Run:example_xcom
[2025-02-28T22:35:24.860+0200] {logging_mixin.py:190} INFO - [2025-02-28T22:35:24.860+0200] {override.py:1930} INFO - Created Permission View: can read on DAG Run:example_xcom
[2025-02-28T22:35:24.861+0200] {logging_mixin.py:190} INFO - [2025-02-28T22:35:24.861+0200] {override.py:1930} INFO - Created Permission View: menu access on DAG Run:example_xcom
[2025-02-28T22:35:24.861+0200] {logging_mixin.py:190} INFO - [2025-02-28T22:35:24.861+0200] {dag.py:3239} INFO - Sync 1 DAGs
[2025-02-28T22:35:24.866+0200] {logging_mixin.py:190} INFO - [2025-02-28T22:35:24.865+0200] {dag.py:3262} INFO - Creating ORM DAG for example_xcom
[2025-02-28T22:35:24.868+0200] {logging_mixin.py:190} INFO - [2025-02-28T22:35:24.868+0200] {dag.py:4180} INFO - Setting next_dagrun for example_xcom to 2021-01-01 00:00:00+00:00, run_after=2021-01-01 00:00:00+00:00
[2025-02-28T22:35:24.873+0200] {processor.py:208} INFO - Processing /Users/nampham/.pyenv/versions/3.12.9/lib/python3.12/site-packages/airflow/example_dags/example_xcom.py took 0.144 seconds
[2025-02-28T22:37:31.646+0200] {processor.py:186} INFO - Started process (PID=20126) to work on /Users/nampham/.pyenv/versions/3.12.9/lib/python3.12/site-packages/airflow/example_dags/example_xcom.py
[2025-02-28T22:37:31.647+0200] {processor.py:914} INFO - Processing file /Users/nampham/.pyenv/versions/3.12.9/lib/python3.12/site-packages/airflow/example_dags/example_xcom.py for tasks to queue
[2025-02-28T22:37:31.648+0200] {logging_mixin.py:190} INFO - [2025-02-28T22:37:31.648+0200] {dagbag.py:588} INFO - Filling up the DagBag from /Users/nampham/.pyenv/versions/3.12.9/lib/python3.12/site-packages/airflow/example_dags/example_xcom.py
[2025-02-28T22:37:31.686+0200] {processor.py:925} INFO - DAG(s) 'example_xcom' retrieved from /Users/nampham/.pyenv/versions/3.12.9/lib/python3.12/site-packages/airflow/example_dags/example_xcom.py
[2025-02-28T22:37:31.720+0200] {logging_mixin.py:190} INFO - [2025-02-28T22:37:31.720+0200] {dag.py:3239} INFO - Sync 1 DAGs
[2025-02-28T22:37:31.726+0200] {logging_mixin.py:190} INFO - [2025-02-28T22:37:31.726+0200] {dag.py:4180} INFO - Setting next_dagrun for example_xcom to 2021-01-01 00:00:00+00:00, run_after=2021-01-01 00:00:00+00:00
[2025-02-28T22:37:31.733+0200] {processor.py:208} INFO - Processing /Users/nampham/.pyenv/versions/3.12.9/lib/python3.12/site-packages/airflow/example_dags/example_xcom.py took 0.088 seconds
[2025-02-28T22:39:12.116+0200] {processor.py:186} INFO - Started process (PID=20464) to work on /Users/nampham/.pyenv/versions/3.12.9/lib/python3.12/site-packages/airflow/example_dags/example_xcom.py
[2025-02-28T22:39:12.116+0200] {processor.py:914} INFO - Processing file /Users/nampham/.pyenv/versions/3.12.9/lib/python3.12/site-packages/airflow/example_dags/example_xcom.py for tasks to queue
[2025-02-28T22:39:12.117+0200] {logging_mixin.py:190} INFO - [2025-02-28T22:39:12.117+0200] {dagbag.py:588} INFO - Filling up the DagBag from /Users/nampham/.pyenv/versions/3.12.9/lib/python3.12/site-packages/airflow/example_dags/example_xcom.py
[2025-02-28T22:39:12.153+0200] {processor.py:925} INFO - DAG(s) 'example_xcom' retrieved from /Users/nampham/.pyenv/versions/3.12.9/lib/python3.12/site-packages/airflow/example_dags/example_xcom.py
[2025-02-28T22:39:12.187+0200] {logging_mixin.py:190} INFO - [2025-02-28T22:39:12.187+0200] {dag.py:3239} INFO - Sync 1 DAGs
[2025-02-28T22:39:12.193+0200] {logging_mixin.py:190} INFO - [2025-02-28T22:39:12.193+0200] {dag.py:4180} INFO - Setting next_dagrun for example_xcom to 2021-01-01 00:00:00+00:00, run_after=2021-01-01 00:00:00+00:00
[2025-02-28T22:39:12.199+0200] {processor.py:208} INFO - Processing /Users/nampham/.pyenv/versions/3.12.9/lib/python3.12/site-packages/airflow/example_dags/example_xcom.py took 0.085 seconds
[2025-02-28T22:40:52.704+0200] {processor.py:186} INFO - Started process (PID=20789) to work on /Users/nampham/.pyenv/versions/3.12.9/lib/python3.12/site-packages/airflow/example_dags/example_xcom.py
[2025-02-28T22:40:52.705+0200] {processor.py:914} INFO - Processing file /Users/nampham/.pyenv/versions/3.12.9/lib/python3.12/site-packages/airflow/example_dags/example_xcom.py for tasks to queue
[2025-02-28T22:40:52.706+0200] {logging_mixin.py:190} INFO - [2025-02-28T22:40:52.706+0200] {dagbag.py:588} INFO - Filling up the DagBag from /Users/nampham/.pyenv/versions/3.12.9/lib/python3.12/site-packages/airflow/example_dags/example_xcom.py
[2025-02-28T22:40:52.742+0200] {processor.py:925} INFO - DAG(s) 'example_xcom' retrieved from /Users/nampham/.pyenv/versions/3.12.9/lib/python3.12/site-packages/airflow/example_dags/example_xcom.py
[2025-02-28T22:40:52.776+0200] {logging_mixin.py:190} INFO - [2025-02-28T22:40:52.776+0200] {dag.py:3239} INFO - Sync 1 DAGs
[2025-02-28T22:40:52.781+0200] {logging_mixin.py:190} INFO - [2025-02-28T22:40:52.781+0200] {dag.py:4180} INFO - Setting next_dagrun for example_xcom to 2021-01-01 00:00:00+00:00, run_after=2021-01-01 00:00:00+00:00
[2025-02-28T22:40:52.788+0200] {processor.py:208} INFO - Processing /Users/nampham/.pyenv/versions/3.12.9/lib/python3.12/site-packages/airflow/example_dags/example_xcom.py took 0.085 seconds
[2025-02-28T22:42:02.533+0200] {processor.py:186} INFO - Started process (PID=21023) to work on /Users/nampham/.pyenv/versions/3.12.9/lib/python3.12/site-packages/airflow/example_dags/example_xcom.py
[2025-02-28T22:42:02.534+0200] {processor.py:914} INFO - Processing file /Users/nampham/.pyenv/versions/3.12.9/lib/python3.12/site-packages/airflow/example_dags/example_xcom.py for tasks to queue
[2025-02-28T22:42:02.534+0200] {logging_mixin.py:190} INFO - [2025-02-28T22:42:02.534+0200] {dagbag.py:588} INFO - Filling up the DagBag from /Users/nampham/.pyenv/versions/3.12.9/lib/python3.12/site-packages/airflow/example_dags/example_xcom.py
[2025-02-28T22:42:02.571+0200] {processor.py:925} INFO - DAG(s) 'example_xcom' retrieved from /Users/nampham/.pyenv/versions/3.12.9/lib/python3.12/site-packages/airflow/example_dags/example_xcom.py
[2025-02-28T22:42:02.604+0200] {logging_mixin.py:190} INFO - [2025-02-28T22:42:02.604+0200] {dag.py:3239} INFO - Sync 1 DAGs
[2025-02-28T22:42:02.610+0200] {logging_mixin.py:190} INFO - [2025-02-28T22:42:02.610+0200] {dag.py:4180} INFO - Setting next_dagrun for example_xcom to 2021-01-01 00:00:00+00:00, run_after=2021-01-01 00:00:00+00:00
[2025-02-28T22:42:02.617+0200] {processor.py:208} INFO - Processing /Users/nampham/.pyenv/versions/3.12.9/lib/python3.12/site-packages/airflow/example_dags/example_xcom.py took 0.085 seconds
[2025-02-28T22:43:14.954+0200] {processor.py:186} INFO - Started process (PID=21298) to work on /Users/nampham/.pyenv/versions/3.12.9/lib/python3.12/site-packages/airflow/example_dags/example_xcom.py
[2025-02-28T22:43:14.955+0200] {processor.py:914} INFO - Processing file /Users/nampham/.pyenv/versions/3.12.9/lib/python3.12/site-packages/airflow/example_dags/example_xcom.py for tasks to queue
[2025-02-28T22:43:14.956+0200] {logging_mixin.py:190} INFO - [2025-02-28T22:43:14.956+0200] {dagbag.py:588} INFO - Filling up the DagBag from /Users/nampham/.pyenv/versions/3.12.9/lib/python3.12/site-packages/airflow/example_dags/example_xcom.py
[2025-02-28T22:43:14.994+0200] {processor.py:925} INFO - DAG(s) 'example_xcom' retrieved from /Users/nampham/.pyenv/versions/3.12.9/lib/python3.12/site-packages/airflow/example_dags/example_xcom.py
[2025-02-28T22:43:15.029+0200] {logging_mixin.py:190} INFO - [2025-02-28T22:43:15.029+0200] {dag.py:3239} INFO - Sync 1 DAGs
[2025-02-28T22:43:15.035+0200] {logging_mixin.py:190} INFO - [2025-02-28T22:43:15.035+0200] {dag.py:4180} INFO - Setting next_dagrun for example_xcom to 2021-01-01 00:00:00+00:00, run_after=2021-01-01 00:00:00+00:00
[2025-02-28T22:43:15.041+0200] {processor.py:208} INFO - Processing /Users/nampham/.pyenv/versions/3.12.9/lib/python3.12/site-packages/airflow/example_dags/example_xcom.py took 0.088 seconds
[2025-02-28T22:44:32.205+0200] {processor.py:186} INFO - Started process (PID=21572) to work on /Users/nampham/.pyenv/versions/3.12.9/lib/python3.12/site-packages/airflow/example_dags/example_xcom.py
[2025-02-28T22:44:32.205+0200] {processor.py:914} INFO - Processing file /Users/nampham/.pyenv/versions/3.12.9/lib/python3.12/site-packages/airflow/example_dags/example_xcom.py for tasks to queue
[2025-02-28T22:44:32.206+0200] {logging_mixin.py:190} INFO - [2025-02-28T22:44:32.206+0200] {dagbag.py:588} INFO - Filling up the DagBag from /Users/nampham/.pyenv/versions/3.12.9/lib/python3.12/site-packages/airflow/example_dags/example_xcom.py
[2025-02-28T22:44:32.243+0200] {processor.py:925} INFO - DAG(s) 'example_xcom' retrieved from /Users/nampham/.pyenv/versions/3.12.9/lib/python3.12/site-packages/airflow/example_dags/example_xcom.py
[2025-02-28T22:44:32.276+0200] {logging_mixin.py:190} INFO - [2025-02-28T22:44:32.276+0200] {dag.py:3239} INFO - Sync 1 DAGs
[2025-02-28T22:44:32.282+0200] {logging_mixin.py:190} INFO - [2025-02-28T22:44:32.282+0200] {dag.py:4180} INFO - Setting next_dagrun for example_xcom to 2021-01-01 00:00:00+00:00, run_after=2021-01-01 00:00:00+00:00
[2025-02-28T22:44:32.289+0200] {processor.py:208} INFO - Processing /Users/nampham/.pyenv/versions/3.12.9/lib/python3.12/site-packages/airflow/example_dags/example_xcom.py took 0.085 seconds
[2025-02-28T22:46:15.715+0200] {processor.py:186} INFO - Started process (PID=21922) to work on /Users/nampham/.pyenv/versions/3.12.9/lib/python3.12/site-packages/airflow/example_dags/example_xcom.py
[2025-02-28T22:46:15.715+0200] {processor.py:914} INFO - Processing file /Users/nampham/.pyenv/versions/3.12.9/lib/python3.12/site-packages/airflow/example_dags/example_xcom.py for tasks to queue
[2025-02-28T22:46:15.716+0200] {logging_mixin.py:190} INFO - [2025-02-28T22:46:15.716+0200] {dagbag.py:588} INFO - Filling up the DagBag from /Users/nampham/.pyenv/versions/3.12.9/lib/python3.12/site-packages/airflow/example_dags/example_xcom.py
[2025-02-28T22:46:15.753+0200] {processor.py:925} INFO - DAG(s) 'example_xcom' retrieved from /Users/nampham/.pyenv/versions/3.12.9/lib/python3.12/site-packages/airflow/example_dags/example_xcom.py
[2025-02-28T22:46:15.786+0200] {logging_mixin.py:190} INFO - [2025-02-28T22:46:15.786+0200] {dag.py:3239} INFO - Sync 1 DAGs
[2025-02-28T22:46:15.792+0200] {logging_mixin.py:190} INFO - [2025-02-28T22:46:15.792+0200] {dag.py:4180} INFO - Setting next_dagrun for example_xcom to 2021-01-01 00:00:00+00:00, run_after=2021-01-01 00:00:00+00:00
[2025-02-28T22:46:15.799+0200] {processor.py:208} INFO - Processing /Users/nampham/.pyenv/versions/3.12.9/lib/python3.12/site-packages/airflow/example_dags/example_xcom.py took 0.085 seconds
[2025-02-28T22:47:45.119+0200] {processor.py:186} INFO - Started process (PID=22213) to work on /Users/nampham/.pyenv/versions/3.12.9/lib/python3.12/site-packages/airflow/example_dags/example_xcom.py
[2025-02-28T22:47:45.119+0200] {processor.py:914} INFO - Processing file /Users/nampham/.pyenv/versions/3.12.9/lib/python3.12/site-packages/airflow/example_dags/example_xcom.py for tasks to queue
[2025-02-28T22:47:45.120+0200] {logging_mixin.py:190} INFO - [2025-02-28T22:47:45.120+0200] {dagbag.py:588} INFO - Filling up the DagBag from /Users/nampham/.pyenv/versions/3.12.9/lib/python3.12/site-packages/airflow/example_dags/example_xcom.py
[2025-02-28T22:47:45.156+0200] {processor.py:925} INFO - DAG(s) 'example_xcom' retrieved from /Users/nampham/.pyenv/versions/3.12.9/lib/python3.12/site-packages/airflow/example_dags/example_xcom.py
[2025-02-28T22:47:45.190+0200] {logging_mixin.py:190} INFO - [2025-02-28T22:47:45.190+0200] {dag.py:3239} INFO - Sync 1 DAGs
[2025-02-28T22:47:45.195+0200] {logging_mixin.py:190} INFO - [2025-02-28T22:47:45.195+0200] {dag.py:4180} INFO - Setting next_dagrun for example_xcom to 2021-01-01 00:00:00+00:00, run_after=2021-01-01 00:00:00+00:00
[2025-02-28T22:47:45.202+0200] {processor.py:208} INFO - Processing /Users/nampham/.pyenv/versions/3.12.9/lib/python3.12/site-packages/airflow/example_dags/example_xcom.py took 0.084 seconds
[2025-02-28T22:54:30.883+0200] {processor.py:186} INFO - Started process (PID=22661) to work on /Users/nampham/.pyenv/versions/3.12.9/lib/python3.12/site-packages/airflow/example_dags/example_xcom.py
[2025-02-28T22:54:30.885+0200] {processor.py:914} INFO - Processing file /Users/nampham/.pyenv/versions/3.12.9/lib/python3.12/site-packages/airflow/example_dags/example_xcom.py for tasks to queue
[2025-02-28T22:54:30.885+0200] {logging_mixin.py:190} INFO - [2025-02-28T22:54:30.885+0200] {dagbag.py:588} INFO - Filling up the DagBag from /Users/nampham/.pyenv/versions/3.12.9/lib/python3.12/site-packages/airflow/example_dags/example_xcom.py
[2025-02-28T22:54:30.922+0200] {processor.py:925} INFO - DAG(s) 'example_xcom' retrieved from /Users/nampham/.pyenv/versions/3.12.9/lib/python3.12/site-packages/airflow/example_dags/example_xcom.py
[2025-02-28T22:54:30.956+0200] {logging_mixin.py:190} INFO - [2025-02-28T22:54:30.956+0200] {dag.py:3239} INFO - Sync 1 DAGs
[2025-02-28T22:54:30.962+0200] {logging_mixin.py:190} INFO - [2025-02-28T22:54:30.962+0200] {dag.py:4180} INFO - Setting next_dagrun for example_xcom to 2021-01-01 00:00:00+00:00, run_after=2021-01-01 00:00:00+00:00
[2025-02-28T22:54:30.969+0200] {processor.py:208} INFO - Processing /Users/nampham/.pyenv/versions/3.12.9/lib/python3.12/site-packages/airflow/example_dags/example_xcom.py took 0.087 seconds
[2025-02-28T22:56:16.187+0200] {processor.py:186} INFO - Started process (PID=23020) to work on /Users/nampham/.pyenv/versions/3.12.9/lib/python3.12/site-packages/airflow/example_dags/example_xcom.py
[2025-02-28T22:56:16.188+0200] {processor.py:914} INFO - Processing file /Users/nampham/.pyenv/versions/3.12.9/lib/python3.12/site-packages/airflow/example_dags/example_xcom.py for tasks to queue
[2025-02-28T22:56:16.189+0200] {logging_mixin.py:190} INFO - [2025-02-28T22:56:16.189+0200] {dagbag.py:588} INFO - Filling up the DagBag from /Users/nampham/.pyenv/versions/3.12.9/lib/python3.12/site-packages/airflow/example_dags/example_xcom.py
[2025-02-28T22:56:16.225+0200] {processor.py:925} INFO - DAG(s) 'example_xcom' retrieved from /Users/nampham/.pyenv/versions/3.12.9/lib/python3.12/site-packages/airflow/example_dags/example_xcom.py
[2025-02-28T22:56:16.258+0200] {logging_mixin.py:190} INFO - [2025-02-28T22:56:16.258+0200] {dag.py:3239} INFO - Sync 1 DAGs
[2025-02-28T22:56:16.264+0200] {logging_mixin.py:190} INFO - [2025-02-28T22:56:16.264+0200] {dag.py:4180} INFO - Setting next_dagrun for example_xcom to 2021-01-01 00:00:00+00:00, run_after=2021-01-01 00:00:00+00:00
[2025-02-28T22:56:16.270+0200] {processor.py:208} INFO - Processing /Users/nampham/.pyenv/versions/3.12.9/lib/python3.12/site-packages/airflow/example_dags/example_xcom.py took 0.084 seconds
[2025-02-28T22:57:43.055+0200] {processor.py:186} INFO - Started process (PID=23306) to work on /Users/nampham/.pyenv/versions/3.12.9/lib/python3.12/site-packages/airflow/example_dags/example_xcom.py
[2025-02-28T22:57:43.056+0200] {processor.py:914} INFO - Processing file /Users/nampham/.pyenv/versions/3.12.9/lib/python3.12/site-packages/airflow/example_dags/example_xcom.py for tasks to queue
[2025-02-28T22:57:43.056+0200] {logging_mixin.py:190} INFO - [2025-02-28T22:57:43.056+0200] {dagbag.py:588} INFO - Filling up the DagBag from /Users/nampham/.pyenv/versions/3.12.9/lib/python3.12/site-packages/airflow/example_dags/example_xcom.py
[2025-02-28T22:57:43.093+0200] {processor.py:925} INFO - DAG(s) 'example_xcom' retrieved from /Users/nampham/.pyenv/versions/3.12.9/lib/python3.12/site-packages/airflow/example_dags/example_xcom.py
[2025-02-28T22:57:43.125+0200] {logging_mixin.py:190} INFO - [2025-02-28T22:57:43.125+0200] {dag.py:3239} INFO - Sync 1 DAGs
[2025-02-28T22:57:43.131+0200] {logging_mixin.py:190} INFO - [2025-02-28T22:57:43.131+0200] {dag.py:4180} INFO - Setting next_dagrun for example_xcom to 2021-01-01 00:00:00+00:00, run_after=2021-01-01 00:00:00+00:00
[2025-02-28T22:57:43.138+0200] {processor.py:208} INFO - Processing /Users/nampham/.pyenv/versions/3.12.9/lib/python3.12/site-packages/airflow/example_dags/example_xcom.py took 0.084 seconds
[2025-02-28T22:59:00.253+0200] {processor.py:186} INFO - Started process (PID=23557) to work on /Users/nampham/.pyenv/versions/3.12.9/lib/python3.12/site-packages/airflow/example_dags/example_xcom.py
[2025-02-28T22:59:00.254+0200] {processor.py:914} INFO - Processing file /Users/nampham/.pyenv/versions/3.12.9/lib/python3.12/site-packages/airflow/example_dags/example_xcom.py for tasks to queue
[2025-02-28T22:59:00.255+0200] {logging_mixin.py:190} INFO - [2025-02-28T22:59:00.255+0200] {dagbag.py:588} INFO - Filling up the DagBag from /Users/nampham/.pyenv/versions/3.12.9/lib/python3.12/site-packages/airflow/example_dags/example_xcom.py
[2025-02-28T22:59:00.292+0200] {processor.py:925} INFO - DAG(s) 'example_xcom' retrieved from /Users/nampham/.pyenv/versions/3.12.9/lib/python3.12/site-packages/airflow/example_dags/example_xcom.py
[2025-02-28T22:59:00.325+0200] {logging_mixin.py:190} INFO - [2025-02-28T22:59:00.325+0200] {dag.py:3239} INFO - Sync 1 DAGs
[2025-02-28T22:59:00.331+0200] {logging_mixin.py:190} INFO - [2025-02-28T22:59:00.331+0200] {dag.py:4180} INFO - Setting next_dagrun for example_xcom to 2021-01-01 00:00:00+00:00, run_after=2021-01-01 00:00:00+00:00
[2025-02-28T22:59:00.337+0200] {processor.py:208} INFO - Processing /Users/nampham/.pyenv/versions/3.12.9/lib/python3.12/site-packages/airflow/example_dags/example_xcom.py took 0.085 seconds
[2025-02-28T23:00:43.830+0200] {processor.py:186} INFO - Started process (PID=23922) to work on /Users/nampham/.pyenv/versions/3.12.9/lib/python3.12/site-packages/airflow/example_dags/example_xcom.py
[2025-02-28T23:00:43.831+0200] {processor.py:914} INFO - Processing file /Users/nampham/.pyenv/versions/3.12.9/lib/python3.12/site-packages/airflow/example_dags/example_xcom.py for tasks to queue
[2025-02-28T23:00:43.832+0200] {logging_mixin.py:190} INFO - [2025-02-28T23:00:43.832+0200] {dagbag.py:588} INFO - Filling up the DagBag from /Users/nampham/.pyenv/versions/3.12.9/lib/python3.12/site-packages/airflow/example_dags/example_xcom.py
[2025-02-28T23:00:43.868+0200] {processor.py:925} INFO - DAG(s) 'example_xcom' retrieved from /Users/nampham/.pyenv/versions/3.12.9/lib/python3.12/site-packages/airflow/example_dags/example_xcom.py
[2025-02-28T23:00:43.901+0200] {logging_mixin.py:190} INFO - [2025-02-28T23:00:43.901+0200] {dag.py:3239} INFO - Sync 1 DAGs
[2025-02-28T23:00:43.907+0200] {logging_mixin.py:190} INFO - [2025-02-28T23:00:43.907+0200] {dag.py:4180} INFO - Setting next_dagrun for example_xcom to 2021-01-01 00:00:00+00:00, run_after=2021-01-01 00:00:00+00:00
[2025-02-28T23:00:43.913+0200] {processor.py:208} INFO - Processing /Users/nampham/.pyenv/versions/3.12.9/lib/python3.12/site-packages/airflow/example_dags/example_xcom.py took 0.084 seconds
[2025-02-28T23:01:59.147+0200] {processor.py:186} INFO - Started process (PID=24169) to work on /Users/nampham/.pyenv/versions/3.12.9/lib/python3.12/site-packages/airflow/example_dags/example_xcom.py
[2025-02-28T23:01:59.147+0200] {processor.py:914} INFO - Processing file /Users/nampham/.pyenv/versions/3.12.9/lib/python3.12/site-packages/airflow/example_dags/example_xcom.py for tasks to queue
[2025-02-28T23:01:59.147+0200] {logging_mixin.py:190} INFO - [2025-02-28T23:01:59.147+0200] {dagbag.py:588} INFO - Filling up the DagBag from /Users/nampham/.pyenv/versions/3.12.9/lib/python3.12/site-packages/airflow/example_dags/example_xcom.py
[2025-02-28T23:01:59.186+0200] {processor.py:925} INFO - DAG(s) 'example_xcom' retrieved from /Users/nampham/.pyenv/versions/3.12.9/lib/python3.12/site-packages/airflow/example_dags/example_xcom.py
[2025-02-28T23:01:59.219+0200] {logging_mixin.py:190} INFO - [2025-02-28T23:01:59.219+0200] {dag.py:3239} INFO - Sync 1 DAGs
[2025-02-28T23:01:59.224+0200] {logging_mixin.py:190} INFO - [2025-02-28T23:01:59.224+0200] {dag.py:4180} INFO - Setting next_dagrun for example_xcom to 2021-01-01 00:00:00+00:00, run_after=2021-01-01 00:00:00+00:00
[2025-02-28T23:01:59.231+0200] {processor.py:208} INFO - Processing /Users/nampham/.pyenv/versions/3.12.9/lib/python3.12/site-packages/airflow/example_dags/example_xcom.py took 0.085 seconds
