[2025-02-28T18:25:09.112+0200] {processor.py:186} INFO - Started process (PID=93249) to work on /Users/nampham/.pyenv/versions/3.12.9/lib/python3.12/site-packages/airflow/example_dags/example_python_operator.py
[2025-02-28T18:25:09.113+0200] {processor.py:914} INFO - Processing file /Users/nampham/.pyenv/versions/3.12.9/lib/python3.12/site-packages/airflow/example_dags/example_python_operator.py for tasks to queue
[2025-02-28T18:25:09.113+0200] {logging_mixin.py:190} INFO - [2025-02-28T18:25:09.113+0200] {dagbag.py:588} INFO - Filling up the DagBag from /Users/nampham/.pyenv/versions/3.12.9/lib/python3.12/site-packages/airflow/example_dags/example_python_operator.py
[2025-02-28T18:25:09.148+0200] {logging_mixin.py:190} INFO - [2025-02-28T18:25:09.148+0200] {example_python_operator.py:93} WARNING - The virtalenv_python example task requires virtualenv, please install it.
[2025-02-28T18:25:09.149+0200] {processor.py:925} INFO - DAG(s) 'example_python_operator' retrieved from /Users/nampham/.pyenv/versions/3.12.9/lib/python3.12/site-packages/airflow/example_dags/example_python_operator.py
[2025-02-28T18:25:09.217+0200] {logging_mixin.py:190} INFO - [2025-02-28T18:25:09.217+0200] {override.py:1930} INFO - Created Permission View: can edit on DAG:example_python_operator
[2025-02-28T18:25:09.220+0200] {logging_mixin.py:190} INFO - [2025-02-28T18:25:09.220+0200] {override.py:1930} INFO - Created Permission View: can delete on DAG:example_python_operator
[2025-02-28T18:25:09.222+0200] {logging_mixin.py:190} INFO - [2025-02-28T18:25:09.222+0200] {override.py:1930} INFO - Created Permission View: can read on DAG:example_python_operator
[2025-02-28T18:25:09.224+0200] {logging_mixin.py:190} INFO - [2025-02-28T18:25:09.224+0200] {override.py:1930} INFO - Created Permission View: menu access on DAG Run:example_python_operator
[2025-02-28T18:25:09.226+0200] {logging_mixin.py:190} INFO - [2025-02-28T18:25:09.226+0200] {override.py:1930} INFO - Created Permission View: can create on DAG Run:example_python_operator
[2025-02-28T18:25:09.228+0200] {logging_mixin.py:190} INFO - [2025-02-28T18:25:09.228+0200] {override.py:1930} INFO - Created Permission View: can delete on DAG Run:example_python_operator
[2025-02-28T18:25:09.229+0200] {logging_mixin.py:190} INFO - [2025-02-28T18:25:09.229+0200] {override.py:1930} INFO - Created Permission View: can read on DAG Run:example_python_operator
[2025-02-28T18:25:09.230+0200] {logging_mixin.py:190} INFO - [2025-02-28T18:25:09.230+0200] {dag.py:3239} INFO - Sync 1 DAGs
[2025-02-28T18:25:09.234+0200] {logging_mixin.py:190} INFO - [2025-02-28T18:25:09.234+0200] {dag.py:3262} INFO - Creating ORM DAG for example_python_operator
[2025-02-28T18:25:09.234+0200] {logging_mixin.py:190} INFO - [2025-02-28T18:25:09.234+0200] {dag.py:4180} INFO - Setting next_dagrun for example_python_operator to None, run_after=None
[2025-02-28T18:25:09.240+0200] {processor.py:208} INFO - Processing /Users/nampham/.pyenv/versions/3.12.9/lib/python3.12/site-packages/airflow/example_dags/example_python_operator.py took 0.129 seconds
[2025-02-28T18:26:59.116+0200] {processor.py:186} INFO - Started process (PID=93690) to work on /Users/nampham/.pyenv/versions/3.12.9/lib/python3.12/site-packages/airflow/example_dags/example_python_operator.py
[2025-02-28T18:26:59.117+0200] {processor.py:914} INFO - Processing file /Users/nampham/.pyenv/versions/3.12.9/lib/python3.12/site-packages/airflow/example_dags/example_python_operator.py for tasks to queue
[2025-02-28T18:26:59.118+0200] {logging_mixin.py:190} INFO - [2025-02-28T18:26:59.118+0200] {dagbag.py:588} INFO - Filling up the DagBag from /Users/nampham/.pyenv/versions/3.12.9/lib/python3.12/site-packages/airflow/example_dags/example_python_operator.py
[2025-02-28T18:26:59.161+0200] {logging_mixin.py:190} INFO - [2025-02-28T18:26:59.161+0200] {example_python_operator.py:93} WARNING - The virtalenv_python example task requires virtualenv, please install it.
[2025-02-28T18:26:59.163+0200] {processor.py:925} INFO - DAG(s) 'example_python_operator' retrieved from /Users/nampham/.pyenv/versions/3.12.9/lib/python3.12/site-packages/airflow/example_dags/example_python_operator.py
[2025-02-28T18:26:59.199+0200] {logging_mixin.py:190} INFO - [2025-02-28T18:26:59.199+0200] {dag.py:3239} INFO - Sync 1 DAGs
[2025-02-28T18:26:59.203+0200] {logging_mixin.py:190} INFO - [2025-02-28T18:26:59.203+0200] {dag.py:4180} INFO - Setting next_dagrun for example_python_operator to None, run_after=None
[2025-02-28T18:26:59.210+0200] {processor.py:208} INFO - Processing /Users/nampham/.pyenv/versions/3.12.9/lib/python3.12/site-packages/airflow/example_dags/example_python_operator.py took 0.095 seconds
[2025-02-28T18:29:40.386+0200] {processor.py:186} INFO - Started process (PID=94344) to work on /Users/nampham/.pyenv/versions/3.12.9/lib/python3.12/site-packages/airflow/example_dags/example_python_operator.py
[2025-02-28T18:29:40.387+0200] {processor.py:914} INFO - Processing file /Users/nampham/.pyenv/versions/3.12.9/lib/python3.12/site-packages/airflow/example_dags/example_python_operator.py for tasks to queue
[2025-02-28T18:29:40.387+0200] {logging_mixin.py:190} INFO - [2025-02-28T18:29:40.387+0200] {dagbag.py:588} INFO - Filling up the DagBag from /Users/nampham/.pyenv/versions/3.12.9/lib/python3.12/site-packages/airflow/example_dags/example_python_operator.py
[2025-02-28T18:29:40.432+0200] {logging_mixin.py:190} INFO - [2025-02-28T18:29:40.432+0200] {example_python_operator.py:93} WARNING - The virtalenv_python example task requires virtualenv, please install it.
[2025-02-28T18:29:40.433+0200] {processor.py:925} INFO - DAG(s) 'example_python_operator' retrieved from /Users/nampham/.pyenv/versions/3.12.9/lib/python3.12/site-packages/airflow/example_dags/example_python_operator.py
[2025-02-28T18:29:40.470+0200] {logging_mixin.py:190} INFO - [2025-02-28T18:29:40.469+0200] {dag.py:3239} INFO - Sync 1 DAGs
[2025-02-28T18:29:40.474+0200] {logging_mixin.py:190} INFO - [2025-02-28T18:29:40.473+0200] {dag.py:4180} INFO - Setting next_dagrun for example_python_operator to None, run_after=None
[2025-02-28T18:29:40.480+0200] {processor.py:208} INFO - Processing /Users/nampham/.pyenv/versions/3.12.9/lib/python3.12/site-packages/airflow/example_dags/example_python_operator.py took 0.096 seconds
[2025-02-28T20:11:24.870+0200] {processor.py:186} INFO - Started process (PID=97349) to work on /Users/nampham/.pyenv/versions/3.12.9/lib/python3.12/site-packages/airflow/example_dags/example_python_operator.py
[2025-02-28T20:11:24.871+0200] {processor.py:914} INFO - Processing file /Users/nampham/.pyenv/versions/3.12.9/lib/python3.12/site-packages/airflow/example_dags/example_python_operator.py for tasks to queue
[2025-02-28T20:11:24.872+0200] {logging_mixin.py:190} INFO - [2025-02-28T20:11:24.872+0200] {dagbag.py:588} INFO - Filling up the DagBag from /Users/nampham/.pyenv/versions/3.12.9/lib/python3.12/site-packages/airflow/example_dags/example_python_operator.py
[2025-02-28T20:11:24.904+0200] {logging_mixin.py:190} INFO - [2025-02-28T20:11:24.904+0200] {example_python_operator.py:93} WARNING - The virtalenv_python example task requires virtualenv, please install it.
[2025-02-28T20:11:24.906+0200] {processor.py:925} INFO - DAG(s) 'example_python_operator' retrieved from /Users/nampham/.pyenv/versions/3.12.9/lib/python3.12/site-packages/airflow/example_dags/example_python_operator.py
[2025-02-28T20:11:24.970+0200] {logging_mixin.py:190} INFO - [2025-02-28T20:11:24.969+0200] {dag.py:3239} INFO - Sync 1 DAGs
[2025-02-28T20:11:24.973+0200] {logging_mixin.py:190} INFO - [2025-02-28T20:11:24.973+0200] {dag.py:4180} INFO - Setting next_dagrun for example_python_operator to None, run_after=None
[2025-02-28T20:11:24.980+0200] {processor.py:208} INFO - Processing /Users/nampham/.pyenv/versions/3.12.9/lib/python3.12/site-packages/airflow/example_dags/example_python_operator.py took 0.111 seconds
[2025-02-28T20:13:13.193+0200] {processor.py:186} INFO - Started process (PID=97977) to work on /Users/nampham/.pyenv/versions/3.12.9/lib/python3.12/site-packages/airflow/example_dags/example_python_operator.py
[2025-02-28T20:13:13.194+0200] {processor.py:914} INFO - Processing file /Users/nampham/.pyenv/versions/3.12.9/lib/python3.12/site-packages/airflow/example_dags/example_python_operator.py for tasks to queue
[2025-02-28T20:13:13.195+0200] {logging_mixin.py:190} INFO - [2025-02-28T20:13:13.194+0200] {dagbag.py:588} INFO - Filling up the DagBag from /Users/nampham/.pyenv/versions/3.12.9/lib/python3.12/site-packages/airflow/example_dags/example_python_operator.py
[2025-02-28T20:13:13.229+0200] {logging_mixin.py:190} INFO - [2025-02-28T20:13:13.229+0200] {example_python_operator.py:93} WARNING - The virtalenv_python example task requires virtualenv, please install it.
[2025-02-28T20:13:13.230+0200] {processor.py:925} INFO - DAG(s) 'example_python_operator' retrieved from /Users/nampham/.pyenv/versions/3.12.9/lib/python3.12/site-packages/airflow/example_dags/example_python_operator.py
[2025-02-28T20:13:13.265+0200] {logging_mixin.py:190} INFO - [2025-02-28T20:13:13.265+0200] {dag.py:3239} INFO - Sync 1 DAGs
[2025-02-28T20:13:13.269+0200] {logging_mixin.py:190} INFO - [2025-02-28T20:13:13.269+0200] {dag.py:4180} INFO - Setting next_dagrun for example_python_operator to None, run_after=None
[2025-02-28T20:13:13.275+0200] {processor.py:208} INFO - Processing /Users/nampham/.pyenv/versions/3.12.9/lib/python3.12/site-packages/airflow/example_dags/example_python_operator.py took 0.083 seconds
[2025-02-28T20:15:02.535+0200] {processor.py:186} INFO - Started process (PID=98409) to work on /Users/nampham/.pyenv/versions/3.12.9/lib/python3.12/site-packages/airflow/example_dags/example_python_operator.py
[2025-02-28T20:15:02.537+0200] {processor.py:914} INFO - Processing file /Users/nampham/.pyenv/versions/3.12.9/lib/python3.12/site-packages/airflow/example_dags/example_python_operator.py for tasks to queue
[2025-02-28T20:15:02.537+0200] {logging_mixin.py:190} INFO - [2025-02-28T20:15:02.537+0200] {dagbag.py:588} INFO - Filling up the DagBag from /Users/nampham/.pyenv/versions/3.12.9/lib/python3.12/site-packages/airflow/example_dags/example_python_operator.py
[2025-02-28T20:15:02.568+0200] {logging_mixin.py:190} INFO - [2025-02-28T20:15:02.568+0200] {example_python_operator.py:93} WARNING - The virtalenv_python example task requires virtualenv, please install it.
[2025-02-28T20:15:02.570+0200] {processor.py:925} INFO - DAG(s) 'example_python_operator' retrieved from /Users/nampham/.pyenv/versions/3.12.9/lib/python3.12/site-packages/airflow/example_dags/example_python_operator.py
[2025-02-28T20:15:02.603+0200] {logging_mixin.py:190} INFO - [2025-02-28T20:15:02.603+0200] {dag.py:3239} INFO - Sync 1 DAGs
[2025-02-28T20:15:02.607+0200] {logging_mixin.py:190} INFO - [2025-02-28T20:15:02.607+0200] {dag.py:4180} INFO - Setting next_dagrun for example_python_operator to None, run_after=None
[2025-02-28T20:15:02.613+0200] {processor.py:208} INFO - Processing /Users/nampham/.pyenv/versions/3.12.9/lib/python3.12/site-packages/airflow/example_dags/example_python_operator.py took 0.079 seconds
[2025-02-28T20:17:38.251+0200] {processor.py:186} INFO - Started process (PID=98983) to work on /Users/nampham/.pyenv/versions/3.12.9/lib/python3.12/site-packages/airflow/example_dags/example_python_operator.py
[2025-02-28T20:17:38.252+0200] {processor.py:914} INFO - Processing file /Users/nampham/.pyenv/versions/3.12.9/lib/python3.12/site-packages/airflow/example_dags/example_python_operator.py for tasks to queue
[2025-02-28T20:17:38.253+0200] {logging_mixin.py:190} INFO - [2025-02-28T20:17:38.253+0200] {dagbag.py:588} INFO - Filling up the DagBag from /Users/nampham/.pyenv/versions/3.12.9/lib/python3.12/site-packages/airflow/example_dags/example_python_operator.py
[2025-02-28T20:17:38.285+0200] {logging_mixin.py:190} INFO - [2025-02-28T20:17:38.285+0200] {example_python_operator.py:93} WARNING - The virtalenv_python example task requires virtualenv, please install it.
[2025-02-28T20:17:38.286+0200] {processor.py:925} INFO - DAG(s) 'example_python_operator' retrieved from /Users/nampham/.pyenv/versions/3.12.9/lib/python3.12/site-packages/airflow/example_dags/example_python_operator.py
[2025-02-28T20:17:38.320+0200] {logging_mixin.py:190} INFO - [2025-02-28T20:17:38.319+0200] {dag.py:3239} INFO - Sync 1 DAGs
[2025-02-28T20:17:38.323+0200] {logging_mixin.py:190} INFO - [2025-02-28T20:17:38.323+0200] {dag.py:4180} INFO - Setting next_dagrun for example_python_operator to None, run_after=None
[2025-02-28T20:17:38.329+0200] {processor.py:208} INFO - Processing /Users/nampham/.pyenv/versions/3.12.9/lib/python3.12/site-packages/airflow/example_dags/example_python_operator.py took 0.080 seconds
[2025-02-28T20:18:53.628+0200] {processor.py:186} INFO - Started process (PID=99347) to work on /Users/nampham/.pyenv/versions/3.12.9/lib/python3.12/site-packages/airflow/example_dags/example_python_operator.py
[2025-02-28T20:18:53.629+0200] {processor.py:914} INFO - Processing file /Users/nampham/.pyenv/versions/3.12.9/lib/python3.12/site-packages/airflow/example_dags/example_python_operator.py for tasks to queue
[2025-02-28T20:18:53.630+0200] {logging_mixin.py:190} INFO - [2025-02-28T20:18:53.630+0200] {dagbag.py:588} INFO - Filling up the DagBag from /Users/nampham/.pyenv/versions/3.12.9/lib/python3.12/site-packages/airflow/example_dags/example_python_operator.py
[2025-02-28T20:18:53.664+0200] {logging_mixin.py:190} INFO - [2025-02-28T20:18:53.663+0200] {example_python_operator.py:93} WARNING - The virtalenv_python example task requires virtualenv, please install it.
[2025-02-28T20:18:53.665+0200] {processor.py:925} INFO - DAG(s) 'example_python_operator' retrieved from /Users/nampham/.pyenv/versions/3.12.9/lib/python3.12/site-packages/airflow/example_dags/example_python_operator.py
[2025-02-28T20:18:53.699+0200] {logging_mixin.py:190} INFO - [2025-02-28T20:18:53.698+0200] {dag.py:3239} INFO - Sync 1 DAGs
[2025-02-28T20:18:53.702+0200] {logging_mixin.py:190} INFO - [2025-02-28T20:18:53.702+0200] {dag.py:4180} INFO - Setting next_dagrun for example_python_operator to None, run_after=None
[2025-02-28T20:18:53.708+0200] {processor.py:208} INFO - Processing /Users/nampham/.pyenv/versions/3.12.9/lib/python3.12/site-packages/airflow/example_dags/example_python_operator.py took 0.081 seconds
[2025-02-28T20:20:45.322+0200] {processor.py:186} INFO - Started process (PID=99784) to work on /Users/nampham/.pyenv/versions/3.12.9/lib/python3.12/site-packages/airflow/example_dags/example_python_operator.py
[2025-02-28T20:20:45.323+0200] {processor.py:914} INFO - Processing file /Users/nampham/.pyenv/versions/3.12.9/lib/python3.12/site-packages/airflow/example_dags/example_python_operator.py for tasks to queue
[2025-02-28T20:20:45.323+0200] {logging_mixin.py:190} INFO - [2025-02-28T20:20:45.323+0200] {dagbag.py:588} INFO - Filling up the DagBag from /Users/nampham/.pyenv/versions/3.12.9/lib/python3.12/site-packages/airflow/example_dags/example_python_operator.py
[2025-02-28T20:20:45.356+0200] {logging_mixin.py:190} INFO - [2025-02-28T20:20:45.356+0200] {example_python_operator.py:93} WARNING - The virtalenv_python example task requires virtualenv, please install it.
[2025-02-28T20:20:45.357+0200] {processor.py:925} INFO - DAG(s) 'example_python_operator' retrieved from /Users/nampham/.pyenv/versions/3.12.9/lib/python3.12/site-packages/airflow/example_dags/example_python_operator.py
[2025-02-28T20:20:45.392+0200] {logging_mixin.py:190} INFO - [2025-02-28T20:20:45.392+0200] {dag.py:3239} INFO - Sync 1 DAGs
[2025-02-28T20:20:45.395+0200] {logging_mixin.py:190} INFO - [2025-02-28T20:20:45.395+0200] {dag.py:4180} INFO - Setting next_dagrun for example_python_operator to None, run_after=None
[2025-02-28T20:20:45.402+0200] {processor.py:208} INFO - Processing /Users/nampham/.pyenv/versions/3.12.9/lib/python3.12/site-packages/airflow/example_dags/example_python_operator.py took 0.081 seconds
[2025-02-28T20:23:16.581+0200] {processor.py:186} INFO - Started process (PID=471) to work on /Users/nampham/.pyenv/versions/3.12.9/lib/python3.12/site-packages/airflow/example_dags/example_python_operator.py
[2025-02-28T20:23:16.581+0200] {processor.py:914} INFO - Processing file /Users/nampham/.pyenv/versions/3.12.9/lib/python3.12/site-packages/airflow/example_dags/example_python_operator.py for tasks to queue
[2025-02-28T20:23:16.582+0200] {logging_mixin.py:190} INFO - [2025-02-28T20:23:16.582+0200] {dagbag.py:588} INFO - Filling up the DagBag from /Users/nampham/.pyenv/versions/3.12.9/lib/python3.12/site-packages/airflow/example_dags/example_python_operator.py
[2025-02-28T20:23:16.614+0200] {logging_mixin.py:190} INFO - [2025-02-28T20:23:16.614+0200] {example_python_operator.py:93} WARNING - The virtalenv_python example task requires virtualenv, please install it.
[2025-02-28T20:23:16.616+0200] {processor.py:925} INFO - DAG(s) 'example_python_operator' retrieved from /Users/nampham/.pyenv/versions/3.12.9/lib/python3.12/site-packages/airflow/example_dags/example_python_operator.py
[2025-02-28T20:23:16.651+0200] {logging_mixin.py:190} INFO - [2025-02-28T20:23:16.650+0200] {dag.py:3239} INFO - Sync 1 DAGs
[2025-02-28T20:23:16.654+0200] {logging_mixin.py:190} INFO - [2025-02-28T20:23:16.654+0200] {dag.py:4180} INFO - Setting next_dagrun for example_python_operator to None, run_after=None
[2025-02-28T20:23:16.660+0200] {processor.py:208} INFO - Processing /Users/nampham/.pyenv/versions/3.12.9/lib/python3.12/site-packages/airflow/example_dags/example_python_operator.py took 0.081 seconds
[2025-02-28T21:28:07.886+0200] {processor.py:186} INFO - Started process (PID=5573) to work on /Users/nampham/.pyenv/versions/3.12.9/lib/python3.12/site-packages/airflow/example_dags/example_python_operator.py
[2025-02-28T21:28:07.886+0200] {processor.py:914} INFO - Processing file /Users/nampham/.pyenv/versions/3.12.9/lib/python3.12/site-packages/airflow/example_dags/example_python_operator.py for tasks to queue
[2025-02-28T21:28:07.887+0200] {logging_mixin.py:190} INFO - [2025-02-28T21:28:07.887+0200] {dagbag.py:588} INFO - Filling up the DagBag from /Users/nampham/.pyenv/versions/3.12.9/lib/python3.12/site-packages/airflow/example_dags/example_python_operator.py
[2025-02-28T21:28:07.921+0200] {logging_mixin.py:190} INFO - [2025-02-28T21:28:07.921+0200] {example_python_operator.py:93} WARNING - The virtalenv_python example task requires virtualenv, please install it.
[2025-02-28T21:28:07.922+0200] {processor.py:925} INFO - DAG(s) 'example_python_operator' retrieved from /Users/nampham/.pyenv/versions/3.12.9/lib/python3.12/site-packages/airflow/example_dags/example_python_operator.py
[2025-02-28T21:28:07.958+0200] {logging_mixin.py:190} INFO - [2025-02-28T21:28:07.958+0200] {dag.py:3239} INFO - Sync 1 DAGs
[2025-02-28T21:28:07.962+0200] {logging_mixin.py:190} INFO - [2025-02-28T21:28:07.962+0200] {dag.py:4180} INFO - Setting next_dagrun for example_python_operator to None, run_after=None
[2025-02-28T21:28:07.968+0200] {processor.py:208} INFO - Processing /Users/nampham/.pyenv/versions/3.12.9/lib/python3.12/site-packages/airflow/example_dags/example_python_operator.py took 0.084 seconds
[2025-02-28T21:30:53.584+0200] {processor.py:186} INFO - Started process (PID=6229) to work on /Users/nampham/.pyenv/versions/3.12.9/lib/python3.12/site-packages/airflow/example_dags/example_python_operator.py
[2025-02-28T21:30:53.585+0200] {processor.py:914} INFO - Processing file /Users/nampham/.pyenv/versions/3.12.9/lib/python3.12/site-packages/airflow/example_dags/example_python_operator.py for tasks to queue
[2025-02-28T21:30:53.585+0200] {logging_mixin.py:190} INFO - [2025-02-28T21:30:53.585+0200] {dagbag.py:588} INFO - Filling up the DagBag from /Users/nampham/.pyenv/versions/3.12.9/lib/python3.12/site-packages/airflow/example_dags/example_python_operator.py
[2025-02-28T21:30:53.617+0200] {logging_mixin.py:190} INFO - [2025-02-28T21:30:53.617+0200] {example_python_operator.py:93} WARNING - The virtalenv_python example task requires virtualenv, please install it.
[2025-02-28T21:30:53.618+0200] {processor.py:925} INFO - DAG(s) 'example_python_operator' retrieved from /Users/nampham/.pyenv/versions/3.12.9/lib/python3.12/site-packages/airflow/example_dags/example_python_operator.py
[2025-02-28T21:30:53.653+0200] {logging_mixin.py:190} INFO - [2025-02-28T21:30:53.653+0200] {dag.py:3239} INFO - Sync 1 DAGs
[2025-02-28T21:30:53.656+0200] {logging_mixin.py:190} INFO - [2025-02-28T21:30:53.656+0200] {dag.py:4180} INFO - Setting next_dagrun for example_python_operator to None, run_after=None
[2025-02-28T21:30:53.663+0200] {processor.py:208} INFO - Processing /Users/nampham/.pyenv/versions/3.12.9/lib/python3.12/site-packages/airflow/example_dags/example_python_operator.py took 0.080 seconds
[2025-02-28T21:32:41.159+0200] {processor.py:186} INFO - Started process (PID=6656) to work on /Users/nampham/.pyenv/versions/3.12.9/lib/python3.12/site-packages/airflow/example_dags/example_python_operator.py
[2025-02-28T21:32:41.160+0200] {processor.py:914} INFO - Processing file /Users/nampham/.pyenv/versions/3.12.9/lib/python3.12/site-packages/airflow/example_dags/example_python_operator.py for tasks to queue
[2025-02-28T21:32:41.160+0200] {logging_mixin.py:190} INFO - [2025-02-28T21:32:41.160+0200] {dagbag.py:588} INFO - Filling up the DagBag from /Users/nampham/.pyenv/versions/3.12.9/lib/python3.12/site-packages/airflow/example_dags/example_python_operator.py
[2025-02-28T21:32:41.194+0200] {logging_mixin.py:190} INFO - [2025-02-28T21:32:41.194+0200] {example_python_operator.py:93} WARNING - The virtalenv_python example task requires virtualenv, please install it.
[2025-02-28T21:32:41.195+0200] {processor.py:925} INFO - DAG(s) 'example_python_operator' retrieved from /Users/nampham/.pyenv/versions/3.12.9/lib/python3.12/site-packages/airflow/example_dags/example_python_operator.py
[2025-02-28T21:32:41.231+0200] {logging_mixin.py:190} INFO - [2025-02-28T21:32:41.231+0200] {dag.py:3239} INFO - Sync 1 DAGs
[2025-02-28T21:32:41.235+0200] {logging_mixin.py:190} INFO - [2025-02-28T21:32:41.235+0200] {dag.py:4180} INFO - Setting next_dagrun for example_python_operator to None, run_after=None
[2025-02-28T21:32:41.241+0200] {processor.py:208} INFO - Processing /Users/nampham/.pyenv/versions/3.12.9/lib/python3.12/site-packages/airflow/example_dags/example_python_operator.py took 0.083 seconds
[2025-02-28T21:35:16.409+0200] {processor.py:186} INFO - Started process (PID=7447) to work on /Users/nampham/.pyenv/versions/3.12.9/lib/python3.12/site-packages/airflow/example_dags/example_python_operator.py
[2025-02-28T21:35:16.410+0200] {processor.py:914} INFO - Processing file /Users/nampham/.pyenv/versions/3.12.9/lib/python3.12/site-packages/airflow/example_dags/example_python_operator.py for tasks to queue
[2025-02-28T21:35:16.410+0200] {logging_mixin.py:190} INFO - [2025-02-28T21:35:16.410+0200] {dagbag.py:588} INFO - Filling up the DagBag from /Users/nampham/.pyenv/versions/3.12.9/lib/python3.12/site-packages/airflow/example_dags/example_python_operator.py
[2025-02-28T21:35:16.444+0200] {logging_mixin.py:190} INFO - [2025-02-28T21:35:16.443+0200] {example_python_operator.py:93} WARNING - The virtalenv_python example task requires virtualenv, please install it.
[2025-02-28T21:35:16.445+0200] {processor.py:925} INFO - DAG(s) 'example_python_operator' retrieved from /Users/nampham/.pyenv/versions/3.12.9/lib/python3.12/site-packages/airflow/example_dags/example_python_operator.py
[2025-02-28T21:35:16.479+0200] {logging_mixin.py:190} INFO - [2025-02-28T21:35:16.479+0200] {dag.py:3239} INFO - Sync 1 DAGs
[2025-02-28T21:35:16.483+0200] {logging_mixin.py:190} INFO - [2025-02-28T21:35:16.483+0200] {dag.py:4180} INFO - Setting next_dagrun for example_python_operator to None, run_after=None
[2025-02-28T21:35:16.489+0200] {processor.py:208} INFO - Processing /Users/nampham/.pyenv/versions/3.12.9/lib/python3.12/site-packages/airflow/example_dags/example_python_operator.py took 0.081 seconds
[2025-02-28T21:37:15.942+0200] {processor.py:186} INFO - Started process (PID=7948) to work on /Users/nampham/.pyenv/versions/3.12.9/lib/python3.12/site-packages/airflow/example_dags/example_python_operator.py
[2025-02-28T21:37:15.942+0200] {processor.py:914} INFO - Processing file /Users/nampham/.pyenv/versions/3.12.9/lib/python3.12/site-packages/airflow/example_dags/example_python_operator.py for tasks to queue
[2025-02-28T21:37:15.943+0200] {logging_mixin.py:190} INFO - [2025-02-28T21:37:15.943+0200] {dagbag.py:588} INFO - Filling up the DagBag from /Users/nampham/.pyenv/versions/3.12.9/lib/python3.12/site-packages/airflow/example_dags/example_python_operator.py
[2025-02-28T21:37:15.975+0200] {logging_mixin.py:190} INFO - [2025-02-28T21:37:15.975+0200] {example_python_operator.py:93} WARNING - The virtalenv_python example task requires virtualenv, please install it.
[2025-02-28T21:37:15.976+0200] {processor.py:925} INFO - DAG(s) 'example_python_operator' retrieved from /Users/nampham/.pyenv/versions/3.12.9/lib/python3.12/site-packages/airflow/example_dags/example_python_operator.py
[2025-02-28T21:37:16.041+0200] {logging_mixin.py:190} INFO - [2025-02-28T21:37:16.041+0200] {override.py:1930} INFO - Created Permission View: can delete on DAG:example_python_operator
[2025-02-28T21:37:16.044+0200] {logging_mixin.py:190} INFO - [2025-02-28T21:37:16.044+0200] {override.py:1930} INFO - Created Permission View: can edit on DAG:example_python_operator
[2025-02-28T21:37:16.046+0200] {logging_mixin.py:190} INFO - [2025-02-28T21:37:16.046+0200] {override.py:1930} INFO - Created Permission View: can read on DAG:example_python_operator
[2025-02-28T21:37:16.049+0200] {logging_mixin.py:190} INFO - [2025-02-28T21:37:16.049+0200] {override.py:1930} INFO - Created Permission View: can delete on DAG Run:example_python_operator
[2025-02-28T21:37:16.051+0200] {logging_mixin.py:190} INFO - [2025-02-28T21:37:16.051+0200] {override.py:1930} INFO - Created Permission View: can create on DAG Run:example_python_operator
[2025-02-28T21:37:16.053+0200] {logging_mixin.py:190} INFO - [2025-02-28T21:37:16.053+0200] {override.py:1930} INFO - Created Permission View: menu access on DAG Run:example_python_operator
[2025-02-28T21:37:16.054+0200] {logging_mixin.py:190} INFO - [2025-02-28T21:37:16.054+0200] {override.py:1930} INFO - Created Permission View: can read on DAG Run:example_python_operator
[2025-02-28T21:37:16.054+0200] {logging_mixin.py:190} INFO - [2025-02-28T21:37:16.054+0200] {dag.py:3239} INFO - Sync 1 DAGs
[2025-02-28T21:37:16.059+0200] {logging_mixin.py:190} INFO - [2025-02-28T21:37:16.059+0200] {dag.py:3262} INFO - Creating ORM DAG for example_python_operator
[2025-02-28T21:37:16.059+0200] {logging_mixin.py:190} INFO - [2025-02-28T21:37:16.059+0200] {dag.py:4180} INFO - Setting next_dagrun for example_python_operator to None, run_after=None
[2025-02-28T21:37:16.064+0200] {processor.py:208} INFO - Processing /Users/nampham/.pyenv/versions/3.12.9/lib/python3.12/site-packages/airflow/example_dags/example_python_operator.py took 0.124 seconds
[2025-02-28T21:39:06.468+0200] {processor.py:186} INFO - Started process (PID=8374) to work on /Users/nampham/.pyenv/versions/3.12.9/lib/python3.12/site-packages/airflow/example_dags/example_python_operator.py
[2025-02-28T21:39:06.469+0200] {processor.py:914} INFO - Processing file /Users/nampham/.pyenv/versions/3.12.9/lib/python3.12/site-packages/airflow/example_dags/example_python_operator.py for tasks to queue
[2025-02-28T21:39:06.469+0200] {logging_mixin.py:190} INFO - [2025-02-28T21:39:06.469+0200] {dagbag.py:588} INFO - Filling up the DagBag from /Users/nampham/.pyenv/versions/3.12.9/lib/python3.12/site-packages/airflow/example_dags/example_python_operator.py
[2025-02-28T21:39:06.501+0200] {logging_mixin.py:190} INFO - [2025-02-28T21:39:06.501+0200] {example_python_operator.py:93} WARNING - The virtalenv_python example task requires virtualenv, please install it.
[2025-02-28T21:39:06.503+0200] {processor.py:925} INFO - DAG(s) 'example_python_operator' retrieved from /Users/nampham/.pyenv/versions/3.12.9/lib/python3.12/site-packages/airflow/example_dags/example_python_operator.py
[2025-02-28T21:39:06.537+0200] {logging_mixin.py:190} INFO - [2025-02-28T21:39:06.536+0200] {dag.py:3239} INFO - Sync 1 DAGs
[2025-02-28T21:39:06.540+0200] {logging_mixin.py:190} INFO - [2025-02-28T21:39:06.540+0200] {dag.py:4180} INFO - Setting next_dagrun for example_python_operator to None, run_after=None
[2025-02-28T21:39:06.546+0200] {processor.py:208} INFO - Processing /Users/nampham/.pyenv/versions/3.12.9/lib/python3.12/site-packages/airflow/example_dags/example_python_operator.py took 0.080 seconds
[2025-02-28T21:43:50.061+0200] {processor.py:186} INFO - Started process (PID=9640) to work on /Users/nampham/.pyenv/versions/3.12.9/lib/python3.12/site-packages/airflow/example_dags/example_python_operator.py
[2025-02-28T21:43:50.062+0200] {processor.py:914} INFO - Processing file /Users/nampham/.pyenv/versions/3.12.9/lib/python3.12/site-packages/airflow/example_dags/example_python_operator.py for tasks to queue
[2025-02-28T21:43:50.062+0200] {logging_mixin.py:190} INFO - [2025-02-28T21:43:50.062+0200] {dagbag.py:588} INFO - Filling up the DagBag from /Users/nampham/.pyenv/versions/3.12.9/lib/python3.12/site-packages/airflow/example_dags/example_python_operator.py
[2025-02-28T21:43:50.095+0200] {logging_mixin.py:190} INFO - [2025-02-28T21:43:50.095+0200] {example_python_operator.py:93} WARNING - The virtalenv_python example task requires virtualenv, please install it.
[2025-02-28T21:43:50.096+0200] {processor.py:925} INFO - DAG(s) 'example_python_operator' retrieved from /Users/nampham/.pyenv/versions/3.12.9/lib/python3.12/site-packages/airflow/example_dags/example_python_operator.py
[2025-02-28T21:43:50.160+0200] {logging_mixin.py:190} INFO - [2025-02-28T21:43:50.160+0200] {override.py:1930} INFO - Created Permission View: can read on DAG:example_python_operator
[2025-02-28T21:43:50.163+0200] {logging_mixin.py:190} INFO - [2025-02-28T21:43:50.163+0200] {override.py:1930} INFO - Created Permission View: can delete on DAG:example_python_operator
[2025-02-28T21:43:50.165+0200] {logging_mixin.py:190} INFO - [2025-02-28T21:43:50.165+0200] {override.py:1930} INFO - Created Permission View: can edit on DAG:example_python_operator
[2025-02-28T21:43:50.167+0200] {logging_mixin.py:190} INFO - [2025-02-28T21:43:50.167+0200] {override.py:1930} INFO - Created Permission View: can read on DAG Run:example_python_operator
[2025-02-28T21:43:50.169+0200] {logging_mixin.py:190} INFO - [2025-02-28T21:43:50.169+0200] {override.py:1930} INFO - Created Permission View: menu access on DAG Run:example_python_operator
[2025-02-28T21:43:50.171+0200] {logging_mixin.py:190} INFO - [2025-02-28T21:43:50.171+0200] {override.py:1930} INFO - Created Permission View: can create on DAG Run:example_python_operator
[2025-02-28T21:43:50.172+0200] {logging_mixin.py:190} INFO - [2025-02-28T21:43:50.172+0200] {override.py:1930} INFO - Created Permission View: can delete on DAG Run:example_python_operator
[2025-02-28T21:43:50.173+0200] {logging_mixin.py:190} INFO - [2025-02-28T21:43:50.173+0200] {dag.py:3239} INFO - Sync 1 DAGs
[2025-02-28T21:43:50.177+0200] {logging_mixin.py:190} INFO - [2025-02-28T21:43:50.177+0200] {dag.py:3262} INFO - Creating ORM DAG for example_python_operator
[2025-02-28T21:43:50.177+0200] {logging_mixin.py:190} INFO - [2025-02-28T21:43:50.177+0200] {dag.py:4180} INFO - Setting next_dagrun for example_python_operator to None, run_after=None
[2025-02-28T21:43:50.182+0200] {processor.py:208} INFO - Processing /Users/nampham/.pyenv/versions/3.12.9/lib/python3.12/site-packages/airflow/example_dags/example_python_operator.py took 0.123 seconds
[2025-02-28T22:28:06.850+0200] {processor.py:186} INFO - Started process (PID=18157) to work on /Users/nampham/.pyenv/versions/3.12.9/lib/python3.12/site-packages/airflow/example_dags/example_python_operator.py
[2025-02-28T22:28:06.850+0200] {processor.py:914} INFO - Processing file /Users/nampham/.pyenv/versions/3.12.9/lib/python3.12/site-packages/airflow/example_dags/example_python_operator.py for tasks to queue
[2025-02-28T22:28:06.851+0200] {logging_mixin.py:190} INFO - [2025-02-28T22:28:06.851+0200] {dagbag.py:588} INFO - Filling up the DagBag from /Users/nampham/.pyenv/versions/3.12.9/lib/python3.12/site-packages/airflow/example_dags/example_python_operator.py
[2025-02-28T22:28:06.883+0200] {logging_mixin.py:190} INFO - [2025-02-28T22:28:06.883+0200] {example_python_operator.py:93} WARNING - The virtalenv_python example task requires virtualenv, please install it.
[2025-02-28T22:28:06.884+0200] {processor.py:925} INFO - DAG(s) 'example_python_operator' retrieved from /Users/nampham/.pyenv/versions/3.12.9/lib/python3.12/site-packages/airflow/example_dags/example_python_operator.py
[2025-02-28T22:28:06.953+0200] {logging_mixin.py:190} INFO - [2025-02-28T22:28:06.953+0200] {override.py:1930} INFO - Created Permission View: can delete on DAG:example_python_operator
[2025-02-28T22:28:06.956+0200] {logging_mixin.py:190} INFO - [2025-02-28T22:28:06.956+0200] {override.py:1930} INFO - Created Permission View: can read on DAG:example_python_operator
[2025-02-28T22:28:06.958+0200] {logging_mixin.py:190} INFO - [2025-02-28T22:28:06.958+0200] {override.py:1930} INFO - Created Permission View: can edit on DAG:example_python_operator
[2025-02-28T22:28:06.960+0200] {logging_mixin.py:190} INFO - [2025-02-28T22:28:06.960+0200] {override.py:1930} INFO - Created Permission View: menu access on DAG Run:example_python_operator
[2025-02-28T22:28:06.962+0200] {logging_mixin.py:190} INFO - [2025-02-28T22:28:06.962+0200] {override.py:1930} INFO - Created Permission View: can delete on DAG Run:example_python_operator
[2025-02-28T22:28:06.964+0200] {logging_mixin.py:190} INFO - [2025-02-28T22:28:06.964+0200] {override.py:1930} INFO - Created Permission View: can read on DAG Run:example_python_operator
[2025-02-28T22:28:06.965+0200] {logging_mixin.py:190} INFO - [2025-02-28T22:28:06.965+0200] {override.py:1930} INFO - Created Permission View: can create on DAG Run:example_python_operator
[2025-02-28T22:28:06.965+0200] {logging_mixin.py:190} INFO - [2025-02-28T22:28:06.965+0200] {dag.py:3239} INFO - Sync 1 DAGs
[2025-02-28T22:28:06.970+0200] {logging_mixin.py:190} INFO - [2025-02-28T22:28:06.970+0200] {dag.py:3262} INFO - Creating ORM DAG for example_python_operator
[2025-02-28T22:28:06.970+0200] {logging_mixin.py:190} INFO - [2025-02-28T22:28:06.970+0200] {dag.py:4180} INFO - Setting next_dagrun for example_python_operator to None, run_after=None
[2025-02-28T22:28:06.975+0200] {processor.py:208} INFO - Processing /Users/nampham/.pyenv/versions/3.12.9/lib/python3.12/site-packages/airflow/example_dags/example_python_operator.py took 0.127 seconds
[2025-02-28T22:36:11.602+0200] {processor.py:186} INFO - Started process (PID=19805) to work on /Users/nampham/.pyenv/versions/3.12.9/lib/python3.12/site-packages/airflow/example_dags/example_python_operator.py
[2025-02-28T22:36:11.603+0200] {processor.py:914} INFO - Processing file /Users/nampham/.pyenv/versions/3.12.9/lib/python3.12/site-packages/airflow/example_dags/example_python_operator.py for tasks to queue
[2025-02-28T22:36:11.603+0200] {logging_mixin.py:190} INFO - [2025-02-28T22:36:11.603+0200] {dagbag.py:588} INFO - Filling up the DagBag from /Users/nampham/.pyenv/versions/3.12.9/lib/python3.12/site-packages/airflow/example_dags/example_python_operator.py
[2025-02-28T22:36:11.635+0200] {logging_mixin.py:190} INFO - [2025-02-28T22:36:11.635+0200] {example_python_operator.py:93} WARNING - The virtalenv_python example task requires virtualenv, please install it.
[2025-02-28T22:36:11.637+0200] {processor.py:925} INFO - DAG(s) 'example_python_operator' retrieved from /Users/nampham/.pyenv/versions/3.12.9/lib/python3.12/site-packages/airflow/example_dags/example_python_operator.py
[2025-02-28T22:36:11.705+0200] {logging_mixin.py:190} INFO - [2025-02-28T22:36:11.705+0200] {override.py:1930} INFO - Created Permission View: can read on DAG:example_python_operator
[2025-02-28T22:36:11.708+0200] {logging_mixin.py:190} INFO - [2025-02-28T22:36:11.707+0200] {override.py:1930} INFO - Created Permission View: can delete on DAG:example_python_operator
[2025-02-28T22:36:11.709+0200] {logging_mixin.py:190} INFO - [2025-02-28T22:36:11.709+0200] {override.py:1930} INFO - Created Permission View: can edit on DAG:example_python_operator
[2025-02-28T22:36:11.712+0200] {logging_mixin.py:190} INFO - [2025-02-28T22:36:11.711+0200] {override.py:1930} INFO - Created Permission View: can read on DAG Run:example_python_operator
[2025-02-28T22:36:11.713+0200] {logging_mixin.py:190} INFO - [2025-02-28T22:36:11.713+0200] {override.py:1930} INFO - Created Permission View: menu access on DAG Run:example_python_operator
[2025-02-28T22:36:11.715+0200] {logging_mixin.py:190} INFO - [2025-02-28T22:36:11.715+0200] {override.py:1930} INFO - Created Permission View: can delete on DAG Run:example_python_operator
[2025-02-28T22:36:11.717+0200] {logging_mixin.py:190} INFO - [2025-02-28T22:36:11.717+0200] {override.py:1930} INFO - Created Permission View: can create on DAG Run:example_python_operator
[2025-02-28T22:36:11.717+0200] {logging_mixin.py:190} INFO - [2025-02-28T22:36:11.717+0200] {dag.py:3239} INFO - Sync 1 DAGs
[2025-02-28T22:36:11.721+0200] {logging_mixin.py:190} INFO - [2025-02-28T22:36:11.721+0200] {dag.py:3262} INFO - Creating ORM DAG for example_python_operator
[2025-02-28T22:36:11.721+0200] {logging_mixin.py:190} INFO - [2025-02-28T22:36:11.721+0200] {dag.py:4180} INFO - Setting next_dagrun for example_python_operator to None, run_after=None
[2025-02-28T22:36:11.726+0200] {processor.py:208} INFO - Processing /Users/nampham/.pyenv/versions/3.12.9/lib/python3.12/site-packages/airflow/example_dags/example_python_operator.py took 0.125 seconds
[2025-02-28T22:38:26.796+0200] {processor.py:186} INFO - Started process (PID=20311) to work on /Users/nampham/.pyenv/versions/3.12.9/lib/python3.12/site-packages/airflow/example_dags/example_python_operator.py
[2025-02-28T22:38:26.798+0200] {processor.py:914} INFO - Processing file /Users/nampham/.pyenv/versions/3.12.9/lib/python3.12/site-packages/airflow/example_dags/example_python_operator.py for tasks to queue
[2025-02-28T22:38:26.798+0200] {logging_mixin.py:190} INFO - [2025-02-28T22:38:26.798+0200] {dagbag.py:588} INFO - Filling up the DagBag from /Users/nampham/.pyenv/versions/3.12.9/lib/python3.12/site-packages/airflow/example_dags/example_python_operator.py
[2025-02-28T22:38:26.830+0200] {logging_mixin.py:190} INFO - [2025-02-28T22:38:26.830+0200] {example_python_operator.py:93} WARNING - The virtalenv_python example task requires virtualenv, please install it.
[2025-02-28T22:38:26.831+0200] {processor.py:925} INFO - DAG(s) 'example_python_operator' retrieved from /Users/nampham/.pyenv/versions/3.12.9/lib/python3.12/site-packages/airflow/example_dags/example_python_operator.py
[2025-02-28T22:38:26.865+0200] {logging_mixin.py:190} INFO - [2025-02-28T22:38:26.865+0200] {dag.py:3239} INFO - Sync 1 DAGs
[2025-02-28T22:38:26.869+0200] {logging_mixin.py:190} INFO - [2025-02-28T22:38:26.869+0200] {dag.py:4180} INFO - Setting next_dagrun for example_python_operator to None, run_after=None
[2025-02-28T22:38:26.875+0200] {processor.py:208} INFO - Processing /Users/nampham/.pyenv/versions/3.12.9/lib/python3.12/site-packages/airflow/example_dags/example_python_operator.py took 0.080 seconds
[2025-02-28T22:41:17.737+0200] {processor.py:186} INFO - Started process (PID=20869) to work on /Users/nampham/.pyenv/versions/3.12.9/lib/python3.12/site-packages/airflow/example_dags/example_python_operator.py
[2025-02-28T22:41:17.738+0200] {processor.py:914} INFO - Processing file /Users/nampham/.pyenv/versions/3.12.9/lib/python3.12/site-packages/airflow/example_dags/example_python_operator.py for tasks to queue
[2025-02-28T22:41:17.738+0200] {logging_mixin.py:190} INFO - [2025-02-28T22:41:17.738+0200] {dagbag.py:588} INFO - Filling up the DagBag from /Users/nampham/.pyenv/versions/3.12.9/lib/python3.12/site-packages/airflow/example_dags/example_python_operator.py
[2025-02-28T22:41:17.769+0200] {logging_mixin.py:190} INFO - [2025-02-28T22:41:17.769+0200] {example_python_operator.py:93} WARNING - The virtalenv_python example task requires virtualenv, please install it.
[2025-02-28T22:41:17.771+0200] {processor.py:925} INFO - DAG(s) 'example_python_operator' retrieved from /Users/nampham/.pyenv/versions/3.12.9/lib/python3.12/site-packages/airflow/example_dags/example_python_operator.py
[2025-02-28T22:41:17.804+0200] {logging_mixin.py:190} INFO - [2025-02-28T22:41:17.804+0200] {dag.py:3239} INFO - Sync 1 DAGs
[2025-02-28T22:41:17.808+0200] {logging_mixin.py:190} INFO - [2025-02-28T22:41:17.808+0200] {dag.py:4180} INFO - Setting next_dagrun for example_python_operator to None, run_after=None
[2025-02-28T22:41:17.814+0200] {processor.py:208} INFO - Processing /Users/nampham/.pyenv/versions/3.12.9/lib/python3.12/site-packages/airflow/example_dags/example_python_operator.py took 0.079 seconds
[2025-02-28T22:43:45.159+0200] {processor.py:186} INFO - Started process (PID=21400) to work on /Users/nampham/.pyenv/versions/3.12.9/lib/python3.12/site-packages/airflow/example_dags/example_python_operator.py
[2025-02-28T22:43:45.160+0200] {processor.py:914} INFO - Processing file /Users/nampham/.pyenv/versions/3.12.9/lib/python3.12/site-packages/airflow/example_dags/example_python_operator.py for tasks to queue
[2025-02-28T22:43:45.161+0200] {logging_mixin.py:190} INFO - [2025-02-28T22:43:45.161+0200] {dagbag.py:588} INFO - Filling up the DagBag from /Users/nampham/.pyenv/versions/3.12.9/lib/python3.12/site-packages/airflow/example_dags/example_python_operator.py
[2025-02-28T22:43:45.194+0200] {logging_mixin.py:190} INFO - [2025-02-28T22:43:45.194+0200] {example_python_operator.py:93} WARNING - The virtalenv_python example task requires virtualenv, please install it.
[2025-02-28T22:43:45.195+0200] {processor.py:925} INFO - DAG(s) 'example_python_operator' retrieved from /Users/nampham/.pyenv/versions/3.12.9/lib/python3.12/site-packages/airflow/example_dags/example_python_operator.py
[2025-02-28T22:43:45.229+0200] {logging_mixin.py:190} INFO - [2025-02-28T22:43:45.229+0200] {dag.py:3239} INFO - Sync 1 DAGs
[2025-02-28T22:43:45.233+0200] {logging_mixin.py:190} INFO - [2025-02-28T22:43:45.233+0200] {dag.py:4180} INFO - Setting next_dagrun for example_python_operator to None, run_after=None
[2025-02-28T22:43:45.239+0200] {processor.py:208} INFO - Processing /Users/nampham/.pyenv/versions/3.12.9/lib/python3.12/site-packages/airflow/example_dags/example_python_operator.py took 0.081 seconds
[2025-02-28T22:46:45.244+0200] {processor.py:186} INFO - Started process (PID=22021) to work on /Users/nampham/.pyenv/versions/3.12.9/lib/python3.12/site-packages/airflow/example_dags/example_python_operator.py
[2025-02-28T22:46:45.247+0200] {processor.py:914} INFO - Processing file /Users/nampham/.pyenv/versions/3.12.9/lib/python3.12/site-packages/airflow/example_dags/example_python_operator.py for tasks to queue
[2025-02-28T22:46:45.247+0200] {logging_mixin.py:190} INFO - [2025-02-28T22:46:45.247+0200] {dagbag.py:588} INFO - Filling up the DagBag from /Users/nampham/.pyenv/versions/3.12.9/lib/python3.12/site-packages/airflow/example_dags/example_python_operator.py
[2025-02-28T22:46:45.278+0200] {logging_mixin.py:190} INFO - [2025-02-28T22:46:45.278+0200] {example_python_operator.py:93} WARNING - The virtalenv_python example task requires virtualenv, please install it.
[2025-02-28T22:46:45.280+0200] {processor.py:925} INFO - DAG(s) 'example_python_operator' retrieved from /Users/nampham/.pyenv/versions/3.12.9/lib/python3.12/site-packages/airflow/example_dags/example_python_operator.py
[2025-02-28T22:46:45.313+0200] {logging_mixin.py:190} INFO - [2025-02-28T22:46:45.313+0200] {dag.py:3239} INFO - Sync 1 DAGs
[2025-02-28T22:46:45.317+0200] {logging_mixin.py:190} INFO - [2025-02-28T22:46:45.317+0200] {dag.py:4180} INFO - Setting next_dagrun for example_python_operator to None, run_after=None
[2025-02-28T22:46:45.323+0200] {processor.py:208} INFO - Processing /Users/nampham/.pyenv/versions/3.12.9/lib/python3.12/site-packages/airflow/example_dags/example_python_operator.py took 0.080 seconds
[2025-02-28T22:48:43.757+0200] {processor.py:186} INFO - Started process (PID=22326) to work on /Users/nampham/.pyenv/versions/3.12.9/lib/python3.12/site-packages/airflow/example_dags/example_python_operator.py
[2025-02-28T22:48:43.759+0200] {processor.py:914} INFO - Processing file /Users/nampham/.pyenv/versions/3.12.9/lib/python3.12/site-packages/airflow/example_dags/example_python_operator.py for tasks to queue
[2025-02-28T22:48:43.759+0200] {logging_mixin.py:190} INFO - [2025-02-28T22:48:43.759+0200] {dagbag.py:588} INFO - Filling up the DagBag from /Users/nampham/.pyenv/versions/3.12.9/lib/python3.12/site-packages/airflow/example_dags/example_python_operator.py
[2025-02-28T22:48:43.792+0200] {logging_mixin.py:190} INFO - [2025-02-28T22:48:43.792+0200] {example_python_operator.py:93} WARNING - The virtalenv_python example task requires virtualenv, please install it.
[2025-02-28T22:48:43.793+0200] {processor.py:925} INFO - DAG(s) 'example_python_operator' retrieved from /Users/nampham/.pyenv/versions/3.12.9/lib/python3.12/site-packages/airflow/example_dags/example_python_operator.py
[2025-02-28T22:48:43.826+0200] {logging_mixin.py:190} INFO - [2025-02-28T22:48:43.826+0200] {dag.py:3239} INFO - Sync 1 DAGs
[2025-02-28T22:48:43.830+0200] {logging_mixin.py:190} INFO - [2025-02-28T22:48:43.830+0200] {dag.py:4180} INFO - Setting next_dagrun for example_python_operator to None, run_after=None
[2025-02-28T22:48:43.836+0200] {processor.py:208} INFO - Processing /Users/nampham/.pyenv/versions/3.12.9/lib/python3.12/site-packages/airflow/example_dags/example_python_operator.py took 0.080 seconds
[2025-02-28T22:56:44.466+0200] {processor.py:186} INFO - Started process (PID=23116) to work on /Users/nampham/.pyenv/versions/3.12.9/lib/python3.12/site-packages/airflow/example_dags/example_python_operator.py
[2025-02-28T22:56:44.468+0200] {processor.py:914} INFO - Processing file /Users/nampham/.pyenv/versions/3.12.9/lib/python3.12/site-packages/airflow/example_dags/example_python_operator.py for tasks to queue
[2025-02-28T22:56:44.468+0200] {logging_mixin.py:190} INFO - [2025-02-28T22:56:44.468+0200] {dagbag.py:588} INFO - Filling up the DagBag from /Users/nampham/.pyenv/versions/3.12.9/lib/python3.12/site-packages/airflow/example_dags/example_python_operator.py
[2025-02-28T22:56:44.500+0200] {logging_mixin.py:190} INFO - [2025-02-28T22:56:44.499+0200] {example_python_operator.py:93} WARNING - The virtalenv_python example task requires virtualenv, please install it.
[2025-02-28T22:56:44.501+0200] {processor.py:925} INFO - DAG(s) 'example_python_operator' retrieved from /Users/nampham/.pyenv/versions/3.12.9/lib/python3.12/site-packages/airflow/example_dags/example_python_operator.py
[2025-02-28T22:56:44.534+0200] {logging_mixin.py:190} INFO - [2025-02-28T22:56:44.534+0200] {dag.py:3239} INFO - Sync 1 DAGs
[2025-02-28T22:56:44.538+0200] {logging_mixin.py:190} INFO - [2025-02-28T22:56:44.538+0200] {dag.py:4180} INFO - Setting next_dagrun for example_python_operator to None, run_after=None
[2025-02-28T22:56:44.544+0200] {processor.py:208} INFO - Processing /Users/nampham/.pyenv/versions/3.12.9/lib/python3.12/site-packages/airflow/example_dags/example_python_operator.py took 0.079 seconds
[2025-02-28T22:58:12.272+0200] {processor.py:186} INFO - Started process (PID=23398) to work on /Users/nampham/.pyenv/versions/3.12.9/lib/python3.12/site-packages/airflow/example_dags/example_python_operator.py
[2025-02-28T22:58:12.273+0200] {processor.py:914} INFO - Processing file /Users/nampham/.pyenv/versions/3.12.9/lib/python3.12/site-packages/airflow/example_dags/example_python_operator.py for tasks to queue
[2025-02-28T22:58:12.273+0200] {logging_mixin.py:190} INFO - [2025-02-28T22:58:12.273+0200] {dagbag.py:588} INFO - Filling up the DagBag from /Users/nampham/.pyenv/versions/3.12.9/lib/python3.12/site-packages/airflow/example_dags/example_python_operator.py
[2025-02-28T22:58:12.305+0200] {logging_mixin.py:190} INFO - [2025-02-28T22:58:12.305+0200] {example_python_operator.py:93} WARNING - The virtalenv_python example task requires virtualenv, please install it.
[2025-02-28T22:58:12.307+0200] {processor.py:925} INFO - DAG(s) 'example_python_operator' retrieved from /Users/nampham/.pyenv/versions/3.12.9/lib/python3.12/site-packages/airflow/example_dags/example_python_operator.py
[2025-02-28T22:58:12.340+0200] {logging_mixin.py:190} INFO - [2025-02-28T22:58:12.340+0200] {dag.py:3239} INFO - Sync 1 DAGs
[2025-02-28T22:58:12.344+0200] {logging_mixin.py:190} INFO - [2025-02-28T22:58:12.344+0200] {dag.py:4180} INFO - Setting next_dagrun for example_python_operator to None, run_after=None
[2025-02-28T22:58:12.350+0200] {processor.py:208} INFO - Processing /Users/nampham/.pyenv/versions/3.12.9/lib/python3.12/site-packages/airflow/example_dags/example_python_operator.py took 0.079 seconds
[2025-02-28T23:01:10.258+0200] {processor.py:186} INFO - Started process (PID=24007) to work on /Users/nampham/.pyenv/versions/3.12.9/lib/python3.12/site-packages/airflow/example_dags/example_python_operator.py
[2025-02-28T23:01:10.259+0200] {processor.py:914} INFO - Processing file /Users/nampham/.pyenv/versions/3.12.9/lib/python3.12/site-packages/airflow/example_dags/example_python_operator.py for tasks to queue
[2025-02-28T23:01:10.259+0200] {logging_mixin.py:190} INFO - [2025-02-28T23:01:10.259+0200] {dagbag.py:588} INFO - Filling up the DagBag from /Users/nampham/.pyenv/versions/3.12.9/lib/python3.12/site-packages/airflow/example_dags/example_python_operator.py
[2025-02-28T23:01:10.290+0200] {logging_mixin.py:190} INFO - [2025-02-28T23:01:10.290+0200] {example_python_operator.py:93} WARNING - The virtalenv_python example task requires virtualenv, please install it.
[2025-02-28T23:01:10.291+0200] {processor.py:925} INFO - DAG(s) 'example_python_operator' retrieved from /Users/nampham/.pyenv/versions/3.12.9/lib/python3.12/site-packages/airflow/example_dags/example_python_operator.py
[2025-02-28T23:01:10.325+0200] {logging_mixin.py:190} INFO - [2025-02-28T23:01:10.325+0200] {dag.py:3239} INFO - Sync 1 DAGs
[2025-02-28T23:01:10.329+0200] {logging_mixin.py:190} INFO - [2025-02-28T23:01:10.329+0200] {dag.py:4180} INFO - Setting next_dagrun for example_python_operator to None, run_after=None
[2025-02-28T23:01:10.335+0200] {processor.py:208} INFO - Processing /Users/nampham/.pyenv/versions/3.12.9/lib/python3.12/site-packages/airflow/example_dags/example_python_operator.py took 0.079 seconds
