[2025-02-28T18:25:11.037+0200] {processor.py:186} INFO - Started process (PID=93255) to work on /Users/nampham/.pyenv/versions/3.12.9/lib/python3.12/site-packages/airflow/example_dags/example_python_decorator.py
[2025-02-28T18:25:11.037+0200] {processor.py:914} INFO - Processing file /Users/nampham/.pyenv/versions/3.12.9/lib/python3.12/site-packages/airflow/example_dags/example_python_decorator.py for tasks to queue
[2025-02-28T18:25:11.038+0200] {logging_mixin.py:190} INFO - [2025-02-28T18:25:11.038+0200] {dagbag.py:588} INFO - Filling up the DagBag from /Users/nampham/.pyenv/versions/3.12.9/lib/python3.12/site-packages/airflow/example_dags/example_python_decorator.py
[2025-02-28T18:25:11.075+0200] {logging_mixin.py:190} INFO - [2025-02-28T18:25:11.075+0200] {example_python_decorator.py:80} WARNING - The virtalenv_python example task requires virtualenv, please install it.
[2025-02-28T18:25:11.076+0200] {processor.py:925} INFO - DAG(s) 'example_python_decorator' retrieved from /Users/nampham/.pyenv/versions/3.12.9/lib/python3.12/site-packages/airflow/example_dags/example_python_decorator.py
[2025-02-28T18:25:11.141+0200] {logging_mixin.py:190} INFO - [2025-02-28T18:25:11.141+0200] {override.py:1930} INFO - Created Permission View: can delete on DAG:example_python_decorator
[2025-02-28T18:25:11.144+0200] {logging_mixin.py:190} INFO - [2025-02-28T18:25:11.144+0200] {override.py:1930} INFO - Created Permission View: can edit on DAG:example_python_decorator
[2025-02-28T18:25:11.146+0200] {logging_mixin.py:190} INFO - [2025-02-28T18:25:11.146+0200] {override.py:1930} INFO - Created Permission View: can read on DAG:example_python_decorator
[2025-02-28T18:25:11.148+0200] {logging_mixin.py:190} INFO - [2025-02-28T18:25:11.148+0200] {override.py:1930} INFO - Created Permission View: can delete on DAG Run:example_python_decorator
[2025-02-28T18:25:11.150+0200] {logging_mixin.py:190} INFO - [2025-02-28T18:25:11.150+0200] {override.py:1930} INFO - Created Permission View: can read on DAG Run:example_python_decorator
[2025-02-28T18:25:11.152+0200] {logging_mixin.py:190} INFO - [2025-02-28T18:25:11.151+0200] {override.py:1930} INFO - Created Permission View: can create on DAG Run:example_python_decorator
[2025-02-28T18:25:11.153+0200] {logging_mixin.py:190} INFO - [2025-02-28T18:25:11.153+0200] {override.py:1930} INFO - Created Permission View: menu access on DAG Run:example_python_decorator
[2025-02-28T18:25:11.153+0200] {logging_mixin.py:190} INFO - [2025-02-28T18:25:11.153+0200] {dag.py:3239} INFO - Sync 1 DAGs
[2025-02-28T18:25:11.158+0200] {logging_mixin.py:190} INFO - [2025-02-28T18:25:11.158+0200] {dag.py:3262} INFO - Creating ORM DAG for example_python_decorator
[2025-02-28T18:25:11.158+0200] {logging_mixin.py:190} INFO - [2025-02-28T18:25:11.158+0200] {dag.py:4180} INFO - Setting next_dagrun for example_python_decorator to None, run_after=None
[2025-02-28T18:25:11.163+0200] {processor.py:208} INFO - Processing /Users/nampham/.pyenv/versions/3.12.9/lib/python3.12/site-packages/airflow/example_dags/example_python_decorator.py took 0.127 seconds
[2025-02-28T18:27:01.135+0200] {processor.py:186} INFO - Started process (PID=93696) to work on /Users/nampham/.pyenv/versions/3.12.9/lib/python3.12/site-packages/airflow/example_dags/example_python_decorator.py
[2025-02-28T18:27:01.136+0200] {processor.py:914} INFO - Processing file /Users/nampham/.pyenv/versions/3.12.9/lib/python3.12/site-packages/airflow/example_dags/example_python_decorator.py for tasks to queue
[2025-02-28T18:27:01.137+0200] {logging_mixin.py:190} INFO - [2025-02-28T18:27:01.137+0200] {dagbag.py:588} INFO - Filling up the DagBag from /Users/nampham/.pyenv/versions/3.12.9/lib/python3.12/site-packages/airflow/example_dags/example_python_decorator.py
[2025-02-28T18:27:01.176+0200] {logging_mixin.py:190} INFO - [2025-02-28T18:27:01.176+0200] {example_python_decorator.py:80} WARNING - The virtalenv_python example task requires virtualenv, please install it.
[2025-02-28T18:27:01.177+0200] {processor.py:925} INFO - DAG(s) 'example_python_decorator' retrieved from /Users/nampham/.pyenv/versions/3.12.9/lib/python3.12/site-packages/airflow/example_dags/example_python_decorator.py
[2025-02-28T18:27:01.217+0200] {logging_mixin.py:190} INFO - [2025-02-28T18:27:01.217+0200] {dag.py:3239} INFO - Sync 1 DAGs
[2025-02-28T18:27:01.221+0200] {logging_mixin.py:190} INFO - [2025-02-28T18:27:01.221+0200] {dag.py:4180} INFO - Setting next_dagrun for example_python_decorator to None, run_after=None
[2025-02-28T18:27:01.228+0200] {processor.py:208} INFO - Processing /Users/nampham/.pyenv/versions/3.12.9/lib/python3.12/site-packages/airflow/example_dags/example_python_decorator.py took 0.094 seconds
[2025-02-28T18:29:42.029+0200] {processor.py:186} INFO - Started process (PID=94346) to work on /Users/nampham/.pyenv/versions/3.12.9/lib/python3.12/site-packages/airflow/example_dags/example_python_decorator.py
[2025-02-28T18:29:42.030+0200] {processor.py:914} INFO - Processing file /Users/nampham/.pyenv/versions/3.12.9/lib/python3.12/site-packages/airflow/example_dags/example_python_decorator.py for tasks to queue
[2025-02-28T18:29:42.031+0200] {logging_mixin.py:190} INFO - [2025-02-28T18:29:42.031+0200] {dagbag.py:588} INFO - Filling up the DagBag from /Users/nampham/.pyenv/versions/3.12.9/lib/python3.12/site-packages/airflow/example_dags/example_python_decorator.py
[2025-02-28T18:29:42.073+0200] {logging_mixin.py:190} INFO - [2025-02-28T18:29:42.073+0200] {example_python_decorator.py:80} WARNING - The virtalenv_python example task requires virtualenv, please install it.
[2025-02-28T18:29:42.074+0200] {processor.py:925} INFO - DAG(s) 'example_python_decorator' retrieved from /Users/nampham/.pyenv/versions/3.12.9/lib/python3.12/site-packages/airflow/example_dags/example_python_decorator.py
[2025-02-28T18:29:42.114+0200] {logging_mixin.py:190} INFO - [2025-02-28T18:29:42.114+0200] {dag.py:3239} INFO - Sync 1 DAGs
[2025-02-28T18:29:42.118+0200] {logging_mixin.py:190} INFO - [2025-02-28T18:29:42.118+0200] {dag.py:4180} INFO - Setting next_dagrun for example_python_decorator to None, run_after=None
[2025-02-28T18:29:42.130+0200] {processor.py:208} INFO - Processing /Users/nampham/.pyenv/versions/3.12.9/lib/python3.12/site-packages/airflow/example_dags/example_python_decorator.py took 0.103 seconds
[2025-02-28T20:11:26.852+0200] {processor.py:186} INFO - Started process (PID=97362) to work on /Users/nampham/.pyenv/versions/3.12.9/lib/python3.12/site-packages/airflow/example_dags/example_python_decorator.py
[2025-02-28T20:11:26.854+0200] {processor.py:914} INFO - Processing file /Users/nampham/.pyenv/versions/3.12.9/lib/python3.12/site-packages/airflow/example_dags/example_python_decorator.py for tasks to queue
[2025-02-28T20:11:26.854+0200] {logging_mixin.py:190} INFO - [2025-02-28T20:11:26.854+0200] {dagbag.py:588} INFO - Filling up the DagBag from /Users/nampham/.pyenv/versions/3.12.9/lib/python3.12/site-packages/airflow/example_dags/example_python_decorator.py
[2025-02-28T20:11:26.891+0200] {logging_mixin.py:190} INFO - [2025-02-28T20:11:26.891+0200] {example_python_decorator.py:80} WARNING - The virtalenv_python example task requires virtualenv, please install it.
[2025-02-28T20:11:26.892+0200] {processor.py:925} INFO - DAG(s) 'example_python_decorator' retrieved from /Users/nampham/.pyenv/versions/3.12.9/lib/python3.12/site-packages/airflow/example_dags/example_python_decorator.py
[2025-02-28T20:11:26.955+0200] {logging_mixin.py:190} INFO - [2025-02-28T20:11:26.955+0200] {dag.py:3239} INFO - Sync 1 DAGs
[2025-02-28T20:11:26.959+0200] {logging_mixin.py:190} INFO - [2025-02-28T20:11:26.959+0200] {dag.py:4180} INFO - Setting next_dagrun for example_python_decorator to None, run_after=None
[2025-02-28T20:11:26.965+0200] {processor.py:208} INFO - Processing /Users/nampham/.pyenv/versions/3.12.9/lib/python3.12/site-packages/airflow/example_dags/example_python_decorator.py took 0.114 seconds
[2025-02-28T20:13:15.130+0200] {processor.py:186} INFO - Started process (PID=97981) to work on /Users/nampham/.pyenv/versions/3.12.9/lib/python3.12/site-packages/airflow/example_dags/example_python_decorator.py
[2025-02-28T20:13:15.131+0200] {processor.py:914} INFO - Processing file /Users/nampham/.pyenv/versions/3.12.9/lib/python3.12/site-packages/airflow/example_dags/example_python_decorator.py for tasks to queue
[2025-02-28T20:13:15.132+0200] {logging_mixin.py:190} INFO - [2025-02-28T20:13:15.131+0200] {dagbag.py:588} INFO - Filling up the DagBag from /Users/nampham/.pyenv/versions/3.12.9/lib/python3.12/site-packages/airflow/example_dags/example_python_decorator.py
[2025-02-28T20:13:15.171+0200] {logging_mixin.py:190} INFO - [2025-02-28T20:13:15.171+0200] {example_python_decorator.py:80} WARNING - The virtalenv_python example task requires virtualenv, please install it.
[2025-02-28T20:13:15.172+0200] {processor.py:925} INFO - DAG(s) 'example_python_decorator' retrieved from /Users/nampham/.pyenv/versions/3.12.9/lib/python3.12/site-packages/airflow/example_dags/example_python_decorator.py
[2025-02-28T20:13:15.208+0200] {logging_mixin.py:190} INFO - [2025-02-28T20:13:15.208+0200] {dag.py:3239} INFO - Sync 1 DAGs
[2025-02-28T20:13:15.212+0200] {logging_mixin.py:190} INFO - [2025-02-28T20:13:15.212+0200] {dag.py:4180} INFO - Setting next_dagrun for example_python_decorator to None, run_after=None
[2025-02-28T20:13:15.218+0200] {processor.py:208} INFO - Processing /Users/nampham/.pyenv/versions/3.12.9/lib/python3.12/site-packages/airflow/example_dags/example_python_decorator.py took 0.089 seconds
[2025-02-28T20:15:03.465+0200] {processor.py:186} INFO - Started process (PID=98411) to work on /Users/nampham/.pyenv/versions/3.12.9/lib/python3.12/site-packages/airflow/example_dags/example_python_decorator.py
[2025-02-28T20:15:03.467+0200] {processor.py:914} INFO - Processing file /Users/nampham/.pyenv/versions/3.12.9/lib/python3.12/site-packages/airflow/example_dags/example_python_decorator.py for tasks to queue
[2025-02-28T20:15:03.467+0200] {logging_mixin.py:190} INFO - [2025-02-28T20:15:03.467+0200] {dagbag.py:588} INFO - Filling up the DagBag from /Users/nampham/.pyenv/versions/3.12.9/lib/python3.12/site-packages/airflow/example_dags/example_python_decorator.py
[2025-02-28T20:15:03.504+0200] {logging_mixin.py:190} INFO - [2025-02-28T20:15:03.504+0200] {example_python_decorator.py:80} WARNING - The virtalenv_python example task requires virtualenv, please install it.
[2025-02-28T20:15:03.505+0200] {processor.py:925} INFO - DAG(s) 'example_python_decorator' retrieved from /Users/nampham/.pyenv/versions/3.12.9/lib/python3.12/site-packages/airflow/example_dags/example_python_decorator.py
[2025-02-28T20:15:03.538+0200] {logging_mixin.py:190} INFO - [2025-02-28T20:15:03.538+0200] {dag.py:3239} INFO - Sync 1 DAGs
[2025-02-28T20:15:03.542+0200] {logging_mixin.py:190} INFO - [2025-02-28T20:15:03.542+0200] {dag.py:4180} INFO - Setting next_dagrun for example_python_decorator to None, run_after=None
[2025-02-28T20:15:03.548+0200] {processor.py:208} INFO - Processing /Users/nampham/.pyenv/versions/3.12.9/lib/python3.12/site-packages/airflow/example_dags/example_python_decorator.py took 0.085 seconds
[2025-02-28T20:17:40.021+0200] {processor.py:186} INFO - Started process (PID=98985) to work on /Users/nampham/.pyenv/versions/3.12.9/lib/python3.12/site-packages/airflow/example_dags/example_python_decorator.py
[2025-02-28T20:17:40.023+0200] {processor.py:914} INFO - Processing file /Users/nampham/.pyenv/versions/3.12.9/lib/python3.12/site-packages/airflow/example_dags/example_python_decorator.py for tasks to queue
[2025-02-28T20:17:40.023+0200] {logging_mixin.py:190} INFO - [2025-02-28T20:17:40.023+0200] {dagbag.py:588} INFO - Filling up the DagBag from /Users/nampham/.pyenv/versions/3.12.9/lib/python3.12/site-packages/airflow/example_dags/example_python_decorator.py
[2025-02-28T20:17:40.060+0200] {logging_mixin.py:190} INFO - [2025-02-28T20:17:40.060+0200] {example_python_decorator.py:80} WARNING - The virtalenv_python example task requires virtualenv, please install it.
[2025-02-28T20:17:40.061+0200] {processor.py:925} INFO - DAG(s) 'example_python_decorator' retrieved from /Users/nampham/.pyenv/versions/3.12.9/lib/python3.12/site-packages/airflow/example_dags/example_python_decorator.py
[2025-02-28T20:17:40.094+0200] {logging_mixin.py:190} INFO - [2025-02-28T20:17:40.094+0200] {dag.py:3239} INFO - Sync 1 DAGs
[2025-02-28T20:17:40.098+0200] {logging_mixin.py:190} INFO - [2025-02-28T20:17:40.098+0200] {dag.py:4180} INFO - Setting next_dagrun for example_python_decorator to None, run_after=None
[2025-02-28T20:17:40.104+0200] {processor.py:208} INFO - Processing /Users/nampham/.pyenv/versions/3.12.9/lib/python3.12/site-packages/airflow/example_dags/example_python_decorator.py took 0.085 seconds
[2025-02-28T20:18:55.409+0200] {processor.py:186} INFO - Started process (PID=99353) to work on /Users/nampham/.pyenv/versions/3.12.9/lib/python3.12/site-packages/airflow/example_dags/example_python_decorator.py
[2025-02-28T20:18:55.410+0200] {processor.py:914} INFO - Processing file /Users/nampham/.pyenv/versions/3.12.9/lib/python3.12/site-packages/airflow/example_dags/example_python_decorator.py for tasks to queue
[2025-02-28T20:18:55.411+0200] {logging_mixin.py:190} INFO - [2025-02-28T20:18:55.411+0200] {dagbag.py:588} INFO - Filling up the DagBag from /Users/nampham/.pyenv/versions/3.12.9/lib/python3.12/site-packages/airflow/example_dags/example_python_decorator.py
[2025-02-28T20:18:55.448+0200] {logging_mixin.py:190} INFO - [2025-02-28T20:18:55.448+0200] {example_python_decorator.py:80} WARNING - The virtalenv_python example task requires virtualenv, please install it.
[2025-02-28T20:18:55.449+0200] {processor.py:925} INFO - DAG(s) 'example_python_decorator' retrieved from /Users/nampham/.pyenv/versions/3.12.9/lib/python3.12/site-packages/airflow/example_dags/example_python_decorator.py
[2025-02-28T20:18:55.483+0200] {logging_mixin.py:190} INFO - [2025-02-28T20:18:55.483+0200] {dag.py:3239} INFO - Sync 1 DAGs
[2025-02-28T20:18:55.486+0200] {logging_mixin.py:190} INFO - [2025-02-28T20:18:55.486+0200] {dag.py:4180} INFO - Setting next_dagrun for example_python_decorator to None, run_after=None
[2025-02-28T20:18:55.493+0200] {processor.py:208} INFO - Processing /Users/nampham/.pyenv/versions/3.12.9/lib/python3.12/site-packages/airflow/example_dags/example_python_decorator.py took 0.085 seconds
[2025-02-28T20:20:47.225+0200] {processor.py:186} INFO - Started process (PID=99790) to work on /Users/nampham/.pyenv/versions/3.12.9/lib/python3.12/site-packages/airflow/example_dags/example_python_decorator.py
[2025-02-28T20:20:47.226+0200] {processor.py:914} INFO - Processing file /Users/nampham/.pyenv/versions/3.12.9/lib/python3.12/site-packages/airflow/example_dags/example_python_decorator.py for tasks to queue
[2025-02-28T20:20:47.227+0200] {logging_mixin.py:190} INFO - [2025-02-28T20:20:47.227+0200] {dagbag.py:588} INFO - Filling up the DagBag from /Users/nampham/.pyenv/versions/3.12.9/lib/python3.12/site-packages/airflow/example_dags/example_python_decorator.py
[2025-02-28T20:20:47.264+0200] {logging_mixin.py:190} INFO - [2025-02-28T20:20:47.263+0200] {example_python_decorator.py:80} WARNING - The virtalenv_python example task requires virtualenv, please install it.
[2025-02-28T20:20:47.264+0200] {processor.py:925} INFO - DAG(s) 'example_python_decorator' retrieved from /Users/nampham/.pyenv/versions/3.12.9/lib/python3.12/site-packages/airflow/example_dags/example_python_decorator.py
[2025-02-28T20:20:47.298+0200] {logging_mixin.py:190} INFO - [2025-02-28T20:20:47.298+0200] {dag.py:3239} INFO - Sync 1 DAGs
[2025-02-28T20:20:47.301+0200] {logging_mixin.py:190} INFO - [2025-02-28T20:20:47.301+0200] {dag.py:4180} INFO - Setting next_dagrun for example_python_decorator to None, run_after=None
[2025-02-28T20:20:47.308+0200] {processor.py:208} INFO - Processing /Users/nampham/.pyenv/versions/3.12.9/lib/python3.12/site-packages/airflow/example_dags/example_python_decorator.py took 0.084 seconds
[2025-02-28T20:23:18.327+0200] {processor.py:186} INFO - Started process (PID=487) to work on /Users/nampham/.pyenv/versions/3.12.9/lib/python3.12/site-packages/airflow/example_dags/example_python_decorator.py
[2025-02-28T20:23:18.329+0200] {processor.py:914} INFO - Processing file /Users/nampham/.pyenv/versions/3.12.9/lib/python3.12/site-packages/airflow/example_dags/example_python_decorator.py for tasks to queue
[2025-02-28T20:23:18.329+0200] {logging_mixin.py:190} INFO - [2025-02-28T20:23:18.329+0200] {dagbag.py:588} INFO - Filling up the DagBag from /Users/nampham/.pyenv/versions/3.12.9/lib/python3.12/site-packages/airflow/example_dags/example_python_decorator.py
[2025-02-28T20:23:18.366+0200] {logging_mixin.py:190} INFO - [2025-02-28T20:23:18.366+0200] {example_python_decorator.py:80} WARNING - The virtalenv_python example task requires virtualenv, please install it.
[2025-02-28T20:23:18.367+0200] {processor.py:925} INFO - DAG(s) 'example_python_decorator' retrieved from /Users/nampham/.pyenv/versions/3.12.9/lib/python3.12/site-packages/airflow/example_dags/example_python_decorator.py
[2025-02-28T20:23:18.401+0200] {logging_mixin.py:190} INFO - [2025-02-28T20:23:18.401+0200] {dag.py:3239} INFO - Sync 1 DAGs
[2025-02-28T20:23:18.404+0200] {logging_mixin.py:190} INFO - [2025-02-28T20:23:18.404+0200] {dag.py:4180} INFO - Setting next_dagrun for example_python_decorator to None, run_after=None
[2025-02-28T20:23:18.411+0200] {processor.py:208} INFO - Processing /Users/nampham/.pyenv/versions/3.12.9/lib/python3.12/site-packages/airflow/example_dags/example_python_decorator.py took 0.084 seconds
[2025-02-28T21:28:09.331+0200] {processor.py:186} INFO - Started process (PID=5584) to work on /Users/nampham/.pyenv/versions/3.12.9/lib/python3.12/site-packages/airflow/example_dags/example_python_decorator.py
[2025-02-28T21:28:09.332+0200] {processor.py:914} INFO - Processing file /Users/nampham/.pyenv/versions/3.12.9/lib/python3.12/site-packages/airflow/example_dags/example_python_decorator.py for tasks to queue
[2025-02-28T21:28:09.332+0200] {logging_mixin.py:190} INFO - [2025-02-28T21:28:09.332+0200] {dagbag.py:588} INFO - Filling up the DagBag from /Users/nampham/.pyenv/versions/3.12.9/lib/python3.12/site-packages/airflow/example_dags/example_python_decorator.py
[2025-02-28T21:28:09.374+0200] {logging_mixin.py:190} INFO - [2025-02-28T21:28:09.374+0200] {example_python_decorator.py:80} WARNING - The virtalenv_python example task requires virtualenv, please install it.
[2025-02-28T21:28:09.374+0200] {processor.py:925} INFO - DAG(s) 'example_python_decorator' retrieved from /Users/nampham/.pyenv/versions/3.12.9/lib/python3.12/site-packages/airflow/example_dags/example_python_decorator.py
[2025-02-28T21:28:09.409+0200] {logging_mixin.py:190} INFO - [2025-02-28T21:28:09.409+0200] {dag.py:3239} INFO - Sync 1 DAGs
[2025-02-28T21:28:09.413+0200] {logging_mixin.py:190} INFO - [2025-02-28T21:28:09.413+0200] {dag.py:4180} INFO - Setting next_dagrun for example_python_decorator to None, run_after=None
[2025-02-28T21:28:09.419+0200] {processor.py:208} INFO - Processing /Users/nampham/.pyenv/versions/3.12.9/lib/python3.12/site-packages/airflow/example_dags/example_python_decorator.py took 0.089 seconds
[2025-02-28T21:30:54.571+0200] {processor.py:186} INFO - Started process (PID=6233) to work on /Users/nampham/.pyenv/versions/3.12.9/lib/python3.12/site-packages/airflow/example_dags/example_python_decorator.py
[2025-02-28T21:30:54.572+0200] {processor.py:914} INFO - Processing file /Users/nampham/.pyenv/versions/3.12.9/lib/python3.12/site-packages/airflow/example_dags/example_python_decorator.py for tasks to queue
[2025-02-28T21:30:54.573+0200] {logging_mixin.py:190} INFO - [2025-02-28T21:30:54.573+0200] {dagbag.py:588} INFO - Filling up the DagBag from /Users/nampham/.pyenv/versions/3.12.9/lib/python3.12/site-packages/airflow/example_dags/example_python_decorator.py
[2025-02-28T21:30:54.614+0200] {logging_mixin.py:190} INFO - [2025-02-28T21:30:54.614+0200] {example_python_decorator.py:80} WARNING - The virtalenv_python example task requires virtualenv, please install it.
[2025-02-28T21:30:54.615+0200] {processor.py:925} INFO - DAG(s) 'example_python_decorator' retrieved from /Users/nampham/.pyenv/versions/3.12.9/lib/python3.12/site-packages/airflow/example_dags/example_python_decorator.py
[2025-02-28T21:30:54.650+0200] {logging_mixin.py:190} INFO - [2025-02-28T21:30:54.650+0200] {dag.py:3239} INFO - Sync 1 DAGs
[2025-02-28T21:30:54.654+0200] {logging_mixin.py:190} INFO - [2025-02-28T21:30:54.654+0200] {dag.py:4180} INFO - Setting next_dagrun for example_python_decorator to None, run_after=None
[2025-02-28T21:30:54.661+0200] {processor.py:208} INFO - Processing /Users/nampham/.pyenv/versions/3.12.9/lib/python3.12/site-packages/airflow/example_dags/example_python_decorator.py took 0.093 seconds
[2025-02-28T21:32:43.067+0200] {processor.py:186} INFO - Started process (PID=6662) to work on /Users/nampham/.pyenv/versions/3.12.9/lib/python3.12/site-packages/airflow/example_dags/example_python_decorator.py
[2025-02-28T21:32:43.068+0200] {processor.py:914} INFO - Processing file /Users/nampham/.pyenv/versions/3.12.9/lib/python3.12/site-packages/airflow/example_dags/example_python_decorator.py for tasks to queue
[2025-02-28T21:32:43.069+0200] {logging_mixin.py:190} INFO - [2025-02-28T21:32:43.068+0200] {dagbag.py:588} INFO - Filling up the DagBag from /Users/nampham/.pyenv/versions/3.12.9/lib/python3.12/site-packages/airflow/example_dags/example_python_decorator.py
[2025-02-28T21:32:43.107+0200] {logging_mixin.py:190} INFO - [2025-02-28T21:32:43.107+0200] {example_python_decorator.py:80} WARNING - The virtalenv_python example task requires virtualenv, please install it.
[2025-02-28T21:32:43.108+0200] {processor.py:925} INFO - DAG(s) 'example_python_decorator' retrieved from /Users/nampham/.pyenv/versions/3.12.9/lib/python3.12/site-packages/airflow/example_dags/example_python_decorator.py
[2025-02-28T21:32:43.142+0200] {logging_mixin.py:190} INFO - [2025-02-28T21:32:43.142+0200] {dag.py:3239} INFO - Sync 1 DAGs
[2025-02-28T21:32:43.146+0200] {logging_mixin.py:190} INFO - [2025-02-28T21:32:43.145+0200] {dag.py:4180} INFO - Setting next_dagrun for example_python_decorator to None, run_after=None
[2025-02-28T21:32:43.152+0200] {processor.py:208} INFO - Processing /Users/nampham/.pyenv/versions/3.12.9/lib/python3.12/site-packages/airflow/example_dags/example_python_decorator.py took 0.086 seconds
[2025-02-28T21:35:18.310+0200] {processor.py:186} INFO - Started process (PID=7459) to work on /Users/nampham/.pyenv/versions/3.12.9/lib/python3.12/site-packages/airflow/example_dags/example_python_decorator.py
[2025-02-28T21:35:18.312+0200] {processor.py:914} INFO - Processing file /Users/nampham/.pyenv/versions/3.12.9/lib/python3.12/site-packages/airflow/example_dags/example_python_decorator.py for tasks to queue
[2025-02-28T21:35:18.313+0200] {logging_mixin.py:190} INFO - [2025-02-28T21:35:18.313+0200] {dagbag.py:588} INFO - Filling up the DagBag from /Users/nampham/.pyenv/versions/3.12.9/lib/python3.12/site-packages/airflow/example_dags/example_python_decorator.py
[2025-02-28T21:35:18.350+0200] {logging_mixin.py:190} INFO - [2025-02-28T21:35:18.350+0200] {example_python_decorator.py:80} WARNING - The virtalenv_python example task requires virtualenv, please install it.
[2025-02-28T21:35:18.351+0200] {processor.py:925} INFO - DAG(s) 'example_python_decorator' retrieved from /Users/nampham/.pyenv/versions/3.12.9/lib/python3.12/site-packages/airflow/example_dags/example_python_decorator.py
[2025-02-28T21:35:18.387+0200] {logging_mixin.py:190} INFO - [2025-02-28T21:35:18.387+0200] {dag.py:3239} INFO - Sync 1 DAGs
[2025-02-28T21:35:18.391+0200] {logging_mixin.py:190} INFO - [2025-02-28T21:35:18.391+0200] {dag.py:4180} INFO - Setting next_dagrun for example_python_decorator to None, run_after=None
[2025-02-28T21:35:18.397+0200] {processor.py:208} INFO - Processing /Users/nampham/.pyenv/versions/3.12.9/lib/python3.12/site-packages/airflow/example_dags/example_python_decorator.py took 0.088 seconds
[2025-02-28T21:37:17.609+0200] {processor.py:186} INFO - Started process (PID=7954) to work on /Users/nampham/.pyenv/versions/3.12.9/lib/python3.12/site-packages/airflow/example_dags/example_python_decorator.py
[2025-02-28T21:37:17.610+0200] {processor.py:914} INFO - Processing file /Users/nampham/.pyenv/versions/3.12.9/lib/python3.12/site-packages/airflow/example_dags/example_python_decorator.py for tasks to queue
[2025-02-28T21:37:17.611+0200] {logging_mixin.py:190} INFO - [2025-02-28T21:37:17.610+0200] {dagbag.py:588} INFO - Filling up the DagBag from /Users/nampham/.pyenv/versions/3.12.9/lib/python3.12/site-packages/airflow/example_dags/example_python_decorator.py
[2025-02-28T21:37:17.649+0200] {logging_mixin.py:190} INFO - [2025-02-28T21:37:17.649+0200] {example_python_decorator.py:80} WARNING - The virtalenv_python example task requires virtualenv, please install it.
[2025-02-28T21:37:17.650+0200] {processor.py:925} INFO - DAG(s) 'example_python_decorator' retrieved from /Users/nampham/.pyenv/versions/3.12.9/lib/python3.12/site-packages/airflow/example_dags/example_python_decorator.py
[2025-02-28T21:37:17.724+0200] {logging_mixin.py:190} INFO - [2025-02-28T21:37:17.724+0200] {override.py:1930} INFO - Created Permission View: can delete on DAG:example_python_decorator
[2025-02-28T21:37:17.727+0200] {logging_mixin.py:190} INFO - [2025-02-28T21:37:17.727+0200] {override.py:1930} INFO - Created Permission View: can edit on DAG:example_python_decorator
[2025-02-28T21:37:17.729+0200] {logging_mixin.py:190} INFO - [2025-02-28T21:37:17.729+0200] {override.py:1930} INFO - Created Permission View: can read on DAG:example_python_decorator
[2025-02-28T21:37:17.731+0200] {logging_mixin.py:190} INFO - [2025-02-28T21:37:17.731+0200] {override.py:1930} INFO - Created Permission View: can delete on DAG Run:example_python_decorator
[2025-02-28T21:37:17.733+0200] {logging_mixin.py:190} INFO - [2025-02-28T21:37:17.733+0200] {override.py:1930} INFO - Created Permission View: can create on DAG Run:example_python_decorator
[2025-02-28T21:37:17.735+0200] {logging_mixin.py:190} INFO - [2025-02-28T21:37:17.735+0200] {override.py:1930} INFO - Created Permission View: can read on DAG Run:example_python_decorator
[2025-02-28T21:37:17.737+0200] {logging_mixin.py:190} INFO - [2025-02-28T21:37:17.737+0200] {override.py:1930} INFO - Created Permission View: menu access on DAG Run:example_python_decorator
[2025-02-28T21:37:17.737+0200] {logging_mixin.py:190} INFO - [2025-02-28T21:37:17.737+0200] {dag.py:3239} INFO - Sync 1 DAGs
[2025-02-28T21:37:17.741+0200] {logging_mixin.py:190} INFO - [2025-02-28T21:37:17.741+0200] {dag.py:3262} INFO - Creating ORM DAG for example_python_decorator
[2025-02-28T21:37:17.741+0200] {logging_mixin.py:190} INFO - [2025-02-28T21:37:17.741+0200] {dag.py:4180} INFO - Setting next_dagrun for example_python_decorator to None, run_after=None
[2025-02-28T21:37:17.747+0200] {processor.py:208} INFO - Processing /Users/nampham/.pyenv/versions/3.12.9/lib/python3.12/site-packages/airflow/example_dags/example_python_decorator.py took 0.139 seconds
[2025-02-28T21:39:08.367+0200] {processor.py:186} INFO - Started process (PID=8381) to work on /Users/nampham/.pyenv/versions/3.12.9/lib/python3.12/site-packages/airflow/example_dags/example_python_decorator.py
[2025-02-28T21:39:08.368+0200] {processor.py:914} INFO - Processing file /Users/nampham/.pyenv/versions/3.12.9/lib/python3.12/site-packages/airflow/example_dags/example_python_decorator.py for tasks to queue
[2025-02-28T21:39:08.369+0200] {logging_mixin.py:190} INFO - [2025-02-28T21:39:08.369+0200] {dagbag.py:588} INFO - Filling up the DagBag from /Users/nampham/.pyenv/versions/3.12.9/lib/python3.12/site-packages/airflow/example_dags/example_python_decorator.py
[2025-02-28T21:39:08.406+0200] {logging_mixin.py:190} INFO - [2025-02-28T21:39:08.406+0200] {example_python_decorator.py:80} WARNING - The virtalenv_python example task requires virtualenv, please install it.
[2025-02-28T21:39:08.407+0200] {processor.py:925} INFO - DAG(s) 'example_python_decorator' retrieved from /Users/nampham/.pyenv/versions/3.12.9/lib/python3.12/site-packages/airflow/example_dags/example_python_decorator.py
[2025-02-28T21:39:08.441+0200] {logging_mixin.py:190} INFO - [2025-02-28T21:39:08.441+0200] {dag.py:3239} INFO - Sync 1 DAGs
[2025-02-28T21:39:08.445+0200] {logging_mixin.py:190} INFO - [2025-02-28T21:39:08.445+0200] {dag.py:4180} INFO - Setting next_dagrun for example_python_decorator to None, run_after=None
[2025-02-28T21:39:08.451+0200] {processor.py:208} INFO - Processing /Users/nampham/.pyenv/versions/3.12.9/lib/python3.12/site-packages/airflow/example_dags/example_python_decorator.py took 0.085 seconds
[2025-02-28T21:43:51.990+0200] {processor.py:186} INFO - Started process (PID=9649) to work on /Users/nampham/.pyenv/versions/3.12.9/lib/python3.12/site-packages/airflow/example_dags/example_python_decorator.py
[2025-02-28T21:43:51.991+0200] {processor.py:914} INFO - Processing file /Users/nampham/.pyenv/versions/3.12.9/lib/python3.12/site-packages/airflow/example_dags/example_python_decorator.py for tasks to queue
[2025-02-28T21:43:51.991+0200] {logging_mixin.py:190} INFO - [2025-02-28T21:43:51.991+0200] {dagbag.py:588} INFO - Filling up the DagBag from /Users/nampham/.pyenv/versions/3.12.9/lib/python3.12/site-packages/airflow/example_dags/example_python_decorator.py
[2025-02-28T21:43:52.028+0200] {logging_mixin.py:190} INFO - [2025-02-28T21:43:52.028+0200] {example_python_decorator.py:80} WARNING - The virtalenv_python example task requires virtualenv, please install it.
[2025-02-28T21:43:52.029+0200] {processor.py:925} INFO - DAG(s) 'example_python_decorator' retrieved from /Users/nampham/.pyenv/versions/3.12.9/lib/python3.12/site-packages/airflow/example_dags/example_python_decorator.py
[2025-02-28T21:43:52.093+0200] {logging_mixin.py:190} INFO - [2025-02-28T21:43:52.093+0200] {override.py:1930} INFO - Created Permission View: can read on DAG:example_python_decorator
[2025-02-28T21:43:52.096+0200] {logging_mixin.py:190} INFO - [2025-02-28T21:43:52.096+0200] {override.py:1930} INFO - Created Permission View: can delete on DAG:example_python_decorator
[2025-02-28T21:43:52.098+0200] {logging_mixin.py:190} INFO - [2025-02-28T21:43:52.098+0200] {override.py:1930} INFO - Created Permission View: can edit on DAG:example_python_decorator
[2025-02-28T21:43:52.100+0200] {logging_mixin.py:190} INFO - [2025-02-28T21:43:52.100+0200] {override.py:1930} INFO - Created Permission View: can read on DAG Run:example_python_decorator
[2025-02-28T21:43:52.102+0200] {logging_mixin.py:190} INFO - [2025-02-28T21:43:52.102+0200] {override.py:1930} INFO - Created Permission View: can create on DAG Run:example_python_decorator
[2025-02-28T21:43:52.104+0200] {logging_mixin.py:190} INFO - [2025-02-28T21:43:52.104+0200] {override.py:1930} INFO - Created Permission View: can delete on DAG Run:example_python_decorator
[2025-02-28T21:43:52.106+0200] {logging_mixin.py:190} INFO - [2025-02-28T21:43:52.106+0200] {override.py:1930} INFO - Created Permission View: menu access on DAG Run:example_python_decorator
[2025-02-28T21:43:52.106+0200] {logging_mixin.py:190} INFO - [2025-02-28T21:43:52.106+0200] {dag.py:3239} INFO - Sync 1 DAGs
[2025-02-28T21:43:52.110+0200] {logging_mixin.py:190} INFO - [2025-02-28T21:43:52.110+0200] {dag.py:3262} INFO - Creating ORM DAG for example_python_decorator
[2025-02-28T21:43:52.110+0200] {logging_mixin.py:190} INFO - [2025-02-28T21:43:52.110+0200] {dag.py:4180} INFO - Setting next_dagrun for example_python_decorator to None, run_after=None
[2025-02-28T21:43:52.116+0200] {processor.py:208} INFO - Processing /Users/nampham/.pyenv/versions/3.12.9/lib/python3.12/site-packages/airflow/example_dags/example_python_decorator.py took 0.127 seconds
[2025-02-28T22:28:08.795+0200] {processor.py:186} INFO - Started process (PID=18163) to work on /Users/nampham/.pyenv/versions/3.12.9/lib/python3.12/site-packages/airflow/example_dags/example_python_decorator.py
[2025-02-28T22:28:08.796+0200] {processor.py:914} INFO - Processing file /Users/nampham/.pyenv/versions/3.12.9/lib/python3.12/site-packages/airflow/example_dags/example_python_decorator.py for tasks to queue
[2025-02-28T22:28:08.797+0200] {logging_mixin.py:190} INFO - [2025-02-28T22:28:08.797+0200] {dagbag.py:588} INFO - Filling up the DagBag from /Users/nampham/.pyenv/versions/3.12.9/lib/python3.12/site-packages/airflow/example_dags/example_python_decorator.py
[2025-02-28T22:28:08.835+0200] {logging_mixin.py:190} INFO - [2025-02-28T22:28:08.835+0200] {example_python_decorator.py:80} WARNING - The virtalenv_python example task requires virtualenv, please install it.
[2025-02-28T22:28:08.835+0200] {processor.py:925} INFO - DAG(s) 'example_python_decorator' retrieved from /Users/nampham/.pyenv/versions/3.12.9/lib/python3.12/site-packages/airflow/example_dags/example_python_decorator.py
[2025-02-28T22:28:08.900+0200] {logging_mixin.py:190} INFO - [2025-02-28T22:28:08.900+0200] {override.py:1930} INFO - Created Permission View: can read on DAG:example_python_decorator
[2025-02-28T22:28:08.903+0200] {logging_mixin.py:190} INFO - [2025-02-28T22:28:08.903+0200] {override.py:1930} INFO - Created Permission View: can edit on DAG:example_python_decorator
[2025-02-28T22:28:08.905+0200] {logging_mixin.py:190} INFO - [2025-02-28T22:28:08.905+0200] {override.py:1930} INFO - Created Permission View: can delete on DAG:example_python_decorator
[2025-02-28T22:28:08.907+0200] {logging_mixin.py:190} INFO - [2025-02-28T22:28:08.907+0200] {override.py:1930} INFO - Created Permission View: menu access on DAG Run:example_python_decorator
[2025-02-28T22:28:08.909+0200] {logging_mixin.py:190} INFO - [2025-02-28T22:28:08.909+0200] {override.py:1930} INFO - Created Permission View: can read on DAG Run:example_python_decorator
[2025-02-28T22:28:08.911+0200] {logging_mixin.py:190} INFO - [2025-02-28T22:28:08.911+0200] {override.py:1930} INFO - Created Permission View: can create on DAG Run:example_python_decorator
[2025-02-28T22:28:08.913+0200] {logging_mixin.py:190} INFO - [2025-02-28T22:28:08.913+0200] {override.py:1930} INFO - Created Permission View: can delete on DAG Run:example_python_decorator
[2025-02-28T22:28:08.913+0200] {logging_mixin.py:190} INFO - [2025-02-28T22:28:08.913+0200] {dag.py:3239} INFO - Sync 1 DAGs
[2025-02-28T22:28:08.919+0200] {logging_mixin.py:190} INFO - [2025-02-28T22:28:08.918+0200] {dag.py:3262} INFO - Creating ORM DAG for example_python_decorator
[2025-02-28T22:28:08.919+0200] {logging_mixin.py:190} INFO - [2025-02-28T22:28:08.919+0200] {dag.py:4180} INFO - Setting next_dagrun for example_python_decorator to None, run_after=None
[2025-02-28T22:28:08.924+0200] {processor.py:208} INFO - Processing /Users/nampham/.pyenv/versions/3.12.9/lib/python3.12/site-packages/airflow/example_dags/example_python_decorator.py took 0.130 seconds
[2025-02-28T22:36:13.540+0200] {processor.py:186} INFO - Started process (PID=19811) to work on /Users/nampham/.pyenv/versions/3.12.9/lib/python3.12/site-packages/airflow/example_dags/example_python_decorator.py
[2025-02-28T22:36:13.541+0200] {processor.py:914} INFO - Processing file /Users/nampham/.pyenv/versions/3.12.9/lib/python3.12/site-packages/airflow/example_dags/example_python_decorator.py for tasks to queue
[2025-02-28T22:36:13.541+0200] {logging_mixin.py:190} INFO - [2025-02-28T22:36:13.541+0200] {dagbag.py:588} INFO - Filling up the DagBag from /Users/nampham/.pyenv/versions/3.12.9/lib/python3.12/site-packages/airflow/example_dags/example_python_decorator.py
[2025-02-28T22:36:13.578+0200] {logging_mixin.py:190} INFO - [2025-02-28T22:36:13.578+0200] {example_python_decorator.py:80} WARNING - The virtalenv_python example task requires virtualenv, please install it.
[2025-02-28T22:36:13.579+0200] {processor.py:925} INFO - DAG(s) 'example_python_decorator' retrieved from /Users/nampham/.pyenv/versions/3.12.9/lib/python3.12/site-packages/airflow/example_dags/example_python_decorator.py
[2025-02-28T22:36:13.644+0200] {logging_mixin.py:190} INFO - [2025-02-28T22:36:13.644+0200] {override.py:1930} INFO - Created Permission View: can delete on DAG:example_python_decorator
[2025-02-28T22:36:13.647+0200] {logging_mixin.py:190} INFO - [2025-02-28T22:36:13.647+0200] {override.py:1930} INFO - Created Permission View: can edit on DAG:example_python_decorator
[2025-02-28T22:36:13.649+0200] {logging_mixin.py:190} INFO - [2025-02-28T22:36:13.649+0200] {override.py:1930} INFO - Created Permission View: can read on DAG:example_python_decorator
[2025-02-28T22:36:13.651+0200] {logging_mixin.py:190} INFO - [2025-02-28T22:36:13.651+0200] {override.py:1930} INFO - Created Permission View: can create on DAG Run:example_python_decorator
[2025-02-28T22:36:13.653+0200] {logging_mixin.py:190} INFO - [2025-02-28T22:36:13.653+0200] {override.py:1930} INFO - Created Permission View: can delete on DAG Run:example_python_decorator
[2025-02-28T22:36:13.655+0200] {logging_mixin.py:190} INFO - [2025-02-28T22:36:13.654+0200] {override.py:1930} INFO - Created Permission View: menu access on DAG Run:example_python_decorator
[2025-02-28T22:36:13.656+0200] {logging_mixin.py:190} INFO - [2025-02-28T22:36:13.656+0200] {override.py:1930} INFO - Created Permission View: can read on DAG Run:example_python_decorator
[2025-02-28T22:36:13.656+0200] {logging_mixin.py:190} INFO - [2025-02-28T22:36:13.656+0200] {dag.py:3239} INFO - Sync 1 DAGs
[2025-02-28T22:36:13.661+0200] {logging_mixin.py:190} INFO - [2025-02-28T22:36:13.661+0200] {dag.py:3262} INFO - Creating ORM DAG for example_python_decorator
[2025-02-28T22:36:13.661+0200] {logging_mixin.py:190} INFO - [2025-02-28T22:36:13.661+0200] {dag.py:4180} INFO - Setting next_dagrun for example_python_decorator to None, run_after=None
[2025-02-28T22:36:13.667+0200] {processor.py:208} INFO - Processing /Users/nampham/.pyenv/versions/3.12.9/lib/python3.12/site-packages/airflow/example_dags/example_python_decorator.py took 0.129 seconds
[2025-02-28T22:38:28.682+0200] {processor.py:186} INFO - Started process (PID=20317) to work on /Users/nampham/.pyenv/versions/3.12.9/lib/python3.12/site-packages/airflow/example_dags/example_python_decorator.py
[2025-02-28T22:38:28.683+0200] {processor.py:914} INFO - Processing file /Users/nampham/.pyenv/versions/3.12.9/lib/python3.12/site-packages/airflow/example_dags/example_python_decorator.py for tasks to queue
[2025-02-28T22:38:28.684+0200] {logging_mixin.py:190} INFO - [2025-02-28T22:38:28.684+0200] {dagbag.py:588} INFO - Filling up the DagBag from /Users/nampham/.pyenv/versions/3.12.9/lib/python3.12/site-packages/airflow/example_dags/example_python_decorator.py
[2025-02-28T22:38:28.720+0200] {logging_mixin.py:190} INFO - [2025-02-28T22:38:28.720+0200] {example_python_decorator.py:80} WARNING - The virtalenv_python example task requires virtualenv, please install it.
[2025-02-28T22:38:28.721+0200] {processor.py:925} INFO - DAG(s) 'example_python_decorator' retrieved from /Users/nampham/.pyenv/versions/3.12.9/lib/python3.12/site-packages/airflow/example_dags/example_python_decorator.py
[2025-02-28T22:38:28.755+0200] {logging_mixin.py:190} INFO - [2025-02-28T22:38:28.755+0200] {dag.py:3239} INFO - Sync 1 DAGs
[2025-02-28T22:38:28.759+0200] {logging_mixin.py:190} INFO - [2025-02-28T22:38:28.758+0200] {dag.py:4180} INFO - Setting next_dagrun for example_python_decorator to None, run_after=None
[2025-02-28T22:38:28.765+0200] {processor.py:208} INFO - Processing /Users/nampham/.pyenv/versions/3.12.9/lib/python3.12/site-packages/airflow/example_dags/example_python_decorator.py took 0.085 seconds
[2025-02-28T22:41:18.802+0200] {processor.py:186} INFO - Started process (PID=20875) to work on /Users/nampham/.pyenv/versions/3.12.9/lib/python3.12/site-packages/airflow/example_dags/example_python_decorator.py
[2025-02-28T22:41:18.803+0200] {processor.py:914} INFO - Processing file /Users/nampham/.pyenv/versions/3.12.9/lib/python3.12/site-packages/airflow/example_dags/example_python_decorator.py for tasks to queue
[2025-02-28T22:41:18.804+0200] {logging_mixin.py:190} INFO - [2025-02-28T22:41:18.804+0200] {dagbag.py:588} INFO - Filling up the DagBag from /Users/nampham/.pyenv/versions/3.12.9/lib/python3.12/site-packages/airflow/example_dags/example_python_decorator.py
[2025-02-28T22:41:18.840+0200] {logging_mixin.py:190} INFO - [2025-02-28T22:41:18.840+0200] {example_python_decorator.py:80} WARNING - The virtalenv_python example task requires virtualenv, please install it.
[2025-02-28T22:41:18.841+0200] {processor.py:925} INFO - DAG(s) 'example_python_decorator' retrieved from /Users/nampham/.pyenv/versions/3.12.9/lib/python3.12/site-packages/airflow/example_dags/example_python_decorator.py
[2025-02-28T22:41:18.874+0200] {logging_mixin.py:190} INFO - [2025-02-28T22:41:18.874+0200] {dag.py:3239} INFO - Sync 1 DAGs
[2025-02-28T22:41:18.878+0200] {logging_mixin.py:190} INFO - [2025-02-28T22:41:18.878+0200] {dag.py:4180} INFO - Setting next_dagrun for example_python_decorator to None, run_after=None
[2025-02-28T22:41:18.884+0200] {processor.py:208} INFO - Processing /Users/nampham/.pyenv/versions/3.12.9/lib/python3.12/site-packages/airflow/example_dags/example_python_decorator.py took 0.084 seconds
[2025-02-28T22:43:47.063+0200] {processor.py:186} INFO - Started process (PID=21406) to work on /Users/nampham/.pyenv/versions/3.12.9/lib/python3.12/site-packages/airflow/example_dags/example_python_decorator.py
[2025-02-28T22:43:47.065+0200] {processor.py:914} INFO - Processing file /Users/nampham/.pyenv/versions/3.12.9/lib/python3.12/site-packages/airflow/example_dags/example_python_decorator.py for tasks to queue
[2025-02-28T22:43:47.065+0200] {logging_mixin.py:190} INFO - [2025-02-28T22:43:47.065+0200] {dagbag.py:588} INFO - Filling up the DagBag from /Users/nampham/.pyenv/versions/3.12.9/lib/python3.12/site-packages/airflow/example_dags/example_python_decorator.py
[2025-02-28T22:43:47.103+0200] {logging_mixin.py:190} INFO - [2025-02-28T22:43:47.103+0200] {example_python_decorator.py:80} WARNING - The virtalenv_python example task requires virtualenv, please install it.
[2025-02-28T22:43:47.104+0200] {processor.py:925} INFO - DAG(s) 'example_python_decorator' retrieved from /Users/nampham/.pyenv/versions/3.12.9/lib/python3.12/site-packages/airflow/example_dags/example_python_decorator.py
[2025-02-28T22:43:47.138+0200] {logging_mixin.py:190} INFO - [2025-02-28T22:43:47.138+0200] {dag.py:3239} INFO - Sync 1 DAGs
[2025-02-28T22:43:47.141+0200] {logging_mixin.py:190} INFO - [2025-02-28T22:43:47.141+0200] {dag.py:4180} INFO - Setting next_dagrun for example_python_decorator to None, run_after=None
[2025-02-28T22:43:47.148+0200] {processor.py:208} INFO - Processing /Users/nampham/.pyenv/versions/3.12.9/lib/python3.12/site-packages/airflow/example_dags/example_python_decorator.py took 0.086 seconds
[2025-02-28T22:46:47.062+0200] {processor.py:186} INFO - Started process (PID=22027) to work on /Users/nampham/.pyenv/versions/3.12.9/lib/python3.12/site-packages/airflow/example_dags/example_python_decorator.py
[2025-02-28T22:46:47.063+0200] {processor.py:914} INFO - Processing file /Users/nampham/.pyenv/versions/3.12.9/lib/python3.12/site-packages/airflow/example_dags/example_python_decorator.py for tasks to queue
[2025-02-28T22:46:47.064+0200] {logging_mixin.py:190} INFO - [2025-02-28T22:46:47.064+0200] {dagbag.py:588} INFO - Filling up the DagBag from /Users/nampham/.pyenv/versions/3.12.9/lib/python3.12/site-packages/airflow/example_dags/example_python_decorator.py
[2025-02-28T22:46:47.100+0200] {logging_mixin.py:190} INFO - [2025-02-28T22:46:47.100+0200] {example_python_decorator.py:80} WARNING - The virtalenv_python example task requires virtualenv, please install it.
[2025-02-28T22:46:47.101+0200] {processor.py:925} INFO - DAG(s) 'example_python_decorator' retrieved from /Users/nampham/.pyenv/versions/3.12.9/lib/python3.12/site-packages/airflow/example_dags/example_python_decorator.py
[2025-02-28T22:46:47.135+0200] {logging_mixin.py:190} INFO - [2025-02-28T22:46:47.134+0200] {dag.py:3239} INFO - Sync 1 DAGs
[2025-02-28T22:46:47.138+0200] {logging_mixin.py:190} INFO - [2025-02-28T22:46:47.138+0200] {dag.py:4180} INFO - Setting next_dagrun for example_python_decorator to None, run_after=None
[2025-02-28T22:46:47.144+0200] {processor.py:208} INFO - Processing /Users/nampham/.pyenv/versions/3.12.9/lib/python3.12/site-packages/airflow/example_dags/example_python_decorator.py took 0.084 seconds
[2025-02-28T22:48:45.572+0200] {processor.py:186} INFO - Started process (PID=22332) to work on /Users/nampham/.pyenv/versions/3.12.9/lib/python3.12/site-packages/airflow/example_dags/example_python_decorator.py
[2025-02-28T22:48:45.573+0200] {processor.py:914} INFO - Processing file /Users/nampham/.pyenv/versions/3.12.9/lib/python3.12/site-packages/airflow/example_dags/example_python_decorator.py for tasks to queue
[2025-02-28T22:48:45.573+0200] {logging_mixin.py:190} INFO - [2025-02-28T22:48:45.573+0200] {dagbag.py:588} INFO - Filling up the DagBag from /Users/nampham/.pyenv/versions/3.12.9/lib/python3.12/site-packages/airflow/example_dags/example_python_decorator.py
[2025-02-28T22:48:45.610+0200] {logging_mixin.py:190} INFO - [2025-02-28T22:48:45.610+0200] {example_python_decorator.py:80} WARNING - The virtalenv_python example task requires virtualenv, please install it.
[2025-02-28T22:48:45.611+0200] {processor.py:925} INFO - DAG(s) 'example_python_decorator' retrieved from /Users/nampham/.pyenv/versions/3.12.9/lib/python3.12/site-packages/airflow/example_dags/example_python_decorator.py
[2025-02-28T22:48:45.644+0200] {logging_mixin.py:190} INFO - [2025-02-28T22:48:45.644+0200] {dag.py:3239} INFO - Sync 1 DAGs
[2025-02-28T22:48:45.648+0200] {logging_mixin.py:190} INFO - [2025-02-28T22:48:45.648+0200] {dag.py:4180} INFO - Setting next_dagrun for example_python_decorator to None, run_after=None
[2025-02-28T22:48:45.654+0200] {processor.py:208} INFO - Processing /Users/nampham/.pyenv/versions/3.12.9/lib/python3.12/site-packages/airflow/example_dags/example_python_decorator.py took 0.083 seconds
[2025-02-28T22:56:46.335+0200] {processor.py:186} INFO - Started process (PID=23122) to work on /Users/nampham/.pyenv/versions/3.12.9/lib/python3.12/site-packages/airflow/example_dags/example_python_decorator.py
[2025-02-28T22:56:46.336+0200] {processor.py:914} INFO - Processing file /Users/nampham/.pyenv/versions/3.12.9/lib/python3.12/site-packages/airflow/example_dags/example_python_decorator.py for tasks to queue
[2025-02-28T22:56:46.337+0200] {logging_mixin.py:190} INFO - [2025-02-28T22:56:46.337+0200] {dagbag.py:588} INFO - Filling up the DagBag from /Users/nampham/.pyenv/versions/3.12.9/lib/python3.12/site-packages/airflow/example_dags/example_python_decorator.py
[2025-02-28T22:56:46.373+0200] {logging_mixin.py:190} INFO - [2025-02-28T22:56:46.373+0200] {example_python_decorator.py:80} WARNING - The virtalenv_python example task requires virtualenv, please install it.
[2025-02-28T22:56:46.374+0200] {processor.py:925} INFO - DAG(s) 'example_python_decorator' retrieved from /Users/nampham/.pyenv/versions/3.12.9/lib/python3.12/site-packages/airflow/example_dags/example_python_decorator.py
[2025-02-28T22:56:46.408+0200] {logging_mixin.py:190} INFO - [2025-02-28T22:56:46.407+0200] {dag.py:3239} INFO - Sync 1 DAGs
[2025-02-28T22:56:46.411+0200] {logging_mixin.py:190} INFO - [2025-02-28T22:56:46.411+0200] {dag.py:4180} INFO - Setting next_dagrun for example_python_decorator to None, run_after=None
[2025-02-28T22:56:46.417+0200] {processor.py:208} INFO - Processing /Users/nampham/.pyenv/versions/3.12.9/lib/python3.12/site-packages/airflow/example_dags/example_python_decorator.py took 0.083 seconds
[2025-02-28T22:58:14.144+0200] {processor.py:186} INFO - Started process (PID=23404) to work on /Users/nampham/.pyenv/versions/3.12.9/lib/python3.12/site-packages/airflow/example_dags/example_python_decorator.py
[2025-02-28T22:58:14.145+0200] {processor.py:914} INFO - Processing file /Users/nampham/.pyenv/versions/3.12.9/lib/python3.12/site-packages/airflow/example_dags/example_python_decorator.py for tasks to queue
[2025-02-28T22:58:14.145+0200] {logging_mixin.py:190} INFO - [2025-02-28T22:58:14.145+0200] {dagbag.py:588} INFO - Filling up the DagBag from /Users/nampham/.pyenv/versions/3.12.9/lib/python3.12/site-packages/airflow/example_dags/example_python_decorator.py
[2025-02-28T22:58:14.182+0200] {logging_mixin.py:190} INFO - [2025-02-28T22:58:14.182+0200] {example_python_decorator.py:80} WARNING - The virtalenv_python example task requires virtualenv, please install it.
[2025-02-28T22:58:14.182+0200] {processor.py:925} INFO - DAG(s) 'example_python_decorator' retrieved from /Users/nampham/.pyenv/versions/3.12.9/lib/python3.12/site-packages/airflow/example_dags/example_python_decorator.py
[2025-02-28T22:58:14.216+0200] {logging_mixin.py:190} INFO - [2025-02-28T22:58:14.216+0200] {dag.py:3239} INFO - Sync 1 DAGs
[2025-02-28T22:58:14.220+0200] {logging_mixin.py:190} INFO - [2025-02-28T22:58:14.219+0200] {dag.py:4180} INFO - Setting next_dagrun for example_python_decorator to None, run_after=None
[2025-02-28T22:58:14.226+0200] {processor.py:208} INFO - Processing /Users/nampham/.pyenv/versions/3.12.9/lib/python3.12/site-packages/airflow/example_dags/example_python_decorator.py took 0.083 seconds
[2025-02-28T23:01:12.117+0200] {processor.py:186} INFO - Started process (PID=24013) to work on /Users/nampham/.pyenv/versions/3.12.9/lib/python3.12/site-packages/airflow/example_dags/example_python_decorator.py
[2025-02-28T23:01:12.118+0200] {processor.py:914} INFO - Processing file /Users/nampham/.pyenv/versions/3.12.9/lib/python3.12/site-packages/airflow/example_dags/example_python_decorator.py for tasks to queue
[2025-02-28T23:01:12.118+0200] {logging_mixin.py:190} INFO - [2025-02-28T23:01:12.118+0200] {dagbag.py:588} INFO - Filling up the DagBag from /Users/nampham/.pyenv/versions/3.12.9/lib/python3.12/site-packages/airflow/example_dags/example_python_decorator.py
[2025-02-28T23:01:12.155+0200] {logging_mixin.py:190} INFO - [2025-02-28T23:01:12.155+0200] {example_python_decorator.py:80} WARNING - The virtalenv_python example task requires virtualenv, please install it.
[2025-02-28T23:01:12.155+0200] {processor.py:925} INFO - DAG(s) 'example_python_decorator' retrieved from /Users/nampham/.pyenv/versions/3.12.9/lib/python3.12/site-packages/airflow/example_dags/example_python_decorator.py
[2025-02-28T23:01:12.189+0200] {logging_mixin.py:190} INFO - [2025-02-28T23:01:12.189+0200] {dag.py:3239} INFO - Sync 1 DAGs
[2025-02-28T23:01:12.192+0200] {logging_mixin.py:190} INFO - [2025-02-28T23:01:12.192+0200] {dag.py:4180} INFO - Setting next_dagrun for example_python_decorator to None, run_after=None
[2025-02-28T23:01:12.199+0200] {processor.py:208} INFO - Processing /Users/nampham/.pyenv/versions/3.12.9/lib/python3.12/site-packages/airflow/example_dags/example_python_decorator.py took 0.083 seconds
