[2025-02-28T18:25:27.261+0200] {processor.py:186} INFO - Started process (PID=93327) to work on /Users/nampham/.pyenv/versions/3.12.9/lib/python3.12/site-packages/airflow/example_dags/example_latest_only.py
[2025-02-28T18:25:27.261+0200] {processor.py:914} INFO - Processing file /Users/nampham/.pyenv/versions/3.12.9/lib/python3.12/site-packages/airflow/example_dags/example_latest_only.py for tasks to queue
[2025-02-28T18:25:27.262+0200] {logging_mixin.py:190} INFO - [2025-02-28T18:25:27.262+0200] {dagbag.py:588} INFO - Filling up the DagBag from /Users/nampham/.pyenv/versions/3.12.9/lib/python3.12/site-packages/airflow/example_dags/example_latest_only.py
[2025-02-28T18:25:27.265+0200] {processor.py:925} INFO - DAG(s) 'latest_only' retrieved from /Users/nampham/.pyenv/versions/3.12.9/lib/python3.12/site-packages/airflow/example_dags/example_latest_only.py
[2025-02-28T18:25:27.354+0200] {logging_mixin.py:190} INFO - [2025-02-28T18:25:27.354+0200] {override.py:1930} INFO - Created Permission View: can delete on DAG:latest_only
[2025-02-28T18:25:27.357+0200] {logging_mixin.py:190} INFO - [2025-02-28T18:25:27.357+0200] {override.py:1930} INFO - Created Permission View: can edit on DAG:latest_only
[2025-02-28T18:25:27.359+0200] {logging_mixin.py:190} INFO - [2025-02-28T18:25:27.359+0200] {override.py:1930} INFO - Created Permission View: can read on DAG:latest_only
[2025-02-28T18:25:27.361+0200] {logging_mixin.py:190} INFO - [2025-02-28T18:25:27.361+0200] {override.py:1930} INFO - Created Permission View: can delete on DAG Run:latest_only
[2025-02-28T18:25:27.363+0200] {logging_mixin.py:190} INFO - [2025-02-28T18:25:27.363+0200] {override.py:1930} INFO - Created Permission View: can create on DAG Run:latest_only
[2025-02-28T18:25:27.365+0200] {logging_mixin.py:190} INFO - [2025-02-28T18:25:27.365+0200] {override.py:1930} INFO - Created Permission View: menu access on DAG Run:latest_only
[2025-02-28T18:25:27.366+0200] {logging_mixin.py:190} INFO - [2025-02-28T18:25:27.366+0200] {override.py:1930} INFO - Created Permission View: can read on DAG Run:latest_only
[2025-02-28T18:25:27.367+0200] {logging_mixin.py:190} INFO - [2025-02-28T18:25:27.366+0200] {dag.py:3239} INFO - Sync 1 DAGs
[2025-02-28T18:25:27.371+0200] {logging_mixin.py:190} INFO - [2025-02-28T18:25:27.371+0200] {dag.py:3262} INFO - Creating ORM DAG for latest_only
[2025-02-28T18:25:27.373+0200] {logging_mixin.py:190} INFO - [2025-02-28T18:25:27.373+0200] {dag.py:4180} INFO - Setting next_dagrun for latest_only to 2025-02-28 12:00:00+00:00, run_after=2025-02-28 16:00:00+00:00
[2025-02-28T18:25:27.379+0200] {processor.py:208} INFO - Processing /Users/nampham/.pyenv/versions/3.12.9/lib/python3.12/site-packages/airflow/example_dags/example_latest_only.py took 0.119 seconds
[2025-02-28T18:27:16.211+0200] {processor.py:186} INFO - Started process (PID=93747) to work on /Users/nampham/.pyenv/versions/3.12.9/lib/python3.12/site-packages/airflow/example_dags/example_latest_only.py
[2025-02-28T18:27:16.212+0200] {processor.py:914} INFO - Processing file /Users/nampham/.pyenv/versions/3.12.9/lib/python3.12/site-packages/airflow/example_dags/example_latest_only.py for tasks to queue
[2025-02-28T18:27:16.212+0200] {logging_mixin.py:190} INFO - [2025-02-28T18:27:16.212+0200] {dagbag.py:588} INFO - Filling up the DagBag from /Users/nampham/.pyenv/versions/3.12.9/lib/python3.12/site-packages/airflow/example_dags/example_latest_only.py
[2025-02-28T18:27:16.215+0200] {processor.py:925} INFO - DAG(s) 'latest_only' retrieved from /Users/nampham/.pyenv/versions/3.12.9/lib/python3.12/site-packages/airflow/example_dags/example_latest_only.py
[2025-02-28T18:27:16.315+0200] {logging_mixin.py:190} INFO - [2025-02-28T18:27:16.314+0200] {dag.py:3239} INFO - Sync 1 DAGs
[2025-02-28T18:27:16.327+0200] {logging_mixin.py:190} INFO - [2025-02-28T18:27:16.327+0200] {dag.py:4180} INFO - Setting next_dagrun for latest_only to 2025-02-28 12:00:00+00:00, run_after=2025-02-28 16:00:00+00:00
[2025-02-28T18:27:16.335+0200] {processor.py:208} INFO - Processing /Users/nampham/.pyenv/versions/3.12.9/lib/python3.12/site-packages/airflow/example_dags/example_latest_only.py took 0.126 seconds
[2025-02-28T18:29:57.896+0200] {processor.py:186} INFO - Started process (PID=94406) to work on /Users/nampham/.pyenv/versions/3.12.9/lib/python3.12/site-packages/airflow/example_dags/example_latest_only.py
[2025-02-28T18:29:57.897+0200] {processor.py:914} INFO - Processing file /Users/nampham/.pyenv/versions/3.12.9/lib/python3.12/site-packages/airflow/example_dags/example_latest_only.py for tasks to queue
[2025-02-28T18:29:57.898+0200] {logging_mixin.py:190} INFO - [2025-02-28T18:29:57.898+0200] {dagbag.py:588} INFO - Filling up the DagBag from /Users/nampham/.pyenv/versions/3.12.9/lib/python3.12/site-packages/airflow/example_dags/example_latest_only.py
[2025-02-28T18:29:57.901+0200] {processor.py:925} INFO - DAG(s) 'latest_only' retrieved from /Users/nampham/.pyenv/versions/3.12.9/lib/python3.12/site-packages/airflow/example_dags/example_latest_only.py
[2025-02-28T18:29:57.973+0200] {logging_mixin.py:190} INFO - [2025-02-28T18:29:57.973+0200] {dag.py:3239} INFO - Sync 1 DAGs
[2025-02-28T18:29:57.980+0200] {logging_mixin.py:190} INFO - [2025-02-28T18:29:57.980+0200] {dag.py:4180} INFO - Setting next_dagrun for latest_only to 2025-02-28 12:00:00+00:00, run_after=2025-02-28 16:00:00+00:00
[2025-02-28T18:29:57.987+0200] {processor.py:208} INFO - Processing /Users/nampham/.pyenv/versions/3.12.9/lib/python3.12/site-packages/airflow/example_dags/example_latest_only.py took 0.093 seconds
[2025-02-28T20:11:42.855+0200] {processor.py:186} INFO - Started process (PID=97456) to work on /Users/nampham/.pyenv/versions/3.12.9/lib/python3.12/site-packages/airflow/example_dags/example_latest_only.py
[2025-02-28T20:11:42.855+0200] {processor.py:914} INFO - Processing file /Users/nampham/.pyenv/versions/3.12.9/lib/python3.12/site-packages/airflow/example_dags/example_latest_only.py for tasks to queue
[2025-02-28T20:11:42.856+0200] {logging_mixin.py:190} INFO - [2025-02-28T20:11:42.856+0200] {dagbag.py:588} INFO - Filling up the DagBag from /Users/nampham/.pyenv/versions/3.12.9/lib/python3.12/site-packages/airflow/example_dags/example_latest_only.py
[2025-02-28T20:11:42.859+0200] {processor.py:925} INFO - DAG(s) 'latest_only' retrieved from /Users/nampham/.pyenv/versions/3.12.9/lib/python3.12/site-packages/airflow/example_dags/example_latest_only.py
[2025-02-28T20:11:42.958+0200] {logging_mixin.py:190} INFO - [2025-02-28T20:11:42.958+0200] {dag.py:3239} INFO - Sync 1 DAGs
[2025-02-28T20:11:42.964+0200] {logging_mixin.py:190} INFO - [2025-02-28T20:11:42.964+0200] {dag.py:4180} INFO - Setting next_dagrun for latest_only to 2025-02-28 12:00:00+00:00, run_after=2025-02-28 16:00:00+00:00
[2025-02-28T20:11:42.971+0200] {processor.py:208} INFO - Processing /Users/nampham/.pyenv/versions/3.12.9/lib/python3.12/site-packages/airflow/example_dags/example_latest_only.py took 0.117 seconds
[2025-02-28T20:13:28.912+0200] {processor.py:186} INFO - Started process (PID=98042) to work on /Users/nampham/.pyenv/versions/3.12.9/lib/python3.12/site-packages/airflow/example_dags/example_latest_only.py
[2025-02-28T20:13:28.913+0200] {processor.py:914} INFO - Processing file /Users/nampham/.pyenv/versions/3.12.9/lib/python3.12/site-packages/airflow/example_dags/example_latest_only.py for tasks to queue
[2025-02-28T20:13:28.914+0200] {logging_mixin.py:190} INFO - [2025-02-28T20:13:28.914+0200] {dagbag.py:588} INFO - Filling up the DagBag from /Users/nampham/.pyenv/versions/3.12.9/lib/python3.12/site-packages/airflow/example_dags/example_latest_only.py
[2025-02-28T20:13:28.916+0200] {processor.py:925} INFO - DAG(s) 'latest_only' retrieved from /Users/nampham/.pyenv/versions/3.12.9/lib/python3.12/site-packages/airflow/example_dags/example_latest_only.py
[2025-02-28T20:13:28.973+0200] {logging_mixin.py:190} INFO - [2025-02-28T20:13:28.973+0200] {dag.py:3239} INFO - Sync 1 DAGs
[2025-02-28T20:13:28.980+0200] {logging_mixin.py:190} INFO - [2025-02-28T20:13:28.980+0200] {dag.py:4180} INFO - Setting next_dagrun for latest_only to 2025-02-28 12:00:00+00:00, run_after=2025-02-28 16:00:00+00:00
[2025-02-28T20:13:28.986+0200] {processor.py:208} INFO - Processing /Users/nampham/.pyenv/versions/3.12.9/lib/python3.12/site-packages/airflow/example_dags/example_latest_only.py took 0.075 seconds
[2025-02-28T20:15:18.508+0200] {processor.py:186} INFO - Started process (PID=98459) to work on /Users/nampham/.pyenv/versions/3.12.9/lib/python3.12/site-packages/airflow/example_dags/example_latest_only.py
[2025-02-28T20:15:18.508+0200] {processor.py:914} INFO - Processing file /Users/nampham/.pyenv/versions/3.12.9/lib/python3.12/site-packages/airflow/example_dags/example_latest_only.py for tasks to queue
[2025-02-28T20:15:18.509+0200] {logging_mixin.py:190} INFO - [2025-02-28T20:15:18.509+0200] {dagbag.py:588} INFO - Filling up the DagBag from /Users/nampham/.pyenv/versions/3.12.9/lib/python3.12/site-packages/airflow/example_dags/example_latest_only.py
[2025-02-28T20:15:18.512+0200] {processor.py:925} INFO - DAG(s) 'latest_only' retrieved from /Users/nampham/.pyenv/versions/3.12.9/lib/python3.12/site-packages/airflow/example_dags/example_latest_only.py
[2025-02-28T20:15:18.572+0200] {logging_mixin.py:190} INFO - [2025-02-28T20:15:18.572+0200] {dag.py:3239} INFO - Sync 1 DAGs
[2025-02-28T20:15:18.579+0200] {logging_mixin.py:190} INFO - [2025-02-28T20:15:18.579+0200] {dag.py:4180} INFO - Setting next_dagrun for latest_only to 2025-02-28 12:00:00+00:00, run_after=2025-02-28 16:00:00+00:00
[2025-02-28T20:15:18.586+0200] {processor.py:208} INFO - Processing /Users/nampham/.pyenv/versions/3.12.9/lib/python3.12/site-packages/airflow/example_dags/example_latest_only.py took 0.080 seconds
[2025-02-28T20:19:10.528+0200] {processor.py:186} INFO - Started process (PID=99408) to work on /Users/nampham/.pyenv/versions/3.12.9/lib/python3.12/site-packages/airflow/example_dags/example_latest_only.py
[2025-02-28T20:19:10.529+0200] {processor.py:914} INFO - Processing file /Users/nampham/.pyenv/versions/3.12.9/lib/python3.12/site-packages/airflow/example_dags/example_latest_only.py for tasks to queue
[2025-02-28T20:19:10.529+0200] {logging_mixin.py:190} INFO - [2025-02-28T20:19:10.529+0200] {dagbag.py:588} INFO - Filling up the DagBag from /Users/nampham/.pyenv/versions/3.12.9/lib/python3.12/site-packages/airflow/example_dags/example_latest_only.py
[2025-02-28T20:19:10.532+0200] {processor.py:925} INFO - DAG(s) 'latest_only' retrieved from /Users/nampham/.pyenv/versions/3.12.9/lib/python3.12/site-packages/airflow/example_dags/example_latest_only.py
[2025-02-28T20:19:10.590+0200] {logging_mixin.py:190} INFO - [2025-02-28T20:19:10.589+0200] {dag.py:3239} INFO - Sync 1 DAGs
[2025-02-28T20:19:10.596+0200] {logging_mixin.py:190} INFO - [2025-02-28T20:19:10.596+0200] {dag.py:4180} INFO - Setting next_dagrun for latest_only to 2025-02-28 12:00:00+00:00, run_after=2025-02-28 16:00:00+00:00
[2025-02-28T20:19:10.602+0200] {processor.py:208} INFO - Processing /Users/nampham/.pyenv/versions/3.12.9/lib/python3.12/site-packages/airflow/example_dags/example_latest_only.py took 0.076 seconds
[2025-02-28T20:21:00.693+0200] {processor.py:186} INFO - Started process (PID=99853) to work on /Users/nampham/.pyenv/versions/3.12.9/lib/python3.12/site-packages/airflow/example_dags/example_latest_only.py
[2025-02-28T20:21:00.694+0200] {processor.py:914} INFO - Processing file /Users/nampham/.pyenv/versions/3.12.9/lib/python3.12/site-packages/airflow/example_dags/example_latest_only.py for tasks to queue
[2025-02-28T20:21:00.694+0200] {logging_mixin.py:190} INFO - [2025-02-28T20:21:00.694+0200] {dagbag.py:588} INFO - Filling up the DagBag from /Users/nampham/.pyenv/versions/3.12.9/lib/python3.12/site-packages/airflow/example_dags/example_latest_only.py
[2025-02-28T20:21:00.697+0200] {processor.py:925} INFO - DAG(s) 'latest_only' retrieved from /Users/nampham/.pyenv/versions/3.12.9/lib/python3.12/site-packages/airflow/example_dags/example_latest_only.py
[2025-02-28T20:21:00.754+0200] {logging_mixin.py:190} INFO - [2025-02-28T20:21:00.754+0200] {dag.py:3239} INFO - Sync 1 DAGs
[2025-02-28T20:21:00.761+0200] {logging_mixin.py:190} INFO - [2025-02-28T20:21:00.761+0200] {dag.py:4180} INFO - Setting next_dagrun for latest_only to 2025-02-28 12:00:00+00:00, run_after=2025-02-28 16:00:00+00:00
[2025-02-28T20:21:00.767+0200] {processor.py:208} INFO - Processing /Users/nampham/.pyenv/versions/3.12.9/lib/python3.12/site-packages/airflow/example_dags/example_latest_only.py took 0.076 seconds
[2025-02-28T21:28:22.757+0200] {processor.py:186} INFO - Started process (PID=5643) to work on /Users/nampham/.pyenv/versions/3.12.9/lib/python3.12/site-packages/airflow/example_dags/example_latest_only.py
[2025-02-28T21:28:22.758+0200] {processor.py:914} INFO - Processing file /Users/nampham/.pyenv/versions/3.12.9/lib/python3.12/site-packages/airflow/example_dags/example_latest_only.py for tasks to queue
[2025-02-28T21:28:22.759+0200] {logging_mixin.py:190} INFO - [2025-02-28T21:28:22.759+0200] {dagbag.py:588} INFO - Filling up the DagBag from /Users/nampham/.pyenv/versions/3.12.9/lib/python3.12/site-packages/airflow/example_dags/example_latest_only.py
[2025-02-28T21:28:22.761+0200] {processor.py:925} INFO - DAG(s) 'latest_only' retrieved from /Users/nampham/.pyenv/versions/3.12.9/lib/python3.12/site-packages/airflow/example_dags/example_latest_only.py
[2025-02-28T21:28:22.818+0200] {logging_mixin.py:190} INFO - [2025-02-28T21:28:22.818+0200] {dag.py:3239} INFO - Sync 1 DAGs
[2025-02-28T21:28:22.825+0200] {logging_mixin.py:190} INFO - [2025-02-28T21:28:22.825+0200] {dag.py:4180} INFO - Setting next_dagrun for latest_only to 2025-02-28 12:00:00+00:00, run_after=2025-02-28 16:00:00+00:00
[2025-02-28T21:28:22.831+0200] {processor.py:208} INFO - Processing /Users/nampham/.pyenv/versions/3.12.9/lib/python3.12/site-packages/airflow/example_dags/example_latest_only.py took 0.076 seconds
[2025-02-28T21:31:08.521+0200] {processor.py:186} INFO - Started process (PID=6290) to work on /Users/nampham/.pyenv/versions/3.12.9/lib/python3.12/site-packages/airflow/example_dags/example_latest_only.py
[2025-02-28T21:31:08.522+0200] {processor.py:914} INFO - Processing file /Users/nampham/.pyenv/versions/3.12.9/lib/python3.12/site-packages/airflow/example_dags/example_latest_only.py for tasks to queue
[2025-02-28T21:31:08.522+0200] {logging_mixin.py:190} INFO - [2025-02-28T21:31:08.522+0200] {dagbag.py:588} INFO - Filling up the DagBag from /Users/nampham/.pyenv/versions/3.12.9/lib/python3.12/site-packages/airflow/example_dags/example_latest_only.py
[2025-02-28T21:31:08.525+0200] {processor.py:925} INFO - DAG(s) 'latest_only' retrieved from /Users/nampham/.pyenv/versions/3.12.9/lib/python3.12/site-packages/airflow/example_dags/example_latest_only.py
[2025-02-28T21:31:08.582+0200] {logging_mixin.py:190} INFO - [2025-02-28T21:31:08.582+0200] {dag.py:3239} INFO - Sync 1 DAGs
[2025-02-28T21:31:08.589+0200] {logging_mixin.py:190} INFO - [2025-02-28T21:31:08.589+0200] {dag.py:4180} INFO - Setting next_dagrun for latest_only to 2025-02-28 12:00:00+00:00, run_after=2025-02-28 16:00:00+00:00
[2025-02-28T21:31:08.595+0200] {processor.py:208} INFO - Processing /Users/nampham/.pyenv/versions/3.12.9/lib/python3.12/site-packages/airflow/example_dags/example_latest_only.py took 0.075 seconds
[2025-02-28T21:32:56.967+0200] {processor.py:186} INFO - Started process (PID=6906) to work on /Users/nampham/.pyenv/versions/3.12.9/lib/python3.12/site-packages/airflow/example_dags/example_latest_only.py
[2025-02-28T21:32:56.967+0200] {processor.py:914} INFO - Processing file /Users/nampham/.pyenv/versions/3.12.9/lib/python3.12/site-packages/airflow/example_dags/example_latest_only.py for tasks to queue
[2025-02-28T21:32:56.968+0200] {logging_mixin.py:190} INFO - [2025-02-28T21:32:56.968+0200] {dagbag.py:588} INFO - Filling up the DagBag from /Users/nampham/.pyenv/versions/3.12.9/lib/python3.12/site-packages/airflow/example_dags/example_latest_only.py
[2025-02-28T21:32:56.970+0200] {processor.py:925} INFO - DAG(s) 'latest_only' retrieved from /Users/nampham/.pyenv/versions/3.12.9/lib/python3.12/site-packages/airflow/example_dags/example_latest_only.py
[2025-02-28T21:32:57.033+0200] {logging_mixin.py:190} INFO - [2025-02-28T21:32:57.032+0200] {dag.py:3239} INFO - Sync 1 DAGs
[2025-02-28T21:32:57.039+0200] {logging_mixin.py:190} INFO - [2025-02-28T21:32:57.039+0200] {dag.py:4180} INFO - Setting next_dagrun for latest_only to 2025-02-28 12:00:00+00:00, run_after=2025-02-28 16:00:00+00:00
[2025-02-28T21:32:57.046+0200] {processor.py:208} INFO - Processing /Users/nampham/.pyenv/versions/3.12.9/lib/python3.12/site-packages/airflow/example_dags/example_latest_only.py took 0.081 seconds
[2025-02-28T21:35:33.472+0200] {processor.py:186} INFO - Started process (PID=7511) to work on /Users/nampham/.pyenv/versions/3.12.9/lib/python3.12/site-packages/airflow/example_dags/example_latest_only.py
[2025-02-28T21:35:33.473+0200] {processor.py:914} INFO - Processing file /Users/nampham/.pyenv/versions/3.12.9/lib/python3.12/site-packages/airflow/example_dags/example_latest_only.py for tasks to queue
[2025-02-28T21:35:33.474+0200] {logging_mixin.py:190} INFO - [2025-02-28T21:35:33.474+0200] {dagbag.py:588} INFO - Filling up the DagBag from /Users/nampham/.pyenv/versions/3.12.9/lib/python3.12/site-packages/airflow/example_dags/example_latest_only.py
[2025-02-28T21:35:33.479+0200] {processor.py:925} INFO - DAG(s) 'latest_only' retrieved from /Users/nampham/.pyenv/versions/3.12.9/lib/python3.12/site-packages/airflow/example_dags/example_latest_only.py
[2025-02-28T21:35:33.618+0200] {logging_mixin.py:190} INFO - [2025-02-28T21:35:33.618+0200] {dag.py:3239} INFO - Sync 1 DAGs
[2025-02-28T21:35:33.637+0200] {logging_mixin.py:190} INFO - [2025-02-28T21:35:33.637+0200] {dag.py:4180} INFO - Setting next_dagrun for latest_only to 2025-02-28 12:00:00+00:00, run_after=2025-02-28 16:00:00+00:00
[2025-02-28T21:35:33.646+0200] {processor.py:208} INFO - Processing /Users/nampham/.pyenv/versions/3.12.9/lib/python3.12/site-packages/airflow/example_dags/example_latest_only.py took 0.176 seconds
[2025-02-28T21:37:31.934+0200] {processor.py:186} INFO - Started process (PID=8004) to work on /Users/nampham/.pyenv/versions/3.12.9/lib/python3.12/site-packages/airflow/example_dags/example_latest_only.py
[2025-02-28T21:37:31.935+0200] {processor.py:914} INFO - Processing file /Users/nampham/.pyenv/versions/3.12.9/lib/python3.12/site-packages/airflow/example_dags/example_latest_only.py for tasks to queue
[2025-02-28T21:37:31.935+0200] {logging_mixin.py:190} INFO - [2025-02-28T21:37:31.935+0200] {dagbag.py:588} INFO - Filling up the DagBag from /Users/nampham/.pyenv/versions/3.12.9/lib/python3.12/site-packages/airflow/example_dags/example_latest_only.py
[2025-02-28T21:37:31.938+0200] {processor.py:925} INFO - DAG(s) 'latest_only' retrieved from /Users/nampham/.pyenv/versions/3.12.9/lib/python3.12/site-packages/airflow/example_dags/example_latest_only.py
[2025-02-28T21:37:32.027+0200] {logging_mixin.py:190} INFO - [2025-02-28T21:37:32.027+0200] {override.py:1930} INFO - Created Permission View: can read on DAG:latest_only
[2025-02-28T21:37:32.030+0200] {logging_mixin.py:190} INFO - [2025-02-28T21:37:32.030+0200] {override.py:1930} INFO - Created Permission View: can edit on DAG:latest_only
[2025-02-28T21:37:32.032+0200] {logging_mixin.py:190} INFO - [2025-02-28T21:37:32.032+0200] {override.py:1930} INFO - Created Permission View: can delete on DAG:latest_only
[2025-02-28T21:37:32.035+0200] {logging_mixin.py:190} INFO - [2025-02-28T21:37:32.035+0200] {override.py:1930} INFO - Created Permission View: can read on DAG Run:latest_only
[2025-02-28T21:37:32.036+0200] {logging_mixin.py:190} INFO - [2025-02-28T21:37:32.036+0200] {override.py:1930} INFO - Created Permission View: menu access on DAG Run:latest_only
[2025-02-28T21:37:32.038+0200] {logging_mixin.py:190} INFO - [2025-02-28T21:37:32.038+0200] {override.py:1930} INFO - Created Permission View: can create on DAG Run:latest_only
[2025-02-28T21:37:32.040+0200] {logging_mixin.py:190} INFO - [2025-02-28T21:37:32.040+0200] {override.py:1930} INFO - Created Permission View: can delete on DAG Run:latest_only
[2025-02-28T21:37:32.040+0200] {logging_mixin.py:190} INFO - [2025-02-28T21:37:32.040+0200] {dag.py:3239} INFO - Sync 1 DAGs
[2025-02-28T21:37:32.044+0200] {logging_mixin.py:190} INFO - [2025-02-28T21:37:32.044+0200] {dag.py:3262} INFO - Creating ORM DAG for latest_only
[2025-02-28T21:37:32.046+0200] {logging_mixin.py:190} INFO - [2025-02-28T21:37:32.046+0200] {dag.py:4180} INFO - Setting next_dagrun for latest_only to 2025-02-28 12:00:00+00:00, run_after=2025-02-28 16:00:00+00:00
[2025-02-28T21:37:32.052+0200] {processor.py:208} INFO - Processing /Users/nampham/.pyenv/versions/3.12.9/lib/python3.12/site-packages/airflow/example_dags/example_latest_only.py took 0.119 seconds
[2025-02-28T21:39:21.449+0200] {processor.py:186} INFO - Started process (PID=8428) to work on /Users/nampham/.pyenv/versions/3.12.9/lib/python3.12/site-packages/airflow/example_dags/example_latest_only.py
[2025-02-28T21:39:21.450+0200] {processor.py:914} INFO - Processing file /Users/nampham/.pyenv/versions/3.12.9/lib/python3.12/site-packages/airflow/example_dags/example_latest_only.py for tasks to queue
[2025-02-28T21:39:21.450+0200] {logging_mixin.py:190} INFO - [2025-02-28T21:39:21.450+0200] {dagbag.py:588} INFO - Filling up the DagBag from /Users/nampham/.pyenv/versions/3.12.9/lib/python3.12/site-packages/airflow/example_dags/example_latest_only.py
[2025-02-28T21:39:21.453+0200] {processor.py:925} INFO - DAG(s) 'latest_only' retrieved from /Users/nampham/.pyenv/versions/3.12.9/lib/python3.12/site-packages/airflow/example_dags/example_latest_only.py
[2025-02-28T21:39:21.511+0200] {logging_mixin.py:190} INFO - [2025-02-28T21:39:21.511+0200] {dag.py:3239} INFO - Sync 1 DAGs
[2025-02-28T21:39:21.518+0200] {logging_mixin.py:190} INFO - [2025-02-28T21:39:21.518+0200] {dag.py:4180} INFO - Setting next_dagrun for latest_only to 2025-02-28 12:00:00+00:00, run_after=2025-02-28 16:00:00+00:00
[2025-02-28T21:39:21.524+0200] {processor.py:208} INFO - Processing /Users/nampham/.pyenv/versions/3.12.9/lib/python3.12/site-packages/airflow/example_dags/example_latest_only.py took 0.076 seconds
[2025-02-28T22:28:25.111+0200] {processor.py:186} INFO - Started process (PID=18223) to work on /Users/nampham/.pyenv/versions/3.12.9/lib/python3.12/site-packages/airflow/example_dags/example_latest_only.py
[2025-02-28T22:28:25.113+0200] {processor.py:914} INFO - Processing file /Users/nampham/.pyenv/versions/3.12.9/lib/python3.12/site-packages/airflow/example_dags/example_latest_only.py for tasks to queue
[2025-02-28T22:28:25.113+0200] {logging_mixin.py:190} INFO - [2025-02-28T22:28:25.113+0200] {dagbag.py:588} INFO - Filling up the DagBag from /Users/nampham/.pyenv/versions/3.12.9/lib/python3.12/site-packages/airflow/example_dags/example_latest_only.py
[2025-02-28T22:28:25.116+0200] {processor.py:925} INFO - DAG(s) 'latest_only' retrieved from /Users/nampham/.pyenv/versions/3.12.9/lib/python3.12/site-packages/airflow/example_dags/example_latest_only.py
[2025-02-28T22:28:25.210+0200] {logging_mixin.py:190} INFO - [2025-02-28T22:28:25.210+0200] {override.py:1930} INFO - Created Permission View: can edit on DAG:latest_only
[2025-02-28T22:28:25.213+0200] {logging_mixin.py:190} INFO - [2025-02-28T22:28:25.213+0200] {override.py:1930} INFO - Created Permission View: can delete on DAG:latest_only
[2025-02-28T22:28:25.215+0200] {logging_mixin.py:190} INFO - [2025-02-28T22:28:25.215+0200] {override.py:1930} INFO - Created Permission View: can read on DAG:latest_only
[2025-02-28T22:28:25.217+0200] {logging_mixin.py:190} INFO - [2025-02-28T22:28:25.217+0200] {override.py:1930} INFO - Created Permission View: can create on DAG Run:latest_only
[2025-02-28T22:28:25.219+0200] {logging_mixin.py:190} INFO - [2025-02-28T22:28:25.219+0200] {override.py:1930} INFO - Created Permission View: can delete on DAG Run:latest_only
[2025-02-28T22:28:25.221+0200] {logging_mixin.py:190} INFO - [2025-02-28T22:28:25.221+0200] {override.py:1930} INFO - Created Permission View: menu access on DAG Run:latest_only
[2025-02-28T22:28:25.223+0200] {logging_mixin.py:190} INFO - [2025-02-28T22:28:25.223+0200] {override.py:1930} INFO - Created Permission View: can read on DAG Run:latest_only
[2025-02-28T22:28:25.223+0200] {logging_mixin.py:190} INFO - [2025-02-28T22:28:25.223+0200] {dag.py:3239} INFO - Sync 1 DAGs
[2025-02-28T22:28:25.227+0200] {logging_mixin.py:190} INFO - [2025-02-28T22:28:25.227+0200] {dag.py:3262} INFO - Creating ORM DAG for latest_only
[2025-02-28T22:28:25.229+0200] {logging_mixin.py:190} INFO - [2025-02-28T22:28:25.229+0200] {dag.py:4180} INFO - Setting next_dagrun for latest_only to 2025-02-28 16:00:00+00:00, run_after=2025-02-28 20:00:00+00:00
[2025-02-28T22:28:25.234+0200] {processor.py:208} INFO - Processing /Users/nampham/.pyenv/versions/3.12.9/lib/python3.12/site-packages/airflow/example_dags/example_latest_only.py took 0.124 seconds
[2025-02-28T22:36:28.891+0200] {processor.py:186} INFO - Started process (PID=19875) to work on /Users/nampham/.pyenv/versions/3.12.9/lib/python3.12/site-packages/airflow/example_dags/example_latest_only.py
[2025-02-28T22:36:28.892+0200] {processor.py:914} INFO - Processing file /Users/nampham/.pyenv/versions/3.12.9/lib/python3.12/site-packages/airflow/example_dags/example_latest_only.py for tasks to queue
[2025-02-28T22:36:28.892+0200] {logging_mixin.py:190} INFO - [2025-02-28T22:36:28.892+0200] {dagbag.py:588} INFO - Filling up the DagBag from /Users/nampham/.pyenv/versions/3.12.9/lib/python3.12/site-packages/airflow/example_dags/example_latest_only.py
[2025-02-28T22:36:28.895+0200] {processor.py:925} INFO - DAG(s) 'latest_only' retrieved from /Users/nampham/.pyenv/versions/3.12.9/lib/python3.12/site-packages/airflow/example_dags/example_latest_only.py
[2025-02-28T22:36:28.982+0200] {logging_mixin.py:190} INFO - [2025-02-28T22:36:28.982+0200] {override.py:1930} INFO - Created Permission View: can read on DAG:latest_only
[2025-02-28T22:36:28.985+0200] {logging_mixin.py:190} INFO - [2025-02-28T22:36:28.985+0200] {override.py:1930} INFO - Created Permission View: can edit on DAG:latest_only
[2025-02-28T22:36:28.986+0200] {logging_mixin.py:190} INFO - [2025-02-28T22:36:28.986+0200] {override.py:1930} INFO - Created Permission View: can delete on DAG:latest_only
[2025-02-28T22:36:28.989+0200] {logging_mixin.py:190} INFO - [2025-02-28T22:36:28.989+0200] {override.py:1930} INFO - Created Permission View: can read on DAG Run:latest_only
[2025-02-28T22:36:28.991+0200] {logging_mixin.py:190} INFO - [2025-02-28T22:36:28.990+0200] {override.py:1930} INFO - Created Permission View: menu access on DAG Run:latest_only
[2025-02-28T22:36:28.992+0200] {logging_mixin.py:190} INFO - [2025-02-28T22:36:28.992+0200] {override.py:1930} INFO - Created Permission View: can create on DAG Run:latest_only
[2025-02-28T22:36:28.994+0200] {logging_mixin.py:190} INFO - [2025-02-28T22:36:28.994+0200] {override.py:1930} INFO - Created Permission View: can delete on DAG Run:latest_only
[2025-02-28T22:36:28.994+0200] {logging_mixin.py:190} INFO - [2025-02-28T22:36:28.994+0200] {dag.py:3239} INFO - Sync 1 DAGs
[2025-02-28T22:36:28.998+0200] {logging_mixin.py:190} INFO - [2025-02-28T22:36:28.998+0200] {dag.py:3262} INFO - Creating ORM DAG for latest_only
[2025-02-28T22:36:29.000+0200] {logging_mixin.py:190} INFO - [2025-02-28T22:36:29.000+0200] {dag.py:4180} INFO - Setting next_dagrun for latest_only to 2025-02-28 16:00:00+00:00, run_after=2025-02-28 20:00:00+00:00
[2025-02-28T22:36:29.006+0200] {processor.py:208} INFO - Processing /Users/nampham/.pyenv/versions/3.12.9/lib/python3.12/site-packages/airflow/example_dags/example_latest_only.py took 0.117 seconds
[2025-02-28T22:38:43.287+0200] {processor.py:186} INFO - Started process (PID=20363) to work on /Users/nampham/.pyenv/versions/3.12.9/lib/python3.12/site-packages/airflow/example_dags/example_latest_only.py
[2025-02-28T22:38:43.288+0200] {processor.py:914} INFO - Processing file /Users/nampham/.pyenv/versions/3.12.9/lib/python3.12/site-packages/airflow/example_dags/example_latest_only.py for tasks to queue
[2025-02-28T22:38:43.289+0200] {logging_mixin.py:190} INFO - [2025-02-28T22:38:43.289+0200] {dagbag.py:588} INFO - Filling up the DagBag from /Users/nampham/.pyenv/versions/3.12.9/lib/python3.12/site-packages/airflow/example_dags/example_latest_only.py
[2025-02-28T22:38:43.291+0200] {processor.py:925} INFO - DAG(s) 'latest_only' retrieved from /Users/nampham/.pyenv/versions/3.12.9/lib/python3.12/site-packages/airflow/example_dags/example_latest_only.py
[2025-02-28T22:38:43.348+0200] {logging_mixin.py:190} INFO - [2025-02-28T22:38:43.348+0200] {dag.py:3239} INFO - Sync 1 DAGs
[2025-02-28T22:38:43.354+0200] {logging_mixin.py:190} INFO - [2025-02-28T22:38:43.354+0200] {dag.py:4180} INFO - Setting next_dagrun for latest_only to 2025-02-28 16:00:00+00:00, run_after=2025-02-28 20:00:00+00:00
[2025-02-28T22:38:43.361+0200] {processor.py:208} INFO - Processing /Users/nampham/.pyenv/versions/3.12.9/lib/python3.12/site-packages/airflow/example_dags/example_latest_only.py took 0.075 seconds
[2025-02-28T22:41:31.392+0200] {processor.py:186} INFO - Started process (PID=20917) to work on /Users/nampham/.pyenv/versions/3.12.9/lib/python3.12/site-packages/airflow/example_dags/example_latest_only.py
[2025-02-28T22:41:31.393+0200] {processor.py:914} INFO - Processing file /Users/nampham/.pyenv/versions/3.12.9/lib/python3.12/site-packages/airflow/example_dags/example_latest_only.py for tasks to queue
[2025-02-28T22:41:31.393+0200] {logging_mixin.py:190} INFO - [2025-02-28T22:41:31.393+0200] {dagbag.py:588} INFO - Filling up the DagBag from /Users/nampham/.pyenv/versions/3.12.9/lib/python3.12/site-packages/airflow/example_dags/example_latest_only.py
[2025-02-28T22:41:31.396+0200] {processor.py:925} INFO - DAG(s) 'latest_only' retrieved from /Users/nampham/.pyenv/versions/3.12.9/lib/python3.12/site-packages/airflow/example_dags/example_latest_only.py
[2025-02-28T22:41:31.453+0200] {logging_mixin.py:190} INFO - [2025-02-28T22:41:31.453+0200] {dag.py:3239} INFO - Sync 1 DAGs
[2025-02-28T22:41:31.459+0200] {logging_mixin.py:190} INFO - [2025-02-28T22:41:31.459+0200] {dag.py:4180} INFO - Setting next_dagrun for latest_only to 2025-02-28 16:00:00+00:00, run_after=2025-02-28 20:00:00+00:00
[2025-02-28T22:41:31.466+0200] {processor.py:208} INFO - Processing /Users/nampham/.pyenv/versions/3.12.9/lib/python3.12/site-packages/airflow/example_dags/example_latest_only.py took 0.075 seconds
[2025-02-28T22:44:00.930+0200] {processor.py:186} INFO - Started process (PID=21471) to work on /Users/nampham/.pyenv/versions/3.12.9/lib/python3.12/site-packages/airflow/example_dags/example_latest_only.py
[2025-02-28T22:44:00.931+0200] {processor.py:914} INFO - Processing file /Users/nampham/.pyenv/versions/3.12.9/lib/python3.12/site-packages/airflow/example_dags/example_latest_only.py for tasks to queue
[2025-02-28T22:44:00.931+0200] {logging_mixin.py:190} INFO - [2025-02-28T22:44:00.931+0200] {dagbag.py:588} INFO - Filling up the DagBag from /Users/nampham/.pyenv/versions/3.12.9/lib/python3.12/site-packages/airflow/example_dags/example_latest_only.py
[2025-02-28T22:44:00.934+0200] {processor.py:925} INFO - DAG(s) 'latest_only' retrieved from /Users/nampham/.pyenv/versions/3.12.9/lib/python3.12/site-packages/airflow/example_dags/example_latest_only.py
[2025-02-28T22:44:00.995+0200] {logging_mixin.py:190} INFO - [2025-02-28T22:44:00.995+0200] {dag.py:3239} INFO - Sync 1 DAGs
[2025-02-28T22:44:01.002+0200] {logging_mixin.py:190} INFO - [2025-02-28T22:44:01.002+0200] {dag.py:4180} INFO - Setting next_dagrun for latest_only to 2025-02-28 16:00:00+00:00, run_after=2025-02-28 20:00:00+00:00
[2025-02-28T22:44:01.008+0200] {processor.py:208} INFO - Processing /Users/nampham/.pyenv/versions/3.12.9/lib/python3.12/site-packages/airflow/example_dags/example_latest_only.py took 0.080 seconds
[2025-02-28T22:47:01.737+0200] {processor.py:186} INFO - Started process (PID=22076) to work on /Users/nampham/.pyenv/versions/3.12.9/lib/python3.12/site-packages/airflow/example_dags/example_latest_only.py
[2025-02-28T22:47:01.738+0200] {processor.py:914} INFO - Processing file /Users/nampham/.pyenv/versions/3.12.9/lib/python3.12/site-packages/airflow/example_dags/example_latest_only.py for tasks to queue
[2025-02-28T22:47:01.738+0200] {logging_mixin.py:190} INFO - [2025-02-28T22:47:01.738+0200] {dagbag.py:588} INFO - Filling up the DagBag from /Users/nampham/.pyenv/versions/3.12.9/lib/python3.12/site-packages/airflow/example_dags/example_latest_only.py
[2025-02-28T22:47:01.741+0200] {processor.py:925} INFO - DAG(s) 'latest_only' retrieved from /Users/nampham/.pyenv/versions/3.12.9/lib/python3.12/site-packages/airflow/example_dags/example_latest_only.py
[2025-02-28T22:47:01.797+0200] {logging_mixin.py:190} INFO - [2025-02-28T22:47:01.797+0200] {dag.py:3239} INFO - Sync 1 DAGs
[2025-02-28T22:47:01.804+0200] {logging_mixin.py:190} INFO - [2025-02-28T22:47:01.804+0200] {dag.py:4180} INFO - Setting next_dagrun for latest_only to 2025-02-28 16:00:00+00:00, run_after=2025-02-28 20:00:00+00:00
[2025-02-28T22:47:01.810+0200] {processor.py:208} INFO - Processing /Users/nampham/.pyenv/versions/3.12.9/lib/python3.12/site-packages/airflow/example_dags/example_latest_only.py took 0.074 seconds
[2025-02-28T22:55:26.726+0200] {processor.py:186} INFO - Started process (PID=22854) to work on /Users/nampham/.pyenv/versions/3.12.9/lib/python3.12/site-packages/airflow/example_dags/example_latest_only.py
[2025-02-28T22:55:26.726+0200] {processor.py:914} INFO - Processing file /Users/nampham/.pyenv/versions/3.12.9/lib/python3.12/site-packages/airflow/example_dags/example_latest_only.py for tasks to queue
[2025-02-28T22:55:26.727+0200] {logging_mixin.py:190} INFO - [2025-02-28T22:55:26.727+0200] {dagbag.py:588} INFO - Filling up the DagBag from /Users/nampham/.pyenv/versions/3.12.9/lib/python3.12/site-packages/airflow/example_dags/example_latest_only.py
[2025-02-28T22:55:26.729+0200] {processor.py:925} INFO - DAG(s) 'latest_only' retrieved from /Users/nampham/.pyenv/versions/3.12.9/lib/python3.12/site-packages/airflow/example_dags/example_latest_only.py
[2025-02-28T22:55:26.788+0200] {logging_mixin.py:190} INFO - [2025-02-28T22:55:26.787+0200] {dag.py:3239} INFO - Sync 1 DAGs
[2025-02-28T22:55:26.794+0200] {logging_mixin.py:190} INFO - [2025-02-28T22:55:26.794+0200] {dag.py:4180} INFO - Setting next_dagrun for latest_only to 2025-02-28 16:00:00+00:00, run_after=2025-02-28 20:00:00+00:00
[2025-02-28T22:55:26.800+0200] {processor.py:208} INFO - Processing /Users/nampham/.pyenv/versions/3.12.9/lib/python3.12/site-packages/airflow/example_dags/example_latest_only.py took 0.075 seconds
[2025-02-28T22:58:17.898+0200] {processor.py:186} INFO - Started process (PID=23416) to work on /Users/nampham/.pyenv/versions/3.12.9/lib/python3.12/site-packages/airflow/example_dags/example_latest_only.py
[2025-02-28T22:58:17.899+0200] {processor.py:914} INFO - Processing file /Users/nampham/.pyenv/versions/3.12.9/lib/python3.12/site-packages/airflow/example_dags/example_latest_only.py for tasks to queue
[2025-02-28T22:58:17.899+0200] {logging_mixin.py:190} INFO - [2025-02-28T22:58:17.899+0200] {dagbag.py:588} INFO - Filling up the DagBag from /Users/nampham/.pyenv/versions/3.12.9/lib/python3.12/site-packages/airflow/example_dags/example_latest_only.py
[2025-02-28T22:58:17.902+0200] {processor.py:925} INFO - DAG(s) 'latest_only' retrieved from /Users/nampham/.pyenv/versions/3.12.9/lib/python3.12/site-packages/airflow/example_dags/example_latest_only.py
[2025-02-28T22:58:17.958+0200] {logging_mixin.py:190} INFO - [2025-02-28T22:58:17.958+0200] {dag.py:3239} INFO - Sync 1 DAGs
[2025-02-28T22:58:17.964+0200] {logging_mixin.py:190} INFO - [2025-02-28T22:58:17.964+0200] {dag.py:4180} INFO - Setting next_dagrun for latest_only to 2025-02-28 16:00:00+00:00, run_after=2025-02-28 20:00:00+00:00
[2025-02-28T22:58:17.970+0200] {processor.py:208} INFO - Processing /Users/nampham/.pyenv/versions/3.12.9/lib/python3.12/site-packages/airflow/example_dags/example_latest_only.py took 0.073 seconds
[2025-02-28T23:01:14.892+0200] {processor.py:186} INFO - Started process (PID=24021) to work on /Users/nampham/.pyenv/versions/3.12.9/lib/python3.12/site-packages/airflow/example_dags/example_latest_only.py
[2025-02-28T23:01:14.893+0200] {processor.py:914} INFO - Processing file /Users/nampham/.pyenv/versions/3.12.9/lib/python3.12/site-packages/airflow/example_dags/example_latest_only.py for tasks to queue
[2025-02-28T23:01:14.894+0200] {logging_mixin.py:190} INFO - [2025-02-28T23:01:14.894+0200] {dagbag.py:588} INFO - Filling up the DagBag from /Users/nampham/.pyenv/versions/3.12.9/lib/python3.12/site-packages/airflow/example_dags/example_latest_only.py
[2025-02-28T23:01:14.896+0200] {processor.py:925} INFO - DAG(s) 'latest_only' retrieved from /Users/nampham/.pyenv/versions/3.12.9/lib/python3.12/site-packages/airflow/example_dags/example_latest_only.py
[2025-02-28T23:01:14.952+0200] {logging_mixin.py:190} INFO - [2025-02-28T23:01:14.952+0200] {dag.py:3239} INFO - Sync 1 DAGs
[2025-02-28T23:01:14.959+0200] {logging_mixin.py:190} INFO - [2025-02-28T23:01:14.959+0200] {dag.py:4180} INFO - Setting next_dagrun for latest_only to 2025-02-28 16:00:00+00:00, run_after=2025-02-28 20:00:00+00:00
[2025-02-28T23:01:14.965+0200] {processor.py:208} INFO - Processing /Users/nampham/.pyenv/versions/3.12.9/lib/python3.12/site-packages/airflow/example_dags/example_latest_only.py took 0.074 seconds
