[2025-02-28T18:24:45.945+0200] {processor.py:186} INFO - Started process (PID=93141) to work on /Users/nampham/.pyenv/versions/3.12.9/lib/python3.12/site-packages/airflow/example_dags/example_trigger_controller_dag.py
[2025-02-28T18:24:45.945+0200] {processor.py:914} INFO - Processing file /Users/nampham/.pyenv/versions/3.12.9/lib/python3.12/site-packages/airflow/example_dags/example_trigger_controller_dag.py for tasks to queue
[2025-02-28T18:24:45.946+0200] {logging_mixin.py:190} INFO - [2025-02-28T18:24:45.946+0200] {dagbag.py:588} INFO - Filling up the DagBag from /Users/nampham/.pyenv/versions/3.12.9/lib/python3.12/site-packages/airflow/example_dags/example_trigger_controller_dag.py
[2025-02-28T18:24:45.951+0200] {processor.py:925} INFO - DAG(s) 'example_trigger_controller_dag' retrieved from /Users/nampham/.pyenv/versions/3.12.9/lib/python3.12/site-packages/airflow/example_dags/example_trigger_controller_dag.py
[2025-02-28T18:24:46.046+0200] {logging_mixin.py:190} INFO - [2025-02-28T18:24:46.046+0200] {override.py:1930} INFO - Created Permission View: can delete on DAG:example_trigger_controller_dag
[2025-02-28T18:24:46.049+0200] {logging_mixin.py:190} INFO - [2025-02-28T18:24:46.049+0200] {override.py:1930} INFO - Created Permission View: can edit on DAG:example_trigger_controller_dag
[2025-02-28T18:24:46.051+0200] {logging_mixin.py:190} INFO - [2025-02-28T18:24:46.051+0200] {override.py:1930} INFO - Created Permission View: can read on DAG:example_trigger_controller_dag
[2025-02-28T18:24:46.054+0200] {logging_mixin.py:190} INFO - [2025-02-28T18:24:46.054+0200] {override.py:1930} INFO - Created Permission View: can create on DAG Run:example_trigger_controller_dag
[2025-02-28T18:24:46.055+0200] {logging_mixin.py:190} INFO - [2025-02-28T18:24:46.055+0200] {override.py:1930} INFO - Created Permission View: menu access on DAG Run:example_trigger_controller_dag
[2025-02-28T18:24:46.057+0200] {logging_mixin.py:190} INFO - [2025-02-28T18:24:46.057+0200] {override.py:1930} INFO - Created Permission View: can delete on DAG Run:example_trigger_controller_dag
[2025-02-28T18:24:46.059+0200] {logging_mixin.py:190} INFO - [2025-02-28T18:24:46.059+0200] {override.py:1930} INFO - Created Permission View: can read on DAG Run:example_trigger_controller_dag
[2025-02-28T18:24:46.059+0200] {logging_mixin.py:190} INFO - [2025-02-28T18:24:46.059+0200] {dag.py:3239} INFO - Sync 1 DAGs
[2025-02-28T18:24:46.063+0200] {logging_mixin.py:190} INFO - [2025-02-28T18:24:46.063+0200] {dag.py:3262} INFO - Creating ORM DAG for example_trigger_controller_dag
[2025-02-28T18:24:46.065+0200] {logging_mixin.py:190} INFO - [2025-02-28T18:24:46.065+0200] {dag.py:4180} INFO - Setting next_dagrun for example_trigger_controller_dag to 2021-01-01 00:00:00+00:00, run_after=2021-01-01 00:00:00+00:00
[2025-02-28T18:24:46.071+0200] {processor.py:208} INFO - Processing /Users/nampham/.pyenv/versions/3.12.9/lib/python3.12/site-packages/airflow/example_dags/example_trigger_controller_dag.py took 0.127 seconds
[2025-02-28T18:26:34.033+0200] {processor.py:186} INFO - Started process (PID=93603) to work on /Users/nampham/.pyenv/versions/3.12.9/lib/python3.12/site-packages/airflow/example_dags/example_trigger_controller_dag.py
[2025-02-28T18:26:34.034+0200] {processor.py:914} INFO - Processing file /Users/nampham/.pyenv/versions/3.12.9/lib/python3.12/site-packages/airflow/example_dags/example_trigger_controller_dag.py for tasks to queue
[2025-02-28T18:26:34.035+0200] {logging_mixin.py:190} INFO - [2025-02-28T18:26:34.035+0200] {dagbag.py:588} INFO - Filling up the DagBag from /Users/nampham/.pyenv/versions/3.12.9/lib/python3.12/site-packages/airflow/example_dags/example_trigger_controller_dag.py
[2025-02-28T18:26:34.039+0200] {processor.py:925} INFO - DAG(s) 'example_trigger_controller_dag' retrieved from /Users/nampham/.pyenv/versions/3.12.9/lib/python3.12/site-packages/airflow/example_dags/example_trigger_controller_dag.py
[2025-02-28T18:26:34.095+0200] {logging_mixin.py:190} INFO - [2025-02-28T18:26:34.095+0200] {dag.py:3239} INFO - Sync 1 DAGs
[2025-02-28T18:26:34.101+0200] {logging_mixin.py:190} INFO - [2025-02-28T18:26:34.101+0200] {dag.py:4180} INFO - Setting next_dagrun for example_trigger_controller_dag to 2021-01-01 00:00:00+00:00, run_after=2021-01-01 00:00:00+00:00
[2025-02-28T18:26:34.107+0200] {processor.py:208} INFO - Processing /Users/nampham/.pyenv/versions/3.12.9/lib/python3.12/site-packages/airflow/example_dags/example_trigger_controller_dag.py took 0.075 seconds
[2025-02-28T18:27:53.977+0200] {processor.py:186} INFO - Started process (PID=93911) to work on /Users/nampham/.pyenv/versions/3.12.9/lib/python3.12/site-packages/airflow/example_dags/example_trigger_controller_dag.py
[2025-02-28T18:27:53.978+0200] {processor.py:914} INFO - Processing file /Users/nampham/.pyenv/versions/3.12.9/lib/python3.12/site-packages/airflow/example_dags/example_trigger_controller_dag.py for tasks to queue
[2025-02-28T18:27:53.978+0200] {logging_mixin.py:190} INFO - [2025-02-28T18:27:53.978+0200] {dagbag.py:588} INFO - Filling up the DagBag from /Users/nampham/.pyenv/versions/3.12.9/lib/python3.12/site-packages/airflow/example_dags/example_trigger_controller_dag.py
[2025-02-28T18:27:53.983+0200] {processor.py:925} INFO - DAG(s) 'example_trigger_controller_dag' retrieved from /Users/nampham/.pyenv/versions/3.12.9/lib/python3.12/site-packages/airflow/example_dags/example_trigger_controller_dag.py
[2025-02-28T18:27:54.038+0200] {logging_mixin.py:190} INFO - [2025-02-28T18:27:54.038+0200] {dag.py:3239} INFO - Sync 1 DAGs
[2025-02-28T18:27:54.044+0200] {logging_mixin.py:190} INFO - [2025-02-28T18:27:54.044+0200] {dag.py:4180} INFO - Setting next_dagrun for example_trigger_controller_dag to 2021-01-01 00:00:00+00:00, run_after=2021-01-01 00:00:00+00:00
[2025-02-28T18:27:54.051+0200] {processor.py:208} INFO - Processing /Users/nampham/.pyenv/versions/3.12.9/lib/python3.12/site-packages/airflow/example_dags/example_trigger_controller_dag.py took 0.076 seconds
[2025-02-28T18:29:15.259+0200] {processor.py:186} INFO - Started process (PID=94251) to work on /Users/nampham/.pyenv/versions/3.12.9/lib/python3.12/site-packages/airflow/example_dags/example_trigger_controller_dag.py
[2025-02-28T18:29:15.260+0200] {processor.py:914} INFO - Processing file /Users/nampham/.pyenv/versions/3.12.9/lib/python3.12/site-packages/airflow/example_dags/example_trigger_controller_dag.py for tasks to queue
[2025-02-28T18:29:15.260+0200] {logging_mixin.py:190} INFO - [2025-02-28T18:29:15.260+0200] {dagbag.py:588} INFO - Filling up the DagBag from /Users/nampham/.pyenv/versions/3.12.9/lib/python3.12/site-packages/airflow/example_dags/example_trigger_controller_dag.py
[2025-02-28T18:29:15.266+0200] {processor.py:925} INFO - DAG(s) 'example_trigger_controller_dag' retrieved from /Users/nampham/.pyenv/versions/3.12.9/lib/python3.12/site-packages/airflow/example_dags/example_trigger_controller_dag.py
[2025-02-28T18:29:15.337+0200] {logging_mixin.py:190} INFO - [2025-02-28T18:29:15.337+0200] {dag.py:3239} INFO - Sync 1 DAGs
[2025-02-28T18:29:15.344+0200] {logging_mixin.py:190} INFO - [2025-02-28T18:29:15.344+0200] {dag.py:4180} INFO - Setting next_dagrun for example_trigger_controller_dag to 2021-01-01 00:00:00+00:00, run_after=2021-01-01 00:00:00+00:00
[2025-02-28T18:29:15.352+0200] {processor.py:208} INFO - Processing /Users/nampham/.pyenv/versions/3.12.9/lib/python3.12/site-packages/airflow/example_dags/example_trigger_controller_dag.py took 0.095 seconds
[2025-02-28T20:10:59.428+0200] {processor.py:186} INFO - Started process (PID=97253) to work on /Users/nampham/.pyenv/versions/3.12.9/lib/python3.12/site-packages/airflow/example_dags/example_trigger_controller_dag.py
[2025-02-28T20:10:59.429+0200] {processor.py:914} INFO - Processing file /Users/nampham/.pyenv/versions/3.12.9/lib/python3.12/site-packages/airflow/example_dags/example_trigger_controller_dag.py for tasks to queue
[2025-02-28T20:10:59.430+0200] {logging_mixin.py:190} INFO - [2025-02-28T20:10:59.430+0200] {dagbag.py:588} INFO - Filling up the DagBag from /Users/nampham/.pyenv/versions/3.12.9/lib/python3.12/site-packages/airflow/example_dags/example_trigger_controller_dag.py
[2025-02-28T20:10:59.435+0200] {processor.py:925} INFO - DAG(s) 'example_trigger_controller_dag' retrieved from /Users/nampham/.pyenv/versions/3.12.9/lib/python3.12/site-packages/airflow/example_dags/example_trigger_controller_dag.py
[2025-02-28T20:10:59.521+0200] {logging_mixin.py:190} INFO - [2025-02-28T20:10:59.521+0200] {dag.py:3239} INFO - Sync 1 DAGs
[2025-02-28T20:10:59.526+0200] {logging_mixin.py:190} INFO - [2025-02-28T20:10:59.526+0200] {dag.py:4180} INFO - Setting next_dagrun for example_trigger_controller_dag to 2021-01-01 00:00:00+00:00, run_after=2021-01-01 00:00:00+00:00
[2025-02-28T20:10:59.532+0200] {processor.py:208} INFO - Processing /Users/nampham/.pyenv/versions/3.12.9/lib/python3.12/site-packages/airflow/example_dags/example_trigger_controller_dag.py took 0.106 seconds
[2025-02-28T20:12:47.960+0200] {processor.py:186} INFO - Started process (PID=97860) to work on /Users/nampham/.pyenv/versions/3.12.9/lib/python3.12/site-packages/airflow/example_dags/example_trigger_controller_dag.py
[2025-02-28T20:12:47.962+0200] {processor.py:914} INFO - Processing file /Users/nampham/.pyenv/versions/3.12.9/lib/python3.12/site-packages/airflow/example_dags/example_trigger_controller_dag.py for tasks to queue
[2025-02-28T20:12:47.962+0200] {logging_mixin.py:190} INFO - [2025-02-28T20:12:47.962+0200] {dagbag.py:588} INFO - Filling up the DagBag from /Users/nampham/.pyenv/versions/3.12.9/lib/python3.12/site-packages/airflow/example_dags/example_trigger_controller_dag.py
[2025-02-28T20:12:47.967+0200] {processor.py:925} INFO - DAG(s) 'example_trigger_controller_dag' retrieved from /Users/nampham/.pyenv/versions/3.12.9/lib/python3.12/site-packages/airflow/example_dags/example_trigger_controller_dag.py
[2025-02-28T20:12:48.023+0200] {logging_mixin.py:190} INFO - [2025-02-28T20:12:48.023+0200] {dag.py:3239} INFO - Sync 1 DAGs
[2025-02-28T20:12:48.030+0200] {logging_mixin.py:190} INFO - [2025-02-28T20:12:48.030+0200] {dag.py:4180} INFO - Setting next_dagrun for example_trigger_controller_dag to 2021-01-01 00:00:00+00:00, run_after=2021-01-01 00:00:00+00:00
[2025-02-28T20:12:48.036+0200] {processor.py:208} INFO - Processing /Users/nampham/.pyenv/versions/3.12.9/lib/python3.12/site-packages/airflow/example_dags/example_trigger_controller_dag.py took 0.078 seconds
[2025-02-28T20:14:37.476+0200] {processor.py:186} INFO - Started process (PID=98312) to work on /Users/nampham/.pyenv/versions/3.12.9/lib/python3.12/site-packages/airflow/example_dags/example_trigger_controller_dag.py
[2025-02-28T20:14:37.476+0200] {processor.py:914} INFO - Processing file /Users/nampham/.pyenv/versions/3.12.9/lib/python3.12/site-packages/airflow/example_dags/example_trigger_controller_dag.py for tasks to queue
[2025-02-28T20:14:37.477+0200] {logging_mixin.py:190} INFO - [2025-02-28T20:14:37.477+0200] {dagbag.py:588} INFO - Filling up the DagBag from /Users/nampham/.pyenv/versions/3.12.9/lib/python3.12/site-packages/airflow/example_dags/example_trigger_controller_dag.py
[2025-02-28T20:14:37.481+0200] {processor.py:925} INFO - DAG(s) 'example_trigger_controller_dag' retrieved from /Users/nampham/.pyenv/versions/3.12.9/lib/python3.12/site-packages/airflow/example_dags/example_trigger_controller_dag.py
[2025-02-28T20:14:37.536+0200] {logging_mixin.py:190} INFO - [2025-02-28T20:14:37.536+0200] {dag.py:3239} INFO - Sync 1 DAGs
[2025-02-28T20:14:37.542+0200] {logging_mixin.py:190} INFO - [2025-02-28T20:14:37.542+0200] {dag.py:4180} INFO - Setting next_dagrun for example_trigger_controller_dag to 2021-01-01 00:00:00+00:00, run_after=2021-01-01 00:00:00+00:00
[2025-02-28T20:14:37.548+0200] {processor.py:208} INFO - Processing /Users/nampham/.pyenv/versions/3.12.9/lib/python3.12/site-packages/airflow/example_dags/example_trigger_controller_dag.py took 0.074 seconds
[2025-02-28T20:15:57.598+0200] {processor.py:186} INFO - Started process (PID=98599) to work on /Users/nampham/.pyenv/versions/3.12.9/lib/python3.12/site-packages/airflow/example_dags/example_trigger_controller_dag.py
[2025-02-28T20:15:57.599+0200] {processor.py:914} INFO - Processing file /Users/nampham/.pyenv/versions/3.12.9/lib/python3.12/site-packages/airflow/example_dags/example_trigger_controller_dag.py for tasks to queue
[2025-02-28T20:15:57.599+0200] {logging_mixin.py:190} INFO - [2025-02-28T20:15:57.599+0200] {dagbag.py:588} INFO - Filling up the DagBag from /Users/nampham/.pyenv/versions/3.12.9/lib/python3.12/site-packages/airflow/example_dags/example_trigger_controller_dag.py
[2025-02-28T20:15:57.604+0200] {processor.py:925} INFO - DAG(s) 'example_trigger_controller_dag' retrieved from /Users/nampham/.pyenv/versions/3.12.9/lib/python3.12/site-packages/airflow/example_dags/example_trigger_controller_dag.py
[2025-02-28T20:15:57.660+0200] {logging_mixin.py:190} INFO - [2025-02-28T20:15:57.660+0200] {dag.py:3239} INFO - Sync 1 DAGs
[2025-02-28T20:15:57.666+0200] {logging_mixin.py:190} INFO - [2025-02-28T20:15:57.666+0200] {dag.py:4180} INFO - Setting next_dagrun for example_trigger_controller_dag to 2021-01-01 00:00:00+00:00, run_after=2021-01-01 00:00:00+00:00
[2025-02-28T20:15:57.672+0200] {processor.py:208} INFO - Processing /Users/nampham/.pyenv/versions/3.12.9/lib/python3.12/site-packages/airflow/example_dags/example_trigger_controller_dag.py took 0.076 seconds
[2025-02-28T20:17:13.444+0200] {processor.py:186} INFO - Started process (PID=98885) to work on /Users/nampham/.pyenv/versions/3.12.9/lib/python3.12/site-packages/airflow/example_dags/example_trigger_controller_dag.py
[2025-02-28T20:17:13.445+0200] {processor.py:914} INFO - Processing file /Users/nampham/.pyenv/versions/3.12.9/lib/python3.12/site-packages/airflow/example_dags/example_trigger_controller_dag.py for tasks to queue
[2025-02-28T20:17:13.445+0200] {logging_mixin.py:190} INFO - [2025-02-28T20:17:13.445+0200] {dagbag.py:588} INFO - Filling up the DagBag from /Users/nampham/.pyenv/versions/3.12.9/lib/python3.12/site-packages/airflow/example_dags/example_trigger_controller_dag.py
[2025-02-28T20:17:13.450+0200] {processor.py:925} INFO - DAG(s) 'example_trigger_controller_dag' retrieved from /Users/nampham/.pyenv/versions/3.12.9/lib/python3.12/site-packages/airflow/example_dags/example_trigger_controller_dag.py
[2025-02-28T20:17:13.506+0200] {logging_mixin.py:190} INFO - [2025-02-28T20:17:13.506+0200] {dag.py:3239} INFO - Sync 1 DAGs
[2025-02-28T20:17:13.512+0200] {logging_mixin.py:190} INFO - [2025-02-28T20:17:13.512+0200] {dag.py:4180} INFO - Setting next_dagrun for example_trigger_controller_dag to 2021-01-01 00:00:00+00:00, run_after=2021-01-01 00:00:00+00:00
[2025-02-28T20:17:13.518+0200] {processor.py:208} INFO - Processing /Users/nampham/.pyenv/versions/3.12.9/lib/python3.12/site-packages/airflow/example_dags/example_trigger_controller_dag.py took 0.076 seconds
[2025-02-28T20:18:29.021+0200] {processor.py:186} INFO - Started process (PID=99257) to work on /Users/nampham/.pyenv/versions/3.12.9/lib/python3.12/site-packages/airflow/example_dags/example_trigger_controller_dag.py
[2025-02-28T20:18:29.023+0200] {processor.py:914} INFO - Processing file /Users/nampham/.pyenv/versions/3.12.9/lib/python3.12/site-packages/airflow/example_dags/example_trigger_controller_dag.py for tasks to queue
[2025-02-28T20:18:29.023+0200] {logging_mixin.py:190} INFO - [2025-02-28T20:18:29.023+0200] {dagbag.py:588} INFO - Filling up the DagBag from /Users/nampham/.pyenv/versions/3.12.9/lib/python3.12/site-packages/airflow/example_dags/example_trigger_controller_dag.py
[2025-02-28T20:18:29.028+0200] {processor.py:925} INFO - DAG(s) 'example_trigger_controller_dag' retrieved from /Users/nampham/.pyenv/versions/3.12.9/lib/python3.12/site-packages/airflow/example_dags/example_trigger_controller_dag.py
[2025-02-28T20:18:29.084+0200] {logging_mixin.py:190} INFO - [2025-02-28T20:18:29.083+0200] {dag.py:3239} INFO - Sync 1 DAGs
[2025-02-28T20:18:29.090+0200] {logging_mixin.py:190} INFO - [2025-02-28T20:18:29.090+0200] {dag.py:4180} INFO - Setting next_dagrun for example_trigger_controller_dag to 2021-01-01 00:00:00+00:00, run_after=2021-01-01 00:00:00+00:00
[2025-02-28T20:18:29.096+0200] {processor.py:208} INFO - Processing /Users/nampham/.pyenv/versions/3.12.9/lib/python3.12/site-packages/airflow/example_dags/example_trigger_controller_dag.py took 0.076 seconds
[2025-02-28T20:20:21.081+0200] {processor.py:186} INFO - Started process (PID=99688) to work on /Users/nampham/.pyenv/versions/3.12.9/lib/python3.12/site-packages/airflow/example_dags/example_trigger_controller_dag.py
[2025-02-28T20:20:21.082+0200] {processor.py:914} INFO - Processing file /Users/nampham/.pyenv/versions/3.12.9/lib/python3.12/site-packages/airflow/example_dags/example_trigger_controller_dag.py for tasks to queue
[2025-02-28T20:20:21.082+0200] {logging_mixin.py:190} INFO - [2025-02-28T20:20:21.082+0200] {dagbag.py:588} INFO - Filling up the DagBag from /Users/nampham/.pyenv/versions/3.12.9/lib/python3.12/site-packages/airflow/example_dags/example_trigger_controller_dag.py
[2025-02-28T20:20:21.087+0200] {processor.py:925} INFO - DAG(s) 'example_trigger_controller_dag' retrieved from /Users/nampham/.pyenv/versions/3.12.9/lib/python3.12/site-packages/airflow/example_dags/example_trigger_controller_dag.py
[2025-02-28T20:20:21.141+0200] {logging_mixin.py:190} INFO - [2025-02-28T20:20:21.141+0200] {dag.py:3239} INFO - Sync 1 DAGs
[2025-02-28T20:20:21.147+0200] {logging_mixin.py:190} INFO - [2025-02-28T20:20:21.147+0200] {dag.py:4180} INFO - Setting next_dagrun for example_trigger_controller_dag to 2021-01-01 00:00:00+00:00, run_after=2021-01-01 00:00:00+00:00
[2025-02-28T20:20:21.154+0200] {processor.py:208} INFO - Processing /Users/nampham/.pyenv/versions/3.12.9/lib/python3.12/site-packages/airflow/example_dags/example_trigger_controller_dag.py took 0.074 seconds
[2025-02-28T20:21:41.214+0200] {processor.py:186} INFO - Started process (PID=100) to work on /Users/nampham/.pyenv/versions/3.12.9/lib/python3.12/site-packages/airflow/example_dags/example_trigger_controller_dag.py
[2025-02-28T20:21:41.216+0200] {processor.py:914} INFO - Processing file /Users/nampham/.pyenv/versions/3.12.9/lib/python3.12/site-packages/airflow/example_dags/example_trigger_controller_dag.py for tasks to queue
[2025-02-28T20:21:41.216+0200] {logging_mixin.py:190} INFO - [2025-02-28T20:21:41.216+0200] {dagbag.py:588} INFO - Filling up the DagBag from /Users/nampham/.pyenv/versions/3.12.9/lib/python3.12/site-packages/airflow/example_dags/example_trigger_controller_dag.py
[2025-02-28T20:21:41.221+0200] {processor.py:925} INFO - DAG(s) 'example_trigger_controller_dag' retrieved from /Users/nampham/.pyenv/versions/3.12.9/lib/python3.12/site-packages/airflow/example_dags/example_trigger_controller_dag.py
[2025-02-28T20:21:41.290+0200] {logging_mixin.py:190} INFO - [2025-02-28T20:21:41.290+0200] {dag.py:3239} INFO - Sync 1 DAGs
[2025-02-28T20:21:41.297+0200] {logging_mixin.py:190} INFO - [2025-02-28T20:21:41.297+0200] {dag.py:4180} INFO - Setting next_dagrun for example_trigger_controller_dag to 2021-01-01 00:00:00+00:00, run_after=2021-01-01 00:00:00+00:00
[2025-02-28T20:21:41.303+0200] {processor.py:208} INFO - Processing /Users/nampham/.pyenv/versions/3.12.9/lib/python3.12/site-packages/airflow/example_dags/example_trigger_controller_dag.py took 0.091 seconds
[2025-02-28T20:22:55.217+0200] {processor.py:186} INFO - Started process (PID=347) to work on /Users/nampham/.pyenv/versions/3.12.9/lib/python3.12/site-packages/airflow/example_dags/example_trigger_controller_dag.py
[2025-02-28T20:22:55.218+0200] {processor.py:914} INFO - Processing file /Users/nampham/.pyenv/versions/3.12.9/lib/python3.12/site-packages/airflow/example_dags/example_trigger_controller_dag.py for tasks to queue
[2025-02-28T20:22:55.219+0200] {logging_mixin.py:190} INFO - [2025-02-28T20:22:55.219+0200] {dagbag.py:588} INFO - Filling up the DagBag from /Users/nampham/.pyenv/versions/3.12.9/lib/python3.12/site-packages/airflow/example_dags/example_trigger_controller_dag.py
[2025-02-28T20:22:55.223+0200] {processor.py:925} INFO - DAG(s) 'example_trigger_controller_dag' retrieved from /Users/nampham/.pyenv/versions/3.12.9/lib/python3.12/site-packages/airflow/example_dags/example_trigger_controller_dag.py
[2025-02-28T20:22:55.278+0200] {logging_mixin.py:190} INFO - [2025-02-28T20:22:55.278+0200] {dag.py:3239} INFO - Sync 1 DAGs
[2025-02-28T20:22:55.284+0200] {logging_mixin.py:190} INFO - [2025-02-28T20:22:55.284+0200] {dag.py:4180} INFO - Setting next_dagrun for example_trigger_controller_dag to 2021-01-01 00:00:00+00:00, run_after=2021-01-01 00:00:00+00:00
[2025-02-28T20:22:55.291+0200] {processor.py:208} INFO - Processing /Users/nampham/.pyenv/versions/3.12.9/lib/python3.12/site-packages/airflow/example_dags/example_trigger_controller_dag.py took 0.075 seconds
[2025-02-28T21:27:42.856+0200] {processor.py:186} INFO - Started process (PID=5476) to work on /Users/nampham/.pyenv/versions/3.12.9/lib/python3.12/site-packages/airflow/example_dags/example_trigger_controller_dag.py
[2025-02-28T21:27:42.857+0200] {processor.py:914} INFO - Processing file /Users/nampham/.pyenv/versions/3.12.9/lib/python3.12/site-packages/airflow/example_dags/example_trigger_controller_dag.py for tasks to queue
[2025-02-28T21:27:42.858+0200] {logging_mixin.py:190} INFO - [2025-02-28T21:27:42.858+0200] {dagbag.py:588} INFO - Filling up the DagBag from /Users/nampham/.pyenv/versions/3.12.9/lib/python3.12/site-packages/airflow/example_dags/example_trigger_controller_dag.py
[2025-02-28T21:27:42.862+0200] {processor.py:925} INFO - DAG(s) 'example_trigger_controller_dag' retrieved from /Users/nampham/.pyenv/versions/3.12.9/lib/python3.12/site-packages/airflow/example_dags/example_trigger_controller_dag.py
[2025-02-28T21:27:42.917+0200] {logging_mixin.py:190} INFO - [2025-02-28T21:27:42.917+0200] {dag.py:3239} INFO - Sync 1 DAGs
[2025-02-28T21:27:42.923+0200] {logging_mixin.py:190} INFO - [2025-02-28T21:27:42.923+0200] {dag.py:4180} INFO - Setting next_dagrun for example_trigger_controller_dag to 2021-01-01 00:00:00+00:00, run_after=2021-01-01 00:00:00+00:00
[2025-02-28T21:27:42.929+0200] {processor.py:208} INFO - Processing /Users/nampham/.pyenv/versions/3.12.9/lib/python3.12/site-packages/airflow/example_dags/example_trigger_controller_dag.py took 0.075 seconds
[2025-02-28T21:30:28.318+0200] {processor.py:186} INFO - Started process (PID=6135) to work on /Users/nampham/.pyenv/versions/3.12.9/lib/python3.12/site-packages/airflow/example_dags/example_trigger_controller_dag.py
[2025-02-28T21:30:28.318+0200] {processor.py:914} INFO - Processing file /Users/nampham/.pyenv/versions/3.12.9/lib/python3.12/site-packages/airflow/example_dags/example_trigger_controller_dag.py for tasks to queue
[2025-02-28T21:30:28.319+0200] {logging_mixin.py:190} INFO - [2025-02-28T21:30:28.319+0200] {dagbag.py:588} INFO - Filling up the DagBag from /Users/nampham/.pyenv/versions/3.12.9/lib/python3.12/site-packages/airflow/example_dags/example_trigger_controller_dag.py
[2025-02-28T21:30:28.324+0200] {processor.py:925} INFO - DAG(s) 'example_trigger_controller_dag' retrieved from /Users/nampham/.pyenv/versions/3.12.9/lib/python3.12/site-packages/airflow/example_dags/example_trigger_controller_dag.py
[2025-02-28T21:30:28.382+0200] {logging_mixin.py:190} INFO - [2025-02-28T21:30:28.382+0200] {dag.py:3239} INFO - Sync 1 DAGs
[2025-02-28T21:30:28.388+0200] {logging_mixin.py:190} INFO - [2025-02-28T21:30:28.388+0200] {dag.py:4180} INFO - Setting next_dagrun for example_trigger_controller_dag to 2021-01-01 00:00:00+00:00, run_after=2021-01-01 00:00:00+00:00
[2025-02-28T21:30:28.395+0200] {processor.py:208} INFO - Processing /Users/nampham/.pyenv/versions/3.12.9/lib/python3.12/site-packages/airflow/example_dags/example_trigger_controller_dag.py took 0.078 seconds
[2025-02-28T21:32:16.286+0200] {processor.py:186} INFO - Started process (PID=6560) to work on /Users/nampham/.pyenv/versions/3.12.9/lib/python3.12/site-packages/airflow/example_dags/example_trigger_controller_dag.py
[2025-02-28T21:32:16.287+0200] {processor.py:914} INFO - Processing file /Users/nampham/.pyenv/versions/3.12.9/lib/python3.12/site-packages/airflow/example_dags/example_trigger_controller_dag.py for tasks to queue
[2025-02-28T21:32:16.288+0200] {logging_mixin.py:190} INFO - [2025-02-28T21:32:16.288+0200] {dagbag.py:588} INFO - Filling up the DagBag from /Users/nampham/.pyenv/versions/3.12.9/lib/python3.12/site-packages/airflow/example_dags/example_trigger_controller_dag.py
[2025-02-28T21:32:16.292+0200] {processor.py:925} INFO - DAG(s) 'example_trigger_controller_dag' retrieved from /Users/nampham/.pyenv/versions/3.12.9/lib/python3.12/site-packages/airflow/example_dags/example_trigger_controller_dag.py
[2025-02-28T21:32:16.347+0200] {logging_mixin.py:190} INFO - [2025-02-28T21:32:16.347+0200] {dag.py:3239} INFO - Sync 1 DAGs
[2025-02-28T21:32:16.353+0200] {logging_mixin.py:190} INFO - [2025-02-28T21:32:16.353+0200] {dag.py:4180} INFO - Setting next_dagrun for example_trigger_controller_dag to 2021-01-01 00:00:00+00:00, run_after=2021-01-01 00:00:00+00:00
[2025-02-28T21:32:16.359+0200] {processor.py:208} INFO - Processing /Users/nampham/.pyenv/versions/3.12.9/lib/python3.12/site-packages/airflow/example_dags/example_trigger_controller_dag.py took 0.074 seconds
[2025-02-28T21:33:34.743+0200] {processor.py:186} INFO - Started process (PID=7064) to work on /Users/nampham/.pyenv/versions/3.12.9/lib/python3.12/site-packages/airflow/example_dags/example_trigger_controller_dag.py
[2025-02-28T21:33:34.744+0200] {processor.py:914} INFO - Processing file /Users/nampham/.pyenv/versions/3.12.9/lib/python3.12/site-packages/airflow/example_dags/example_trigger_controller_dag.py for tasks to queue
[2025-02-28T21:33:34.745+0200] {logging_mixin.py:190} INFO - [2025-02-28T21:33:34.745+0200] {dagbag.py:588} INFO - Filling up the DagBag from /Users/nampham/.pyenv/versions/3.12.9/lib/python3.12/site-packages/airflow/example_dags/example_trigger_controller_dag.py
[2025-02-28T21:33:34.749+0200] {processor.py:925} INFO - DAG(s) 'example_trigger_controller_dag' retrieved from /Users/nampham/.pyenv/versions/3.12.9/lib/python3.12/site-packages/airflow/example_dags/example_trigger_controller_dag.py
[2025-02-28T21:33:34.804+0200] {logging_mixin.py:190} INFO - [2025-02-28T21:33:34.804+0200] {dag.py:3239} INFO - Sync 1 DAGs
[2025-02-28T21:33:34.810+0200] {logging_mixin.py:190} INFO - [2025-02-28T21:33:34.810+0200] {dag.py:4180} INFO - Setting next_dagrun for example_trigger_controller_dag to 2021-01-01 00:00:00+00:00, run_after=2021-01-01 00:00:00+00:00
[2025-02-28T21:33:34.817+0200] {processor.py:208} INFO - Processing /Users/nampham/.pyenv/versions/3.12.9/lib/python3.12/site-packages/airflow/example_dags/example_trigger_controller_dag.py took 0.075 seconds
[2025-02-28T21:34:54.762+0200] {processor.py:186} INFO - Started process (PID=7358) to work on /Users/nampham/.pyenv/versions/3.12.9/lib/python3.12/site-packages/airflow/example_dags/example_trigger_controller_dag.py
[2025-02-28T21:34:54.763+0200] {processor.py:914} INFO - Processing file /Users/nampham/.pyenv/versions/3.12.9/lib/python3.12/site-packages/airflow/example_dags/example_trigger_controller_dag.py for tasks to queue
[2025-02-28T21:34:54.764+0200] {logging_mixin.py:190} INFO - [2025-02-28T21:34:54.764+0200] {dagbag.py:588} INFO - Filling up the DagBag from /Users/nampham/.pyenv/versions/3.12.9/lib/python3.12/site-packages/airflow/example_dags/example_trigger_controller_dag.py
[2025-02-28T21:34:54.769+0200] {processor.py:925} INFO - DAG(s) 'example_trigger_controller_dag' retrieved from /Users/nampham/.pyenv/versions/3.12.9/lib/python3.12/site-packages/airflow/example_dags/example_trigger_controller_dag.py
[2025-02-28T21:34:54.899+0200] {logging_mixin.py:190} INFO - [2025-02-28T21:34:54.899+0200] {dag.py:3239} INFO - Sync 1 DAGs
[2025-02-28T21:34:54.906+0200] {logging_mixin.py:190} INFO - [2025-02-28T21:34:54.906+0200] {dag.py:4180} INFO - Setting next_dagrun for example_trigger_controller_dag to 2021-01-01 00:00:00+00:00, run_after=2021-01-01 00:00:00+00:00
[2025-02-28T21:34:54.913+0200] {processor.py:208} INFO - Processing /Users/nampham/.pyenv/versions/3.12.9/lib/python3.12/site-packages/airflow/example_dags/example_trigger_controller_dag.py took 0.153 seconds
[2025-02-28T21:36:50.439+0200] {processor.py:186} INFO - Started process (PID=7861) to work on /Users/nampham/.pyenv/versions/3.12.9/lib/python3.12/site-packages/airflow/example_dags/example_trigger_controller_dag.py
[2025-02-28T21:36:50.440+0200] {processor.py:914} INFO - Processing file /Users/nampham/.pyenv/versions/3.12.9/lib/python3.12/site-packages/airflow/example_dags/example_trigger_controller_dag.py for tasks to queue
[2025-02-28T21:36:50.441+0200] {logging_mixin.py:190} INFO - [2025-02-28T21:36:50.441+0200] {dagbag.py:588} INFO - Filling up the DagBag from /Users/nampham/.pyenv/versions/3.12.9/lib/python3.12/site-packages/airflow/example_dags/example_trigger_controller_dag.py
[2025-02-28T21:36:50.445+0200] {processor.py:925} INFO - DAG(s) 'example_trigger_controller_dag' retrieved from /Users/nampham/.pyenv/versions/3.12.9/lib/python3.12/site-packages/airflow/example_dags/example_trigger_controller_dag.py
[2025-02-28T21:36:50.533+0200] {logging_mixin.py:190} INFO - [2025-02-28T21:36:50.533+0200] {override.py:1930} INFO - Created Permission View: can delete on DAG:example_trigger_controller_dag
[2025-02-28T21:36:50.536+0200] {logging_mixin.py:190} INFO - [2025-02-28T21:36:50.536+0200] {override.py:1930} INFO - Created Permission View: can read on DAG:example_trigger_controller_dag
[2025-02-28T21:36:50.538+0200] {logging_mixin.py:190} INFO - [2025-02-28T21:36:50.538+0200] {override.py:1930} INFO - Created Permission View: can edit on DAG:example_trigger_controller_dag
[2025-02-28T21:36:50.540+0200] {logging_mixin.py:190} INFO - [2025-02-28T21:36:50.540+0200] {override.py:1930} INFO - Created Permission View: can delete on DAG Run:example_trigger_controller_dag
[2025-02-28T21:36:50.542+0200] {logging_mixin.py:190} INFO - [2025-02-28T21:36:50.542+0200] {override.py:1930} INFO - Created Permission View: can read on DAG Run:example_trigger_controller_dag
[2025-02-28T21:36:50.544+0200] {logging_mixin.py:190} INFO - [2025-02-28T21:36:50.544+0200] {override.py:1930} INFO - Created Permission View: can create on DAG Run:example_trigger_controller_dag
[2025-02-28T21:36:50.545+0200] {logging_mixin.py:190} INFO - [2025-02-28T21:36:50.545+0200] {override.py:1930} INFO - Created Permission View: menu access on DAG Run:example_trigger_controller_dag
[2025-02-28T21:36:50.546+0200] {logging_mixin.py:190} INFO - [2025-02-28T21:36:50.545+0200] {dag.py:3239} INFO - Sync 1 DAGs
[2025-02-28T21:36:50.549+0200] {logging_mixin.py:190} INFO - [2025-02-28T21:36:50.549+0200] {dag.py:3262} INFO - Creating ORM DAG for example_trigger_controller_dag
[2025-02-28T21:36:50.552+0200] {logging_mixin.py:190} INFO - [2025-02-28T21:36:50.552+0200] {dag.py:4180} INFO - Setting next_dagrun for example_trigger_controller_dag to 2021-01-01 00:00:00+00:00, run_after=2021-01-01 00:00:00+00:00
[2025-02-28T21:36:50.557+0200] {processor.py:208} INFO - Processing /Users/nampham/.pyenv/versions/3.12.9/lib/python3.12/site-packages/airflow/example_dags/example_trigger_controller_dag.py took 0.119 seconds
[2025-02-28T21:38:41.690+0200] {processor.py:186} INFO - Started process (PID=8288) to work on /Users/nampham/.pyenv/versions/3.12.9/lib/python3.12/site-packages/airflow/example_dags/example_trigger_controller_dag.py
[2025-02-28T21:38:41.691+0200] {processor.py:914} INFO - Processing file /Users/nampham/.pyenv/versions/3.12.9/lib/python3.12/site-packages/airflow/example_dags/example_trigger_controller_dag.py for tasks to queue
[2025-02-28T21:38:41.692+0200] {logging_mixin.py:190} INFO - [2025-02-28T21:38:41.692+0200] {dagbag.py:588} INFO - Filling up the DagBag from /Users/nampham/.pyenv/versions/3.12.9/lib/python3.12/site-packages/airflow/example_dags/example_trigger_controller_dag.py
[2025-02-28T21:38:41.696+0200] {processor.py:925} INFO - DAG(s) 'example_trigger_controller_dag' retrieved from /Users/nampham/.pyenv/versions/3.12.9/lib/python3.12/site-packages/airflow/example_dags/example_trigger_controller_dag.py
[2025-02-28T21:38:41.752+0200] {logging_mixin.py:190} INFO - [2025-02-28T21:38:41.752+0200] {dag.py:3239} INFO - Sync 1 DAGs
[2025-02-28T21:38:41.758+0200] {logging_mixin.py:190} INFO - [2025-02-28T21:38:41.758+0200] {dag.py:4180} INFO - Setting next_dagrun for example_trigger_controller_dag to 2021-01-01 00:00:00+00:00, run_after=2021-01-01 00:00:00+00:00
[2025-02-28T21:38:41.764+0200] {processor.py:208} INFO - Processing /Users/nampham/.pyenv/versions/3.12.9/lib/python3.12/site-packages/airflow/example_dags/example_trigger_controller_dag.py took 0.076 seconds
[2025-02-28T21:39:59.808+0200] {processor.py:186} INFO - Started process (PID=8584) to work on /Users/nampham/.pyenv/versions/3.12.9/lib/python3.12/site-packages/airflow/example_dags/example_trigger_controller_dag.py
[2025-02-28T21:39:59.808+0200] {processor.py:914} INFO - Processing file /Users/nampham/.pyenv/versions/3.12.9/lib/python3.12/site-packages/airflow/example_dags/example_trigger_controller_dag.py for tasks to queue
[2025-02-28T21:39:59.809+0200] {logging_mixin.py:190} INFO - [2025-02-28T21:39:59.809+0200] {dagbag.py:588} INFO - Filling up the DagBag from /Users/nampham/.pyenv/versions/3.12.9/lib/python3.12/site-packages/airflow/example_dags/example_trigger_controller_dag.py
[2025-02-28T21:39:59.814+0200] {processor.py:925} INFO - DAG(s) 'example_trigger_controller_dag' retrieved from /Users/nampham/.pyenv/versions/3.12.9/lib/python3.12/site-packages/airflow/example_dags/example_trigger_controller_dag.py
[2025-02-28T21:39:59.877+0200] {logging_mixin.py:190} INFO - [2025-02-28T21:39:59.876+0200] {dag.py:3239} INFO - Sync 1 DAGs
[2025-02-28T21:39:59.885+0200] {logging_mixin.py:190} INFO - [2025-02-28T21:39:59.885+0200] {dag.py:4180} INFO - Setting next_dagrun for example_trigger_controller_dag to 2021-01-01 00:00:00+00:00, run_after=2021-01-01 00:00:00+00:00
[2025-02-28T21:39:59.891+0200] {processor.py:208} INFO - Processing /Users/nampham/.pyenv/versions/3.12.9/lib/python3.12/site-packages/airflow/example_dags/example_trigger_controller_dag.py took 0.085 seconds
[2025-02-28T21:42:19.527+0200] {processor.py:186} INFO - Started process (PID=9173) to work on /Users/nampham/.pyenv/versions/3.12.9/lib/python3.12/site-packages/airflow/example_dags/example_trigger_controller_dag.py
[2025-02-28T21:42:19.528+0200] {processor.py:914} INFO - Processing file /Users/nampham/.pyenv/versions/3.12.9/lib/python3.12/site-packages/airflow/example_dags/example_trigger_controller_dag.py for tasks to queue
[2025-02-28T21:42:19.529+0200] {logging_mixin.py:190} INFO - [2025-02-28T21:42:19.528+0200] {dagbag.py:588} INFO - Filling up the DagBag from /Users/nampham/.pyenv/versions/3.12.9/lib/python3.12/site-packages/airflow/example_dags/example_trigger_controller_dag.py
[2025-02-28T21:42:19.533+0200] {processor.py:925} INFO - DAG(s) 'example_trigger_controller_dag' retrieved from /Users/nampham/.pyenv/versions/3.12.9/lib/python3.12/site-packages/airflow/example_dags/example_trigger_controller_dag.py
[2025-02-28T21:42:19.619+0200] {logging_mixin.py:190} INFO - [2025-02-28T21:42:19.619+0200] {override.py:1930} INFO - Created Permission View: can delete on DAG:example_trigger_controller_dag
[2025-02-28T21:42:19.622+0200] {logging_mixin.py:190} INFO - [2025-02-28T21:42:19.622+0200] {override.py:1930} INFO - Created Permission View: can edit on DAG:example_trigger_controller_dag
[2025-02-28T21:42:19.624+0200] {logging_mixin.py:190} INFO - [2025-02-28T21:42:19.624+0200] {override.py:1930} INFO - Created Permission View: can read on DAG:example_trigger_controller_dag
[2025-02-28T21:42:19.626+0200] {logging_mixin.py:190} INFO - [2025-02-28T21:42:19.626+0200] {override.py:1930} INFO - Created Permission View: can delete on DAG Run:example_trigger_controller_dag
[2025-02-28T21:42:19.628+0200] {logging_mixin.py:190} INFO - [2025-02-28T21:42:19.628+0200] {override.py:1930} INFO - Created Permission View: menu access on DAG Run:example_trigger_controller_dag
[2025-02-28T21:42:19.630+0200] {logging_mixin.py:190} INFO - [2025-02-28T21:42:19.630+0200] {override.py:1930} INFO - Created Permission View: can create on DAG Run:example_trigger_controller_dag
[2025-02-28T21:42:19.632+0200] {logging_mixin.py:190} INFO - [2025-02-28T21:42:19.632+0200] {override.py:1930} INFO - Created Permission View: can read on DAG Run:example_trigger_controller_dag
[2025-02-28T21:42:19.632+0200] {logging_mixin.py:190} INFO - [2025-02-28T21:42:19.632+0200] {dag.py:3239} INFO - Sync 1 DAGs
[2025-02-28T21:42:19.635+0200] {logging_mixin.py:190} INFO - [2025-02-28T21:42:19.635+0200] {dag.py:3262} INFO - Creating ORM DAG for example_trigger_controller_dag
[2025-02-28T21:42:19.638+0200] {logging_mixin.py:190} INFO - [2025-02-28T21:42:19.638+0200] {dag.py:4180} INFO - Setting next_dagrun for example_trigger_controller_dag to 2021-01-01 00:00:00+00:00, run_after=2021-01-01 00:00:00+00:00
[2025-02-28T21:42:19.643+0200] {processor.py:208} INFO - Processing /Users/nampham/.pyenv/versions/3.12.9/lib/python3.12/site-packages/airflow/example_dags/example_trigger_controller_dag.py took 0.117 seconds
[2025-02-28T21:43:24.769+0200] {processor.py:186} INFO - Started process (PID=9535) to work on /Users/nampham/.pyenv/versions/3.12.9/lib/python3.12/site-packages/airflow/example_dags/example_trigger_controller_dag.py
[2025-02-28T21:43:24.769+0200] {processor.py:914} INFO - Processing file /Users/nampham/.pyenv/versions/3.12.9/lib/python3.12/site-packages/airflow/example_dags/example_trigger_controller_dag.py for tasks to queue
[2025-02-28T21:43:24.770+0200] {logging_mixin.py:190} INFO - [2025-02-28T21:43:24.770+0200] {dagbag.py:588} INFO - Filling up the DagBag from /Users/nampham/.pyenv/versions/3.12.9/lib/python3.12/site-packages/airflow/example_dags/example_trigger_controller_dag.py
[2025-02-28T21:43:24.774+0200] {processor.py:925} INFO - DAG(s) 'example_trigger_controller_dag' retrieved from /Users/nampham/.pyenv/versions/3.12.9/lib/python3.12/site-packages/airflow/example_dags/example_trigger_controller_dag.py
[2025-02-28T21:43:24.829+0200] {logging_mixin.py:190} INFO - [2025-02-28T21:43:24.829+0200] {dag.py:3239} INFO - Sync 1 DAGs
[2025-02-28T21:43:24.835+0200] {logging_mixin.py:190} INFO - [2025-02-28T21:43:24.835+0200] {dag.py:4180} INFO - Setting next_dagrun for example_trigger_controller_dag to 2021-01-01 00:00:00+00:00, run_after=2021-01-01 00:00:00+00:00
[2025-02-28T21:43:24.841+0200] {processor.py:208} INFO - Processing /Users/nampham/.pyenv/versions/3.12.9/lib/python3.12/site-packages/airflow/example_dags/example_trigger_controller_dag.py took 0.074 seconds
[2025-02-28T21:45:24.376+0200] {processor.py:186} INFO - Started process (PID=10063) to work on /Users/nampham/.pyenv/versions/3.12.9/lib/python3.12/site-packages/airflow/example_dags/example_trigger_controller_dag.py
[2025-02-28T21:45:24.376+0200] {processor.py:914} INFO - Processing file /Users/nampham/.pyenv/versions/3.12.9/lib/python3.12/site-packages/airflow/example_dags/example_trigger_controller_dag.py for tasks to queue
[2025-02-28T21:45:24.377+0200] {logging_mixin.py:190} INFO - [2025-02-28T21:45:24.377+0200] {dagbag.py:588} INFO - Filling up the DagBag from /Users/nampham/.pyenv/versions/3.12.9/lib/python3.12/site-packages/airflow/example_dags/example_trigger_controller_dag.py
[2025-02-28T21:45:24.381+0200] {processor.py:925} INFO - DAG(s) 'example_trigger_controller_dag' retrieved from /Users/nampham/.pyenv/versions/3.12.9/lib/python3.12/site-packages/airflow/example_dags/example_trigger_controller_dag.py
[2025-02-28T21:45:24.438+0200] {logging_mixin.py:190} INFO - [2025-02-28T21:45:24.438+0200] {dag.py:3239} INFO - Sync 1 DAGs
[2025-02-28T21:45:24.444+0200] {logging_mixin.py:190} INFO - [2025-02-28T21:45:24.444+0200] {dag.py:4180} INFO - Setting next_dagrun for example_trigger_controller_dag to 2021-01-01 00:00:00+00:00, run_after=2021-01-01 00:00:00+00:00
[2025-02-28T21:45:24.450+0200] {processor.py:208} INFO - Processing /Users/nampham/.pyenv/versions/3.12.9/lib/python3.12/site-packages/airflow/example_dags/example_trigger_controller_dag.py took 0.076 seconds
[2025-02-28T21:47:47.698+0200] {processor.py:186} INFO - Started process (PID=10614) to work on /Users/nampham/.pyenv/versions/3.12.9/lib/python3.12/site-packages/airflow/example_dags/example_trigger_controller_dag.py
[2025-02-28T21:47:47.698+0200] {processor.py:914} INFO - Processing file /Users/nampham/.pyenv/versions/3.12.9/lib/python3.12/site-packages/airflow/example_dags/example_trigger_controller_dag.py for tasks to queue
[2025-02-28T21:47:47.699+0200] {logging_mixin.py:190} INFO - [2025-02-28T21:47:47.699+0200] {dagbag.py:588} INFO - Filling up the DagBag from /Users/nampham/.pyenv/versions/3.12.9/lib/python3.12/site-packages/airflow/example_dags/example_trigger_controller_dag.py
[2025-02-28T21:47:47.703+0200] {processor.py:925} INFO - DAG(s) 'example_trigger_controller_dag' retrieved from /Users/nampham/.pyenv/versions/3.12.9/lib/python3.12/site-packages/airflow/example_dags/example_trigger_controller_dag.py
[2025-02-28T21:47:47.759+0200] {logging_mixin.py:190} INFO - [2025-02-28T21:47:47.759+0200] {dag.py:3239} INFO - Sync 1 DAGs
[2025-02-28T21:47:47.765+0200] {logging_mixin.py:190} INFO - [2025-02-28T21:47:47.765+0200] {dag.py:4180} INFO - Setting next_dagrun for example_trigger_controller_dag to 2021-01-01 00:00:00+00:00, run_after=2021-01-01 00:00:00+00:00
[2025-02-28T21:47:47.772+0200] {processor.py:208} INFO - Processing /Users/nampham/.pyenv/versions/3.12.9/lib/python3.12/site-packages/airflow/example_dags/example_trigger_controller_dag.py took 0.076 seconds
[2025-02-28T22:27:40.911+0200] {processor.py:186} INFO - Started process (PID=18057) to work on /Users/nampham/.pyenv/versions/3.12.9/lib/python3.12/site-packages/airflow/example_dags/example_trigger_controller_dag.py
[2025-02-28T22:27:40.912+0200] {processor.py:914} INFO - Processing file /Users/nampham/.pyenv/versions/3.12.9/lib/python3.12/site-packages/airflow/example_dags/example_trigger_controller_dag.py for tasks to queue
[2025-02-28T22:27:40.912+0200] {logging_mixin.py:190} INFO - [2025-02-28T22:27:40.912+0200] {dagbag.py:588} INFO - Filling up the DagBag from /Users/nampham/.pyenv/versions/3.12.9/lib/python3.12/site-packages/airflow/example_dags/example_trigger_controller_dag.py
[2025-02-28T22:27:40.917+0200] {processor.py:925} INFO - DAG(s) 'example_trigger_controller_dag' retrieved from /Users/nampham/.pyenv/versions/3.12.9/lib/python3.12/site-packages/airflow/example_dags/example_trigger_controller_dag.py
[2025-02-28T22:27:41.002+0200] {logging_mixin.py:190} INFO - [2025-02-28T22:27:41.002+0200] {override.py:1930} INFO - Created Permission View: can edit on DAG:example_trigger_controller_dag
[2025-02-28T22:27:41.005+0200] {logging_mixin.py:190} INFO - [2025-02-28T22:27:41.005+0200] {override.py:1930} INFO - Created Permission View: can read on DAG:example_trigger_controller_dag
[2025-02-28T22:27:41.007+0200] {logging_mixin.py:190} INFO - [2025-02-28T22:27:41.007+0200] {override.py:1930} INFO - Created Permission View: can delete on DAG:example_trigger_controller_dag
[2025-02-28T22:27:41.009+0200] {logging_mixin.py:190} INFO - [2025-02-28T22:27:41.009+0200] {override.py:1930} INFO - Created Permission View: menu access on DAG Run:example_trigger_controller_dag
[2025-02-28T22:27:41.011+0200] {logging_mixin.py:190} INFO - [2025-02-28T22:27:41.011+0200] {override.py:1930} INFO - Created Permission View: can read on DAG Run:example_trigger_controller_dag
[2025-02-28T22:27:41.012+0200] {logging_mixin.py:190} INFO - [2025-02-28T22:27:41.012+0200] {override.py:1930} INFO - Created Permission View: can create on DAG Run:example_trigger_controller_dag
[2025-02-28T22:27:41.014+0200] {logging_mixin.py:190} INFO - [2025-02-28T22:27:41.014+0200] {override.py:1930} INFO - Created Permission View: can delete on DAG Run:example_trigger_controller_dag
[2025-02-28T22:27:41.014+0200] {logging_mixin.py:190} INFO - [2025-02-28T22:27:41.014+0200] {dag.py:3239} INFO - Sync 1 DAGs
[2025-02-28T22:27:41.018+0200] {logging_mixin.py:190} INFO - [2025-02-28T22:27:41.018+0200] {dag.py:3262} INFO - Creating ORM DAG for example_trigger_controller_dag
[2025-02-28T22:27:41.020+0200] {logging_mixin.py:190} INFO - [2025-02-28T22:27:41.020+0200] {dag.py:4180} INFO - Setting next_dagrun for example_trigger_controller_dag to 2021-01-01 00:00:00+00:00, run_after=2021-01-01 00:00:00+00:00
[2025-02-28T22:27:41.026+0200] {processor.py:208} INFO - Processing /Users/nampham/.pyenv/versions/3.12.9/lib/python3.12/site-packages/airflow/example_dags/example_trigger_controller_dag.py took 0.116 seconds
[2025-02-28T22:35:47.434+0200] {processor.py:186} INFO - Started process (PID=19700) to work on /Users/nampham/.pyenv/versions/3.12.9/lib/python3.12/site-packages/airflow/example_dags/example_trigger_controller_dag.py
[2025-02-28T22:35:47.435+0200] {processor.py:914} INFO - Processing file /Users/nampham/.pyenv/versions/3.12.9/lib/python3.12/site-packages/airflow/example_dags/example_trigger_controller_dag.py for tasks to queue
[2025-02-28T22:35:47.436+0200] {logging_mixin.py:190} INFO - [2025-02-28T22:35:47.436+0200] {dagbag.py:588} INFO - Filling up the DagBag from /Users/nampham/.pyenv/versions/3.12.9/lib/python3.12/site-packages/airflow/example_dags/example_trigger_controller_dag.py
[2025-02-28T22:35:47.440+0200] {processor.py:925} INFO - DAG(s) 'example_trigger_controller_dag' retrieved from /Users/nampham/.pyenv/versions/3.12.9/lib/python3.12/site-packages/airflow/example_dags/example_trigger_controller_dag.py
[2025-02-28T22:35:47.526+0200] {logging_mixin.py:190} INFO - [2025-02-28T22:35:47.526+0200] {override.py:1930} INFO - Created Permission View: can edit on DAG:example_trigger_controller_dag
[2025-02-28T22:35:47.529+0200] {logging_mixin.py:190} INFO - [2025-02-28T22:35:47.529+0200] {override.py:1930} INFO - Created Permission View: can read on DAG:example_trigger_controller_dag
[2025-02-28T22:35:47.531+0200] {logging_mixin.py:190} INFO - [2025-02-28T22:35:47.531+0200] {override.py:1930} INFO - Created Permission View: can delete on DAG:example_trigger_controller_dag
[2025-02-28T22:35:47.533+0200] {logging_mixin.py:190} INFO - [2025-02-28T22:35:47.533+0200] {override.py:1930} INFO - Created Permission View: can create on DAG Run:example_trigger_controller_dag
[2025-02-28T22:35:47.535+0200] {logging_mixin.py:190} INFO - [2025-02-28T22:35:47.535+0200] {override.py:1930} INFO - Created Permission View: menu access on DAG Run:example_trigger_controller_dag
[2025-02-28T22:35:47.537+0200] {logging_mixin.py:190} INFO - [2025-02-28T22:35:47.537+0200] {override.py:1930} INFO - Created Permission View: can read on DAG Run:example_trigger_controller_dag
[2025-02-28T22:35:47.538+0200] {logging_mixin.py:190} INFO - [2025-02-28T22:35:47.538+0200] {override.py:1930} INFO - Created Permission View: can delete on DAG Run:example_trigger_controller_dag
[2025-02-28T22:35:47.539+0200] {logging_mixin.py:190} INFO - [2025-02-28T22:35:47.539+0200] {dag.py:3239} INFO - Sync 1 DAGs
[2025-02-28T22:35:47.542+0200] {logging_mixin.py:190} INFO - [2025-02-28T22:35:47.542+0200] {dag.py:3262} INFO - Creating ORM DAG for example_trigger_controller_dag
[2025-02-28T22:35:47.545+0200] {logging_mixin.py:190} INFO - [2025-02-28T22:35:47.545+0200] {dag.py:4180} INFO - Setting next_dagrun for example_trigger_controller_dag to 2021-01-01 00:00:00+00:00, run_after=2021-01-01 00:00:00+00:00
[2025-02-28T22:35:47.550+0200] {processor.py:208} INFO - Processing /Users/nampham/.pyenv/versions/3.12.9/lib/python3.12/site-packages/airflow/example_dags/example_trigger_controller_dag.py took 0.117 seconds
[2025-02-28T22:38:03.184+0200] {processor.py:186} INFO - Started process (PID=20231) to work on /Users/nampham/.pyenv/versions/3.12.9/lib/python3.12/site-packages/airflow/example_dags/example_trigger_controller_dag.py
[2025-02-28T22:38:03.184+0200] {processor.py:914} INFO - Processing file /Users/nampham/.pyenv/versions/3.12.9/lib/python3.12/site-packages/airflow/example_dags/example_trigger_controller_dag.py for tasks to queue
[2025-02-28T22:38:03.185+0200] {logging_mixin.py:190} INFO - [2025-02-28T22:38:03.185+0200] {dagbag.py:588} INFO - Filling up the DagBag from /Users/nampham/.pyenv/versions/3.12.9/lib/python3.12/site-packages/airflow/example_dags/example_trigger_controller_dag.py
[2025-02-28T22:38:03.190+0200] {processor.py:925} INFO - DAG(s) 'example_trigger_controller_dag' retrieved from /Users/nampham/.pyenv/versions/3.12.9/lib/python3.12/site-packages/airflow/example_dags/example_trigger_controller_dag.py
[2025-02-28T22:38:03.245+0200] {logging_mixin.py:190} INFO - [2025-02-28T22:38:03.245+0200] {dag.py:3239} INFO - Sync 1 DAGs
[2025-02-28T22:38:03.251+0200] {logging_mixin.py:190} INFO - [2025-02-28T22:38:03.251+0200] {dag.py:4180} INFO - Setting next_dagrun for example_trigger_controller_dag to 2021-01-01 00:00:00+00:00, run_after=2021-01-01 00:00:00+00:00
[2025-02-28T22:38:03.257+0200] {processor.py:208} INFO - Processing /Users/nampham/.pyenv/versions/3.12.9/lib/python3.12/site-packages/airflow/example_dags/example_trigger_controller_dag.py took 0.075 seconds
[2025-02-28T22:39:18.003+0200] {processor.py:186} INFO - Started process (PID=20482) to work on /Users/nampham/.pyenv/versions/3.12.9/lib/python3.12/site-packages/airflow/example_dags/example_trigger_controller_dag.py
[2025-02-28T22:39:18.004+0200] {processor.py:914} INFO - Processing file /Users/nampham/.pyenv/versions/3.12.9/lib/python3.12/site-packages/airflow/example_dags/example_trigger_controller_dag.py for tasks to queue
[2025-02-28T22:39:18.005+0200] {logging_mixin.py:190} INFO - [2025-02-28T22:39:18.005+0200] {dagbag.py:588} INFO - Filling up the DagBag from /Users/nampham/.pyenv/versions/3.12.9/lib/python3.12/site-packages/airflow/example_dags/example_trigger_controller_dag.py
[2025-02-28T22:39:18.009+0200] {processor.py:925} INFO - DAG(s) 'example_trigger_controller_dag' retrieved from /Users/nampham/.pyenv/versions/3.12.9/lib/python3.12/site-packages/airflow/example_dags/example_trigger_controller_dag.py
[2025-02-28T22:39:18.063+0200] {logging_mixin.py:190} INFO - [2025-02-28T22:39:18.063+0200] {dag.py:3239} INFO - Sync 1 DAGs
[2025-02-28T22:39:18.069+0200] {logging_mixin.py:190} INFO - [2025-02-28T22:39:18.069+0200] {dag.py:4180} INFO - Setting next_dagrun for example_trigger_controller_dag to 2021-01-01 00:00:00+00:00, run_after=2021-01-01 00:00:00+00:00
[2025-02-28T22:39:18.076+0200] {processor.py:208} INFO - Processing /Users/nampham/.pyenv/versions/3.12.9/lib/python3.12/site-packages/airflow/example_dags/example_trigger_controller_dag.py took 0.074 seconds
[2025-02-28T22:40:57.961+0200] {processor.py:186} INFO - Started process (PID=20807) to work on /Users/nampham/.pyenv/versions/3.12.9/lib/python3.12/site-packages/airflow/example_dags/example_trigger_controller_dag.py
[2025-02-28T22:40:57.962+0200] {processor.py:914} INFO - Processing file /Users/nampham/.pyenv/versions/3.12.9/lib/python3.12/site-packages/airflow/example_dags/example_trigger_controller_dag.py for tasks to queue
[2025-02-28T22:40:57.962+0200] {logging_mixin.py:190} INFO - [2025-02-28T22:40:57.962+0200] {dagbag.py:588} INFO - Filling up the DagBag from /Users/nampham/.pyenv/versions/3.12.9/lib/python3.12/site-packages/airflow/example_dags/example_trigger_controller_dag.py
[2025-02-28T22:40:57.967+0200] {processor.py:925} INFO - DAG(s) 'example_trigger_controller_dag' retrieved from /Users/nampham/.pyenv/versions/3.12.9/lib/python3.12/site-packages/airflow/example_dags/example_trigger_controller_dag.py
[2025-02-28T22:40:58.021+0200] {logging_mixin.py:190} INFO - [2025-02-28T22:40:58.021+0200] {dag.py:3239} INFO - Sync 1 DAGs
[2025-02-28T22:40:58.027+0200] {logging_mixin.py:190} INFO - [2025-02-28T22:40:58.027+0200] {dag.py:4180} INFO - Setting next_dagrun for example_trigger_controller_dag to 2021-01-01 00:00:00+00:00, run_after=2021-01-01 00:00:00+00:00
[2025-02-28T22:40:58.033+0200] {processor.py:208} INFO - Processing /Users/nampham/.pyenv/versions/3.12.9/lib/python3.12/site-packages/airflow/example_dags/example_trigger_controller_dag.py took 0.073 seconds
[2025-02-28T22:42:06.606+0200] {processor.py:186} INFO - Started process (PID=21037) to work on /Users/nampham/.pyenv/versions/3.12.9/lib/python3.12/site-packages/airflow/example_dags/example_trigger_controller_dag.py
[2025-02-28T22:42:06.606+0200] {processor.py:914} INFO - Processing file /Users/nampham/.pyenv/versions/3.12.9/lib/python3.12/site-packages/airflow/example_dags/example_trigger_controller_dag.py for tasks to queue
[2025-02-28T22:42:06.607+0200] {logging_mixin.py:190} INFO - [2025-02-28T22:42:06.607+0200] {dagbag.py:588} INFO - Filling up the DagBag from /Users/nampham/.pyenv/versions/3.12.9/lib/python3.12/site-packages/airflow/example_dags/example_trigger_controller_dag.py
[2025-02-28T22:42:06.611+0200] {processor.py:925} INFO - DAG(s) 'example_trigger_controller_dag' retrieved from /Users/nampham/.pyenv/versions/3.12.9/lib/python3.12/site-packages/airflow/example_dags/example_trigger_controller_dag.py
[2025-02-28T22:42:06.666+0200] {logging_mixin.py:190} INFO - [2025-02-28T22:42:06.666+0200] {dag.py:3239} INFO - Sync 1 DAGs
[2025-02-28T22:42:06.672+0200] {logging_mixin.py:190} INFO - [2025-02-28T22:42:06.672+0200] {dag.py:4180} INFO - Setting next_dagrun for example_trigger_controller_dag to 2021-01-01 00:00:00+00:00, run_after=2021-01-01 00:00:00+00:00
[2025-02-28T22:42:06.678+0200] {processor.py:208} INFO - Processing /Users/nampham/.pyenv/versions/3.12.9/lib/python3.12/site-packages/airflow/example_dags/example_trigger_controller_dag.py took 0.073 seconds
[2025-02-28T22:43:20.987+0200] {processor.py:186} INFO - Started process (PID=21317) to work on /Users/nampham/.pyenv/versions/3.12.9/lib/python3.12/site-packages/airflow/example_dags/example_trigger_controller_dag.py
[2025-02-28T22:43:20.988+0200] {processor.py:914} INFO - Processing file /Users/nampham/.pyenv/versions/3.12.9/lib/python3.12/site-packages/airflow/example_dags/example_trigger_controller_dag.py for tasks to queue
[2025-02-28T22:43:20.988+0200] {logging_mixin.py:190} INFO - [2025-02-28T22:43:20.988+0200] {dagbag.py:588} INFO - Filling up the DagBag from /Users/nampham/.pyenv/versions/3.12.9/lib/python3.12/site-packages/airflow/example_dags/example_trigger_controller_dag.py
[2025-02-28T22:43:20.993+0200] {processor.py:925} INFO - DAG(s) 'example_trigger_controller_dag' retrieved from /Users/nampham/.pyenv/versions/3.12.9/lib/python3.12/site-packages/airflow/example_dags/example_trigger_controller_dag.py
[2025-02-28T22:43:21.048+0200] {logging_mixin.py:190} INFO - [2025-02-28T22:43:21.048+0200] {dag.py:3239} INFO - Sync 1 DAGs
[2025-02-28T22:43:21.054+0200] {logging_mixin.py:190} INFO - [2025-02-28T22:43:21.054+0200] {dag.py:4180} INFO - Setting next_dagrun for example_trigger_controller_dag to 2021-01-01 00:00:00+00:00, run_after=2021-01-01 00:00:00+00:00
[2025-02-28T22:43:21.061+0200] {processor.py:208} INFO - Processing /Users/nampham/.pyenv/versions/3.12.9/lib/python3.12/site-packages/airflow/example_dags/example_trigger_controller_dag.py took 0.075 seconds
[2025-02-28T22:44:37.496+0200] {processor.py:186} INFO - Started process (PID=21590) to work on /Users/nampham/.pyenv/versions/3.12.9/lib/python3.12/site-packages/airflow/example_dags/example_trigger_controller_dag.py
[2025-02-28T22:44:37.497+0200] {processor.py:914} INFO - Processing file /Users/nampham/.pyenv/versions/3.12.9/lib/python3.12/site-packages/airflow/example_dags/example_trigger_controller_dag.py for tasks to queue
[2025-02-28T22:44:37.498+0200] {logging_mixin.py:190} INFO - [2025-02-28T22:44:37.498+0200] {dagbag.py:588} INFO - Filling up the DagBag from /Users/nampham/.pyenv/versions/3.12.9/lib/python3.12/site-packages/airflow/example_dags/example_trigger_controller_dag.py
[2025-02-28T22:44:37.502+0200] {processor.py:925} INFO - DAG(s) 'example_trigger_controller_dag' retrieved from /Users/nampham/.pyenv/versions/3.12.9/lib/python3.12/site-packages/airflow/example_dags/example_trigger_controller_dag.py
[2025-02-28T22:44:37.556+0200] {logging_mixin.py:190} INFO - [2025-02-28T22:44:37.556+0200] {dag.py:3239} INFO - Sync 1 DAGs
[2025-02-28T22:44:37.562+0200] {logging_mixin.py:190} INFO - [2025-02-28T22:44:37.562+0200] {dag.py:4180} INFO - Setting next_dagrun for example_trigger_controller_dag to 2021-01-01 00:00:00+00:00, run_after=2021-01-01 00:00:00+00:00
[2025-02-28T22:44:37.569+0200] {processor.py:208} INFO - Processing /Users/nampham/.pyenv/versions/3.12.9/lib/python3.12/site-packages/airflow/example_dags/example_trigger_controller_dag.py took 0.074 seconds
[2025-02-28T22:46:20.267+0200] {processor.py:186} INFO - Started process (PID=21941) to work on /Users/nampham/.pyenv/versions/3.12.9/lib/python3.12/site-packages/airflow/example_dags/example_trigger_controller_dag.py
[2025-02-28T22:46:20.267+0200] {processor.py:914} INFO - Processing file /Users/nampham/.pyenv/versions/3.12.9/lib/python3.12/site-packages/airflow/example_dags/example_trigger_controller_dag.py for tasks to queue
[2025-02-28T22:46:20.268+0200] {logging_mixin.py:190} INFO - [2025-02-28T22:46:20.268+0200] {dagbag.py:588} INFO - Filling up the DagBag from /Users/nampham/.pyenv/versions/3.12.9/lib/python3.12/site-packages/airflow/example_dags/example_trigger_controller_dag.py
[2025-02-28T22:46:20.272+0200] {processor.py:925} INFO - DAG(s) 'example_trigger_controller_dag' retrieved from /Users/nampham/.pyenv/versions/3.12.9/lib/python3.12/site-packages/airflow/example_dags/example_trigger_controller_dag.py
[2025-02-28T22:46:20.326+0200] {logging_mixin.py:190} INFO - [2025-02-28T22:46:20.326+0200] {dag.py:3239} INFO - Sync 1 DAGs
[2025-02-28T22:46:20.333+0200] {logging_mixin.py:190} INFO - [2025-02-28T22:46:20.333+0200] {dag.py:4180} INFO - Setting next_dagrun for example_trigger_controller_dag to 2021-01-01 00:00:00+00:00, run_after=2021-01-01 00:00:00+00:00
[2025-02-28T22:46:20.339+0200] {processor.py:208} INFO - Processing /Users/nampham/.pyenv/versions/3.12.9/lib/python3.12/site-packages/airflow/example_dags/example_trigger_controller_dag.py took 0.074 seconds
[2025-02-28T22:48:19.532+0200] {processor.py:186} INFO - Started process (PID=22238) to work on /Users/nampham/.pyenv/versions/3.12.9/lib/python3.12/site-packages/airflow/example_dags/example_trigger_controller_dag.py
[2025-02-28T22:48:19.532+0200] {processor.py:914} INFO - Processing file /Users/nampham/.pyenv/versions/3.12.9/lib/python3.12/site-packages/airflow/example_dags/example_trigger_controller_dag.py for tasks to queue
[2025-02-28T22:48:19.533+0200] {logging_mixin.py:190} INFO - [2025-02-28T22:48:19.533+0200] {dagbag.py:588} INFO - Filling up the DagBag from /Users/nampham/.pyenv/versions/3.12.9/lib/python3.12/site-packages/airflow/example_dags/example_trigger_controller_dag.py
[2025-02-28T22:48:19.537+0200] {processor.py:925} INFO - DAG(s) 'example_trigger_controller_dag' retrieved from /Users/nampham/.pyenv/versions/3.12.9/lib/python3.12/site-packages/airflow/example_dags/example_trigger_controller_dag.py
[2025-02-28T22:48:19.591+0200] {logging_mixin.py:190} INFO - [2025-02-28T22:48:19.591+0200] {dag.py:3239} INFO - Sync 1 DAGs
[2025-02-28T22:48:19.597+0200] {logging_mixin.py:190} INFO - [2025-02-28T22:48:19.597+0200] {dag.py:4180} INFO - Setting next_dagrun for example_trigger_controller_dag to 2021-01-01 00:00:00+00:00, run_after=2021-01-01 00:00:00+00:00
[2025-02-28T22:48:19.603+0200] {processor.py:208} INFO - Processing /Users/nampham/.pyenv/versions/3.12.9/lib/python3.12/site-packages/airflow/example_dags/example_trigger_controller_dag.py took 0.072 seconds
[2025-02-28T22:54:36.769+0200] {processor.py:186} INFO - Started process (PID=22684) to work on /Users/nampham/.pyenv/versions/3.12.9/lib/python3.12/site-packages/airflow/example_dags/example_trigger_controller_dag.py
[2025-02-28T22:54:36.770+0200] {processor.py:914} INFO - Processing file /Users/nampham/.pyenv/versions/3.12.9/lib/python3.12/site-packages/airflow/example_dags/example_trigger_controller_dag.py for tasks to queue
[2025-02-28T22:54:36.770+0200] {logging_mixin.py:190} INFO - [2025-02-28T22:54:36.770+0200] {dagbag.py:588} INFO - Filling up the DagBag from /Users/nampham/.pyenv/versions/3.12.9/lib/python3.12/site-packages/airflow/example_dags/example_trigger_controller_dag.py
[2025-02-28T22:54:36.775+0200] {processor.py:925} INFO - DAG(s) 'example_trigger_controller_dag' retrieved from /Users/nampham/.pyenv/versions/3.12.9/lib/python3.12/site-packages/airflow/example_dags/example_trigger_controller_dag.py
[2025-02-28T22:54:36.829+0200] {logging_mixin.py:190} INFO - [2025-02-28T22:54:36.828+0200] {dag.py:3239} INFO - Sync 1 DAGs
[2025-02-28T22:54:36.835+0200] {logging_mixin.py:190} INFO - [2025-02-28T22:54:36.835+0200] {dag.py:4180} INFO - Setting next_dagrun for example_trigger_controller_dag to 2021-01-01 00:00:00+00:00, run_after=2021-01-01 00:00:00+00:00
[2025-02-28T22:54:36.841+0200] {processor.py:208} INFO - Processing /Users/nampham/.pyenv/versions/3.12.9/lib/python3.12/site-packages/airflow/example_dags/example_trigger_controller_dag.py took 0.073 seconds
[2025-02-28T22:56:21.457+0200] {processor.py:186} INFO - Started process (PID=23035) to work on /Users/nampham/.pyenv/versions/3.12.9/lib/python3.12/site-packages/airflow/example_dags/example_trigger_controller_dag.py
[2025-02-28T22:56:21.459+0200] {processor.py:914} INFO - Processing file /Users/nampham/.pyenv/versions/3.12.9/lib/python3.12/site-packages/airflow/example_dags/example_trigger_controller_dag.py for tasks to queue
[2025-02-28T22:56:21.459+0200] {logging_mixin.py:190} INFO - [2025-02-28T22:56:21.459+0200] {dagbag.py:588} INFO - Filling up the DagBag from /Users/nampham/.pyenv/versions/3.12.9/lib/python3.12/site-packages/airflow/example_dags/example_trigger_controller_dag.py
[2025-02-28T22:56:21.463+0200] {processor.py:925} INFO - DAG(s) 'example_trigger_controller_dag' retrieved from /Users/nampham/.pyenv/versions/3.12.9/lib/python3.12/site-packages/airflow/example_dags/example_trigger_controller_dag.py
[2025-02-28T22:56:21.517+0200] {logging_mixin.py:190} INFO - [2025-02-28T22:56:21.517+0200] {dag.py:3239} INFO - Sync 1 DAGs
[2025-02-28T22:56:21.523+0200] {logging_mixin.py:190} INFO - [2025-02-28T22:56:21.523+0200] {dag.py:4180} INFO - Setting next_dagrun for example_trigger_controller_dag to 2021-01-01 00:00:00+00:00, run_after=2021-01-01 00:00:00+00:00
[2025-02-28T22:56:21.529+0200] {processor.py:208} INFO - Processing /Users/nampham/.pyenv/versions/3.12.9/lib/python3.12/site-packages/airflow/example_dags/example_trigger_controller_dag.py took 0.073 seconds
[2025-02-28T22:57:48.304+0200] {processor.py:186} INFO - Started process (PID=23320) to work on /Users/nampham/.pyenv/versions/3.12.9/lib/python3.12/site-packages/airflow/example_dags/example_trigger_controller_dag.py
[2025-02-28T22:57:48.304+0200] {processor.py:914} INFO - Processing file /Users/nampham/.pyenv/versions/3.12.9/lib/python3.12/site-packages/airflow/example_dags/example_trigger_controller_dag.py for tasks to queue
[2025-02-28T22:57:48.304+0200] {logging_mixin.py:190} INFO - [2025-02-28T22:57:48.304+0200] {dagbag.py:588} INFO - Filling up the DagBag from /Users/nampham/.pyenv/versions/3.12.9/lib/python3.12/site-packages/airflow/example_dags/example_trigger_controller_dag.py
[2025-02-28T22:57:48.309+0200] {processor.py:925} INFO - DAG(s) 'example_trigger_controller_dag' retrieved from /Users/nampham/.pyenv/versions/3.12.9/lib/python3.12/site-packages/airflow/example_dags/example_trigger_controller_dag.py
[2025-02-28T22:57:48.363+0200] {logging_mixin.py:190} INFO - [2025-02-28T22:57:48.362+0200] {dag.py:3239} INFO - Sync 1 DAGs
[2025-02-28T22:57:48.368+0200] {logging_mixin.py:190} INFO - [2025-02-28T22:57:48.368+0200] {dag.py:4180} INFO - Setting next_dagrun for example_trigger_controller_dag to 2021-01-01 00:00:00+00:00, run_after=2021-01-01 00:00:00+00:00
[2025-02-28T22:57:48.375+0200] {processor.py:208} INFO - Processing /Users/nampham/.pyenv/versions/3.12.9/lib/python3.12/site-packages/airflow/example_dags/example_trigger_controller_dag.py took 0.072 seconds
[2025-02-28T22:59:05.685+0200] {processor.py:186} INFO - Started process (PID=23575) to work on /Users/nampham/.pyenv/versions/3.12.9/lib/python3.12/site-packages/airflow/example_dags/example_trigger_controller_dag.py
[2025-02-28T22:59:05.686+0200] {processor.py:914} INFO - Processing file /Users/nampham/.pyenv/versions/3.12.9/lib/python3.12/site-packages/airflow/example_dags/example_trigger_controller_dag.py for tasks to queue
[2025-02-28T22:59:05.687+0200] {logging_mixin.py:190} INFO - [2025-02-28T22:59:05.687+0200] {dagbag.py:588} INFO - Filling up the DagBag from /Users/nampham/.pyenv/versions/3.12.9/lib/python3.12/site-packages/airflow/example_dags/example_trigger_controller_dag.py
[2025-02-28T22:59:05.691+0200] {processor.py:925} INFO - DAG(s) 'example_trigger_controller_dag' retrieved from /Users/nampham/.pyenv/versions/3.12.9/lib/python3.12/site-packages/airflow/example_dags/example_trigger_controller_dag.py
[2025-02-28T22:59:05.745+0200] {logging_mixin.py:190} INFO - [2025-02-28T22:59:05.745+0200] {dag.py:3239} INFO - Sync 1 DAGs
[2025-02-28T22:59:05.752+0200] {logging_mixin.py:190} INFO - [2025-02-28T22:59:05.752+0200] {dag.py:4180} INFO - Setting next_dagrun for example_trigger_controller_dag to 2021-01-01 00:00:00+00:00, run_after=2021-01-01 00:00:00+00:00
[2025-02-28T22:59:05.758+0200] {processor.py:208} INFO - Processing /Users/nampham/.pyenv/versions/3.12.9/lib/python3.12/site-packages/airflow/example_dags/example_trigger_controller_dag.py took 0.074 seconds
[2025-02-28T23:00:49.723+0200] {processor.py:186} INFO - Started process (PID=23940) to work on /Users/nampham/.pyenv/versions/3.12.9/lib/python3.12/site-packages/airflow/example_dags/example_trigger_controller_dag.py
[2025-02-28T23:00:49.724+0200] {processor.py:914} INFO - Processing file /Users/nampham/.pyenv/versions/3.12.9/lib/python3.12/site-packages/airflow/example_dags/example_trigger_controller_dag.py for tasks to queue
[2025-02-28T23:00:49.725+0200] {logging_mixin.py:190} INFO - [2025-02-28T23:00:49.725+0200] {dagbag.py:588} INFO - Filling up the DagBag from /Users/nampham/.pyenv/versions/3.12.9/lib/python3.12/site-packages/airflow/example_dags/example_trigger_controller_dag.py
[2025-02-28T23:00:49.729+0200] {processor.py:925} INFO - DAG(s) 'example_trigger_controller_dag' retrieved from /Users/nampham/.pyenv/versions/3.12.9/lib/python3.12/site-packages/airflow/example_dags/example_trigger_controller_dag.py
[2025-02-28T23:00:49.783+0200] {logging_mixin.py:190} INFO - [2025-02-28T23:00:49.782+0200] {dag.py:3239} INFO - Sync 1 DAGs
[2025-02-28T23:00:49.789+0200] {logging_mixin.py:190} INFO - [2025-02-28T23:00:49.789+0200] {dag.py:4180} INFO - Setting next_dagrun for example_trigger_controller_dag to 2021-01-01 00:00:00+00:00, run_after=2021-01-01 00:00:00+00:00
[2025-02-28T23:00:49.795+0200] {processor.py:208} INFO - Processing /Users/nampham/.pyenv/versions/3.12.9/lib/python3.12/site-packages/airflow/example_dags/example_trigger_controller_dag.py took 0.073 seconds
[2025-02-28T23:02:04.493+0200] {processor.py:186} INFO - Started process (PID=24190) to work on /Users/nampham/.pyenv/versions/3.12.9/lib/python3.12/site-packages/airflow/example_dags/example_trigger_controller_dag.py
[2025-02-28T23:02:04.494+0200] {processor.py:914} INFO - Processing file /Users/nampham/.pyenv/versions/3.12.9/lib/python3.12/site-packages/airflow/example_dags/example_trigger_controller_dag.py for tasks to queue
[2025-02-28T23:02:04.494+0200] {logging_mixin.py:190} INFO - [2025-02-28T23:02:04.494+0200] {dagbag.py:588} INFO - Filling up the DagBag from /Users/nampham/.pyenv/versions/3.12.9/lib/python3.12/site-packages/airflow/example_dags/example_trigger_controller_dag.py
[2025-02-28T23:02:04.499+0200] {processor.py:925} INFO - DAG(s) 'example_trigger_controller_dag' retrieved from /Users/nampham/.pyenv/versions/3.12.9/lib/python3.12/site-packages/airflow/example_dags/example_trigger_controller_dag.py
[2025-02-28T23:02:04.552+0200] {logging_mixin.py:190} INFO - [2025-02-28T23:02:04.552+0200] {dag.py:3239} INFO - Sync 1 DAGs
[2025-02-28T23:02:04.558+0200] {logging_mixin.py:190} INFO - [2025-02-28T23:02:04.558+0200] {dag.py:4180} INFO - Setting next_dagrun for example_trigger_controller_dag to 2021-01-01 00:00:00+00:00, run_after=2021-01-01 00:00:00+00:00
[2025-02-28T23:02:04.565+0200] {processor.py:208} INFO - Processing /Users/nampham/.pyenv/versions/3.12.9/lib/python3.12/site-packages/airflow/example_dags/example_trigger_controller_dag.py took 0.073 seconds
