[2025-02-28T18:25:42.604+0200] {processor.py:186} INFO - Started process (PID=93389) to work on /Users/nampham/.pyenv/versions/3.12.9/lib/python3.12/site-packages/airflow/example_dags/example_dataset_alias_with_no_taskflow.py
[2025-02-28T18:25:42.605+0200] {processor.py:914} INFO - Processing file /Users/nampham/.pyenv/versions/3.12.9/lib/python3.12/site-packages/airflow/example_dags/example_dataset_alias_with_no_taskflow.py for tasks to queue
[2025-02-28T18:25:42.605+0200] {logging_mixin.py:190} INFO - [2025-02-28T18:25:42.605+0200] {dagbag.py:588} INFO - Filling up the DagBag from /Users/nampham/.pyenv/versions/3.12.9/lib/python3.12/site-packages/airflow/example_dags/example_dataset_alias_with_no_taskflow.py
[2025-02-28T18:25:42.801+0200] {processor.py:925} INFO - DAG(s) 'dataset_alias_example_alias_producer_with_no_taskflow', 'dataset_s3_bucket_producer_with_no_taskflow', 'dataset_alias_example_alias_consumer_with_no_taskflow', 'dataset_s3_bucket_consumer_with_no_taskflow' retrieved from /Users/nampham/.pyenv/versions/3.12.9/lib/python3.12/site-packages/airflow/example_dags/example_dataset_alias_with_no_taskflow.py
[2025-02-28T18:25:42.867+0200] {logging_mixin.py:190} INFO - [2025-02-28T18:25:42.866+0200] {override.py:1930} INFO - Created Permission View: can edit on DAG:dataset_alias_example_alias_producer_with_no_taskflow
[2025-02-28T18:25:42.870+0200] {logging_mixin.py:190} INFO - [2025-02-28T18:25:42.870+0200] {override.py:1930} INFO - Created Permission View: can delete on DAG:dataset_alias_example_alias_producer_with_no_taskflow
[2025-02-28T18:25:42.871+0200] {logging_mixin.py:190} INFO - [2025-02-28T18:25:42.871+0200] {override.py:1930} INFO - Created Permission View: can read on DAG:dataset_alias_example_alias_producer_with_no_taskflow
[2025-02-28T18:25:42.874+0200] {logging_mixin.py:190} INFO - [2025-02-28T18:25:42.874+0200] {override.py:1930} INFO - Created Permission View: can create on DAG Run:dataset_alias_example_alias_producer_with_no_taskflow
[2025-02-28T18:25:42.876+0200] {logging_mixin.py:190} INFO - [2025-02-28T18:25:42.876+0200] {override.py:1930} INFO - Created Permission View: can delete on DAG Run:dataset_alias_example_alias_producer_with_no_taskflow
[2025-02-28T18:25:42.877+0200] {logging_mixin.py:190} INFO - [2025-02-28T18:25:42.877+0200] {override.py:1930} INFO - Created Permission View: can read on DAG Run:dataset_alias_example_alias_producer_with_no_taskflow
[2025-02-28T18:25:42.879+0200] {logging_mixin.py:190} INFO - [2025-02-28T18:25:42.879+0200] {override.py:1930} INFO - Created Permission View: menu access on DAG Run:dataset_alias_example_alias_producer_with_no_taskflow
[2025-02-28T18:25:42.883+0200] {logging_mixin.py:190} INFO - [2025-02-28T18:25:42.883+0200] {override.py:1930} INFO - Created Permission View: can edit on DAG:dataset_s3_bucket_producer_with_no_taskflow
[2025-02-28T18:25:42.884+0200] {logging_mixin.py:190} INFO - [2025-02-28T18:25:42.884+0200] {override.py:1930} INFO - Created Permission View: can delete on DAG:dataset_s3_bucket_producer_with_no_taskflow
[2025-02-28T18:25:42.886+0200] {logging_mixin.py:190} INFO - [2025-02-28T18:25:42.886+0200] {override.py:1930} INFO - Created Permission View: can read on DAG:dataset_s3_bucket_producer_with_no_taskflow
[2025-02-28T18:25:42.888+0200] {logging_mixin.py:190} INFO - [2025-02-28T18:25:42.888+0200] {override.py:1930} INFO - Created Permission View: can create on DAG Run:dataset_s3_bucket_producer_with_no_taskflow
[2025-02-28T18:25:42.890+0200] {logging_mixin.py:190} INFO - [2025-02-28T18:25:42.890+0200] {override.py:1930} INFO - Created Permission View: can delete on DAG Run:dataset_s3_bucket_producer_with_no_taskflow
[2025-02-28T18:25:42.892+0200] {logging_mixin.py:190} INFO - [2025-02-28T18:25:42.892+0200] {override.py:1930} INFO - Created Permission View: can read on DAG Run:dataset_s3_bucket_producer_with_no_taskflow
[2025-02-28T18:25:42.894+0200] {logging_mixin.py:190} INFO - [2025-02-28T18:25:42.893+0200] {override.py:1930} INFO - Created Permission View: menu access on DAG Run:dataset_s3_bucket_producer_with_no_taskflow
[2025-02-28T18:25:42.897+0200] {logging_mixin.py:190} INFO - [2025-02-28T18:25:42.897+0200] {override.py:1930} INFO - Created Permission View: can edit on DAG:dataset_alias_example_alias_consumer_with_no_taskflow
[2025-02-28T18:25:42.899+0200] {logging_mixin.py:190} INFO - [2025-02-28T18:25:42.899+0200] {override.py:1930} INFO - Created Permission View: can delete on DAG:dataset_alias_example_alias_consumer_with_no_taskflow
[2025-02-28T18:25:42.901+0200] {logging_mixin.py:190} INFO - [2025-02-28T18:25:42.901+0200] {override.py:1930} INFO - Created Permission View: can read on DAG:dataset_alias_example_alias_consumer_with_no_taskflow
[2025-02-28T18:25:42.903+0200] {logging_mixin.py:190} INFO - [2025-02-28T18:25:42.903+0200] {override.py:1930} INFO - Created Permission View: can create on DAG Run:dataset_alias_example_alias_consumer_with_no_taskflow
[2025-02-28T18:25:42.905+0200] {logging_mixin.py:190} INFO - [2025-02-28T18:25:42.905+0200] {override.py:1930} INFO - Created Permission View: can delete on DAG Run:dataset_alias_example_alias_consumer_with_no_taskflow
[2025-02-28T18:25:42.907+0200] {logging_mixin.py:190} INFO - [2025-02-28T18:25:42.907+0200] {override.py:1930} INFO - Created Permission View: can read on DAG Run:dataset_alias_example_alias_consumer_with_no_taskflow
[2025-02-28T18:25:42.909+0200] {logging_mixin.py:190} INFO - [2025-02-28T18:25:42.909+0200] {override.py:1930} INFO - Created Permission View: menu access on DAG Run:dataset_alias_example_alias_consumer_with_no_taskflow
[2025-02-28T18:25:42.913+0200] {logging_mixin.py:190} INFO - [2025-02-28T18:25:42.913+0200] {override.py:1930} INFO - Created Permission View: can edit on DAG:dataset_s3_bucket_consumer_with_no_taskflow
[2025-02-28T18:25:42.915+0200] {logging_mixin.py:190} INFO - [2025-02-28T18:25:42.915+0200] {override.py:1930} INFO - Created Permission View: can delete on DAG:dataset_s3_bucket_consumer_with_no_taskflow
[2025-02-28T18:25:42.917+0200] {logging_mixin.py:190} INFO - [2025-02-28T18:25:42.917+0200] {override.py:1930} INFO - Created Permission View: can read on DAG:dataset_s3_bucket_consumer_with_no_taskflow
[2025-02-28T18:25:42.919+0200] {logging_mixin.py:190} INFO - [2025-02-28T18:25:42.919+0200] {override.py:1930} INFO - Created Permission View: can create on DAG Run:dataset_s3_bucket_consumer_with_no_taskflow
[2025-02-28T18:25:42.921+0200] {logging_mixin.py:190} INFO - [2025-02-28T18:25:42.921+0200] {override.py:1930} INFO - Created Permission View: can delete on DAG Run:dataset_s3_bucket_consumer_with_no_taskflow
[2025-02-28T18:25:42.923+0200] {logging_mixin.py:190} INFO - [2025-02-28T18:25:42.923+0200] {override.py:1930} INFO - Created Permission View: can read on DAG Run:dataset_s3_bucket_consumer_with_no_taskflow
[2025-02-28T18:25:42.925+0200] {logging_mixin.py:190} INFO - [2025-02-28T18:25:42.925+0200] {override.py:1930} INFO - Created Permission View: menu access on DAG Run:dataset_s3_bucket_consumer_with_no_taskflow
[2025-02-28T18:25:42.925+0200] {logging_mixin.py:190} INFO - [2025-02-28T18:25:42.925+0200] {dag.py:3239} INFO - Sync 4 DAGs
[2025-02-28T18:25:42.929+0200] {logging_mixin.py:190} INFO - [2025-02-28T18:25:42.929+0200] {dag.py:3262} INFO - Creating ORM DAG for dataset_alias_example_alias_consumer_with_no_taskflow
[2025-02-28T18:25:42.929+0200] {logging_mixin.py:190} INFO - [2025-02-28T18:25:42.929+0200] {dag.py:3262} INFO - Creating ORM DAG for dataset_s3_bucket_producer_with_no_taskflow
[2025-02-28T18:25:42.929+0200] {logging_mixin.py:190} INFO - [2025-02-28T18:25:42.929+0200] {dag.py:3262} INFO - Creating ORM DAG for dataset_s3_bucket_consumer_with_no_taskflow
[2025-02-28T18:25:42.929+0200] {logging_mixin.py:190} INFO - [2025-02-28T18:25:42.929+0200] {dag.py:3262} INFO - Creating ORM DAG for dataset_alias_example_alias_producer_with_no_taskflow
[2025-02-28T18:25:42.932+0200] {logging_mixin.py:190} INFO - [2025-02-28T18:25:42.932+0200] {dag.py:4180} INFO - Setting next_dagrun for dataset_alias_example_alias_consumer_with_no_taskflow to None, run_after=None
[2025-02-28T18:25:42.932+0200] {logging_mixin.py:190} INFO - [2025-02-28T18:25:42.932+0200] {dag.py:4180} INFO - Setting next_dagrun for dataset_alias_example_alias_producer_with_no_taskflow to None, run_after=None
[2025-02-28T18:25:42.932+0200] {logging_mixin.py:190} INFO - [2025-02-28T18:25:42.932+0200] {dag.py:4180} INFO - Setting next_dagrun for dataset_s3_bucket_consumer_with_no_taskflow to None, run_after=None
[2025-02-28T18:25:42.933+0200] {logging_mixin.py:190} INFO - [2025-02-28T18:25:42.933+0200] {dag.py:4180} INFO - Setting next_dagrun for dataset_s3_bucket_producer_with_no_taskflow to None, run_after=None
[2025-02-28T18:25:43.255+0200] {processor.py:208} INFO - Processing /Users/nampham/.pyenv/versions/3.12.9/lib/python3.12/site-packages/airflow/example_dags/example_dataset_alias_with_no_taskflow.py took 0.652 seconds
[2025-02-28T18:28:21.323+0200] {processor.py:186} INFO - Started process (PID=94037) to work on /Users/nampham/.pyenv/versions/3.12.9/lib/python3.12/site-packages/airflow/example_dags/example_dataset_alias_with_no_taskflow.py
[2025-02-28T18:28:21.324+0200] {processor.py:914} INFO - Processing file /Users/nampham/.pyenv/versions/3.12.9/lib/python3.12/site-packages/airflow/example_dags/example_dataset_alias_with_no_taskflow.py for tasks to queue
[2025-02-28T18:28:21.324+0200] {logging_mixin.py:190} INFO - [2025-02-28T18:28:21.324+0200] {dagbag.py:588} INFO - Filling up the DagBag from /Users/nampham/.pyenv/versions/3.12.9/lib/python3.12/site-packages/airflow/example_dags/example_dataset_alias_with_no_taskflow.py
[2025-02-28T18:28:21.522+0200] {processor.py:925} INFO - DAG(s) 'dataset_alias_example_alias_producer_with_no_taskflow', 'dataset_alias_example_alias_consumer_with_no_taskflow', 'dataset_s3_bucket_producer_with_no_taskflow', 'dataset_s3_bucket_consumer_with_no_taskflow' retrieved from /Users/nampham/.pyenv/versions/3.12.9/lib/python3.12/site-packages/airflow/example_dags/example_dataset_alias_with_no_taskflow.py
[2025-02-28T18:28:21.529+0200] {logging_mixin.py:190} INFO - [2025-02-28T18:28:21.529+0200] {dag.py:3239} INFO - Sync 4 DAGs
[2025-02-28T18:28:21.536+0200] {logging_mixin.py:190} INFO - [2025-02-28T18:28:21.536+0200] {dag.py:4180} INFO - Setting next_dagrun for dataset_alias_example_alias_consumer_with_no_taskflow to None, run_after=None
[2025-02-28T18:28:21.536+0200] {logging_mixin.py:190} INFO - [2025-02-28T18:28:21.536+0200] {dag.py:4180} INFO - Setting next_dagrun for dataset_alias_example_alias_producer_with_no_taskflow to None, run_after=None
[2025-02-28T18:28:21.537+0200] {logging_mixin.py:190} INFO - [2025-02-28T18:28:21.537+0200] {dag.py:4180} INFO - Setting next_dagrun for dataset_s3_bucket_consumer_with_no_taskflow to None, run_after=None
[2025-02-28T18:28:21.537+0200] {logging_mixin.py:190} INFO - [2025-02-28T18:28:21.537+0200] {dag.py:4180} INFO - Setting next_dagrun for dataset_s3_bucket_producer_with_no_taskflow to None, run_after=None
[2025-02-28T18:28:21.544+0200] {processor.py:208} INFO - Processing /Users/nampham/.pyenv/versions/3.12.9/lib/python3.12/site-packages/airflow/example_dags/example_dataset_alias_with_no_taskflow.py took 0.223 seconds
[2025-02-28T20:13:44.731+0200] {processor.py:186} INFO - Started process (PID=98102) to work on /Users/nampham/.pyenv/versions/3.12.9/lib/python3.12/site-packages/airflow/example_dags/example_dataset_alias_with_no_taskflow.py
[2025-02-28T20:13:44.731+0200] {processor.py:914} INFO - Processing file /Users/nampham/.pyenv/versions/3.12.9/lib/python3.12/site-packages/airflow/example_dags/example_dataset_alias_with_no_taskflow.py for tasks to queue
[2025-02-28T20:13:44.732+0200] {logging_mixin.py:190} INFO - [2025-02-28T20:13:44.732+0200] {dagbag.py:588} INFO - Filling up the DagBag from /Users/nampham/.pyenv/versions/3.12.9/lib/python3.12/site-packages/airflow/example_dags/example_dataset_alias_with_no_taskflow.py
[2025-02-28T20:13:44.929+0200] {processor.py:925} INFO - DAG(s) 'dataset_alias_example_alias_consumer_with_no_taskflow', 'dataset_s3_bucket_producer_with_no_taskflow', 'dataset_s3_bucket_consumer_with_no_taskflow', 'dataset_alias_example_alias_producer_with_no_taskflow' retrieved from /Users/nampham/.pyenv/versions/3.12.9/lib/python3.12/site-packages/airflow/example_dags/example_dataset_alias_with_no_taskflow.py
[2025-02-28T20:13:45.026+0200] {logging_mixin.py:190} INFO - [2025-02-28T20:13:45.026+0200] {dag.py:3239} INFO - Sync 4 DAGs
[2025-02-28T20:13:45.032+0200] {logging_mixin.py:190} INFO - [2025-02-28T20:13:45.032+0200] {dag.py:4180} INFO - Setting next_dagrun for dataset_alias_example_alias_consumer_with_no_taskflow to None, run_after=None
[2025-02-28T20:13:45.032+0200] {logging_mixin.py:190} INFO - [2025-02-28T20:13:45.032+0200] {dag.py:4180} INFO - Setting next_dagrun for dataset_alias_example_alias_producer_with_no_taskflow to None, run_after=None
[2025-02-28T20:13:45.033+0200] {logging_mixin.py:190} INFO - [2025-02-28T20:13:45.033+0200] {dag.py:4180} INFO - Setting next_dagrun for dataset_s3_bucket_consumer_with_no_taskflow to None, run_after=None
[2025-02-28T20:13:45.034+0200] {logging_mixin.py:190} INFO - [2025-02-28T20:13:45.034+0200] {dag.py:4180} INFO - Setting next_dagrun for dataset_s3_bucket_producer_with_no_taskflow to None, run_after=None
[2025-02-28T20:13:45.040+0200] {processor.py:208} INFO - Processing /Users/nampham/.pyenv/versions/3.12.9/lib/python3.12/site-packages/airflow/example_dags/example_dataset_alias_with_no_taskflow.py took 0.311 seconds
[2025-02-28T20:16:22.634+0200] {processor.py:186} INFO - Started process (PID=98696) to work on /Users/nampham/.pyenv/versions/3.12.9/lib/python3.12/site-packages/airflow/example_dags/example_dataset_alias_with_no_taskflow.py
[2025-02-28T20:16:22.635+0200] {processor.py:914} INFO - Processing file /Users/nampham/.pyenv/versions/3.12.9/lib/python3.12/site-packages/airflow/example_dags/example_dataset_alias_with_no_taskflow.py for tasks to queue
[2025-02-28T20:16:22.635+0200] {logging_mixin.py:190} INFO - [2025-02-28T20:16:22.635+0200] {dagbag.py:588} INFO - Filling up the DagBag from /Users/nampham/.pyenv/versions/3.12.9/lib/python3.12/site-packages/airflow/example_dags/example_dataset_alias_with_no_taskflow.py
[2025-02-28T20:16:22.836+0200] {processor.py:925} INFO - DAG(s) 'dataset_alias_example_alias_producer_with_no_taskflow', 'dataset_s3_bucket_consumer_with_no_taskflow', 'dataset_alias_example_alias_consumer_with_no_taskflow', 'dataset_s3_bucket_producer_with_no_taskflow' retrieved from /Users/nampham/.pyenv/versions/3.12.9/lib/python3.12/site-packages/airflow/example_dags/example_dataset_alias_with_no_taskflow.py
[2025-02-28T20:16:22.843+0200] {logging_mixin.py:190} INFO - [2025-02-28T20:16:22.843+0200] {dag.py:3239} INFO - Sync 4 DAGs
[2025-02-28T20:16:22.849+0200] {logging_mixin.py:190} INFO - [2025-02-28T20:16:22.849+0200] {dag.py:4180} INFO - Setting next_dagrun for dataset_alias_example_alias_consumer_with_no_taskflow to None, run_after=None
[2025-02-28T20:16:22.850+0200] {logging_mixin.py:190} INFO - [2025-02-28T20:16:22.850+0200] {dag.py:4180} INFO - Setting next_dagrun for dataset_alias_example_alias_producer_with_no_taskflow to None, run_after=None
[2025-02-28T20:16:22.850+0200] {logging_mixin.py:190} INFO - [2025-02-28T20:16:22.850+0200] {dag.py:4180} INFO - Setting next_dagrun for dataset_s3_bucket_consumer_with_no_taskflow to None, run_after=None
[2025-02-28T20:16:22.851+0200] {logging_mixin.py:190} INFO - [2025-02-28T20:16:22.850+0200] {dag.py:4180} INFO - Setting next_dagrun for dataset_s3_bucket_producer_with_no_taskflow to None, run_after=None
[2025-02-28T20:16:22.857+0200] {processor.py:208} INFO - Processing /Users/nampham/.pyenv/versions/3.12.9/lib/python3.12/site-packages/airflow/example_dags/example_dataset_alias_with_no_taskflow.py took 0.225 seconds
[2025-02-28T20:19:25.866+0200] {processor.py:186} INFO - Started process (PID=99466) to work on /Users/nampham/.pyenv/versions/3.12.9/lib/python3.12/site-packages/airflow/example_dags/example_dataset_alias_with_no_taskflow.py
[2025-02-28T20:19:25.867+0200] {processor.py:914} INFO - Processing file /Users/nampham/.pyenv/versions/3.12.9/lib/python3.12/site-packages/airflow/example_dags/example_dataset_alias_with_no_taskflow.py for tasks to queue
[2025-02-28T20:19:25.868+0200] {logging_mixin.py:190} INFO - [2025-02-28T20:19:25.868+0200] {dagbag.py:588} INFO - Filling up the DagBag from /Users/nampham/.pyenv/versions/3.12.9/lib/python3.12/site-packages/airflow/example_dags/example_dataset_alias_with_no_taskflow.py
[2025-02-28T20:19:26.062+0200] {processor.py:925} INFO - DAG(s) 'dataset_s3_bucket_producer_with_no_taskflow', 'dataset_s3_bucket_consumer_with_no_taskflow', 'dataset_alias_example_alias_producer_with_no_taskflow', 'dataset_alias_example_alias_consumer_with_no_taskflow' retrieved from /Users/nampham/.pyenv/versions/3.12.9/lib/python3.12/site-packages/airflow/example_dags/example_dataset_alias_with_no_taskflow.py
[2025-02-28T20:19:26.070+0200] {logging_mixin.py:190} INFO - [2025-02-28T20:19:26.069+0200] {dag.py:3239} INFO - Sync 4 DAGs
[2025-02-28T20:19:26.076+0200] {logging_mixin.py:190} INFO - [2025-02-28T20:19:26.076+0200] {dag.py:4180} INFO - Setting next_dagrun for dataset_alias_example_alias_consumer_with_no_taskflow to None, run_after=None
[2025-02-28T20:19:26.077+0200] {logging_mixin.py:190} INFO - [2025-02-28T20:19:26.077+0200] {dag.py:4180} INFO - Setting next_dagrun for dataset_alias_example_alias_producer_with_no_taskflow to None, run_after=None
[2025-02-28T20:19:26.077+0200] {logging_mixin.py:190} INFO - [2025-02-28T20:19:26.077+0200] {dag.py:4180} INFO - Setting next_dagrun for dataset_s3_bucket_consumer_with_no_taskflow to None, run_after=None
[2025-02-28T20:19:26.077+0200] {logging_mixin.py:190} INFO - [2025-02-28T20:19:26.077+0200] {dag.py:4180} INFO - Setting next_dagrun for dataset_s3_bucket_producer_with_no_taskflow to None, run_after=None
[2025-02-28T20:19:26.084+0200] {processor.py:208} INFO - Processing /Users/nampham/.pyenv/versions/3.12.9/lib/python3.12/site-packages/airflow/example_dags/example_dataset_alias_with_no_taskflow.py took 0.219 seconds
[2025-02-28T20:22:03.641+0200] {processor.py:186} INFO - Started process (PID=182) to work on /Users/nampham/.pyenv/versions/3.12.9/lib/python3.12/site-packages/airflow/example_dags/example_dataset_alias_with_no_taskflow.py
[2025-02-28T20:22:03.642+0200] {processor.py:914} INFO - Processing file /Users/nampham/.pyenv/versions/3.12.9/lib/python3.12/site-packages/airflow/example_dags/example_dataset_alias_with_no_taskflow.py for tasks to queue
[2025-02-28T20:22:03.643+0200] {logging_mixin.py:190} INFO - [2025-02-28T20:22:03.642+0200] {dagbag.py:588} INFO - Filling up the DagBag from /Users/nampham/.pyenv/versions/3.12.9/lib/python3.12/site-packages/airflow/example_dags/example_dataset_alias_with_no_taskflow.py
[2025-02-28T20:22:03.853+0200] {processor.py:925} INFO - DAG(s) 'dataset_alias_example_alias_producer_with_no_taskflow', 'dataset_s3_bucket_consumer_with_no_taskflow', 'dataset_s3_bucket_producer_with_no_taskflow', 'dataset_alias_example_alias_consumer_with_no_taskflow' retrieved from /Users/nampham/.pyenv/versions/3.12.9/lib/python3.12/site-packages/airflow/example_dags/example_dataset_alias_with_no_taskflow.py
[2025-02-28T20:22:03.860+0200] {logging_mixin.py:190} INFO - [2025-02-28T20:22:03.860+0200] {dag.py:3239} INFO - Sync 4 DAGs
[2025-02-28T20:22:03.867+0200] {logging_mixin.py:190} INFO - [2025-02-28T20:22:03.867+0200] {dag.py:4180} INFO - Setting next_dagrun for dataset_alias_example_alias_consumer_with_no_taskflow to None, run_after=None
[2025-02-28T20:22:03.867+0200] {logging_mixin.py:190} INFO - [2025-02-28T20:22:03.867+0200] {dag.py:4180} INFO - Setting next_dagrun for dataset_alias_example_alias_producer_with_no_taskflow to None, run_after=None
[2025-02-28T20:22:03.868+0200] {logging_mixin.py:190} INFO - [2025-02-28T20:22:03.868+0200] {dag.py:4180} INFO - Setting next_dagrun for dataset_s3_bucket_consumer_with_no_taskflow to None, run_after=None
[2025-02-28T20:22:03.868+0200] {logging_mixin.py:190} INFO - [2025-02-28T20:22:03.868+0200] {dag.py:4180} INFO - Setting next_dagrun for dataset_s3_bucket_producer_with_no_taskflow to None, run_after=None
[2025-02-28T20:22:03.875+0200] {processor.py:208} INFO - Processing /Users/nampham/.pyenv/versions/3.12.9/lib/python3.12/site-packages/airflow/example_dags/example_dataset_alias_with_no_taskflow.py took 0.235 seconds
[2025-02-28T21:28:37.373+0200] {processor.py:186} INFO - Started process (PID=5696) to work on /Users/nampham/.pyenv/versions/3.12.9/lib/python3.12/site-packages/airflow/example_dags/example_dataset_alias_with_no_taskflow.py
[2025-02-28T21:28:37.374+0200] {processor.py:914} INFO - Processing file /Users/nampham/.pyenv/versions/3.12.9/lib/python3.12/site-packages/airflow/example_dags/example_dataset_alias_with_no_taskflow.py for tasks to queue
[2025-02-28T21:28:37.375+0200] {logging_mixin.py:190} INFO - [2025-02-28T21:28:37.375+0200] {dagbag.py:588} INFO - Filling up the DagBag from /Users/nampham/.pyenv/versions/3.12.9/lib/python3.12/site-packages/airflow/example_dags/example_dataset_alias_with_no_taskflow.py
[2025-02-28T21:28:37.570+0200] {processor.py:925} INFO - DAG(s) 'dataset_alias_example_alias_consumer_with_no_taskflow', 'dataset_s3_bucket_producer_with_no_taskflow', 'dataset_alias_example_alias_producer_with_no_taskflow', 'dataset_s3_bucket_consumer_with_no_taskflow' retrieved from /Users/nampham/.pyenv/versions/3.12.9/lib/python3.12/site-packages/airflow/example_dags/example_dataset_alias_with_no_taskflow.py
[2025-02-28T21:28:37.577+0200] {logging_mixin.py:190} INFO - [2025-02-28T21:28:37.577+0200] {dag.py:3239} INFO - Sync 4 DAGs
[2025-02-28T21:28:37.584+0200] {logging_mixin.py:190} INFO - [2025-02-28T21:28:37.584+0200] {dag.py:4180} INFO - Setting next_dagrun for dataset_alias_example_alias_consumer_with_no_taskflow to None, run_after=None
[2025-02-28T21:28:37.585+0200] {logging_mixin.py:190} INFO - [2025-02-28T21:28:37.585+0200] {dag.py:4180} INFO - Setting next_dagrun for dataset_alias_example_alias_producer_with_no_taskflow to None, run_after=None
[2025-02-28T21:28:37.585+0200] {logging_mixin.py:190} INFO - [2025-02-28T21:28:37.585+0200] {dag.py:4180} INFO - Setting next_dagrun for dataset_s3_bucket_consumer_with_no_taskflow to None, run_after=None
[2025-02-28T21:28:37.585+0200] {logging_mixin.py:190} INFO - [2025-02-28T21:28:37.585+0200] {dag.py:4180} INFO - Setting next_dagrun for dataset_s3_bucket_producer_with_no_taskflow to None, run_after=None
[2025-02-28T21:28:37.592+0200] {processor.py:208} INFO - Processing /Users/nampham/.pyenv/versions/3.12.9/lib/python3.12/site-packages/airflow/example_dags/example_dataset_alias_with_no_taskflow.py took 0.220 seconds
[2025-02-28T21:31:23.267+0200] {processor.py:186} INFO - Started process (PID=6342) to work on /Users/nampham/.pyenv/versions/3.12.9/lib/python3.12/site-packages/airflow/example_dags/example_dataset_alias_with_no_taskflow.py
[2025-02-28T21:31:23.267+0200] {processor.py:914} INFO - Processing file /Users/nampham/.pyenv/versions/3.12.9/lib/python3.12/site-packages/airflow/example_dags/example_dataset_alias_with_no_taskflow.py for tasks to queue
[2025-02-28T21:31:23.268+0200] {logging_mixin.py:190} INFO - [2025-02-28T21:31:23.268+0200] {dagbag.py:588} INFO - Filling up the DagBag from /Users/nampham/.pyenv/versions/3.12.9/lib/python3.12/site-packages/airflow/example_dags/example_dataset_alias_with_no_taskflow.py
[2025-02-28T21:31:23.475+0200] {processor.py:925} INFO - DAG(s) 'dataset_alias_example_alias_producer_with_no_taskflow', 'dataset_s3_bucket_consumer_with_no_taskflow', 'dataset_s3_bucket_producer_with_no_taskflow', 'dataset_alias_example_alias_consumer_with_no_taskflow' retrieved from /Users/nampham/.pyenv/versions/3.12.9/lib/python3.12/site-packages/airflow/example_dags/example_dataset_alias_with_no_taskflow.py
[2025-02-28T21:31:23.482+0200] {logging_mixin.py:190} INFO - [2025-02-28T21:31:23.482+0200] {dag.py:3239} INFO - Sync 4 DAGs
[2025-02-28T21:31:23.489+0200] {logging_mixin.py:190} INFO - [2025-02-28T21:31:23.489+0200] {dag.py:4180} INFO - Setting next_dagrun for dataset_alias_example_alias_consumer_with_no_taskflow to None, run_after=None
[2025-02-28T21:31:23.490+0200] {logging_mixin.py:190} INFO - [2025-02-28T21:31:23.490+0200] {dag.py:4180} INFO - Setting next_dagrun for dataset_alias_example_alias_producer_with_no_taskflow to None, run_after=None
[2025-02-28T21:31:23.490+0200] {logging_mixin.py:190} INFO - [2025-02-28T21:31:23.490+0200] {dag.py:4180} INFO - Setting next_dagrun for dataset_s3_bucket_consumer_with_no_taskflow to None, run_after=None
[2025-02-28T21:31:23.490+0200] {logging_mixin.py:190} INFO - [2025-02-28T21:31:23.490+0200] {dag.py:4180} INFO - Setting next_dagrun for dataset_s3_bucket_producer_with_no_taskflow to None, run_after=None
[2025-02-28T21:31:23.497+0200] {processor.py:208} INFO - Processing /Users/nampham/.pyenv/versions/3.12.9/lib/python3.12/site-packages/airflow/example_dags/example_dataset_alias_with_no_taskflow.py took 0.232 seconds
[2025-02-28T21:34:00.023+0200] {processor.py:186} INFO - Started process (PID=7168) to work on /Users/nampham/.pyenv/versions/3.12.9/lib/python3.12/site-packages/airflow/example_dags/example_dataset_alias_with_no_taskflow.py
[2025-02-28T21:34:00.024+0200] {processor.py:914} INFO - Processing file /Users/nampham/.pyenv/versions/3.12.9/lib/python3.12/site-packages/airflow/example_dags/example_dataset_alias_with_no_taskflow.py for tasks to queue
[2025-02-28T21:34:00.024+0200] {logging_mixin.py:190} INFO - [2025-02-28T21:34:00.024+0200] {dagbag.py:588} INFO - Filling up the DagBag from /Users/nampham/.pyenv/versions/3.12.9/lib/python3.12/site-packages/airflow/example_dags/example_dataset_alias_with_no_taskflow.py
[2025-02-28T21:34:00.232+0200] {processor.py:925} INFO - DAG(s) 'dataset_s3_bucket_producer_with_no_taskflow', 'dataset_alias_example_alias_producer_with_no_taskflow', 'dataset_s3_bucket_consumer_with_no_taskflow', 'dataset_alias_example_alias_consumer_with_no_taskflow' retrieved from /Users/nampham/.pyenv/versions/3.12.9/lib/python3.12/site-packages/airflow/example_dags/example_dataset_alias_with_no_taskflow.py
[2025-02-28T21:34:00.240+0200] {logging_mixin.py:190} INFO - [2025-02-28T21:34:00.240+0200] {dag.py:3239} INFO - Sync 4 DAGs
[2025-02-28T21:34:00.247+0200] {logging_mixin.py:190} INFO - [2025-02-28T21:34:00.247+0200] {dag.py:4180} INFO - Setting next_dagrun for dataset_alias_example_alias_consumer_with_no_taskflow to None, run_after=None
[2025-02-28T21:34:00.248+0200] {logging_mixin.py:190} INFO - [2025-02-28T21:34:00.248+0200] {dag.py:4180} INFO - Setting next_dagrun for dataset_alias_example_alias_producer_with_no_taskflow to None, run_after=None
[2025-02-28T21:34:00.248+0200] {logging_mixin.py:190} INFO - [2025-02-28T21:34:00.248+0200] {dag.py:4180} INFO - Setting next_dagrun for dataset_s3_bucket_consumer_with_no_taskflow to None, run_after=None
[2025-02-28T21:34:00.248+0200] {logging_mixin.py:190} INFO - [2025-02-28T21:34:00.248+0200] {dag.py:4180} INFO - Setting next_dagrun for dataset_s3_bucket_producer_with_no_taskflow to None, run_after=None
[2025-02-28T21:34:00.256+0200] {processor.py:208} INFO - Processing /Users/nampham/.pyenv/versions/3.12.9/lib/python3.12/site-packages/airflow/example_dags/example_dataset_alias_with_no_taskflow.py took 0.234 seconds
[2025-02-28T21:37:48.806+0200] {processor.py:186} INFO - Started process (PID=8071) to work on /Users/nampham/.pyenv/versions/3.12.9/lib/python3.12/site-packages/airflow/example_dags/example_dataset_alias_with_no_taskflow.py
[2025-02-28T21:37:48.807+0200] {processor.py:914} INFO - Processing file /Users/nampham/.pyenv/versions/3.12.9/lib/python3.12/site-packages/airflow/example_dags/example_dataset_alias_with_no_taskflow.py for tasks to queue
[2025-02-28T21:37:48.808+0200] {logging_mixin.py:190} INFO - [2025-02-28T21:37:48.807+0200] {dagbag.py:588} INFO - Filling up the DagBag from /Users/nampham/.pyenv/versions/3.12.9/lib/python3.12/site-packages/airflow/example_dags/example_dataset_alias_with_no_taskflow.py
[2025-02-28T21:37:49.010+0200] {processor.py:925} INFO - DAG(s) 'dataset_s3_bucket_producer_with_no_taskflow', 'dataset_alias_example_alias_producer_with_no_taskflow', 'dataset_alias_example_alias_consumer_with_no_taskflow', 'dataset_s3_bucket_consumer_with_no_taskflow' retrieved from /Users/nampham/.pyenv/versions/3.12.9/lib/python3.12/site-packages/airflow/example_dags/example_dataset_alias_with_no_taskflow.py
[2025-02-28T21:37:49.078+0200] {logging_mixin.py:190} INFO - [2025-02-28T21:37:49.077+0200] {override.py:1930} INFO - Created Permission View: can delete on DAG:dataset_s3_bucket_producer_with_no_taskflow
[2025-02-28T21:37:49.081+0200] {logging_mixin.py:190} INFO - [2025-02-28T21:37:49.081+0200] {override.py:1930} INFO - Created Permission View: can edit on DAG:dataset_s3_bucket_producer_with_no_taskflow
[2025-02-28T21:37:49.083+0200] {logging_mixin.py:190} INFO - [2025-02-28T21:37:49.083+0200] {override.py:1930} INFO - Created Permission View: can read on DAG:dataset_s3_bucket_producer_with_no_taskflow
[2025-02-28T21:37:49.085+0200] {logging_mixin.py:190} INFO - [2025-02-28T21:37:49.085+0200] {override.py:1930} INFO - Created Permission View: can delete on DAG Run:dataset_s3_bucket_producer_with_no_taskflow
[2025-02-28T21:37:49.087+0200] {logging_mixin.py:190} INFO - [2025-02-28T21:37:49.087+0200] {override.py:1930} INFO - Created Permission View: menu access on DAG Run:dataset_s3_bucket_producer_with_no_taskflow
[2025-02-28T21:37:49.089+0200] {logging_mixin.py:190} INFO - [2025-02-28T21:37:49.089+0200] {override.py:1930} INFO - Created Permission View: can read on DAG Run:dataset_s3_bucket_producer_with_no_taskflow
[2025-02-28T21:37:49.090+0200] {logging_mixin.py:190} INFO - [2025-02-28T21:37:49.090+0200] {override.py:1930} INFO - Created Permission View: can create on DAG Run:dataset_s3_bucket_producer_with_no_taskflow
[2025-02-28T21:37:49.095+0200] {logging_mixin.py:190} INFO - [2025-02-28T21:37:49.095+0200] {override.py:1930} INFO - Created Permission View: can delete on DAG:dataset_alias_example_alias_producer_with_no_taskflow
[2025-02-28T21:37:49.097+0200] {logging_mixin.py:190} INFO - [2025-02-28T21:37:49.097+0200] {override.py:1930} INFO - Created Permission View: can edit on DAG:dataset_alias_example_alias_producer_with_no_taskflow
[2025-02-28T21:37:49.099+0200] {logging_mixin.py:190} INFO - [2025-02-28T21:37:49.098+0200] {override.py:1930} INFO - Created Permission View: can read on DAG:dataset_alias_example_alias_producer_with_no_taskflow
[2025-02-28T21:37:49.101+0200] {logging_mixin.py:190} INFO - [2025-02-28T21:37:49.101+0200] {override.py:1930} INFO - Created Permission View: can delete on DAG Run:dataset_alias_example_alias_producer_with_no_taskflow
[2025-02-28T21:37:49.103+0200] {logging_mixin.py:190} INFO - [2025-02-28T21:37:49.103+0200] {override.py:1930} INFO - Created Permission View: menu access on DAG Run:dataset_alias_example_alias_producer_with_no_taskflow
[2025-02-28T21:37:49.104+0200] {logging_mixin.py:190} INFO - [2025-02-28T21:37:49.104+0200] {override.py:1930} INFO - Created Permission View: can read on DAG Run:dataset_alias_example_alias_producer_with_no_taskflow
[2025-02-28T21:37:49.106+0200] {logging_mixin.py:190} INFO - [2025-02-28T21:37:49.106+0200] {override.py:1930} INFO - Created Permission View: can create on DAG Run:dataset_alias_example_alias_producer_with_no_taskflow
[2025-02-28T21:37:49.110+0200] {logging_mixin.py:190} INFO - [2025-02-28T21:37:49.110+0200] {override.py:1930} INFO - Created Permission View: can delete on DAG:dataset_alias_example_alias_consumer_with_no_taskflow
[2025-02-28T21:37:49.112+0200] {logging_mixin.py:190} INFO - [2025-02-28T21:37:49.111+0200] {override.py:1930} INFO - Created Permission View: can edit on DAG:dataset_alias_example_alias_consumer_with_no_taskflow
[2025-02-28T21:37:49.113+0200] {logging_mixin.py:190} INFO - [2025-02-28T21:37:49.113+0200] {override.py:1930} INFO - Created Permission View: can read on DAG:dataset_alias_example_alias_consumer_with_no_taskflow
[2025-02-28T21:37:49.115+0200] {logging_mixin.py:190} INFO - [2025-02-28T21:37:49.115+0200] {override.py:1930} INFO - Created Permission View: can delete on DAG Run:dataset_alias_example_alias_consumer_with_no_taskflow
[2025-02-28T21:37:49.117+0200] {logging_mixin.py:190} INFO - [2025-02-28T21:37:49.117+0200] {override.py:1930} INFO - Created Permission View: menu access on DAG Run:dataset_alias_example_alias_consumer_with_no_taskflow
[2025-02-28T21:37:49.119+0200] {logging_mixin.py:190} INFO - [2025-02-28T21:37:49.119+0200] {override.py:1930} INFO - Created Permission View: can read on DAG Run:dataset_alias_example_alias_consumer_with_no_taskflow
[2025-02-28T21:37:49.121+0200] {logging_mixin.py:190} INFO - [2025-02-28T21:37:49.120+0200] {override.py:1930} INFO - Created Permission View: can create on DAG Run:dataset_alias_example_alias_consumer_with_no_taskflow
[2025-02-28T21:37:49.124+0200] {logging_mixin.py:190} INFO - [2025-02-28T21:37:49.124+0200] {override.py:1930} INFO - Created Permission View: can delete on DAG:dataset_s3_bucket_consumer_with_no_taskflow
[2025-02-28T21:37:49.126+0200] {logging_mixin.py:190} INFO - [2025-02-28T21:37:49.126+0200] {override.py:1930} INFO - Created Permission View: can edit on DAG:dataset_s3_bucket_consumer_with_no_taskflow
[2025-02-28T21:37:49.127+0200] {logging_mixin.py:190} INFO - [2025-02-28T21:37:49.127+0200] {override.py:1930} INFO - Created Permission View: can read on DAG:dataset_s3_bucket_consumer_with_no_taskflow
[2025-02-28T21:37:49.130+0200] {logging_mixin.py:190} INFO - [2025-02-28T21:37:49.130+0200] {override.py:1930} INFO - Created Permission View: can delete on DAG Run:dataset_s3_bucket_consumer_with_no_taskflow
[2025-02-28T21:37:49.131+0200] {logging_mixin.py:190} INFO - [2025-02-28T21:37:49.131+0200] {override.py:1930} INFO - Created Permission View: menu access on DAG Run:dataset_s3_bucket_consumer_with_no_taskflow
[2025-02-28T21:37:49.133+0200] {logging_mixin.py:190} INFO - [2025-02-28T21:37:49.133+0200] {override.py:1930} INFO - Created Permission View: can read on DAG Run:dataset_s3_bucket_consumer_with_no_taskflow
[2025-02-28T21:37:49.135+0200] {logging_mixin.py:190} INFO - [2025-02-28T21:37:49.135+0200] {override.py:1930} INFO - Created Permission View: can create on DAG Run:dataset_s3_bucket_consumer_with_no_taskflow
[2025-02-28T21:37:49.135+0200] {logging_mixin.py:190} INFO - [2025-02-28T21:37:49.135+0200] {dag.py:3239} INFO - Sync 4 DAGs
[2025-02-28T21:37:49.139+0200] {logging_mixin.py:190} INFO - [2025-02-28T21:37:49.139+0200] {dag.py:3262} INFO - Creating ORM DAG for dataset_alias_example_alias_consumer_with_no_taskflow
[2025-02-28T21:37:49.139+0200] {logging_mixin.py:190} INFO - [2025-02-28T21:37:49.139+0200] {dag.py:3262} INFO - Creating ORM DAG for dataset_s3_bucket_producer_with_no_taskflow
[2025-02-28T21:37:49.140+0200] {logging_mixin.py:190} INFO - [2025-02-28T21:37:49.140+0200] {dag.py:3262} INFO - Creating ORM DAG for dataset_s3_bucket_consumer_with_no_taskflow
[2025-02-28T21:37:49.140+0200] {logging_mixin.py:190} INFO - [2025-02-28T21:37:49.140+0200] {dag.py:3262} INFO - Creating ORM DAG for dataset_alias_example_alias_producer_with_no_taskflow
[2025-02-28T21:37:49.142+0200] {logging_mixin.py:190} INFO - [2025-02-28T21:37:49.142+0200] {dag.py:4180} INFO - Setting next_dagrun for dataset_alias_example_alias_consumer_with_no_taskflow to None, run_after=None
[2025-02-28T21:37:49.143+0200] {logging_mixin.py:190} INFO - [2025-02-28T21:37:49.143+0200] {dag.py:4180} INFO - Setting next_dagrun for dataset_alias_example_alias_producer_with_no_taskflow to None, run_after=None
[2025-02-28T21:37:49.143+0200] {logging_mixin.py:190} INFO - [2025-02-28T21:37:49.143+0200] {dag.py:4180} INFO - Setting next_dagrun for dataset_s3_bucket_consumer_with_no_taskflow to None, run_after=None
[2025-02-28T21:37:49.143+0200] {logging_mixin.py:190} INFO - [2025-02-28T21:37:49.143+0200] {dag.py:4180} INFO - Setting next_dagrun for dataset_s3_bucket_producer_with_no_taskflow to None, run_after=None
[2025-02-28T21:37:49.409+0200] {processor.py:208} INFO - Processing /Users/nampham/.pyenv/versions/3.12.9/lib/python3.12/site-packages/airflow/example_dags/example_dataset_alias_with_no_taskflow.py took 0.604 seconds
[2025-02-28T21:40:24.040+0200] {processor.py:186} INFO - Started process (PID=8662) to work on /Users/nampham/.pyenv/versions/3.12.9/lib/python3.12/site-packages/airflow/example_dags/example_dataset_alias_with_no_taskflow.py
[2025-02-28T21:40:24.041+0200] {processor.py:914} INFO - Processing file /Users/nampham/.pyenv/versions/3.12.9/lib/python3.12/site-packages/airflow/example_dags/example_dataset_alias_with_no_taskflow.py for tasks to queue
[2025-02-28T21:40:24.042+0200] {logging_mixin.py:190} INFO - [2025-02-28T21:40:24.042+0200] {dagbag.py:588} INFO - Filling up the DagBag from /Users/nampham/.pyenv/versions/3.12.9/lib/python3.12/site-packages/airflow/example_dags/example_dataset_alias_with_no_taskflow.py
[2025-02-28T21:40:24.279+0200] {processor.py:925} INFO - DAG(s) 'dataset_alias_example_alias_producer_with_no_taskflow', 'dataset_alias_example_alias_consumer_with_no_taskflow', 'dataset_s3_bucket_producer_with_no_taskflow', 'dataset_s3_bucket_consumer_with_no_taskflow' retrieved from /Users/nampham/.pyenv/versions/3.12.9/lib/python3.12/site-packages/airflow/example_dags/example_dataset_alias_with_no_taskflow.py
[2025-02-28T21:40:24.287+0200] {logging_mixin.py:190} INFO - [2025-02-28T21:40:24.287+0200] {dag.py:3239} INFO - Sync 4 DAGs
[2025-02-28T21:40:24.294+0200] {logging_mixin.py:190} INFO - [2025-02-28T21:40:24.293+0200] {dag.py:4180} INFO - Setting next_dagrun for dataset_alias_example_alias_consumer_with_no_taskflow to None, run_after=None
[2025-02-28T21:40:24.294+0200] {logging_mixin.py:190} INFO - [2025-02-28T21:40:24.294+0200] {dag.py:4180} INFO - Setting next_dagrun for dataset_alias_example_alias_producer_with_no_taskflow to None, run_after=None
[2025-02-28T21:40:24.295+0200] {logging_mixin.py:190} INFO - [2025-02-28T21:40:24.294+0200] {dag.py:4180} INFO - Setting next_dagrun for dataset_s3_bucket_consumer_with_no_taskflow to None, run_after=None
[2025-02-28T21:40:24.295+0200] {logging_mixin.py:190} INFO - [2025-02-28T21:40:24.295+0200] {dag.py:4180} INFO - Setting next_dagrun for dataset_s3_bucket_producer_with_no_taskflow to None, run_after=None
[2025-02-28T21:40:24.302+0200] {processor.py:208} INFO - Processing /Users/nampham/.pyenv/versions/3.12.9/lib/python3.12/site-packages/airflow/example_dags/example_dataset_alias_with_no_taskflow.py took 0.263 seconds
[2025-02-28T22:28:40.060+0200] {processor.py:186} INFO - Started process (PID=18281) to work on /Users/nampham/.pyenv/versions/3.12.9/lib/python3.12/site-packages/airflow/example_dags/example_dataset_alias_with_no_taskflow.py
[2025-02-28T22:28:40.061+0200] {processor.py:914} INFO - Processing file /Users/nampham/.pyenv/versions/3.12.9/lib/python3.12/site-packages/airflow/example_dags/example_dataset_alias_with_no_taskflow.py for tasks to queue
[2025-02-28T22:28:40.061+0200] {logging_mixin.py:190} INFO - [2025-02-28T22:28:40.061+0200] {dagbag.py:588} INFO - Filling up the DagBag from /Users/nampham/.pyenv/versions/3.12.9/lib/python3.12/site-packages/airflow/example_dags/example_dataset_alias_with_no_taskflow.py
[2025-02-28T22:28:40.259+0200] {processor.py:925} INFO - DAG(s) 'dataset_alias_example_alias_consumer_with_no_taskflow', 'dataset_s3_bucket_producer_with_no_taskflow', 'dataset_s3_bucket_consumer_with_no_taskflow', 'dataset_alias_example_alias_producer_with_no_taskflow' retrieved from /Users/nampham/.pyenv/versions/3.12.9/lib/python3.12/site-packages/airflow/example_dags/example_dataset_alias_with_no_taskflow.py
[2025-02-28T22:28:40.325+0200] {logging_mixin.py:190} INFO - [2025-02-28T22:28:40.325+0200] {override.py:1930} INFO - Created Permission View: can edit on DAG:dataset_alias_example_alias_consumer_with_no_taskflow
[2025-02-28T22:28:40.328+0200] {logging_mixin.py:190} INFO - [2025-02-28T22:28:40.328+0200] {override.py:1930} INFO - Created Permission View: can delete on DAG:dataset_alias_example_alias_consumer_with_no_taskflow
[2025-02-28T22:28:40.330+0200] {logging_mixin.py:190} INFO - [2025-02-28T22:28:40.330+0200] {override.py:1930} INFO - Created Permission View: can read on DAG:dataset_alias_example_alias_consumer_with_no_taskflow
[2025-02-28T22:28:40.333+0200] {logging_mixin.py:190} INFO - [2025-02-28T22:28:40.332+0200] {override.py:1930} INFO - Created Permission View: can delete on DAG Run:dataset_alias_example_alias_consumer_with_no_taskflow
[2025-02-28T22:28:40.334+0200] {logging_mixin.py:190} INFO - [2025-02-28T22:28:40.334+0200] {override.py:1930} INFO - Created Permission View: can read on DAG Run:dataset_alias_example_alias_consumer_with_no_taskflow
[2025-02-28T22:28:40.336+0200] {logging_mixin.py:190} INFO - [2025-02-28T22:28:40.336+0200] {override.py:1930} INFO - Created Permission View: menu access on DAG Run:dataset_alias_example_alias_consumer_with_no_taskflow
[2025-02-28T22:28:40.338+0200] {logging_mixin.py:190} INFO - [2025-02-28T22:28:40.338+0200] {override.py:1930} INFO - Created Permission View: can create on DAG Run:dataset_alias_example_alias_consumer_with_no_taskflow
[2025-02-28T22:28:40.342+0200] {logging_mixin.py:190} INFO - [2025-02-28T22:28:40.342+0200] {override.py:1930} INFO - Created Permission View: can edit on DAG:dataset_s3_bucket_producer_with_no_taskflow
[2025-02-28T22:28:40.343+0200] {logging_mixin.py:190} INFO - [2025-02-28T22:28:40.343+0200] {override.py:1930} INFO - Created Permission View: can delete on DAG:dataset_s3_bucket_producer_with_no_taskflow
[2025-02-28T22:28:40.345+0200] {logging_mixin.py:190} INFO - [2025-02-28T22:28:40.345+0200] {override.py:1930} INFO - Created Permission View: can read on DAG:dataset_s3_bucket_producer_with_no_taskflow
[2025-02-28T22:28:40.347+0200] {logging_mixin.py:190} INFO - [2025-02-28T22:28:40.347+0200] {override.py:1930} INFO - Created Permission View: can delete on DAG Run:dataset_s3_bucket_producer_with_no_taskflow
[2025-02-28T22:28:40.349+0200] {logging_mixin.py:190} INFO - [2025-02-28T22:28:40.349+0200] {override.py:1930} INFO - Created Permission View: can read on DAG Run:dataset_s3_bucket_producer_with_no_taskflow
[2025-02-28T22:28:40.351+0200] {logging_mixin.py:190} INFO - [2025-02-28T22:28:40.351+0200] {override.py:1930} INFO - Created Permission View: menu access on DAG Run:dataset_s3_bucket_producer_with_no_taskflow
[2025-02-28T22:28:40.353+0200] {logging_mixin.py:190} INFO - [2025-02-28T22:28:40.352+0200] {override.py:1930} INFO - Created Permission View: can create on DAG Run:dataset_s3_bucket_producer_with_no_taskflow
[2025-02-28T22:28:40.356+0200] {logging_mixin.py:190} INFO - [2025-02-28T22:28:40.356+0200] {override.py:1930} INFO - Created Permission View: can edit on DAG:dataset_s3_bucket_consumer_with_no_taskflow
[2025-02-28T22:28:40.358+0200] {logging_mixin.py:190} INFO - [2025-02-28T22:28:40.358+0200] {override.py:1930} INFO - Created Permission View: can delete on DAG:dataset_s3_bucket_consumer_with_no_taskflow
[2025-02-28T22:28:40.359+0200] {logging_mixin.py:190} INFO - [2025-02-28T22:28:40.359+0200] {override.py:1930} INFO - Created Permission View: can read on DAG:dataset_s3_bucket_consumer_with_no_taskflow
[2025-02-28T22:28:40.362+0200] {logging_mixin.py:190} INFO - [2025-02-28T22:28:40.361+0200] {override.py:1930} INFO - Created Permission View: can delete on DAG Run:dataset_s3_bucket_consumer_with_no_taskflow
[2025-02-28T22:28:40.363+0200] {logging_mixin.py:190} INFO - [2025-02-28T22:28:40.363+0200] {override.py:1930} INFO - Created Permission View: can read on DAG Run:dataset_s3_bucket_consumer_with_no_taskflow
[2025-02-28T22:28:40.365+0200] {logging_mixin.py:190} INFO - [2025-02-28T22:28:40.365+0200] {override.py:1930} INFO - Created Permission View: menu access on DAG Run:dataset_s3_bucket_consumer_with_no_taskflow
[2025-02-28T22:28:40.367+0200] {logging_mixin.py:190} INFO - [2025-02-28T22:28:40.367+0200] {override.py:1930} INFO - Created Permission View: can create on DAG Run:dataset_s3_bucket_consumer_with_no_taskflow
[2025-02-28T22:28:40.371+0200] {logging_mixin.py:190} INFO - [2025-02-28T22:28:40.371+0200] {override.py:1930} INFO - Created Permission View: can edit on DAG:dataset_alias_example_alias_producer_with_no_taskflow
[2025-02-28T22:28:40.372+0200] {logging_mixin.py:190} INFO - [2025-02-28T22:28:40.372+0200] {override.py:1930} INFO - Created Permission View: can delete on DAG:dataset_alias_example_alias_producer_with_no_taskflow
[2025-02-28T22:28:40.374+0200] {logging_mixin.py:190} INFO - [2025-02-28T22:28:40.374+0200] {override.py:1930} INFO - Created Permission View: can read on DAG:dataset_alias_example_alias_producer_with_no_taskflow
[2025-02-28T22:28:40.376+0200] {logging_mixin.py:190} INFO - [2025-02-28T22:28:40.376+0200] {override.py:1930} INFO - Created Permission View: can delete on DAG Run:dataset_alias_example_alias_producer_with_no_taskflow
[2025-02-28T22:28:40.378+0200] {logging_mixin.py:190} INFO - [2025-02-28T22:28:40.378+0200] {override.py:1930} INFO - Created Permission View: can read on DAG Run:dataset_alias_example_alias_producer_with_no_taskflow
[2025-02-28T22:28:40.380+0200] {logging_mixin.py:190} INFO - [2025-02-28T22:28:40.380+0200] {override.py:1930} INFO - Created Permission View: menu access on DAG Run:dataset_alias_example_alias_producer_with_no_taskflow
[2025-02-28T22:28:40.381+0200] {logging_mixin.py:190} INFO - [2025-02-28T22:28:40.381+0200] {override.py:1930} INFO - Created Permission View: can create on DAG Run:dataset_alias_example_alias_producer_with_no_taskflow
[2025-02-28T22:28:40.382+0200] {logging_mixin.py:190} INFO - [2025-02-28T22:28:40.381+0200] {dag.py:3239} INFO - Sync 4 DAGs
[2025-02-28T22:28:40.386+0200] {logging_mixin.py:190} INFO - [2025-02-28T22:28:40.385+0200] {dag.py:3262} INFO - Creating ORM DAG for dataset_alias_example_alias_consumer_with_no_taskflow
[2025-02-28T22:28:40.386+0200] {logging_mixin.py:190} INFO - [2025-02-28T22:28:40.386+0200] {dag.py:3262} INFO - Creating ORM DAG for dataset_alias_example_alias_producer_with_no_taskflow
[2025-02-28T22:28:40.386+0200] {logging_mixin.py:190} INFO - [2025-02-28T22:28:40.386+0200] {dag.py:3262} INFO - Creating ORM DAG for dataset_s3_bucket_producer_with_no_taskflow
[2025-02-28T22:28:40.386+0200] {logging_mixin.py:190} INFO - [2025-02-28T22:28:40.386+0200] {dag.py:3262} INFO - Creating ORM DAG for dataset_s3_bucket_consumer_with_no_taskflow
[2025-02-28T22:28:40.389+0200] {logging_mixin.py:190} INFO - [2025-02-28T22:28:40.389+0200] {dag.py:4180} INFO - Setting next_dagrun for dataset_alias_example_alias_consumer_with_no_taskflow to None, run_after=None
[2025-02-28T22:28:40.389+0200] {logging_mixin.py:190} INFO - [2025-02-28T22:28:40.389+0200] {dag.py:4180} INFO - Setting next_dagrun for dataset_alias_example_alias_producer_with_no_taskflow to None, run_after=None
[2025-02-28T22:28:40.389+0200] {logging_mixin.py:190} INFO - [2025-02-28T22:28:40.389+0200] {dag.py:4180} INFO - Setting next_dagrun for dataset_s3_bucket_consumer_with_no_taskflow to None, run_after=None
[2025-02-28T22:28:40.389+0200] {logging_mixin.py:190} INFO - [2025-02-28T22:28:40.389+0200] {dag.py:4180} INFO - Setting next_dagrun for dataset_s3_bucket_producer_with_no_taskflow to None, run_after=None
[2025-02-28T22:28:40.652+0200] {processor.py:208} INFO - Processing /Users/nampham/.pyenv/versions/3.12.9/lib/python3.12/site-packages/airflow/example_dags/example_dataset_alias_with_no_taskflow.py took 0.594 seconds
[2025-02-28T22:36:45.100+0200] {processor.py:186} INFO - Started process (PID=19950) to work on /Users/nampham/.pyenv/versions/3.12.9/lib/python3.12/site-packages/airflow/example_dags/example_dataset_alias_with_no_taskflow.py
[2025-02-28T22:36:45.100+0200] {processor.py:914} INFO - Processing file /Users/nampham/.pyenv/versions/3.12.9/lib/python3.12/site-packages/airflow/example_dags/example_dataset_alias_with_no_taskflow.py for tasks to queue
[2025-02-28T22:36:45.101+0200] {logging_mixin.py:190} INFO - [2025-02-28T22:36:45.101+0200] {dagbag.py:588} INFO - Filling up the DagBag from /Users/nampham/.pyenv/versions/3.12.9/lib/python3.12/site-packages/airflow/example_dags/example_dataset_alias_with_no_taskflow.py
[2025-02-28T22:36:45.296+0200] {processor.py:925} INFO - DAG(s) 'dataset_alias_example_alias_consumer_with_no_taskflow', 'dataset_s3_bucket_producer_with_no_taskflow', 'dataset_alias_example_alias_producer_with_no_taskflow', 'dataset_s3_bucket_consumer_with_no_taskflow' retrieved from /Users/nampham/.pyenv/versions/3.12.9/lib/python3.12/site-packages/airflow/example_dags/example_dataset_alias_with_no_taskflow.py
[2025-02-28T22:36:45.364+0200] {logging_mixin.py:190} INFO - [2025-02-28T22:36:45.364+0200] {override.py:1930} INFO - Created Permission View: can read on DAG:dataset_alias_example_alias_consumer_with_no_taskflow
[2025-02-28T22:36:45.367+0200] {logging_mixin.py:190} INFO - [2025-02-28T22:36:45.367+0200] {override.py:1930} INFO - Created Permission View: can delete on DAG:dataset_alias_example_alias_consumer_with_no_taskflow
[2025-02-28T22:36:45.369+0200] {logging_mixin.py:190} INFO - [2025-02-28T22:36:45.369+0200] {override.py:1930} INFO - Created Permission View: can edit on DAG:dataset_alias_example_alias_consumer_with_no_taskflow
[2025-02-28T22:36:45.372+0200] {logging_mixin.py:190} INFO - [2025-02-28T22:36:45.371+0200] {override.py:1930} INFO - Created Permission View: can create on DAG Run:dataset_alias_example_alias_consumer_with_no_taskflow
[2025-02-28T22:36:45.373+0200] {logging_mixin.py:190} INFO - [2025-02-28T22:36:45.373+0200] {override.py:1930} INFO - Created Permission View: can read on DAG Run:dataset_alias_example_alias_consumer_with_no_taskflow
[2025-02-28T22:36:45.375+0200] {logging_mixin.py:190} INFO - [2025-02-28T22:36:45.375+0200] {override.py:1930} INFO - Created Permission View: menu access on DAG Run:dataset_alias_example_alias_consumer_with_no_taskflow
[2025-02-28T22:36:45.377+0200] {logging_mixin.py:190} INFO - [2025-02-28T22:36:45.377+0200] {override.py:1930} INFO - Created Permission View: can delete on DAG Run:dataset_alias_example_alias_consumer_with_no_taskflow
[2025-02-28T22:36:45.380+0200] {logging_mixin.py:190} INFO - [2025-02-28T22:36:45.380+0200] {override.py:1930} INFO - Created Permission View: can read on DAG:dataset_s3_bucket_producer_with_no_taskflow
[2025-02-28T22:36:45.382+0200] {logging_mixin.py:190} INFO - [2025-02-28T22:36:45.382+0200] {override.py:1930} INFO - Created Permission View: can delete on DAG:dataset_s3_bucket_producer_with_no_taskflow
[2025-02-28T22:36:45.384+0200] {logging_mixin.py:190} INFO - [2025-02-28T22:36:45.384+0200] {override.py:1930} INFO - Created Permission View: can edit on DAG:dataset_s3_bucket_producer_with_no_taskflow
[2025-02-28T22:36:45.386+0200] {logging_mixin.py:190} INFO - [2025-02-28T22:36:45.386+0200] {override.py:1930} INFO - Created Permission View: can create on DAG Run:dataset_s3_bucket_producer_with_no_taskflow
[2025-02-28T22:36:45.388+0200] {logging_mixin.py:190} INFO - [2025-02-28T22:36:45.388+0200] {override.py:1930} INFO - Created Permission View: can read on DAG Run:dataset_s3_bucket_producer_with_no_taskflow
[2025-02-28T22:36:45.389+0200] {logging_mixin.py:190} INFO - [2025-02-28T22:36:45.389+0200] {override.py:1930} INFO - Created Permission View: menu access on DAG Run:dataset_s3_bucket_producer_with_no_taskflow
[2025-02-28T22:36:45.391+0200] {logging_mixin.py:190} INFO - [2025-02-28T22:36:45.391+0200] {override.py:1930} INFO - Created Permission View: can delete on DAG Run:dataset_s3_bucket_producer_with_no_taskflow
[2025-02-28T22:36:45.395+0200] {logging_mixin.py:190} INFO - [2025-02-28T22:36:45.395+0200] {override.py:1930} INFO - Created Permission View: can read on DAG:dataset_alias_example_alias_producer_with_no_taskflow
[2025-02-28T22:36:45.397+0200] {logging_mixin.py:190} INFO - [2025-02-28T22:36:45.397+0200] {override.py:1930} INFO - Created Permission View: can delete on DAG:dataset_alias_example_alias_producer_with_no_taskflow
[2025-02-28T22:36:45.399+0200] {logging_mixin.py:190} INFO - [2025-02-28T22:36:45.399+0200] {override.py:1930} INFO - Created Permission View: can edit on DAG:dataset_alias_example_alias_producer_with_no_taskflow
[2025-02-28T22:36:45.401+0200] {logging_mixin.py:190} INFO - [2025-02-28T22:36:45.401+0200] {override.py:1930} INFO - Created Permission View: can create on DAG Run:dataset_alias_example_alias_producer_with_no_taskflow
[2025-02-28T22:36:45.403+0200] {logging_mixin.py:190} INFO - [2025-02-28T22:36:45.403+0200] {override.py:1930} INFO - Created Permission View: can read on DAG Run:dataset_alias_example_alias_producer_with_no_taskflow
[2025-02-28T22:36:45.405+0200] {logging_mixin.py:190} INFO - [2025-02-28T22:36:45.404+0200] {override.py:1930} INFO - Created Permission View: menu access on DAG Run:dataset_alias_example_alias_producer_with_no_taskflow
[2025-02-28T22:36:45.406+0200] {logging_mixin.py:190} INFO - [2025-02-28T22:36:45.406+0200] {override.py:1930} INFO - Created Permission View: can delete on DAG Run:dataset_alias_example_alias_producer_with_no_taskflow
[2025-02-28T22:36:45.410+0200] {logging_mixin.py:190} INFO - [2025-02-28T22:36:45.410+0200] {override.py:1930} INFO - Created Permission View: can read on DAG:dataset_s3_bucket_consumer_with_no_taskflow
[2025-02-28T22:36:45.411+0200] {logging_mixin.py:190} INFO - [2025-02-28T22:36:45.411+0200] {override.py:1930} INFO - Created Permission View: can delete on DAG:dataset_s3_bucket_consumer_with_no_taskflow
[2025-02-28T22:36:45.413+0200] {logging_mixin.py:190} INFO - [2025-02-28T22:36:45.413+0200] {override.py:1930} INFO - Created Permission View: can edit on DAG:dataset_s3_bucket_consumer_with_no_taskflow
[2025-02-28T22:36:45.415+0200] {logging_mixin.py:190} INFO - [2025-02-28T22:36:45.415+0200] {override.py:1930} INFO - Created Permission View: can create on DAG Run:dataset_s3_bucket_consumer_with_no_taskflow
[2025-02-28T22:36:45.417+0200] {logging_mixin.py:190} INFO - [2025-02-28T22:36:45.417+0200] {override.py:1930} INFO - Created Permission View: can read on DAG Run:dataset_s3_bucket_consumer_with_no_taskflow
[2025-02-28T22:36:45.419+0200] {logging_mixin.py:190} INFO - [2025-02-28T22:36:45.418+0200] {override.py:1930} INFO - Created Permission View: menu access on DAG Run:dataset_s3_bucket_consumer_with_no_taskflow
[2025-02-28T22:36:45.420+0200] {logging_mixin.py:190} INFO - [2025-02-28T22:36:45.420+0200] {override.py:1930} INFO - Created Permission View: can delete on DAG Run:dataset_s3_bucket_consumer_with_no_taskflow
[2025-02-28T22:36:45.420+0200] {logging_mixin.py:190} INFO - [2025-02-28T22:36:45.420+0200] {dag.py:3239} INFO - Sync 4 DAGs
[2025-02-28T22:36:45.424+0200] {logging_mixin.py:190} INFO - [2025-02-28T22:36:45.424+0200] {dag.py:3262} INFO - Creating ORM DAG for dataset_s3_bucket_consumer_with_no_taskflow
[2025-02-28T22:36:45.425+0200] {logging_mixin.py:190} INFO - [2025-02-28T22:36:45.425+0200] {dag.py:3262} INFO - Creating ORM DAG for dataset_s3_bucket_producer_with_no_taskflow
[2025-02-28T22:36:45.425+0200] {logging_mixin.py:190} INFO - [2025-02-28T22:36:45.425+0200] {dag.py:3262} INFO - Creating ORM DAG for dataset_alias_example_alias_producer_with_no_taskflow
[2025-02-28T22:36:45.425+0200] {logging_mixin.py:190} INFO - [2025-02-28T22:36:45.425+0200] {dag.py:3262} INFO - Creating ORM DAG for dataset_alias_example_alias_consumer_with_no_taskflow
[2025-02-28T22:36:45.427+0200] {logging_mixin.py:190} INFO - [2025-02-28T22:36:45.427+0200] {dag.py:4180} INFO - Setting next_dagrun for dataset_alias_example_alias_consumer_with_no_taskflow to None, run_after=None
[2025-02-28T22:36:45.428+0200] {logging_mixin.py:190} INFO - [2025-02-28T22:36:45.428+0200] {dag.py:4180} INFO - Setting next_dagrun for dataset_alias_example_alias_producer_with_no_taskflow to None, run_after=None
[2025-02-28T22:36:45.428+0200] {logging_mixin.py:190} INFO - [2025-02-28T22:36:45.428+0200] {dag.py:4180} INFO - Setting next_dagrun for dataset_s3_bucket_consumer_with_no_taskflow to None, run_after=None
[2025-02-28T22:36:45.428+0200] {logging_mixin.py:190} INFO - [2025-02-28T22:36:45.428+0200] {dag.py:4180} INFO - Setting next_dagrun for dataset_s3_bucket_producer_with_no_taskflow to None, run_after=None
[2025-02-28T22:36:45.706+0200] {processor.py:208} INFO - Processing /Users/nampham/.pyenv/versions/3.12.9/lib/python3.12/site-packages/airflow/example_dags/example_dataset_alias_with_no_taskflow.py took 0.607 seconds
[2025-02-28T22:39:41.020+0200] {processor.py:186} INFO - Started process (PID=20559) to work on /Users/nampham/.pyenv/versions/3.12.9/lib/python3.12/site-packages/airflow/example_dags/example_dataset_alias_with_no_taskflow.py
[2025-02-28T22:39:41.020+0200] {processor.py:914} INFO - Processing file /Users/nampham/.pyenv/versions/3.12.9/lib/python3.12/site-packages/airflow/example_dags/example_dataset_alias_with_no_taskflow.py for tasks to queue
[2025-02-28T22:39:41.021+0200] {logging_mixin.py:190} INFO - [2025-02-28T22:39:41.021+0200] {dagbag.py:588} INFO - Filling up the DagBag from /Users/nampham/.pyenv/versions/3.12.9/lib/python3.12/site-packages/airflow/example_dags/example_dataset_alias_with_no_taskflow.py
[2025-02-28T22:39:41.218+0200] {processor.py:925} INFO - DAG(s) 'dataset_s3_bucket_producer_with_no_taskflow', 'dataset_alias_example_alias_consumer_with_no_taskflow', 'dataset_s3_bucket_consumer_with_no_taskflow', 'dataset_alias_example_alias_producer_with_no_taskflow' retrieved from /Users/nampham/.pyenv/versions/3.12.9/lib/python3.12/site-packages/airflow/example_dags/example_dataset_alias_with_no_taskflow.py
[2025-02-28T22:39:41.226+0200] {logging_mixin.py:190} INFO - [2025-02-28T22:39:41.226+0200] {dag.py:3239} INFO - Sync 4 DAGs
[2025-02-28T22:39:41.232+0200] {logging_mixin.py:190} INFO - [2025-02-28T22:39:41.232+0200] {dag.py:4180} INFO - Setting next_dagrun for dataset_alias_example_alias_consumer_with_no_taskflow to None, run_after=None
[2025-02-28T22:39:41.233+0200] {logging_mixin.py:190} INFO - [2025-02-28T22:39:41.233+0200] {dag.py:4180} INFO - Setting next_dagrun for dataset_alias_example_alias_producer_with_no_taskflow to None, run_after=None
[2025-02-28T22:39:41.233+0200] {logging_mixin.py:190} INFO - [2025-02-28T22:39:41.233+0200] {dag.py:4180} INFO - Setting next_dagrun for dataset_s3_bucket_consumer_with_no_taskflow to None, run_after=None
[2025-02-28T22:39:41.234+0200] {logging_mixin.py:190} INFO - [2025-02-28T22:39:41.233+0200] {dag.py:4180} INFO - Setting next_dagrun for dataset_s3_bucket_producer_with_no_taskflow to None, run_after=None
[2025-02-28T22:39:41.240+0200] {processor.py:208} INFO - Processing /Users/nampham/.pyenv/versions/3.12.9/lib/python3.12/site-packages/airflow/example_dags/example_dataset_alias_with_no_taskflow.py took 0.222 seconds
[2025-02-28T22:42:28.207+0200] {processor.py:186} INFO - Started process (PID=21108) to work on /Users/nampham/.pyenv/versions/3.12.9/lib/python3.12/site-packages/airflow/example_dags/example_dataset_alias_with_no_taskflow.py
[2025-02-28T22:42:28.207+0200] {processor.py:914} INFO - Processing file /Users/nampham/.pyenv/versions/3.12.9/lib/python3.12/site-packages/airflow/example_dags/example_dataset_alias_with_no_taskflow.py for tasks to queue
[2025-02-28T22:42:28.208+0200] {logging_mixin.py:190} INFO - [2025-02-28T22:42:28.208+0200] {dagbag.py:588} INFO - Filling up the DagBag from /Users/nampham/.pyenv/versions/3.12.9/lib/python3.12/site-packages/airflow/example_dags/example_dataset_alias_with_no_taskflow.py
[2025-02-28T22:42:28.403+0200] {processor.py:925} INFO - DAG(s) 'dataset_alias_example_alias_consumer_with_no_taskflow', 'dataset_s3_bucket_producer_with_no_taskflow', 'dataset_s3_bucket_consumer_with_no_taskflow', 'dataset_alias_example_alias_producer_with_no_taskflow' retrieved from /Users/nampham/.pyenv/versions/3.12.9/lib/python3.12/site-packages/airflow/example_dags/example_dataset_alias_with_no_taskflow.py
[2025-02-28T22:42:28.410+0200] {logging_mixin.py:190} INFO - [2025-02-28T22:42:28.410+0200] {dag.py:3239} INFO - Sync 4 DAGs
[2025-02-28T22:42:28.417+0200] {logging_mixin.py:190} INFO - [2025-02-28T22:42:28.416+0200] {dag.py:4180} INFO - Setting next_dagrun for dataset_alias_example_alias_consumer_with_no_taskflow to None, run_after=None
[2025-02-28T22:42:28.417+0200] {logging_mixin.py:190} INFO - [2025-02-28T22:42:28.417+0200] {dag.py:4180} INFO - Setting next_dagrun for dataset_alias_example_alias_producer_with_no_taskflow to None, run_after=None
[2025-02-28T22:42:28.418+0200] {logging_mixin.py:190} INFO - [2025-02-28T22:42:28.417+0200] {dag.py:4180} INFO - Setting next_dagrun for dataset_s3_bucket_consumer_with_no_taskflow to None, run_after=None
[2025-02-28T22:42:28.418+0200] {logging_mixin.py:190} INFO - [2025-02-28T22:42:28.418+0200] {dag.py:4180} INFO - Setting next_dagrun for dataset_s3_bucket_producer_with_no_taskflow to None, run_after=None
[2025-02-28T22:42:28.425+0200] {processor.py:208} INFO - Processing /Users/nampham/.pyenv/versions/3.12.9/lib/python3.12/site-packages/airflow/example_dags/example_dataset_alias_with_no_taskflow.py took 0.220 seconds
[2025-02-28T22:45:00.825+0200] {processor.py:186} INFO - Started process (PID=21674) to work on /Users/nampham/.pyenv/versions/3.12.9/lib/python3.12/site-packages/airflow/example_dags/example_dataset_alias_with_no_taskflow.py
[2025-02-28T22:45:00.826+0200] {processor.py:914} INFO - Processing file /Users/nampham/.pyenv/versions/3.12.9/lib/python3.12/site-packages/airflow/example_dags/example_dataset_alias_with_no_taskflow.py for tasks to queue
[2025-02-28T22:45:00.826+0200] {logging_mixin.py:190} INFO - [2025-02-28T22:45:00.826+0200] {dagbag.py:588} INFO - Filling up the DagBag from /Users/nampham/.pyenv/versions/3.12.9/lib/python3.12/site-packages/airflow/example_dags/example_dataset_alias_with_no_taskflow.py
[2025-02-28T22:45:01.019+0200] {processor.py:925} INFO - DAG(s) 'dataset_alias_example_alias_consumer_with_no_taskflow', 'dataset_s3_bucket_producer_with_no_taskflow', 'dataset_alias_example_alias_producer_with_no_taskflow', 'dataset_s3_bucket_consumer_with_no_taskflow' retrieved from /Users/nampham/.pyenv/versions/3.12.9/lib/python3.12/site-packages/airflow/example_dags/example_dataset_alias_with_no_taskflow.py
[2025-02-28T22:45:01.027+0200] {logging_mixin.py:190} INFO - [2025-02-28T22:45:01.027+0200] {dag.py:3239} INFO - Sync 4 DAGs
[2025-02-28T22:45:01.033+0200] {logging_mixin.py:190} INFO - [2025-02-28T22:45:01.033+0200] {dag.py:4180} INFO - Setting next_dagrun for dataset_alias_example_alias_consumer_with_no_taskflow to None, run_after=None
[2025-02-28T22:45:01.034+0200] {logging_mixin.py:190} INFO - [2025-02-28T22:45:01.034+0200] {dag.py:4180} INFO - Setting next_dagrun for dataset_alias_example_alias_producer_with_no_taskflow to None, run_after=None
[2025-02-28T22:45:01.034+0200] {logging_mixin.py:190} INFO - [2025-02-28T22:45:01.034+0200] {dag.py:4180} INFO - Setting next_dagrun for dataset_s3_bucket_consumer_with_no_taskflow to None, run_after=None
[2025-02-28T22:45:01.034+0200] {logging_mixin.py:190} INFO - [2025-02-28T22:45:01.034+0200] {dag.py:4180} INFO - Setting next_dagrun for dataset_s3_bucket_producer_with_no_taskflow to None, run_after=None
[2025-02-28T22:45:01.041+0200] {processor.py:208} INFO - Processing /Users/nampham/.pyenv/versions/3.12.9/lib/python3.12/site-packages/airflow/example_dags/example_dataset_alias_with_no_taskflow.py took 0.218 seconds
[2025-02-28T22:47:15.675+0200] {processor.py:186} INFO - Started process (PID=22121) to work on /Users/nampham/.pyenv/versions/3.12.9/lib/python3.12/site-packages/airflow/example_dags/example_dataset_alias_with_no_taskflow.py
[2025-02-28T22:47:15.676+0200] {processor.py:914} INFO - Processing file /Users/nampham/.pyenv/versions/3.12.9/lib/python3.12/site-packages/airflow/example_dags/example_dataset_alias_with_no_taskflow.py for tasks to queue
[2025-02-28T22:47:15.676+0200] {logging_mixin.py:190} INFO - [2025-02-28T22:47:15.676+0200] {dagbag.py:588} INFO - Filling up the DagBag from /Users/nampham/.pyenv/versions/3.12.9/lib/python3.12/site-packages/airflow/example_dags/example_dataset_alias_with_no_taskflow.py
[2025-02-28T22:47:15.869+0200] {processor.py:925} INFO - DAG(s) 'dataset_s3_bucket_consumer_with_no_taskflow', 'dataset_s3_bucket_producer_with_no_taskflow', 'dataset_alias_example_alias_producer_with_no_taskflow', 'dataset_alias_example_alias_consumer_with_no_taskflow' retrieved from /Users/nampham/.pyenv/versions/3.12.9/lib/python3.12/site-packages/airflow/example_dags/example_dataset_alias_with_no_taskflow.py
[2025-02-28T22:47:15.876+0200] {logging_mixin.py:190} INFO - [2025-02-28T22:47:15.876+0200] {dag.py:3239} INFO - Sync 4 DAGs
[2025-02-28T22:47:15.883+0200] {logging_mixin.py:190} INFO - [2025-02-28T22:47:15.883+0200] {dag.py:4180} INFO - Setting next_dagrun for dataset_alias_example_alias_consumer_with_no_taskflow to None, run_after=None
[2025-02-28T22:47:15.884+0200] {logging_mixin.py:190} INFO - [2025-02-28T22:47:15.883+0200] {dag.py:4180} INFO - Setting next_dagrun for dataset_alias_example_alias_producer_with_no_taskflow to None, run_after=None
[2025-02-28T22:47:15.884+0200] {logging_mixin.py:190} INFO - [2025-02-28T22:47:15.884+0200] {dag.py:4180} INFO - Setting next_dagrun for dataset_s3_bucket_consumer_with_no_taskflow to None, run_after=None
[2025-02-28T22:47:15.884+0200] {logging_mixin.py:190} INFO - [2025-02-28T22:47:15.884+0200] {dag.py:4180} INFO - Setting next_dagrun for dataset_s3_bucket_producer_with_no_taskflow to None, run_after=None
[2025-02-28T22:47:15.891+0200] {processor.py:208} INFO - Processing /Users/nampham/.pyenv/versions/3.12.9/lib/python3.12/site-packages/airflow/example_dags/example_dataset_alias_with_no_taskflow.py took 0.218 seconds
[2025-02-28T22:55:47.353+0200] {processor.py:186} INFO - Started process (PID=22929) to work on /Users/nampham/.pyenv/versions/3.12.9/lib/python3.12/site-packages/airflow/example_dags/example_dataset_alias_with_no_taskflow.py
[2025-02-28T22:55:47.354+0200] {processor.py:914} INFO - Processing file /Users/nampham/.pyenv/versions/3.12.9/lib/python3.12/site-packages/airflow/example_dags/example_dataset_alias_with_no_taskflow.py for tasks to queue
[2025-02-28T22:55:47.354+0200] {logging_mixin.py:190} INFO - [2025-02-28T22:55:47.354+0200] {dagbag.py:588} INFO - Filling up the DagBag from /Users/nampham/.pyenv/versions/3.12.9/lib/python3.12/site-packages/airflow/example_dags/example_dataset_alias_with_no_taskflow.py
[2025-02-28T22:55:47.546+0200] {processor.py:925} INFO - DAG(s) 'dataset_s3_bucket_consumer_with_no_taskflow', 'dataset_alias_example_alias_producer_with_no_taskflow', 'dataset_s3_bucket_producer_with_no_taskflow', 'dataset_alias_example_alias_consumer_with_no_taskflow' retrieved from /Users/nampham/.pyenv/versions/3.12.9/lib/python3.12/site-packages/airflow/example_dags/example_dataset_alias_with_no_taskflow.py
[2025-02-28T22:55:47.554+0200] {logging_mixin.py:190} INFO - [2025-02-28T22:55:47.554+0200] {dag.py:3239} INFO - Sync 4 DAGs
[2025-02-28T22:55:47.560+0200] {logging_mixin.py:190} INFO - [2025-02-28T22:55:47.560+0200] {dag.py:4180} INFO - Setting next_dagrun for dataset_alias_example_alias_consumer_with_no_taskflow to None, run_after=None
[2025-02-28T22:55:47.561+0200] {logging_mixin.py:190} INFO - [2025-02-28T22:55:47.561+0200] {dag.py:4180} INFO - Setting next_dagrun for dataset_alias_example_alias_producer_with_no_taskflow to None, run_after=None
[2025-02-28T22:55:47.561+0200] {logging_mixin.py:190} INFO - [2025-02-28T22:55:47.561+0200] {dag.py:4180} INFO - Setting next_dagrun for dataset_s3_bucket_consumer_with_no_taskflow to None, run_after=None
[2025-02-28T22:55:47.561+0200] {logging_mixin.py:190} INFO - [2025-02-28T22:55:47.561+0200] {dag.py:4180} INFO - Setting next_dagrun for dataset_s3_bucket_producer_with_no_taskflow to None, run_after=None
[2025-02-28T22:55:47.568+0200] {processor.py:208} INFO - Processing /Users/nampham/.pyenv/versions/3.12.9/lib/python3.12/site-packages/airflow/example_dags/example_dataset_alias_with_no_taskflow.py took 0.216 seconds
[2025-02-28T22:58:32.075+0200] {processor.py:186} INFO - Started process (PID=23462) to work on /Users/nampham/.pyenv/versions/3.12.9/lib/python3.12/site-packages/airflow/example_dags/example_dataset_alias_with_no_taskflow.py
[2025-02-28T22:58:32.076+0200] {processor.py:914} INFO - Processing file /Users/nampham/.pyenv/versions/3.12.9/lib/python3.12/site-packages/airflow/example_dags/example_dataset_alias_with_no_taskflow.py for tasks to queue
[2025-02-28T22:58:32.076+0200] {logging_mixin.py:190} INFO - [2025-02-28T22:58:32.076+0200] {dagbag.py:588} INFO - Filling up the DagBag from /Users/nampham/.pyenv/versions/3.12.9/lib/python3.12/site-packages/airflow/example_dags/example_dataset_alias_with_no_taskflow.py
[2025-02-28T22:58:32.272+0200] {processor.py:925} INFO - DAG(s) 'dataset_alias_example_alias_producer_with_no_taskflow', 'dataset_s3_bucket_producer_with_no_taskflow', 'dataset_s3_bucket_consumer_with_no_taskflow', 'dataset_alias_example_alias_consumer_with_no_taskflow' retrieved from /Users/nampham/.pyenv/versions/3.12.9/lib/python3.12/site-packages/airflow/example_dags/example_dataset_alias_with_no_taskflow.py
[2025-02-28T22:58:32.279+0200] {logging_mixin.py:190} INFO - [2025-02-28T22:58:32.279+0200] {dag.py:3239} INFO - Sync 4 DAGs
[2025-02-28T22:58:32.286+0200] {logging_mixin.py:190} INFO - [2025-02-28T22:58:32.286+0200] {dag.py:4180} INFO - Setting next_dagrun for dataset_alias_example_alias_consumer_with_no_taskflow to None, run_after=None
[2025-02-28T22:58:32.287+0200] {logging_mixin.py:190} INFO - [2025-02-28T22:58:32.287+0200] {dag.py:4180} INFO - Setting next_dagrun for dataset_alias_example_alias_producer_with_no_taskflow to None, run_after=None
[2025-02-28T22:58:32.287+0200] {logging_mixin.py:190} INFO - [2025-02-28T22:58:32.287+0200] {dag.py:4180} INFO - Setting next_dagrun for dataset_s3_bucket_consumer_with_no_taskflow to None, run_after=None
[2025-02-28T22:58:32.287+0200] {logging_mixin.py:190} INFO - [2025-02-28T22:58:32.287+0200] {dag.py:4180} INFO - Setting next_dagrun for dataset_s3_bucket_producer_with_no_taskflow to None, run_after=None
[2025-02-28T22:58:32.294+0200] {processor.py:208} INFO - Processing /Users/nampham/.pyenv/versions/3.12.9/lib/python3.12/site-packages/airflow/example_dags/example_dataset_alias_with_no_taskflow.py took 0.220 seconds
[2025-02-28T23:01:29.691+0200] {processor.py:186} INFO - Started process (PID=24071) to work on /Users/nampham/.pyenv/versions/3.12.9/lib/python3.12/site-packages/airflow/example_dags/example_dataset_alias_with_no_taskflow.py
[2025-02-28T23:01:29.692+0200] {processor.py:914} INFO - Processing file /Users/nampham/.pyenv/versions/3.12.9/lib/python3.12/site-packages/airflow/example_dags/example_dataset_alias_with_no_taskflow.py for tasks to queue
[2025-02-28T23:01:29.692+0200] {logging_mixin.py:190} INFO - [2025-02-28T23:01:29.692+0200] {dagbag.py:588} INFO - Filling up the DagBag from /Users/nampham/.pyenv/versions/3.12.9/lib/python3.12/site-packages/airflow/example_dags/example_dataset_alias_with_no_taskflow.py
[2025-02-28T23:01:29.889+0200] {processor.py:925} INFO - DAG(s) 'dataset_alias_example_alias_producer_with_no_taskflow', 'dataset_alias_example_alias_consumer_with_no_taskflow', 'dataset_s3_bucket_producer_with_no_taskflow', 'dataset_s3_bucket_consumer_with_no_taskflow' retrieved from /Users/nampham/.pyenv/versions/3.12.9/lib/python3.12/site-packages/airflow/example_dags/example_dataset_alias_with_no_taskflow.py
[2025-02-28T23:01:29.897+0200] {logging_mixin.py:190} INFO - [2025-02-28T23:01:29.897+0200] {dag.py:3239} INFO - Sync 4 DAGs
[2025-02-28T23:01:29.903+0200] {logging_mixin.py:190} INFO - [2025-02-28T23:01:29.903+0200] {dag.py:4180} INFO - Setting next_dagrun for dataset_alias_example_alias_consumer_with_no_taskflow to None, run_after=None
[2025-02-28T23:01:29.904+0200] {logging_mixin.py:190} INFO - [2025-02-28T23:01:29.904+0200] {dag.py:4180} INFO - Setting next_dagrun for dataset_alias_example_alias_producer_with_no_taskflow to None, run_after=None
[2025-02-28T23:01:29.904+0200] {logging_mixin.py:190} INFO - [2025-02-28T23:01:29.904+0200] {dag.py:4180} INFO - Setting next_dagrun for dataset_s3_bucket_consumer_with_no_taskflow to None, run_after=None
[2025-02-28T23:01:29.904+0200] {logging_mixin.py:190} INFO - [2025-02-28T23:01:29.904+0200] {dag.py:4180} INFO - Setting next_dagrun for dataset_s3_bucket_producer_with_no_taskflow to None, run_after=None
[2025-02-28T23:01:29.911+0200] {processor.py:208} INFO - Processing /Users/nampham/.pyenv/versions/3.12.9/lib/python3.12/site-packages/airflow/example_dags/example_dataset_alias_with_no_taskflow.py took 0.221 seconds
