[2025-02-28T18:25:45.175+0200] {processor.py:186} INFO - Started process (PID=93396) to work on /Users/nampham/.pyenv/versions/3.12.9/lib/python3.12/site-packages/airflow/example_dags/example_dataset_alias.py
[2025-02-28T18:25:45.176+0200] {processor.py:914} INFO - Processing file /Users/nampham/.pyenv/versions/3.12.9/lib/python3.12/site-packages/airflow/example_dags/example_dataset_alias.py for tasks to queue
[2025-02-28T18:25:45.176+0200] {logging_mixin.py:190} INFO - [2025-02-28T18:25:45.176+0200] {dagbag.py:588} INFO - Filling up the DagBag from /Users/nampham/.pyenv/versions/3.12.9/lib/python3.12/site-packages/airflow/example_dags/example_dataset_alias.py
[2025-02-28T18:25:45.379+0200] {processor.py:925} INFO - DAG(s) 'dataset_alias_example_alias_producer', 'dataset_s3_bucket_consumer', 'dataset_s3_bucket_producer', 'dataset_alias_example_alias_consumer' retrieved from /Users/nampham/.pyenv/versions/3.12.9/lib/python3.12/site-packages/airflow/example_dags/example_dataset_alias.py
[2025-02-28T18:25:45.447+0200] {logging_mixin.py:190} INFO - [2025-02-28T18:25:45.447+0200] {override.py:1930} INFO - Created Permission View: can delete on DAG:dataset_alias_example_alias_producer
[2025-02-28T18:25:45.450+0200] {logging_mixin.py:190} INFO - [2025-02-28T18:25:45.450+0200] {override.py:1930} INFO - Created Permission View: can read on DAG:dataset_alias_example_alias_producer
[2025-02-28T18:25:45.452+0200] {logging_mixin.py:190} INFO - [2025-02-28T18:25:45.452+0200] {override.py:1930} INFO - Created Permission View: can edit on DAG:dataset_alias_example_alias_producer
[2025-02-28T18:25:45.454+0200] {logging_mixin.py:190} INFO - [2025-02-28T18:25:45.454+0200] {override.py:1930} INFO - Created Permission View: menu access on DAG Run:dataset_alias_example_alias_producer
[2025-02-28T18:25:45.456+0200] {logging_mixin.py:190} INFO - [2025-02-28T18:25:45.456+0200] {override.py:1930} INFO - Created Permission View: can delete on DAG Run:dataset_alias_example_alias_producer
[2025-02-28T18:25:45.458+0200] {logging_mixin.py:190} INFO - [2025-02-28T18:25:45.458+0200] {override.py:1930} INFO - Created Permission View: can read on DAG Run:dataset_alias_example_alias_producer
[2025-02-28T18:25:45.459+0200] {logging_mixin.py:190} INFO - [2025-02-28T18:25:45.459+0200] {override.py:1930} INFO - Created Permission View: can create on DAG Run:dataset_alias_example_alias_producer
[2025-02-28T18:25:45.463+0200] {logging_mixin.py:190} INFO - [2025-02-28T18:25:45.463+0200] {override.py:1930} INFO - Created Permission View: can delete on DAG:dataset_s3_bucket_consumer
[2025-02-28T18:25:45.465+0200] {logging_mixin.py:190} INFO - [2025-02-28T18:25:45.465+0200] {override.py:1930} INFO - Created Permission View: can read on DAG:dataset_s3_bucket_consumer
[2025-02-28T18:25:45.466+0200] {logging_mixin.py:190} INFO - [2025-02-28T18:25:45.466+0200] {override.py:1930} INFO - Created Permission View: can edit on DAG:dataset_s3_bucket_consumer
[2025-02-28T18:25:45.469+0200] {logging_mixin.py:190} INFO - [2025-02-28T18:25:45.469+0200] {override.py:1930} INFO - Created Permission View: menu access on DAG Run:dataset_s3_bucket_consumer
[2025-02-28T18:25:45.471+0200] {logging_mixin.py:190} INFO - [2025-02-28T18:25:45.471+0200] {override.py:1930} INFO - Created Permission View: can delete on DAG Run:dataset_s3_bucket_consumer
[2025-02-28T18:25:45.472+0200] {logging_mixin.py:190} INFO - [2025-02-28T18:25:45.472+0200] {override.py:1930} INFO - Created Permission View: can read on DAG Run:dataset_s3_bucket_consumer
[2025-02-28T18:25:45.474+0200] {logging_mixin.py:190} INFO - [2025-02-28T18:25:45.474+0200] {override.py:1930} INFO - Created Permission View: can create on DAG Run:dataset_s3_bucket_consumer
[2025-02-28T18:25:45.478+0200] {logging_mixin.py:190} INFO - [2025-02-28T18:25:45.477+0200] {override.py:1930} INFO - Created Permission View: can delete on DAG:dataset_s3_bucket_producer
[2025-02-28T18:25:45.479+0200] {logging_mixin.py:190} INFO - [2025-02-28T18:25:45.479+0200] {override.py:1930} INFO - Created Permission View: can read on DAG:dataset_s3_bucket_producer
[2025-02-28T18:25:45.481+0200] {logging_mixin.py:190} INFO - [2025-02-28T18:25:45.481+0200] {override.py:1930} INFO - Created Permission View: can edit on DAG:dataset_s3_bucket_producer
[2025-02-28T18:25:45.483+0200] {logging_mixin.py:190} INFO - [2025-02-28T18:25:45.483+0200] {override.py:1930} INFO - Created Permission View: menu access on DAG Run:dataset_s3_bucket_producer
[2025-02-28T18:25:45.485+0200] {logging_mixin.py:190} INFO - [2025-02-28T18:25:45.485+0200] {override.py:1930} INFO - Created Permission View: can delete on DAG Run:dataset_s3_bucket_producer
[2025-02-28T18:25:45.487+0200] {logging_mixin.py:190} INFO - [2025-02-28T18:25:45.487+0200] {override.py:1930} INFO - Created Permission View: can read on DAG Run:dataset_s3_bucket_producer
[2025-02-28T18:25:45.489+0200] {logging_mixin.py:190} INFO - [2025-02-28T18:25:45.489+0200] {override.py:1930} INFO - Created Permission View: can create on DAG Run:dataset_s3_bucket_producer
[2025-02-28T18:25:45.492+0200] {logging_mixin.py:190} INFO - [2025-02-28T18:25:45.492+0200] {override.py:1930} INFO - Created Permission View: can delete on DAG:dataset_alias_example_alias_consumer
[2025-02-28T18:25:45.494+0200] {logging_mixin.py:190} INFO - [2025-02-28T18:25:45.494+0200] {override.py:1930} INFO - Created Permission View: can read on DAG:dataset_alias_example_alias_consumer
[2025-02-28T18:25:45.495+0200] {logging_mixin.py:190} INFO - [2025-02-28T18:25:45.495+0200] {override.py:1930} INFO - Created Permission View: can edit on DAG:dataset_alias_example_alias_consumer
[2025-02-28T18:25:45.498+0200] {logging_mixin.py:190} INFO - [2025-02-28T18:25:45.498+0200] {override.py:1930} INFO - Created Permission View: menu access on DAG Run:dataset_alias_example_alias_consumer
[2025-02-28T18:25:45.499+0200] {logging_mixin.py:190} INFO - [2025-02-28T18:25:45.499+0200] {override.py:1930} INFO - Created Permission View: can delete on DAG Run:dataset_alias_example_alias_consumer
[2025-02-28T18:25:45.501+0200] {logging_mixin.py:190} INFO - [2025-02-28T18:25:45.501+0200] {override.py:1930} INFO - Created Permission View: can read on DAG Run:dataset_alias_example_alias_consumer
[2025-02-28T18:25:45.503+0200] {logging_mixin.py:190} INFO - [2025-02-28T18:25:45.503+0200] {override.py:1930} INFO - Created Permission View: can create on DAG Run:dataset_alias_example_alias_consumer
[2025-02-28T18:25:45.503+0200] {logging_mixin.py:190} INFO - [2025-02-28T18:25:45.503+0200] {dag.py:3239} INFO - Sync 4 DAGs
[2025-02-28T18:25:45.507+0200] {logging_mixin.py:190} INFO - [2025-02-28T18:25:45.507+0200] {dag.py:3262} INFO - Creating ORM DAG for dataset_alias_example_alias_consumer
[2025-02-28T18:25:45.507+0200] {logging_mixin.py:190} INFO - [2025-02-28T18:25:45.507+0200] {dag.py:3262} INFO - Creating ORM DAG for dataset_s3_bucket_consumer
[2025-02-28T18:25:45.507+0200] {logging_mixin.py:190} INFO - [2025-02-28T18:25:45.507+0200] {dag.py:3262} INFO - Creating ORM DAG for dataset_s3_bucket_producer
[2025-02-28T18:25:45.507+0200] {logging_mixin.py:190} INFO - [2025-02-28T18:25:45.507+0200] {dag.py:3262} INFO - Creating ORM DAG for dataset_alias_example_alias_producer
[2025-02-28T18:25:45.511+0200] {logging_mixin.py:190} INFO - [2025-02-28T18:25:45.510+0200] {dag.py:4180} INFO - Setting next_dagrun for dataset_alias_example_alias_consumer to None, run_after=None
[2025-02-28T18:25:45.511+0200] {logging_mixin.py:190} INFO - [2025-02-28T18:25:45.511+0200] {dag.py:4180} INFO - Setting next_dagrun for dataset_alias_example_alias_producer to None, run_after=None
[2025-02-28T18:25:45.511+0200] {logging_mixin.py:190} INFO - [2025-02-28T18:25:45.511+0200] {dag.py:4180} INFO - Setting next_dagrun for dataset_s3_bucket_consumer to None, run_after=None
[2025-02-28T18:25:45.511+0200] {logging_mixin.py:190} INFO - [2025-02-28T18:25:45.511+0200] {dag.py:4180} INFO - Setting next_dagrun for dataset_s3_bucket_producer to None, run_after=None
[2025-02-28T18:25:45.843+0200] {processor.py:208} INFO - Processing /Users/nampham/.pyenv/versions/3.12.9/lib/python3.12/site-packages/airflow/example_dags/example_dataset_alias.py took 0.669 seconds
[2025-02-28T18:28:23.410+0200] {processor.py:186} INFO - Started process (PID=94048) to work on /Users/nampham/.pyenv/versions/3.12.9/lib/python3.12/site-packages/airflow/example_dags/example_dataset_alias.py
[2025-02-28T18:28:23.411+0200] {processor.py:914} INFO - Processing file /Users/nampham/.pyenv/versions/3.12.9/lib/python3.12/site-packages/airflow/example_dags/example_dataset_alias.py for tasks to queue
[2025-02-28T18:28:23.412+0200] {logging_mixin.py:190} INFO - [2025-02-28T18:28:23.412+0200] {dagbag.py:588} INFO - Filling up the DagBag from /Users/nampham/.pyenv/versions/3.12.9/lib/python3.12/site-packages/airflow/example_dags/example_dataset_alias.py
[2025-02-28T18:28:23.612+0200] {processor.py:925} INFO - DAG(s) 'dataset_alias_example_alias_consumer', 'dataset_alias_example_alias_producer', 'dataset_s3_bucket_producer', 'dataset_s3_bucket_consumer' retrieved from /Users/nampham/.pyenv/versions/3.12.9/lib/python3.12/site-packages/airflow/example_dags/example_dataset_alias.py
[2025-02-28T18:28:23.620+0200] {logging_mixin.py:190} INFO - [2025-02-28T18:28:23.620+0200] {dag.py:3239} INFO - Sync 4 DAGs
[2025-02-28T18:28:23.626+0200] {logging_mixin.py:190} INFO - [2025-02-28T18:28:23.626+0200] {dag.py:4180} INFO - Setting next_dagrun for dataset_alias_example_alias_consumer to None, run_after=None
[2025-02-28T18:28:23.627+0200] {logging_mixin.py:190} INFO - [2025-02-28T18:28:23.627+0200] {dag.py:4180} INFO - Setting next_dagrun for dataset_alias_example_alias_producer to None, run_after=None
[2025-02-28T18:28:23.627+0200] {logging_mixin.py:190} INFO - [2025-02-28T18:28:23.627+0200] {dag.py:4180} INFO - Setting next_dagrun for dataset_s3_bucket_consumer to None, run_after=None
[2025-02-28T18:28:23.627+0200] {logging_mixin.py:190} INFO - [2025-02-28T18:28:23.627+0200] {dag.py:4180} INFO - Setting next_dagrun for dataset_s3_bucket_producer to None, run_after=None
[2025-02-28T18:28:23.634+0200] {processor.py:208} INFO - Processing /Users/nampham/.pyenv/versions/3.12.9/lib/python3.12/site-packages/airflow/example_dags/example_dataset_alias.py took 0.225 seconds
[2025-02-28T20:13:46.668+0200] {processor.py:186} INFO - Started process (PID=98108) to work on /Users/nampham/.pyenv/versions/3.12.9/lib/python3.12/site-packages/airflow/example_dags/example_dataset_alias.py
[2025-02-28T20:13:46.669+0200] {processor.py:914} INFO - Processing file /Users/nampham/.pyenv/versions/3.12.9/lib/python3.12/site-packages/airflow/example_dags/example_dataset_alias.py for tasks to queue
[2025-02-28T20:13:46.670+0200] {logging_mixin.py:190} INFO - [2025-02-28T20:13:46.670+0200] {dagbag.py:588} INFO - Filling up the DagBag from /Users/nampham/.pyenv/versions/3.12.9/lib/python3.12/site-packages/airflow/example_dags/example_dataset_alias.py
[2025-02-28T20:13:46.874+0200] {processor.py:925} INFO - DAG(s) 'dataset_alias_example_alias_consumer', 'dataset_s3_bucket_producer', 'dataset_alias_example_alias_producer', 'dataset_s3_bucket_consumer' retrieved from /Users/nampham/.pyenv/versions/3.12.9/lib/python3.12/site-packages/airflow/example_dags/example_dataset_alias.py
[2025-02-28T20:13:46.956+0200] {logging_mixin.py:190} INFO - [2025-02-28T20:13:46.955+0200] {dag.py:3239} INFO - Sync 4 DAGs
[2025-02-28T20:13:46.962+0200] {logging_mixin.py:190} INFO - [2025-02-28T20:13:46.962+0200] {dag.py:4180} INFO - Setting next_dagrun for dataset_alias_example_alias_consumer to None, run_after=None
[2025-02-28T20:13:46.963+0200] {logging_mixin.py:190} INFO - [2025-02-28T20:13:46.963+0200] {dag.py:4180} INFO - Setting next_dagrun for dataset_alias_example_alias_producer to None, run_after=None
[2025-02-28T20:13:46.963+0200] {logging_mixin.py:190} INFO - [2025-02-28T20:13:46.963+0200] {dag.py:4180} INFO - Setting next_dagrun for dataset_s3_bucket_consumer to None, run_after=None
[2025-02-28T20:13:46.963+0200] {logging_mixin.py:190} INFO - [2025-02-28T20:13:46.963+0200] {dag.py:4180} INFO - Setting next_dagrun for dataset_s3_bucket_producer to None, run_after=None
[2025-02-28T20:13:46.970+0200] {processor.py:208} INFO - Processing /Users/nampham/.pyenv/versions/3.12.9/lib/python3.12/site-packages/airflow/example_dags/example_dataset_alias.py took 0.303 seconds
[2025-02-28T20:16:24.708+0200] {processor.py:186} INFO - Started process (PID=98702) to work on /Users/nampham/.pyenv/versions/3.12.9/lib/python3.12/site-packages/airflow/example_dags/example_dataset_alias.py
[2025-02-28T20:16:24.709+0200] {processor.py:914} INFO - Processing file /Users/nampham/.pyenv/versions/3.12.9/lib/python3.12/site-packages/airflow/example_dags/example_dataset_alias.py for tasks to queue
[2025-02-28T20:16:24.709+0200] {logging_mixin.py:190} INFO - [2025-02-28T20:16:24.709+0200] {dagbag.py:588} INFO - Filling up the DagBag from /Users/nampham/.pyenv/versions/3.12.9/lib/python3.12/site-packages/airflow/example_dags/example_dataset_alias.py
[2025-02-28T20:16:24.914+0200] {processor.py:925} INFO - DAG(s) 'dataset_s3_bucket_consumer', 'dataset_s3_bucket_producer', 'dataset_alias_example_alias_producer', 'dataset_alias_example_alias_consumer' retrieved from /Users/nampham/.pyenv/versions/3.12.9/lib/python3.12/site-packages/airflow/example_dags/example_dataset_alias.py
[2025-02-28T20:16:24.922+0200] {logging_mixin.py:190} INFO - [2025-02-28T20:16:24.922+0200] {dag.py:3239} INFO - Sync 4 DAGs
[2025-02-28T20:16:24.928+0200] {logging_mixin.py:190} INFO - [2025-02-28T20:16:24.928+0200] {dag.py:4180} INFO - Setting next_dagrun for dataset_alias_example_alias_consumer to None, run_after=None
[2025-02-28T20:16:24.929+0200] {logging_mixin.py:190} INFO - [2025-02-28T20:16:24.929+0200] {dag.py:4180} INFO - Setting next_dagrun for dataset_alias_example_alias_producer to None, run_after=None
[2025-02-28T20:16:24.929+0200] {logging_mixin.py:190} INFO - [2025-02-28T20:16:24.929+0200] {dag.py:4180} INFO - Setting next_dagrun for dataset_s3_bucket_consumer to None, run_after=None
[2025-02-28T20:16:24.929+0200] {logging_mixin.py:190} INFO - [2025-02-28T20:16:24.929+0200] {dag.py:4180} INFO - Setting next_dagrun for dataset_s3_bucket_producer to None, run_after=None
[2025-02-28T20:16:24.936+0200] {processor.py:208} INFO - Processing /Users/nampham/.pyenv/versions/3.12.9/lib/python3.12/site-packages/airflow/example_dags/example_dataset_alias.py took 0.230 seconds
[2025-02-28T20:19:27.963+0200] {processor.py:186} INFO - Started process (PID=99473) to work on /Users/nampham/.pyenv/versions/3.12.9/lib/python3.12/site-packages/airflow/example_dags/example_dataset_alias.py
[2025-02-28T20:19:27.964+0200] {processor.py:914} INFO - Processing file /Users/nampham/.pyenv/versions/3.12.9/lib/python3.12/site-packages/airflow/example_dags/example_dataset_alias.py for tasks to queue
[2025-02-28T20:19:27.964+0200] {logging_mixin.py:190} INFO - [2025-02-28T20:19:27.964+0200] {dagbag.py:588} INFO - Filling up the DagBag from /Users/nampham/.pyenv/versions/3.12.9/lib/python3.12/site-packages/airflow/example_dags/example_dataset_alias.py
[2025-02-28T20:19:28.169+0200] {processor.py:925} INFO - DAG(s) 'dataset_s3_bucket_consumer', 'dataset_alias_example_alias_producer', 'dataset_alias_example_alias_consumer', 'dataset_s3_bucket_producer' retrieved from /Users/nampham/.pyenv/versions/3.12.9/lib/python3.12/site-packages/airflow/example_dags/example_dataset_alias.py
[2025-02-28T20:19:28.178+0200] {logging_mixin.py:190} INFO - [2025-02-28T20:19:28.178+0200] {dag.py:3239} INFO - Sync 4 DAGs
[2025-02-28T20:19:28.184+0200] {logging_mixin.py:190} INFO - [2025-02-28T20:19:28.184+0200] {dag.py:4180} INFO - Setting next_dagrun for dataset_alias_example_alias_consumer to None, run_after=None
[2025-02-28T20:19:28.185+0200] {logging_mixin.py:190} INFO - [2025-02-28T20:19:28.185+0200] {dag.py:4180} INFO - Setting next_dagrun for dataset_alias_example_alias_producer to None, run_after=None
[2025-02-28T20:19:28.185+0200] {logging_mixin.py:190} INFO - [2025-02-28T20:19:28.185+0200] {dag.py:4180} INFO - Setting next_dagrun for dataset_s3_bucket_consumer to None, run_after=None
[2025-02-28T20:19:28.186+0200] {logging_mixin.py:190} INFO - [2025-02-28T20:19:28.185+0200] {dag.py:4180} INFO - Setting next_dagrun for dataset_s3_bucket_producer to None, run_after=None
[2025-02-28T20:19:28.194+0200] {processor.py:208} INFO - Processing /Users/nampham/.pyenv/versions/3.12.9/lib/python3.12/site-packages/airflow/example_dags/example_dataset_alias.py took 0.233 seconds
[2025-02-28T20:22:05.505+0200] {processor.py:186} INFO - Started process (PID=188) to work on /Users/nampham/.pyenv/versions/3.12.9/lib/python3.12/site-packages/airflow/example_dags/example_dataset_alias.py
[2025-02-28T20:22:05.507+0200] {processor.py:914} INFO - Processing file /Users/nampham/.pyenv/versions/3.12.9/lib/python3.12/site-packages/airflow/example_dags/example_dataset_alias.py for tasks to queue
[2025-02-28T20:22:05.507+0200] {logging_mixin.py:190} INFO - [2025-02-28T20:22:05.507+0200] {dagbag.py:588} INFO - Filling up the DagBag from /Users/nampham/.pyenv/versions/3.12.9/lib/python3.12/site-packages/airflow/example_dags/example_dataset_alias.py
[2025-02-28T20:22:05.705+0200] {processor.py:925} INFO - DAG(s) 'dataset_s3_bucket_producer', 'dataset_alias_example_alias_consumer', 'dataset_alias_example_alias_producer', 'dataset_s3_bucket_consumer' retrieved from /Users/nampham/.pyenv/versions/3.12.9/lib/python3.12/site-packages/airflow/example_dags/example_dataset_alias.py
[2025-02-28T20:22:05.713+0200] {logging_mixin.py:190} INFO - [2025-02-28T20:22:05.712+0200] {dag.py:3239} INFO - Sync 4 DAGs
[2025-02-28T20:22:05.720+0200] {logging_mixin.py:190} INFO - [2025-02-28T20:22:05.719+0200] {dag.py:4180} INFO - Setting next_dagrun for dataset_alias_example_alias_consumer to None, run_after=None
[2025-02-28T20:22:05.720+0200] {logging_mixin.py:190} INFO - [2025-02-28T20:22:05.720+0200] {dag.py:4180} INFO - Setting next_dagrun for dataset_alias_example_alias_producer to None, run_after=None
[2025-02-28T20:22:05.721+0200] {logging_mixin.py:190} INFO - [2025-02-28T20:22:05.721+0200] {dag.py:4180} INFO - Setting next_dagrun for dataset_s3_bucket_consumer to None, run_after=None
[2025-02-28T20:22:05.721+0200] {logging_mixin.py:190} INFO - [2025-02-28T20:22:05.721+0200] {dag.py:4180} INFO - Setting next_dagrun for dataset_s3_bucket_producer to None, run_after=None
[2025-02-28T20:22:05.728+0200] {processor.py:208} INFO - Processing /Users/nampham/.pyenv/versions/3.12.9/lib/python3.12/site-packages/airflow/example_dags/example_dataset_alias.py took 0.224 seconds
[2025-02-28T21:28:39.448+0200] {processor.py:186} INFO - Started process (PID=5703) to work on /Users/nampham/.pyenv/versions/3.12.9/lib/python3.12/site-packages/airflow/example_dags/example_dataset_alias.py
[2025-02-28T21:28:39.450+0200] {processor.py:914} INFO - Processing file /Users/nampham/.pyenv/versions/3.12.9/lib/python3.12/site-packages/airflow/example_dags/example_dataset_alias.py for tasks to queue
[2025-02-28T21:28:39.450+0200] {logging_mixin.py:190} INFO - [2025-02-28T21:28:39.450+0200] {dagbag.py:588} INFO - Filling up the DagBag from /Users/nampham/.pyenv/versions/3.12.9/lib/python3.12/site-packages/airflow/example_dags/example_dataset_alias.py
[2025-02-28T21:28:39.651+0200] {processor.py:925} INFO - DAG(s) 'dataset_alias_example_alias_producer', 'dataset_s3_bucket_consumer', 'dataset_alias_example_alias_consumer', 'dataset_s3_bucket_producer' retrieved from /Users/nampham/.pyenv/versions/3.12.9/lib/python3.12/site-packages/airflow/example_dags/example_dataset_alias.py
[2025-02-28T21:28:39.659+0200] {logging_mixin.py:190} INFO - [2025-02-28T21:28:39.658+0200] {dag.py:3239} INFO - Sync 4 DAGs
[2025-02-28T21:28:39.665+0200] {logging_mixin.py:190} INFO - [2025-02-28T21:28:39.665+0200] {dag.py:4180} INFO - Setting next_dagrun for dataset_alias_example_alias_consumer to None, run_after=None
[2025-02-28T21:28:39.665+0200] {logging_mixin.py:190} INFO - [2025-02-28T21:28:39.665+0200] {dag.py:4180} INFO - Setting next_dagrun for dataset_alias_example_alias_producer to None, run_after=None
[2025-02-28T21:28:39.666+0200] {logging_mixin.py:190} INFO - [2025-02-28T21:28:39.666+0200] {dag.py:4180} INFO - Setting next_dagrun for dataset_s3_bucket_consumer to None, run_after=None
[2025-02-28T21:28:39.666+0200] {logging_mixin.py:190} INFO - [2025-02-28T21:28:39.666+0200] {dag.py:4180} INFO - Setting next_dagrun for dataset_s3_bucket_producer to None, run_after=None
[2025-02-28T21:28:39.673+0200] {processor.py:208} INFO - Processing /Users/nampham/.pyenv/versions/3.12.9/lib/python3.12/site-packages/airflow/example_dags/example_dataset_alias.py took 0.226 seconds
[2025-02-28T21:31:25.349+0200] {processor.py:186} INFO - Started process (PID=6354) to work on /Users/nampham/.pyenv/versions/3.12.9/lib/python3.12/site-packages/airflow/example_dags/example_dataset_alias.py
[2025-02-28T21:31:25.350+0200] {processor.py:914} INFO - Processing file /Users/nampham/.pyenv/versions/3.12.9/lib/python3.12/site-packages/airflow/example_dags/example_dataset_alias.py for tasks to queue
[2025-02-28T21:31:25.351+0200] {logging_mixin.py:190} INFO - [2025-02-28T21:31:25.351+0200] {dagbag.py:588} INFO - Filling up the DagBag from /Users/nampham/.pyenv/versions/3.12.9/lib/python3.12/site-packages/airflow/example_dags/example_dataset_alias.py
[2025-02-28T21:31:25.554+0200] {processor.py:925} INFO - DAG(s) 'dataset_s3_bucket_producer', 'dataset_alias_example_alias_consumer', 'dataset_alias_example_alias_producer', 'dataset_s3_bucket_consumer' retrieved from /Users/nampham/.pyenv/versions/3.12.9/lib/python3.12/site-packages/airflow/example_dags/example_dataset_alias.py
[2025-02-28T21:31:25.563+0200] {logging_mixin.py:190} INFO - [2025-02-28T21:31:25.563+0200] {dag.py:3239} INFO - Sync 4 DAGs
[2025-02-28T21:31:25.569+0200] {logging_mixin.py:190} INFO - [2025-02-28T21:31:25.569+0200] {dag.py:4180} INFO - Setting next_dagrun for dataset_alias_example_alias_consumer to None, run_after=None
[2025-02-28T21:31:25.570+0200] {logging_mixin.py:190} INFO - [2025-02-28T21:31:25.570+0200] {dag.py:4180} INFO - Setting next_dagrun for dataset_alias_example_alias_producer to None, run_after=None
[2025-02-28T21:31:25.570+0200] {logging_mixin.py:190} INFO - [2025-02-28T21:31:25.570+0200] {dag.py:4180} INFO - Setting next_dagrun for dataset_s3_bucket_consumer to None, run_after=None
[2025-02-28T21:31:25.571+0200] {logging_mixin.py:190} INFO - [2025-02-28T21:31:25.571+0200] {dag.py:4180} INFO - Setting next_dagrun for dataset_s3_bucket_producer to None, run_after=None
[2025-02-28T21:31:25.578+0200] {processor.py:208} INFO - Processing /Users/nampham/.pyenv/versions/3.12.9/lib/python3.12/site-packages/airflow/example_dags/example_dataset_alias.py took 0.230 seconds
[2025-02-28T21:34:02.134+0200] {processor.py:186} INFO - Started process (PID=7174) to work on /Users/nampham/.pyenv/versions/3.12.9/lib/python3.12/site-packages/airflow/example_dags/example_dataset_alias.py
[2025-02-28T21:34:02.135+0200] {processor.py:914} INFO - Processing file /Users/nampham/.pyenv/versions/3.12.9/lib/python3.12/site-packages/airflow/example_dags/example_dataset_alias.py for tasks to queue
[2025-02-28T21:34:02.135+0200] {logging_mixin.py:190} INFO - [2025-02-28T21:34:02.135+0200] {dagbag.py:588} INFO - Filling up the DagBag from /Users/nampham/.pyenv/versions/3.12.9/lib/python3.12/site-packages/airflow/example_dags/example_dataset_alias.py
[2025-02-28T21:34:02.336+0200] {processor.py:925} INFO - DAG(s) 'dataset_alias_example_alias_producer', 'dataset_s3_bucket_producer', 'dataset_alias_example_alias_consumer', 'dataset_s3_bucket_consumer' retrieved from /Users/nampham/.pyenv/versions/3.12.9/lib/python3.12/site-packages/airflow/example_dags/example_dataset_alias.py
[2025-02-28T21:34:02.344+0200] {logging_mixin.py:190} INFO - [2025-02-28T21:34:02.344+0200] {dag.py:3239} INFO - Sync 4 DAGs
[2025-02-28T21:34:02.350+0200] {logging_mixin.py:190} INFO - [2025-02-28T21:34:02.350+0200] {dag.py:4180} INFO - Setting next_dagrun for dataset_alias_example_alias_consumer to None, run_after=None
[2025-02-28T21:34:02.351+0200] {logging_mixin.py:190} INFO - [2025-02-28T21:34:02.351+0200] {dag.py:4180} INFO - Setting next_dagrun for dataset_alias_example_alias_producer to None, run_after=None
[2025-02-28T21:34:02.351+0200] {logging_mixin.py:190} INFO - [2025-02-28T21:34:02.351+0200] {dag.py:4180} INFO - Setting next_dagrun for dataset_s3_bucket_consumer to None, run_after=None
[2025-02-28T21:34:02.353+0200] {logging_mixin.py:190} INFO - [2025-02-28T21:34:02.353+0200] {dag.py:4180} INFO - Setting next_dagrun for dataset_s3_bucket_producer to None, run_after=None
[2025-02-28T21:34:02.359+0200] {processor.py:208} INFO - Processing /Users/nampham/.pyenv/versions/3.12.9/lib/python3.12/site-packages/airflow/example_dags/example_dataset_alias.py took 0.226 seconds
[2025-02-28T21:37:51.350+0200] {processor.py:186} INFO - Started process (PID=8079) to work on /Users/nampham/.pyenv/versions/3.12.9/lib/python3.12/site-packages/airflow/example_dags/example_dataset_alias.py
[2025-02-28T21:37:51.351+0200] {processor.py:914} INFO - Processing file /Users/nampham/.pyenv/versions/3.12.9/lib/python3.12/site-packages/airflow/example_dags/example_dataset_alias.py for tasks to queue
[2025-02-28T21:37:51.352+0200] {logging_mixin.py:190} INFO - [2025-02-28T21:37:51.351+0200] {dagbag.py:588} INFO - Filling up the DagBag from /Users/nampham/.pyenv/versions/3.12.9/lib/python3.12/site-packages/airflow/example_dags/example_dataset_alias.py
[2025-02-28T21:37:51.557+0200] {processor.py:925} INFO - DAG(s) 'dataset_s3_bucket_consumer', 'dataset_s3_bucket_producer', 'dataset_alias_example_alias_consumer', 'dataset_alias_example_alias_producer' retrieved from /Users/nampham/.pyenv/versions/3.12.9/lib/python3.12/site-packages/airflow/example_dags/example_dataset_alias.py
[2025-02-28T21:37:51.636+0200] {logging_mixin.py:190} INFO - [2025-02-28T21:37:51.636+0200] {override.py:1930} INFO - Created Permission View: can delete on DAG:dataset_s3_bucket_consumer
[2025-02-28T21:37:51.639+0200] {logging_mixin.py:190} INFO - [2025-02-28T21:37:51.639+0200] {override.py:1930} INFO - Created Permission View: can read on DAG:dataset_s3_bucket_consumer
[2025-02-28T21:37:51.641+0200] {logging_mixin.py:190} INFO - [2025-02-28T21:37:51.641+0200] {override.py:1930} INFO - Created Permission View: can edit on DAG:dataset_s3_bucket_consumer
[2025-02-28T21:37:51.644+0200] {logging_mixin.py:190} INFO - [2025-02-28T21:37:51.644+0200] {override.py:1930} INFO - Created Permission View: can delete on DAG Run:dataset_s3_bucket_consumer
[2025-02-28T21:37:51.646+0200] {logging_mixin.py:190} INFO - [2025-02-28T21:37:51.646+0200] {override.py:1930} INFO - Created Permission View: can read on DAG Run:dataset_s3_bucket_consumer
[2025-02-28T21:37:51.648+0200] {logging_mixin.py:190} INFO - [2025-02-28T21:37:51.647+0200] {override.py:1930} INFO - Created Permission View: menu access on DAG Run:dataset_s3_bucket_consumer
[2025-02-28T21:37:51.650+0200] {logging_mixin.py:190} INFO - [2025-02-28T21:37:51.650+0200] {override.py:1930} INFO - Created Permission View: can create on DAG Run:dataset_s3_bucket_consumer
[2025-02-28T21:37:51.654+0200] {logging_mixin.py:190} INFO - [2025-02-28T21:37:51.654+0200] {override.py:1930} INFO - Created Permission View: can delete on DAG:dataset_s3_bucket_producer
[2025-02-28T21:37:51.656+0200] {logging_mixin.py:190} INFO - [2025-02-28T21:37:51.655+0200] {override.py:1930} INFO - Created Permission View: can read on DAG:dataset_s3_bucket_producer
[2025-02-28T21:37:51.657+0200] {logging_mixin.py:190} INFO - [2025-02-28T21:37:51.657+0200] {override.py:1930} INFO - Created Permission View: can edit on DAG:dataset_s3_bucket_producer
[2025-02-28T21:37:51.660+0200] {logging_mixin.py:190} INFO - [2025-02-28T21:37:51.659+0200] {override.py:1930} INFO - Created Permission View: can delete on DAG Run:dataset_s3_bucket_producer
[2025-02-28T21:37:51.661+0200] {logging_mixin.py:190} INFO - [2025-02-28T21:37:51.661+0200] {override.py:1930} INFO - Created Permission View: can read on DAG Run:dataset_s3_bucket_producer
[2025-02-28T21:37:51.663+0200] {logging_mixin.py:190} INFO - [2025-02-28T21:37:51.663+0200] {override.py:1930} INFO - Created Permission View: menu access on DAG Run:dataset_s3_bucket_producer
[2025-02-28T21:37:51.665+0200] {logging_mixin.py:190} INFO - [2025-02-28T21:37:51.665+0200] {override.py:1930} INFO - Created Permission View: can create on DAG Run:dataset_s3_bucket_producer
[2025-02-28T21:37:51.669+0200] {logging_mixin.py:190} INFO - [2025-02-28T21:37:51.669+0200] {override.py:1930} INFO - Created Permission View: can delete on DAG:dataset_alias_example_alias_consumer
[2025-02-28T21:37:51.671+0200] {logging_mixin.py:190} INFO - [2025-02-28T21:37:51.671+0200] {override.py:1930} INFO - Created Permission View: can read on DAG:dataset_alias_example_alias_consumer
[2025-02-28T21:37:51.673+0200] {logging_mixin.py:190} INFO - [2025-02-28T21:37:51.673+0200] {override.py:1930} INFO - Created Permission View: can edit on DAG:dataset_alias_example_alias_consumer
[2025-02-28T21:37:51.675+0200] {logging_mixin.py:190} INFO - [2025-02-28T21:37:51.675+0200] {override.py:1930} INFO - Created Permission View: can delete on DAG Run:dataset_alias_example_alias_consumer
[2025-02-28T21:37:51.677+0200] {logging_mixin.py:190} INFO - [2025-02-28T21:37:51.677+0200] {override.py:1930} INFO - Created Permission View: can read on DAG Run:dataset_alias_example_alias_consumer
[2025-02-28T21:37:51.679+0200] {logging_mixin.py:190} INFO - [2025-02-28T21:37:51.679+0200] {override.py:1930} INFO - Created Permission View: menu access on DAG Run:dataset_alias_example_alias_consumer
[2025-02-28T21:37:51.681+0200] {logging_mixin.py:190} INFO - [2025-02-28T21:37:51.681+0200] {override.py:1930} INFO - Created Permission View: can create on DAG Run:dataset_alias_example_alias_consumer
[2025-02-28T21:37:51.685+0200] {logging_mixin.py:190} INFO - [2025-02-28T21:37:51.685+0200] {override.py:1930} INFO - Created Permission View: can delete on DAG:dataset_alias_example_alias_producer
[2025-02-28T21:37:51.687+0200] {logging_mixin.py:190} INFO - [2025-02-28T21:37:51.687+0200] {override.py:1930} INFO - Created Permission View: can read on DAG:dataset_alias_example_alias_producer
[2025-02-28T21:37:51.688+0200] {logging_mixin.py:190} INFO - [2025-02-28T21:37:51.688+0200] {override.py:1930} INFO - Created Permission View: can edit on DAG:dataset_alias_example_alias_producer
[2025-02-28T21:37:51.691+0200] {logging_mixin.py:190} INFO - [2025-02-28T21:37:51.691+0200] {override.py:1930} INFO - Created Permission View: can delete on DAG Run:dataset_alias_example_alias_producer
[2025-02-28T21:37:51.692+0200] {logging_mixin.py:190} INFO - [2025-02-28T21:37:51.692+0200] {override.py:1930} INFO - Created Permission View: can read on DAG Run:dataset_alias_example_alias_producer
[2025-02-28T21:37:51.694+0200] {logging_mixin.py:190} INFO - [2025-02-28T21:37:51.694+0200] {override.py:1930} INFO - Created Permission View: menu access on DAG Run:dataset_alias_example_alias_producer
[2025-02-28T21:37:51.696+0200] {logging_mixin.py:190} INFO - [2025-02-28T21:37:51.696+0200] {override.py:1930} INFO - Created Permission View: can create on DAG Run:dataset_alias_example_alias_producer
[2025-02-28T21:37:51.696+0200] {logging_mixin.py:190} INFO - [2025-02-28T21:37:51.696+0200] {dag.py:3239} INFO - Sync 4 DAGs
[2025-02-28T21:37:51.700+0200] {logging_mixin.py:190} INFO - [2025-02-28T21:37:51.700+0200] {dag.py:3262} INFO - Creating ORM DAG for dataset_alias_example_alias_consumer
[2025-02-28T21:37:51.700+0200] {logging_mixin.py:190} INFO - [2025-02-28T21:37:51.700+0200] {dag.py:3262} INFO - Creating ORM DAG for dataset_alias_example_alias_producer
[2025-02-28T21:37:51.700+0200] {logging_mixin.py:190} INFO - [2025-02-28T21:37:51.700+0200] {dag.py:3262} INFO - Creating ORM DAG for dataset_s3_bucket_consumer
[2025-02-28T21:37:51.701+0200] {logging_mixin.py:190} INFO - [2025-02-28T21:37:51.701+0200] {dag.py:3262} INFO - Creating ORM DAG for dataset_s3_bucket_producer
[2025-02-28T21:37:51.704+0200] {logging_mixin.py:190} INFO - [2025-02-28T21:37:51.704+0200] {dag.py:4180} INFO - Setting next_dagrun for dataset_alias_example_alias_consumer to None, run_after=None
[2025-02-28T21:37:51.704+0200] {logging_mixin.py:190} INFO - [2025-02-28T21:37:51.704+0200] {dag.py:4180} INFO - Setting next_dagrun for dataset_alias_example_alias_producer to None, run_after=None
[2025-02-28T21:37:51.704+0200] {logging_mixin.py:190} INFO - [2025-02-28T21:37:51.704+0200] {dag.py:4180} INFO - Setting next_dagrun for dataset_s3_bucket_consumer to None, run_after=None
[2025-02-28T21:37:51.704+0200] {logging_mixin.py:190} INFO - [2025-02-28T21:37:51.704+0200] {dag.py:4180} INFO - Setting next_dagrun for dataset_s3_bucket_producer to None, run_after=None
[2025-02-28T21:37:51.955+0200] {processor.py:208} INFO - Processing /Users/nampham/.pyenv/versions/3.12.9/lib/python3.12/site-packages/airflow/example_dags/example_dataset_alias.py took 0.606 seconds
[2025-02-28T21:40:26.306+0200] {processor.py:186} INFO - Started process (PID=8668) to work on /Users/nampham/.pyenv/versions/3.12.9/lib/python3.12/site-packages/airflow/example_dags/example_dataset_alias.py
[2025-02-28T21:40:26.307+0200] {processor.py:914} INFO - Processing file /Users/nampham/.pyenv/versions/3.12.9/lib/python3.12/site-packages/airflow/example_dags/example_dataset_alias.py for tasks to queue
[2025-02-28T21:40:26.308+0200] {logging_mixin.py:190} INFO - [2025-02-28T21:40:26.308+0200] {dagbag.py:588} INFO - Filling up the DagBag from /Users/nampham/.pyenv/versions/3.12.9/lib/python3.12/site-packages/airflow/example_dags/example_dataset_alias.py
[2025-02-28T21:40:26.545+0200] {processor.py:925} INFO - DAG(s) 'dataset_alias_example_alias_consumer', 'dataset_s3_bucket_consumer', 'dataset_s3_bucket_producer', 'dataset_alias_example_alias_producer' retrieved from /Users/nampham/.pyenv/versions/3.12.9/lib/python3.12/site-packages/airflow/example_dags/example_dataset_alias.py
[2025-02-28T21:40:26.554+0200] {logging_mixin.py:190} INFO - [2025-02-28T21:40:26.554+0200] {dag.py:3239} INFO - Sync 4 DAGs
[2025-02-28T21:40:26.561+0200] {logging_mixin.py:190} INFO - [2025-02-28T21:40:26.560+0200] {dag.py:4180} INFO - Setting next_dagrun for dataset_alias_example_alias_consumer to None, run_after=None
[2025-02-28T21:40:26.561+0200] {logging_mixin.py:190} INFO - [2025-02-28T21:40:26.561+0200] {dag.py:4180} INFO - Setting next_dagrun for dataset_alias_example_alias_producer to None, run_after=None
[2025-02-28T21:40:26.562+0200] {logging_mixin.py:190} INFO - [2025-02-28T21:40:26.562+0200] {dag.py:4180} INFO - Setting next_dagrun for dataset_s3_bucket_consumer to None, run_after=None
[2025-02-28T21:40:26.562+0200] {logging_mixin.py:190} INFO - [2025-02-28T21:40:26.562+0200] {dag.py:4180} INFO - Setting next_dagrun for dataset_s3_bucket_producer to None, run_after=None
[2025-02-28T21:40:26.572+0200] {processor.py:208} INFO - Processing /Users/nampham/.pyenv/versions/3.12.9/lib/python3.12/site-packages/airflow/example_dags/example_dataset_alias.py took 0.268 seconds
[2025-02-28T22:28:42.546+0200] {processor.py:186} INFO - Started process (PID=18287) to work on /Users/nampham/.pyenv/versions/3.12.9/lib/python3.12/site-packages/airflow/example_dags/example_dataset_alias.py
[2025-02-28T22:28:42.547+0200] {processor.py:914} INFO - Processing file /Users/nampham/.pyenv/versions/3.12.9/lib/python3.12/site-packages/airflow/example_dags/example_dataset_alias.py for tasks to queue
[2025-02-28T22:28:42.547+0200] {logging_mixin.py:190} INFO - [2025-02-28T22:28:42.547+0200] {dagbag.py:588} INFO - Filling up the DagBag from /Users/nampham/.pyenv/versions/3.12.9/lib/python3.12/site-packages/airflow/example_dags/example_dataset_alias.py
[2025-02-28T22:28:42.749+0200] {processor.py:925} INFO - DAG(s) 'dataset_s3_bucket_producer', 'dataset_s3_bucket_consumer', 'dataset_alias_example_alias_consumer', 'dataset_alias_example_alias_producer' retrieved from /Users/nampham/.pyenv/versions/3.12.9/lib/python3.12/site-packages/airflow/example_dags/example_dataset_alias.py
[2025-02-28T22:28:42.819+0200] {logging_mixin.py:190} INFO - [2025-02-28T22:28:42.818+0200] {override.py:1930} INFO - Created Permission View: can edit on DAG:dataset_s3_bucket_producer
[2025-02-28T22:28:42.822+0200] {logging_mixin.py:190} INFO - [2025-02-28T22:28:42.821+0200] {override.py:1930} INFO - Created Permission View: can delete on DAG:dataset_s3_bucket_producer
[2025-02-28T22:28:42.823+0200] {logging_mixin.py:190} INFO - [2025-02-28T22:28:42.823+0200] {override.py:1930} INFO - Created Permission View: can read on DAG:dataset_s3_bucket_producer
[2025-02-28T22:28:42.826+0200] {logging_mixin.py:190} INFO - [2025-02-28T22:28:42.826+0200] {override.py:1930} INFO - Created Permission View: can create on DAG Run:dataset_s3_bucket_producer
[2025-02-28T22:28:42.828+0200] {logging_mixin.py:190} INFO - [2025-02-28T22:28:42.828+0200] {override.py:1930} INFO - Created Permission View: can delete on DAG Run:dataset_s3_bucket_producer
[2025-02-28T22:28:42.829+0200] {logging_mixin.py:190} INFO - [2025-02-28T22:28:42.829+0200] {override.py:1930} INFO - Created Permission View: menu access on DAG Run:dataset_s3_bucket_producer
[2025-02-28T22:28:42.831+0200] {logging_mixin.py:190} INFO - [2025-02-28T22:28:42.831+0200] {override.py:1930} INFO - Created Permission View: can read on DAG Run:dataset_s3_bucket_producer
[2025-02-28T22:28:42.835+0200] {logging_mixin.py:190} INFO - [2025-02-28T22:28:42.835+0200] {override.py:1930} INFO - Created Permission View: can edit on DAG:dataset_s3_bucket_consumer
[2025-02-28T22:28:42.836+0200] {logging_mixin.py:190} INFO - [2025-02-28T22:28:42.836+0200] {override.py:1930} INFO - Created Permission View: can delete on DAG:dataset_s3_bucket_consumer
[2025-02-28T22:28:42.838+0200] {logging_mixin.py:190} INFO - [2025-02-28T22:28:42.838+0200] {override.py:1930} INFO - Created Permission View: can read on DAG:dataset_s3_bucket_consumer
[2025-02-28T22:28:42.840+0200] {logging_mixin.py:190} INFO - [2025-02-28T22:28:42.840+0200] {override.py:1930} INFO - Created Permission View: can create on DAG Run:dataset_s3_bucket_consumer
[2025-02-28T22:28:42.842+0200] {logging_mixin.py:190} INFO - [2025-02-28T22:28:42.842+0200] {override.py:1930} INFO - Created Permission View: can delete on DAG Run:dataset_s3_bucket_consumer
[2025-02-28T22:28:42.844+0200] {logging_mixin.py:190} INFO - [2025-02-28T22:28:42.844+0200] {override.py:1930} INFO - Created Permission View: menu access on DAG Run:dataset_s3_bucket_consumer
[2025-02-28T22:28:42.846+0200] {logging_mixin.py:190} INFO - [2025-02-28T22:28:42.846+0200] {override.py:1930} INFO - Created Permission View: can read on DAG Run:dataset_s3_bucket_consumer
[2025-02-28T22:28:42.850+0200] {logging_mixin.py:190} INFO - [2025-02-28T22:28:42.850+0200] {override.py:1930} INFO - Created Permission View: can edit on DAG:dataset_alias_example_alias_consumer
[2025-02-28T22:28:42.852+0200] {logging_mixin.py:190} INFO - [2025-02-28T22:28:42.851+0200] {override.py:1930} INFO - Created Permission View: can delete on DAG:dataset_alias_example_alias_consumer
[2025-02-28T22:28:42.853+0200] {logging_mixin.py:190} INFO - [2025-02-28T22:28:42.853+0200] {override.py:1930} INFO - Created Permission View: can read on DAG:dataset_alias_example_alias_consumer
[2025-02-28T22:28:42.856+0200] {logging_mixin.py:190} INFO - [2025-02-28T22:28:42.856+0200] {override.py:1930} INFO - Created Permission View: can create on DAG Run:dataset_alias_example_alias_consumer
[2025-02-28T22:28:42.857+0200] {logging_mixin.py:190} INFO - [2025-02-28T22:28:42.857+0200] {override.py:1930} INFO - Created Permission View: can delete on DAG Run:dataset_alias_example_alias_consumer
[2025-02-28T22:28:42.859+0200] {logging_mixin.py:190} INFO - [2025-02-28T22:28:42.859+0200] {override.py:1930} INFO - Created Permission View: menu access on DAG Run:dataset_alias_example_alias_consumer
[2025-02-28T22:28:42.861+0200] {logging_mixin.py:190} INFO - [2025-02-28T22:28:42.861+0200] {override.py:1930} INFO - Created Permission View: can read on DAG Run:dataset_alias_example_alias_consumer
[2025-02-28T22:28:42.866+0200] {logging_mixin.py:190} INFO - [2025-02-28T22:28:42.866+0200] {override.py:1930} INFO - Created Permission View: can edit on DAG:dataset_alias_example_alias_producer
[2025-02-28T22:28:42.867+0200] {logging_mixin.py:190} INFO - [2025-02-28T22:28:42.867+0200] {override.py:1930} INFO - Created Permission View: can delete on DAG:dataset_alias_example_alias_producer
[2025-02-28T22:28:42.869+0200] {logging_mixin.py:190} INFO - [2025-02-28T22:28:42.869+0200] {override.py:1930} INFO - Created Permission View: can read on DAG:dataset_alias_example_alias_producer
[2025-02-28T22:28:42.871+0200] {logging_mixin.py:190} INFO - [2025-02-28T22:28:42.871+0200] {override.py:1930} INFO - Created Permission View: can create on DAG Run:dataset_alias_example_alias_producer
[2025-02-28T22:28:42.873+0200] {logging_mixin.py:190} INFO - [2025-02-28T22:28:42.873+0200] {override.py:1930} INFO - Created Permission View: can delete on DAG Run:dataset_alias_example_alias_producer
[2025-02-28T22:28:42.875+0200] {logging_mixin.py:190} INFO - [2025-02-28T22:28:42.875+0200] {override.py:1930} INFO - Created Permission View: menu access on DAG Run:dataset_alias_example_alias_producer
[2025-02-28T22:28:42.877+0200] {logging_mixin.py:190} INFO - [2025-02-28T22:28:42.877+0200] {override.py:1930} INFO - Created Permission View: can read on DAG Run:dataset_alias_example_alias_producer
[2025-02-28T22:28:42.877+0200] {logging_mixin.py:190} INFO - [2025-02-28T22:28:42.877+0200] {dag.py:3239} INFO - Sync 4 DAGs
[2025-02-28T22:28:42.881+0200] {logging_mixin.py:190} INFO - [2025-02-28T22:28:42.881+0200] {dag.py:3262} INFO - Creating ORM DAG for dataset_alias_example_alias_producer
[2025-02-28T22:28:42.881+0200] {logging_mixin.py:190} INFO - [2025-02-28T22:28:42.881+0200] {dag.py:3262} INFO - Creating ORM DAG for dataset_s3_bucket_producer
[2025-02-28T22:28:42.881+0200] {logging_mixin.py:190} INFO - [2025-02-28T22:28:42.881+0200] {dag.py:3262} INFO - Creating ORM DAG for dataset_s3_bucket_consumer
[2025-02-28T22:28:42.881+0200] {logging_mixin.py:190} INFO - [2025-02-28T22:28:42.881+0200] {dag.py:3262} INFO - Creating ORM DAG for dataset_alias_example_alias_consumer
[2025-02-28T22:28:42.884+0200] {logging_mixin.py:190} INFO - [2025-02-28T22:28:42.884+0200] {dag.py:4180} INFO - Setting next_dagrun for dataset_alias_example_alias_consumer to None, run_after=None
[2025-02-28T22:28:42.885+0200] {logging_mixin.py:190} INFO - [2025-02-28T22:28:42.885+0200] {dag.py:4180} INFO - Setting next_dagrun for dataset_alias_example_alias_producer to None, run_after=None
[2025-02-28T22:28:42.885+0200] {logging_mixin.py:190} INFO - [2025-02-28T22:28:42.885+0200] {dag.py:4180} INFO - Setting next_dagrun for dataset_s3_bucket_consumer to None, run_after=None
[2025-02-28T22:28:42.885+0200] {logging_mixin.py:190} INFO - [2025-02-28T22:28:42.885+0200] {dag.py:4180} INFO - Setting next_dagrun for dataset_s3_bucket_producer to None, run_after=None
[2025-02-28T22:28:43.162+0200] {processor.py:208} INFO - Processing /Users/nampham/.pyenv/versions/3.12.9/lib/python3.12/site-packages/airflow/example_dags/example_dataset_alias.py took 0.618 seconds
[2025-02-28T22:36:46.678+0200] {processor.py:186} INFO - Started process (PID=19952) to work on /Users/nampham/.pyenv/versions/3.12.9/lib/python3.12/site-packages/airflow/example_dags/example_dataset_alias.py
[2025-02-28T22:36:46.679+0200] {processor.py:914} INFO - Processing file /Users/nampham/.pyenv/versions/3.12.9/lib/python3.12/site-packages/airflow/example_dags/example_dataset_alias.py for tasks to queue
[2025-02-28T22:36:46.679+0200] {logging_mixin.py:190} INFO - [2025-02-28T22:36:46.679+0200] {dagbag.py:588} INFO - Filling up the DagBag from /Users/nampham/.pyenv/versions/3.12.9/lib/python3.12/site-packages/airflow/example_dags/example_dataset_alias.py
[2025-02-28T22:36:46.875+0200] {processor.py:925} INFO - DAG(s) 'dataset_alias_example_alias_consumer', 'dataset_s3_bucket_producer', 'dataset_s3_bucket_consumer', 'dataset_alias_example_alias_producer' retrieved from /Users/nampham/.pyenv/versions/3.12.9/lib/python3.12/site-packages/airflow/example_dags/example_dataset_alias.py
[2025-02-28T22:36:46.940+0200] {logging_mixin.py:190} INFO - [2025-02-28T22:36:46.940+0200] {override.py:1930} INFO - Created Permission View: can read on DAG:dataset_alias_example_alias_consumer
[2025-02-28T22:36:46.943+0200] {logging_mixin.py:190} INFO - [2025-02-28T22:36:46.943+0200] {override.py:1930} INFO - Created Permission View: can delete on DAG:dataset_alias_example_alias_consumer
[2025-02-28T22:36:46.945+0200] {logging_mixin.py:190} INFO - [2025-02-28T22:36:46.945+0200] {override.py:1930} INFO - Created Permission View: can edit on DAG:dataset_alias_example_alias_consumer
[2025-02-28T22:36:46.948+0200] {logging_mixin.py:190} INFO - [2025-02-28T22:36:46.948+0200] {override.py:1930} INFO - Created Permission View: can read on DAG Run:dataset_alias_example_alias_consumer
[2025-02-28T22:36:46.949+0200] {logging_mixin.py:190} INFO - [2025-02-28T22:36:46.949+0200] {override.py:1930} INFO - Created Permission View: can create on DAG Run:dataset_alias_example_alias_consumer
[2025-02-28T22:36:46.951+0200] {logging_mixin.py:190} INFO - [2025-02-28T22:36:46.951+0200] {override.py:1930} INFO - Created Permission View: menu access on DAG Run:dataset_alias_example_alias_consumer
[2025-02-28T22:36:46.953+0200] {logging_mixin.py:190} INFO - [2025-02-28T22:36:46.953+0200] {override.py:1930} INFO - Created Permission View: can delete on DAG Run:dataset_alias_example_alias_consumer
[2025-02-28T22:36:46.956+0200] {logging_mixin.py:190} INFO - [2025-02-28T22:36:46.956+0200] {override.py:1930} INFO - Created Permission View: can read on DAG:dataset_s3_bucket_producer
[2025-02-28T22:36:46.958+0200] {logging_mixin.py:190} INFO - [2025-02-28T22:36:46.958+0200] {override.py:1930} INFO - Created Permission View: can delete on DAG:dataset_s3_bucket_producer
[2025-02-28T22:36:46.960+0200] {logging_mixin.py:190} INFO - [2025-02-28T22:36:46.960+0200] {override.py:1930} INFO - Created Permission View: can edit on DAG:dataset_s3_bucket_producer
[2025-02-28T22:36:46.962+0200] {logging_mixin.py:190} INFO - [2025-02-28T22:36:46.962+0200] {override.py:1930} INFO - Created Permission View: can read on DAG Run:dataset_s3_bucket_producer
[2025-02-28T22:36:46.964+0200] {logging_mixin.py:190} INFO - [2025-02-28T22:36:46.964+0200] {override.py:1930} INFO - Created Permission View: can create on DAG Run:dataset_s3_bucket_producer
[2025-02-28T22:36:46.965+0200] {logging_mixin.py:190} INFO - [2025-02-28T22:36:46.965+0200] {override.py:1930} INFO - Created Permission View: menu access on DAG Run:dataset_s3_bucket_producer
[2025-02-28T22:36:46.967+0200] {logging_mixin.py:190} INFO - [2025-02-28T22:36:46.967+0200] {override.py:1930} INFO - Created Permission View: can delete on DAG Run:dataset_s3_bucket_producer
[2025-02-28T22:36:46.971+0200] {logging_mixin.py:190} INFO - [2025-02-28T22:36:46.971+0200] {override.py:1930} INFO - Created Permission View: can read on DAG:dataset_s3_bucket_consumer
[2025-02-28T22:36:46.972+0200] {logging_mixin.py:190} INFO - [2025-02-28T22:36:46.972+0200] {override.py:1930} INFO - Created Permission View: can delete on DAG:dataset_s3_bucket_consumer
[2025-02-28T22:36:46.974+0200] {logging_mixin.py:190} INFO - [2025-02-28T22:36:46.974+0200] {override.py:1930} INFO - Created Permission View: can edit on DAG:dataset_s3_bucket_consumer
[2025-02-28T22:36:46.976+0200] {logging_mixin.py:190} INFO - [2025-02-28T22:36:46.976+0200] {override.py:1930} INFO - Created Permission View: can read on DAG Run:dataset_s3_bucket_consumer
[2025-02-28T22:36:46.978+0200] {logging_mixin.py:190} INFO - [2025-02-28T22:36:46.978+0200] {override.py:1930} INFO - Created Permission View: can create on DAG Run:dataset_s3_bucket_consumer
[2025-02-28T22:36:46.980+0200] {logging_mixin.py:190} INFO - [2025-02-28T22:36:46.980+0200] {override.py:1930} INFO - Created Permission View: menu access on DAG Run:dataset_s3_bucket_consumer
[2025-02-28T22:36:46.982+0200] {logging_mixin.py:190} INFO - [2025-02-28T22:36:46.982+0200] {override.py:1930} INFO - Created Permission View: can delete on DAG Run:dataset_s3_bucket_consumer
[2025-02-28T22:36:46.986+0200] {logging_mixin.py:190} INFO - [2025-02-28T22:36:46.986+0200] {override.py:1930} INFO - Created Permission View: can read on DAG:dataset_alias_example_alias_producer
[2025-02-28T22:36:46.987+0200] {logging_mixin.py:190} INFO - [2025-02-28T22:36:46.987+0200] {override.py:1930} INFO - Created Permission View: can delete on DAG:dataset_alias_example_alias_producer
[2025-02-28T22:36:46.989+0200] {logging_mixin.py:190} INFO - [2025-02-28T22:36:46.989+0200] {override.py:1930} INFO - Created Permission View: can edit on DAG:dataset_alias_example_alias_producer
[2025-02-28T22:36:46.991+0200] {logging_mixin.py:190} INFO - [2025-02-28T22:36:46.991+0200] {override.py:1930} INFO - Created Permission View: can read on DAG Run:dataset_alias_example_alias_producer
[2025-02-28T22:36:46.993+0200] {logging_mixin.py:190} INFO - [2025-02-28T22:36:46.993+0200] {override.py:1930} INFO - Created Permission View: can create on DAG Run:dataset_alias_example_alias_producer
[2025-02-28T22:36:46.995+0200] {logging_mixin.py:190} INFO - [2025-02-28T22:36:46.995+0200] {override.py:1930} INFO - Created Permission View: menu access on DAG Run:dataset_alias_example_alias_producer
[2025-02-28T22:36:46.996+0200] {logging_mixin.py:190} INFO - [2025-02-28T22:36:46.996+0200] {override.py:1930} INFO - Created Permission View: can delete on DAG Run:dataset_alias_example_alias_producer
[2025-02-28T22:36:46.997+0200] {logging_mixin.py:190} INFO - [2025-02-28T22:36:46.997+0200] {dag.py:3239} INFO - Sync 4 DAGs
[2025-02-28T22:36:47.000+0200] {logging_mixin.py:190} INFO - [2025-02-28T22:36:47.000+0200] {dag.py:3262} INFO - Creating ORM DAG for dataset_alias_example_alias_consumer
[2025-02-28T22:36:47.001+0200] {logging_mixin.py:190} INFO - [2025-02-28T22:36:47.001+0200] {dag.py:3262} INFO - Creating ORM DAG for dataset_s3_bucket_consumer
[2025-02-28T22:36:47.001+0200] {logging_mixin.py:190} INFO - [2025-02-28T22:36:47.001+0200] {dag.py:3262} INFO - Creating ORM DAG for dataset_alias_example_alias_producer
[2025-02-28T22:36:47.001+0200] {logging_mixin.py:190} INFO - [2025-02-28T22:36:47.001+0200] {dag.py:3262} INFO - Creating ORM DAG for dataset_s3_bucket_producer
[2025-02-28T22:36:47.004+0200] {logging_mixin.py:190} INFO - [2025-02-28T22:36:47.004+0200] {dag.py:4180} INFO - Setting next_dagrun for dataset_alias_example_alias_consumer to None, run_after=None
[2025-02-28T22:36:47.004+0200] {logging_mixin.py:190} INFO - [2025-02-28T22:36:47.004+0200] {dag.py:4180} INFO - Setting next_dagrun for dataset_alias_example_alias_producer to None, run_after=None
[2025-02-28T22:36:47.004+0200] {logging_mixin.py:190} INFO - [2025-02-28T22:36:47.004+0200] {dag.py:4180} INFO - Setting next_dagrun for dataset_s3_bucket_consumer to None, run_after=None
[2025-02-28T22:36:47.005+0200] {logging_mixin.py:190} INFO - [2025-02-28T22:36:47.004+0200] {dag.py:4180} INFO - Setting next_dagrun for dataset_s3_bucket_producer to None, run_after=None
[2025-02-28T22:36:47.257+0200] {processor.py:208} INFO - Processing /Users/nampham/.pyenv/versions/3.12.9/lib/python3.12/site-packages/airflow/example_dags/example_dataset_alias.py took 0.580 seconds
[2025-02-28T22:39:42.560+0200] {processor.py:186} INFO - Started process (PID=20561) to work on /Users/nampham/.pyenv/versions/3.12.9/lib/python3.12/site-packages/airflow/example_dags/example_dataset_alias.py
[2025-02-28T22:39:42.561+0200] {processor.py:914} INFO - Processing file /Users/nampham/.pyenv/versions/3.12.9/lib/python3.12/site-packages/airflow/example_dags/example_dataset_alias.py for tasks to queue
[2025-02-28T22:39:42.562+0200] {logging_mixin.py:190} INFO - [2025-02-28T22:39:42.561+0200] {dagbag.py:588} INFO - Filling up the DagBag from /Users/nampham/.pyenv/versions/3.12.9/lib/python3.12/site-packages/airflow/example_dags/example_dataset_alias.py
[2025-02-28T22:39:42.759+0200] {processor.py:925} INFO - DAG(s) 'dataset_s3_bucket_producer', 'dataset_s3_bucket_consumer', 'dataset_alias_example_alias_producer', 'dataset_alias_example_alias_consumer' retrieved from /Users/nampham/.pyenv/versions/3.12.9/lib/python3.12/site-packages/airflow/example_dags/example_dataset_alias.py
[2025-02-28T22:39:42.767+0200] {logging_mixin.py:190} INFO - [2025-02-28T22:39:42.767+0200] {dag.py:3239} INFO - Sync 4 DAGs
[2025-02-28T22:39:42.773+0200] {logging_mixin.py:190} INFO - [2025-02-28T22:39:42.773+0200] {dag.py:4180} INFO - Setting next_dagrun for dataset_alias_example_alias_consumer to None, run_after=None
[2025-02-28T22:39:42.774+0200] {logging_mixin.py:190} INFO - [2025-02-28T22:39:42.774+0200] {dag.py:4180} INFO - Setting next_dagrun for dataset_alias_example_alias_producer to None, run_after=None
[2025-02-28T22:39:42.774+0200] {logging_mixin.py:190} INFO - [2025-02-28T22:39:42.774+0200] {dag.py:4180} INFO - Setting next_dagrun for dataset_s3_bucket_consumer to None, run_after=None
[2025-02-28T22:39:42.775+0200] {logging_mixin.py:190} INFO - [2025-02-28T22:39:42.775+0200] {dag.py:4180} INFO - Setting next_dagrun for dataset_s3_bucket_producer to None, run_after=None
[2025-02-28T22:39:42.781+0200] {processor.py:208} INFO - Processing /Users/nampham/.pyenv/versions/3.12.9/lib/python3.12/site-packages/airflow/example_dags/example_dataset_alias.py took 0.222 seconds
[2025-02-28T22:42:30.244+0200] {processor.py:186} INFO - Started process (PID=21115) to work on /Users/nampham/.pyenv/versions/3.12.9/lib/python3.12/site-packages/airflow/example_dags/example_dataset_alias.py
[2025-02-28T22:42:30.245+0200] {processor.py:914} INFO - Processing file /Users/nampham/.pyenv/versions/3.12.9/lib/python3.12/site-packages/airflow/example_dags/example_dataset_alias.py for tasks to queue
[2025-02-28T22:42:30.245+0200] {logging_mixin.py:190} INFO - [2025-02-28T22:42:30.245+0200] {dagbag.py:588} INFO - Filling up the DagBag from /Users/nampham/.pyenv/versions/3.12.9/lib/python3.12/site-packages/airflow/example_dags/example_dataset_alias.py
[2025-02-28T22:42:30.444+0200] {processor.py:925} INFO - DAG(s) 'dataset_s3_bucket_producer', 'dataset_s3_bucket_consumer', 'dataset_alias_example_alias_producer', 'dataset_alias_example_alias_consumer' retrieved from /Users/nampham/.pyenv/versions/3.12.9/lib/python3.12/site-packages/airflow/example_dags/example_dataset_alias.py
[2025-02-28T22:42:30.452+0200] {logging_mixin.py:190} INFO - [2025-02-28T22:42:30.451+0200] {dag.py:3239} INFO - Sync 4 DAGs
[2025-02-28T22:42:30.458+0200] {logging_mixin.py:190} INFO - [2025-02-28T22:42:30.458+0200] {dag.py:4180} INFO - Setting next_dagrun for dataset_alias_example_alias_consumer to None, run_after=None
[2025-02-28T22:42:30.458+0200] {logging_mixin.py:190} INFO - [2025-02-28T22:42:30.458+0200] {dag.py:4180} INFO - Setting next_dagrun for dataset_alias_example_alias_producer to None, run_after=None
[2025-02-28T22:42:30.459+0200] {logging_mixin.py:190} INFO - [2025-02-28T22:42:30.459+0200] {dag.py:4180} INFO - Setting next_dagrun for dataset_s3_bucket_consumer to None, run_after=None
[2025-02-28T22:42:30.459+0200] {logging_mixin.py:190} INFO - [2025-02-28T22:42:30.459+0200] {dag.py:4180} INFO - Setting next_dagrun for dataset_s3_bucket_producer to None, run_after=None
[2025-02-28T22:42:30.466+0200] {processor.py:208} INFO - Processing /Users/nampham/.pyenv/versions/3.12.9/lib/python3.12/site-packages/airflow/example_dags/example_dataset_alias.py took 0.224 seconds
[2025-02-28T22:45:13.190+0200] {processor.py:186} INFO - Started process (PID=21713) to work on /Users/nampham/.pyenv/versions/3.12.9/lib/python3.12/site-packages/airflow/example_dags/example_dataset_alias.py
[2025-02-28T22:45:13.190+0200] {processor.py:914} INFO - Processing file /Users/nampham/.pyenv/versions/3.12.9/lib/python3.12/site-packages/airflow/example_dags/example_dataset_alias.py for tasks to queue
[2025-02-28T22:45:13.191+0200] {logging_mixin.py:190} INFO - [2025-02-28T22:45:13.191+0200] {dagbag.py:588} INFO - Filling up the DagBag from /Users/nampham/.pyenv/versions/3.12.9/lib/python3.12/site-packages/airflow/example_dags/example_dataset_alias.py
[2025-02-28T22:45:13.387+0200] {processor.py:925} INFO - DAG(s) 'dataset_alias_example_alias_consumer', 'dataset_s3_bucket_consumer', 'dataset_s3_bucket_producer', 'dataset_alias_example_alias_producer' retrieved from /Users/nampham/.pyenv/versions/3.12.9/lib/python3.12/site-packages/airflow/example_dags/example_dataset_alias.py
[2025-02-28T22:45:13.394+0200] {logging_mixin.py:190} INFO - [2025-02-28T22:45:13.394+0200] {dag.py:3239} INFO - Sync 4 DAGs
[2025-02-28T22:45:13.400+0200] {logging_mixin.py:190} INFO - [2025-02-28T22:45:13.400+0200] {dag.py:4180} INFO - Setting next_dagrun for dataset_alias_example_alias_consumer to None, run_after=None
[2025-02-28T22:45:13.401+0200] {logging_mixin.py:190} INFO - [2025-02-28T22:45:13.401+0200] {dag.py:4180} INFO - Setting next_dagrun for dataset_alias_example_alias_producer to None, run_after=None
[2025-02-28T22:45:13.402+0200] {logging_mixin.py:190} INFO - [2025-02-28T22:45:13.402+0200] {dag.py:4180} INFO - Setting next_dagrun for dataset_s3_bucket_consumer to None, run_after=None
[2025-02-28T22:45:13.402+0200] {logging_mixin.py:190} INFO - [2025-02-28T22:45:13.402+0200] {dag.py:4180} INFO - Setting next_dagrun for dataset_s3_bucket_producer to None, run_after=None
[2025-02-28T22:45:13.409+0200] {processor.py:208} INFO - Processing /Users/nampham/.pyenv/versions/3.12.9/lib/python3.12/site-packages/airflow/example_dags/example_dataset_alias.py took 0.220 seconds
[2025-02-28T22:47:17.743+0200] {processor.py:186} INFO - Started process (PID=22127) to work on /Users/nampham/.pyenv/versions/3.12.9/lib/python3.12/site-packages/airflow/example_dags/example_dataset_alias.py
[2025-02-28T22:47:17.745+0200] {processor.py:914} INFO - Processing file /Users/nampham/.pyenv/versions/3.12.9/lib/python3.12/site-packages/airflow/example_dags/example_dataset_alias.py for tasks to queue
[2025-02-28T22:47:17.745+0200] {logging_mixin.py:190} INFO - [2025-02-28T22:47:17.745+0200] {dagbag.py:588} INFO - Filling up the DagBag from /Users/nampham/.pyenv/versions/3.12.9/lib/python3.12/site-packages/airflow/example_dags/example_dataset_alias.py
[2025-02-28T22:47:17.943+0200] {processor.py:925} INFO - DAG(s) 'dataset_s3_bucket_consumer', 'dataset_s3_bucket_producer', 'dataset_alias_example_alias_producer', 'dataset_alias_example_alias_consumer' retrieved from /Users/nampham/.pyenv/versions/3.12.9/lib/python3.12/site-packages/airflow/example_dags/example_dataset_alias.py
[2025-02-28T22:47:17.951+0200] {logging_mixin.py:190} INFO - [2025-02-28T22:47:17.950+0200] {dag.py:3239} INFO - Sync 4 DAGs
[2025-02-28T22:47:17.957+0200] {logging_mixin.py:190} INFO - [2025-02-28T22:47:17.957+0200] {dag.py:4180} INFO - Setting next_dagrun for dataset_alias_example_alias_consumer to None, run_after=None
[2025-02-28T22:47:17.957+0200] {logging_mixin.py:190} INFO - [2025-02-28T22:47:17.957+0200] {dag.py:4180} INFO - Setting next_dagrun for dataset_alias_example_alias_producer to None, run_after=None
[2025-02-28T22:47:17.958+0200] {logging_mixin.py:190} INFO - [2025-02-28T22:47:17.958+0200] {dag.py:4180} INFO - Setting next_dagrun for dataset_s3_bucket_consumer to None, run_after=None
[2025-02-28T22:47:17.958+0200] {logging_mixin.py:190} INFO - [2025-02-28T22:47:17.958+0200] {dag.py:4180} INFO - Setting next_dagrun for dataset_s3_bucket_producer to None, run_after=None
[2025-02-28T22:47:17.965+0200] {processor.py:208} INFO - Processing /Users/nampham/.pyenv/versions/3.12.9/lib/python3.12/site-packages/airflow/example_dags/example_dataset_alias.py took 0.223 seconds
[2025-02-28T22:55:49.405+0200] {processor.py:186} INFO - Started process (PID=22935) to work on /Users/nampham/.pyenv/versions/3.12.9/lib/python3.12/site-packages/airflow/example_dags/example_dataset_alias.py
[2025-02-28T22:55:49.406+0200] {processor.py:914} INFO - Processing file /Users/nampham/.pyenv/versions/3.12.9/lib/python3.12/site-packages/airflow/example_dags/example_dataset_alias.py for tasks to queue
[2025-02-28T22:55:49.407+0200] {logging_mixin.py:190} INFO - [2025-02-28T22:55:49.407+0200] {dagbag.py:588} INFO - Filling up the DagBag from /Users/nampham/.pyenv/versions/3.12.9/lib/python3.12/site-packages/airflow/example_dags/example_dataset_alias.py
[2025-02-28T22:55:49.604+0200] {processor.py:925} INFO - DAG(s) 'dataset_s3_bucket_consumer', 'dataset_alias_example_alias_producer', 'dataset_s3_bucket_producer', 'dataset_alias_example_alias_consumer' retrieved from /Users/nampham/.pyenv/versions/3.12.9/lib/python3.12/site-packages/airflow/example_dags/example_dataset_alias.py
[2025-02-28T22:55:49.612+0200] {logging_mixin.py:190} INFO - [2025-02-28T22:55:49.612+0200] {dag.py:3239} INFO - Sync 4 DAGs
[2025-02-28T22:55:49.618+0200] {logging_mixin.py:190} INFO - [2025-02-28T22:55:49.618+0200] {dag.py:4180} INFO - Setting next_dagrun for dataset_alias_example_alias_consumer to None, run_after=None
[2025-02-28T22:55:49.619+0200] {logging_mixin.py:190} INFO - [2025-02-28T22:55:49.619+0200] {dag.py:4180} INFO - Setting next_dagrun for dataset_alias_example_alias_producer to None, run_after=None
[2025-02-28T22:55:49.619+0200] {logging_mixin.py:190} INFO - [2025-02-28T22:55:49.619+0200] {dag.py:4180} INFO - Setting next_dagrun for dataset_s3_bucket_consumer to None, run_after=None
[2025-02-28T22:55:49.620+0200] {logging_mixin.py:190} INFO - [2025-02-28T22:55:49.620+0200] {dag.py:4180} INFO - Setting next_dagrun for dataset_s3_bucket_producer to None, run_after=None
[2025-02-28T22:55:49.627+0200] {processor.py:208} INFO - Processing /Users/nampham/.pyenv/versions/3.12.9/lib/python3.12/site-packages/airflow/example_dags/example_dataset_alias.py took 0.223 seconds
[2025-02-28T22:58:33.788+0200] {processor.py:186} INFO - Started process (PID=23468) to work on /Users/nampham/.pyenv/versions/3.12.9/lib/python3.12/site-packages/airflow/example_dags/example_dataset_alias.py
[2025-02-28T22:58:33.788+0200] {processor.py:914} INFO - Processing file /Users/nampham/.pyenv/versions/3.12.9/lib/python3.12/site-packages/airflow/example_dags/example_dataset_alias.py for tasks to queue
[2025-02-28T22:58:33.789+0200] {logging_mixin.py:190} INFO - [2025-02-28T22:58:33.789+0200] {dagbag.py:588} INFO - Filling up the DagBag from /Users/nampham/.pyenv/versions/3.12.9/lib/python3.12/site-packages/airflow/example_dags/example_dataset_alias.py
[2025-02-28T22:58:33.989+0200] {processor.py:925} INFO - DAG(s) 'dataset_alias_example_alias_producer', 'dataset_s3_bucket_producer', 'dataset_alias_example_alias_consumer', 'dataset_s3_bucket_consumer' retrieved from /Users/nampham/.pyenv/versions/3.12.9/lib/python3.12/site-packages/airflow/example_dags/example_dataset_alias.py
[2025-02-28T22:58:33.997+0200] {logging_mixin.py:190} INFO - [2025-02-28T22:58:33.997+0200] {dag.py:3239} INFO - Sync 4 DAGs
[2025-02-28T22:58:34.003+0200] {logging_mixin.py:190} INFO - [2025-02-28T22:58:34.003+0200] {dag.py:4180} INFO - Setting next_dagrun for dataset_alias_example_alias_consumer to None, run_after=None
[2025-02-28T22:58:34.004+0200] {logging_mixin.py:190} INFO - [2025-02-28T22:58:34.004+0200] {dag.py:4180} INFO - Setting next_dagrun for dataset_alias_example_alias_producer to None, run_after=None
[2025-02-28T22:58:34.004+0200] {logging_mixin.py:190} INFO - [2025-02-28T22:58:34.004+0200] {dag.py:4180} INFO - Setting next_dagrun for dataset_s3_bucket_consumer to None, run_after=None
[2025-02-28T22:58:34.004+0200] {logging_mixin.py:190} INFO - [2025-02-28T22:58:34.004+0200] {dag.py:4180} INFO - Setting next_dagrun for dataset_s3_bucket_producer to None, run_after=None
[2025-02-28T22:58:34.011+0200] {processor.py:208} INFO - Processing /Users/nampham/.pyenv/versions/3.12.9/lib/python3.12/site-packages/airflow/example_dags/example_dataset_alias.py took 0.225 seconds
[2025-02-28T23:01:31.767+0200] {processor.py:186} INFO - Started process (PID=24080) to work on /Users/nampham/.pyenv/versions/3.12.9/lib/python3.12/site-packages/airflow/example_dags/example_dataset_alias.py
[2025-02-28T23:01:31.768+0200] {processor.py:914} INFO - Processing file /Users/nampham/.pyenv/versions/3.12.9/lib/python3.12/site-packages/airflow/example_dags/example_dataset_alias.py for tasks to queue
[2025-02-28T23:01:31.769+0200] {logging_mixin.py:190} INFO - [2025-02-28T23:01:31.769+0200] {dagbag.py:588} INFO - Filling up the DagBag from /Users/nampham/.pyenv/versions/3.12.9/lib/python3.12/site-packages/airflow/example_dags/example_dataset_alias.py
[2025-02-28T23:01:31.970+0200] {processor.py:925} INFO - DAG(s) 'dataset_alias_example_alias_producer', 'dataset_s3_bucket_consumer', 'dataset_s3_bucket_producer', 'dataset_alias_example_alias_consumer' retrieved from /Users/nampham/.pyenv/versions/3.12.9/lib/python3.12/site-packages/airflow/example_dags/example_dataset_alias.py
[2025-02-28T23:01:31.978+0200] {logging_mixin.py:190} INFO - [2025-02-28T23:01:31.977+0200] {dag.py:3239} INFO - Sync 4 DAGs
[2025-02-28T23:01:31.984+0200] {logging_mixin.py:190} INFO - [2025-02-28T23:01:31.984+0200] {dag.py:4180} INFO - Setting next_dagrun for dataset_alias_example_alias_consumer to None, run_after=None
[2025-02-28T23:01:31.985+0200] {logging_mixin.py:190} INFO - [2025-02-28T23:01:31.985+0200] {dag.py:4180} INFO - Setting next_dagrun for dataset_alias_example_alias_producer to None, run_after=None
[2025-02-28T23:01:31.985+0200] {logging_mixin.py:190} INFO - [2025-02-28T23:01:31.985+0200] {dag.py:4180} INFO - Setting next_dagrun for dataset_s3_bucket_consumer to None, run_after=None
[2025-02-28T23:01:31.986+0200] {logging_mixin.py:190} INFO - [2025-02-28T23:01:31.986+0200] {dag.py:4180} INFO - Setting next_dagrun for dataset_s3_bucket_producer to None, run_after=None
[2025-02-28T23:01:31.992+0200] {processor.py:208} INFO - Processing /Users/nampham/.pyenv/versions/3.12.9/lib/python3.12/site-packages/airflow/example_dags/example_dataset_alias.py took 0.226 seconds
