[2025-02-28T18:25:29.197+0200] {processor.py:186} INFO - Started process (PID=93334) to work on /Users/nampham/.pyenv/versions/3.12.9/lib/python3.12/site-packages/airflow/example_dags/example_kubernetes_executor.py
[2025-02-28T18:25:29.197+0200] {processor.py:914} INFO - Processing file /Users/nampham/.pyenv/versions/3.12.9/lib/python3.12/site-packages/airflow/example_dags/example_kubernetes_executor.py for tasks to queue
[2025-02-28T18:25:29.198+0200] {logging_mixin.py:190} INFO - [2025-02-28T18:25:29.198+0200] {dagbag.py:588} INFO - Filling up the DagBag from /Users/nampham/.pyenv/versions/3.12.9/lib/python3.12/site-packages/airflow/example_dags/example_kubernetes_executor.py
[2025-02-28T18:25:29.279+0200] {logging_mixin.py:190} INFO - [2025-02-28T18:25:29.279+0200] {example_kubernetes_executor.py:39} WARNING - The example_kubernetes_executor example DAG requires the kubernetes provider. Please install it with: pip install apache-airflow[cncf.kubernetes]
[2025-02-28T18:25:29.280+0200] {processor.py:927} WARNING - No viable dags retrieved from /Users/nampham/.pyenv/versions/3.12.9/lib/python3.12/site-packages/airflow/example_dags/example_kubernetes_executor.py
[2025-02-28T18:25:29.312+0200] {processor.py:208} INFO - Processing /Users/nampham/.pyenv/versions/3.12.9/lib/python3.12/site-packages/airflow/example_dags/example_kubernetes_executor.py took 0.116 seconds
[2025-02-28T18:27:18.429+0200] {processor.py:186} INFO - Started process (PID=93760) to work on /Users/nampham/.pyenv/versions/3.12.9/lib/python3.12/site-packages/airflow/example_dags/example_kubernetes_executor.py
[2025-02-28T18:27:18.431+0200] {processor.py:914} INFO - Processing file /Users/nampham/.pyenv/versions/3.12.9/lib/python3.12/site-packages/airflow/example_dags/example_kubernetes_executor.py for tasks to queue
[2025-02-28T18:27:18.431+0200] {logging_mixin.py:190} INFO - [2025-02-28T18:27:18.431+0200] {dagbag.py:588} INFO - Filling up the DagBag from /Users/nampham/.pyenv/versions/3.12.9/lib/python3.12/site-packages/airflow/example_dags/example_kubernetes_executor.py
[2025-02-28T18:27:18.480+0200] {logging_mixin.py:190} INFO - [2025-02-28T18:27:18.480+0200] {example_kubernetes_executor.py:39} WARNING - The example_kubernetes_executor example DAG requires the kubernetes provider. Please install it with: pip install apache-airflow[cncf.kubernetes]
[2025-02-28T18:27:18.481+0200] {processor.py:927} WARNING - No viable dags retrieved from /Users/nampham/.pyenv/versions/3.12.9/lib/python3.12/site-packages/airflow/example_dags/example_kubernetes_executor.py
[2025-02-28T18:27:18.515+0200] {processor.py:208} INFO - Processing /Users/nampham/.pyenv/versions/3.12.9/lib/python3.12/site-packages/airflow/example_dags/example_kubernetes_executor.py took 0.088 seconds
[2025-02-28T18:29:59.908+0200] {processor.py:186} INFO - Started process (PID=94412) to work on /Users/nampham/.pyenv/versions/3.12.9/lib/python3.12/site-packages/airflow/example_dags/example_kubernetes_executor.py
[2025-02-28T18:29:59.909+0200] {processor.py:914} INFO - Processing file /Users/nampham/.pyenv/versions/3.12.9/lib/python3.12/site-packages/airflow/example_dags/example_kubernetes_executor.py for tasks to queue
[2025-02-28T18:29:59.910+0200] {logging_mixin.py:190} INFO - [2025-02-28T18:29:59.910+0200] {dagbag.py:588} INFO - Filling up the DagBag from /Users/nampham/.pyenv/versions/3.12.9/lib/python3.12/site-packages/airflow/example_dags/example_kubernetes_executor.py
[2025-02-28T18:29:59.960+0200] {logging_mixin.py:190} INFO - [2025-02-28T18:29:59.960+0200] {example_kubernetes_executor.py:39} WARNING - The example_kubernetes_executor example DAG requires the kubernetes provider. Please install it with: pip install apache-airflow[cncf.kubernetes]
[2025-02-28T18:29:59.960+0200] {processor.py:927} WARNING - No viable dags retrieved from /Users/nampham/.pyenv/versions/3.12.9/lib/python3.12/site-packages/airflow/example_dags/example_kubernetes_executor.py
[2025-02-28T18:30:00.000+0200] {processor.py:208} INFO - Processing /Users/nampham/.pyenv/versions/3.12.9/lib/python3.12/site-packages/airflow/example_dags/example_kubernetes_executor.py took 0.094 seconds
[2025-02-28T20:11:45.069+0200] {processor.py:186} INFO - Started process (PID=97470) to work on /Users/nampham/.pyenv/versions/3.12.9/lib/python3.12/site-packages/airflow/example_dags/example_kubernetes_executor.py
[2025-02-28T20:11:45.069+0200] {processor.py:914} INFO - Processing file /Users/nampham/.pyenv/versions/3.12.9/lib/python3.12/site-packages/airflow/example_dags/example_kubernetes_executor.py for tasks to queue
[2025-02-28T20:11:45.070+0200] {logging_mixin.py:190} INFO - [2025-02-28T20:11:45.070+0200] {dagbag.py:588} INFO - Filling up the DagBag from /Users/nampham/.pyenv/versions/3.12.9/lib/python3.12/site-packages/airflow/example_dags/example_kubernetes_executor.py
[2025-02-28T20:11:45.125+0200] {logging_mixin.py:190} INFO - [2025-02-28T20:11:45.124+0200] {example_kubernetes_executor.py:39} WARNING - The example_kubernetes_executor example DAG requires the kubernetes provider. Please install it with: pip install apache-airflow[cncf.kubernetes]
[2025-02-28T20:11:45.125+0200] {processor.py:927} WARNING - No viable dags retrieved from /Users/nampham/.pyenv/versions/3.12.9/lib/python3.12/site-packages/airflow/example_dags/example_kubernetes_executor.py
[2025-02-28T20:11:45.160+0200] {processor.py:208} INFO - Processing /Users/nampham/.pyenv/versions/3.12.9/lib/python3.12/site-packages/airflow/example_dags/example_kubernetes_executor.py took 0.094 seconds
[2025-02-28T20:13:30.806+0200] {processor.py:186} INFO - Started process (PID=98048) to work on /Users/nampham/.pyenv/versions/3.12.9/lib/python3.12/site-packages/airflow/example_dags/example_kubernetes_executor.py
[2025-02-28T20:13:30.807+0200] {processor.py:914} INFO - Processing file /Users/nampham/.pyenv/versions/3.12.9/lib/python3.12/site-packages/airflow/example_dags/example_kubernetes_executor.py for tasks to queue
[2025-02-28T20:13:30.807+0200] {logging_mixin.py:190} INFO - [2025-02-28T20:13:30.807+0200] {dagbag.py:588} INFO - Filling up the DagBag from /Users/nampham/.pyenv/versions/3.12.9/lib/python3.12/site-packages/airflow/example_dags/example_kubernetes_executor.py
[2025-02-28T20:13:30.843+0200] {logging_mixin.py:190} INFO - [2025-02-28T20:13:30.843+0200] {example_kubernetes_executor.py:39} WARNING - The example_kubernetes_executor example DAG requires the kubernetes provider. Please install it with: pip install apache-airflow[cncf.kubernetes]
[2025-02-28T20:13:30.843+0200] {processor.py:927} WARNING - No viable dags retrieved from /Users/nampham/.pyenv/versions/3.12.9/lib/python3.12/site-packages/airflow/example_dags/example_kubernetes_executor.py
[2025-02-28T20:13:30.874+0200] {processor.py:208} INFO - Processing /Users/nampham/.pyenv/versions/3.12.9/lib/python3.12/site-packages/airflow/example_dags/example_kubernetes_executor.py took 0.069 seconds
[2025-02-28T20:15:20.516+0200] {processor.py:186} INFO - Started process (PID=98465) to work on /Users/nampham/.pyenv/versions/3.12.9/lib/python3.12/site-packages/airflow/example_dags/example_kubernetes_executor.py
[2025-02-28T20:15:20.517+0200] {processor.py:914} INFO - Processing file /Users/nampham/.pyenv/versions/3.12.9/lib/python3.12/site-packages/airflow/example_dags/example_kubernetes_executor.py for tasks to queue
[2025-02-28T20:15:20.518+0200] {logging_mixin.py:190} INFO - [2025-02-28T20:15:20.518+0200] {dagbag.py:588} INFO - Filling up the DagBag from /Users/nampham/.pyenv/versions/3.12.9/lib/python3.12/site-packages/airflow/example_dags/example_kubernetes_executor.py
[2025-02-28T20:15:20.556+0200] {logging_mixin.py:190} INFO - [2025-02-28T20:15:20.556+0200] {example_kubernetes_executor.py:39} WARNING - The example_kubernetes_executor example DAG requires the kubernetes provider. Please install it with: pip install apache-airflow[cncf.kubernetes]
[2025-02-28T20:15:20.556+0200] {processor.py:927} WARNING - No viable dags retrieved from /Users/nampham/.pyenv/versions/3.12.9/lib/python3.12/site-packages/airflow/example_dags/example_kubernetes_executor.py
[2025-02-28T20:15:20.588+0200] {processor.py:208} INFO - Processing /Users/nampham/.pyenv/versions/3.12.9/lib/python3.12/site-packages/airflow/example_dags/example_kubernetes_executor.py took 0.073 seconds
[2025-02-28T20:19:12.440+0200] {processor.py:186} INFO - Started process (PID=99419) to work on /Users/nampham/.pyenv/versions/3.12.9/lib/python3.12/site-packages/airflow/example_dags/example_kubernetes_executor.py
[2025-02-28T20:19:12.441+0200] {processor.py:914} INFO - Processing file /Users/nampham/.pyenv/versions/3.12.9/lib/python3.12/site-packages/airflow/example_dags/example_kubernetes_executor.py for tasks to queue
[2025-02-28T20:19:12.441+0200] {logging_mixin.py:190} INFO - [2025-02-28T20:19:12.441+0200] {dagbag.py:588} INFO - Filling up the DagBag from /Users/nampham/.pyenv/versions/3.12.9/lib/python3.12/site-packages/airflow/example_dags/example_kubernetes_executor.py
[2025-02-28T20:19:12.477+0200] {logging_mixin.py:190} INFO - [2025-02-28T20:19:12.477+0200] {example_kubernetes_executor.py:39} WARNING - The example_kubernetes_executor example DAG requires the kubernetes provider. Please install it with: pip install apache-airflow[cncf.kubernetes]
[2025-02-28T20:19:12.477+0200] {processor.py:927} WARNING - No viable dags retrieved from /Users/nampham/.pyenv/versions/3.12.9/lib/python3.12/site-packages/airflow/example_dags/example_kubernetes_executor.py
[2025-02-28T20:19:12.507+0200] {processor.py:208} INFO - Processing /Users/nampham/.pyenv/versions/3.12.9/lib/python3.12/site-packages/airflow/example_dags/example_kubernetes_executor.py took 0.069 seconds
[2025-02-28T20:21:02.611+0200] {processor.py:186} INFO - Started process (PID=99859) to work on /Users/nampham/.pyenv/versions/3.12.9/lib/python3.12/site-packages/airflow/example_dags/example_kubernetes_executor.py
[2025-02-28T20:21:02.612+0200] {processor.py:914} INFO - Processing file /Users/nampham/.pyenv/versions/3.12.9/lib/python3.12/site-packages/airflow/example_dags/example_kubernetes_executor.py for tasks to queue
[2025-02-28T20:21:02.612+0200] {logging_mixin.py:190} INFO - [2025-02-28T20:21:02.612+0200] {dagbag.py:588} INFO - Filling up the DagBag from /Users/nampham/.pyenv/versions/3.12.9/lib/python3.12/site-packages/airflow/example_dags/example_kubernetes_executor.py
[2025-02-28T20:21:02.652+0200] {logging_mixin.py:190} INFO - [2025-02-28T20:21:02.652+0200] {example_kubernetes_executor.py:39} WARNING - The example_kubernetes_executor example DAG requires the kubernetes provider. Please install it with: pip install apache-airflow[cncf.kubernetes]
[2025-02-28T20:21:02.652+0200] {processor.py:927} WARNING - No viable dags retrieved from /Users/nampham/.pyenv/versions/3.12.9/lib/python3.12/site-packages/airflow/example_dags/example_kubernetes_executor.py
[2025-02-28T20:21:02.684+0200] {processor.py:208} INFO - Processing /Users/nampham/.pyenv/versions/3.12.9/lib/python3.12/site-packages/airflow/example_dags/example_kubernetes_executor.py took 0.075 seconds
[2025-02-28T21:28:23.753+0200] {processor.py:186} INFO - Started process (PID=5645) to work on /Users/nampham/.pyenv/versions/3.12.9/lib/python3.12/site-packages/airflow/example_dags/example_kubernetes_executor.py
[2025-02-28T21:28:23.754+0200] {processor.py:914} INFO - Processing file /Users/nampham/.pyenv/versions/3.12.9/lib/python3.12/site-packages/airflow/example_dags/example_kubernetes_executor.py for tasks to queue
[2025-02-28T21:28:23.754+0200] {logging_mixin.py:190} INFO - [2025-02-28T21:28:23.754+0200] {dagbag.py:588} INFO - Filling up the DagBag from /Users/nampham/.pyenv/versions/3.12.9/lib/python3.12/site-packages/airflow/example_dags/example_kubernetes_executor.py
[2025-02-28T21:28:23.792+0200] {logging_mixin.py:190} INFO - [2025-02-28T21:28:23.791+0200] {example_kubernetes_executor.py:39} WARNING - The example_kubernetes_executor example DAG requires the kubernetes provider. Please install it with: pip install apache-airflow[cncf.kubernetes]
[2025-02-28T21:28:23.792+0200] {processor.py:927} WARNING - No viable dags retrieved from /Users/nampham/.pyenv/versions/3.12.9/lib/python3.12/site-packages/airflow/example_dags/example_kubernetes_executor.py
[2025-02-28T21:28:23.822+0200] {processor.py:208} INFO - Processing /Users/nampham/.pyenv/versions/3.12.9/lib/python3.12/site-packages/airflow/example_dags/example_kubernetes_executor.py took 0.070 seconds
[2025-02-28T21:31:09.419+0200] {processor.py:186} INFO - Started process (PID=6296) to work on /Users/nampham/.pyenv/versions/3.12.9/lib/python3.12/site-packages/airflow/example_dags/example_kubernetes_executor.py
[2025-02-28T21:31:09.420+0200] {processor.py:914} INFO - Processing file /Users/nampham/.pyenv/versions/3.12.9/lib/python3.12/site-packages/airflow/example_dags/example_kubernetes_executor.py for tasks to queue
[2025-02-28T21:31:09.421+0200] {logging_mixin.py:190} INFO - [2025-02-28T21:31:09.421+0200] {dagbag.py:588} INFO - Filling up the DagBag from /Users/nampham/.pyenv/versions/3.12.9/lib/python3.12/site-packages/airflow/example_dags/example_kubernetes_executor.py
[2025-02-28T21:31:09.458+0200] {logging_mixin.py:190} INFO - [2025-02-28T21:31:09.458+0200] {example_kubernetes_executor.py:39} WARNING - The example_kubernetes_executor example DAG requires the kubernetes provider. Please install it with: pip install apache-airflow[cncf.kubernetes]
[2025-02-28T21:31:09.458+0200] {processor.py:927} WARNING - No viable dags retrieved from /Users/nampham/.pyenv/versions/3.12.9/lib/python3.12/site-packages/airflow/example_dags/example_kubernetes_executor.py
[2025-02-28T21:31:09.488+0200] {processor.py:208} INFO - Processing /Users/nampham/.pyenv/versions/3.12.9/lib/python3.12/site-packages/airflow/example_dags/example_kubernetes_executor.py took 0.070 seconds
[2025-02-28T21:32:58.900+0200] {processor.py:186} INFO - Started process (PID=6916) to work on /Users/nampham/.pyenv/versions/3.12.9/lib/python3.12/site-packages/airflow/example_dags/example_kubernetes_executor.py
[2025-02-28T21:32:58.900+0200] {processor.py:914} INFO - Processing file /Users/nampham/.pyenv/versions/3.12.9/lib/python3.12/site-packages/airflow/example_dags/example_kubernetes_executor.py for tasks to queue
[2025-02-28T21:32:58.901+0200] {logging_mixin.py:190} INFO - [2025-02-28T21:32:58.901+0200] {dagbag.py:588} INFO - Filling up the DagBag from /Users/nampham/.pyenv/versions/3.12.9/lib/python3.12/site-packages/airflow/example_dags/example_kubernetes_executor.py
[2025-02-28T21:32:58.940+0200] {logging_mixin.py:190} INFO - [2025-02-28T21:32:58.940+0200] {example_kubernetes_executor.py:39} WARNING - The example_kubernetes_executor example DAG requires the kubernetes provider. Please install it with: pip install apache-airflow[cncf.kubernetes]
[2025-02-28T21:32:58.941+0200] {processor.py:927} WARNING - No viable dags retrieved from /Users/nampham/.pyenv/versions/3.12.9/lib/python3.12/site-packages/airflow/example_dags/example_kubernetes_executor.py
[2025-02-28T21:32:58.972+0200] {processor.py:208} INFO - Processing /Users/nampham/.pyenv/versions/3.12.9/lib/python3.12/site-packages/airflow/example_dags/example_kubernetes_executor.py took 0.073 seconds
[2025-02-28T21:37:34.006+0200] {processor.py:186} INFO - Started process (PID=8010) to work on /Users/nampham/.pyenv/versions/3.12.9/lib/python3.12/site-packages/airflow/example_dags/example_kubernetes_executor.py
[2025-02-28T21:37:34.010+0200] {processor.py:914} INFO - Processing file /Users/nampham/.pyenv/versions/3.12.9/lib/python3.12/site-packages/airflow/example_dags/example_kubernetes_executor.py for tasks to queue
[2025-02-28T21:37:34.011+0200] {logging_mixin.py:190} INFO - [2025-02-28T21:37:34.011+0200] {dagbag.py:588} INFO - Filling up the DagBag from /Users/nampham/.pyenv/versions/3.12.9/lib/python3.12/site-packages/airflow/example_dags/example_kubernetes_executor.py
[2025-02-28T21:37:34.106+0200] {logging_mixin.py:190} INFO - [2025-02-28T21:37:34.106+0200] {example_kubernetes_executor.py:39} WARNING - The example_kubernetes_executor example DAG requires the kubernetes provider. Please install it with: pip install apache-airflow[cncf.kubernetes]
[2025-02-28T21:37:34.107+0200] {processor.py:927} WARNING - No viable dags retrieved from /Users/nampham/.pyenv/versions/3.12.9/lib/python3.12/site-packages/airflow/example_dags/example_kubernetes_executor.py
[2025-02-28T21:37:34.146+0200] {processor.py:208} INFO - Processing /Users/nampham/.pyenv/versions/3.12.9/lib/python3.12/site-packages/airflow/example_dags/example_kubernetes_executor.py took 0.156 seconds
[2025-02-28T21:39:22.419+0200] {processor.py:186} INFO - Started process (PID=8432) to work on /Users/nampham/.pyenv/versions/3.12.9/lib/python3.12/site-packages/airflow/example_dags/example_kubernetes_executor.py
[2025-02-28T21:39:22.420+0200] {processor.py:914} INFO - Processing file /Users/nampham/.pyenv/versions/3.12.9/lib/python3.12/site-packages/airflow/example_dags/example_kubernetes_executor.py for tasks to queue
[2025-02-28T21:39:22.421+0200] {logging_mixin.py:190} INFO - [2025-02-28T21:39:22.421+0200] {dagbag.py:588} INFO - Filling up the DagBag from /Users/nampham/.pyenv/versions/3.12.9/lib/python3.12/site-packages/airflow/example_dags/example_kubernetes_executor.py
[2025-02-28T21:39:22.460+0200] {logging_mixin.py:190} INFO - [2025-02-28T21:39:22.460+0200] {example_kubernetes_executor.py:39} WARNING - The example_kubernetes_executor example DAG requires the kubernetes provider. Please install it with: pip install apache-airflow[cncf.kubernetes]
[2025-02-28T21:39:22.460+0200] {processor.py:927} WARNING - No viable dags retrieved from /Users/nampham/.pyenv/versions/3.12.9/lib/python3.12/site-packages/airflow/example_dags/example_kubernetes_executor.py
[2025-02-28T21:39:22.490+0200] {processor.py:208} INFO - Processing /Users/nampham/.pyenv/versions/3.12.9/lib/python3.12/site-packages/airflow/example_dags/example_kubernetes_executor.py took 0.072 seconds
[2025-02-28T22:28:26.713+0200] {processor.py:186} INFO - Started process (PID=18229) to work on /Users/nampham/.pyenv/versions/3.12.9/lib/python3.12/site-packages/airflow/example_dags/example_kubernetes_executor.py
[2025-02-28T22:28:26.714+0200] {processor.py:914} INFO - Processing file /Users/nampham/.pyenv/versions/3.12.9/lib/python3.12/site-packages/airflow/example_dags/example_kubernetes_executor.py for tasks to queue
[2025-02-28T22:28:26.714+0200] {logging_mixin.py:190} INFO - [2025-02-28T22:28:26.714+0200] {dagbag.py:588} INFO - Filling up the DagBag from /Users/nampham/.pyenv/versions/3.12.9/lib/python3.12/site-packages/airflow/example_dags/example_kubernetes_executor.py
[2025-02-28T22:28:26.750+0200] {logging_mixin.py:190} INFO - [2025-02-28T22:28:26.750+0200] {example_kubernetes_executor.py:39} WARNING - The example_kubernetes_executor example DAG requires the kubernetes provider. Please install it with: pip install apache-airflow[cncf.kubernetes]
[2025-02-28T22:28:26.750+0200] {processor.py:927} WARNING - No viable dags retrieved from /Users/nampham/.pyenv/versions/3.12.9/lib/python3.12/site-packages/airflow/example_dags/example_kubernetes_executor.py
[2025-02-28T22:28:26.780+0200] {processor.py:208} INFO - Processing /Users/nampham/.pyenv/versions/3.12.9/lib/python3.12/site-packages/airflow/example_dags/example_kubernetes_executor.py took 0.068 seconds
[2025-02-28T22:36:30.820+0200] {processor.py:186} INFO - Started process (PID=19887) to work on /Users/nampham/.pyenv/versions/3.12.9/lib/python3.12/site-packages/airflow/example_dags/example_kubernetes_executor.py
[2025-02-28T22:36:30.821+0200] {processor.py:914} INFO - Processing file /Users/nampham/.pyenv/versions/3.12.9/lib/python3.12/site-packages/airflow/example_dags/example_kubernetes_executor.py for tasks to queue
[2025-02-28T22:36:30.821+0200] {logging_mixin.py:190} INFO - [2025-02-28T22:36:30.821+0200] {dagbag.py:588} INFO - Filling up the DagBag from /Users/nampham/.pyenv/versions/3.12.9/lib/python3.12/site-packages/airflow/example_dags/example_kubernetes_executor.py
[2025-02-28T22:36:30.857+0200] {logging_mixin.py:190} INFO - [2025-02-28T22:36:30.857+0200] {example_kubernetes_executor.py:39} WARNING - The example_kubernetes_executor example DAG requires the kubernetes provider. Please install it with: pip install apache-airflow[cncf.kubernetes]
[2025-02-28T22:36:30.857+0200] {processor.py:927} WARNING - No viable dags retrieved from /Users/nampham/.pyenv/versions/3.12.9/lib/python3.12/site-packages/airflow/example_dags/example_kubernetes_executor.py
[2025-02-28T22:36:30.887+0200] {processor.py:208} INFO - Processing /Users/nampham/.pyenv/versions/3.12.9/lib/python3.12/site-packages/airflow/example_dags/example_kubernetes_executor.py took 0.068 seconds
[2025-02-28T22:38:45.154+0200] {processor.py:186} INFO - Started process (PID=20369) to work on /Users/nampham/.pyenv/versions/3.12.9/lib/python3.12/site-packages/airflow/example_dags/example_kubernetes_executor.py
[2025-02-28T22:38:45.154+0200] {processor.py:914} INFO - Processing file /Users/nampham/.pyenv/versions/3.12.9/lib/python3.12/site-packages/airflow/example_dags/example_kubernetes_executor.py for tasks to queue
[2025-02-28T22:38:45.155+0200] {logging_mixin.py:190} INFO - [2025-02-28T22:38:45.155+0200] {dagbag.py:588} INFO - Filling up the DagBag from /Users/nampham/.pyenv/versions/3.12.9/lib/python3.12/site-packages/airflow/example_dags/example_kubernetes_executor.py
[2025-02-28T22:38:45.190+0200] {logging_mixin.py:190} INFO - [2025-02-28T22:38:45.190+0200] {example_kubernetes_executor.py:39} WARNING - The example_kubernetes_executor example DAG requires the kubernetes provider. Please install it with: pip install apache-airflow[cncf.kubernetes]
[2025-02-28T22:38:45.190+0200] {processor.py:927} WARNING - No viable dags retrieved from /Users/nampham/.pyenv/versions/3.12.9/lib/python3.12/site-packages/airflow/example_dags/example_kubernetes_executor.py
[2025-02-28T22:38:45.220+0200] {processor.py:208} INFO - Processing /Users/nampham/.pyenv/versions/3.12.9/lib/python3.12/site-packages/airflow/example_dags/example_kubernetes_executor.py took 0.068 seconds
[2025-02-28T22:41:33.266+0200] {processor.py:186} INFO - Started process (PID=20923) to work on /Users/nampham/.pyenv/versions/3.12.9/lib/python3.12/site-packages/airflow/example_dags/example_kubernetes_executor.py
[2025-02-28T22:41:33.267+0200] {processor.py:914} INFO - Processing file /Users/nampham/.pyenv/versions/3.12.9/lib/python3.12/site-packages/airflow/example_dags/example_kubernetes_executor.py for tasks to queue
[2025-02-28T22:41:33.268+0200] {logging_mixin.py:190} INFO - [2025-02-28T22:41:33.267+0200] {dagbag.py:588} INFO - Filling up the DagBag from /Users/nampham/.pyenv/versions/3.12.9/lib/python3.12/site-packages/airflow/example_dags/example_kubernetes_executor.py
[2025-02-28T22:41:33.303+0200] {logging_mixin.py:190} INFO - [2025-02-28T22:41:33.303+0200] {example_kubernetes_executor.py:39} WARNING - The example_kubernetes_executor example DAG requires the kubernetes provider. Please install it with: pip install apache-airflow[cncf.kubernetes]
[2025-02-28T22:41:33.303+0200] {processor.py:927} WARNING - No viable dags retrieved from /Users/nampham/.pyenv/versions/3.12.9/lib/python3.12/site-packages/airflow/example_dags/example_kubernetes_executor.py
[2025-02-28T22:41:33.333+0200] {processor.py:208} INFO - Processing /Users/nampham/.pyenv/versions/3.12.9/lib/python3.12/site-packages/airflow/example_dags/example_kubernetes_executor.py took 0.068 seconds
[2025-02-28T22:44:02.009+0200] {processor.py:186} INFO - Started process (PID=21474) to work on /Users/nampham/.pyenv/versions/3.12.9/lib/python3.12/site-packages/airflow/example_dags/example_kubernetes_executor.py
[2025-02-28T22:44:02.009+0200] {processor.py:914} INFO - Processing file /Users/nampham/.pyenv/versions/3.12.9/lib/python3.12/site-packages/airflow/example_dags/example_kubernetes_executor.py for tasks to queue
[2025-02-28T22:44:02.010+0200] {logging_mixin.py:190} INFO - [2025-02-28T22:44:02.010+0200] {dagbag.py:588} INFO - Filling up the DagBag from /Users/nampham/.pyenv/versions/3.12.9/lib/python3.12/site-packages/airflow/example_dags/example_kubernetes_executor.py
[2025-02-28T22:44:02.046+0200] {logging_mixin.py:190} INFO - [2025-02-28T22:44:02.046+0200] {example_kubernetes_executor.py:39} WARNING - The example_kubernetes_executor example DAG requires the kubernetes provider. Please install it with: pip install apache-airflow[cncf.kubernetes]
[2025-02-28T22:44:02.046+0200] {processor.py:927} WARNING - No viable dags retrieved from /Users/nampham/.pyenv/versions/3.12.9/lib/python3.12/site-packages/airflow/example_dags/example_kubernetes_executor.py
[2025-02-28T22:44:02.076+0200] {processor.py:208} INFO - Processing /Users/nampham/.pyenv/versions/3.12.9/lib/python3.12/site-packages/airflow/example_dags/example_kubernetes_executor.py took 0.068 seconds
[2025-02-28T22:47:02.957+0200] {processor.py:186} INFO - Started process (PID=22082) to work on /Users/nampham/.pyenv/versions/3.12.9/lib/python3.12/site-packages/airflow/example_dags/example_kubernetes_executor.py
[2025-02-28T22:47:02.958+0200] {processor.py:914} INFO - Processing file /Users/nampham/.pyenv/versions/3.12.9/lib/python3.12/site-packages/airflow/example_dags/example_kubernetes_executor.py for tasks to queue
[2025-02-28T22:47:02.959+0200] {logging_mixin.py:190} INFO - [2025-02-28T22:47:02.959+0200] {dagbag.py:588} INFO - Filling up the DagBag from /Users/nampham/.pyenv/versions/3.12.9/lib/python3.12/site-packages/airflow/example_dags/example_kubernetes_executor.py
[2025-02-28T22:47:02.995+0200] {logging_mixin.py:190} INFO - [2025-02-28T22:47:02.995+0200] {example_kubernetes_executor.py:39} WARNING - The example_kubernetes_executor example DAG requires the kubernetes provider. Please install it with: pip install apache-airflow[cncf.kubernetes]
[2025-02-28T22:47:02.995+0200] {processor.py:927} WARNING - No viable dags retrieved from /Users/nampham/.pyenv/versions/3.12.9/lib/python3.12/site-packages/airflow/example_dags/example_kubernetes_executor.py
[2025-02-28T22:47:03.025+0200] {processor.py:208} INFO - Processing /Users/nampham/.pyenv/versions/3.12.9/lib/python3.12/site-packages/airflow/example_dags/example_kubernetes_executor.py took 0.069 seconds
[2025-02-28T22:55:34.994+0200] {processor.py:186} INFO - Started process (PID=22882) to work on /Users/nampham/.pyenv/versions/3.12.9/lib/python3.12/site-packages/airflow/example_dags/example_kubernetes_executor.py
[2025-02-28T22:55:34.994+0200] {processor.py:914} INFO - Processing file /Users/nampham/.pyenv/versions/3.12.9/lib/python3.12/site-packages/airflow/example_dags/example_kubernetes_executor.py for tasks to queue
[2025-02-28T22:55:34.995+0200] {logging_mixin.py:190} INFO - [2025-02-28T22:55:34.995+0200] {dagbag.py:588} INFO - Filling up the DagBag from /Users/nampham/.pyenv/versions/3.12.9/lib/python3.12/site-packages/airflow/example_dags/example_kubernetes_executor.py
[2025-02-28T22:55:35.033+0200] {logging_mixin.py:190} INFO - [2025-02-28T22:55:35.033+0200] {example_kubernetes_executor.py:39} WARNING - The example_kubernetes_executor example DAG requires the kubernetes provider. Please install it with: pip install apache-airflow[cncf.kubernetes]
[2025-02-28T22:55:35.034+0200] {processor.py:927} WARNING - No viable dags retrieved from /Users/nampham/.pyenv/versions/3.12.9/lib/python3.12/site-packages/airflow/example_dags/example_kubernetes_executor.py
[2025-02-28T22:55:35.063+0200] {processor.py:208} INFO - Processing /Users/nampham/.pyenv/versions/3.12.9/lib/python3.12/site-packages/airflow/example_dags/example_kubernetes_executor.py took 0.071 seconds
[2025-02-28T22:58:19.091+0200] {processor.py:186} INFO - Started process (PID=23422) to work on /Users/nampham/.pyenv/versions/3.12.9/lib/python3.12/site-packages/airflow/example_dags/example_kubernetes_executor.py
[2025-02-28T22:58:19.092+0200] {processor.py:914} INFO - Processing file /Users/nampham/.pyenv/versions/3.12.9/lib/python3.12/site-packages/airflow/example_dags/example_kubernetes_executor.py for tasks to queue
[2025-02-28T22:58:19.092+0200] {logging_mixin.py:190} INFO - [2025-02-28T22:58:19.092+0200] {dagbag.py:588} INFO - Filling up the DagBag from /Users/nampham/.pyenv/versions/3.12.9/lib/python3.12/site-packages/airflow/example_dags/example_kubernetes_executor.py
[2025-02-28T22:58:19.127+0200] {logging_mixin.py:190} INFO - [2025-02-28T22:58:19.127+0200] {example_kubernetes_executor.py:39} WARNING - The example_kubernetes_executor example DAG requires the kubernetes provider. Please install it with: pip install apache-airflow[cncf.kubernetes]
[2025-02-28T22:58:19.127+0200] {processor.py:927} WARNING - No viable dags retrieved from /Users/nampham/.pyenv/versions/3.12.9/lib/python3.12/site-packages/airflow/example_dags/example_kubernetes_executor.py
[2025-02-28T22:58:19.157+0200] {processor.py:208} INFO - Processing /Users/nampham/.pyenv/versions/3.12.9/lib/python3.12/site-packages/airflow/example_dags/example_kubernetes_executor.py took 0.067 seconds
[2025-02-28T23:01:16.761+0200] {processor.py:186} INFO - Started process (PID=24027) to work on /Users/nampham/.pyenv/versions/3.12.9/lib/python3.12/site-packages/airflow/example_dags/example_kubernetes_executor.py
[2025-02-28T23:01:16.761+0200] {processor.py:914} INFO - Processing file /Users/nampham/.pyenv/versions/3.12.9/lib/python3.12/site-packages/airflow/example_dags/example_kubernetes_executor.py for tasks to queue
[2025-02-28T23:01:16.762+0200] {logging_mixin.py:190} INFO - [2025-02-28T23:01:16.762+0200] {dagbag.py:588} INFO - Filling up the DagBag from /Users/nampham/.pyenv/versions/3.12.9/lib/python3.12/site-packages/airflow/example_dags/example_kubernetes_executor.py
[2025-02-28T23:01:16.797+0200] {logging_mixin.py:190} INFO - [2025-02-28T23:01:16.797+0200] {example_kubernetes_executor.py:39} WARNING - The example_kubernetes_executor example DAG requires the kubernetes provider. Please install it with: pip install apache-airflow[cncf.kubernetes]
[2025-02-28T23:01:16.797+0200] {processor.py:927} WARNING - No viable dags retrieved from /Users/nampham/.pyenv/versions/3.12.9/lib/python3.12/site-packages/airflow/example_dags/example_kubernetes_executor.py
[2025-02-28T23:01:16.828+0200] {processor.py:208} INFO - Processing /Users/nampham/.pyenv/versions/3.12.9/lib/python3.12/site-packages/airflow/example_dags/example_kubernetes_executor.py took 0.069 seconds
