[2025-02-28T18:25:59.749+0200] {processor.py:186} INFO - Started process (PID=93456) to work on /Users/nampham/.pyenv/versions/3.12.9/lib/python3.12/site-packages/airflow/example_dags/example_branch_datetime_operator.py
[2025-02-28T18:25:59.750+0200] {processor.py:914} INFO - Processing file /Users/nampham/.pyenv/versions/3.12.9/lib/python3.12/site-packages/airflow/example_dags/example_branch_datetime_operator.py for tasks to queue
[2025-02-28T18:25:59.750+0200] {logging_mixin.py:190} INFO - [2025-02-28T18:25:59.750+0200] {dagbag.py:588} INFO - Filling up the DagBag from /Users/nampham/.pyenv/versions/3.12.9/lib/python3.12/site-packages/airflow/example_dags/example_branch_datetime_operator.py
[2025-02-28T18:25:59.755+0200] {processor.py:925} INFO - DAG(s) 'example_branch_datetime_operator', 'example_branch_datetime_operator_3', 'example_branch_datetime_operator_2' retrieved from /Users/nampham/.pyenv/versions/3.12.9/lib/python3.12/site-packages/airflow/example_dags/example_branch_datetime_operator.py
[2025-02-28T18:25:59.844+0200] {logging_mixin.py:190} INFO - [2025-02-28T18:25:59.843+0200] {override.py:1930} INFO - Created Permission View: can edit on DAG:example_branch_datetime_operator
[2025-02-28T18:25:59.847+0200] {logging_mixin.py:190} INFO - [2025-02-28T18:25:59.846+0200] {override.py:1930} INFO - Created Permission View: can delete on DAG:example_branch_datetime_operator
[2025-02-28T18:25:59.848+0200] {logging_mixin.py:190} INFO - [2025-02-28T18:25:59.848+0200] {override.py:1930} INFO - Created Permission View: can read on DAG:example_branch_datetime_operator
[2025-02-28T18:25:59.851+0200] {logging_mixin.py:190} INFO - [2025-02-28T18:25:59.851+0200] {override.py:1930} INFO - Created Permission View: can create on DAG Run:example_branch_datetime_operator
[2025-02-28T18:25:59.852+0200] {logging_mixin.py:190} INFO - [2025-02-28T18:25:59.852+0200] {override.py:1930} INFO - Created Permission View: menu access on DAG Run:example_branch_datetime_operator
[2025-02-28T18:25:59.854+0200] {logging_mixin.py:190} INFO - [2025-02-28T18:25:59.854+0200] {override.py:1930} INFO - Created Permission View: can delete on DAG Run:example_branch_datetime_operator
[2025-02-28T18:25:59.856+0200] {logging_mixin.py:190} INFO - [2025-02-28T18:25:59.856+0200] {override.py:1930} INFO - Created Permission View: can read on DAG Run:example_branch_datetime_operator
[2025-02-28T18:25:59.860+0200] {logging_mixin.py:190} INFO - [2025-02-28T18:25:59.860+0200] {override.py:1930} INFO - Created Permission View: can edit on DAG:example_branch_datetime_operator_3
[2025-02-28T18:25:59.861+0200] {logging_mixin.py:190} INFO - [2025-02-28T18:25:59.861+0200] {override.py:1930} INFO - Created Permission View: can delete on DAG:example_branch_datetime_operator_3
[2025-02-28T18:25:59.863+0200] {logging_mixin.py:190} INFO - [2025-02-28T18:25:59.863+0200] {override.py:1930} INFO - Created Permission View: can read on DAG:example_branch_datetime_operator_3
[2025-02-28T18:25:59.866+0200] {logging_mixin.py:190} INFO - [2025-02-28T18:25:59.866+0200] {override.py:1930} INFO - Created Permission View: can create on DAG Run:example_branch_datetime_operator_3
[2025-02-28T18:25:59.868+0200] {logging_mixin.py:190} INFO - [2025-02-28T18:25:59.867+0200] {override.py:1930} INFO - Created Permission View: menu access on DAG Run:example_branch_datetime_operator_3
[2025-02-28T18:25:59.869+0200] {logging_mixin.py:190} INFO - [2025-02-28T18:25:59.869+0200] {override.py:1930} INFO - Created Permission View: can delete on DAG Run:example_branch_datetime_operator_3
[2025-02-28T18:25:59.871+0200] {logging_mixin.py:190} INFO - [2025-02-28T18:25:59.871+0200] {override.py:1930} INFO - Created Permission View: can read on DAG Run:example_branch_datetime_operator_3
[2025-02-28T18:25:59.875+0200] {logging_mixin.py:190} INFO - [2025-02-28T18:25:59.875+0200] {override.py:1930} INFO - Created Permission View: can edit on DAG:example_branch_datetime_operator_2
[2025-02-28T18:25:59.877+0200] {logging_mixin.py:190} INFO - [2025-02-28T18:25:59.876+0200] {override.py:1930} INFO - Created Permission View: can delete on DAG:example_branch_datetime_operator_2
[2025-02-28T18:25:59.878+0200] {logging_mixin.py:190} INFO - [2025-02-28T18:25:59.878+0200] {override.py:1930} INFO - Created Permission View: can read on DAG:example_branch_datetime_operator_2
[2025-02-28T18:25:59.880+0200] {logging_mixin.py:190} INFO - [2025-02-28T18:25:59.880+0200] {override.py:1930} INFO - Created Permission View: can create on DAG Run:example_branch_datetime_operator_2
[2025-02-28T18:25:59.882+0200] {logging_mixin.py:190} INFO - [2025-02-28T18:25:59.882+0200] {override.py:1930} INFO - Created Permission View: menu access on DAG Run:example_branch_datetime_operator_2
[2025-02-28T18:25:59.884+0200] {logging_mixin.py:190} INFO - [2025-02-28T18:25:59.884+0200] {override.py:1930} INFO - Created Permission View: can delete on DAG Run:example_branch_datetime_operator_2
[2025-02-28T18:25:59.886+0200] {logging_mixin.py:190} INFO - [2025-02-28T18:25:59.886+0200] {override.py:1930} INFO - Created Permission View: can read on DAG Run:example_branch_datetime_operator_2
[2025-02-28T18:25:59.886+0200] {logging_mixin.py:190} INFO - [2025-02-28T18:25:59.886+0200] {dag.py:3239} INFO - Sync 3 DAGs
[2025-02-28T18:25:59.890+0200] {logging_mixin.py:190} INFO - [2025-02-28T18:25:59.890+0200] {dag.py:3262} INFO - Creating ORM DAG for example_branch_datetime_operator_3
[2025-02-28T18:25:59.890+0200] {logging_mixin.py:190} INFO - [2025-02-28T18:25:59.890+0200] {dag.py:3262} INFO - Creating ORM DAG for example_branch_datetime_operator
[2025-02-28T18:25:59.890+0200] {logging_mixin.py:190} INFO - [2025-02-28T18:25:59.890+0200] {dag.py:3262} INFO - Creating ORM DAG for example_branch_datetime_operator_2
[2025-02-28T18:25:59.893+0200] {logging_mixin.py:190} INFO - [2025-02-28T18:25:59.893+0200] {dag.py:4180} INFO - Setting next_dagrun for example_branch_datetime_operator to 2025-02-27 00:00:00+00:00, run_after=2025-02-28 00:00:00+00:00
[2025-02-28T18:25:59.894+0200] {logging_mixin.py:190} INFO - [2025-02-28T18:25:59.894+0200] {dag.py:4180} INFO - Setting next_dagrun for example_branch_datetime_operator_2 to 2025-02-27 00:00:00+00:00, run_after=2025-02-28 00:00:00+00:00
[2025-02-28T18:25:59.894+0200] {logging_mixin.py:190} INFO - [2025-02-28T18:25:59.894+0200] {dag.py:4180} INFO - Setting next_dagrun for example_branch_datetime_operator_3 to 2025-02-27 00:00:00+00:00, run_after=2025-02-28 00:00:00+00:00
[2025-02-28T18:25:59.900+0200] {processor.py:208} INFO - Processing /Users/nampham/.pyenv/versions/3.12.9/lib/python3.12/site-packages/airflow/example_dags/example_branch_datetime_operator.py took 0.152 seconds
[2025-02-28T18:28:38.228+0200] {processor.py:186} INFO - Started process (PID=94103) to work on /Users/nampham/.pyenv/versions/3.12.9/lib/python3.12/site-packages/airflow/example_dags/example_branch_datetime_operator.py
[2025-02-28T18:28:38.231+0200] {processor.py:914} INFO - Processing file /Users/nampham/.pyenv/versions/3.12.9/lib/python3.12/site-packages/airflow/example_dags/example_branch_datetime_operator.py for tasks to queue
[2025-02-28T18:28:38.232+0200] {logging_mixin.py:190} INFO - [2025-02-28T18:28:38.232+0200] {dagbag.py:588} INFO - Filling up the DagBag from /Users/nampham/.pyenv/versions/3.12.9/lib/python3.12/site-packages/airflow/example_dags/example_branch_datetime_operator.py
[2025-02-28T18:28:38.236+0200] {processor.py:925} INFO - DAG(s) 'example_branch_datetime_operator_2', 'example_branch_datetime_operator', 'example_branch_datetime_operator_3' retrieved from /Users/nampham/.pyenv/versions/3.12.9/lib/python3.12/site-packages/airflow/example_dags/example_branch_datetime_operator.py
[2025-02-28T18:28:38.297+0200] {logging_mixin.py:190} INFO - [2025-02-28T18:28:38.297+0200] {dag.py:3239} INFO - Sync 3 DAGs
[2025-02-28T18:28:38.304+0200] {logging_mixin.py:190} INFO - [2025-02-28T18:28:38.304+0200] {dag.py:4180} INFO - Setting next_dagrun for example_branch_datetime_operator to 2025-02-27 00:00:00+00:00, run_after=2025-02-28 00:00:00+00:00
[2025-02-28T18:28:38.306+0200] {logging_mixin.py:190} INFO - [2025-02-28T18:28:38.306+0200] {dag.py:4180} INFO - Setting next_dagrun for example_branch_datetime_operator_2 to 2025-02-27 00:00:00+00:00, run_after=2025-02-28 00:00:00+00:00
[2025-02-28T18:28:38.307+0200] {logging_mixin.py:190} INFO - [2025-02-28T18:28:38.306+0200] {dag.py:4180} INFO - Setting next_dagrun for example_branch_datetime_operator_3 to 2025-02-27 00:00:00+00:00, run_after=2025-02-28 00:00:00+00:00
[2025-02-28T18:28:38.312+0200] {processor.py:208} INFO - Processing /Users/nampham/.pyenv/versions/3.12.9/lib/python3.12/site-packages/airflow/example_dags/example_branch_datetime_operator.py took 0.085 seconds
[2025-02-28T20:14:01.826+0200] {processor.py:186} INFO - Started process (PID=98167) to work on /Users/nampham/.pyenv/versions/3.12.9/lib/python3.12/site-packages/airflow/example_dags/example_branch_datetime_operator.py
[2025-02-28T20:14:01.827+0200] {processor.py:914} INFO - Processing file /Users/nampham/.pyenv/versions/3.12.9/lib/python3.12/site-packages/airflow/example_dags/example_branch_datetime_operator.py for tasks to queue
[2025-02-28T20:14:01.828+0200] {logging_mixin.py:190} INFO - [2025-02-28T20:14:01.828+0200] {dagbag.py:588} INFO - Filling up the DagBag from /Users/nampham/.pyenv/versions/3.12.9/lib/python3.12/site-packages/airflow/example_dags/example_branch_datetime_operator.py
[2025-02-28T20:14:01.832+0200] {processor.py:925} INFO - DAG(s) 'example_branch_datetime_operator', 'example_branch_datetime_operator_2', 'example_branch_datetime_operator_3' retrieved from /Users/nampham/.pyenv/versions/3.12.9/lib/python3.12/site-packages/airflow/example_dags/example_branch_datetime_operator.py
[2025-02-28T20:14:01.929+0200] {logging_mixin.py:190} INFO - [2025-02-28T20:14:01.929+0200] {dag.py:3239} INFO - Sync 3 DAGs
[2025-02-28T20:14:01.936+0200] {logging_mixin.py:190} INFO - [2025-02-28T20:14:01.936+0200] {dag.py:4180} INFO - Setting next_dagrun for example_branch_datetime_operator to 2025-02-27 00:00:00+00:00, run_after=2025-02-28 00:00:00+00:00
[2025-02-28T20:14:01.937+0200] {logging_mixin.py:190} INFO - [2025-02-28T20:14:01.937+0200] {dag.py:4180} INFO - Setting next_dagrun for example_branch_datetime_operator_2 to 2025-02-27 00:00:00+00:00, run_after=2025-02-28 00:00:00+00:00
[2025-02-28T20:14:01.938+0200] {logging_mixin.py:190} INFO - [2025-02-28T20:14:01.938+0200] {dag.py:4180} INFO - Setting next_dagrun for example_branch_datetime_operator_3 to 2025-02-27 00:00:00+00:00, run_after=2025-02-28 00:00:00+00:00
[2025-02-28T20:14:01.944+0200] {processor.py:208} INFO - Processing /Users/nampham/.pyenv/versions/3.12.9/lib/python3.12/site-packages/airflow/example_dags/example_branch_datetime_operator.py took 0.119 seconds
[2025-02-28T20:16:39.525+0200] {processor.py:186} INFO - Started process (PID=98758) to work on /Users/nampham/.pyenv/versions/3.12.9/lib/python3.12/site-packages/airflow/example_dags/example_branch_datetime_operator.py
[2025-02-28T20:16:39.526+0200] {processor.py:914} INFO - Processing file /Users/nampham/.pyenv/versions/3.12.9/lib/python3.12/site-packages/airflow/example_dags/example_branch_datetime_operator.py for tasks to queue
[2025-02-28T20:16:39.526+0200] {logging_mixin.py:190} INFO - [2025-02-28T20:16:39.526+0200] {dagbag.py:588} INFO - Filling up the DagBag from /Users/nampham/.pyenv/versions/3.12.9/lib/python3.12/site-packages/airflow/example_dags/example_branch_datetime_operator.py
[2025-02-28T20:16:39.531+0200] {processor.py:925} INFO - DAG(s) 'example_branch_datetime_operator', 'example_branch_datetime_operator_3', 'example_branch_datetime_operator_2' retrieved from /Users/nampham/.pyenv/versions/3.12.9/lib/python3.12/site-packages/airflow/example_dags/example_branch_datetime_operator.py
[2025-02-28T20:16:39.589+0200] {logging_mixin.py:190} INFO - [2025-02-28T20:16:39.589+0200] {dag.py:3239} INFO - Sync 3 DAGs
[2025-02-28T20:16:39.596+0200] {logging_mixin.py:190} INFO - [2025-02-28T20:16:39.596+0200] {dag.py:4180} INFO - Setting next_dagrun for example_branch_datetime_operator to 2025-02-27 00:00:00+00:00, run_after=2025-02-28 00:00:00+00:00
[2025-02-28T20:16:39.598+0200] {logging_mixin.py:190} INFO - [2025-02-28T20:16:39.598+0200] {dag.py:4180} INFO - Setting next_dagrun for example_branch_datetime_operator_2 to 2025-02-27 00:00:00+00:00, run_after=2025-02-28 00:00:00+00:00
[2025-02-28T20:16:39.598+0200] {logging_mixin.py:190} INFO - [2025-02-28T20:16:39.598+0200] {dag.py:4180} INFO - Setting next_dagrun for example_branch_datetime_operator_3 to 2025-02-27 00:00:00+00:00, run_after=2025-02-28 00:00:00+00:00
[2025-02-28T20:16:39.604+0200] {processor.py:208} INFO - Processing /Users/nampham/.pyenv/versions/3.12.9/lib/python3.12/site-packages/airflow/example_dags/example_branch_datetime_operator.py took 0.081 seconds
[2025-02-28T20:19:43.173+0200] {processor.py:186} INFO - Started process (PID=99530) to work on /Users/nampham/.pyenv/versions/3.12.9/lib/python3.12/site-packages/airflow/example_dags/example_branch_datetime_operator.py
[2025-02-28T20:19:43.174+0200] {processor.py:914} INFO - Processing file /Users/nampham/.pyenv/versions/3.12.9/lib/python3.12/site-packages/airflow/example_dags/example_branch_datetime_operator.py for tasks to queue
[2025-02-28T20:19:43.175+0200] {logging_mixin.py:190} INFO - [2025-02-28T20:19:43.174+0200] {dagbag.py:588} INFO - Filling up the DagBag from /Users/nampham/.pyenv/versions/3.12.9/lib/python3.12/site-packages/airflow/example_dags/example_branch_datetime_operator.py
[2025-02-28T20:19:43.180+0200] {processor.py:925} INFO - DAG(s) 'example_branch_datetime_operator_2', 'example_branch_datetime_operator_3', 'example_branch_datetime_operator' retrieved from /Users/nampham/.pyenv/versions/3.12.9/lib/python3.12/site-packages/airflow/example_dags/example_branch_datetime_operator.py
[2025-02-28T20:19:43.245+0200] {logging_mixin.py:190} INFO - [2025-02-28T20:19:43.245+0200] {dag.py:3239} INFO - Sync 3 DAGs
[2025-02-28T20:19:43.253+0200] {logging_mixin.py:190} INFO - [2025-02-28T20:19:43.253+0200] {dag.py:4180} INFO - Setting next_dagrun for example_branch_datetime_operator to 2025-02-27 00:00:00+00:00, run_after=2025-02-28 00:00:00+00:00
[2025-02-28T20:19:43.255+0200] {logging_mixin.py:190} INFO - [2025-02-28T20:19:43.254+0200] {dag.py:4180} INFO - Setting next_dagrun for example_branch_datetime_operator_2 to 2025-02-27 00:00:00+00:00, run_after=2025-02-28 00:00:00+00:00
[2025-02-28T20:19:43.255+0200] {logging_mixin.py:190} INFO - [2025-02-28T20:19:43.255+0200] {dag.py:4180} INFO - Setting next_dagrun for example_branch_datetime_operator_3 to 2025-02-27 00:00:00+00:00, run_after=2025-02-28 00:00:00+00:00
[2025-02-28T20:19:43.261+0200] {processor.py:208} INFO - Processing /Users/nampham/.pyenv/versions/3.12.9/lib/python3.12/site-packages/airflow/example_dags/example_branch_datetime_operator.py took 0.090 seconds
[2025-02-28T20:22:20.406+0200] {processor.py:186} INFO - Started process (PID=234) to work on /Users/nampham/.pyenv/versions/3.12.9/lib/python3.12/site-packages/airflow/example_dags/example_branch_datetime_operator.py
[2025-02-28T20:22:20.407+0200] {processor.py:914} INFO - Processing file /Users/nampham/.pyenv/versions/3.12.9/lib/python3.12/site-packages/airflow/example_dags/example_branch_datetime_operator.py for tasks to queue
[2025-02-28T20:22:20.407+0200] {logging_mixin.py:190} INFO - [2025-02-28T20:22:20.407+0200] {dagbag.py:588} INFO - Filling up the DagBag from /Users/nampham/.pyenv/versions/3.12.9/lib/python3.12/site-packages/airflow/example_dags/example_branch_datetime_operator.py
[2025-02-28T20:22:20.412+0200] {processor.py:925} INFO - DAG(s) 'example_branch_datetime_operator', 'example_branch_datetime_operator_3', 'example_branch_datetime_operator_2' retrieved from /Users/nampham/.pyenv/versions/3.12.9/lib/python3.12/site-packages/airflow/example_dags/example_branch_datetime_operator.py
[2025-02-28T20:22:20.471+0200] {logging_mixin.py:190} INFO - [2025-02-28T20:22:20.471+0200] {dag.py:3239} INFO - Sync 3 DAGs
[2025-02-28T20:22:20.478+0200] {logging_mixin.py:190} INFO - [2025-02-28T20:22:20.478+0200] {dag.py:4180} INFO - Setting next_dagrun for example_branch_datetime_operator to 2025-02-27 00:00:00+00:00, run_after=2025-02-28 00:00:00+00:00
[2025-02-28T20:22:20.479+0200] {logging_mixin.py:190} INFO - [2025-02-28T20:22:20.479+0200] {dag.py:4180} INFO - Setting next_dagrun for example_branch_datetime_operator_2 to 2025-02-27 00:00:00+00:00, run_after=2025-02-28 00:00:00+00:00
[2025-02-28T20:22:20.480+0200] {logging_mixin.py:190} INFO - [2025-02-28T20:22:20.480+0200] {dag.py:4180} INFO - Setting next_dagrun for example_branch_datetime_operator_3 to 2025-02-27 00:00:00+00:00, run_after=2025-02-28 00:00:00+00:00
[2025-02-28T20:22:20.485+0200] {processor.py:208} INFO - Processing /Users/nampham/.pyenv/versions/3.12.9/lib/python3.12/site-packages/airflow/example_dags/example_branch_datetime_operator.py took 0.081 seconds
[2025-02-28T21:28:53.096+0200] {processor.py:186} INFO - Started process (PID=5763) to work on /Users/nampham/.pyenv/versions/3.12.9/lib/python3.12/site-packages/airflow/example_dags/example_branch_datetime_operator.py
[2025-02-28T21:28:53.097+0200] {processor.py:914} INFO - Processing file /Users/nampham/.pyenv/versions/3.12.9/lib/python3.12/site-packages/airflow/example_dags/example_branch_datetime_operator.py for tasks to queue
[2025-02-28T21:28:53.097+0200] {logging_mixin.py:190} INFO - [2025-02-28T21:28:53.097+0200] {dagbag.py:588} INFO - Filling up the DagBag from /Users/nampham/.pyenv/versions/3.12.9/lib/python3.12/site-packages/airflow/example_dags/example_branch_datetime_operator.py
[2025-02-28T21:28:53.102+0200] {processor.py:925} INFO - DAG(s) 'example_branch_datetime_operator', 'example_branch_datetime_operator_3', 'example_branch_datetime_operator_2' retrieved from /Users/nampham/.pyenv/versions/3.12.9/lib/python3.12/site-packages/airflow/example_dags/example_branch_datetime_operator.py
[2025-02-28T21:28:53.162+0200] {logging_mixin.py:190} INFO - [2025-02-28T21:28:53.162+0200] {dag.py:3239} INFO - Sync 3 DAGs
[2025-02-28T21:28:53.169+0200] {logging_mixin.py:190} INFO - [2025-02-28T21:28:53.169+0200] {dag.py:4180} INFO - Setting next_dagrun for example_branch_datetime_operator to 2025-02-27 00:00:00+00:00, run_after=2025-02-28 00:00:00+00:00
[2025-02-28T21:28:53.171+0200] {logging_mixin.py:190} INFO - [2025-02-28T21:28:53.171+0200] {dag.py:4180} INFO - Setting next_dagrun for example_branch_datetime_operator_2 to 2025-02-27 00:00:00+00:00, run_after=2025-02-28 00:00:00+00:00
[2025-02-28T21:28:53.171+0200] {logging_mixin.py:190} INFO - [2025-02-28T21:28:53.171+0200] {dag.py:4180} INFO - Setting next_dagrun for example_branch_datetime_operator_3 to 2025-02-27 00:00:00+00:00, run_after=2025-02-28 00:00:00+00:00
[2025-02-28T21:28:53.177+0200] {processor.py:208} INFO - Processing /Users/nampham/.pyenv/versions/3.12.9/lib/python3.12/site-packages/airflow/example_dags/example_branch_datetime_operator.py took 0.082 seconds
[2025-02-28T21:31:40.262+0200] {processor.py:186} INFO - Started process (PID=6416) to work on /Users/nampham/.pyenv/versions/3.12.9/lib/python3.12/site-packages/airflow/example_dags/example_branch_datetime_operator.py
[2025-02-28T21:31:40.263+0200] {processor.py:914} INFO - Processing file /Users/nampham/.pyenv/versions/3.12.9/lib/python3.12/site-packages/airflow/example_dags/example_branch_datetime_operator.py for tasks to queue
[2025-02-28T21:31:40.263+0200] {logging_mixin.py:190} INFO - [2025-02-28T21:31:40.263+0200] {dagbag.py:588} INFO - Filling up the DagBag from /Users/nampham/.pyenv/versions/3.12.9/lib/python3.12/site-packages/airflow/example_dags/example_branch_datetime_operator.py
[2025-02-28T21:31:40.268+0200] {processor.py:925} INFO - DAG(s) 'example_branch_datetime_operator', 'example_branch_datetime_operator_3', 'example_branch_datetime_operator_2' retrieved from /Users/nampham/.pyenv/versions/3.12.9/lib/python3.12/site-packages/airflow/example_dags/example_branch_datetime_operator.py
[2025-02-28T21:31:40.331+0200] {logging_mixin.py:190} INFO - [2025-02-28T21:31:40.331+0200] {dag.py:3239} INFO - Sync 3 DAGs
[2025-02-28T21:31:40.339+0200] {logging_mixin.py:190} INFO - [2025-02-28T21:31:40.339+0200] {dag.py:4180} INFO - Setting next_dagrun for example_branch_datetime_operator to 2025-02-27 00:00:00+00:00, run_after=2025-02-28 00:00:00+00:00
[2025-02-28T21:31:40.340+0200] {logging_mixin.py:190} INFO - [2025-02-28T21:31:40.340+0200] {dag.py:4180} INFO - Setting next_dagrun for example_branch_datetime_operator_2 to 2025-02-27 00:00:00+00:00, run_after=2025-02-28 00:00:00+00:00
[2025-02-28T21:31:40.341+0200] {logging_mixin.py:190} INFO - [2025-02-28T21:31:40.341+0200] {dag.py:4180} INFO - Setting next_dagrun for example_branch_datetime_operator_3 to 2025-02-27 00:00:00+00:00, run_after=2025-02-28 00:00:00+00:00
[2025-02-28T21:31:40.346+0200] {processor.py:208} INFO - Processing /Users/nampham/.pyenv/versions/3.12.9/lib/python3.12/site-packages/airflow/example_dags/example_branch_datetime_operator.py took 0.085 seconds
[2025-02-28T21:34:17.116+0200] {processor.py:186} INFO - Started process (PID=7223) to work on /Users/nampham/.pyenv/versions/3.12.9/lib/python3.12/site-packages/airflow/example_dags/example_branch_datetime_operator.py
[2025-02-28T21:34:17.117+0200] {processor.py:914} INFO - Processing file /Users/nampham/.pyenv/versions/3.12.9/lib/python3.12/site-packages/airflow/example_dags/example_branch_datetime_operator.py for tasks to queue
[2025-02-28T21:34:17.118+0200] {logging_mixin.py:190} INFO - [2025-02-28T21:34:17.118+0200] {dagbag.py:588} INFO - Filling up the DagBag from /Users/nampham/.pyenv/versions/3.12.9/lib/python3.12/site-packages/airflow/example_dags/example_branch_datetime_operator.py
[2025-02-28T21:34:17.122+0200] {processor.py:925} INFO - DAG(s) 'example_branch_datetime_operator_2', 'example_branch_datetime_operator_3', 'example_branch_datetime_operator' retrieved from /Users/nampham/.pyenv/versions/3.12.9/lib/python3.12/site-packages/airflow/example_dags/example_branch_datetime_operator.py
[2025-02-28T21:34:17.182+0200] {logging_mixin.py:190} INFO - [2025-02-28T21:34:17.182+0200] {dag.py:3239} INFO - Sync 3 DAGs
[2025-02-28T21:34:17.189+0200] {logging_mixin.py:190} INFO - [2025-02-28T21:34:17.189+0200] {dag.py:4180} INFO - Setting next_dagrun for example_branch_datetime_operator to 2025-02-27 00:00:00+00:00, run_after=2025-02-28 00:00:00+00:00
[2025-02-28T21:34:17.191+0200] {logging_mixin.py:190} INFO - [2025-02-28T21:34:17.191+0200] {dag.py:4180} INFO - Setting next_dagrun for example_branch_datetime_operator_2 to 2025-02-27 00:00:00+00:00, run_after=2025-02-28 00:00:00+00:00
[2025-02-28T21:34:17.191+0200] {logging_mixin.py:190} INFO - [2025-02-28T21:34:17.191+0200] {dag.py:4180} INFO - Setting next_dagrun for example_branch_datetime_operator_3 to 2025-02-27 00:00:00+00:00, run_after=2025-02-28 00:00:00+00:00
[2025-02-28T21:34:17.197+0200] {processor.py:208} INFO - Processing /Users/nampham/.pyenv/versions/3.12.9/lib/python3.12/site-packages/airflow/example_dags/example_branch_datetime_operator.py took 0.082 seconds
[2025-02-28T21:38:06.183+0200] {processor.py:186} INFO - Started process (PID=8143) to work on /Users/nampham/.pyenv/versions/3.12.9/lib/python3.12/site-packages/airflow/example_dags/example_branch_datetime_operator.py
[2025-02-28T21:38:06.185+0200] {processor.py:914} INFO - Processing file /Users/nampham/.pyenv/versions/3.12.9/lib/python3.12/site-packages/airflow/example_dags/example_branch_datetime_operator.py for tasks to queue
[2025-02-28T21:38:06.185+0200] {logging_mixin.py:190} INFO - [2025-02-28T21:38:06.185+0200] {dagbag.py:588} INFO - Filling up the DagBag from /Users/nampham/.pyenv/versions/3.12.9/lib/python3.12/site-packages/airflow/example_dags/example_branch_datetime_operator.py
[2025-02-28T21:38:06.190+0200] {processor.py:925} INFO - DAG(s) 'example_branch_datetime_operator_2', 'example_branch_datetime_operator_3', 'example_branch_datetime_operator' retrieved from /Users/nampham/.pyenv/versions/3.12.9/lib/python3.12/site-packages/airflow/example_dags/example_branch_datetime_operator.py
[2025-02-28T21:38:06.279+0200] {logging_mixin.py:190} INFO - [2025-02-28T21:38:06.279+0200] {override.py:1930} INFO - Created Permission View: can delete on DAG:example_branch_datetime_operator_2
[2025-02-28T21:38:06.282+0200] {logging_mixin.py:190} INFO - [2025-02-28T21:38:06.282+0200] {override.py:1930} INFO - Created Permission View: can edit on DAG:example_branch_datetime_operator_2
[2025-02-28T21:38:06.284+0200] {logging_mixin.py:190} INFO - [2025-02-28T21:38:06.284+0200] {override.py:1930} INFO - Created Permission View: can read on DAG:example_branch_datetime_operator_2
[2025-02-28T21:38:06.286+0200] {logging_mixin.py:190} INFO - [2025-02-28T21:38:06.286+0200] {override.py:1930} INFO - Created Permission View: can delete on DAG Run:example_branch_datetime_operator_2
[2025-02-28T21:38:06.288+0200] {logging_mixin.py:190} INFO - [2025-02-28T21:38:06.288+0200] {override.py:1930} INFO - Created Permission View: can create on DAG Run:example_branch_datetime_operator_2
[2025-02-28T21:38:06.290+0200] {logging_mixin.py:190} INFO - [2025-02-28T21:38:06.290+0200] {override.py:1930} INFO - Created Permission View: can read on DAG Run:example_branch_datetime_operator_2
[2025-02-28T21:38:06.292+0200] {logging_mixin.py:190} INFO - [2025-02-28T21:38:06.292+0200] {override.py:1930} INFO - Created Permission View: menu access on DAG Run:example_branch_datetime_operator_2
[2025-02-28T21:38:06.296+0200] {logging_mixin.py:190} INFO - [2025-02-28T21:38:06.296+0200] {override.py:1930} INFO - Created Permission View: can delete on DAG:example_branch_datetime_operator_3
[2025-02-28T21:38:06.298+0200] {logging_mixin.py:190} INFO - [2025-02-28T21:38:06.298+0200] {override.py:1930} INFO - Created Permission View: can edit on DAG:example_branch_datetime_operator_3
[2025-02-28T21:38:06.300+0200] {logging_mixin.py:190} INFO - [2025-02-28T21:38:06.299+0200] {override.py:1930} INFO - Created Permission View: can read on DAG:example_branch_datetime_operator_3
[2025-02-28T21:38:06.302+0200] {logging_mixin.py:190} INFO - [2025-02-28T21:38:06.302+0200] {override.py:1930} INFO - Created Permission View: can delete on DAG Run:example_branch_datetime_operator_3
[2025-02-28T21:38:06.304+0200] {logging_mixin.py:190} INFO - [2025-02-28T21:38:06.304+0200] {override.py:1930} INFO - Created Permission View: can create on DAG Run:example_branch_datetime_operator_3
[2025-02-28T21:38:06.306+0200] {logging_mixin.py:190} INFO - [2025-02-28T21:38:06.305+0200] {override.py:1930} INFO - Created Permission View: can read on DAG Run:example_branch_datetime_operator_3
[2025-02-28T21:38:06.307+0200] {logging_mixin.py:190} INFO - [2025-02-28T21:38:06.307+0200] {override.py:1930} INFO - Created Permission View: menu access on DAG Run:example_branch_datetime_operator_3
[2025-02-28T21:38:06.311+0200] {logging_mixin.py:190} INFO - [2025-02-28T21:38:06.311+0200] {override.py:1930} INFO - Created Permission View: can delete on DAG:example_branch_datetime_operator
[2025-02-28T21:38:06.313+0200] {logging_mixin.py:190} INFO - [2025-02-28T21:38:06.313+0200] {override.py:1930} INFO - Created Permission View: can edit on DAG:example_branch_datetime_operator
[2025-02-28T21:38:06.315+0200] {logging_mixin.py:190} INFO - [2025-02-28T21:38:06.315+0200] {override.py:1930} INFO - Created Permission View: can read on DAG:example_branch_datetime_operator
[2025-02-28T21:38:06.317+0200] {logging_mixin.py:190} INFO - [2025-02-28T21:38:06.317+0200] {override.py:1930} INFO - Created Permission View: can delete on DAG Run:example_branch_datetime_operator
[2025-02-28T21:38:06.319+0200] {logging_mixin.py:190} INFO - [2025-02-28T21:38:06.319+0200] {override.py:1930} INFO - Created Permission View: can create on DAG Run:example_branch_datetime_operator
[2025-02-28T21:38:06.320+0200] {logging_mixin.py:190} INFO - [2025-02-28T21:38:06.320+0200] {override.py:1930} INFO - Created Permission View: can read on DAG Run:example_branch_datetime_operator
[2025-02-28T21:38:06.322+0200] {logging_mixin.py:190} INFO - [2025-02-28T21:38:06.322+0200] {override.py:1930} INFO - Created Permission View: menu access on DAG Run:example_branch_datetime_operator
[2025-02-28T21:38:06.322+0200] {logging_mixin.py:190} INFO - [2025-02-28T21:38:06.322+0200] {dag.py:3239} INFO - Sync 3 DAGs
[2025-02-28T21:38:06.326+0200] {logging_mixin.py:190} INFO - [2025-02-28T21:38:06.326+0200] {dag.py:3262} INFO - Creating ORM DAG for example_branch_datetime_operator
[2025-02-28T21:38:06.327+0200] {logging_mixin.py:190} INFO - [2025-02-28T21:38:06.327+0200] {dag.py:3262} INFO - Creating ORM DAG for example_branch_datetime_operator_2
[2025-02-28T21:38:06.327+0200] {logging_mixin.py:190} INFO - [2025-02-28T21:38:06.327+0200] {dag.py:3262} INFO - Creating ORM DAG for example_branch_datetime_operator_3
[2025-02-28T21:38:06.330+0200] {logging_mixin.py:190} INFO - [2025-02-28T21:38:06.330+0200] {dag.py:4180} INFO - Setting next_dagrun for example_branch_datetime_operator to 2025-02-27 00:00:00+00:00, run_after=2025-02-28 00:00:00+00:00
[2025-02-28T21:38:06.330+0200] {logging_mixin.py:190} INFO - [2025-02-28T21:38:06.330+0200] {dag.py:4180} INFO - Setting next_dagrun for example_branch_datetime_operator_2 to 2025-02-27 00:00:00+00:00, run_after=2025-02-28 00:00:00+00:00
[2025-02-28T21:38:06.331+0200] {logging_mixin.py:190} INFO - [2025-02-28T21:38:06.331+0200] {dag.py:4180} INFO - Setting next_dagrun for example_branch_datetime_operator_3 to 2025-02-27 00:00:00+00:00, run_after=2025-02-28 00:00:00+00:00
[2025-02-28T21:38:06.337+0200] {processor.py:208} INFO - Processing /Users/nampham/.pyenv/versions/3.12.9/lib/python3.12/site-packages/airflow/example_dags/example_branch_datetime_operator.py took 0.155 seconds
[2025-02-28T21:40:42.127+0200] {processor.py:186} INFO - Started process (PID=8718) to work on /Users/nampham/.pyenv/versions/3.12.9/lib/python3.12/site-packages/airflow/example_dags/example_branch_datetime_operator.py
[2025-02-28T21:40:42.129+0200] {processor.py:914} INFO - Processing file /Users/nampham/.pyenv/versions/3.12.9/lib/python3.12/site-packages/airflow/example_dags/example_branch_datetime_operator.py for tasks to queue
[2025-02-28T21:40:42.129+0200] {logging_mixin.py:190} INFO - [2025-02-28T21:40:42.129+0200] {dagbag.py:588} INFO - Filling up the DagBag from /Users/nampham/.pyenv/versions/3.12.9/lib/python3.12/site-packages/airflow/example_dags/example_branch_datetime_operator.py
[2025-02-28T21:40:42.134+0200] {processor.py:925} INFO - DAG(s) 'example_branch_datetime_operator_3', 'example_branch_datetime_operator', 'example_branch_datetime_operator_2' retrieved from /Users/nampham/.pyenv/versions/3.12.9/lib/python3.12/site-packages/airflow/example_dags/example_branch_datetime_operator.py
[2025-02-28T21:40:42.193+0200] {logging_mixin.py:190} INFO - [2025-02-28T21:40:42.193+0200] {dag.py:3239} INFO - Sync 3 DAGs
[2025-02-28T21:40:42.200+0200] {logging_mixin.py:190} INFO - [2025-02-28T21:40:42.200+0200] {dag.py:4180} INFO - Setting next_dagrun for example_branch_datetime_operator to 2025-02-27 00:00:00+00:00, run_after=2025-02-28 00:00:00+00:00
[2025-02-28T21:40:42.202+0200] {logging_mixin.py:190} INFO - [2025-02-28T21:40:42.202+0200] {dag.py:4180} INFO - Setting next_dagrun for example_branch_datetime_operator_2 to 2025-02-27 00:00:00+00:00, run_after=2025-02-28 00:00:00+00:00
[2025-02-28T21:40:42.202+0200] {logging_mixin.py:190} INFO - [2025-02-28T21:40:42.202+0200] {dag.py:4180} INFO - Setting next_dagrun for example_branch_datetime_operator_3 to 2025-02-27 00:00:00+00:00, run_after=2025-02-28 00:00:00+00:00
[2025-02-28T21:40:42.208+0200] {processor.py:208} INFO - Processing /Users/nampham/.pyenv/versions/3.12.9/lib/python3.12/site-packages/airflow/example_dags/example_branch_datetime_operator.py took 0.082 seconds
[2025-02-28T22:28:58.156+0200] {processor.py:186} INFO - Started process (PID=18367) to work on /Users/nampham/.pyenv/versions/3.12.9/lib/python3.12/site-packages/airflow/example_dags/example_branch_datetime_operator.py
[2025-02-28T22:28:58.157+0200] {processor.py:914} INFO - Processing file /Users/nampham/.pyenv/versions/3.12.9/lib/python3.12/site-packages/airflow/example_dags/example_branch_datetime_operator.py for tasks to queue
[2025-02-28T22:28:58.157+0200] {logging_mixin.py:190} INFO - [2025-02-28T22:28:58.157+0200] {dagbag.py:588} INFO - Filling up the DagBag from /Users/nampham/.pyenv/versions/3.12.9/lib/python3.12/site-packages/airflow/example_dags/example_branch_datetime_operator.py
[2025-02-28T22:28:58.161+0200] {processor.py:925} INFO - DAG(s) 'example_branch_datetime_operator', 'example_branch_datetime_operator_2', 'example_branch_datetime_operator_3' retrieved from /Users/nampham/.pyenv/versions/3.12.9/lib/python3.12/site-packages/airflow/example_dags/example_branch_datetime_operator.py
[2025-02-28T22:28:58.252+0200] {logging_mixin.py:190} INFO - [2025-02-28T22:28:58.251+0200] {override.py:1930} INFO - Created Permission View: can edit on DAG:example_branch_datetime_operator
[2025-02-28T22:28:58.255+0200] {logging_mixin.py:190} INFO - [2025-02-28T22:28:58.254+0200] {override.py:1930} INFO - Created Permission View: can delete on DAG:example_branch_datetime_operator
[2025-02-28T22:28:58.256+0200] {logging_mixin.py:190} INFO - [2025-02-28T22:28:58.256+0200] {override.py:1930} INFO - Created Permission View: can read on DAG:example_branch_datetime_operator
[2025-02-28T22:28:58.259+0200] {logging_mixin.py:190} INFO - [2025-02-28T22:28:58.259+0200] {override.py:1930} INFO - Created Permission View: can create on DAG Run:example_branch_datetime_operator
[2025-02-28T22:28:58.261+0200] {logging_mixin.py:190} INFO - [2025-02-28T22:28:58.260+0200] {override.py:1930} INFO - Created Permission View: can delete on DAG Run:example_branch_datetime_operator
[2025-02-28T22:28:58.262+0200] {logging_mixin.py:190} INFO - [2025-02-28T22:28:58.262+0200] {override.py:1930} INFO - Created Permission View: menu access on DAG Run:example_branch_datetime_operator
[2025-02-28T22:28:58.264+0200] {logging_mixin.py:190} INFO - [2025-02-28T22:28:58.264+0200] {override.py:1930} INFO - Created Permission View: can read on DAG Run:example_branch_datetime_operator
[2025-02-28T22:28:58.268+0200] {logging_mixin.py:190} INFO - [2025-02-28T22:28:58.268+0200] {override.py:1930} INFO - Created Permission View: can edit on DAG:example_branch_datetime_operator_2
[2025-02-28T22:28:58.269+0200] {logging_mixin.py:190} INFO - [2025-02-28T22:28:58.269+0200] {override.py:1930} INFO - Created Permission View: can delete on DAG:example_branch_datetime_operator_2
[2025-02-28T22:28:58.271+0200] {logging_mixin.py:190} INFO - [2025-02-28T22:28:58.271+0200] {override.py:1930} INFO - Created Permission View: can read on DAG:example_branch_datetime_operator_2
[2025-02-28T22:28:58.273+0200] {logging_mixin.py:190} INFO - [2025-02-28T22:28:58.273+0200] {override.py:1930} INFO - Created Permission View: can create on DAG Run:example_branch_datetime_operator_2
[2025-02-28T22:28:58.275+0200] {logging_mixin.py:190} INFO - [2025-02-28T22:28:58.275+0200] {override.py:1930} INFO - Created Permission View: can delete on DAG Run:example_branch_datetime_operator_2
[2025-02-28T22:28:58.277+0200] {logging_mixin.py:190} INFO - [2025-02-28T22:28:58.277+0200] {override.py:1930} INFO - Created Permission View: menu access on DAG Run:example_branch_datetime_operator_2
[2025-02-28T22:28:58.278+0200] {logging_mixin.py:190} INFO - [2025-02-28T22:28:58.278+0200] {override.py:1930} INFO - Created Permission View: can read on DAG Run:example_branch_datetime_operator_2
[2025-02-28T22:28:58.282+0200] {logging_mixin.py:190} INFO - [2025-02-28T22:28:58.282+0200] {override.py:1930} INFO - Created Permission View: can edit on DAG:example_branch_datetime_operator_3
[2025-02-28T22:28:58.284+0200] {logging_mixin.py:190} INFO - [2025-02-28T22:28:58.284+0200] {override.py:1930} INFO - Created Permission View: can delete on DAG:example_branch_datetime_operator_3
[2025-02-28T22:28:58.286+0200] {logging_mixin.py:190} INFO - [2025-02-28T22:28:58.286+0200] {override.py:1930} INFO - Created Permission View: can read on DAG:example_branch_datetime_operator_3
[2025-02-28T22:28:58.288+0200] {logging_mixin.py:190} INFO - [2025-02-28T22:28:58.288+0200] {override.py:1930} INFO - Created Permission View: can create on DAG Run:example_branch_datetime_operator_3
[2025-02-28T22:28:58.290+0200] {logging_mixin.py:190} INFO - [2025-02-28T22:28:58.290+0200] {override.py:1930} INFO - Created Permission View: can delete on DAG Run:example_branch_datetime_operator_3
[2025-02-28T22:28:58.292+0200] {logging_mixin.py:190} INFO - [2025-02-28T22:28:58.292+0200] {override.py:1930} INFO - Created Permission View: menu access on DAG Run:example_branch_datetime_operator_3
[2025-02-28T22:28:58.293+0200] {logging_mixin.py:190} INFO - [2025-02-28T22:28:58.293+0200] {override.py:1930} INFO - Created Permission View: can read on DAG Run:example_branch_datetime_operator_3
[2025-02-28T22:28:58.293+0200] {logging_mixin.py:190} INFO - [2025-02-28T22:28:58.293+0200] {dag.py:3239} INFO - Sync 3 DAGs
[2025-02-28T22:28:58.297+0200] {logging_mixin.py:190} INFO - [2025-02-28T22:28:58.297+0200] {dag.py:3262} INFO - Creating ORM DAG for example_branch_datetime_operator_3
[2025-02-28T22:28:58.297+0200] {logging_mixin.py:190} INFO - [2025-02-28T22:28:58.297+0200] {dag.py:3262} INFO - Creating ORM DAG for example_branch_datetime_operator
[2025-02-28T22:28:58.298+0200] {logging_mixin.py:190} INFO - [2025-02-28T22:28:58.298+0200] {dag.py:3262} INFO - Creating ORM DAG for example_branch_datetime_operator_2
[2025-02-28T22:28:58.301+0200] {logging_mixin.py:190} INFO - [2025-02-28T22:28:58.301+0200] {dag.py:4180} INFO - Setting next_dagrun for example_branch_datetime_operator to 2025-02-27 00:00:00+00:00, run_after=2025-02-28 00:00:00+00:00
[2025-02-28T22:28:58.301+0200] {logging_mixin.py:190} INFO - [2025-02-28T22:28:58.301+0200] {dag.py:4180} INFO - Setting next_dagrun for example_branch_datetime_operator_2 to 2025-02-27 00:00:00+00:00, run_after=2025-02-28 00:00:00+00:00
[2025-02-28T22:28:58.302+0200] {logging_mixin.py:190} INFO - [2025-02-28T22:28:58.302+0200] {dag.py:4180} INFO - Setting next_dagrun for example_branch_datetime_operator_3 to 2025-02-27 00:00:00+00:00, run_after=2025-02-28 00:00:00+00:00
[2025-02-28T22:28:58.308+0200] {processor.py:208} INFO - Processing /Users/nampham/.pyenv/versions/3.12.9/lib/python3.12/site-packages/airflow/example_dags/example_branch_datetime_operator.py took 0.153 seconds
[2025-02-28T22:37:00.832+0200] {processor.py:186} INFO - Started process (PID=20010) to work on /Users/nampham/.pyenv/versions/3.12.9/lib/python3.12/site-packages/airflow/example_dags/example_branch_datetime_operator.py
[2025-02-28T22:37:00.833+0200] {processor.py:914} INFO - Processing file /Users/nampham/.pyenv/versions/3.12.9/lib/python3.12/site-packages/airflow/example_dags/example_branch_datetime_operator.py for tasks to queue
[2025-02-28T22:37:00.833+0200] {logging_mixin.py:190} INFO - [2025-02-28T22:37:00.833+0200] {dagbag.py:588} INFO - Filling up the DagBag from /Users/nampham/.pyenv/versions/3.12.9/lib/python3.12/site-packages/airflow/example_dags/example_branch_datetime_operator.py
[2025-02-28T22:37:00.838+0200] {processor.py:925} INFO - DAG(s) 'example_branch_datetime_operator_3', 'example_branch_datetime_operator_2', 'example_branch_datetime_operator' retrieved from /Users/nampham/.pyenv/versions/3.12.9/lib/python3.12/site-packages/airflow/example_dags/example_branch_datetime_operator.py
[2025-02-28T22:37:00.925+0200] {logging_mixin.py:190} INFO - [2025-02-28T22:37:00.925+0200] {override.py:1930} INFO - Created Permission View: can read on DAG:example_branch_datetime_operator_3
[2025-02-28T22:37:00.928+0200] {logging_mixin.py:190} INFO - [2025-02-28T22:37:00.928+0200] {override.py:1930} INFO - Created Permission View: can delete on DAG:example_branch_datetime_operator_3
[2025-02-28T22:37:00.930+0200] {logging_mixin.py:190} INFO - [2025-02-28T22:37:00.930+0200] {override.py:1930} INFO - Created Permission View: can edit on DAG:example_branch_datetime_operator_3
[2025-02-28T22:37:00.932+0200] {logging_mixin.py:190} INFO - [2025-02-28T22:37:00.932+0200] {override.py:1930} INFO - Created Permission View: can create on DAG Run:example_branch_datetime_operator_3
[2025-02-28T22:37:00.934+0200] {logging_mixin.py:190} INFO - [2025-02-28T22:37:00.934+0200] {override.py:1930} INFO - Created Permission View: can read on DAG Run:example_branch_datetime_operator_3
[2025-02-28T22:37:00.936+0200] {logging_mixin.py:190} INFO - [2025-02-28T22:37:00.936+0200] {override.py:1930} INFO - Created Permission View: can delete on DAG Run:example_branch_datetime_operator_3
[2025-02-28T22:37:00.937+0200] {logging_mixin.py:190} INFO - [2025-02-28T22:37:00.937+0200] {override.py:1930} INFO - Created Permission View: menu access on DAG Run:example_branch_datetime_operator_3
[2025-02-28T22:37:00.941+0200] {logging_mixin.py:190} INFO - [2025-02-28T22:37:00.941+0200] {override.py:1930} INFO - Created Permission View: can read on DAG:example_branch_datetime_operator_2
[2025-02-28T22:37:00.943+0200] {logging_mixin.py:190} INFO - [2025-02-28T22:37:00.943+0200] {override.py:1930} INFO - Created Permission View: can delete on DAG:example_branch_datetime_operator_2
[2025-02-28T22:37:00.945+0200] {logging_mixin.py:190} INFO - [2025-02-28T22:37:00.945+0200] {override.py:1930} INFO - Created Permission View: can edit on DAG:example_branch_datetime_operator_2
[2025-02-28T22:37:00.947+0200] {logging_mixin.py:190} INFO - [2025-02-28T22:37:00.947+0200] {override.py:1930} INFO - Created Permission View: can create on DAG Run:example_branch_datetime_operator_2
[2025-02-28T22:37:00.949+0200] {logging_mixin.py:190} INFO - [2025-02-28T22:37:00.949+0200] {override.py:1930} INFO - Created Permission View: can read on DAG Run:example_branch_datetime_operator_2
[2025-02-28T22:37:00.950+0200] {logging_mixin.py:190} INFO - [2025-02-28T22:37:00.950+0200] {override.py:1930} INFO - Created Permission View: can delete on DAG Run:example_branch_datetime_operator_2
[2025-02-28T22:37:00.952+0200] {logging_mixin.py:190} INFO - [2025-02-28T22:37:00.952+0200] {override.py:1930} INFO - Created Permission View: menu access on DAG Run:example_branch_datetime_operator_2
[2025-02-28T22:37:00.956+0200] {logging_mixin.py:190} INFO - [2025-02-28T22:37:00.956+0200] {override.py:1930} INFO - Created Permission View: can read on DAG:example_branch_datetime_operator
[2025-02-28T22:37:00.958+0200] {logging_mixin.py:190} INFO - [2025-02-28T22:37:00.958+0200] {override.py:1930} INFO - Created Permission View: can delete on DAG:example_branch_datetime_operator
[2025-02-28T22:37:00.960+0200] {logging_mixin.py:190} INFO - [2025-02-28T22:37:00.959+0200] {override.py:1930} INFO - Created Permission View: can edit on DAG:example_branch_datetime_operator
[2025-02-28T22:37:00.962+0200] {logging_mixin.py:190} INFO - [2025-02-28T22:37:00.962+0200] {override.py:1930} INFO - Created Permission View: can create on DAG Run:example_branch_datetime_operator
[2025-02-28T22:37:00.963+0200] {logging_mixin.py:190} INFO - [2025-02-28T22:37:00.963+0200] {override.py:1930} INFO - Created Permission View: can read on DAG Run:example_branch_datetime_operator
[2025-02-28T22:37:00.965+0200] {logging_mixin.py:190} INFO - [2025-02-28T22:37:00.965+0200] {override.py:1930} INFO - Created Permission View: can delete on DAG Run:example_branch_datetime_operator
[2025-02-28T22:37:00.967+0200] {logging_mixin.py:190} INFO - [2025-02-28T22:37:00.967+0200] {override.py:1930} INFO - Created Permission View: menu access on DAG Run:example_branch_datetime_operator
[2025-02-28T22:37:00.967+0200] {logging_mixin.py:190} INFO - [2025-02-28T22:37:00.967+0200] {dag.py:3239} INFO - Sync 3 DAGs
[2025-02-28T22:37:00.971+0200] {logging_mixin.py:190} INFO - [2025-02-28T22:37:00.971+0200] {dag.py:3262} INFO - Creating ORM DAG for example_branch_datetime_operator_3
[2025-02-28T22:37:00.971+0200] {logging_mixin.py:190} INFO - [2025-02-28T22:37:00.971+0200] {dag.py:3262} INFO - Creating ORM DAG for example_branch_datetime_operator
[2025-02-28T22:37:00.971+0200] {logging_mixin.py:190} INFO - [2025-02-28T22:37:00.971+0200] {dag.py:3262} INFO - Creating ORM DAG for example_branch_datetime_operator_2
[2025-02-28T22:37:00.974+0200] {logging_mixin.py:190} INFO - [2025-02-28T22:37:00.974+0200] {dag.py:4180} INFO - Setting next_dagrun for example_branch_datetime_operator to 2025-02-27 00:00:00+00:00, run_after=2025-02-28 00:00:00+00:00
[2025-02-28T22:37:00.975+0200] {logging_mixin.py:190} INFO - [2025-02-28T22:37:00.974+0200] {dag.py:4180} INFO - Setting next_dagrun for example_branch_datetime_operator_2 to 2025-02-27 00:00:00+00:00, run_after=2025-02-28 00:00:00+00:00
[2025-02-28T22:37:00.975+0200] {logging_mixin.py:190} INFO - [2025-02-28T22:37:00.975+0200] {dag.py:4180} INFO - Setting next_dagrun for example_branch_datetime_operator_3 to 2025-02-27 00:00:00+00:00, run_after=2025-02-28 00:00:00+00:00
[2025-02-28T22:37:00.981+0200] {processor.py:208} INFO - Processing /Users/nampham/.pyenv/versions/3.12.9/lib/python3.12/site-packages/airflow/example_dags/example_branch_datetime_operator.py took 0.151 seconds
[2025-02-28T22:39:56.742+0200] {processor.py:186} INFO - Started process (PID=20608) to work on /Users/nampham/.pyenv/versions/3.12.9/lib/python3.12/site-packages/airflow/example_dags/example_branch_datetime_operator.py
[2025-02-28T22:39:56.743+0200] {processor.py:914} INFO - Processing file /Users/nampham/.pyenv/versions/3.12.9/lib/python3.12/site-packages/airflow/example_dags/example_branch_datetime_operator.py for tasks to queue
[2025-02-28T22:39:56.743+0200] {logging_mixin.py:190} INFO - [2025-02-28T22:39:56.743+0200] {dagbag.py:588} INFO - Filling up the DagBag from /Users/nampham/.pyenv/versions/3.12.9/lib/python3.12/site-packages/airflow/example_dags/example_branch_datetime_operator.py
[2025-02-28T22:39:56.748+0200] {processor.py:925} INFO - DAG(s) 'example_branch_datetime_operator_3', 'example_branch_datetime_operator_2', 'example_branch_datetime_operator' retrieved from /Users/nampham/.pyenv/versions/3.12.9/lib/python3.12/site-packages/airflow/example_dags/example_branch_datetime_operator.py
[2025-02-28T22:39:56.806+0200] {logging_mixin.py:190} INFO - [2025-02-28T22:39:56.806+0200] {dag.py:3239} INFO - Sync 3 DAGs
[2025-02-28T22:39:56.813+0200] {logging_mixin.py:190} INFO - [2025-02-28T22:39:56.813+0200] {dag.py:4180} INFO - Setting next_dagrun for example_branch_datetime_operator to 2025-02-27 00:00:00+00:00, run_after=2025-02-28 00:00:00+00:00
[2025-02-28T22:39:56.815+0200] {logging_mixin.py:190} INFO - [2025-02-28T22:39:56.814+0200] {dag.py:4180} INFO - Setting next_dagrun for example_branch_datetime_operator_2 to 2025-02-27 00:00:00+00:00, run_after=2025-02-28 00:00:00+00:00
[2025-02-28T22:39:56.815+0200] {logging_mixin.py:190} INFO - [2025-02-28T22:39:56.815+0200] {dag.py:4180} INFO - Setting next_dagrun for example_branch_datetime_operator_3 to 2025-02-27 00:00:00+00:00, run_after=2025-02-28 00:00:00+00:00
[2025-02-28T22:39:56.821+0200] {processor.py:208} INFO - Processing /Users/nampham/.pyenv/versions/3.12.9/lib/python3.12/site-packages/airflow/example_dags/example_branch_datetime_operator.py took 0.080 seconds
[2025-02-28T22:42:43.899+0200] {processor.py:186} INFO - Started process (PID=21185) to work on /Users/nampham/.pyenv/versions/3.12.9/lib/python3.12/site-packages/airflow/example_dags/example_branch_datetime_operator.py
[2025-02-28T22:42:43.900+0200] {processor.py:914} INFO - Processing file /Users/nampham/.pyenv/versions/3.12.9/lib/python3.12/site-packages/airflow/example_dags/example_branch_datetime_operator.py for tasks to queue
[2025-02-28T22:42:43.901+0200] {logging_mixin.py:190} INFO - [2025-02-28T22:42:43.900+0200] {dagbag.py:588} INFO - Filling up the DagBag from /Users/nampham/.pyenv/versions/3.12.9/lib/python3.12/site-packages/airflow/example_dags/example_branch_datetime_operator.py
[2025-02-28T22:42:43.905+0200] {processor.py:925} INFO - DAG(s) 'example_branch_datetime_operator_2', 'example_branch_datetime_operator_3', 'example_branch_datetime_operator' retrieved from /Users/nampham/.pyenv/versions/3.12.9/lib/python3.12/site-packages/airflow/example_dags/example_branch_datetime_operator.py
[2025-02-28T22:42:43.964+0200] {logging_mixin.py:190} INFO - [2025-02-28T22:42:43.964+0200] {dag.py:3239} INFO - Sync 3 DAGs
[2025-02-28T22:42:43.971+0200] {logging_mixin.py:190} INFO - [2025-02-28T22:42:43.971+0200] {dag.py:4180} INFO - Setting next_dagrun for example_branch_datetime_operator to 2025-02-27 00:00:00+00:00, run_after=2025-02-28 00:00:00+00:00
[2025-02-28T22:42:43.973+0200] {logging_mixin.py:190} INFO - [2025-02-28T22:42:43.973+0200] {dag.py:4180} INFO - Setting next_dagrun for example_branch_datetime_operator_2 to 2025-02-27 00:00:00+00:00, run_after=2025-02-28 00:00:00+00:00
[2025-02-28T22:42:43.973+0200] {logging_mixin.py:190} INFO - [2025-02-28T22:42:43.973+0200] {dag.py:4180} INFO - Setting next_dagrun for example_branch_datetime_operator_3 to 2025-02-27 00:00:00+00:00, run_after=2025-02-28 00:00:00+00:00
[2025-02-28T22:42:43.979+0200] {processor.py:208} INFO - Processing /Users/nampham/.pyenv/versions/3.12.9/lib/python3.12/site-packages/airflow/example_dags/example_branch_datetime_operator.py took 0.081 seconds
[2025-02-28T22:45:45.017+0200] {processor.py:186} INFO - Started process (PID=21823) to work on /Users/nampham/.pyenv/versions/3.12.9/lib/python3.12/site-packages/airflow/example_dags/example_branch_datetime_operator.py
[2025-02-28T22:45:45.018+0200] {processor.py:914} INFO - Processing file /Users/nampham/.pyenv/versions/3.12.9/lib/python3.12/site-packages/airflow/example_dags/example_branch_datetime_operator.py for tasks to queue
[2025-02-28T22:45:45.018+0200] {logging_mixin.py:190} INFO - [2025-02-28T22:45:45.018+0200] {dagbag.py:588} INFO - Filling up the DagBag from /Users/nampham/.pyenv/versions/3.12.9/lib/python3.12/site-packages/airflow/example_dags/example_branch_datetime_operator.py
[2025-02-28T22:45:45.022+0200] {processor.py:925} INFO - DAG(s) 'example_branch_datetime_operator_2', 'example_branch_datetime_operator_3', 'example_branch_datetime_operator' retrieved from /Users/nampham/.pyenv/versions/3.12.9/lib/python3.12/site-packages/airflow/example_dags/example_branch_datetime_operator.py
[2025-02-28T22:45:45.082+0200] {logging_mixin.py:190} INFO - [2025-02-28T22:45:45.082+0200] {dag.py:3239} INFO - Sync 3 DAGs
[2025-02-28T22:45:45.089+0200] {logging_mixin.py:190} INFO - [2025-02-28T22:45:45.089+0200] {dag.py:4180} INFO - Setting next_dagrun for example_branch_datetime_operator to 2025-02-27 00:00:00+00:00, run_after=2025-02-28 00:00:00+00:00
[2025-02-28T22:45:45.091+0200] {logging_mixin.py:190} INFO - [2025-02-28T22:45:45.091+0200] {dag.py:4180} INFO - Setting next_dagrun for example_branch_datetime_operator_2 to 2025-02-27 00:00:00+00:00, run_after=2025-02-28 00:00:00+00:00
[2025-02-28T22:45:45.091+0200] {logging_mixin.py:190} INFO - [2025-02-28T22:45:45.091+0200] {dag.py:4180} INFO - Setting next_dagrun for example_branch_datetime_operator_3 to 2025-02-27 00:00:00+00:00, run_after=2025-02-28 00:00:00+00:00
[2025-02-28T22:45:45.097+0200] {processor.py:208} INFO - Processing /Users/nampham/.pyenv/versions/3.12.9/lib/python3.12/site-packages/airflow/example_dags/example_branch_datetime_operator.py took 0.081 seconds
[2025-02-28T22:48:58.459+0200] {processor.py:186} INFO - Started process (PID=22377) to work on /Users/nampham/.pyenv/versions/3.12.9/lib/python3.12/site-packages/airflow/example_dags/example_branch_datetime_operator.py
[2025-02-28T22:48:58.460+0200] {processor.py:914} INFO - Processing file /Users/nampham/.pyenv/versions/3.12.9/lib/python3.12/site-packages/airflow/example_dags/example_branch_datetime_operator.py for tasks to queue
[2025-02-28T22:48:58.460+0200] {logging_mixin.py:190} INFO - [2025-02-28T22:48:58.460+0200] {dagbag.py:588} INFO - Filling up the DagBag from /Users/nampham/.pyenv/versions/3.12.9/lib/python3.12/site-packages/airflow/example_dags/example_branch_datetime_operator.py
[2025-02-28T22:48:58.465+0200] {processor.py:925} INFO - DAG(s) 'example_branch_datetime_operator_3', 'example_branch_datetime_operator_2', 'example_branch_datetime_operator' retrieved from /Users/nampham/.pyenv/versions/3.12.9/lib/python3.12/site-packages/airflow/example_dags/example_branch_datetime_operator.py
[2025-02-28T22:48:58.524+0200] {logging_mixin.py:190} INFO - [2025-02-28T22:48:58.524+0200] {dag.py:3239} INFO - Sync 3 DAGs
[2025-02-28T22:48:58.531+0200] {logging_mixin.py:190} INFO - [2025-02-28T22:48:58.531+0200] {dag.py:4180} INFO - Setting next_dagrun for example_branch_datetime_operator to 2025-02-27 00:00:00+00:00, run_after=2025-02-28 00:00:00+00:00
[2025-02-28T22:48:58.532+0200] {logging_mixin.py:190} INFO - [2025-02-28T22:48:58.532+0200] {dag.py:4180} INFO - Setting next_dagrun for example_branch_datetime_operator_2 to 2025-02-27 00:00:00+00:00, run_after=2025-02-28 00:00:00+00:00
[2025-02-28T22:48:58.533+0200] {logging_mixin.py:190} INFO - [2025-02-28T22:48:58.533+0200] {dag.py:4180} INFO - Setting next_dagrun for example_branch_datetime_operator_3 to 2025-02-27 00:00:00+00:00, run_after=2025-02-28 00:00:00+00:00
[2025-02-28T22:48:58.539+0200] {processor.py:208} INFO - Processing /Users/nampham/.pyenv/versions/3.12.9/lib/python3.12/site-packages/airflow/example_dags/example_branch_datetime_operator.py took 0.081 seconds
[2025-02-28T22:57:13.540+0200] {processor.py:186} INFO - Started process (PID=23207) to work on /Users/nampham/.pyenv/versions/3.12.9/lib/python3.12/site-packages/airflow/example_dags/example_branch_datetime_operator.py
[2025-02-28T22:57:13.541+0200] {processor.py:914} INFO - Processing file /Users/nampham/.pyenv/versions/3.12.9/lib/python3.12/site-packages/airflow/example_dags/example_branch_datetime_operator.py for tasks to queue
[2025-02-28T22:57:13.542+0200] {logging_mixin.py:190} INFO - [2025-02-28T22:57:13.542+0200] {dagbag.py:588} INFO - Filling up the DagBag from /Users/nampham/.pyenv/versions/3.12.9/lib/python3.12/site-packages/airflow/example_dags/example_branch_datetime_operator.py
[2025-02-28T22:57:13.546+0200] {processor.py:925} INFO - DAG(s) 'example_branch_datetime_operator_2', 'example_branch_datetime_operator_3', 'example_branch_datetime_operator' retrieved from /Users/nampham/.pyenv/versions/3.12.9/lib/python3.12/site-packages/airflow/example_dags/example_branch_datetime_operator.py
[2025-02-28T22:57:13.604+0200] {logging_mixin.py:190} INFO - [2025-02-28T22:57:13.604+0200] {dag.py:3239} INFO - Sync 3 DAGs
[2025-02-28T22:57:13.611+0200] {logging_mixin.py:190} INFO - [2025-02-28T22:57:13.611+0200] {dag.py:4180} INFO - Setting next_dagrun for example_branch_datetime_operator to 2025-02-27 00:00:00+00:00, run_after=2025-02-28 00:00:00+00:00
[2025-02-28T22:57:13.613+0200] {logging_mixin.py:190} INFO - [2025-02-28T22:57:13.613+0200] {dag.py:4180} INFO - Setting next_dagrun for example_branch_datetime_operator_2 to 2025-02-27 00:00:00+00:00, run_after=2025-02-28 00:00:00+00:00
[2025-02-28T22:57:13.613+0200] {logging_mixin.py:190} INFO - [2025-02-28T22:57:13.613+0200] {dag.py:4180} INFO - Setting next_dagrun for example_branch_datetime_operator_3 to 2025-02-27 00:00:00+00:00, run_after=2025-02-28 00:00:00+00:00
[2025-02-28T22:57:13.619+0200] {processor.py:208} INFO - Processing /Users/nampham/.pyenv/versions/3.12.9/lib/python3.12/site-packages/airflow/example_dags/example_branch_datetime_operator.py took 0.081 seconds
[2025-02-28T22:59:47.083+0200] {processor.py:186} INFO - Started process (PID=23707) to work on /Users/nampham/.pyenv/versions/3.12.9/lib/python3.12/site-packages/airflow/example_dags/example_branch_datetime_operator.py
[2025-02-28T22:59:47.084+0200] {processor.py:914} INFO - Processing file /Users/nampham/.pyenv/versions/3.12.9/lib/python3.12/site-packages/airflow/example_dags/example_branch_datetime_operator.py for tasks to queue
[2025-02-28T22:59:47.085+0200] {logging_mixin.py:190} INFO - [2025-02-28T22:59:47.084+0200] {dagbag.py:588} INFO - Filling up the DagBag from /Users/nampham/.pyenv/versions/3.12.9/lib/python3.12/site-packages/airflow/example_dags/example_branch_datetime_operator.py
[2025-02-28T22:59:47.089+0200] {processor.py:925} INFO - DAG(s) 'example_branch_datetime_operator', 'example_branch_datetime_operator_3', 'example_branch_datetime_operator_2' retrieved from /Users/nampham/.pyenv/versions/3.12.9/lib/python3.12/site-packages/airflow/example_dags/example_branch_datetime_operator.py
[2025-02-28T22:59:47.147+0200] {logging_mixin.py:190} INFO - [2025-02-28T22:59:47.147+0200] {dag.py:3239} INFO - Sync 3 DAGs
[2025-02-28T22:59:47.154+0200] {logging_mixin.py:190} INFO - [2025-02-28T22:59:47.154+0200] {dag.py:4180} INFO - Setting next_dagrun for example_branch_datetime_operator to 2025-02-27 00:00:00+00:00, run_after=2025-02-28 00:00:00+00:00
[2025-02-28T22:59:47.155+0200] {logging_mixin.py:190} INFO - [2025-02-28T22:59:47.155+0200] {dag.py:4180} INFO - Setting next_dagrun for example_branch_datetime_operator_2 to 2025-02-27 00:00:00+00:00, run_after=2025-02-28 00:00:00+00:00
[2025-02-28T22:59:47.156+0200] {logging_mixin.py:190} INFO - [2025-02-28T22:59:47.156+0200] {dag.py:4180} INFO - Setting next_dagrun for example_branch_datetime_operator_3 to 2025-02-27 00:00:00+00:00, run_after=2025-02-28 00:00:00+00:00
[2025-02-28T22:59:47.162+0200] {processor.py:208} INFO - Processing /Users/nampham/.pyenv/versions/3.12.9/lib/python3.12/site-packages/airflow/example_dags/example_branch_datetime_operator.py took 0.080 seconds
