[2025-02-28T18:25:48.950+0200] {processor.py:186} INFO - Started process (PID=93413) to work on /Users/nampham/.pyenv/versions/3.12.9/lib/python3.12/site-packages/airflow/example_dags/example_complex.py
[2025-02-28T18:25:48.950+0200] {processor.py:914} INFO - Processing file /Users/nampham/.pyenv/versions/3.12.9/lib/python3.12/site-packages/airflow/example_dags/example_complex.py for tasks to queue
[2025-02-28T18:25:48.951+0200] {logging_mixin.py:190} INFO - [2025-02-28T18:25:48.950+0200] {dagbag.py:588} INFO - Filling up the DagBag from /Users/nampham/.pyenv/versions/3.12.9/lib/python3.12/site-packages/airflow/example_dags/example_complex.py
[2025-02-28T18:25:48.957+0200] {processor.py:925} INFO - DAG(s) 'example_complex' retrieved from /Users/nampham/.pyenv/versions/3.12.9/lib/python3.12/site-packages/airflow/example_dags/example_complex.py
[2025-02-28T18:25:49.051+0200] {logging_mixin.py:190} INFO - [2025-02-28T18:25:49.051+0200] {override.py:1930} INFO - Created Permission View: can delete on DAG:example_complex
[2025-02-28T18:25:49.054+0200] {logging_mixin.py:190} INFO - [2025-02-28T18:25:49.054+0200] {override.py:1930} INFO - Created Permission View: can read on DAG:example_complex
[2025-02-28T18:25:49.056+0200] {logging_mixin.py:190} INFO - [2025-02-28T18:25:49.056+0200] {override.py:1930} INFO - Created Permission View: can edit on DAG:example_complex
[2025-02-28T18:25:49.058+0200] {logging_mixin.py:190} INFO - [2025-02-28T18:25:49.058+0200] {override.py:1930} INFO - Created Permission View: menu access on DAG Run:example_complex
[2025-02-28T18:25:49.060+0200] {logging_mixin.py:190} INFO - [2025-02-28T18:25:49.060+0200] {override.py:1930} INFO - Created Permission View: can create on DAG Run:example_complex
[2025-02-28T18:25:49.062+0200] {logging_mixin.py:190} INFO - [2025-02-28T18:25:49.061+0200] {override.py:1930} INFO - Created Permission View: can read on DAG Run:example_complex
[2025-02-28T18:25:49.063+0200] {logging_mixin.py:190} INFO - [2025-02-28T18:25:49.063+0200] {override.py:1930} INFO - Created Permission View: can delete on DAG Run:example_complex
[2025-02-28T18:25:49.063+0200] {logging_mixin.py:190} INFO - [2025-02-28T18:25:49.063+0200] {dag.py:3239} INFO - Sync 1 DAGs
[2025-02-28T18:25:49.067+0200] {logging_mixin.py:190} INFO - [2025-02-28T18:25:49.067+0200] {dag.py:3262} INFO - Creating ORM DAG for example_complex
[2025-02-28T18:25:49.067+0200] {logging_mixin.py:190} INFO - [2025-02-28T18:25:49.067+0200] {dag.py:4180} INFO - Setting next_dagrun for example_complex to None, run_after=None
[2025-02-28T18:25:49.073+0200] {processor.py:208} INFO - Processing /Users/nampham/.pyenv/versions/3.12.9/lib/python3.12/site-packages/airflow/example_dags/example_complex.py took 0.125 seconds
[2025-02-28T18:28:27.382+0200] {processor.py:186} INFO - Started process (PID=94061) to work on /Users/nampham/.pyenv/versions/3.12.9/lib/python3.12/site-packages/airflow/example_dags/example_complex.py
[2025-02-28T18:28:27.382+0200] {processor.py:914} INFO - Processing file /Users/nampham/.pyenv/versions/3.12.9/lib/python3.12/site-packages/airflow/example_dags/example_complex.py for tasks to queue
[2025-02-28T18:28:27.383+0200] {logging_mixin.py:190} INFO - [2025-02-28T18:28:27.383+0200] {dagbag.py:588} INFO - Filling up the DagBag from /Users/nampham/.pyenv/versions/3.12.9/lib/python3.12/site-packages/airflow/example_dags/example_complex.py
[2025-02-28T18:28:27.388+0200] {processor.py:925} INFO - DAG(s) 'example_complex' retrieved from /Users/nampham/.pyenv/versions/3.12.9/lib/python3.12/site-packages/airflow/example_dags/example_complex.py
[2025-02-28T18:28:27.450+0200] {logging_mixin.py:190} INFO - [2025-02-28T18:28:27.450+0200] {dag.py:3239} INFO - Sync 1 DAGs
[2025-02-28T18:28:27.455+0200] {logging_mixin.py:190} INFO - [2025-02-28T18:28:27.455+0200] {dag.py:4180} INFO - Setting next_dagrun for example_complex to None, run_after=None
[2025-02-28T18:28:27.461+0200] {processor.py:208} INFO - Processing /Users/nampham/.pyenv/versions/3.12.9/lib/python3.12/site-packages/airflow/example_dags/example_complex.py took 0.081 seconds
[2025-02-28T20:13:50.916+0200] {processor.py:186} INFO - Started process (PID=98123) to work on /Users/nampham/.pyenv/versions/3.12.9/lib/python3.12/site-packages/airflow/example_dags/example_complex.py
[2025-02-28T20:13:50.917+0200] {processor.py:914} INFO - Processing file /Users/nampham/.pyenv/versions/3.12.9/lib/python3.12/site-packages/airflow/example_dags/example_complex.py for tasks to queue
[2025-02-28T20:13:50.917+0200] {logging_mixin.py:190} INFO - [2025-02-28T20:13:50.917+0200] {dagbag.py:588} INFO - Filling up the DagBag from /Users/nampham/.pyenv/versions/3.12.9/lib/python3.12/site-packages/airflow/example_dags/example_complex.py
[2025-02-28T20:13:50.923+0200] {processor.py:925} INFO - DAG(s) 'example_complex' retrieved from /Users/nampham/.pyenv/versions/3.12.9/lib/python3.12/site-packages/airflow/example_dags/example_complex.py
[2025-02-28T20:13:51.015+0200] {logging_mixin.py:190} INFO - [2025-02-28T20:13:51.015+0200] {dag.py:3239} INFO - Sync 1 DAGs
[2025-02-28T20:13:51.019+0200] {logging_mixin.py:190} INFO - [2025-02-28T20:13:51.019+0200] {dag.py:4180} INFO - Setting next_dagrun for example_complex to None, run_after=None
[2025-02-28T20:13:51.026+0200] {processor.py:208} INFO - Processing /Users/nampham/.pyenv/versions/3.12.9/lib/python3.12/site-packages/airflow/example_dags/example_complex.py took 0.111 seconds
[2025-02-28T20:16:28.631+0200] {processor.py:186} INFO - Started process (PID=98720) to work on /Users/nampham/.pyenv/versions/3.12.9/lib/python3.12/site-packages/airflow/example_dags/example_complex.py
[2025-02-28T20:16:28.632+0200] {processor.py:914} INFO - Processing file /Users/nampham/.pyenv/versions/3.12.9/lib/python3.12/site-packages/airflow/example_dags/example_complex.py for tasks to queue
[2025-02-28T20:16:28.632+0200] {logging_mixin.py:190} INFO - [2025-02-28T20:16:28.632+0200] {dagbag.py:588} INFO - Filling up the DagBag from /Users/nampham/.pyenv/versions/3.12.9/lib/python3.12/site-packages/airflow/example_dags/example_complex.py
[2025-02-28T20:16:28.637+0200] {processor.py:925} INFO - DAG(s) 'example_complex' retrieved from /Users/nampham/.pyenv/versions/3.12.9/lib/python3.12/site-packages/airflow/example_dags/example_complex.py
[2025-02-28T20:16:28.698+0200] {logging_mixin.py:190} INFO - [2025-02-28T20:16:28.698+0200] {dag.py:3239} INFO - Sync 1 DAGs
[2025-02-28T20:16:28.702+0200] {logging_mixin.py:190} INFO - [2025-02-28T20:16:28.702+0200] {dag.py:4180} INFO - Setting next_dagrun for example_complex to None, run_after=None
[2025-02-28T20:16:28.708+0200] {processor.py:208} INFO - Processing /Users/nampham/.pyenv/versions/3.12.9/lib/python3.12/site-packages/airflow/example_dags/example_complex.py took 0.078 seconds
[2025-02-28T20:19:31.848+0200] {processor.py:186} INFO - Started process (PID=99485) to work on /Users/nampham/.pyenv/versions/3.12.9/lib/python3.12/site-packages/airflow/example_dags/example_complex.py
[2025-02-28T20:19:31.849+0200] {processor.py:914} INFO - Processing file /Users/nampham/.pyenv/versions/3.12.9/lib/python3.12/site-packages/airflow/example_dags/example_complex.py for tasks to queue
[2025-02-28T20:19:31.850+0200] {logging_mixin.py:190} INFO - [2025-02-28T20:19:31.849+0200] {dagbag.py:588} INFO - Filling up the DagBag from /Users/nampham/.pyenv/versions/3.12.9/lib/python3.12/site-packages/airflow/example_dags/example_complex.py
[2025-02-28T20:19:31.855+0200] {processor.py:925} INFO - DAG(s) 'example_complex' retrieved from /Users/nampham/.pyenv/versions/3.12.9/lib/python3.12/site-packages/airflow/example_dags/example_complex.py
[2025-02-28T20:19:31.916+0200] {logging_mixin.py:190} INFO - [2025-02-28T20:19:31.916+0200] {dag.py:3239} INFO - Sync 1 DAGs
[2025-02-28T20:19:31.920+0200] {logging_mixin.py:190} INFO - [2025-02-28T20:19:31.920+0200] {dag.py:4180} INFO - Setting next_dagrun for example_complex to None, run_after=None
[2025-02-28T20:19:31.926+0200] {processor.py:208} INFO - Processing /Users/nampham/.pyenv/versions/3.12.9/lib/python3.12/site-packages/airflow/example_dags/example_complex.py took 0.080 seconds
[2025-02-28T20:22:09.544+0200] {processor.py:186} INFO - Started process (PID=201) to work on /Users/nampham/.pyenv/versions/3.12.9/lib/python3.12/site-packages/airflow/example_dags/example_complex.py
[2025-02-28T20:22:09.545+0200] {processor.py:914} INFO - Processing file /Users/nampham/.pyenv/versions/3.12.9/lib/python3.12/site-packages/airflow/example_dags/example_complex.py for tasks to queue
[2025-02-28T20:22:09.546+0200] {logging_mixin.py:190} INFO - [2025-02-28T20:22:09.546+0200] {dagbag.py:588} INFO - Filling up the DagBag from /Users/nampham/.pyenv/versions/3.12.9/lib/python3.12/site-packages/airflow/example_dags/example_complex.py
[2025-02-28T20:22:09.551+0200] {processor.py:925} INFO - DAG(s) 'example_complex' retrieved from /Users/nampham/.pyenv/versions/3.12.9/lib/python3.12/site-packages/airflow/example_dags/example_complex.py
[2025-02-28T20:22:09.613+0200] {logging_mixin.py:190} INFO - [2025-02-28T20:22:09.612+0200] {dag.py:3239} INFO - Sync 1 DAGs
[2025-02-28T20:22:09.617+0200] {logging_mixin.py:190} INFO - [2025-02-28T20:22:09.617+0200] {dag.py:4180} INFO - Setting next_dagrun for example_complex to None, run_after=None
[2025-02-28T20:22:09.623+0200] {processor.py:208} INFO - Processing /Users/nampham/.pyenv/versions/3.12.9/lib/python3.12/site-packages/airflow/example_dags/example_complex.py took 0.080 seconds
[2025-02-28T21:28:43.357+0200] {processor.py:186} INFO - Started process (PID=5717) to work on /Users/nampham/.pyenv/versions/3.12.9/lib/python3.12/site-packages/airflow/example_dags/example_complex.py
[2025-02-28T21:28:43.359+0200] {processor.py:914} INFO - Processing file /Users/nampham/.pyenv/versions/3.12.9/lib/python3.12/site-packages/airflow/example_dags/example_complex.py for tasks to queue
[2025-02-28T21:28:43.359+0200] {logging_mixin.py:190} INFO - [2025-02-28T21:28:43.359+0200] {dagbag.py:588} INFO - Filling up the DagBag from /Users/nampham/.pyenv/versions/3.12.9/lib/python3.12/site-packages/airflow/example_dags/example_complex.py
[2025-02-28T21:28:43.365+0200] {processor.py:925} INFO - DAG(s) 'example_complex' retrieved from /Users/nampham/.pyenv/versions/3.12.9/lib/python3.12/site-packages/airflow/example_dags/example_complex.py
[2025-02-28T21:28:43.426+0200] {logging_mixin.py:190} INFO - [2025-02-28T21:28:43.426+0200] {dag.py:3239} INFO - Sync 1 DAGs
[2025-02-28T21:28:43.431+0200] {logging_mixin.py:190} INFO - [2025-02-28T21:28:43.430+0200] {dag.py:4180} INFO - Setting next_dagrun for example_complex to None, run_after=None
[2025-02-28T21:28:43.437+0200] {processor.py:208} INFO - Processing /Users/nampham/.pyenv/versions/3.12.9/lib/python3.12/site-packages/airflow/example_dags/example_complex.py took 0.081 seconds
[2025-02-28T21:31:29.339+0200] {processor.py:186} INFO - Started process (PID=6365) to work on /Users/nampham/.pyenv/versions/3.12.9/lib/python3.12/site-packages/airflow/example_dags/example_complex.py
[2025-02-28T21:31:29.341+0200] {processor.py:914} INFO - Processing file /Users/nampham/.pyenv/versions/3.12.9/lib/python3.12/site-packages/airflow/example_dags/example_complex.py for tasks to queue
[2025-02-28T21:31:29.342+0200] {logging_mixin.py:190} INFO - [2025-02-28T21:31:29.342+0200] {dagbag.py:588} INFO - Filling up the DagBag from /Users/nampham/.pyenv/versions/3.12.9/lib/python3.12/site-packages/airflow/example_dags/example_complex.py
[2025-02-28T21:31:29.347+0200] {processor.py:925} INFO - DAG(s) 'example_complex' retrieved from /Users/nampham/.pyenv/versions/3.12.9/lib/python3.12/site-packages/airflow/example_dags/example_complex.py
[2025-02-28T21:31:29.413+0200] {logging_mixin.py:190} INFO - [2025-02-28T21:31:29.413+0200] {dag.py:3239} INFO - Sync 1 DAGs
[2025-02-28T21:31:29.417+0200] {logging_mixin.py:190} INFO - [2025-02-28T21:31:29.417+0200] {dag.py:4180} INFO - Setting next_dagrun for example_complex to None, run_after=None
[2025-02-28T21:31:29.423+0200] {processor.py:208} INFO - Processing /Users/nampham/.pyenv/versions/3.12.9/lib/python3.12/site-packages/airflow/example_dags/example_complex.py took 0.086 seconds
[2025-02-28T21:34:06.126+0200] {processor.py:186} INFO - Started process (PID=7186) to work on /Users/nampham/.pyenv/versions/3.12.9/lib/python3.12/site-packages/airflow/example_dags/example_complex.py
[2025-02-28T21:34:06.127+0200] {processor.py:914} INFO - Processing file /Users/nampham/.pyenv/versions/3.12.9/lib/python3.12/site-packages/airflow/example_dags/example_complex.py for tasks to queue
[2025-02-28T21:34:06.128+0200] {logging_mixin.py:190} INFO - [2025-02-28T21:34:06.128+0200] {dagbag.py:588} INFO - Filling up the DagBag from /Users/nampham/.pyenv/versions/3.12.9/lib/python3.12/site-packages/airflow/example_dags/example_complex.py
[2025-02-28T21:34:06.133+0200] {processor.py:925} INFO - DAG(s) 'example_complex' retrieved from /Users/nampham/.pyenv/versions/3.12.9/lib/python3.12/site-packages/airflow/example_dags/example_complex.py
[2025-02-28T21:34:06.200+0200] {logging_mixin.py:190} INFO - [2025-02-28T21:34:06.199+0200] {dag.py:3239} INFO - Sync 1 DAGs
[2025-02-28T21:34:06.204+0200] {logging_mixin.py:190} INFO - [2025-02-28T21:34:06.204+0200] {dag.py:4180} INFO - Setting next_dagrun for example_complex to None, run_after=None
[2025-02-28T21:34:06.210+0200] {processor.py:208} INFO - Processing /Users/nampham/.pyenv/versions/3.12.9/lib/python3.12/site-packages/airflow/example_dags/example_complex.py took 0.085 seconds
[2025-02-28T21:37:55.226+0200] {processor.py:186} INFO - Started process (PID=8098) to work on /Users/nampham/.pyenv/versions/3.12.9/lib/python3.12/site-packages/airflow/example_dags/example_complex.py
[2025-02-28T21:37:55.227+0200] {processor.py:914} INFO - Processing file /Users/nampham/.pyenv/versions/3.12.9/lib/python3.12/site-packages/airflow/example_dags/example_complex.py for tasks to queue
[2025-02-28T21:37:55.228+0200] {logging_mixin.py:190} INFO - [2025-02-28T21:37:55.228+0200] {dagbag.py:588} INFO - Filling up the DagBag from /Users/nampham/.pyenv/versions/3.12.9/lib/python3.12/site-packages/airflow/example_dags/example_complex.py
[2025-02-28T21:37:55.233+0200] {processor.py:925} INFO - DAG(s) 'example_complex' retrieved from /Users/nampham/.pyenv/versions/3.12.9/lib/python3.12/site-packages/airflow/example_dags/example_complex.py
[2025-02-28T21:37:55.325+0200] {logging_mixin.py:190} INFO - [2025-02-28T21:37:55.325+0200] {override.py:1930} INFO - Created Permission View: can edit on DAG:example_complex
[2025-02-28T21:37:55.328+0200] {logging_mixin.py:190} INFO - [2025-02-28T21:37:55.328+0200] {override.py:1930} INFO - Created Permission View: can delete on DAG:example_complex
[2025-02-28T21:37:55.330+0200] {logging_mixin.py:190} INFO - [2025-02-28T21:37:55.330+0200] {override.py:1930} INFO - Created Permission View: can read on DAG:example_complex
[2025-02-28T21:37:55.332+0200] {logging_mixin.py:190} INFO - [2025-02-28T21:37:55.332+0200] {override.py:1930} INFO - Created Permission View: can delete on DAG Run:example_complex
[2025-02-28T21:37:55.334+0200] {logging_mixin.py:190} INFO - [2025-02-28T21:37:55.334+0200] {override.py:1930} INFO - Created Permission View: can create on DAG Run:example_complex
[2025-02-28T21:37:55.336+0200] {logging_mixin.py:190} INFO - [2025-02-28T21:37:55.336+0200] {override.py:1930} INFO - Created Permission View: menu access on DAG Run:example_complex
[2025-02-28T21:37:55.338+0200] {logging_mixin.py:190} INFO - [2025-02-28T21:37:55.338+0200] {override.py:1930} INFO - Created Permission View: can read on DAG Run:example_complex
[2025-02-28T21:37:55.338+0200] {logging_mixin.py:190} INFO - [2025-02-28T21:37:55.338+0200] {dag.py:3239} INFO - Sync 1 DAGs
[2025-02-28T21:37:55.342+0200] {logging_mixin.py:190} INFO - [2025-02-28T21:37:55.342+0200] {dag.py:3262} INFO - Creating ORM DAG for example_complex
[2025-02-28T21:37:55.342+0200] {logging_mixin.py:190} INFO - [2025-02-28T21:37:55.342+0200] {dag.py:4180} INFO - Setting next_dagrun for example_complex to None, run_after=None
[2025-02-28T21:37:55.348+0200] {processor.py:208} INFO - Processing /Users/nampham/.pyenv/versions/3.12.9/lib/python3.12/site-packages/airflow/example_dags/example_complex.py took 0.123 seconds
[2025-02-28T21:40:30.703+0200] {processor.py:186} INFO - Started process (PID=8685) to work on /Users/nampham/.pyenv/versions/3.12.9/lib/python3.12/site-packages/airflow/example_dags/example_complex.py
[2025-02-28T21:40:30.705+0200] {processor.py:914} INFO - Processing file /Users/nampham/.pyenv/versions/3.12.9/lib/python3.12/site-packages/airflow/example_dags/example_complex.py for tasks to queue
[2025-02-28T21:40:30.705+0200] {logging_mixin.py:190} INFO - [2025-02-28T21:40:30.705+0200] {dagbag.py:588} INFO - Filling up the DagBag from /Users/nampham/.pyenv/versions/3.12.9/lib/python3.12/site-packages/airflow/example_dags/example_complex.py
[2025-02-28T21:40:30.710+0200] {processor.py:925} INFO - DAG(s) 'example_complex' retrieved from /Users/nampham/.pyenv/versions/3.12.9/lib/python3.12/site-packages/airflow/example_dags/example_complex.py
[2025-02-28T21:40:30.778+0200] {logging_mixin.py:190} INFO - [2025-02-28T21:40:30.778+0200] {dag.py:3239} INFO - Sync 1 DAGs
[2025-02-28T21:40:30.783+0200] {logging_mixin.py:190} INFO - [2025-02-28T21:40:30.783+0200] {dag.py:4180} INFO - Setting next_dagrun for example_complex to None, run_after=None
[2025-02-28T21:40:30.793+0200] {processor.py:208} INFO - Processing /Users/nampham/.pyenv/versions/3.12.9/lib/python3.12/site-packages/airflow/example_dags/example_complex.py took 0.091 seconds
[2025-02-28T22:28:46.551+0200] {processor.py:186} INFO - Started process (PID=18304) to work on /Users/nampham/.pyenv/versions/3.12.9/lib/python3.12/site-packages/airflow/example_dags/example_complex.py
[2025-02-28T22:28:46.552+0200] {processor.py:914} INFO - Processing file /Users/nampham/.pyenv/versions/3.12.9/lib/python3.12/site-packages/airflow/example_dags/example_complex.py for tasks to queue
[2025-02-28T22:28:46.552+0200] {logging_mixin.py:190} INFO - [2025-02-28T22:28:46.552+0200] {dagbag.py:588} INFO - Filling up the DagBag from /Users/nampham/.pyenv/versions/3.12.9/lib/python3.12/site-packages/airflow/example_dags/example_complex.py
[2025-02-28T22:28:46.557+0200] {processor.py:925} INFO - DAG(s) 'example_complex' retrieved from /Users/nampham/.pyenv/versions/3.12.9/lib/python3.12/site-packages/airflow/example_dags/example_complex.py
[2025-02-28T22:28:46.650+0200] {logging_mixin.py:190} INFO - [2025-02-28T22:28:46.650+0200] {override.py:1930} INFO - Created Permission View: can edit on DAG:example_complex
[2025-02-28T22:28:46.653+0200] {logging_mixin.py:190} INFO - [2025-02-28T22:28:46.653+0200] {override.py:1930} INFO - Created Permission View: can delete on DAG:example_complex
[2025-02-28T22:28:46.655+0200] {logging_mixin.py:190} INFO - [2025-02-28T22:28:46.655+0200] {override.py:1930} INFO - Created Permission View: can read on DAG:example_complex
[2025-02-28T22:28:46.657+0200] {logging_mixin.py:190} INFO - [2025-02-28T22:28:46.657+0200] {override.py:1930} INFO - Created Permission View: menu access on DAG Run:example_complex
[2025-02-28T22:28:46.659+0200] {logging_mixin.py:190} INFO - [2025-02-28T22:28:46.659+0200] {override.py:1930} INFO - Created Permission View: can delete on DAG Run:example_complex
[2025-02-28T22:28:46.661+0200] {logging_mixin.py:190} INFO - [2025-02-28T22:28:46.661+0200] {override.py:1930} INFO - Created Permission View: can create on DAG Run:example_complex
[2025-02-28T22:28:46.663+0200] {logging_mixin.py:190} INFO - [2025-02-28T22:28:46.663+0200] {override.py:1930} INFO - Created Permission View: can read on DAG Run:example_complex
[2025-02-28T22:28:46.663+0200] {logging_mixin.py:190} INFO - [2025-02-28T22:28:46.663+0200] {dag.py:3239} INFO - Sync 1 DAGs
[2025-02-28T22:28:46.667+0200] {logging_mixin.py:190} INFO - [2025-02-28T22:28:46.666+0200] {dag.py:3262} INFO - Creating ORM DAG for example_complex
[2025-02-28T22:28:46.667+0200] {logging_mixin.py:190} INFO - [2025-02-28T22:28:46.667+0200] {dag.py:4180} INFO - Setting next_dagrun for example_complex to None, run_after=None
[2025-02-28T22:28:46.672+0200] {processor.py:208} INFO - Processing /Users/nampham/.pyenv/versions/3.12.9/lib/python3.12/site-packages/airflow/example_dags/example_complex.py took 0.123 seconds
[2025-02-28T22:36:51.047+0200] {processor.py:186} INFO - Started process (PID=19976) to work on /Users/nampham/.pyenv/versions/3.12.9/lib/python3.12/site-packages/airflow/example_dags/example_complex.py
[2025-02-28T22:36:51.048+0200] {processor.py:914} INFO - Processing file /Users/nampham/.pyenv/versions/3.12.9/lib/python3.12/site-packages/airflow/example_dags/example_complex.py for tasks to queue
[2025-02-28T22:36:51.049+0200] {logging_mixin.py:190} INFO - [2025-02-28T22:36:51.049+0200] {dagbag.py:588} INFO - Filling up the DagBag from /Users/nampham/.pyenv/versions/3.12.9/lib/python3.12/site-packages/airflow/example_dags/example_complex.py
[2025-02-28T22:36:51.054+0200] {processor.py:925} INFO - DAG(s) 'example_complex' retrieved from /Users/nampham/.pyenv/versions/3.12.9/lib/python3.12/site-packages/airflow/example_dags/example_complex.py
[2025-02-28T22:36:51.146+0200] {logging_mixin.py:190} INFO - [2025-02-28T22:36:51.146+0200] {override.py:1930} INFO - Created Permission View: can edit on DAG:example_complex
[2025-02-28T22:36:51.148+0200] {logging_mixin.py:190} INFO - [2025-02-28T22:36:51.148+0200] {override.py:1930} INFO - Created Permission View: can read on DAG:example_complex
[2025-02-28T22:36:51.150+0200] {logging_mixin.py:190} INFO - [2025-02-28T22:36:51.150+0200] {override.py:1930} INFO - Created Permission View: can delete on DAG:example_complex
[2025-02-28T22:36:51.153+0200] {logging_mixin.py:190} INFO - [2025-02-28T22:36:51.153+0200] {override.py:1930} INFO - Created Permission View: can create on DAG Run:example_complex
[2025-02-28T22:36:51.155+0200] {logging_mixin.py:190} INFO - [2025-02-28T22:36:51.154+0200] {override.py:1930} INFO - Created Permission View: menu access on DAG Run:example_complex
[2025-02-28T22:36:51.156+0200] {logging_mixin.py:190} INFO - [2025-02-28T22:36:51.156+0200] {override.py:1930} INFO - Created Permission View: can read on DAG Run:example_complex
[2025-02-28T22:36:51.158+0200] {logging_mixin.py:190} INFO - [2025-02-28T22:36:51.158+0200] {override.py:1930} INFO - Created Permission View: can delete on DAG Run:example_complex
[2025-02-28T22:36:51.158+0200] {logging_mixin.py:190} INFO - [2025-02-28T22:36:51.158+0200] {dag.py:3239} INFO - Sync 1 DAGs
[2025-02-28T22:36:51.162+0200] {logging_mixin.py:190} INFO - [2025-02-28T22:36:51.162+0200] {dag.py:3262} INFO - Creating ORM DAG for example_complex
[2025-02-28T22:36:51.162+0200] {logging_mixin.py:190} INFO - [2025-02-28T22:36:51.162+0200] {dag.py:4180} INFO - Setting next_dagrun for example_complex to None, run_after=None
[2025-02-28T22:36:51.167+0200] {processor.py:208} INFO - Processing /Users/nampham/.pyenv/versions/3.12.9/lib/python3.12/site-packages/airflow/example_dags/example_complex.py took 0.121 seconds
[2025-02-28T22:39:46.601+0200] {processor.py:186} INFO - Started process (PID=20573) to work on /Users/nampham/.pyenv/versions/3.12.9/lib/python3.12/site-packages/airflow/example_dags/example_complex.py
[2025-02-28T22:39:46.602+0200] {processor.py:914} INFO - Processing file /Users/nampham/.pyenv/versions/3.12.9/lib/python3.12/site-packages/airflow/example_dags/example_complex.py for tasks to queue
[2025-02-28T22:39:46.603+0200] {logging_mixin.py:190} INFO - [2025-02-28T22:39:46.603+0200] {dagbag.py:588} INFO - Filling up the DagBag from /Users/nampham/.pyenv/versions/3.12.9/lib/python3.12/site-packages/airflow/example_dags/example_complex.py
[2025-02-28T22:39:46.608+0200] {processor.py:925} INFO - DAG(s) 'example_complex' retrieved from /Users/nampham/.pyenv/versions/3.12.9/lib/python3.12/site-packages/airflow/example_dags/example_complex.py
[2025-02-28T22:39:46.669+0200] {logging_mixin.py:190} INFO - [2025-02-28T22:39:46.669+0200] {dag.py:3239} INFO - Sync 1 DAGs
[2025-02-28T22:39:46.673+0200] {logging_mixin.py:190} INFO - [2025-02-28T22:39:46.673+0200] {dag.py:4180} INFO - Setting next_dagrun for example_complex to None, run_after=None
[2025-02-28T22:39:46.679+0200] {processor.py:208} INFO - Processing /Users/nampham/.pyenv/versions/3.12.9/lib/python3.12/site-packages/airflow/example_dags/example_complex.py took 0.080 seconds
[2025-02-28T22:42:33.280+0200] {processor.py:186} INFO - Started process (PID=21127) to work on /Users/nampham/.pyenv/versions/3.12.9/lib/python3.12/site-packages/airflow/example_dags/example_complex.py
[2025-02-28T22:42:33.281+0200] {processor.py:914} INFO - Processing file /Users/nampham/.pyenv/versions/3.12.9/lib/python3.12/site-packages/airflow/example_dags/example_complex.py for tasks to queue
[2025-02-28T22:42:33.281+0200] {logging_mixin.py:190} INFO - [2025-02-28T22:42:33.281+0200] {dagbag.py:588} INFO - Filling up the DagBag from /Users/nampham/.pyenv/versions/3.12.9/lib/python3.12/site-packages/airflow/example_dags/example_complex.py
[2025-02-28T22:42:33.286+0200] {processor.py:925} INFO - DAG(s) 'example_complex' retrieved from /Users/nampham/.pyenv/versions/3.12.9/lib/python3.12/site-packages/airflow/example_dags/example_complex.py
[2025-02-28T22:42:33.347+0200] {logging_mixin.py:190} INFO - [2025-02-28T22:42:33.347+0200] {dag.py:3239} INFO - Sync 1 DAGs
[2025-02-28T22:42:33.351+0200] {logging_mixin.py:190} INFO - [2025-02-28T22:42:33.351+0200] {dag.py:4180} INFO - Setting next_dagrun for example_complex to None, run_after=None
[2025-02-28T22:42:33.357+0200] {processor.py:208} INFO - Processing /Users/nampham/.pyenv/versions/3.12.9/lib/python3.12/site-packages/airflow/example_dags/example_complex.py took 0.079 seconds
[2025-02-28T22:45:34.339+0200] {processor.py:186} INFO - Started process (PID=21782) to work on /Users/nampham/.pyenv/versions/3.12.9/lib/python3.12/site-packages/airflow/example_dags/example_complex.py
[2025-02-28T22:45:34.340+0200] {processor.py:914} INFO - Processing file /Users/nampham/.pyenv/versions/3.12.9/lib/python3.12/site-packages/airflow/example_dags/example_complex.py for tasks to queue
[2025-02-28T22:45:34.340+0200] {logging_mixin.py:190} INFO - [2025-02-28T22:45:34.340+0200] {dagbag.py:588} INFO - Filling up the DagBag from /Users/nampham/.pyenv/versions/3.12.9/lib/python3.12/site-packages/airflow/example_dags/example_complex.py
[2025-02-28T22:45:34.345+0200] {processor.py:925} INFO - DAG(s) 'example_complex' retrieved from /Users/nampham/.pyenv/versions/3.12.9/lib/python3.12/site-packages/airflow/example_dags/example_complex.py
[2025-02-28T22:45:34.406+0200] {logging_mixin.py:190} INFO - [2025-02-28T22:45:34.406+0200] {dag.py:3239} INFO - Sync 1 DAGs
[2025-02-28T22:45:34.411+0200] {logging_mixin.py:190} INFO - [2025-02-28T22:45:34.410+0200] {dag.py:4180} INFO - Setting next_dagrun for example_complex to None, run_after=None
[2025-02-28T22:45:34.417+0200] {processor.py:208} INFO - Processing /Users/nampham/.pyenv/versions/3.12.9/lib/python3.12/site-packages/airflow/example_dags/example_complex.py took 0.080 seconds
[2025-02-28T22:48:49.469+0200] {processor.py:186} INFO - Started process (PID=22345) to work on /Users/nampham/.pyenv/versions/3.12.9/lib/python3.12/site-packages/airflow/example_dags/example_complex.py
[2025-02-28T22:48:49.470+0200] {processor.py:914} INFO - Processing file /Users/nampham/.pyenv/versions/3.12.9/lib/python3.12/site-packages/airflow/example_dags/example_complex.py for tasks to queue
[2025-02-28T22:48:49.471+0200] {logging_mixin.py:190} INFO - [2025-02-28T22:48:49.471+0200] {dagbag.py:588} INFO - Filling up the DagBag from /Users/nampham/.pyenv/versions/3.12.9/lib/python3.12/site-packages/airflow/example_dags/example_complex.py
[2025-02-28T22:48:49.476+0200] {processor.py:925} INFO - DAG(s) 'example_complex' retrieved from /Users/nampham/.pyenv/versions/3.12.9/lib/python3.12/site-packages/airflow/example_dags/example_complex.py
[2025-02-28T22:48:49.537+0200] {logging_mixin.py:190} INFO - [2025-02-28T22:48:49.537+0200] {dag.py:3239} INFO - Sync 1 DAGs
[2025-02-28T22:48:49.542+0200] {logging_mixin.py:190} INFO - [2025-02-28T22:48:49.541+0200] {dag.py:4180} INFO - Setting next_dagrun for example_complex to None, run_after=None
[2025-02-28T22:48:49.548+0200] {processor.py:208} INFO - Processing /Users/nampham/.pyenv/versions/3.12.9/lib/python3.12/site-packages/airflow/example_dags/example_complex.py took 0.080 seconds
[2025-02-28T22:57:02.674+0200] {processor.py:186} INFO - Started process (PID=23174) to work on /Users/nampham/.pyenv/versions/3.12.9/lib/python3.12/site-packages/airflow/example_dags/example_complex.py
[2025-02-28T22:57:02.676+0200] {processor.py:914} INFO - Processing file /Users/nampham/.pyenv/versions/3.12.9/lib/python3.12/site-packages/airflow/example_dags/example_complex.py for tasks to queue
[2025-02-28T22:57:02.676+0200] {logging_mixin.py:190} INFO - [2025-02-28T22:57:02.676+0200] {dagbag.py:588} INFO - Filling up the DagBag from /Users/nampham/.pyenv/versions/3.12.9/lib/python3.12/site-packages/airflow/example_dags/example_complex.py
[2025-02-28T22:57:02.681+0200] {processor.py:925} INFO - DAG(s) 'example_complex' retrieved from /Users/nampham/.pyenv/versions/3.12.9/lib/python3.12/site-packages/airflow/example_dags/example_complex.py
[2025-02-28T22:57:02.742+0200] {logging_mixin.py:190} INFO - [2025-02-28T22:57:02.742+0200] {dag.py:3239} INFO - Sync 1 DAGs
[2025-02-28T22:57:02.746+0200] {logging_mixin.py:190} INFO - [2025-02-28T22:57:02.746+0200] {dag.py:4180} INFO - Setting next_dagrun for example_complex to None, run_after=None
[2025-02-28T22:57:02.752+0200] {processor.py:208} INFO - Processing /Users/nampham/.pyenv/versions/3.12.9/lib/python3.12/site-packages/airflow/example_dags/example_complex.py took 0.079 seconds
[2025-02-28T22:59:36.592+0200] {processor.py:186} INFO - Started process (PID=23672) to work on /Users/nampham/.pyenv/versions/3.12.9/lib/python3.12/site-packages/airflow/example_dags/example_complex.py
[2025-02-28T22:59:36.593+0200] {processor.py:914} INFO - Processing file /Users/nampham/.pyenv/versions/3.12.9/lib/python3.12/site-packages/airflow/example_dags/example_complex.py for tasks to queue
[2025-02-28T22:59:36.593+0200] {logging_mixin.py:190} INFO - [2025-02-28T22:59:36.593+0200] {dagbag.py:588} INFO - Filling up the DagBag from /Users/nampham/.pyenv/versions/3.12.9/lib/python3.12/site-packages/airflow/example_dags/example_complex.py
[2025-02-28T22:59:36.599+0200] {processor.py:925} INFO - DAG(s) 'example_complex' retrieved from /Users/nampham/.pyenv/versions/3.12.9/lib/python3.12/site-packages/airflow/example_dags/example_complex.py
[2025-02-28T22:59:36.661+0200] {logging_mixin.py:190} INFO - [2025-02-28T22:59:36.661+0200] {dag.py:3239} INFO - Sync 1 DAGs
[2025-02-28T22:59:36.665+0200] {logging_mixin.py:190} INFO - [2025-02-28T22:59:36.665+0200] {dag.py:4180} INFO - Setting next_dagrun for example_complex to None, run_after=None
[2025-02-28T22:59:36.671+0200] {processor.py:208} INFO - Processing /Users/nampham/.pyenv/versions/3.12.9/lib/python3.12/site-packages/airflow/example_dags/example_complex.py took 0.080 seconds
