[2025-02-28T18:24:49.198+0200] {processor.py:186} INFO - Started process (PID=93159) to work on /Users/nampham/.pyenv/versions/3.12.9/lib/python3.12/site-packages/airflow/example_dags/example_task_group_decorator.py
[2025-02-28T18:24:49.199+0200] {processor.py:914} INFO - Processing file /Users/nampham/.pyenv/versions/3.12.9/lib/python3.12/site-packages/airflow/example_dags/example_task_group_decorator.py for tasks to queue
[2025-02-28T18:24:49.199+0200] {logging_mixin.py:190} INFO - [2025-02-28T18:24:49.199+0200] {dagbag.py:588} INFO - Filling up the DagBag from /Users/nampham/.pyenv/versions/3.12.9/lib/python3.12/site-packages/airflow/example_dags/example_task_group_decorator.py
[2025-02-28T18:24:49.240+0200] {processor.py:925} INFO - DAG(s) 'example_task_group_decorator' retrieved from /Users/nampham/.pyenv/versions/3.12.9/lib/python3.12/site-packages/airflow/example_dags/example_task_group_decorator.py
[2025-02-28T18:24:49.306+0200] {logging_mixin.py:190} INFO - [2025-02-28T18:24:49.306+0200] {override.py:1930} INFO - Created Permission View: can read on DAG:example_task_group_decorator
[2025-02-28T18:24:49.309+0200] {logging_mixin.py:190} INFO - [2025-02-28T18:24:49.309+0200] {override.py:1930} INFO - Created Permission View: can edit on DAG:example_task_group_decorator
[2025-02-28T18:24:49.311+0200] {logging_mixin.py:190} INFO - [2025-02-28T18:24:49.311+0200] {override.py:1930} INFO - Created Permission View: can delete on DAG:example_task_group_decorator
[2025-02-28T18:24:49.313+0200] {logging_mixin.py:190} INFO - [2025-02-28T18:24:49.313+0200] {override.py:1930} INFO - Created Permission View: can read on DAG Run:example_task_group_decorator
[2025-02-28T18:24:49.315+0200] {logging_mixin.py:190} INFO - [2025-02-28T18:24:49.315+0200] {override.py:1930} INFO - Created Permission View: menu access on DAG Run:example_task_group_decorator
[2025-02-28T18:24:49.316+0200] {logging_mixin.py:190} INFO - [2025-02-28T18:24:49.316+0200] {override.py:1930} INFO - Created Permission View: can delete on DAG Run:example_task_group_decorator
[2025-02-28T18:24:49.318+0200] {logging_mixin.py:190} INFO - [2025-02-28T18:24:49.318+0200] {override.py:1930} INFO - Created Permission View: can create on DAG Run:example_task_group_decorator
[2025-02-28T18:24:49.318+0200] {logging_mixin.py:190} INFO - [2025-02-28T18:24:49.318+0200] {dag.py:3239} INFO - Sync 1 DAGs
[2025-02-28T18:24:49.323+0200] {logging_mixin.py:190} INFO - [2025-02-28T18:24:49.323+0200] {dag.py:3262} INFO - Creating ORM DAG for example_task_group_decorator
[2025-02-28T18:24:49.323+0200] {logging_mixin.py:190} INFO - [2025-02-28T18:24:49.323+0200] {dag.py:4180} INFO - Setting next_dagrun for example_task_group_decorator to None, run_after=None
[2025-02-28T18:24:49.328+0200] {processor.py:208} INFO - Processing /Users/nampham/.pyenv/versions/3.12.9/lib/python3.12/site-packages/airflow/example_dags/example_task_group_decorator.py took 0.131 seconds
[2025-02-28T18:26:37.446+0200] {processor.py:186} INFO - Started process (PID=93616) to work on /Users/nampham/.pyenv/versions/3.12.9/lib/python3.12/site-packages/airflow/example_dags/example_task_group_decorator.py
[2025-02-28T18:26:37.447+0200] {processor.py:914} INFO - Processing file /Users/nampham/.pyenv/versions/3.12.9/lib/python3.12/site-packages/airflow/example_dags/example_task_group_decorator.py for tasks to queue
[2025-02-28T18:26:37.448+0200] {logging_mixin.py:190} INFO - [2025-02-28T18:26:37.448+0200] {dagbag.py:588} INFO - Filling up the DagBag from /Users/nampham/.pyenv/versions/3.12.9/lib/python3.12/site-packages/airflow/example_dags/example_task_group_decorator.py
[2025-02-28T18:26:37.492+0200] {processor.py:925} INFO - DAG(s) 'example_task_group_decorator' retrieved from /Users/nampham/.pyenv/versions/3.12.9/lib/python3.12/site-packages/airflow/example_dags/example_task_group_decorator.py
[2025-02-28T18:26:37.529+0200] {logging_mixin.py:190} INFO - [2025-02-28T18:26:37.529+0200] {dag.py:3239} INFO - Sync 1 DAGs
[2025-02-28T18:26:37.533+0200] {logging_mixin.py:190} INFO - [2025-02-28T18:26:37.533+0200] {dag.py:4180} INFO - Setting next_dagrun for example_task_group_decorator to None, run_after=None
[2025-02-28T18:26:37.540+0200] {processor.py:208} INFO - Processing /Users/nampham/.pyenv/versions/3.12.9/lib/python3.12/site-packages/airflow/example_dags/example_task_group_decorator.py took 0.095 seconds
[2025-02-28T18:27:57.736+0200] {processor.py:186} INFO - Started process (PID=93930) to work on /Users/nampham/.pyenv/versions/3.12.9/lib/python3.12/site-packages/airflow/example_dags/example_task_group_decorator.py
[2025-02-28T18:27:57.737+0200] {processor.py:914} INFO - Processing file /Users/nampham/.pyenv/versions/3.12.9/lib/python3.12/site-packages/airflow/example_dags/example_task_group_decorator.py for tasks to queue
[2025-02-28T18:27:57.737+0200] {logging_mixin.py:190} INFO - [2025-02-28T18:27:57.737+0200] {dagbag.py:588} INFO - Filling up the DagBag from /Users/nampham/.pyenv/versions/3.12.9/lib/python3.12/site-packages/airflow/example_dags/example_task_group_decorator.py
[2025-02-28T18:27:57.780+0200] {processor.py:925} INFO - DAG(s) 'example_task_group_decorator' retrieved from /Users/nampham/.pyenv/versions/3.12.9/lib/python3.12/site-packages/airflow/example_dags/example_task_group_decorator.py
[2025-02-28T18:27:57.818+0200] {logging_mixin.py:190} INFO - [2025-02-28T18:27:57.818+0200] {dag.py:3239} INFO - Sync 1 DAGs
[2025-02-28T18:27:57.821+0200] {logging_mixin.py:190} INFO - [2025-02-28T18:27:57.821+0200] {dag.py:4180} INFO - Setting next_dagrun for example_task_group_decorator to None, run_after=None
[2025-02-28T18:27:57.828+0200] {processor.py:208} INFO - Processing /Users/nampham/.pyenv/versions/3.12.9/lib/python3.12/site-packages/airflow/example_dags/example_task_group_decorator.py took 0.093 seconds
[2025-02-28T18:29:19.751+0200] {processor.py:186} INFO - Started process (PID=94271) to work on /Users/nampham/.pyenv/versions/3.12.9/lib/python3.12/site-packages/airflow/example_dags/example_task_group_decorator.py
[2025-02-28T18:29:19.752+0200] {processor.py:914} INFO - Processing file /Users/nampham/.pyenv/versions/3.12.9/lib/python3.12/site-packages/airflow/example_dags/example_task_group_decorator.py for tasks to queue
[2025-02-28T18:29:19.752+0200] {logging_mixin.py:190} INFO - [2025-02-28T18:29:19.752+0200] {dagbag.py:588} INFO - Filling up the DagBag from /Users/nampham/.pyenv/versions/3.12.9/lib/python3.12/site-packages/airflow/example_dags/example_task_group_decorator.py
[2025-02-28T18:29:19.804+0200] {processor.py:925} INFO - DAG(s) 'example_task_group_decorator' retrieved from /Users/nampham/.pyenv/versions/3.12.9/lib/python3.12/site-packages/airflow/example_dags/example_task_group_decorator.py
[2025-02-28T18:29:19.846+0200] {logging_mixin.py:190} INFO - [2025-02-28T18:29:19.846+0200] {dag.py:3239} INFO - Sync 1 DAGs
[2025-02-28T18:29:19.851+0200] {logging_mixin.py:190} INFO - [2025-02-28T18:29:19.851+0200] {dag.py:4180} INFO - Setting next_dagrun for example_task_group_decorator to None, run_after=None
[2025-02-28T18:29:19.858+0200] {processor.py:208} INFO - Processing /Users/nampham/.pyenv/versions/3.12.9/lib/python3.12/site-packages/airflow/example_dags/example_task_group_decorator.py took 0.108 seconds
[2025-02-28T20:11:03.649+0200] {processor.py:186} INFO - Started process (PID=97265) to work on /Users/nampham/.pyenv/versions/3.12.9/lib/python3.12/site-packages/airflow/example_dags/example_task_group_decorator.py
[2025-02-28T20:11:03.650+0200] {processor.py:914} INFO - Processing file /Users/nampham/.pyenv/versions/3.12.9/lib/python3.12/site-packages/airflow/example_dags/example_task_group_decorator.py for tasks to queue
[2025-02-28T20:11:03.651+0200] {logging_mixin.py:190} INFO - [2025-02-28T20:11:03.650+0200] {dagbag.py:588} INFO - Filling up the DagBag from /Users/nampham/.pyenv/versions/3.12.9/lib/python3.12/site-packages/airflow/example_dags/example_task_group_decorator.py
[2025-02-28T20:11:03.691+0200] {processor.py:925} INFO - DAG(s) 'example_task_group_decorator' retrieved from /Users/nampham/.pyenv/versions/3.12.9/lib/python3.12/site-packages/airflow/example_dags/example_task_group_decorator.py
[2025-02-28T20:11:03.758+0200] {logging_mixin.py:190} INFO - [2025-02-28T20:11:03.758+0200] {dag.py:3239} INFO - Sync 1 DAGs
[2025-02-28T20:11:03.762+0200] {logging_mixin.py:190} INFO - [2025-02-28T20:11:03.761+0200] {dag.py:4180} INFO - Setting next_dagrun for example_task_group_decorator to None, run_after=None
[2025-02-28T20:11:03.768+0200] {processor.py:208} INFO - Processing /Users/nampham/.pyenv/versions/3.12.9/lib/python3.12/site-packages/airflow/example_dags/example_task_group_decorator.py took 0.120 seconds
[2025-02-28T20:12:52.192+0200] {processor.py:186} INFO - Started process (PID=97872) to work on /Users/nampham/.pyenv/versions/3.12.9/lib/python3.12/site-packages/airflow/example_dags/example_task_group_decorator.py
[2025-02-28T20:12:52.193+0200] {processor.py:914} INFO - Processing file /Users/nampham/.pyenv/versions/3.12.9/lib/python3.12/site-packages/airflow/example_dags/example_task_group_decorator.py for tasks to queue
[2025-02-28T20:12:52.194+0200] {logging_mixin.py:190} INFO - [2025-02-28T20:12:52.194+0200] {dagbag.py:588} INFO - Filling up the DagBag from /Users/nampham/.pyenv/versions/3.12.9/lib/python3.12/site-packages/airflow/example_dags/example_task_group_decorator.py
[2025-02-28T20:12:52.241+0200] {processor.py:925} INFO - DAG(s) 'example_task_group_decorator' retrieved from /Users/nampham/.pyenv/versions/3.12.9/lib/python3.12/site-packages/airflow/example_dags/example_task_group_decorator.py
[2025-02-28T20:12:52.282+0200] {logging_mixin.py:190} INFO - [2025-02-28T20:12:52.281+0200] {dag.py:3239} INFO - Sync 1 DAGs
[2025-02-28T20:12:52.285+0200] {logging_mixin.py:190} INFO - [2025-02-28T20:12:52.285+0200] {dag.py:4180} INFO - Setting next_dagrun for example_task_group_decorator to None, run_after=None
[2025-02-28T20:12:52.292+0200] {processor.py:208} INFO - Processing /Users/nampham/.pyenv/versions/3.12.9/lib/python3.12/site-packages/airflow/example_dags/example_task_group_decorator.py took 0.101 seconds
[2025-02-28T20:14:41.651+0200] {processor.py:186} INFO - Started process (PID=98324) to work on /Users/nampham/.pyenv/versions/3.12.9/lib/python3.12/site-packages/airflow/example_dags/example_task_group_decorator.py
[2025-02-28T20:14:41.652+0200] {processor.py:914} INFO - Processing file /Users/nampham/.pyenv/versions/3.12.9/lib/python3.12/site-packages/airflow/example_dags/example_task_group_decorator.py for tasks to queue
[2025-02-28T20:14:41.653+0200] {logging_mixin.py:190} INFO - [2025-02-28T20:14:41.653+0200] {dagbag.py:588} INFO - Filling up the DagBag from /Users/nampham/.pyenv/versions/3.12.9/lib/python3.12/site-packages/airflow/example_dags/example_task_group_decorator.py
[2025-02-28T20:14:41.693+0200] {processor.py:925} INFO - DAG(s) 'example_task_group_decorator' retrieved from /Users/nampham/.pyenv/versions/3.12.9/lib/python3.12/site-packages/airflow/example_dags/example_task_group_decorator.py
[2025-02-28T20:14:41.728+0200] {logging_mixin.py:190} INFO - [2025-02-28T20:14:41.728+0200] {dag.py:3239} INFO - Sync 1 DAGs
[2025-02-28T20:14:41.732+0200] {logging_mixin.py:190} INFO - [2025-02-28T20:14:41.732+0200] {dag.py:4180} INFO - Setting next_dagrun for example_task_group_decorator to None, run_after=None
[2025-02-28T20:14:41.738+0200] {processor.py:208} INFO - Processing /Users/nampham/.pyenv/versions/3.12.9/lib/python3.12/site-packages/airflow/example_dags/example_task_group_decorator.py took 0.088 seconds
[2025-02-28T20:16:01.725+0200] {processor.py:186} INFO - Started process (PID=98613) to work on /Users/nampham/.pyenv/versions/3.12.9/lib/python3.12/site-packages/airflow/example_dags/example_task_group_decorator.py
[2025-02-28T20:16:01.726+0200] {processor.py:914} INFO - Processing file /Users/nampham/.pyenv/versions/3.12.9/lib/python3.12/site-packages/airflow/example_dags/example_task_group_decorator.py for tasks to queue
[2025-02-28T20:16:01.726+0200] {logging_mixin.py:190} INFO - [2025-02-28T20:16:01.726+0200] {dagbag.py:588} INFO - Filling up the DagBag from /Users/nampham/.pyenv/versions/3.12.9/lib/python3.12/site-packages/airflow/example_dags/example_task_group_decorator.py
[2025-02-28T20:16:01.767+0200] {processor.py:925} INFO - DAG(s) 'example_task_group_decorator' retrieved from /Users/nampham/.pyenv/versions/3.12.9/lib/python3.12/site-packages/airflow/example_dags/example_task_group_decorator.py
[2025-02-28T20:16:01.804+0200] {logging_mixin.py:190} INFO - [2025-02-28T20:16:01.804+0200] {dag.py:3239} INFO - Sync 1 DAGs
[2025-02-28T20:16:01.808+0200] {logging_mixin.py:190} INFO - [2025-02-28T20:16:01.808+0200] {dag.py:4180} INFO - Setting next_dagrun for example_task_group_decorator to None, run_after=None
[2025-02-28T20:16:01.814+0200] {processor.py:208} INFO - Processing /Users/nampham/.pyenv/versions/3.12.9/lib/python3.12/site-packages/airflow/example_dags/example_task_group_decorator.py took 0.091 seconds
[2025-02-28T20:17:17.510+0200] {processor.py:186} INFO - Started process (PID=98900) to work on /Users/nampham/.pyenv/versions/3.12.9/lib/python3.12/site-packages/airflow/example_dags/example_task_group_decorator.py
[2025-02-28T20:17:17.511+0200] {processor.py:914} INFO - Processing file /Users/nampham/.pyenv/versions/3.12.9/lib/python3.12/site-packages/airflow/example_dags/example_task_group_decorator.py for tasks to queue
[2025-02-28T20:17:17.512+0200] {logging_mixin.py:190} INFO - [2025-02-28T20:17:17.512+0200] {dagbag.py:588} INFO - Filling up the DagBag from /Users/nampham/.pyenv/versions/3.12.9/lib/python3.12/site-packages/airflow/example_dags/example_task_group_decorator.py
[2025-02-28T20:17:17.550+0200] {processor.py:925} INFO - DAG(s) 'example_task_group_decorator' retrieved from /Users/nampham/.pyenv/versions/3.12.9/lib/python3.12/site-packages/airflow/example_dags/example_task_group_decorator.py
[2025-02-28T20:17:17.586+0200] {logging_mixin.py:190} INFO - [2025-02-28T20:17:17.586+0200] {dag.py:3239} INFO - Sync 1 DAGs
[2025-02-28T20:17:17.590+0200] {logging_mixin.py:190} INFO - [2025-02-28T20:17:17.590+0200] {dag.py:4180} INFO - Setting next_dagrun for example_task_group_decorator to None, run_after=None
[2025-02-28T20:17:17.596+0200] {processor.py:208} INFO - Processing /Users/nampham/.pyenv/versions/3.12.9/lib/python3.12/site-packages/airflow/example_dags/example_task_group_decorator.py took 0.087 seconds
[2025-02-28T20:18:31.422+0200] {processor.py:186} INFO - Started process (PID=99265) to work on /Users/nampham/.pyenv/versions/3.12.9/lib/python3.12/site-packages/airflow/example_dags/example_task_group_decorator.py
[2025-02-28T20:18:31.423+0200] {processor.py:914} INFO - Processing file /Users/nampham/.pyenv/versions/3.12.9/lib/python3.12/site-packages/airflow/example_dags/example_task_group_decorator.py for tasks to queue
[2025-02-28T20:18:31.423+0200] {logging_mixin.py:190} INFO - [2025-02-28T20:18:31.423+0200] {dagbag.py:588} INFO - Filling up the DagBag from /Users/nampham/.pyenv/versions/3.12.9/lib/python3.12/site-packages/airflow/example_dags/example_task_group_decorator.py
[2025-02-28T20:18:31.464+0200] {processor.py:925} INFO - DAG(s) 'example_task_group_decorator' retrieved from /Users/nampham/.pyenv/versions/3.12.9/lib/python3.12/site-packages/airflow/example_dags/example_task_group_decorator.py
[2025-02-28T20:18:31.500+0200] {logging_mixin.py:190} INFO - [2025-02-28T20:18:31.500+0200] {dag.py:3239} INFO - Sync 1 DAGs
[2025-02-28T20:18:31.504+0200] {logging_mixin.py:190} INFO - [2025-02-28T20:18:31.504+0200] {dag.py:4180} INFO - Setting next_dagrun for example_task_group_decorator to None, run_after=None
[2025-02-28T20:18:31.510+0200] {processor.py:208} INFO - Processing /Users/nampham/.pyenv/versions/3.12.9/lib/python3.12/site-packages/airflow/example_dags/example_task_group_decorator.py took 0.090 seconds
[2025-02-28T20:20:24.440+0200] {processor.py:186} INFO - Started process (PID=99700) to work on /Users/nampham/.pyenv/versions/3.12.9/lib/python3.12/site-packages/airflow/example_dags/example_task_group_decorator.py
[2025-02-28T20:20:24.442+0200] {processor.py:914} INFO - Processing file /Users/nampham/.pyenv/versions/3.12.9/lib/python3.12/site-packages/airflow/example_dags/example_task_group_decorator.py for tasks to queue
[2025-02-28T20:20:24.442+0200] {logging_mixin.py:190} INFO - [2025-02-28T20:20:24.442+0200] {dagbag.py:588} INFO - Filling up the DagBag from /Users/nampham/.pyenv/versions/3.12.9/lib/python3.12/site-packages/airflow/example_dags/example_task_group_decorator.py
[2025-02-28T20:20:24.482+0200] {processor.py:925} INFO - DAG(s) 'example_task_group_decorator' retrieved from /Users/nampham/.pyenv/versions/3.12.9/lib/python3.12/site-packages/airflow/example_dags/example_task_group_decorator.py
[2025-02-28T20:20:24.518+0200] {logging_mixin.py:190} INFO - [2025-02-28T20:20:24.518+0200] {dag.py:3239} INFO - Sync 1 DAGs
[2025-02-28T20:20:24.522+0200] {logging_mixin.py:190} INFO - [2025-02-28T20:20:24.522+0200] {dag.py:4180} INFO - Setting next_dagrun for example_task_group_decorator to None, run_after=None
[2025-02-28T20:20:24.528+0200] {processor.py:208} INFO - Processing /Users/nampham/.pyenv/versions/3.12.9/lib/python3.12/site-packages/airflow/example_dags/example_task_group_decorator.py took 0.088 seconds
[2025-02-28T20:21:44.606+0200] {processor.py:186} INFO - Started process (PID=112) to work on /Users/nampham/.pyenv/versions/3.12.9/lib/python3.12/site-packages/airflow/example_dags/example_task_group_decorator.py
[2025-02-28T20:21:44.606+0200] {processor.py:914} INFO - Processing file /Users/nampham/.pyenv/versions/3.12.9/lib/python3.12/site-packages/airflow/example_dags/example_task_group_decorator.py for tasks to queue
[2025-02-28T20:21:44.607+0200] {logging_mixin.py:190} INFO - [2025-02-28T20:21:44.607+0200] {dagbag.py:588} INFO - Filling up the DagBag from /Users/nampham/.pyenv/versions/3.12.9/lib/python3.12/site-packages/airflow/example_dags/example_task_group_decorator.py
[2025-02-28T20:21:44.659+0200] {processor.py:925} INFO - DAG(s) 'example_task_group_decorator' retrieved from /Users/nampham/.pyenv/versions/3.12.9/lib/python3.12/site-packages/airflow/example_dags/example_task_group_decorator.py
[2025-02-28T20:21:44.702+0200] {logging_mixin.py:190} INFO - [2025-02-28T20:21:44.702+0200] {dag.py:3239} INFO - Sync 1 DAGs
[2025-02-28T20:21:44.707+0200] {logging_mixin.py:190} INFO - [2025-02-28T20:21:44.707+0200] {dag.py:4180} INFO - Setting next_dagrun for example_task_group_decorator to None, run_after=None
[2025-02-28T20:21:44.714+0200] {processor.py:208} INFO - Processing /Users/nampham/.pyenv/versions/3.12.9/lib/python3.12/site-packages/airflow/example_dags/example_task_group_decorator.py took 0.110 seconds
[2025-02-28T20:22:59.323+0200] {processor.py:186} INFO - Started process (PID=362) to work on /Users/nampham/.pyenv/versions/3.12.9/lib/python3.12/site-packages/airflow/example_dags/example_task_group_decorator.py
[2025-02-28T20:22:59.324+0200] {processor.py:914} INFO - Processing file /Users/nampham/.pyenv/versions/3.12.9/lib/python3.12/site-packages/airflow/example_dags/example_task_group_decorator.py for tasks to queue
[2025-02-28T20:22:59.324+0200] {logging_mixin.py:190} INFO - [2025-02-28T20:22:59.324+0200] {dagbag.py:588} INFO - Filling up the DagBag from /Users/nampham/.pyenv/versions/3.12.9/lib/python3.12/site-packages/airflow/example_dags/example_task_group_decorator.py
[2025-02-28T20:22:59.366+0200] {processor.py:925} INFO - DAG(s) 'example_task_group_decorator' retrieved from /Users/nampham/.pyenv/versions/3.12.9/lib/python3.12/site-packages/airflow/example_dags/example_task_group_decorator.py
[2025-02-28T20:22:59.402+0200] {logging_mixin.py:190} INFO - [2025-02-28T20:22:59.402+0200] {dag.py:3239} INFO - Sync 1 DAGs
[2025-02-28T20:22:59.406+0200] {logging_mixin.py:190} INFO - [2025-02-28T20:22:59.406+0200] {dag.py:4180} INFO - Setting next_dagrun for example_task_group_decorator to None, run_after=None
[2025-02-28T20:22:59.412+0200] {processor.py:208} INFO - Processing /Users/nampham/.pyenv/versions/3.12.9/lib/python3.12/site-packages/airflow/example_dags/example_task_group_decorator.py took 0.090 seconds
[2025-02-28T21:27:46.995+0200] {processor.py:186} INFO - Started process (PID=5490) to work on /Users/nampham/.pyenv/versions/3.12.9/lib/python3.12/site-packages/airflow/example_dags/example_task_group_decorator.py
[2025-02-28T21:27:46.996+0200] {processor.py:914} INFO - Processing file /Users/nampham/.pyenv/versions/3.12.9/lib/python3.12/site-packages/airflow/example_dags/example_task_group_decorator.py for tasks to queue
[2025-02-28T21:27:46.996+0200] {logging_mixin.py:190} INFO - [2025-02-28T21:27:46.996+0200] {dagbag.py:588} INFO - Filling up the DagBag from /Users/nampham/.pyenv/versions/3.12.9/lib/python3.12/site-packages/airflow/example_dags/example_task_group_decorator.py
[2025-02-28T21:27:47.036+0200] {processor.py:925} INFO - DAG(s) 'example_task_group_decorator' retrieved from /Users/nampham/.pyenv/versions/3.12.9/lib/python3.12/site-packages/airflow/example_dags/example_task_group_decorator.py
[2025-02-28T21:27:47.071+0200] {logging_mixin.py:190} INFO - [2025-02-28T21:27:47.071+0200] {dag.py:3239} INFO - Sync 1 DAGs
[2025-02-28T21:27:47.075+0200] {logging_mixin.py:190} INFO - [2025-02-28T21:27:47.075+0200] {dag.py:4180} INFO - Setting next_dagrun for example_task_group_decorator to None, run_after=None
[2025-02-28T21:27:47.081+0200] {processor.py:208} INFO - Processing /Users/nampham/.pyenv/versions/3.12.9/lib/python3.12/site-packages/airflow/example_dags/example_task_group_decorator.py took 0.087 seconds
[2025-02-28T21:30:32.472+0200] {processor.py:186} INFO - Started process (PID=6152) to work on /Users/nampham/.pyenv/versions/3.12.9/lib/python3.12/site-packages/airflow/example_dags/example_task_group_decorator.py
[2025-02-28T21:30:32.473+0200] {processor.py:914} INFO - Processing file /Users/nampham/.pyenv/versions/3.12.9/lib/python3.12/site-packages/airflow/example_dags/example_task_group_decorator.py for tasks to queue
[2025-02-28T21:30:32.473+0200] {logging_mixin.py:190} INFO - [2025-02-28T21:30:32.473+0200] {dagbag.py:588} INFO - Filling up the DagBag from /Users/nampham/.pyenv/versions/3.12.9/lib/python3.12/site-packages/airflow/example_dags/example_task_group_decorator.py
[2025-02-28T21:30:32.512+0200] {processor.py:925} INFO - DAG(s) 'example_task_group_decorator' retrieved from /Users/nampham/.pyenv/versions/3.12.9/lib/python3.12/site-packages/airflow/example_dags/example_task_group_decorator.py
[2025-02-28T21:30:32.549+0200] {logging_mixin.py:190} INFO - [2025-02-28T21:30:32.549+0200] {dag.py:3239} INFO - Sync 1 DAGs
[2025-02-28T21:30:32.552+0200] {logging_mixin.py:190} INFO - [2025-02-28T21:30:32.552+0200] {dag.py:4180} INFO - Setting next_dagrun for example_task_group_decorator to None, run_after=None
[2025-02-28T21:30:32.558+0200] {processor.py:208} INFO - Processing /Users/nampham/.pyenv/versions/3.12.9/lib/python3.12/site-packages/airflow/example_dags/example_task_group_decorator.py took 0.088 seconds
[2025-02-28T21:32:20.404+0200] {processor.py:186} INFO - Started process (PID=6573) to work on /Users/nampham/.pyenv/versions/3.12.9/lib/python3.12/site-packages/airflow/example_dags/example_task_group_decorator.py
[2025-02-28T21:32:20.405+0200] {processor.py:914} INFO - Processing file /Users/nampham/.pyenv/versions/3.12.9/lib/python3.12/site-packages/airflow/example_dags/example_task_group_decorator.py for tasks to queue
[2025-02-28T21:32:20.406+0200] {logging_mixin.py:190} INFO - [2025-02-28T21:32:20.406+0200] {dagbag.py:588} INFO - Filling up the DagBag from /Users/nampham/.pyenv/versions/3.12.9/lib/python3.12/site-packages/airflow/example_dags/example_task_group_decorator.py
[2025-02-28T21:32:20.446+0200] {processor.py:925} INFO - DAG(s) 'example_task_group_decorator' retrieved from /Users/nampham/.pyenv/versions/3.12.9/lib/python3.12/site-packages/airflow/example_dags/example_task_group_decorator.py
[2025-02-28T21:32:20.483+0200] {logging_mixin.py:190} INFO - [2025-02-28T21:32:20.483+0200] {dag.py:3239} INFO - Sync 1 DAGs
[2025-02-28T21:32:20.486+0200] {logging_mixin.py:190} INFO - [2025-02-28T21:32:20.486+0200] {dag.py:4180} INFO - Setting next_dagrun for example_task_group_decorator to None, run_after=None
[2025-02-28T21:32:20.492+0200] {processor.py:208} INFO - Processing /Users/nampham/.pyenv/versions/3.12.9/lib/python3.12/site-packages/airflow/example_dags/example_task_group_decorator.py took 0.089 seconds
[2025-02-28T21:33:38.926+0200] {processor.py:186} INFO - Started process (PID=7084) to work on /Users/nampham/.pyenv/versions/3.12.9/lib/python3.12/site-packages/airflow/example_dags/example_task_group_decorator.py
[2025-02-28T21:33:38.927+0200] {processor.py:914} INFO - Processing file /Users/nampham/.pyenv/versions/3.12.9/lib/python3.12/site-packages/airflow/example_dags/example_task_group_decorator.py for tasks to queue
[2025-02-28T21:33:38.927+0200] {logging_mixin.py:190} INFO - [2025-02-28T21:33:38.927+0200] {dagbag.py:588} INFO - Filling up the DagBag from /Users/nampham/.pyenv/versions/3.12.9/lib/python3.12/site-packages/airflow/example_dags/example_task_group_decorator.py
[2025-02-28T21:33:38.971+0200] {processor.py:925} INFO - DAG(s) 'example_task_group_decorator' retrieved from /Users/nampham/.pyenv/versions/3.12.9/lib/python3.12/site-packages/airflow/example_dags/example_task_group_decorator.py
[2025-02-28T21:33:39.008+0200] {logging_mixin.py:190} INFO - [2025-02-28T21:33:39.008+0200] {dag.py:3239} INFO - Sync 1 DAGs
[2025-02-28T21:33:39.012+0200] {logging_mixin.py:190} INFO - [2025-02-28T21:33:39.012+0200] {dag.py:4180} INFO - Setting next_dagrun for example_task_group_decorator to None, run_after=None
[2025-02-28T21:33:39.018+0200] {processor.py:208} INFO - Processing /Users/nampham/.pyenv/versions/3.12.9/lib/python3.12/site-packages/airflow/example_dags/example_task_group_decorator.py took 0.093 seconds
[2025-02-28T21:34:58.642+0200] {processor.py:186} INFO - Started process (PID=7378) to work on /Users/nampham/.pyenv/versions/3.12.9/lib/python3.12/site-packages/airflow/example_dags/example_task_group_decorator.py
[2025-02-28T21:34:58.643+0200] {processor.py:914} INFO - Processing file /Users/nampham/.pyenv/versions/3.12.9/lib/python3.12/site-packages/airflow/example_dags/example_task_group_decorator.py for tasks to queue
[2025-02-28T21:34:58.644+0200] {logging_mixin.py:190} INFO - [2025-02-28T21:34:58.644+0200] {dagbag.py:588} INFO - Filling up the DagBag from /Users/nampham/.pyenv/versions/3.12.9/lib/python3.12/site-packages/airflow/example_dags/example_task_group_decorator.py
[2025-02-28T21:34:58.684+0200] {processor.py:925} INFO - DAG(s) 'example_task_group_decorator' retrieved from /Users/nampham/.pyenv/versions/3.12.9/lib/python3.12/site-packages/airflow/example_dags/example_task_group_decorator.py
[2025-02-28T21:34:58.720+0200] {logging_mixin.py:190} INFO - [2025-02-28T21:34:58.720+0200] {dag.py:3239} INFO - Sync 1 DAGs
[2025-02-28T21:34:58.723+0200] {logging_mixin.py:190} INFO - [2025-02-28T21:34:58.723+0200] {dag.py:4180} INFO - Setting next_dagrun for example_task_group_decorator to None, run_after=None
[2025-02-28T21:34:58.729+0200] {processor.py:208} INFO - Processing /Users/nampham/.pyenv/versions/3.12.9/lib/python3.12/site-packages/airflow/example_dags/example_task_group_decorator.py took 0.089 seconds
[2025-02-28T21:36:54.674+0200] {processor.py:186} INFO - Started process (PID=7875) to work on /Users/nampham/.pyenv/versions/3.12.9/lib/python3.12/site-packages/airflow/example_dags/example_task_group_decorator.py
[2025-02-28T21:36:54.675+0200] {processor.py:914} INFO - Processing file /Users/nampham/.pyenv/versions/3.12.9/lib/python3.12/site-packages/airflow/example_dags/example_task_group_decorator.py for tasks to queue
[2025-02-28T21:36:54.675+0200] {logging_mixin.py:190} INFO - [2025-02-28T21:36:54.675+0200] {dagbag.py:588} INFO - Filling up the DagBag from /Users/nampham/.pyenv/versions/3.12.9/lib/python3.12/site-packages/airflow/example_dags/example_task_group_decorator.py
[2025-02-28T21:36:54.715+0200] {processor.py:925} INFO - DAG(s) 'example_task_group_decorator' retrieved from /Users/nampham/.pyenv/versions/3.12.9/lib/python3.12/site-packages/airflow/example_dags/example_task_group_decorator.py
[2025-02-28T21:36:54.781+0200] {logging_mixin.py:190} INFO - [2025-02-28T21:36:54.780+0200] {override.py:1930} INFO - Created Permission View: can delete on DAG:example_task_group_decorator
[2025-02-28T21:36:54.783+0200] {logging_mixin.py:190} INFO - [2025-02-28T21:36:54.783+0200] {override.py:1930} INFO - Created Permission View: can edit on DAG:example_task_group_decorator
[2025-02-28T21:36:54.785+0200] {logging_mixin.py:190} INFO - [2025-02-28T21:36:54.785+0200] {override.py:1930} INFO - Created Permission View: can read on DAG:example_task_group_decorator
[2025-02-28T21:36:54.788+0200] {logging_mixin.py:190} INFO - [2025-02-28T21:36:54.788+0200] {override.py:1930} INFO - Created Permission View: menu access on DAG Run:example_task_group_decorator
[2025-02-28T21:36:54.790+0200] {logging_mixin.py:190} INFO - [2025-02-28T21:36:54.790+0200] {override.py:1930} INFO - Created Permission View: can delete on DAG Run:example_task_group_decorator
[2025-02-28T21:36:54.791+0200] {logging_mixin.py:190} INFO - [2025-02-28T21:36:54.791+0200] {override.py:1930} INFO - Created Permission View: can create on DAG Run:example_task_group_decorator
[2025-02-28T21:36:54.793+0200] {logging_mixin.py:190} INFO - [2025-02-28T21:36:54.793+0200] {override.py:1930} INFO - Created Permission View: can read on DAG Run:example_task_group_decorator
[2025-02-28T21:36:54.793+0200] {logging_mixin.py:190} INFO - [2025-02-28T21:36:54.793+0200] {dag.py:3239} INFO - Sync 1 DAGs
[2025-02-28T21:36:54.798+0200] {logging_mixin.py:190} INFO - [2025-02-28T21:36:54.798+0200] {dag.py:3262} INFO - Creating ORM DAG for example_task_group_decorator
[2025-02-28T21:36:54.798+0200] {logging_mixin.py:190} INFO - [2025-02-28T21:36:54.798+0200] {dag.py:4180} INFO - Setting next_dagrun for example_task_group_decorator to None, run_after=None
[2025-02-28T21:36:54.803+0200] {processor.py:208} INFO - Processing /Users/nampham/.pyenv/versions/3.12.9/lib/python3.12/site-packages/airflow/example_dags/example_task_group_decorator.py took 0.130 seconds
[2025-02-28T21:38:45.766+0200] {processor.py:186} INFO - Started process (PID=8304) to work on /Users/nampham/.pyenv/versions/3.12.9/lib/python3.12/site-packages/airflow/example_dags/example_task_group_decorator.py
[2025-02-28T21:38:45.766+0200] {processor.py:914} INFO - Processing file /Users/nampham/.pyenv/versions/3.12.9/lib/python3.12/site-packages/airflow/example_dags/example_task_group_decorator.py for tasks to queue
[2025-02-28T21:38:45.767+0200] {logging_mixin.py:190} INFO - [2025-02-28T21:38:45.767+0200] {dagbag.py:588} INFO - Filling up the DagBag from /Users/nampham/.pyenv/versions/3.12.9/lib/python3.12/site-packages/airflow/example_dags/example_task_group_decorator.py
[2025-02-28T21:38:45.808+0200] {processor.py:925} INFO - DAG(s) 'example_task_group_decorator' retrieved from /Users/nampham/.pyenv/versions/3.12.9/lib/python3.12/site-packages/airflow/example_dags/example_task_group_decorator.py
[2025-02-28T21:38:45.843+0200] {logging_mixin.py:190} INFO - [2025-02-28T21:38:45.843+0200] {dag.py:3239} INFO - Sync 1 DAGs
[2025-02-28T21:38:45.847+0200] {logging_mixin.py:190} INFO - [2025-02-28T21:38:45.847+0200] {dag.py:4180} INFO - Setting next_dagrun for example_task_group_decorator to None, run_after=None
[2025-02-28T21:38:45.853+0200] {processor.py:208} INFO - Processing /Users/nampham/.pyenv/versions/3.12.9/lib/python3.12/site-packages/airflow/example_dags/example_task_group_decorator.py took 0.088 seconds
[2025-02-28T21:40:03.803+0200] {processor.py:186} INFO - Started process (PID=8596) to work on /Users/nampham/.pyenv/versions/3.12.9/lib/python3.12/site-packages/airflow/example_dags/example_task_group_decorator.py
[2025-02-28T21:40:03.804+0200] {processor.py:914} INFO - Processing file /Users/nampham/.pyenv/versions/3.12.9/lib/python3.12/site-packages/airflow/example_dags/example_task_group_decorator.py for tasks to queue
[2025-02-28T21:40:03.804+0200] {logging_mixin.py:190} INFO - [2025-02-28T21:40:03.804+0200] {dagbag.py:588} INFO - Filling up the DagBag from /Users/nampham/.pyenv/versions/3.12.9/lib/python3.12/site-packages/airflow/example_dags/example_task_group_decorator.py
[2025-02-28T21:40:03.844+0200] {processor.py:925} INFO - DAG(s) 'example_task_group_decorator' retrieved from /Users/nampham/.pyenv/versions/3.12.9/lib/python3.12/site-packages/airflow/example_dags/example_task_group_decorator.py
[2025-02-28T21:40:03.879+0200] {logging_mixin.py:190} INFO - [2025-02-28T21:40:03.879+0200] {dag.py:3239} INFO - Sync 1 DAGs
[2025-02-28T21:40:03.883+0200] {logging_mixin.py:190} INFO - [2025-02-28T21:40:03.883+0200] {dag.py:4180} INFO - Setting next_dagrun for example_task_group_decorator to None, run_after=None
[2025-02-28T21:40:03.889+0200] {processor.py:208} INFO - Processing /Users/nampham/.pyenv/versions/3.12.9/lib/python3.12/site-packages/airflow/example_dags/example_task_group_decorator.py took 0.087 seconds
[2025-02-28T21:42:23.087+0200] {processor.py:186} INFO - Started process (PID=9190) to work on /Users/nampham/.pyenv/versions/3.12.9/lib/python3.12/site-packages/airflow/example_dags/example_task_group_decorator.py
[2025-02-28T21:42:23.088+0200] {processor.py:914} INFO - Processing file /Users/nampham/.pyenv/versions/3.12.9/lib/python3.12/site-packages/airflow/example_dags/example_task_group_decorator.py for tasks to queue
[2025-02-28T21:42:23.089+0200] {logging_mixin.py:190} INFO - [2025-02-28T21:42:23.089+0200] {dagbag.py:588} INFO - Filling up the DagBag from /Users/nampham/.pyenv/versions/3.12.9/lib/python3.12/site-packages/airflow/example_dags/example_task_group_decorator.py
[2025-02-28T21:42:23.130+0200] {processor.py:925} INFO - DAG(s) 'example_task_group_decorator' retrieved from /Users/nampham/.pyenv/versions/3.12.9/lib/python3.12/site-packages/airflow/example_dags/example_task_group_decorator.py
[2025-02-28T21:42:23.198+0200] {logging_mixin.py:190} INFO - [2025-02-28T21:42:23.198+0200] {override.py:1930} INFO - Created Permission View: can edit on DAG:example_task_group_decorator
[2025-02-28T21:42:23.201+0200] {logging_mixin.py:190} INFO - [2025-02-28T21:42:23.201+0200] {override.py:1930} INFO - Created Permission View: can read on DAG:example_task_group_decorator
[2025-02-28T21:42:23.203+0200] {logging_mixin.py:190} INFO - [2025-02-28T21:42:23.203+0200] {override.py:1930} INFO - Created Permission View: can delete on DAG:example_task_group_decorator
[2025-02-28T21:42:23.205+0200] {logging_mixin.py:190} INFO - [2025-02-28T21:42:23.205+0200] {override.py:1930} INFO - Created Permission View: can create on DAG Run:example_task_group_decorator
[2025-02-28T21:42:23.207+0200] {logging_mixin.py:190} INFO - [2025-02-28T21:42:23.207+0200] {override.py:1930} INFO - Created Permission View: menu access on DAG Run:example_task_group_decorator
[2025-02-28T21:42:23.209+0200] {logging_mixin.py:190} INFO - [2025-02-28T21:42:23.209+0200] {override.py:1930} INFO - Created Permission View: can read on DAG Run:example_task_group_decorator
[2025-02-28T21:42:23.211+0200] {logging_mixin.py:190} INFO - [2025-02-28T21:42:23.211+0200] {override.py:1930} INFO - Created Permission View: can delete on DAG Run:example_task_group_decorator
[2025-02-28T21:42:23.211+0200] {logging_mixin.py:190} INFO - [2025-02-28T21:42:23.211+0200] {dag.py:3239} INFO - Sync 1 DAGs
[2025-02-28T21:42:23.215+0200] {logging_mixin.py:190} INFO - [2025-02-28T21:42:23.215+0200] {dag.py:3262} INFO - Creating ORM DAG for example_task_group_decorator
[2025-02-28T21:42:23.215+0200] {logging_mixin.py:190} INFO - [2025-02-28T21:42:23.215+0200] {dag.py:4180} INFO - Setting next_dagrun for example_task_group_decorator to None, run_after=None
[2025-02-28T21:42:23.221+0200] {processor.py:208} INFO - Processing /Users/nampham/.pyenv/versions/3.12.9/lib/python3.12/site-packages/airflow/example_dags/example_task_group_decorator.py took 0.135 seconds
[2025-02-28T21:43:28.902+0200] {processor.py:186} INFO - Started process (PID=9552) to work on /Users/nampham/.pyenv/versions/3.12.9/lib/python3.12/site-packages/airflow/example_dags/example_task_group_decorator.py
[2025-02-28T21:43:28.903+0200] {processor.py:914} INFO - Processing file /Users/nampham/.pyenv/versions/3.12.9/lib/python3.12/site-packages/airflow/example_dags/example_task_group_decorator.py for tasks to queue
[2025-02-28T21:43:28.903+0200] {logging_mixin.py:190} INFO - [2025-02-28T21:43:28.903+0200] {dagbag.py:588} INFO - Filling up the DagBag from /Users/nampham/.pyenv/versions/3.12.9/lib/python3.12/site-packages/airflow/example_dags/example_task_group_decorator.py
[2025-02-28T21:43:28.944+0200] {processor.py:925} INFO - DAG(s) 'example_task_group_decorator' retrieved from /Users/nampham/.pyenv/versions/3.12.9/lib/python3.12/site-packages/airflow/example_dags/example_task_group_decorator.py
[2025-02-28T21:43:28.980+0200] {logging_mixin.py:190} INFO - [2025-02-28T21:43:28.980+0200] {dag.py:3239} INFO - Sync 1 DAGs
[2025-02-28T21:43:28.984+0200] {logging_mixin.py:190} INFO - [2025-02-28T21:43:28.984+0200] {dag.py:4180} INFO - Setting next_dagrun for example_task_group_decorator to None, run_after=None
[2025-02-28T21:43:28.990+0200] {processor.py:208} INFO - Processing /Users/nampham/.pyenv/versions/3.12.9/lib/python3.12/site-packages/airflow/example_dags/example_task_group_decorator.py took 0.089 seconds
[2025-02-28T21:45:29.101+0200] {processor.py:186} INFO - Started process (PID=10082) to work on /Users/nampham/.pyenv/versions/3.12.9/lib/python3.12/site-packages/airflow/example_dags/example_task_group_decorator.py
[2025-02-28T21:45:29.103+0200] {processor.py:914} INFO - Processing file /Users/nampham/.pyenv/versions/3.12.9/lib/python3.12/site-packages/airflow/example_dags/example_task_group_decorator.py for tasks to queue
[2025-02-28T21:45:29.103+0200] {logging_mixin.py:190} INFO - [2025-02-28T21:45:29.103+0200] {dagbag.py:588} INFO - Filling up the DagBag from /Users/nampham/.pyenv/versions/3.12.9/lib/python3.12/site-packages/airflow/example_dags/example_task_group_decorator.py
[2025-02-28T21:45:29.143+0200] {processor.py:925} INFO - DAG(s) 'example_task_group_decorator' retrieved from /Users/nampham/.pyenv/versions/3.12.9/lib/python3.12/site-packages/airflow/example_dags/example_task_group_decorator.py
[2025-02-28T21:45:29.178+0200] {logging_mixin.py:190} INFO - [2025-02-28T21:45:29.178+0200] {dag.py:3239} INFO - Sync 1 DAGs
[2025-02-28T21:45:29.182+0200] {logging_mixin.py:190} INFO - [2025-02-28T21:45:29.182+0200] {dag.py:4180} INFO - Setting next_dagrun for example_task_group_decorator to None, run_after=None
[2025-02-28T21:45:29.188+0200] {processor.py:208} INFO - Processing /Users/nampham/.pyenv/versions/3.12.9/lib/python3.12/site-packages/airflow/example_dags/example_task_group_decorator.py took 0.088 seconds
[2025-02-28T21:47:52.545+0200] {processor.py:186} INFO - Started process (PID=10642) to work on /Users/nampham/.pyenv/versions/3.12.9/lib/python3.12/site-packages/airflow/example_dags/example_task_group_decorator.py
[2025-02-28T21:47:52.545+0200] {processor.py:914} INFO - Processing file /Users/nampham/.pyenv/versions/3.12.9/lib/python3.12/site-packages/airflow/example_dags/example_task_group_decorator.py for tasks to queue
[2025-02-28T21:47:52.546+0200] {logging_mixin.py:190} INFO - [2025-02-28T21:47:52.546+0200] {dagbag.py:588} INFO - Filling up the DagBag from /Users/nampham/.pyenv/versions/3.12.9/lib/python3.12/site-packages/airflow/example_dags/example_task_group_decorator.py
[2025-02-28T21:47:52.586+0200] {processor.py:925} INFO - DAG(s) 'example_task_group_decorator' retrieved from /Users/nampham/.pyenv/versions/3.12.9/lib/python3.12/site-packages/airflow/example_dags/example_task_group_decorator.py
[2025-02-28T21:47:52.622+0200] {logging_mixin.py:190} INFO - [2025-02-28T21:47:52.622+0200] {dag.py:3239} INFO - Sync 1 DAGs
[2025-02-28T21:47:52.625+0200] {logging_mixin.py:190} INFO - [2025-02-28T21:47:52.625+0200] {dag.py:4180} INFO - Setting next_dagrun for example_task_group_decorator to None, run_after=None
[2025-02-28T21:47:52.632+0200] {processor.py:208} INFO - Processing /Users/nampham/.pyenv/versions/3.12.9/lib/python3.12/site-packages/airflow/example_dags/example_task_group_decorator.py took 0.088 seconds
[2025-02-28T22:27:45.152+0200] {processor.py:186} INFO - Started process (PID=18069) to work on /Users/nampham/.pyenv/versions/3.12.9/lib/python3.12/site-packages/airflow/example_dags/example_task_group_decorator.py
[2025-02-28T22:27:45.152+0200] {processor.py:914} INFO - Processing file /Users/nampham/.pyenv/versions/3.12.9/lib/python3.12/site-packages/airflow/example_dags/example_task_group_decorator.py for tasks to queue
[2025-02-28T22:27:45.153+0200] {logging_mixin.py:190} INFO - [2025-02-28T22:27:45.153+0200] {dagbag.py:588} INFO - Filling up the DagBag from /Users/nampham/.pyenv/versions/3.12.9/lib/python3.12/site-packages/airflow/example_dags/example_task_group_decorator.py
[2025-02-28T22:27:45.193+0200] {processor.py:925} INFO - DAG(s) 'example_task_group_decorator' retrieved from /Users/nampham/.pyenv/versions/3.12.9/lib/python3.12/site-packages/airflow/example_dags/example_task_group_decorator.py
[2025-02-28T22:27:45.260+0200] {logging_mixin.py:190} INFO - [2025-02-28T22:27:45.260+0200] {override.py:1930} INFO - Created Permission View: can delete on DAG:example_task_group_decorator
[2025-02-28T22:27:45.263+0200] {logging_mixin.py:190} INFO - [2025-02-28T22:27:45.263+0200] {override.py:1930} INFO - Created Permission View: can read on DAG:example_task_group_decorator
[2025-02-28T22:27:45.265+0200] {logging_mixin.py:190} INFO - [2025-02-28T22:27:45.265+0200] {override.py:1930} INFO - Created Permission View: can edit on DAG:example_task_group_decorator
[2025-02-28T22:27:45.267+0200] {logging_mixin.py:190} INFO - [2025-02-28T22:27:45.267+0200] {override.py:1930} INFO - Created Permission View: can delete on DAG Run:example_task_group_decorator
[2025-02-28T22:27:45.269+0200] {logging_mixin.py:190} INFO - [2025-02-28T22:27:45.269+0200] {override.py:1930} INFO - Created Permission View: can read on DAG Run:example_task_group_decorator
[2025-02-28T22:27:45.271+0200] {logging_mixin.py:190} INFO - [2025-02-28T22:27:45.271+0200] {override.py:1930} INFO - Created Permission View: can create on DAG Run:example_task_group_decorator
[2025-02-28T22:27:45.273+0200] {logging_mixin.py:190} INFO - [2025-02-28T22:27:45.273+0200] {override.py:1930} INFO - Created Permission View: menu access on DAG Run:example_task_group_decorator
[2025-02-28T22:27:45.273+0200] {logging_mixin.py:190} INFO - [2025-02-28T22:27:45.273+0200] {dag.py:3239} INFO - Sync 1 DAGs
[2025-02-28T22:27:45.278+0200] {logging_mixin.py:190} INFO - [2025-02-28T22:27:45.278+0200] {dag.py:3262} INFO - Creating ORM DAG for example_task_group_decorator
[2025-02-28T22:27:45.278+0200] {logging_mixin.py:190} INFO - [2025-02-28T22:27:45.278+0200] {dag.py:4180} INFO - Setting next_dagrun for example_task_group_decorator to None, run_after=None
[2025-02-28T22:27:45.283+0200] {processor.py:208} INFO - Processing /Users/nampham/.pyenv/versions/3.12.9/lib/python3.12/site-packages/airflow/example_dags/example_task_group_decorator.py took 0.133 seconds
[2025-02-28T22:35:51.215+0200] {processor.py:186} INFO - Started process (PID=19718) to work on /Users/nampham/.pyenv/versions/3.12.9/lib/python3.12/site-packages/airflow/example_dags/example_task_group_decorator.py
[2025-02-28T22:35:51.217+0200] {processor.py:914} INFO - Processing file /Users/nampham/.pyenv/versions/3.12.9/lib/python3.12/site-packages/airflow/example_dags/example_task_group_decorator.py for tasks to queue
[2025-02-28T22:35:51.217+0200] {logging_mixin.py:190} INFO - [2025-02-28T22:35:51.217+0200] {dagbag.py:588} INFO - Filling up the DagBag from /Users/nampham/.pyenv/versions/3.12.9/lib/python3.12/site-packages/airflow/example_dags/example_task_group_decorator.py
[2025-02-28T22:35:51.257+0200] {processor.py:925} INFO - DAG(s) 'example_task_group_decorator' retrieved from /Users/nampham/.pyenv/versions/3.12.9/lib/python3.12/site-packages/airflow/example_dags/example_task_group_decorator.py
[2025-02-28T22:35:51.322+0200] {logging_mixin.py:190} INFO - [2025-02-28T22:35:51.322+0200] {override.py:1930} INFO - Created Permission View: can read on DAG:example_task_group_decorator
[2025-02-28T22:35:51.325+0200] {logging_mixin.py:190} INFO - [2025-02-28T22:35:51.325+0200] {override.py:1930} INFO - Created Permission View: can delete on DAG:example_task_group_decorator
[2025-02-28T22:35:51.327+0200] {logging_mixin.py:190} INFO - [2025-02-28T22:35:51.327+0200] {override.py:1930} INFO - Created Permission View: can edit on DAG:example_task_group_decorator
[2025-02-28T22:35:51.330+0200] {logging_mixin.py:190} INFO - [2025-02-28T22:35:51.329+0200] {override.py:1930} INFO - Created Permission View: can read on DAG Run:example_task_group_decorator
[2025-02-28T22:35:51.331+0200] {logging_mixin.py:190} INFO - [2025-02-28T22:35:51.331+0200] {override.py:1930} INFO - Created Permission View: can delete on DAG Run:example_task_group_decorator
[2025-02-28T22:35:51.333+0200] {logging_mixin.py:190} INFO - [2025-02-28T22:35:51.333+0200] {override.py:1930} INFO - Created Permission View: can create on DAG Run:example_task_group_decorator
[2025-02-28T22:35:51.335+0200] {logging_mixin.py:190} INFO - [2025-02-28T22:35:51.335+0200] {override.py:1930} INFO - Created Permission View: menu access on DAG Run:example_task_group_decorator
[2025-02-28T22:35:51.335+0200] {logging_mixin.py:190} INFO - [2025-02-28T22:35:51.335+0200] {dag.py:3239} INFO - Sync 1 DAGs
[2025-02-28T22:35:51.339+0200] {logging_mixin.py:190} INFO - [2025-02-28T22:35:51.339+0200] {dag.py:3262} INFO - Creating ORM DAG for example_task_group_decorator
[2025-02-28T22:35:51.339+0200] {logging_mixin.py:190} INFO - [2025-02-28T22:35:51.339+0200] {dag.py:4180} INFO - Setting next_dagrun for example_task_group_decorator to None, run_after=None
[2025-02-28T22:35:51.344+0200] {processor.py:208} INFO - Processing /Users/nampham/.pyenv/versions/3.12.9/lib/python3.12/site-packages/airflow/example_dags/example_task_group_decorator.py took 0.130 seconds
[2025-02-28T22:38:07.030+0200] {processor.py:186} INFO - Started process (PID=20245) to work on /Users/nampham/.pyenv/versions/3.12.9/lib/python3.12/site-packages/airflow/example_dags/example_task_group_decorator.py
[2025-02-28T22:38:07.031+0200] {processor.py:914} INFO - Processing file /Users/nampham/.pyenv/versions/3.12.9/lib/python3.12/site-packages/airflow/example_dags/example_task_group_decorator.py for tasks to queue
[2025-02-28T22:38:07.031+0200] {logging_mixin.py:190} INFO - [2025-02-28T22:38:07.031+0200] {dagbag.py:588} INFO - Filling up the DagBag from /Users/nampham/.pyenv/versions/3.12.9/lib/python3.12/site-packages/airflow/example_dags/example_task_group_decorator.py
[2025-02-28T22:38:07.071+0200] {processor.py:925} INFO - DAG(s) 'example_task_group_decorator' retrieved from /Users/nampham/.pyenv/versions/3.12.9/lib/python3.12/site-packages/airflow/example_dags/example_task_group_decorator.py
[2025-02-28T22:38:07.107+0200] {logging_mixin.py:190} INFO - [2025-02-28T22:38:07.106+0200] {dag.py:3239} INFO - Sync 1 DAGs
[2025-02-28T22:38:07.110+0200] {logging_mixin.py:190} INFO - [2025-02-28T22:38:07.110+0200] {dag.py:4180} INFO - Setting next_dagrun for example_task_group_decorator to None, run_after=None
[2025-02-28T22:38:07.116+0200] {processor.py:208} INFO - Processing /Users/nampham/.pyenv/versions/3.12.9/lib/python3.12/site-packages/airflow/example_dags/example_task_group_decorator.py took 0.088 seconds
[2025-02-28T22:39:21.109+0200] {processor.py:186} INFO - Started process (PID=20495) to work on /Users/nampham/.pyenv/versions/3.12.9/lib/python3.12/site-packages/airflow/example_dags/example_task_group_decorator.py
[2025-02-28T22:39:21.109+0200] {processor.py:914} INFO - Processing file /Users/nampham/.pyenv/versions/3.12.9/lib/python3.12/site-packages/airflow/example_dags/example_task_group_decorator.py for tasks to queue
[2025-02-28T22:39:21.110+0200] {logging_mixin.py:190} INFO - [2025-02-28T22:39:21.110+0200] {dagbag.py:588} INFO - Filling up the DagBag from /Users/nampham/.pyenv/versions/3.12.9/lib/python3.12/site-packages/airflow/example_dags/example_task_group_decorator.py
[2025-02-28T22:39:21.149+0200] {processor.py:925} INFO - DAG(s) 'example_task_group_decorator' retrieved from /Users/nampham/.pyenv/versions/3.12.9/lib/python3.12/site-packages/airflow/example_dags/example_task_group_decorator.py
[2025-02-28T22:39:21.184+0200] {logging_mixin.py:190} INFO - [2025-02-28T22:39:21.184+0200] {dag.py:3239} INFO - Sync 1 DAGs
[2025-02-28T22:39:21.188+0200] {logging_mixin.py:190} INFO - [2025-02-28T22:39:21.188+0200] {dag.py:4180} INFO - Setting next_dagrun for example_task_group_decorator to None, run_after=None
[2025-02-28T22:39:21.194+0200] {processor.py:208} INFO - Processing /Users/nampham/.pyenv/versions/3.12.9/lib/python3.12/site-packages/airflow/example_dags/example_task_group_decorator.py took 0.086 seconds
[2025-02-28T22:41:01.986+0200] {processor.py:186} INFO - Started process (PID=20820) to work on /Users/nampham/.pyenv/versions/3.12.9/lib/python3.12/site-packages/airflow/example_dags/example_task_group_decorator.py
[2025-02-28T22:41:01.987+0200] {processor.py:914} INFO - Processing file /Users/nampham/.pyenv/versions/3.12.9/lib/python3.12/site-packages/airflow/example_dags/example_task_group_decorator.py for tasks to queue
[2025-02-28T22:41:01.988+0200] {logging_mixin.py:190} INFO - [2025-02-28T22:41:01.988+0200] {dagbag.py:588} INFO - Filling up the DagBag from /Users/nampham/.pyenv/versions/3.12.9/lib/python3.12/site-packages/airflow/example_dags/example_task_group_decorator.py
[2025-02-28T22:41:02.026+0200] {processor.py:925} INFO - DAG(s) 'example_task_group_decorator' retrieved from /Users/nampham/.pyenv/versions/3.12.9/lib/python3.12/site-packages/airflow/example_dags/example_task_group_decorator.py
[2025-02-28T22:41:02.061+0200] {logging_mixin.py:190} INFO - [2025-02-28T22:41:02.061+0200] {dag.py:3239} INFO - Sync 1 DAGs
[2025-02-28T22:41:02.065+0200] {logging_mixin.py:190} INFO - [2025-02-28T22:41:02.065+0200] {dag.py:4180} INFO - Setting next_dagrun for example_task_group_decorator to None, run_after=None
[2025-02-28T22:41:02.071+0200] {processor.py:208} INFO - Processing /Users/nampham/.pyenv/versions/3.12.9/lib/python3.12/site-packages/airflow/example_dags/example_task_group_decorator.py took 0.086 seconds
[2025-02-28T22:42:09.667+0200] {processor.py:186} INFO - Started process (PID=21050) to work on /Users/nampham/.pyenv/versions/3.12.9/lib/python3.12/site-packages/airflow/example_dags/example_task_group_decorator.py
[2025-02-28T22:42:09.668+0200] {processor.py:914} INFO - Processing file /Users/nampham/.pyenv/versions/3.12.9/lib/python3.12/site-packages/airflow/example_dags/example_task_group_decorator.py for tasks to queue
[2025-02-28T22:42:09.668+0200] {logging_mixin.py:190} INFO - [2025-02-28T22:42:09.668+0200] {dagbag.py:588} INFO - Filling up the DagBag from /Users/nampham/.pyenv/versions/3.12.9/lib/python3.12/site-packages/airflow/example_dags/example_task_group_decorator.py
[2025-02-28T22:42:09.707+0200] {processor.py:925} INFO - DAG(s) 'example_task_group_decorator' retrieved from /Users/nampham/.pyenv/versions/3.12.9/lib/python3.12/site-packages/airflow/example_dags/example_task_group_decorator.py
[2025-02-28T22:42:09.742+0200] {logging_mixin.py:190} INFO - [2025-02-28T22:42:09.742+0200] {dag.py:3239} INFO - Sync 1 DAGs
[2025-02-28T22:42:09.746+0200] {logging_mixin.py:190} INFO - [2025-02-28T22:42:09.746+0200] {dag.py:4180} INFO - Setting next_dagrun for example_task_group_decorator to None, run_after=None
[2025-02-28T22:42:09.752+0200] {processor.py:208} INFO - Processing /Users/nampham/.pyenv/versions/3.12.9/lib/python3.12/site-packages/airflow/example_dags/example_task_group_decorator.py took 0.086 seconds
[2025-02-28T22:43:25.043+0200] {processor.py:186} INFO - Started process (PID=21329) to work on /Users/nampham/.pyenv/versions/3.12.9/lib/python3.12/site-packages/airflow/example_dags/example_task_group_decorator.py
[2025-02-28T22:43:25.044+0200] {processor.py:914} INFO - Processing file /Users/nampham/.pyenv/versions/3.12.9/lib/python3.12/site-packages/airflow/example_dags/example_task_group_decorator.py for tasks to queue
[2025-02-28T22:43:25.044+0200] {logging_mixin.py:190} INFO - [2025-02-28T22:43:25.044+0200] {dagbag.py:588} INFO - Filling up the DagBag from /Users/nampham/.pyenv/versions/3.12.9/lib/python3.12/site-packages/airflow/example_dags/example_task_group_decorator.py
[2025-02-28T22:43:25.084+0200] {processor.py:925} INFO - DAG(s) 'example_task_group_decorator' retrieved from /Users/nampham/.pyenv/versions/3.12.9/lib/python3.12/site-packages/airflow/example_dags/example_task_group_decorator.py
[2025-02-28T22:43:25.121+0200] {logging_mixin.py:190} INFO - [2025-02-28T22:43:25.120+0200] {dag.py:3239} INFO - Sync 1 DAGs
[2025-02-28T22:43:25.124+0200] {logging_mixin.py:190} INFO - [2025-02-28T22:43:25.124+0200] {dag.py:4180} INFO - Setting next_dagrun for example_task_group_decorator to None, run_after=None
[2025-02-28T22:43:25.130+0200] {processor.py:208} INFO - Processing /Users/nampham/.pyenv/versions/3.12.9/lib/python3.12/site-packages/airflow/example_dags/example_task_group_decorator.py took 0.089 seconds
[2025-02-28T22:44:41.560+0200] {processor.py:186} INFO - Started process (PID=21603) to work on /Users/nampham/.pyenv/versions/3.12.9/lib/python3.12/site-packages/airflow/example_dags/example_task_group_decorator.py
[2025-02-28T22:44:41.561+0200] {processor.py:914} INFO - Processing file /Users/nampham/.pyenv/versions/3.12.9/lib/python3.12/site-packages/airflow/example_dags/example_task_group_decorator.py for tasks to queue
[2025-02-28T22:44:41.561+0200] {logging_mixin.py:190} INFO - [2025-02-28T22:44:41.561+0200] {dagbag.py:588} INFO - Filling up the DagBag from /Users/nampham/.pyenv/versions/3.12.9/lib/python3.12/site-packages/airflow/example_dags/example_task_group_decorator.py
[2025-02-28T22:44:41.606+0200] {processor.py:925} INFO - DAG(s) 'example_task_group_decorator' retrieved from /Users/nampham/.pyenv/versions/3.12.9/lib/python3.12/site-packages/airflow/example_dags/example_task_group_decorator.py
[2025-02-28T22:44:41.644+0200] {logging_mixin.py:190} INFO - [2025-02-28T22:44:41.644+0200] {dag.py:3239} INFO - Sync 1 DAGs
[2025-02-28T22:44:41.648+0200] {logging_mixin.py:190} INFO - [2025-02-28T22:44:41.648+0200] {dag.py:4180} INFO - Setting next_dagrun for example_task_group_decorator to None, run_after=None
[2025-02-28T22:44:41.654+0200] {processor.py:208} INFO - Processing /Users/nampham/.pyenv/versions/3.12.9/lib/python3.12/site-packages/airflow/example_dags/example_task_group_decorator.py took 0.096 seconds
[2025-02-28T22:46:24.306+0200] {processor.py:186} INFO - Started process (PID=21953) to work on /Users/nampham/.pyenv/versions/3.12.9/lib/python3.12/site-packages/airflow/example_dags/example_task_group_decorator.py
[2025-02-28T22:46:24.307+0200] {processor.py:914} INFO - Processing file /Users/nampham/.pyenv/versions/3.12.9/lib/python3.12/site-packages/airflow/example_dags/example_task_group_decorator.py for tasks to queue
[2025-02-28T22:46:24.308+0200] {logging_mixin.py:190} INFO - [2025-02-28T22:46:24.308+0200] {dagbag.py:588} INFO - Filling up the DagBag from /Users/nampham/.pyenv/versions/3.12.9/lib/python3.12/site-packages/airflow/example_dags/example_task_group_decorator.py
[2025-02-28T22:46:24.347+0200] {processor.py:925} INFO - DAG(s) 'example_task_group_decorator' retrieved from /Users/nampham/.pyenv/versions/3.12.9/lib/python3.12/site-packages/airflow/example_dags/example_task_group_decorator.py
[2025-02-28T22:46:24.382+0200] {logging_mixin.py:190} INFO - [2025-02-28T22:46:24.382+0200] {dag.py:3239} INFO - Sync 1 DAGs
[2025-02-28T22:46:24.385+0200] {logging_mixin.py:190} INFO - [2025-02-28T22:46:24.385+0200] {dag.py:4180} INFO - Setting next_dagrun for example_task_group_decorator to None, run_after=None
[2025-02-28T22:46:24.391+0200] {processor.py:208} INFO - Processing /Users/nampham/.pyenv/versions/3.12.9/lib/python3.12/site-packages/airflow/example_dags/example_task_group_decorator.py took 0.086 seconds
[2025-02-28T22:48:23.506+0200] {processor.py:186} INFO - Started process (PID=22250) to work on /Users/nampham/.pyenv/versions/3.12.9/lib/python3.12/site-packages/airflow/example_dags/example_task_group_decorator.py
[2025-02-28T22:48:23.506+0200] {processor.py:914} INFO - Processing file /Users/nampham/.pyenv/versions/3.12.9/lib/python3.12/site-packages/airflow/example_dags/example_task_group_decorator.py for tasks to queue
[2025-02-28T22:48:23.507+0200] {logging_mixin.py:190} INFO - [2025-02-28T22:48:23.507+0200] {dagbag.py:588} INFO - Filling up the DagBag from /Users/nampham/.pyenv/versions/3.12.9/lib/python3.12/site-packages/airflow/example_dags/example_task_group_decorator.py
[2025-02-28T22:48:23.546+0200] {processor.py:925} INFO - DAG(s) 'example_task_group_decorator' retrieved from /Users/nampham/.pyenv/versions/3.12.9/lib/python3.12/site-packages/airflow/example_dags/example_task_group_decorator.py
[2025-02-28T22:48:23.580+0200] {logging_mixin.py:190} INFO - [2025-02-28T22:48:23.580+0200] {dag.py:3239} INFO - Sync 1 DAGs
[2025-02-28T22:48:23.584+0200] {logging_mixin.py:190} INFO - [2025-02-28T22:48:23.584+0200] {dag.py:4180} INFO - Setting next_dagrun for example_task_group_decorator to None, run_after=None
[2025-02-28T22:48:23.590+0200] {processor.py:208} INFO - Processing /Users/nampham/.pyenv/versions/3.12.9/lib/python3.12/site-packages/airflow/example_dags/example_task_group_decorator.py took 0.085 seconds
[2025-02-28T22:54:40.793+0200] {processor.py:186} INFO - Started process (PID=22702) to work on /Users/nampham/.pyenv/versions/3.12.9/lib/python3.12/site-packages/airflow/example_dags/example_task_group_decorator.py
[2025-02-28T22:54:40.794+0200] {processor.py:914} INFO - Processing file /Users/nampham/.pyenv/versions/3.12.9/lib/python3.12/site-packages/airflow/example_dags/example_task_group_decorator.py for tasks to queue
[2025-02-28T22:54:40.795+0200] {logging_mixin.py:190} INFO - [2025-02-28T22:54:40.795+0200] {dagbag.py:588} INFO - Filling up the DagBag from /Users/nampham/.pyenv/versions/3.12.9/lib/python3.12/site-packages/airflow/example_dags/example_task_group_decorator.py
[2025-02-28T22:54:40.835+0200] {processor.py:925} INFO - DAG(s) 'example_task_group_decorator' retrieved from /Users/nampham/.pyenv/versions/3.12.9/lib/python3.12/site-packages/airflow/example_dags/example_task_group_decorator.py
[2025-02-28T22:54:40.869+0200] {logging_mixin.py:190} INFO - [2025-02-28T22:54:40.869+0200] {dag.py:3239} INFO - Sync 1 DAGs
[2025-02-28T22:54:40.872+0200] {logging_mixin.py:190} INFO - [2025-02-28T22:54:40.872+0200] {dag.py:4180} INFO - Setting next_dagrun for example_task_group_decorator to None, run_after=None
[2025-02-28T22:54:40.879+0200] {processor.py:208} INFO - Processing /Users/nampham/.pyenv/versions/3.12.9/lib/python3.12/site-packages/airflow/example_dags/example_task_group_decorator.py took 0.087 seconds
[2025-02-28T22:56:25.459+0200] {processor.py:186} INFO - Started process (PID=23047) to work on /Users/nampham/.pyenv/versions/3.12.9/lib/python3.12/site-packages/airflow/example_dags/example_task_group_decorator.py
[2025-02-28T22:56:25.461+0200] {processor.py:914} INFO - Processing file /Users/nampham/.pyenv/versions/3.12.9/lib/python3.12/site-packages/airflow/example_dags/example_task_group_decorator.py for tasks to queue
[2025-02-28T22:56:25.461+0200] {logging_mixin.py:190} INFO - [2025-02-28T22:56:25.461+0200] {dagbag.py:588} INFO - Filling up the DagBag from /Users/nampham/.pyenv/versions/3.12.9/lib/python3.12/site-packages/airflow/example_dags/example_task_group_decorator.py
[2025-02-28T22:56:25.500+0200] {processor.py:925} INFO - DAG(s) 'example_task_group_decorator' retrieved from /Users/nampham/.pyenv/versions/3.12.9/lib/python3.12/site-packages/airflow/example_dags/example_task_group_decorator.py
[2025-02-28T22:56:25.535+0200] {logging_mixin.py:190} INFO - [2025-02-28T22:56:25.535+0200] {dag.py:3239} INFO - Sync 1 DAGs
[2025-02-28T22:56:25.539+0200] {logging_mixin.py:190} INFO - [2025-02-28T22:56:25.539+0200] {dag.py:4180} INFO - Setting next_dagrun for example_task_group_decorator to None, run_after=None
[2025-02-28T22:56:25.545+0200] {processor.py:208} INFO - Processing /Users/nampham/.pyenv/versions/3.12.9/lib/python3.12/site-packages/airflow/example_dags/example_task_group_decorator.py took 0.087 seconds
[2025-02-28T22:57:52.329+0200] {processor.py:186} INFO - Started process (PID=23333) to work on /Users/nampham/.pyenv/versions/3.12.9/lib/python3.12/site-packages/airflow/example_dags/example_task_group_decorator.py
[2025-02-28T22:57:52.329+0200] {processor.py:914} INFO - Processing file /Users/nampham/.pyenv/versions/3.12.9/lib/python3.12/site-packages/airflow/example_dags/example_task_group_decorator.py for tasks to queue
[2025-02-28T22:57:52.329+0200] {logging_mixin.py:190} INFO - [2025-02-28T22:57:52.329+0200] {dagbag.py:588} INFO - Filling up the DagBag from /Users/nampham/.pyenv/versions/3.12.9/lib/python3.12/site-packages/airflow/example_dags/example_task_group_decorator.py
[2025-02-28T22:57:52.368+0200] {processor.py:925} INFO - DAG(s) 'example_task_group_decorator' retrieved from /Users/nampham/.pyenv/versions/3.12.9/lib/python3.12/site-packages/airflow/example_dags/example_task_group_decorator.py
[2025-02-28T22:57:52.403+0200] {logging_mixin.py:190} INFO - [2025-02-28T22:57:52.403+0200] {dag.py:3239} INFO - Sync 1 DAGs
[2025-02-28T22:57:52.407+0200] {logging_mixin.py:190} INFO - [2025-02-28T22:57:52.407+0200] {dag.py:4180} INFO - Setting next_dagrun for example_task_group_decorator to None, run_after=None
[2025-02-28T22:57:52.413+0200] {processor.py:208} INFO - Processing /Users/nampham/.pyenv/versions/3.12.9/lib/python3.12/site-packages/airflow/example_dags/example_task_group_decorator.py took 0.086 seconds
[2025-02-28T22:59:09.724+0200] {processor.py:186} INFO - Started process (PID=23587) to work on /Users/nampham/.pyenv/versions/3.12.9/lib/python3.12/site-packages/airflow/example_dags/example_task_group_decorator.py
[2025-02-28T22:59:09.726+0200] {processor.py:914} INFO - Processing file /Users/nampham/.pyenv/versions/3.12.9/lib/python3.12/site-packages/airflow/example_dags/example_task_group_decorator.py for tasks to queue
[2025-02-28T22:59:09.726+0200] {logging_mixin.py:190} INFO - [2025-02-28T22:59:09.726+0200] {dagbag.py:588} INFO - Filling up the DagBag from /Users/nampham/.pyenv/versions/3.12.9/lib/python3.12/site-packages/airflow/example_dags/example_task_group_decorator.py
[2025-02-28T22:59:09.765+0200] {processor.py:925} INFO - DAG(s) 'example_task_group_decorator' retrieved from /Users/nampham/.pyenv/versions/3.12.9/lib/python3.12/site-packages/airflow/example_dags/example_task_group_decorator.py
[2025-02-28T22:59:09.800+0200] {logging_mixin.py:190} INFO - [2025-02-28T22:59:09.800+0200] {dag.py:3239} INFO - Sync 1 DAGs
[2025-02-28T22:59:09.804+0200] {logging_mixin.py:190} INFO - [2025-02-28T22:59:09.804+0200] {dag.py:4180} INFO - Setting next_dagrun for example_task_group_decorator to None, run_after=None
[2025-02-28T22:59:09.810+0200] {processor.py:208} INFO - Processing /Users/nampham/.pyenv/versions/3.12.9/lib/python3.12/site-packages/airflow/example_dags/example_task_group_decorator.py took 0.088 seconds
[2025-02-28T23:00:53.765+0200] {processor.py:186} INFO - Started process (PID=23953) to work on /Users/nampham/.pyenv/versions/3.12.9/lib/python3.12/site-packages/airflow/example_dags/example_task_group_decorator.py
[2025-02-28T23:00:53.768+0200] {processor.py:914} INFO - Processing file /Users/nampham/.pyenv/versions/3.12.9/lib/python3.12/site-packages/airflow/example_dags/example_task_group_decorator.py for tasks to queue
[2025-02-28T23:00:53.768+0200] {logging_mixin.py:190} INFO - [2025-02-28T23:00:53.768+0200] {dagbag.py:588} INFO - Filling up the DagBag from /Users/nampham/.pyenv/versions/3.12.9/lib/python3.12/site-packages/airflow/example_dags/example_task_group_decorator.py
[2025-02-28T23:00:53.807+0200] {processor.py:925} INFO - DAG(s) 'example_task_group_decorator' retrieved from /Users/nampham/.pyenv/versions/3.12.9/lib/python3.12/site-packages/airflow/example_dags/example_task_group_decorator.py
[2025-02-28T23:00:53.842+0200] {logging_mixin.py:190} INFO - [2025-02-28T23:00:53.842+0200] {dag.py:3239} INFO - Sync 1 DAGs
[2025-02-28T23:00:53.845+0200] {logging_mixin.py:190} INFO - [2025-02-28T23:00:53.845+0200] {dag.py:4180} INFO - Setting next_dagrun for example_task_group_decorator to None, run_after=None
[2025-02-28T23:00:53.852+0200] {processor.py:208} INFO - Processing /Users/nampham/.pyenv/versions/3.12.9/lib/python3.12/site-packages/airflow/example_dags/example_task_group_decorator.py took 0.088 seconds
[2025-02-28T23:02:07.838+0200] {processor.py:186} INFO - Started process (PID=24200) to work on /Users/nampham/.pyenv/versions/3.12.9/lib/python3.12/site-packages/airflow/example_dags/example_task_group_decorator.py
[2025-02-28T23:02:07.840+0200] {processor.py:914} INFO - Processing file /Users/nampham/.pyenv/versions/3.12.9/lib/python3.12/site-packages/airflow/example_dags/example_task_group_decorator.py for tasks to queue
[2025-02-28T23:02:07.840+0200] {logging_mixin.py:190} INFO - [2025-02-28T23:02:07.840+0200] {dagbag.py:588} INFO - Filling up the DagBag from /Users/nampham/.pyenv/versions/3.12.9/lib/python3.12/site-packages/airflow/example_dags/example_task_group_decorator.py
[2025-02-28T23:02:07.880+0200] {processor.py:925} INFO - DAG(s) 'example_task_group_decorator' retrieved from /Users/nampham/.pyenv/versions/3.12.9/lib/python3.12/site-packages/airflow/example_dags/example_task_group_decorator.py
[2025-02-28T23:02:07.915+0200] {logging_mixin.py:190} INFO - [2025-02-28T23:02:07.915+0200] {dag.py:3239} INFO - Sync 1 DAGs
[2025-02-28T23:02:07.918+0200] {logging_mixin.py:190} INFO - [2025-02-28T23:02:07.918+0200] {dag.py:4180} INFO - Setting next_dagrun for example_task_group_decorator to None, run_after=None
[2025-02-28T23:02:07.924+0200] {processor.py:208} INFO - Processing /Users/nampham/.pyenv/versions/3.12.9/lib/python3.12/site-packages/airflow/example_dags/example_task_group_decorator.py took 0.087 seconds
