[2025-02-28T18:24:37.939+0200] {processor.py:186} INFO - Started process (PID=93109) to work on /Users/nampham/.pyenv/versions/3.12.9/lib/python3.12/site-packages/airflow/example_dags/example_xcomargs.py
[2025-02-28T18:24:37.939+0200] {processor.py:914} INFO - Processing file /Users/nampham/.pyenv/versions/3.12.9/lib/python3.12/site-packages/airflow/example_dags/example_xcomargs.py for tasks to queue
[2025-02-28T18:24:37.940+0200] {logging_mixin.py:190} INFO - [2025-02-28T18:24:37.940+0200] {dagbag.py:588} INFO - Filling up the DagBag from /Users/nampham/.pyenv/versions/3.12.9/lib/python3.12/site-packages/airflow/example_dags/example_xcomargs.py
[2025-02-28T18:24:37.980+0200] {processor.py:925} INFO - DAG(s) 'example_xcom_args_with_operators', 'example_xcom_args' retrieved from /Users/nampham/.pyenv/versions/3.12.9/lib/python3.12/site-packages/airflow/example_dags/example_xcomargs.py
[2025-02-28T18:24:38.044+0200] {logging_mixin.py:190} INFO - [2025-02-28T18:24:38.044+0200] {override.py:1930} INFO - Created Permission View: can edit on DAG:example_xcom_args_with_operators
[2025-02-28T18:24:38.047+0200] {logging_mixin.py:190} INFO - [2025-02-28T18:24:38.047+0200] {override.py:1930} INFO - Created Permission View: can delete on DAG:example_xcom_args_with_operators
[2025-02-28T18:24:38.049+0200] {logging_mixin.py:190} INFO - [2025-02-28T18:24:38.049+0200] {override.py:1930} INFO - Created Permission View: can read on DAG:example_xcom_args_with_operators
[2025-02-28T18:24:38.051+0200] {logging_mixin.py:190} INFO - [2025-02-28T18:24:38.051+0200] {override.py:1930} INFO - Created Permission View: menu access on DAG Run:example_xcom_args_with_operators
[2025-02-28T18:24:38.053+0200] {logging_mixin.py:190} INFO - [2025-02-28T18:24:38.053+0200] {override.py:1930} INFO - Created Permission View: can create on DAG Run:example_xcom_args_with_operators
[2025-02-28T18:24:38.055+0200] {logging_mixin.py:190} INFO - [2025-02-28T18:24:38.055+0200] {override.py:1930} INFO - Created Permission View: can delete on DAG Run:example_xcom_args_with_operators
[2025-02-28T18:24:38.057+0200] {logging_mixin.py:190} INFO - [2025-02-28T18:24:38.057+0200] {override.py:1930} INFO - Created Permission View: can read on DAG Run:example_xcom_args_with_operators
[2025-02-28T18:24:38.060+0200] {logging_mixin.py:190} INFO - [2025-02-28T18:24:38.060+0200] {override.py:1930} INFO - Created Permission View: can edit on DAG:example_xcom_args
[2025-02-28T18:24:38.062+0200] {logging_mixin.py:190} INFO - [2025-02-28T18:24:38.062+0200] {override.py:1930} INFO - Created Permission View: can delete on DAG:example_xcom_args
[2025-02-28T18:24:38.064+0200] {logging_mixin.py:190} INFO - [2025-02-28T18:24:38.064+0200] {override.py:1930} INFO - Created Permission View: can read on DAG:example_xcom_args
[2025-02-28T18:24:38.066+0200] {logging_mixin.py:190} INFO - [2025-02-28T18:24:38.066+0200] {override.py:1930} INFO - Created Permission View: menu access on DAG Run:example_xcom_args
[2025-02-28T18:24:38.068+0200] {logging_mixin.py:190} INFO - [2025-02-28T18:24:38.068+0200] {override.py:1930} INFO - Created Permission View: can create on DAG Run:example_xcom_args
[2025-02-28T18:24:38.069+0200] {logging_mixin.py:190} INFO - [2025-02-28T18:24:38.069+0200] {override.py:1930} INFO - Created Permission View: can delete on DAG Run:example_xcom_args
[2025-02-28T18:24:38.071+0200] {logging_mixin.py:190} INFO - [2025-02-28T18:24:38.071+0200] {override.py:1930} INFO - Created Permission View: can read on DAG Run:example_xcom_args
[2025-02-28T18:24:38.071+0200] {logging_mixin.py:190} INFO - [2025-02-28T18:24:38.071+0200] {dag.py:3239} INFO - Sync 2 DAGs
[2025-02-28T18:24:38.076+0200] {logging_mixin.py:190} INFO - [2025-02-28T18:24:38.075+0200] {dag.py:3262} INFO - Creating ORM DAG for example_xcom_args_with_operators
[2025-02-28T18:24:38.076+0200] {logging_mixin.py:190} INFO - [2025-02-28T18:24:38.076+0200] {dag.py:3262} INFO - Creating ORM DAG for example_xcom_args
[2025-02-28T18:24:38.076+0200] {logging_mixin.py:190} INFO - [2025-02-28T18:24:38.076+0200] {dag.py:4180} INFO - Setting next_dagrun for example_xcom_args to None, run_after=None
[2025-02-28T18:24:38.076+0200] {logging_mixin.py:190} INFO - [2025-02-28T18:24:38.076+0200] {dag.py:4180} INFO - Setting next_dagrun for example_xcom_args_with_operators to None, run_after=None
[2025-02-28T18:24:38.082+0200] {processor.py:208} INFO - Processing /Users/nampham/.pyenv/versions/3.12.9/lib/python3.12/site-packages/airflow/example_dags/example_xcomargs.py took 0.144 seconds
[2025-02-28T18:26:26.215+0200] {processor.py:186} INFO - Started process (PID=93569) to work on /Users/nampham/.pyenv/versions/3.12.9/lib/python3.12/site-packages/airflow/example_dags/example_xcomargs.py
[2025-02-28T18:26:26.217+0200] {processor.py:914} INFO - Processing file /Users/nampham/.pyenv/versions/3.12.9/lib/python3.12/site-packages/airflow/example_dags/example_xcomargs.py for tasks to queue
[2025-02-28T18:26:26.217+0200] {logging_mixin.py:190} INFO - [2025-02-28T18:26:26.217+0200] {dagbag.py:588} INFO - Filling up the DagBag from /Users/nampham/.pyenv/versions/3.12.9/lib/python3.12/site-packages/airflow/example_dags/example_xcomargs.py
[2025-02-28T18:26:26.254+0200] {processor.py:925} INFO - DAG(s) 'example_xcom_args_with_operators', 'example_xcom_args' retrieved from /Users/nampham/.pyenv/versions/3.12.9/lib/python3.12/site-packages/airflow/example_dags/example_xcomargs.py
[2025-02-28T18:26:26.288+0200] {logging_mixin.py:190} INFO - [2025-02-28T18:26:26.288+0200] {dag.py:3239} INFO - Sync 2 DAGs
[2025-02-28T18:26:26.292+0200] {logging_mixin.py:190} INFO - [2025-02-28T18:26:26.292+0200] {dag.py:4180} INFO - Setting next_dagrun for example_xcom_args to None, run_after=None
[2025-02-28T18:26:26.293+0200] {logging_mixin.py:190} INFO - [2025-02-28T18:26:26.293+0200] {dag.py:4180} INFO - Setting next_dagrun for example_xcom_args_with_operators to None, run_after=None
[2025-02-28T18:26:26.299+0200] {processor.py:208} INFO - Processing /Users/nampham/.pyenv/versions/3.12.9/lib/python3.12/site-packages/airflow/example_dags/example_xcomargs.py took 0.085 seconds
[2025-02-28T18:27:47.700+0200] {processor.py:186} INFO - Started process (PID=93886) to work on /Users/nampham/.pyenv/versions/3.12.9/lib/python3.12/site-packages/airflow/example_dags/example_xcomargs.py
[2025-02-28T18:27:47.701+0200] {processor.py:914} INFO - Processing file /Users/nampham/.pyenv/versions/3.12.9/lib/python3.12/site-packages/airflow/example_dags/example_xcomargs.py for tasks to queue
[2025-02-28T18:27:47.702+0200] {logging_mixin.py:190} INFO - [2025-02-28T18:27:47.702+0200] {dagbag.py:588} INFO - Filling up the DagBag from /Users/nampham/.pyenv/versions/3.12.9/lib/python3.12/site-packages/airflow/example_dags/example_xcomargs.py
[2025-02-28T18:27:47.744+0200] {processor.py:925} INFO - DAG(s) 'example_xcom_args', 'example_xcom_args_with_operators' retrieved from /Users/nampham/.pyenv/versions/3.12.9/lib/python3.12/site-packages/airflow/example_dags/example_xcomargs.py
[2025-02-28T18:27:47.781+0200] {logging_mixin.py:190} INFO - [2025-02-28T18:27:47.781+0200] {dag.py:3239} INFO - Sync 2 DAGs
[2025-02-28T18:27:47.786+0200] {logging_mixin.py:190} INFO - [2025-02-28T18:27:47.785+0200] {dag.py:4180} INFO - Setting next_dagrun for example_xcom_args to None, run_after=None
[2025-02-28T18:27:47.787+0200] {logging_mixin.py:190} INFO - [2025-02-28T18:27:47.787+0200] {dag.py:4180} INFO - Setting next_dagrun for example_xcom_args_with_operators to None, run_after=None
[2025-02-28T18:27:47.792+0200] {processor.py:208} INFO - Processing /Users/nampham/.pyenv/versions/3.12.9/lib/python3.12/site-packages/airflow/example_dags/example_xcomargs.py took 0.094 seconds
[2025-02-28T18:29:07.564+0200] {processor.py:186} INFO - Started process (PID=94216) to work on /Users/nampham/.pyenv/versions/3.12.9/lib/python3.12/site-packages/airflow/example_dags/example_xcomargs.py
[2025-02-28T18:29:07.565+0200] {processor.py:914} INFO - Processing file /Users/nampham/.pyenv/versions/3.12.9/lib/python3.12/site-packages/airflow/example_dags/example_xcomargs.py for tasks to queue
[2025-02-28T18:29:07.567+0200] {logging_mixin.py:190} INFO - [2025-02-28T18:29:07.566+0200] {dagbag.py:588} INFO - Filling up the DagBag from /Users/nampham/.pyenv/versions/3.12.9/lib/python3.12/site-packages/airflow/example_dags/example_xcomargs.py
[2025-02-28T18:29:07.615+0200] {processor.py:925} INFO - DAG(s) 'example_xcom_args', 'example_xcom_args_with_operators' retrieved from /Users/nampham/.pyenv/versions/3.12.9/lib/python3.12/site-packages/airflow/example_dags/example_xcomargs.py
[2025-02-28T18:29:07.663+0200] {logging_mixin.py:190} INFO - [2025-02-28T18:29:07.663+0200] {dag.py:3239} INFO - Sync 2 DAGs
[2025-02-28T18:29:07.674+0200] {logging_mixin.py:190} INFO - [2025-02-28T18:29:07.674+0200] {dag.py:4180} INFO - Setting next_dagrun for example_xcom_args to None, run_after=None
[2025-02-28T18:29:07.676+0200] {logging_mixin.py:190} INFO - [2025-02-28T18:29:07.676+0200] {dag.py:4180} INFO - Setting next_dagrun for example_xcom_args_with_operators to None, run_after=None
[2025-02-28T18:29:07.684+0200] {processor.py:208} INFO - Processing /Users/nampham/.pyenv/versions/3.12.9/lib/python3.12/site-packages/airflow/example_dags/example_xcomargs.py took 0.122 seconds
[2025-02-28T18:30:29.233+0200] {processor.py:186} INFO - Started process (PID=94514) to work on /Users/nampham/.pyenv/versions/3.12.9/lib/python3.12/site-packages/airflow/example_dags/example_xcomargs.py
[2025-02-28T18:30:29.235+0200] {processor.py:914} INFO - Processing file /Users/nampham/.pyenv/versions/3.12.9/lib/python3.12/site-packages/airflow/example_dags/example_xcomargs.py for tasks to queue
[2025-02-28T18:30:29.236+0200] {logging_mixin.py:190} INFO - [2025-02-28T18:30:29.236+0200] {dagbag.py:588} INFO - Filling up the DagBag from /Users/nampham/.pyenv/versions/3.12.9/lib/python3.12/site-packages/airflow/example_dags/example_xcomargs.py
[2025-02-28T18:30:29.274+0200] {processor.py:925} INFO - DAG(s) 'example_xcom_args_with_operators', 'example_xcom_args' retrieved from /Users/nampham/.pyenv/versions/3.12.9/lib/python3.12/site-packages/airflow/example_dags/example_xcomargs.py
[2025-02-28T18:30:29.308+0200] {logging_mixin.py:190} INFO - [2025-02-28T18:30:29.308+0200] {dag.py:3239} INFO - Sync 2 DAGs
[2025-02-28T18:30:29.312+0200] {logging_mixin.py:190} INFO - [2025-02-28T18:30:29.312+0200] {dag.py:4180} INFO - Setting next_dagrun for example_xcom_args to None, run_after=None
[2025-02-28T18:30:29.313+0200] {logging_mixin.py:190} INFO - [2025-02-28T18:30:29.313+0200] {dag.py:4180} INFO - Setting next_dagrun for example_xcom_args_with_operators to None, run_after=None
[2025-02-28T18:30:29.319+0200] {processor.py:208} INFO - Processing /Users/nampham/.pyenv/versions/3.12.9/lib/python3.12/site-packages/airflow/example_dags/example_xcomargs.py took 0.087 seconds
[2025-02-28T20:10:51.532+0200] {processor.py:186} INFO - Started process (PID=97218) to work on /Users/nampham/.pyenv/versions/3.12.9/lib/python3.12/site-packages/airflow/example_dags/example_xcomargs.py
[2025-02-28T20:10:51.533+0200] {processor.py:914} INFO - Processing file /Users/nampham/.pyenv/versions/3.12.9/lib/python3.12/site-packages/airflow/example_dags/example_xcomargs.py for tasks to queue
[2025-02-28T20:10:51.534+0200] {logging_mixin.py:190} INFO - [2025-02-28T20:10:51.534+0200] {dagbag.py:588} INFO - Filling up the DagBag from /Users/nampham/.pyenv/versions/3.12.9/lib/python3.12/site-packages/airflow/example_dags/example_xcomargs.py
[2025-02-28T20:10:51.572+0200] {processor.py:925} INFO - DAG(s) 'example_xcom_args', 'example_xcom_args_with_operators' retrieved from /Users/nampham/.pyenv/versions/3.12.9/lib/python3.12/site-packages/airflow/example_dags/example_xcomargs.py
[2025-02-28T20:10:51.639+0200] {logging_mixin.py:190} INFO - [2025-02-28T20:10:51.639+0200] {dag.py:3239} INFO - Sync 2 DAGs
[2025-02-28T20:10:51.643+0200] {logging_mixin.py:190} INFO - [2025-02-28T20:10:51.643+0200] {dag.py:4180} INFO - Setting next_dagrun for example_xcom_args to None, run_after=None
[2025-02-28T20:10:51.644+0200] {logging_mixin.py:190} INFO - [2025-02-28T20:10:51.644+0200] {dag.py:4180} INFO - Setting next_dagrun for example_xcom_args_with_operators to None, run_after=None
[2025-02-28T20:10:51.650+0200] {processor.py:208} INFO - Processing /Users/nampham/.pyenv/versions/3.12.9/lib/python3.12/site-packages/airflow/example_dags/example_xcomargs.py took 0.119 seconds
[2025-02-28T20:12:40.000+0200] {processor.py:186} INFO - Started process (PID=97821) to work on /Users/nampham/.pyenv/versions/3.12.9/lib/python3.12/site-packages/airflow/example_dags/example_xcomargs.py
[2025-02-28T20:12:40.001+0200] {processor.py:914} INFO - Processing file /Users/nampham/.pyenv/versions/3.12.9/lib/python3.12/site-packages/airflow/example_dags/example_xcomargs.py for tasks to queue
[2025-02-28T20:12:40.002+0200] {logging_mixin.py:190} INFO - [2025-02-28T20:12:40.002+0200] {dagbag.py:588} INFO - Filling up the DagBag from /Users/nampham/.pyenv/versions/3.12.9/lib/python3.12/site-packages/airflow/example_dags/example_xcomargs.py
[2025-02-28T20:12:40.046+0200] {processor.py:925} INFO - DAG(s) 'example_xcom_args_with_operators', 'example_xcom_args' retrieved from /Users/nampham/.pyenv/versions/3.12.9/lib/python3.12/site-packages/airflow/example_dags/example_xcomargs.py
[2025-02-28T20:12:40.084+0200] {logging_mixin.py:190} INFO - [2025-02-28T20:12:40.084+0200] {dag.py:3239} INFO - Sync 2 DAGs
[2025-02-28T20:12:40.088+0200] {logging_mixin.py:190} INFO - [2025-02-28T20:12:40.088+0200] {dag.py:4180} INFO - Setting next_dagrun for example_xcom_args to None, run_after=None
[2025-02-28T20:12:40.089+0200] {logging_mixin.py:190} INFO - [2025-02-28T20:12:40.089+0200] {dag.py:4180} INFO - Setting next_dagrun for example_xcom_args_with_operators to None, run_after=None
[2025-02-28T20:12:40.095+0200] {processor.py:208} INFO - Processing /Users/nampham/.pyenv/versions/3.12.9/lib/python3.12/site-packages/airflow/example_dags/example_xcomargs.py took 0.097 seconds
[2025-02-28T20:14:30.046+0200] {processor.py:186} INFO - Started process (PID=98287) to work on /Users/nampham/.pyenv/versions/3.12.9/lib/python3.12/site-packages/airflow/example_dags/example_xcomargs.py
[2025-02-28T20:14:30.048+0200] {processor.py:914} INFO - Processing file /Users/nampham/.pyenv/versions/3.12.9/lib/python3.12/site-packages/airflow/example_dags/example_xcomargs.py for tasks to queue
[2025-02-28T20:14:30.048+0200] {logging_mixin.py:190} INFO - [2025-02-28T20:14:30.048+0200] {dagbag.py:588} INFO - Filling up the DagBag from /Users/nampham/.pyenv/versions/3.12.9/lib/python3.12/site-packages/airflow/example_dags/example_xcomargs.py
[2025-02-28T20:14:30.085+0200] {processor.py:925} INFO - DAG(s) 'example_xcom_args', 'example_xcom_args_with_operators' retrieved from /Users/nampham/.pyenv/versions/3.12.9/lib/python3.12/site-packages/airflow/example_dags/example_xcomargs.py
[2025-02-28T20:14:30.119+0200] {logging_mixin.py:190} INFO - [2025-02-28T20:14:30.119+0200] {dag.py:3239} INFO - Sync 2 DAGs
[2025-02-28T20:14:30.123+0200] {logging_mixin.py:190} INFO - [2025-02-28T20:14:30.123+0200] {dag.py:4180} INFO - Setting next_dagrun for example_xcom_args to None, run_after=None
[2025-02-28T20:14:30.124+0200] {logging_mixin.py:190} INFO - [2025-02-28T20:14:30.124+0200] {dag.py:4180} INFO - Setting next_dagrun for example_xcom_args_with_operators to None, run_after=None
[2025-02-28T20:14:30.129+0200] {processor.py:208} INFO - Processing /Users/nampham/.pyenv/versions/3.12.9/lib/python3.12/site-packages/airflow/example_dags/example_xcomargs.py took 0.085 seconds
[2025-02-28T20:15:50.485+0200] {processor.py:186} INFO - Started process (PID=98568) to work on /Users/nampham/.pyenv/versions/3.12.9/lib/python3.12/site-packages/airflow/example_dags/example_xcomargs.py
[2025-02-28T20:15:50.486+0200] {processor.py:914} INFO - Processing file /Users/nampham/.pyenv/versions/3.12.9/lib/python3.12/site-packages/airflow/example_dags/example_xcomargs.py for tasks to queue
[2025-02-28T20:15:50.487+0200] {logging_mixin.py:190} INFO - [2025-02-28T20:15:50.487+0200] {dagbag.py:588} INFO - Filling up the DagBag from /Users/nampham/.pyenv/versions/3.12.9/lib/python3.12/site-packages/airflow/example_dags/example_xcomargs.py
[2025-02-28T20:15:50.524+0200] {processor.py:925} INFO - DAG(s) 'example_xcom_args', 'example_xcom_args_with_operators' retrieved from /Users/nampham/.pyenv/versions/3.12.9/lib/python3.12/site-packages/airflow/example_dags/example_xcomargs.py
[2025-02-28T20:15:50.558+0200] {logging_mixin.py:190} INFO - [2025-02-28T20:15:50.558+0200] {dag.py:3239} INFO - Sync 2 DAGs
[2025-02-28T20:15:50.562+0200] {logging_mixin.py:190} INFO - [2025-02-28T20:15:50.562+0200] {dag.py:4180} INFO - Setting next_dagrun for example_xcom_args to None, run_after=None
[2025-02-28T20:15:50.563+0200] {logging_mixin.py:190} INFO - [2025-02-28T20:15:50.563+0200] {dag.py:4180} INFO - Setting next_dagrun for example_xcom_args_with_operators to None, run_after=None
[2025-02-28T20:15:50.568+0200] {processor.py:208} INFO - Processing /Users/nampham/.pyenv/versions/3.12.9/lib/python3.12/site-packages/airflow/example_dags/example_xcomargs.py took 0.084 seconds
[2025-02-28T20:17:06.599+0200] {processor.py:186} INFO - Started process (PID=98862) to work on /Users/nampham/.pyenv/versions/3.12.9/lib/python3.12/site-packages/airflow/example_dags/example_xcomargs.py
[2025-02-28T20:17:06.599+0200] {processor.py:914} INFO - Processing file /Users/nampham/.pyenv/versions/3.12.9/lib/python3.12/site-packages/airflow/example_dags/example_xcomargs.py for tasks to queue
[2025-02-28T20:17:06.600+0200] {logging_mixin.py:190} INFO - [2025-02-28T20:17:06.600+0200] {dagbag.py:588} INFO - Filling up the DagBag from /Users/nampham/.pyenv/versions/3.12.9/lib/python3.12/site-packages/airflow/example_dags/example_xcomargs.py
[2025-02-28T20:17:06.643+0200] {processor.py:925} INFO - DAG(s) 'example_xcom_args', 'example_xcom_args_with_operators' retrieved from /Users/nampham/.pyenv/versions/3.12.9/lib/python3.12/site-packages/airflow/example_dags/example_xcomargs.py
[2025-02-28T20:17:06.677+0200] {logging_mixin.py:190} INFO - [2025-02-28T20:17:06.677+0200] {dag.py:3239} INFO - Sync 2 DAGs
[2025-02-28T20:17:06.681+0200] {logging_mixin.py:190} INFO - [2025-02-28T20:17:06.681+0200] {dag.py:4180} INFO - Setting next_dagrun for example_xcom_args to None, run_after=None
[2025-02-28T20:17:06.682+0200] {logging_mixin.py:190} INFO - [2025-02-28T20:17:06.682+0200] {dag.py:4180} INFO - Setting next_dagrun for example_xcom_args_with_operators to None, run_after=None
[2025-02-28T20:17:06.687+0200] {processor.py:208} INFO - Processing /Users/nampham/.pyenv/versions/3.12.9/lib/python3.12/site-packages/airflow/example_dags/example_xcomargs.py took 0.090 seconds
[2025-02-28T20:18:20.924+0200] {processor.py:186} INFO - Started process (PID=99218) to work on /Users/nampham/.pyenv/versions/3.12.9/lib/python3.12/site-packages/airflow/example_dags/example_xcomargs.py
[2025-02-28T20:18:20.925+0200] {processor.py:914} INFO - Processing file /Users/nampham/.pyenv/versions/3.12.9/lib/python3.12/site-packages/airflow/example_dags/example_xcomargs.py for tasks to queue
[2025-02-28T20:18:20.925+0200] {logging_mixin.py:190} INFO - [2025-02-28T20:18:20.925+0200] {dagbag.py:588} INFO - Filling up the DagBag from /Users/nampham/.pyenv/versions/3.12.9/lib/python3.12/site-packages/airflow/example_dags/example_xcomargs.py
[2025-02-28T20:18:20.963+0200] {processor.py:925} INFO - DAG(s) 'example_xcom_args_with_operators', 'example_xcom_args' retrieved from /Users/nampham/.pyenv/versions/3.12.9/lib/python3.12/site-packages/airflow/example_dags/example_xcomargs.py
[2025-02-28T20:18:21.003+0200] {logging_mixin.py:190} INFO - [2025-02-28T20:18:21.003+0200] {dag.py:3239} INFO - Sync 2 DAGs
[2025-02-28T20:18:21.007+0200] {logging_mixin.py:190} INFO - [2025-02-28T20:18:21.007+0200] {dag.py:4180} INFO - Setting next_dagrun for example_xcom_args to None, run_after=None
[2025-02-28T20:18:21.008+0200] {logging_mixin.py:190} INFO - [2025-02-28T20:18:21.008+0200] {dag.py:4180} INFO - Setting next_dagrun for example_xcom_args_with_operators to None, run_after=None
[2025-02-28T20:18:21.014+0200] {processor.py:208} INFO - Processing /Users/nampham/.pyenv/versions/3.12.9/lib/python3.12/site-packages/airflow/example_dags/example_xcomargs.py took 0.092 seconds
[2025-02-28T20:20:14.463+0200] {processor.py:186} INFO - Started process (PID=99667) to work on /Users/nampham/.pyenv/versions/3.12.9/lib/python3.12/site-packages/airflow/example_dags/example_xcomargs.py
[2025-02-28T20:20:14.464+0200] {processor.py:914} INFO - Processing file /Users/nampham/.pyenv/versions/3.12.9/lib/python3.12/site-packages/airflow/example_dags/example_xcomargs.py for tasks to queue
[2025-02-28T20:20:14.464+0200] {logging_mixin.py:190} INFO - [2025-02-28T20:20:14.464+0200] {dagbag.py:588} INFO - Filling up the DagBag from /Users/nampham/.pyenv/versions/3.12.9/lib/python3.12/site-packages/airflow/example_dags/example_xcomargs.py
[2025-02-28T20:20:14.505+0200] {processor.py:925} INFO - DAG(s) 'example_xcom_args_with_operators', 'example_xcom_args' retrieved from /Users/nampham/.pyenv/versions/3.12.9/lib/python3.12/site-packages/airflow/example_dags/example_xcomargs.py
[2025-02-28T20:20:14.541+0200] {logging_mixin.py:190} INFO - [2025-02-28T20:20:14.540+0200] {dag.py:3239} INFO - Sync 2 DAGs
[2025-02-28T20:20:14.544+0200] {logging_mixin.py:190} INFO - [2025-02-28T20:20:14.544+0200] {dag.py:4180} INFO - Setting next_dagrun for example_xcom_args to None, run_after=None
[2025-02-28T20:20:14.545+0200] {logging_mixin.py:190} INFO - [2025-02-28T20:20:14.545+0200] {dag.py:4180} INFO - Setting next_dagrun for example_xcom_args_with_operators to None, run_after=None
[2025-02-28T20:20:14.551+0200] {processor.py:208} INFO - Processing /Users/nampham/.pyenv/versions/3.12.9/lib/python3.12/site-packages/airflow/example_dags/example_xcomargs.py took 0.090 seconds
[2025-02-28T20:21:33.614+0200] {processor.py:186} INFO - Started process (PID=99976) to work on /Users/nampham/.pyenv/versions/3.12.9/lib/python3.12/site-packages/airflow/example_dags/example_xcomargs.py
[2025-02-28T20:21:33.615+0200] {processor.py:914} INFO - Processing file /Users/nampham/.pyenv/versions/3.12.9/lib/python3.12/site-packages/airflow/example_dags/example_xcomargs.py for tasks to queue
[2025-02-28T20:21:33.616+0200] {logging_mixin.py:190} INFO - [2025-02-28T20:21:33.616+0200] {dagbag.py:588} INFO - Filling up the DagBag from /Users/nampham/.pyenv/versions/3.12.9/lib/python3.12/site-packages/airflow/example_dags/example_xcomargs.py
[2025-02-28T20:21:33.653+0200] {processor.py:925} INFO - DAG(s) 'example_xcom_args_with_operators', 'example_xcom_args' retrieved from /Users/nampham/.pyenv/versions/3.12.9/lib/python3.12/site-packages/airflow/example_dags/example_xcomargs.py
[2025-02-28T20:21:33.688+0200] {logging_mixin.py:190} INFO - [2025-02-28T20:21:33.688+0200] {dag.py:3239} INFO - Sync 2 DAGs
[2025-02-28T20:21:33.692+0200] {logging_mixin.py:190} INFO - [2025-02-28T20:21:33.692+0200] {dag.py:4180} INFO - Setting next_dagrun for example_xcom_args to None, run_after=None
[2025-02-28T20:21:33.693+0200] {logging_mixin.py:190} INFO - [2025-02-28T20:21:33.693+0200] {dag.py:4180} INFO - Setting next_dagrun for example_xcom_args_with_operators to None, run_after=None
[2025-02-28T20:21:33.698+0200] {processor.py:208} INFO - Processing /Users/nampham/.pyenv/versions/3.12.9/lib/python3.12/site-packages/airflow/example_dags/example_xcomargs.py took 0.085 seconds
[2025-02-28T20:22:48.099+0200] {processor.py:186} INFO - Started process (PID=327) to work on /Users/nampham/.pyenv/versions/3.12.9/lib/python3.12/site-packages/airflow/example_dags/example_xcomargs.py
[2025-02-28T20:22:48.100+0200] {processor.py:914} INFO - Processing file /Users/nampham/.pyenv/versions/3.12.9/lib/python3.12/site-packages/airflow/example_dags/example_xcomargs.py for tasks to queue
[2025-02-28T20:22:48.101+0200] {logging_mixin.py:190} INFO - [2025-02-28T20:22:48.101+0200] {dagbag.py:588} INFO - Filling up the DagBag from /Users/nampham/.pyenv/versions/3.12.9/lib/python3.12/site-packages/airflow/example_dags/example_xcomargs.py
[2025-02-28T20:22:48.148+0200] {processor.py:925} INFO - DAG(s) 'example_xcom_args', 'example_xcom_args_with_operators' retrieved from /Users/nampham/.pyenv/versions/3.12.9/lib/python3.12/site-packages/airflow/example_dags/example_xcomargs.py
[2025-02-28T20:22:48.187+0200] {logging_mixin.py:190} INFO - [2025-02-28T20:22:48.186+0200] {dag.py:3239} INFO - Sync 2 DAGs
[2025-02-28T20:22:48.191+0200] {logging_mixin.py:190} INFO - [2025-02-28T20:22:48.191+0200] {dag.py:4180} INFO - Setting next_dagrun for example_xcom_args to None, run_after=None
[2025-02-28T20:22:48.192+0200] {logging_mixin.py:190} INFO - [2025-02-28T20:22:48.192+0200] {dag.py:4180} INFO - Setting next_dagrun for example_xcom_args_with_operators to None, run_after=None
[2025-02-28T20:22:48.198+0200] {processor.py:208} INFO - Processing /Users/nampham/.pyenv/versions/3.12.9/lib/python3.12/site-packages/airflow/example_dags/example_xcomargs.py took 0.100 seconds
[2025-02-28T21:27:35.067+0200] {processor.py:186} INFO - Started process (PID=5444) to work on /Users/nampham/.pyenv/versions/3.12.9/lib/python3.12/site-packages/airflow/example_dags/example_xcomargs.py
[2025-02-28T21:27:35.068+0200] {processor.py:914} INFO - Processing file /Users/nampham/.pyenv/versions/3.12.9/lib/python3.12/site-packages/airflow/example_dags/example_xcomargs.py for tasks to queue
[2025-02-28T21:27:35.069+0200] {logging_mixin.py:190} INFO - [2025-02-28T21:27:35.069+0200] {dagbag.py:588} INFO - Filling up the DagBag from /Users/nampham/.pyenv/versions/3.12.9/lib/python3.12/site-packages/airflow/example_dags/example_xcomargs.py
[2025-02-28T21:27:35.107+0200] {processor.py:925} INFO - DAG(s) 'example_xcom_args', 'example_xcom_args_with_operators' retrieved from /Users/nampham/.pyenv/versions/3.12.9/lib/python3.12/site-packages/airflow/example_dags/example_xcomargs.py
[2025-02-28T21:27:35.141+0200] {logging_mixin.py:190} INFO - [2025-02-28T21:27:35.141+0200] {dag.py:3239} INFO - Sync 2 DAGs
[2025-02-28T21:27:35.145+0200] {logging_mixin.py:190} INFO - [2025-02-28T21:27:35.145+0200] {dag.py:4180} INFO - Setting next_dagrun for example_xcom_args to None, run_after=None
[2025-02-28T21:27:35.146+0200] {logging_mixin.py:190} INFO - [2025-02-28T21:27:35.146+0200] {dag.py:4180} INFO - Setting next_dagrun for example_xcom_args_with_operators to None, run_after=None
[2025-02-28T21:27:35.152+0200] {processor.py:208} INFO - Processing /Users/nampham/.pyenv/versions/3.12.9/lib/python3.12/site-packages/airflow/example_dags/example_xcomargs.py took 0.086 seconds
[2025-02-28T21:30:20.446+0200] {processor.py:186} INFO - Started process (PID=6103) to work on /Users/nampham/.pyenv/versions/3.12.9/lib/python3.12/site-packages/airflow/example_dags/example_xcomargs.py
[2025-02-28T21:30:20.447+0200] {processor.py:914} INFO - Processing file /Users/nampham/.pyenv/versions/3.12.9/lib/python3.12/site-packages/airflow/example_dags/example_xcomargs.py for tasks to queue
[2025-02-28T21:30:20.448+0200] {logging_mixin.py:190} INFO - [2025-02-28T21:30:20.448+0200] {dagbag.py:588} INFO - Filling up the DagBag from /Users/nampham/.pyenv/versions/3.12.9/lib/python3.12/site-packages/airflow/example_dags/example_xcomargs.py
[2025-02-28T21:30:20.489+0200] {processor.py:925} INFO - DAG(s) 'example_xcom_args_with_operators', 'example_xcom_args' retrieved from /Users/nampham/.pyenv/versions/3.12.9/lib/python3.12/site-packages/airflow/example_dags/example_xcomargs.py
[2025-02-28T21:30:20.524+0200] {logging_mixin.py:190} INFO - [2025-02-28T21:30:20.524+0200] {dag.py:3239} INFO - Sync 2 DAGs
[2025-02-28T21:30:20.527+0200] {logging_mixin.py:190} INFO - [2025-02-28T21:30:20.527+0200] {dag.py:4180} INFO - Setting next_dagrun for example_xcom_args to None, run_after=None
[2025-02-28T21:30:20.528+0200] {logging_mixin.py:190} INFO - [2025-02-28T21:30:20.528+0200] {dag.py:4180} INFO - Setting next_dagrun for example_xcom_args_with_operators to None, run_after=None
[2025-02-28T21:30:20.534+0200] {processor.py:208} INFO - Processing /Users/nampham/.pyenv/versions/3.12.9/lib/python3.12/site-packages/airflow/example_dags/example_xcomargs.py took 0.089 seconds
[2025-02-28T21:32:09.561+0200] {processor.py:186} INFO - Started process (PID=6534) to work on /Users/nampham/.pyenv/versions/3.12.9/lib/python3.12/site-packages/airflow/example_dags/example_xcomargs.py
[2025-02-28T21:32:09.562+0200] {processor.py:914} INFO - Processing file /Users/nampham/.pyenv/versions/3.12.9/lib/python3.12/site-packages/airflow/example_dags/example_xcomargs.py for tasks to queue
[2025-02-28T21:32:09.563+0200] {logging_mixin.py:190} INFO - [2025-02-28T21:32:09.563+0200] {dagbag.py:588} INFO - Filling up the DagBag from /Users/nampham/.pyenv/versions/3.12.9/lib/python3.12/site-packages/airflow/example_dags/example_xcomargs.py
[2025-02-28T21:32:09.601+0200] {processor.py:925} INFO - DAG(s) 'example_xcom_args', 'example_xcom_args_with_operators' retrieved from /Users/nampham/.pyenv/versions/3.12.9/lib/python3.12/site-packages/airflow/example_dags/example_xcomargs.py
[2025-02-28T21:32:09.637+0200] {logging_mixin.py:190} INFO - [2025-02-28T21:32:09.637+0200] {dag.py:3239} INFO - Sync 2 DAGs
[2025-02-28T21:32:09.642+0200] {logging_mixin.py:190} INFO - [2025-02-28T21:32:09.641+0200] {dag.py:4180} INFO - Setting next_dagrun for example_xcom_args to None, run_after=None
[2025-02-28T21:32:09.643+0200] {logging_mixin.py:190} INFO - [2025-02-28T21:32:09.643+0200] {dag.py:4180} INFO - Setting next_dagrun for example_xcom_args_with_operators to None, run_after=None
[2025-02-28T21:32:09.648+0200] {processor.py:208} INFO - Processing /Users/nampham/.pyenv/versions/3.12.9/lib/python3.12/site-packages/airflow/example_dags/example_xcomargs.py took 0.088 seconds
[2025-02-28T21:33:28.179+0200] {processor.py:186} INFO - Started process (PID=7038) to work on /Users/nampham/.pyenv/versions/3.12.9/lib/python3.12/site-packages/airflow/example_dags/example_xcomargs.py
[2025-02-28T21:33:28.180+0200] {processor.py:914} INFO - Processing file /Users/nampham/.pyenv/versions/3.12.9/lib/python3.12/site-packages/airflow/example_dags/example_xcomargs.py for tasks to queue
[2025-02-28T21:33:28.180+0200] {logging_mixin.py:190} INFO - [2025-02-28T21:33:28.180+0200] {dagbag.py:588} INFO - Filling up the DagBag from /Users/nampham/.pyenv/versions/3.12.9/lib/python3.12/site-packages/airflow/example_dags/example_xcomargs.py
[2025-02-28T21:33:28.218+0200] {processor.py:925} INFO - DAG(s) 'example_xcom_args', 'example_xcom_args_with_operators' retrieved from /Users/nampham/.pyenv/versions/3.12.9/lib/python3.12/site-packages/airflow/example_dags/example_xcomargs.py
[2025-02-28T21:33:28.252+0200] {logging_mixin.py:190} INFO - [2025-02-28T21:33:28.252+0200] {dag.py:3239} INFO - Sync 2 DAGs
[2025-02-28T21:33:28.256+0200] {logging_mixin.py:190} INFO - [2025-02-28T21:33:28.256+0200] {dag.py:4180} INFO - Setting next_dagrun for example_xcom_args to None, run_after=None
[2025-02-28T21:33:28.257+0200] {logging_mixin.py:190} INFO - [2025-02-28T21:33:28.257+0200] {dag.py:4180} INFO - Setting next_dagrun for example_xcom_args_with_operators to None, run_after=None
[2025-02-28T21:33:28.262+0200] {processor.py:208} INFO - Processing /Users/nampham/.pyenv/versions/3.12.9/lib/python3.12/site-packages/airflow/example_dags/example_xcomargs.py took 0.085 seconds
[2025-02-28T21:34:47.236+0200] {processor.py:186} INFO - Started process (PID=7333) to work on /Users/nampham/.pyenv/versions/3.12.9/lib/python3.12/site-packages/airflow/example_dags/example_xcomargs.py
[2025-02-28T21:34:47.237+0200] {processor.py:914} INFO - Processing file /Users/nampham/.pyenv/versions/3.12.9/lib/python3.12/site-packages/airflow/example_dags/example_xcomargs.py for tasks to queue
[2025-02-28T21:34:47.239+0200] {logging_mixin.py:190} INFO - [2025-02-28T21:34:47.237+0200] {dagbag.py:588} INFO - Filling up the DagBag from /Users/nampham/.pyenv/versions/3.12.9/lib/python3.12/site-packages/airflow/example_dags/example_xcomargs.py
[2025-02-28T21:34:47.286+0200] {processor.py:925} INFO - DAG(s) 'example_xcom_args_with_operators', 'example_xcom_args' retrieved from /Users/nampham/.pyenv/versions/3.12.9/lib/python3.12/site-packages/airflow/example_dags/example_xcomargs.py
[2025-02-28T21:34:47.333+0200] {logging_mixin.py:190} INFO - [2025-02-28T21:34:47.332+0200] {dag.py:3239} INFO - Sync 2 DAGs
[2025-02-28T21:34:47.337+0200] {logging_mixin.py:190} INFO - [2025-02-28T21:34:47.337+0200] {dag.py:4180} INFO - Setting next_dagrun for example_xcom_args to None, run_after=None
[2025-02-28T21:34:47.338+0200] {logging_mixin.py:190} INFO - [2025-02-28T21:34:47.338+0200] {dag.py:4180} INFO - Setting next_dagrun for example_xcom_args_with_operators to None, run_after=None
[2025-02-28T21:34:47.344+0200] {processor.py:208} INFO - Processing /Users/nampham/.pyenv/versions/3.12.9/lib/python3.12/site-packages/airflow/example_dags/example_xcomargs.py took 0.110 seconds
[2025-02-28T21:36:42.231+0200] {processor.py:186} INFO - Started process (PID=7831) to work on /Users/nampham/.pyenv/versions/3.12.9/lib/python3.12/site-packages/airflow/example_dags/example_xcomargs.py
[2025-02-28T21:36:42.231+0200] {processor.py:914} INFO - Processing file /Users/nampham/.pyenv/versions/3.12.9/lib/python3.12/site-packages/airflow/example_dags/example_xcomargs.py for tasks to queue
[2025-02-28T21:36:42.232+0200] {logging_mixin.py:190} INFO - [2025-02-28T21:36:42.232+0200] {dagbag.py:588} INFO - Filling up the DagBag from /Users/nampham/.pyenv/versions/3.12.9/lib/python3.12/site-packages/airflow/example_dags/example_xcomargs.py
[2025-02-28T21:36:42.271+0200] {processor.py:925} INFO - DAG(s) 'example_xcom_args', 'example_xcom_args_with_operators' retrieved from /Users/nampham/.pyenv/versions/3.12.9/lib/python3.12/site-packages/airflow/example_dags/example_xcomargs.py
[2025-02-28T21:36:42.337+0200] {logging_mixin.py:190} INFO - [2025-02-28T21:36:42.336+0200] {override.py:1930} INFO - Created Permission View: can edit on DAG:example_xcom_args
[2025-02-28T21:36:42.341+0200] {logging_mixin.py:190} INFO - [2025-02-28T21:36:42.341+0200] {override.py:1930} INFO - Created Permission View: can delete on DAG:example_xcom_args
[2025-02-28T21:36:42.344+0200] {logging_mixin.py:190} INFO - [2025-02-28T21:36:42.344+0200] {override.py:1930} INFO - Created Permission View: can read on DAG:example_xcom_args
[2025-02-28T21:36:42.347+0200] {logging_mixin.py:190} INFO - [2025-02-28T21:36:42.347+0200] {override.py:1930} INFO - Created Permission View: menu access on DAG Run:example_xcom_args
[2025-02-28T21:36:42.350+0200] {logging_mixin.py:190} INFO - [2025-02-28T21:36:42.350+0200] {override.py:1930} INFO - Created Permission View: can delete on DAG Run:example_xcom_args
[2025-02-28T21:36:42.354+0200] {logging_mixin.py:190} INFO - [2025-02-28T21:36:42.354+0200] {override.py:1930} INFO - Created Permission View: can read on DAG Run:example_xcom_args
[2025-02-28T21:36:42.355+0200] {logging_mixin.py:190} INFO - [2025-02-28T21:36:42.355+0200] {override.py:1930} INFO - Created Permission View: can create on DAG Run:example_xcom_args
[2025-02-28T21:36:42.360+0200] {logging_mixin.py:190} INFO - [2025-02-28T21:36:42.360+0200] {override.py:1930} INFO - Created Permission View: can edit on DAG:example_xcom_args_with_operators
[2025-02-28T21:36:42.364+0200] {logging_mixin.py:190} INFO - [2025-02-28T21:36:42.364+0200] {override.py:1930} INFO - Created Permission View: can delete on DAG:example_xcom_args_with_operators
[2025-02-28T21:36:42.366+0200] {logging_mixin.py:190} INFO - [2025-02-28T21:36:42.366+0200] {override.py:1930} INFO - Created Permission View: can read on DAG:example_xcom_args_with_operators
[2025-02-28T21:36:42.369+0200] {logging_mixin.py:190} INFO - [2025-02-28T21:36:42.369+0200] {override.py:1930} INFO - Created Permission View: menu access on DAG Run:example_xcom_args_with_operators
[2025-02-28T21:36:42.372+0200] {logging_mixin.py:190} INFO - [2025-02-28T21:36:42.371+0200] {override.py:1930} INFO - Created Permission View: can delete on DAG Run:example_xcom_args_with_operators
[2025-02-28T21:36:42.374+0200] {logging_mixin.py:190} INFO - [2025-02-28T21:36:42.373+0200] {override.py:1930} INFO - Created Permission View: can read on DAG Run:example_xcom_args_with_operators
[2025-02-28T21:36:42.376+0200] {logging_mixin.py:190} INFO - [2025-02-28T21:36:42.376+0200] {override.py:1930} INFO - Created Permission View: can create on DAG Run:example_xcom_args_with_operators
[2025-02-28T21:36:42.376+0200] {logging_mixin.py:190} INFO - [2025-02-28T21:36:42.376+0200] {dag.py:3239} INFO - Sync 2 DAGs
[2025-02-28T21:36:42.381+0200] {logging_mixin.py:190} INFO - [2025-02-28T21:36:42.381+0200] {dag.py:3262} INFO - Creating ORM DAG for example_xcom_args
[2025-02-28T21:36:42.381+0200] {logging_mixin.py:190} INFO - [2025-02-28T21:36:42.381+0200] {dag.py:3262} INFO - Creating ORM DAG for example_xcom_args_with_operators
[2025-02-28T21:36:42.381+0200] {logging_mixin.py:190} INFO - [2025-02-28T21:36:42.381+0200] {dag.py:4180} INFO - Setting next_dagrun for example_xcom_args to None, run_after=None
[2025-02-28T21:36:42.381+0200] {logging_mixin.py:190} INFO - [2025-02-28T21:36:42.381+0200] {dag.py:4180} INFO - Setting next_dagrun for example_xcom_args_with_operators to None, run_after=None
[2025-02-28T21:36:42.387+0200] {processor.py:208} INFO - Processing /Users/nampham/.pyenv/versions/3.12.9/lib/python3.12/site-packages/airflow/example_dags/example_xcomargs.py took 0.157 seconds
[2025-02-28T21:38:35.102+0200] {processor.py:186} INFO - Started process (PID=8265) to work on /Users/nampham/.pyenv/versions/3.12.9/lib/python3.12/site-packages/airflow/example_dags/example_xcomargs.py
[2025-02-28T21:38:35.103+0200] {processor.py:914} INFO - Processing file /Users/nampham/.pyenv/versions/3.12.9/lib/python3.12/site-packages/airflow/example_dags/example_xcomargs.py for tasks to queue
[2025-02-28T21:38:35.103+0200] {logging_mixin.py:190} INFO - [2025-02-28T21:38:35.103+0200] {dagbag.py:588} INFO - Filling up the DagBag from /Users/nampham/.pyenv/versions/3.12.9/lib/python3.12/site-packages/airflow/example_dags/example_xcomargs.py
[2025-02-28T21:38:35.142+0200] {processor.py:925} INFO - DAG(s) 'example_xcom_args_with_operators', 'example_xcom_args' retrieved from /Users/nampham/.pyenv/versions/3.12.9/lib/python3.12/site-packages/airflow/example_dags/example_xcomargs.py
[2025-02-28T21:38:35.176+0200] {logging_mixin.py:190} INFO - [2025-02-28T21:38:35.176+0200] {dag.py:3239} INFO - Sync 2 DAGs
[2025-02-28T21:38:35.180+0200] {logging_mixin.py:190} INFO - [2025-02-28T21:38:35.180+0200] {dag.py:4180} INFO - Setting next_dagrun for example_xcom_args to None, run_after=None
[2025-02-28T21:38:35.181+0200] {logging_mixin.py:190} INFO - [2025-02-28T21:38:35.181+0200] {dag.py:4180} INFO - Setting next_dagrun for example_xcom_args_with_operators to None, run_after=None
[2025-02-28T21:38:35.187+0200] {processor.py:208} INFO - Processing /Users/nampham/.pyenv/versions/3.12.9/lib/python3.12/site-packages/airflow/example_dags/example_xcomargs.py took 0.086 seconds
[2025-02-28T21:39:51.976+0200] {processor.py:186} INFO - Started process (PID=8559) to work on /Users/nampham/.pyenv/versions/3.12.9/lib/python3.12/site-packages/airflow/example_dags/example_xcomargs.py
[2025-02-28T21:39:51.977+0200] {processor.py:914} INFO - Processing file /Users/nampham/.pyenv/versions/3.12.9/lib/python3.12/site-packages/airflow/example_dags/example_xcomargs.py for tasks to queue
[2025-02-28T21:39:51.978+0200] {logging_mixin.py:190} INFO - [2025-02-28T21:39:51.977+0200] {dagbag.py:588} INFO - Filling up the DagBag from /Users/nampham/.pyenv/versions/3.12.9/lib/python3.12/site-packages/airflow/example_dags/example_xcomargs.py
[2025-02-28T21:39:52.017+0200] {processor.py:925} INFO - DAG(s) 'example_xcom_args', 'example_xcom_args_with_operators' retrieved from /Users/nampham/.pyenv/versions/3.12.9/lib/python3.12/site-packages/airflow/example_dags/example_xcomargs.py
[2025-02-28T21:39:52.052+0200] {logging_mixin.py:190} INFO - [2025-02-28T21:39:52.052+0200] {dag.py:3239} INFO - Sync 2 DAGs
[2025-02-28T21:39:52.056+0200] {logging_mixin.py:190} INFO - [2025-02-28T21:39:52.056+0200] {dag.py:4180} INFO - Setting next_dagrun for example_xcom_args to None, run_after=None
[2025-02-28T21:39:52.057+0200] {logging_mixin.py:190} INFO - [2025-02-28T21:39:52.057+0200] {dag.py:4180} INFO - Setting next_dagrun for example_xcom_args_with_operators to None, run_after=None
[2025-02-28T21:39:52.062+0200] {processor.py:208} INFO - Processing /Users/nampham/.pyenv/versions/3.12.9/lib/python3.12/site-packages/airflow/example_dags/example_xcomargs.py took 0.088 seconds
[2025-02-28T21:42:12.458+0200] {processor.py:186} INFO - Started process (PID=9140) to work on /Users/nampham/.pyenv/versions/3.12.9/lib/python3.12/site-packages/airflow/example_dags/example_xcomargs.py
[2025-02-28T21:42:12.458+0200] {processor.py:914} INFO - Processing file /Users/nampham/.pyenv/versions/3.12.9/lib/python3.12/site-packages/airflow/example_dags/example_xcomargs.py for tasks to queue
[2025-02-28T21:42:12.459+0200] {logging_mixin.py:190} INFO - [2025-02-28T21:42:12.459+0200] {dagbag.py:588} INFO - Filling up the DagBag from /Users/nampham/.pyenv/versions/3.12.9/lib/python3.12/site-packages/airflow/example_dags/example_xcomargs.py
[2025-02-28T21:42:12.497+0200] {processor.py:925} INFO - DAG(s) 'example_xcom_args', 'example_xcom_args_with_operators' retrieved from /Users/nampham/.pyenv/versions/3.12.9/lib/python3.12/site-packages/airflow/example_dags/example_xcomargs.py
[2025-02-28T21:42:12.562+0200] {logging_mixin.py:190} INFO - [2025-02-28T21:42:12.562+0200] {override.py:1930} INFO - Created Permission View: can delete on DAG:example_xcom_args
[2025-02-28T21:42:12.565+0200] {logging_mixin.py:190} INFO - [2025-02-28T21:42:12.565+0200] {override.py:1930} INFO - Created Permission View: can read on DAG:example_xcom_args
[2025-02-28T21:42:12.566+0200] {logging_mixin.py:190} INFO - [2025-02-28T21:42:12.566+0200] {override.py:1930} INFO - Created Permission View: can edit on DAG:example_xcom_args
[2025-02-28T21:42:12.569+0200] {logging_mixin.py:190} INFO - [2025-02-28T21:42:12.569+0200] {override.py:1930} INFO - Created Permission View: can delete on DAG Run:example_xcom_args
[2025-02-28T21:42:12.571+0200] {logging_mixin.py:190} INFO - [2025-02-28T21:42:12.570+0200] {override.py:1930} INFO - Created Permission View: can read on DAG Run:example_xcom_args
[2025-02-28T21:42:12.572+0200] {logging_mixin.py:190} INFO - [2025-02-28T21:42:12.572+0200] {override.py:1930} INFO - Created Permission View: can create on DAG Run:example_xcom_args
[2025-02-28T21:42:12.574+0200] {logging_mixin.py:190} INFO - [2025-02-28T21:42:12.574+0200] {override.py:1930} INFO - Created Permission View: menu access on DAG Run:example_xcom_args
[2025-02-28T21:42:12.579+0200] {logging_mixin.py:190} INFO - [2025-02-28T21:42:12.579+0200] {override.py:1930} INFO - Created Permission View: can delete on DAG:example_xcom_args_with_operators
[2025-02-28T21:42:12.582+0200] {logging_mixin.py:190} INFO - [2025-02-28T21:42:12.582+0200] {override.py:1930} INFO - Created Permission View: can read on DAG:example_xcom_args_with_operators
[2025-02-28T21:42:12.584+0200] {logging_mixin.py:190} INFO - [2025-02-28T21:42:12.584+0200] {override.py:1930} INFO - Created Permission View: can edit on DAG:example_xcom_args_with_operators
[2025-02-28T21:42:12.586+0200] {logging_mixin.py:190} INFO - [2025-02-28T21:42:12.586+0200] {override.py:1930} INFO - Created Permission View: can delete on DAG Run:example_xcom_args_with_operators
[2025-02-28T21:42:12.588+0200] {logging_mixin.py:190} INFO - [2025-02-28T21:42:12.588+0200] {override.py:1930} INFO - Created Permission View: can read on DAG Run:example_xcom_args_with_operators
[2025-02-28T21:42:12.590+0200] {logging_mixin.py:190} INFO - [2025-02-28T21:42:12.590+0200] {override.py:1930} INFO - Created Permission View: can create on DAG Run:example_xcom_args_with_operators
[2025-02-28T21:42:12.592+0200] {logging_mixin.py:190} INFO - [2025-02-28T21:42:12.592+0200] {override.py:1930} INFO - Created Permission View: menu access on DAG Run:example_xcom_args_with_operators
[2025-02-28T21:42:12.592+0200] {logging_mixin.py:190} INFO - [2025-02-28T21:42:12.592+0200] {dag.py:3239} INFO - Sync 2 DAGs
[2025-02-28T21:42:12.596+0200] {logging_mixin.py:190} INFO - [2025-02-28T21:42:12.596+0200] {dag.py:3262} INFO - Creating ORM DAG for example_xcom_args_with_operators
[2025-02-28T21:42:12.597+0200] {logging_mixin.py:190} INFO - [2025-02-28T21:42:12.597+0200] {dag.py:3262} INFO - Creating ORM DAG for example_xcom_args
[2025-02-28T21:42:12.597+0200] {logging_mixin.py:190} INFO - [2025-02-28T21:42:12.597+0200] {dag.py:4180} INFO - Setting next_dagrun for example_xcom_args to None, run_after=None
[2025-02-28T21:42:12.597+0200] {logging_mixin.py:190} INFO - [2025-02-28T21:42:12.597+0200] {dag.py:4180} INFO - Setting next_dagrun for example_xcom_args_with_operators to None, run_after=None
[2025-02-28T21:42:12.603+0200] {processor.py:208} INFO - Processing /Users/nampham/.pyenv/versions/3.12.9/lib/python3.12/site-packages/airflow/example_dags/example_xcomargs.py took 0.147 seconds
[2025-02-28T21:43:16.599+0200] {processor.py:186} INFO - Started process (PID=9496) to work on /Users/nampham/.pyenv/versions/3.12.9/lib/python3.12/site-packages/airflow/example_dags/example_xcomargs.py
[2025-02-28T21:43:16.600+0200] {processor.py:914} INFO - Processing file /Users/nampham/.pyenv/versions/3.12.9/lib/python3.12/site-packages/airflow/example_dags/example_xcomargs.py for tasks to queue
[2025-02-28T21:43:16.600+0200] {logging_mixin.py:190} INFO - [2025-02-28T21:43:16.600+0200] {dagbag.py:588} INFO - Filling up the DagBag from /Users/nampham/.pyenv/versions/3.12.9/lib/python3.12/site-packages/airflow/example_dags/example_xcomargs.py
[2025-02-28T21:43:16.639+0200] {processor.py:925} INFO - DAG(s) 'example_xcom_args', 'example_xcom_args_with_operators' retrieved from /Users/nampham/.pyenv/versions/3.12.9/lib/python3.12/site-packages/airflow/example_dags/example_xcomargs.py
[2025-02-28T21:43:16.673+0200] {logging_mixin.py:190} INFO - [2025-02-28T21:43:16.673+0200] {dag.py:3239} INFO - Sync 2 DAGs
[2025-02-28T21:43:16.677+0200] {logging_mixin.py:190} INFO - [2025-02-28T21:43:16.677+0200] {dag.py:4180} INFO - Setting next_dagrun for example_xcom_args to None, run_after=None
[2025-02-28T21:43:16.678+0200] {logging_mixin.py:190} INFO - [2025-02-28T21:43:16.678+0200] {dag.py:4180} INFO - Setting next_dagrun for example_xcom_args_with_operators to None, run_after=None
[2025-02-28T21:43:16.684+0200] {processor.py:208} INFO - Processing /Users/nampham/.pyenv/versions/3.12.9/lib/python3.12/site-packages/airflow/example_dags/example_xcomargs.py took 0.086 seconds
[2025-02-28T21:45:14.924+0200] {processor.py:186} INFO - Started process (PID=10020) to work on /Users/nampham/.pyenv/versions/3.12.9/lib/python3.12/site-packages/airflow/example_dags/example_xcomargs.py
[2025-02-28T21:45:14.925+0200] {processor.py:914} INFO - Processing file /Users/nampham/.pyenv/versions/3.12.9/lib/python3.12/site-packages/airflow/example_dags/example_xcomargs.py for tasks to queue
[2025-02-28T21:45:14.925+0200] {logging_mixin.py:190} INFO - [2025-02-28T21:45:14.925+0200] {dagbag.py:588} INFO - Filling up the DagBag from /Users/nampham/.pyenv/versions/3.12.9/lib/python3.12/site-packages/airflow/example_dags/example_xcomargs.py
[2025-02-28T21:45:14.965+0200] {processor.py:925} INFO - DAG(s) 'example_xcom_args_with_operators', 'example_xcom_args' retrieved from /Users/nampham/.pyenv/versions/3.12.9/lib/python3.12/site-packages/airflow/example_dags/example_xcomargs.py
[2025-02-28T21:45:15.001+0200] {logging_mixin.py:190} INFO - [2025-02-28T21:45:15.001+0200] {dag.py:3239} INFO - Sync 2 DAGs
[2025-02-28T21:45:15.005+0200] {logging_mixin.py:190} INFO - [2025-02-28T21:45:15.005+0200] {dag.py:4180} INFO - Setting next_dagrun for example_xcom_args to None, run_after=None
[2025-02-28T21:45:15.006+0200] {logging_mixin.py:190} INFO - [2025-02-28T21:45:15.006+0200] {dag.py:4180} INFO - Setting next_dagrun for example_xcom_args_with_operators to None, run_after=None
[2025-02-28T21:45:15.012+0200] {processor.py:208} INFO - Processing /Users/nampham/.pyenv/versions/3.12.9/lib/python3.12/site-packages/airflow/example_dags/example_xcomargs.py took 0.089 seconds
[2025-02-28T21:47:37.649+0200] {processor.py:186} INFO - Started process (PID=10564) to work on /Users/nampham/.pyenv/versions/3.12.9/lib/python3.12/site-packages/airflow/example_dags/example_xcomargs.py
[2025-02-28T21:47:37.649+0200] {processor.py:914} INFO - Processing file /Users/nampham/.pyenv/versions/3.12.9/lib/python3.12/site-packages/airflow/example_dags/example_xcomargs.py for tasks to queue
[2025-02-28T21:47:37.650+0200] {logging_mixin.py:190} INFO - [2025-02-28T21:47:37.650+0200] {dagbag.py:588} INFO - Filling up the DagBag from /Users/nampham/.pyenv/versions/3.12.9/lib/python3.12/site-packages/airflow/example_dags/example_xcomargs.py
[2025-02-28T21:47:37.688+0200] {processor.py:925} INFO - DAG(s) 'example_xcom_args', 'example_xcom_args_with_operators' retrieved from /Users/nampham/.pyenv/versions/3.12.9/lib/python3.12/site-packages/airflow/example_dags/example_xcomargs.py
[2025-02-28T21:47:37.722+0200] {logging_mixin.py:190} INFO - [2025-02-28T21:47:37.722+0200] {dag.py:3239} INFO - Sync 2 DAGs
[2025-02-28T21:47:37.726+0200] {logging_mixin.py:190} INFO - [2025-02-28T21:47:37.726+0200] {dag.py:4180} INFO - Setting next_dagrun for example_xcom_args to None, run_after=None
[2025-02-28T21:47:37.727+0200] {logging_mixin.py:190} INFO - [2025-02-28T21:47:37.727+0200] {dag.py:4180} INFO - Setting next_dagrun for example_xcom_args_with_operators to None, run_after=None
[2025-02-28T21:47:37.732+0200] {processor.py:208} INFO - Processing /Users/nampham/.pyenv/versions/3.12.9/lib/python3.12/site-packages/airflow/example_dags/example_xcomargs.py took 0.085 seconds
[2025-02-28T21:49:36.440+0200] {processor.py:186} INFO - Started process (PID=11008) to work on /Users/nampham/.pyenv/versions/3.12.9/lib/python3.12/site-packages/airflow/example_dags/example_xcomargs.py
[2025-02-28T21:49:36.441+0200] {processor.py:914} INFO - Processing file /Users/nampham/.pyenv/versions/3.12.9/lib/python3.12/site-packages/airflow/example_dags/example_xcomargs.py for tasks to queue
[2025-02-28T21:49:36.442+0200] {logging_mixin.py:190} INFO - [2025-02-28T21:49:36.442+0200] {dagbag.py:588} INFO - Filling up the DagBag from /Users/nampham/.pyenv/versions/3.12.9/lib/python3.12/site-packages/airflow/example_dags/example_xcomargs.py
[2025-02-28T21:49:36.480+0200] {processor.py:925} INFO - DAG(s) 'example_xcom_args', 'example_xcom_args_with_operators' retrieved from /Users/nampham/.pyenv/versions/3.12.9/lib/python3.12/site-packages/airflow/example_dags/example_xcomargs.py
[2025-02-28T21:49:36.515+0200] {logging_mixin.py:190} INFO - [2025-02-28T21:49:36.514+0200] {dag.py:3239} INFO - Sync 2 DAGs
[2025-02-28T21:49:36.518+0200] {logging_mixin.py:190} INFO - [2025-02-28T21:49:36.518+0200] {dag.py:4180} INFO - Setting next_dagrun for example_xcom_args to None, run_after=None
[2025-02-28T21:49:36.519+0200] {logging_mixin.py:190} INFO - [2025-02-28T21:49:36.519+0200] {dag.py:4180} INFO - Setting next_dagrun for example_xcom_args_with_operators to None, run_after=None
[2025-02-28T21:49:36.525+0200] {processor.py:208} INFO - Processing /Users/nampham/.pyenv/versions/3.12.9/lib/python3.12/site-packages/airflow/example_dags/example_xcomargs.py took 0.086 seconds
[2025-02-28T22:15:02.207+0200] {processor.py:186} INFO - Started process (PID=15788) to work on /Users/nampham/.pyenv/versions/3.12.9/lib/python3.12/site-packages/airflow/example_dags/example_xcomargs.py
[2025-02-28T22:15:02.208+0200] {processor.py:914} INFO - Processing file /Users/nampham/.pyenv/versions/3.12.9/lib/python3.12/site-packages/airflow/example_dags/example_xcomargs.py for tasks to queue
[2025-02-28T22:15:02.209+0200] {logging_mixin.py:190} INFO - [2025-02-28T22:15:02.209+0200] {dagbag.py:588} INFO - Filling up the DagBag from /Users/nampham/.pyenv/versions/3.12.9/lib/python3.12/site-packages/airflow/example_dags/example_xcomargs.py
[2025-02-28T22:15:02.254+0200] {processor.py:925} INFO - DAG(s) 'example_xcom_args_with_operators', 'example_xcom_args' retrieved from /Users/nampham/.pyenv/versions/3.12.9/lib/python3.12/site-packages/airflow/example_dags/example_xcomargs.py
[2025-02-28T22:15:02.335+0200] {logging_mixin.py:190} INFO - [2025-02-28T22:15:02.335+0200] {override.py:1930} INFO - Created Permission View: can edit on DAG:example_xcom_args_with_operators
[2025-02-28T22:15:02.338+0200] {logging_mixin.py:190} INFO - [2025-02-28T22:15:02.338+0200] {override.py:1930} INFO - Created Permission View: can read on DAG:example_xcom_args_with_operators
[2025-02-28T22:15:02.339+0200] {logging_mixin.py:190} INFO - [2025-02-28T22:15:02.339+0200] {override.py:1930} INFO - Created Permission View: can delete on DAG:example_xcom_args_with_operators
[2025-02-28T22:15:02.342+0200] {logging_mixin.py:190} INFO - [2025-02-28T22:15:02.342+0200] {override.py:1930} INFO - Created Permission View: can read on DAG Run:example_xcom_args_with_operators
[2025-02-28T22:15:02.343+0200] {logging_mixin.py:190} INFO - [2025-02-28T22:15:02.343+0200] {override.py:1930} INFO - Created Permission View: can delete on DAG Run:example_xcom_args_with_operators
[2025-02-28T22:15:02.345+0200] {logging_mixin.py:190} INFO - [2025-02-28T22:15:02.345+0200] {override.py:1930} INFO - Created Permission View: menu access on DAG Run:example_xcom_args_with_operators
[2025-02-28T22:15:02.347+0200] {logging_mixin.py:190} INFO - [2025-02-28T22:15:02.347+0200] {override.py:1930} INFO - Created Permission View: can create on DAG Run:example_xcom_args_with_operators
[2025-02-28T22:15:02.351+0200] {logging_mixin.py:190} INFO - [2025-02-28T22:15:02.350+0200] {override.py:1930} INFO - Created Permission View: can edit on DAG:example_xcom_args
[2025-02-28T22:15:02.352+0200] {logging_mixin.py:190} INFO - [2025-02-28T22:15:02.352+0200] {override.py:1930} INFO - Created Permission View: can read on DAG:example_xcom_args
[2025-02-28T22:15:02.354+0200] {logging_mixin.py:190} INFO - [2025-02-28T22:15:02.354+0200] {override.py:1930} INFO - Created Permission View: can delete on DAG:example_xcom_args
[2025-02-28T22:15:02.356+0200] {logging_mixin.py:190} INFO - [2025-02-28T22:15:02.356+0200] {override.py:1930} INFO - Created Permission View: can read on DAG Run:example_xcom_args
[2025-02-28T22:15:02.358+0200] {logging_mixin.py:190} INFO - [2025-02-28T22:15:02.358+0200] {override.py:1930} INFO - Created Permission View: can delete on DAG Run:example_xcom_args
[2025-02-28T22:15:02.360+0200] {logging_mixin.py:190} INFO - [2025-02-28T22:15:02.360+0200] {override.py:1930} INFO - Created Permission View: menu access on DAG Run:example_xcom_args
[2025-02-28T22:15:02.361+0200] {logging_mixin.py:190} INFO - [2025-02-28T22:15:02.361+0200] {override.py:1930} INFO - Created Permission View: can create on DAG Run:example_xcom_args
[2025-02-28T22:15:02.361+0200] {logging_mixin.py:190} INFO - [2025-02-28T22:15:02.361+0200] {dag.py:3239} INFO - Sync 2 DAGs
[2025-02-28T22:15:02.366+0200] {logging_mixin.py:190} INFO - [2025-02-28T22:15:02.366+0200] {dag.py:3262} INFO - Creating ORM DAG for example_xcom_args
[2025-02-28T22:15:02.366+0200] {logging_mixin.py:190} INFO - [2025-02-28T22:15:02.366+0200] {dag.py:3262} INFO - Creating ORM DAG for example_xcom_args_with_operators
[2025-02-28T22:15:02.366+0200] {logging_mixin.py:190} INFO - [2025-02-28T22:15:02.366+0200] {dag.py:4180} INFO - Setting next_dagrun for example_xcom_args to None, run_after=None
[2025-02-28T22:15:02.366+0200] {logging_mixin.py:190} INFO - [2025-02-28T22:15:02.366+0200] {dag.py:4180} INFO - Setting next_dagrun for example_xcom_args_with_operators to None, run_after=None
[2025-02-28T22:15:02.371+0200] {processor.py:208} INFO - Processing /Users/nampham/.pyenv/versions/3.12.9/lib/python3.12/site-packages/airflow/example_dags/example_xcomargs.py took 0.166 seconds
[2025-02-28T22:27:33.878+0200] {processor.py:186} INFO - Started process (PID=18023) to work on /Users/nampham/.pyenv/versions/3.12.9/lib/python3.12/site-packages/airflow/example_dags/example_xcomargs.py
[2025-02-28T22:27:33.879+0200] {processor.py:914} INFO - Processing file /Users/nampham/.pyenv/versions/3.12.9/lib/python3.12/site-packages/airflow/example_dags/example_xcomargs.py for tasks to queue
[2025-02-28T22:27:33.880+0200] {logging_mixin.py:190} INFO - [2025-02-28T22:27:33.880+0200] {dagbag.py:588} INFO - Filling up the DagBag from /Users/nampham/.pyenv/versions/3.12.9/lib/python3.12/site-packages/airflow/example_dags/example_xcomargs.py
[2025-02-28T22:27:33.917+0200] {processor.py:925} INFO - DAG(s) 'example_xcom_args_with_operators', 'example_xcom_args' retrieved from /Users/nampham/.pyenv/versions/3.12.9/lib/python3.12/site-packages/airflow/example_dags/example_xcomargs.py
[2025-02-28T22:27:33.981+0200] {logging_mixin.py:190} INFO - [2025-02-28T22:27:33.981+0200] {override.py:1930} INFO - Created Permission View: can delete on DAG:example_xcom_args_with_operators
[2025-02-28T22:27:33.984+0200] {logging_mixin.py:190} INFO - [2025-02-28T22:27:33.984+0200] {override.py:1930} INFO - Created Permission View: can read on DAG:example_xcom_args_with_operators
[2025-02-28T22:27:33.986+0200] {logging_mixin.py:190} INFO - [2025-02-28T22:27:33.986+0200] {override.py:1930} INFO - Created Permission View: can edit on DAG:example_xcom_args_with_operators
[2025-02-28T22:27:33.989+0200] {logging_mixin.py:190} INFO - [2025-02-28T22:27:33.989+0200] {override.py:1930} INFO - Created Permission View: can delete on DAG Run:example_xcom_args_with_operators
[2025-02-28T22:27:33.990+0200] {logging_mixin.py:190} INFO - [2025-02-28T22:27:33.990+0200] {override.py:1930} INFO - Created Permission View: can create on DAG Run:example_xcom_args_with_operators
[2025-02-28T22:27:33.992+0200] {logging_mixin.py:190} INFO - [2025-02-28T22:27:33.992+0200] {override.py:1930} INFO - Created Permission View: can read on DAG Run:example_xcom_args_with_operators
[2025-02-28T22:27:33.994+0200] {logging_mixin.py:190} INFO - [2025-02-28T22:27:33.994+0200] {override.py:1930} INFO - Created Permission View: menu access on DAG Run:example_xcom_args_with_operators
[2025-02-28T22:27:33.998+0200] {logging_mixin.py:190} INFO - [2025-02-28T22:27:33.998+0200] {override.py:1930} INFO - Created Permission View: can delete on DAG:example_xcom_args
[2025-02-28T22:27:33.999+0200] {logging_mixin.py:190} INFO - [2025-02-28T22:27:33.999+0200] {override.py:1930} INFO - Created Permission View: can read on DAG:example_xcom_args
[2025-02-28T22:27:34.001+0200] {logging_mixin.py:190} INFO - [2025-02-28T22:27:34.001+0200] {override.py:1930} INFO - Created Permission View: can edit on DAG:example_xcom_args
[2025-02-28T22:27:34.003+0200] {logging_mixin.py:190} INFO - [2025-02-28T22:27:34.003+0200] {override.py:1930} INFO - Created Permission View: can delete on DAG Run:example_xcom_args
[2025-02-28T22:27:34.005+0200] {logging_mixin.py:190} INFO - [2025-02-28T22:27:34.005+0200] {override.py:1930} INFO - Created Permission View: can create on DAG Run:example_xcom_args
[2025-02-28T22:27:34.007+0200] {logging_mixin.py:190} INFO - [2025-02-28T22:27:34.007+0200] {override.py:1930} INFO - Created Permission View: can read on DAG Run:example_xcom_args
[2025-02-28T22:27:34.008+0200] {logging_mixin.py:190} INFO - [2025-02-28T22:27:34.008+0200] {override.py:1930} INFO - Created Permission View: menu access on DAG Run:example_xcom_args
[2025-02-28T22:27:34.009+0200] {logging_mixin.py:190} INFO - [2025-02-28T22:27:34.009+0200] {dag.py:3239} INFO - Sync 2 DAGs
[2025-02-28T22:27:34.013+0200] {logging_mixin.py:190} INFO - [2025-02-28T22:27:34.013+0200] {dag.py:3262} INFO - Creating ORM DAG for example_xcom_args_with_operators
[2025-02-28T22:27:34.013+0200] {logging_mixin.py:190} INFO - [2025-02-28T22:27:34.013+0200] {dag.py:3262} INFO - Creating ORM DAG for example_xcom_args
[2025-02-28T22:27:34.013+0200] {logging_mixin.py:190} INFO - [2025-02-28T22:27:34.013+0200] {dag.py:4180} INFO - Setting next_dagrun for example_xcom_args to None, run_after=None
[2025-02-28T22:27:34.013+0200] {logging_mixin.py:190} INFO - [2025-02-28T22:27:34.013+0200] {dag.py:4180} INFO - Setting next_dagrun for example_xcom_args_with_operators to None, run_after=None
[2025-02-28T22:27:34.019+0200] {processor.py:208} INFO - Processing /Users/nampham/.pyenv/versions/3.12.9/lib/python3.12/site-packages/airflow/example_dags/example_xcomargs.py took 0.142 seconds
[2025-02-28T22:35:03.243+0200] {processor.py:186} INFO - Started process (PID=19566) to work on /Users/nampham/.pyenv/versions/3.12.9/lib/python3.12/site-packages/airflow/example_dags/example_xcomargs.py
[2025-02-28T22:35:03.244+0200] {processor.py:914} INFO - Processing file /Users/nampham/.pyenv/versions/3.12.9/lib/python3.12/site-packages/airflow/example_dags/example_xcomargs.py for tasks to queue
[2025-02-28T22:35:03.244+0200] {logging_mixin.py:190} INFO - [2025-02-28T22:35:03.244+0200] {dagbag.py:588} INFO - Filling up the DagBag from /Users/nampham/.pyenv/versions/3.12.9/lib/python3.12/site-packages/airflow/example_dags/example_xcomargs.py
[2025-02-28T22:35:03.282+0200] {processor.py:925} INFO - DAG(s) 'example_xcom_args_with_operators', 'example_xcom_args' retrieved from /Users/nampham/.pyenv/versions/3.12.9/lib/python3.12/site-packages/airflow/example_dags/example_xcomargs.py
[2025-02-28T22:35:03.356+0200] {logging_mixin.py:190} INFO - [2025-02-28T22:35:03.356+0200] {override.py:1930} INFO - Created Permission View: can delete on DAG:example_xcom_args_with_operators
[2025-02-28T22:35:03.359+0200] {logging_mixin.py:190} INFO - [2025-02-28T22:35:03.359+0200] {override.py:1930} INFO - Created Permission View: can read on DAG:example_xcom_args_with_operators
[2025-02-28T22:35:03.361+0200] {logging_mixin.py:190} INFO - [2025-02-28T22:35:03.360+0200] {override.py:1930} INFO - Created Permission View: can edit on DAG:example_xcom_args_with_operators
[2025-02-28T22:35:03.363+0200] {logging_mixin.py:190} INFO - [2025-02-28T22:35:03.363+0200] {override.py:1930} INFO - Created Permission View: can read on DAG Run:example_xcom_args_with_operators
[2025-02-28T22:35:03.365+0200] {logging_mixin.py:190} INFO - [2025-02-28T22:35:03.365+0200] {override.py:1930} INFO - Created Permission View: can create on DAG Run:example_xcom_args_with_operators
[2025-02-28T22:35:03.366+0200] {logging_mixin.py:190} INFO - [2025-02-28T22:35:03.366+0200] {override.py:1930} INFO - Created Permission View: can delete on DAG Run:example_xcom_args_with_operators
[2025-02-28T22:35:03.368+0200] {logging_mixin.py:190} INFO - [2025-02-28T22:35:03.368+0200] {override.py:1930} INFO - Created Permission View: menu access on DAG Run:example_xcom_args_with_operators
[2025-02-28T22:35:03.372+0200] {logging_mixin.py:190} INFO - [2025-02-28T22:35:03.372+0200] {override.py:1930} INFO - Created Permission View: can delete on DAG:example_xcom_args
[2025-02-28T22:35:03.373+0200] {logging_mixin.py:190} INFO - [2025-02-28T22:35:03.373+0200] {override.py:1930} INFO - Created Permission View: can read on DAG:example_xcom_args
[2025-02-28T22:35:03.375+0200] {logging_mixin.py:190} INFO - [2025-02-28T22:35:03.375+0200] {override.py:1930} INFO - Created Permission View: can edit on DAG:example_xcom_args
[2025-02-28T22:35:03.378+0200] {logging_mixin.py:190} INFO - [2025-02-28T22:35:03.377+0200] {override.py:1930} INFO - Created Permission View: can read on DAG Run:example_xcom_args
[2025-02-28T22:35:03.379+0200] {logging_mixin.py:190} INFO - [2025-02-28T22:35:03.379+0200] {override.py:1930} INFO - Created Permission View: can create on DAG Run:example_xcom_args
[2025-02-28T22:35:03.381+0200] {logging_mixin.py:190} INFO - [2025-02-28T22:35:03.381+0200] {override.py:1930} INFO - Created Permission View: can delete on DAG Run:example_xcom_args
[2025-02-28T22:35:03.383+0200] {logging_mixin.py:190} INFO - [2025-02-28T22:35:03.382+0200] {override.py:1930} INFO - Created Permission View: menu access on DAG Run:example_xcom_args
[2025-02-28T22:35:03.383+0200] {logging_mixin.py:190} INFO - [2025-02-28T22:35:03.383+0200] {dag.py:3239} INFO - Sync 2 DAGs
[2025-02-28T22:35:03.387+0200] {logging_mixin.py:190} INFO - [2025-02-28T22:35:03.387+0200] {dag.py:3262} INFO - Creating ORM DAG for example_xcom_args
[2025-02-28T22:35:03.387+0200] {logging_mixin.py:190} INFO - [2025-02-28T22:35:03.387+0200] {dag.py:3262} INFO - Creating ORM DAG for example_xcom_args_with_operators
[2025-02-28T22:35:03.387+0200] {logging_mixin.py:190} INFO - [2025-02-28T22:35:03.387+0200] {dag.py:4180} INFO - Setting next_dagrun for example_xcom_args to None, run_after=None
[2025-02-28T22:35:03.387+0200] {logging_mixin.py:190} INFO - [2025-02-28T22:35:03.387+0200] {dag.py:4180} INFO - Setting next_dagrun for example_xcom_args_with_operators to None, run_after=None
[2025-02-28T22:35:03.393+0200] {processor.py:208} INFO - Processing /Users/nampham/.pyenv/versions/3.12.9/lib/python3.12/site-packages/airflow/example_dags/example_xcomargs.py took 0.151 seconds
[2025-02-28T22:37:29.740+0200] {processor.py:186} INFO - Started process (PID=20120) to work on /Users/nampham/.pyenv/versions/3.12.9/lib/python3.12/site-packages/airflow/example_dags/example_xcomargs.py
[2025-02-28T22:37:29.741+0200] {processor.py:914} INFO - Processing file /Users/nampham/.pyenv/versions/3.12.9/lib/python3.12/site-packages/airflow/example_dags/example_xcomargs.py for tasks to queue
[2025-02-28T22:37:29.742+0200] {logging_mixin.py:190} INFO - [2025-02-28T22:37:29.742+0200] {dagbag.py:588} INFO - Filling up the DagBag from /Users/nampham/.pyenv/versions/3.12.9/lib/python3.12/site-packages/airflow/example_dags/example_xcomargs.py
[2025-02-28T22:37:29.783+0200] {processor.py:925} INFO - DAG(s) 'example_xcom_args_with_operators', 'example_xcom_args' retrieved from /Users/nampham/.pyenv/versions/3.12.9/lib/python3.12/site-packages/airflow/example_dags/example_xcomargs.py
[2025-02-28T22:37:29.818+0200] {logging_mixin.py:190} INFO - [2025-02-28T22:37:29.818+0200] {dag.py:3239} INFO - Sync 2 DAGs
[2025-02-28T22:37:29.822+0200] {logging_mixin.py:190} INFO - [2025-02-28T22:37:29.822+0200] {dag.py:4180} INFO - Setting next_dagrun for example_xcom_args to None, run_after=None
[2025-02-28T22:37:29.823+0200] {logging_mixin.py:190} INFO - [2025-02-28T22:37:29.823+0200] {dag.py:4180} INFO - Setting next_dagrun for example_xcom_args_with_operators to None, run_after=None
[2025-02-28T22:37:29.829+0200] {processor.py:208} INFO - Processing /Users/nampham/.pyenv/versions/3.12.9/lib/python3.12/site-packages/airflow/example_dags/example_xcomargs.py took 0.090 seconds
[2025-02-28T22:39:10.226+0200] {processor.py:186} INFO - Started process (PID=20458) to work on /Users/nampham/.pyenv/versions/3.12.9/lib/python3.12/site-packages/airflow/example_dags/example_xcomargs.py
[2025-02-28T22:39:10.227+0200] {processor.py:914} INFO - Processing file /Users/nampham/.pyenv/versions/3.12.9/lib/python3.12/site-packages/airflow/example_dags/example_xcomargs.py for tasks to queue
[2025-02-28T22:39:10.227+0200] {logging_mixin.py:190} INFO - [2025-02-28T22:39:10.227+0200] {dagbag.py:588} INFO - Filling up the DagBag from /Users/nampham/.pyenv/versions/3.12.9/lib/python3.12/site-packages/airflow/example_dags/example_xcomargs.py
[2025-02-28T22:39:10.265+0200] {processor.py:925} INFO - DAG(s) 'example_xcom_args', 'example_xcom_args_with_operators' retrieved from /Users/nampham/.pyenv/versions/3.12.9/lib/python3.12/site-packages/airflow/example_dags/example_xcomargs.py
[2025-02-28T22:39:10.299+0200] {logging_mixin.py:190} INFO - [2025-02-28T22:39:10.299+0200] {dag.py:3239} INFO - Sync 2 DAGs
[2025-02-28T22:39:10.302+0200] {logging_mixin.py:190} INFO - [2025-02-28T22:39:10.302+0200] {dag.py:4180} INFO - Setting next_dagrun for example_xcom_args to None, run_after=None
[2025-02-28T22:39:10.304+0200] {logging_mixin.py:190} INFO - [2025-02-28T22:39:10.303+0200] {dag.py:4180} INFO - Setting next_dagrun for example_xcom_args_with_operators to None, run_after=None
[2025-02-28T22:39:10.309+0200] {processor.py:208} INFO - Processing /Users/nampham/.pyenv/versions/3.12.9/lib/python3.12/site-packages/airflow/example_dags/example_xcomargs.py took 0.084 seconds
[2025-02-28T22:40:50.824+0200] {processor.py:186} INFO - Started process (PID=20783) to work on /Users/nampham/.pyenv/versions/3.12.9/lib/python3.12/site-packages/airflow/example_dags/example_xcomargs.py
[2025-02-28T22:40:50.825+0200] {processor.py:914} INFO - Processing file /Users/nampham/.pyenv/versions/3.12.9/lib/python3.12/site-packages/airflow/example_dags/example_xcomargs.py for tasks to queue
[2025-02-28T22:40:50.825+0200] {logging_mixin.py:190} INFO - [2025-02-28T22:40:50.825+0200] {dagbag.py:588} INFO - Filling up the DagBag from /Users/nampham/.pyenv/versions/3.12.9/lib/python3.12/site-packages/airflow/example_dags/example_xcomargs.py
[2025-02-28T22:40:50.862+0200] {processor.py:925} INFO - DAG(s) 'example_xcom_args', 'example_xcom_args_with_operators' retrieved from /Users/nampham/.pyenv/versions/3.12.9/lib/python3.12/site-packages/airflow/example_dags/example_xcomargs.py
[2025-02-28T22:40:50.896+0200] {logging_mixin.py:190} INFO - [2025-02-28T22:40:50.896+0200] {dag.py:3239} INFO - Sync 2 DAGs
[2025-02-28T22:40:50.900+0200] {logging_mixin.py:190} INFO - [2025-02-28T22:40:50.900+0200] {dag.py:4180} INFO - Setting next_dagrun for example_xcom_args to None, run_after=None
[2025-02-28T22:40:50.901+0200] {logging_mixin.py:190} INFO - [2025-02-28T22:40:50.901+0200] {dag.py:4180} INFO - Setting next_dagrun for example_xcom_args_with_operators to None, run_after=None
[2025-02-28T22:40:50.906+0200] {processor.py:208} INFO - Processing /Users/nampham/.pyenv/versions/3.12.9/lib/python3.12/site-packages/airflow/example_dags/example_xcomargs.py took 0.084 seconds
[2025-02-28T22:42:00.658+0200] {processor.py:186} INFO - Started process (PID=21017) to work on /Users/nampham/.pyenv/versions/3.12.9/lib/python3.12/site-packages/airflow/example_dags/example_xcomargs.py
[2025-02-28T22:42:00.658+0200] {processor.py:914} INFO - Processing file /Users/nampham/.pyenv/versions/3.12.9/lib/python3.12/site-packages/airflow/example_dags/example_xcomargs.py for tasks to queue
[2025-02-28T22:42:00.659+0200] {logging_mixin.py:190} INFO - [2025-02-28T22:42:00.659+0200] {dagbag.py:588} INFO - Filling up the DagBag from /Users/nampham/.pyenv/versions/3.12.9/lib/python3.12/site-packages/airflow/example_dags/example_xcomargs.py
[2025-02-28T22:42:00.695+0200] {processor.py:925} INFO - DAG(s) 'example_xcom_args_with_operators', 'example_xcom_args' retrieved from /Users/nampham/.pyenv/versions/3.12.9/lib/python3.12/site-packages/airflow/example_dags/example_xcomargs.py
[2025-02-28T22:42:00.729+0200] {logging_mixin.py:190} INFO - [2025-02-28T22:42:00.729+0200] {dag.py:3239} INFO - Sync 2 DAGs
[2025-02-28T22:42:00.733+0200] {logging_mixin.py:190} INFO - [2025-02-28T22:42:00.733+0200] {dag.py:4180} INFO - Setting next_dagrun for example_xcom_args to None, run_after=None
[2025-02-28T22:42:00.734+0200] {logging_mixin.py:190} INFO - [2025-02-28T22:42:00.734+0200] {dag.py:4180} INFO - Setting next_dagrun for example_xcom_args_with_operators to None, run_after=None
[2025-02-28T22:42:00.739+0200] {processor.py:208} INFO - Processing /Users/nampham/.pyenv/versions/3.12.9/lib/python3.12/site-packages/airflow/example_dags/example_xcomargs.py took 0.083 seconds
[2025-02-28T22:43:13.062+0200] {processor.py:186} INFO - Started process (PID=21292) to work on /Users/nampham/.pyenv/versions/3.12.9/lib/python3.12/site-packages/airflow/example_dags/example_xcomargs.py
[2025-02-28T22:43:13.062+0200] {processor.py:914} INFO - Processing file /Users/nampham/.pyenv/versions/3.12.9/lib/python3.12/site-packages/airflow/example_dags/example_xcomargs.py for tasks to queue
[2025-02-28T22:43:13.063+0200] {logging_mixin.py:190} INFO - [2025-02-28T22:43:13.063+0200] {dagbag.py:588} INFO - Filling up the DagBag from /Users/nampham/.pyenv/versions/3.12.9/lib/python3.12/site-packages/airflow/example_dags/example_xcomargs.py
[2025-02-28T22:43:13.101+0200] {processor.py:925} INFO - DAG(s) 'example_xcom_args_with_operators', 'example_xcom_args' retrieved from /Users/nampham/.pyenv/versions/3.12.9/lib/python3.12/site-packages/airflow/example_dags/example_xcomargs.py
[2025-02-28T22:43:13.135+0200] {logging_mixin.py:190} INFO - [2025-02-28T22:43:13.135+0200] {dag.py:3239} INFO - Sync 2 DAGs
[2025-02-28T22:43:13.139+0200] {logging_mixin.py:190} INFO - [2025-02-28T22:43:13.139+0200] {dag.py:4180} INFO - Setting next_dagrun for example_xcom_args to None, run_after=None
[2025-02-28T22:43:13.140+0200] {logging_mixin.py:190} INFO - [2025-02-28T22:43:13.140+0200] {dag.py:4180} INFO - Setting next_dagrun for example_xcom_args_with_operators to None, run_after=None
[2025-02-28T22:43:13.145+0200] {processor.py:208} INFO - Processing /Users/nampham/.pyenv/versions/3.12.9/lib/python3.12/site-packages/airflow/example_dags/example_xcomargs.py took 0.085 seconds
[2025-02-28T22:44:30.306+0200] {processor.py:186} INFO - Started process (PID=21566) to work on /Users/nampham/.pyenv/versions/3.12.9/lib/python3.12/site-packages/airflow/example_dags/example_xcomargs.py
[2025-02-28T22:44:30.307+0200] {processor.py:914} INFO - Processing file /Users/nampham/.pyenv/versions/3.12.9/lib/python3.12/site-packages/airflow/example_dags/example_xcomargs.py for tasks to queue
[2025-02-28T22:44:30.307+0200] {logging_mixin.py:190} INFO - [2025-02-28T22:44:30.307+0200] {dagbag.py:588} INFO - Filling up the DagBag from /Users/nampham/.pyenv/versions/3.12.9/lib/python3.12/site-packages/airflow/example_dags/example_xcomargs.py
[2025-02-28T22:44:30.345+0200] {processor.py:925} INFO - DAG(s) 'example_xcom_args', 'example_xcom_args_with_operators' retrieved from /Users/nampham/.pyenv/versions/3.12.9/lib/python3.12/site-packages/airflow/example_dags/example_xcomargs.py
[2025-02-28T22:44:30.379+0200] {logging_mixin.py:190} INFO - [2025-02-28T22:44:30.379+0200] {dag.py:3239} INFO - Sync 2 DAGs
[2025-02-28T22:44:30.383+0200] {logging_mixin.py:190} INFO - [2025-02-28T22:44:30.383+0200] {dag.py:4180} INFO - Setting next_dagrun for example_xcom_args to None, run_after=None
[2025-02-28T22:44:30.384+0200] {logging_mixin.py:190} INFO - [2025-02-28T22:44:30.384+0200] {dag.py:4180} INFO - Setting next_dagrun for example_xcom_args_with_operators to None, run_after=None
[2025-02-28T22:44:30.390+0200] {processor.py:208} INFO - Processing /Users/nampham/.pyenv/versions/3.12.9/lib/python3.12/site-packages/airflow/example_dags/example_xcomargs.py took 0.085 seconds
[2025-02-28T22:46:13.818+0200] {processor.py:186} INFO - Started process (PID=21916) to work on /Users/nampham/.pyenv/versions/3.12.9/lib/python3.12/site-packages/airflow/example_dags/example_xcomargs.py
[2025-02-28T22:46:13.820+0200] {processor.py:914} INFO - Processing file /Users/nampham/.pyenv/versions/3.12.9/lib/python3.12/site-packages/airflow/example_dags/example_xcomargs.py for tasks to queue
[2025-02-28T22:46:13.820+0200] {logging_mixin.py:190} INFO - [2025-02-28T22:46:13.820+0200] {dagbag.py:588} INFO - Filling up the DagBag from /Users/nampham/.pyenv/versions/3.12.9/lib/python3.12/site-packages/airflow/example_dags/example_xcomargs.py
[2025-02-28T22:46:13.857+0200] {processor.py:925} INFO - DAG(s) 'example_xcom_args_with_operators', 'example_xcom_args' retrieved from /Users/nampham/.pyenv/versions/3.12.9/lib/python3.12/site-packages/airflow/example_dags/example_xcomargs.py
[2025-02-28T22:46:13.892+0200] {logging_mixin.py:190} INFO - [2025-02-28T22:46:13.892+0200] {dag.py:3239} INFO - Sync 2 DAGs
[2025-02-28T22:46:13.895+0200] {logging_mixin.py:190} INFO - [2025-02-28T22:46:13.895+0200] {dag.py:4180} INFO - Setting next_dagrun for example_xcom_args to None, run_after=None
[2025-02-28T22:46:13.897+0200] {logging_mixin.py:190} INFO - [2025-02-28T22:46:13.897+0200] {dag.py:4180} INFO - Setting next_dagrun for example_xcom_args_with_operators to None, run_after=None
[2025-02-28T22:46:13.902+0200] {processor.py:208} INFO - Processing /Users/nampham/.pyenv/versions/3.12.9/lib/python3.12/site-packages/airflow/example_dags/example_xcomargs.py took 0.085 seconds
[2025-02-28T22:47:43.225+0200] {processor.py:186} INFO - Started process (PID=22207) to work on /Users/nampham/.pyenv/versions/3.12.9/lib/python3.12/site-packages/airflow/example_dags/example_xcomargs.py
[2025-02-28T22:47:43.225+0200] {processor.py:914} INFO - Processing file /Users/nampham/.pyenv/versions/3.12.9/lib/python3.12/site-packages/airflow/example_dags/example_xcomargs.py for tasks to queue
[2025-02-28T22:47:43.226+0200] {logging_mixin.py:190} INFO - [2025-02-28T22:47:43.226+0200] {dagbag.py:588} INFO - Filling up the DagBag from /Users/nampham/.pyenv/versions/3.12.9/lib/python3.12/site-packages/airflow/example_dags/example_xcomargs.py
[2025-02-28T22:47:43.263+0200] {processor.py:925} INFO - DAG(s) 'example_xcom_args_with_operators', 'example_xcom_args' retrieved from /Users/nampham/.pyenv/versions/3.12.9/lib/python3.12/site-packages/airflow/example_dags/example_xcomargs.py
[2025-02-28T22:47:43.298+0200] {logging_mixin.py:190} INFO - [2025-02-28T22:47:43.298+0200] {dag.py:3239} INFO - Sync 2 DAGs
[2025-02-28T22:47:43.301+0200] {logging_mixin.py:190} INFO - [2025-02-28T22:47:43.301+0200] {dag.py:4180} INFO - Setting next_dagrun for example_xcom_args to None, run_after=None
[2025-02-28T22:47:43.302+0200] {logging_mixin.py:190} INFO - [2025-02-28T22:47:43.302+0200] {dag.py:4180} INFO - Setting next_dagrun for example_xcom_args_with_operators to None, run_after=None
[2025-02-28T22:47:43.308+0200] {processor.py:208} INFO - Processing /Users/nampham/.pyenv/versions/3.12.9/lib/python3.12/site-packages/airflow/example_dags/example_xcomargs.py took 0.084 seconds
[2025-02-28T22:54:29.059+0200] {processor.py:186} INFO - Started process (PID=22648) to work on /Users/nampham/.pyenv/versions/3.12.9/lib/python3.12/site-packages/airflow/example_dags/example_xcomargs.py
[2025-02-28T22:54:29.060+0200] {processor.py:914} INFO - Processing file /Users/nampham/.pyenv/versions/3.12.9/lib/python3.12/site-packages/airflow/example_dags/example_xcomargs.py for tasks to queue
[2025-02-28T22:54:29.061+0200] {logging_mixin.py:190} INFO - [2025-02-28T22:54:29.061+0200] {dagbag.py:588} INFO - Filling up the DagBag from /Users/nampham/.pyenv/versions/3.12.9/lib/python3.12/site-packages/airflow/example_dags/example_xcomargs.py
[2025-02-28T22:54:29.099+0200] {processor.py:925} INFO - DAG(s) 'example_xcom_args', 'example_xcom_args_with_operators' retrieved from /Users/nampham/.pyenv/versions/3.12.9/lib/python3.12/site-packages/airflow/example_dags/example_xcomargs.py
[2025-02-28T22:54:29.135+0200] {logging_mixin.py:190} INFO - [2025-02-28T22:54:29.135+0200] {dag.py:3239} INFO - Sync 2 DAGs
[2025-02-28T22:54:29.139+0200] {logging_mixin.py:190} INFO - [2025-02-28T22:54:29.139+0200] {dag.py:4180} INFO - Setting next_dagrun for example_xcom_args to None, run_after=None
[2025-02-28T22:54:29.140+0200] {logging_mixin.py:190} INFO - [2025-02-28T22:54:29.140+0200] {dag.py:4180} INFO - Setting next_dagrun for example_xcom_args_with_operators to None, run_after=None
[2025-02-28T22:54:29.145+0200] {processor.py:208} INFO - Processing /Users/nampham/.pyenv/versions/3.12.9/lib/python3.12/site-packages/airflow/example_dags/example_xcomargs.py took 0.087 seconds
[2025-02-28T22:56:14.307+0200] {processor.py:186} INFO - Started process (PID=23014) to work on /Users/nampham/.pyenv/versions/3.12.9/lib/python3.12/site-packages/airflow/example_dags/example_xcomargs.py
[2025-02-28T22:56:14.308+0200] {processor.py:914} INFO - Processing file /Users/nampham/.pyenv/versions/3.12.9/lib/python3.12/site-packages/airflow/example_dags/example_xcomargs.py for tasks to queue
[2025-02-28T22:56:14.309+0200] {logging_mixin.py:190} INFO - [2025-02-28T22:56:14.309+0200] {dagbag.py:588} INFO - Filling up the DagBag from /Users/nampham/.pyenv/versions/3.12.9/lib/python3.12/site-packages/airflow/example_dags/example_xcomargs.py
[2025-02-28T22:56:14.346+0200] {processor.py:925} INFO - DAG(s) 'example_xcom_args_with_operators', 'example_xcom_args' retrieved from /Users/nampham/.pyenv/versions/3.12.9/lib/python3.12/site-packages/airflow/example_dags/example_xcomargs.py
[2025-02-28T22:56:14.379+0200] {logging_mixin.py:190} INFO - [2025-02-28T22:56:14.379+0200] {dag.py:3239} INFO - Sync 2 DAGs
[2025-02-28T22:56:14.383+0200] {logging_mixin.py:190} INFO - [2025-02-28T22:56:14.383+0200] {dag.py:4180} INFO - Setting next_dagrun for example_xcom_args to None, run_after=None
[2025-02-28T22:56:14.384+0200] {logging_mixin.py:190} INFO - [2025-02-28T22:56:14.384+0200] {dag.py:4180} INFO - Setting next_dagrun for example_xcom_args_with_operators to None, run_after=None
[2025-02-28T22:56:14.389+0200] {processor.py:208} INFO - Processing /Users/nampham/.pyenv/versions/3.12.9/lib/python3.12/site-packages/airflow/example_dags/example_xcomargs.py took 0.083 seconds
[2025-02-28T22:57:41.186+0200] {processor.py:186} INFO - Started process (PID=23298) to work on /Users/nampham/.pyenv/versions/3.12.9/lib/python3.12/site-packages/airflow/example_dags/example_xcomargs.py
[2025-02-28T22:57:41.186+0200] {processor.py:914} INFO - Processing file /Users/nampham/.pyenv/versions/3.12.9/lib/python3.12/site-packages/airflow/example_dags/example_xcomargs.py for tasks to queue
[2025-02-28T22:57:41.187+0200] {logging_mixin.py:190} INFO - [2025-02-28T22:57:41.186+0200] {dagbag.py:588} INFO - Filling up the DagBag from /Users/nampham/.pyenv/versions/3.12.9/lib/python3.12/site-packages/airflow/example_dags/example_xcomargs.py
[2025-02-28T22:57:41.224+0200] {processor.py:925} INFO - DAG(s) 'example_xcom_args', 'example_xcom_args_with_operators' retrieved from /Users/nampham/.pyenv/versions/3.12.9/lib/python3.12/site-packages/airflow/example_dags/example_xcomargs.py
[2025-02-28T22:57:41.258+0200] {logging_mixin.py:190} INFO - [2025-02-28T22:57:41.258+0200] {dag.py:3239} INFO - Sync 2 DAGs
[2025-02-28T22:57:41.262+0200] {logging_mixin.py:190} INFO - [2025-02-28T22:57:41.262+0200] {dag.py:4180} INFO - Setting next_dagrun for example_xcom_args to None, run_after=None
[2025-02-28T22:57:41.263+0200] {logging_mixin.py:190} INFO - [2025-02-28T22:57:41.263+0200] {dag.py:4180} INFO - Setting next_dagrun for example_xcom_args_with_operators to None, run_after=None
[2025-02-28T22:57:41.269+0200] {processor.py:208} INFO - Processing /Users/nampham/.pyenv/versions/3.12.9/lib/python3.12/site-packages/airflow/example_dags/example_xcomargs.py took 0.084 seconds
[2025-02-28T22:58:58.384+0200] {processor.py:186} INFO - Started process (PID=23550) to work on /Users/nampham/.pyenv/versions/3.12.9/lib/python3.12/site-packages/airflow/example_dags/example_xcomargs.py
[2025-02-28T22:58:58.385+0200] {processor.py:914} INFO - Processing file /Users/nampham/.pyenv/versions/3.12.9/lib/python3.12/site-packages/airflow/example_dags/example_xcomargs.py for tasks to queue
[2025-02-28T22:58:58.386+0200] {logging_mixin.py:190} INFO - [2025-02-28T22:58:58.386+0200] {dagbag.py:588} INFO - Filling up the DagBag from /Users/nampham/.pyenv/versions/3.12.9/lib/python3.12/site-packages/airflow/example_dags/example_xcomargs.py
[2025-02-28T22:58:58.423+0200] {processor.py:925} INFO - DAG(s) 'example_xcom_args_with_operators', 'example_xcom_args' retrieved from /Users/nampham/.pyenv/versions/3.12.9/lib/python3.12/site-packages/airflow/example_dags/example_xcomargs.py
[2025-02-28T22:58:58.456+0200] {logging_mixin.py:190} INFO - [2025-02-28T22:58:58.456+0200] {dag.py:3239} INFO - Sync 2 DAGs
[2025-02-28T22:58:58.459+0200] {logging_mixin.py:190} INFO - [2025-02-28T22:58:58.459+0200] {dag.py:4180} INFO - Setting next_dagrun for example_xcom_args to None, run_after=None
[2025-02-28T22:58:58.461+0200] {logging_mixin.py:190} INFO - [2025-02-28T22:58:58.461+0200] {dag.py:4180} INFO - Setting next_dagrun for example_xcom_args_with_operators to None, run_after=None
[2025-02-28T22:58:58.466+0200] {processor.py:208} INFO - Processing /Users/nampham/.pyenv/versions/3.12.9/lib/python3.12/site-packages/airflow/example_dags/example_xcomargs.py took 0.084 seconds
[2025-02-28T23:00:41.949+0200] {processor.py:186} INFO - Started process (PID=23916) to work on /Users/nampham/.pyenv/versions/3.12.9/lib/python3.12/site-packages/airflow/example_dags/example_xcomargs.py
[2025-02-28T23:00:41.950+0200] {processor.py:914} INFO - Processing file /Users/nampham/.pyenv/versions/3.12.9/lib/python3.12/site-packages/airflow/example_dags/example_xcomargs.py for tasks to queue
[2025-02-28T23:00:41.950+0200] {logging_mixin.py:190} INFO - [2025-02-28T23:00:41.950+0200] {dagbag.py:588} INFO - Filling up the DagBag from /Users/nampham/.pyenv/versions/3.12.9/lib/python3.12/site-packages/airflow/example_dags/example_xcomargs.py
[2025-02-28T23:00:41.987+0200] {processor.py:925} INFO - DAG(s) 'example_xcom_args', 'example_xcom_args_with_operators' retrieved from /Users/nampham/.pyenv/versions/3.12.9/lib/python3.12/site-packages/airflow/example_dags/example_xcomargs.py
[2025-02-28T23:00:42.021+0200] {logging_mixin.py:190} INFO - [2025-02-28T23:00:42.021+0200] {dag.py:3239} INFO - Sync 2 DAGs
[2025-02-28T23:00:42.024+0200] {logging_mixin.py:190} INFO - [2025-02-28T23:00:42.024+0200] {dag.py:4180} INFO - Setting next_dagrun for example_xcom_args to None, run_after=None
[2025-02-28T23:00:42.025+0200] {logging_mixin.py:190} INFO - [2025-02-28T23:00:42.025+0200] {dag.py:4180} INFO - Setting next_dagrun for example_xcom_args_with_operators to None, run_after=None
[2025-02-28T23:00:42.031+0200] {processor.py:208} INFO - Processing /Users/nampham/.pyenv/versions/3.12.9/lib/python3.12/site-packages/airflow/example_dags/example_xcomargs.py took 0.083 seconds
[2025-02-28T23:01:57.243+0200] {processor.py:186} INFO - Started process (PID=24163) to work on /Users/nampham/.pyenv/versions/3.12.9/lib/python3.12/site-packages/airflow/example_dags/example_xcomargs.py
[2025-02-28T23:01:57.243+0200] {processor.py:914} INFO - Processing file /Users/nampham/.pyenv/versions/3.12.9/lib/python3.12/site-packages/airflow/example_dags/example_xcomargs.py for tasks to queue
[2025-02-28T23:01:57.244+0200] {logging_mixin.py:190} INFO - [2025-02-28T23:01:57.244+0200] {dagbag.py:588} INFO - Filling up the DagBag from /Users/nampham/.pyenv/versions/3.12.9/lib/python3.12/site-packages/airflow/example_dags/example_xcomargs.py
[2025-02-28T23:01:57.281+0200] {processor.py:925} INFO - DAG(s) 'example_xcom_args_with_operators', 'example_xcom_args' retrieved from /Users/nampham/.pyenv/versions/3.12.9/lib/python3.12/site-packages/airflow/example_dags/example_xcomargs.py
[2025-02-28T23:01:57.315+0200] {logging_mixin.py:190} INFO - [2025-02-28T23:01:57.315+0200] {dag.py:3239} INFO - Sync 2 DAGs
[2025-02-28T23:01:57.318+0200] {logging_mixin.py:190} INFO - [2025-02-28T23:01:57.318+0200] {dag.py:4180} INFO - Setting next_dagrun for example_xcom_args to None, run_after=None
[2025-02-28T23:01:57.319+0200] {logging_mixin.py:190} INFO - [2025-02-28T23:01:57.319+0200] {dag.py:4180} INFO - Setting next_dagrun for example_xcom_args_with_operators to None, run_after=None
[2025-02-28T23:01:57.325+0200] {processor.py:208} INFO - Processing /Users/nampham/.pyenv/versions/3.12.9/lib/python3.12/site-packages/airflow/example_dags/example_xcomargs.py took 0.083 seconds
