[2025-02-28T18:25:21.469+0200] {processor.py:186} INFO - Started process (PID=93298) to work on /Users/nampham/.pyenv/versions/3.12.9/lib/python3.12/site-packages/airflow/example_dags/example_nested_branch_dag.py
[2025-02-28T18:25:21.470+0200] {processor.py:914} INFO - Processing file /Users/nampham/.pyenv/versions/3.12.9/lib/python3.12/site-packages/airflow/example_dags/example_nested_branch_dag.py for tasks to queue
[2025-02-28T18:25:21.470+0200] {logging_mixin.py:190} INFO - [2025-02-28T18:25:21.470+0200] {dagbag.py:588} INFO - Filling up the DagBag from /Users/nampham/.pyenv/versions/3.12.9/lib/python3.12/site-packages/airflow/example_dags/example_nested_branch_dag.py
[2025-02-28T18:25:21.510+0200] {processor.py:925} INFO - DAG(s) 'example_nested_branch_dag' retrieved from /Users/nampham/.pyenv/versions/3.12.9/lib/python3.12/site-packages/airflow/example_dags/example_nested_branch_dag.py
[2025-02-28T18:25:21.575+0200] {logging_mixin.py:190} INFO - [2025-02-28T18:25:21.575+0200] {override.py:1930} INFO - Created Permission View: can delete on DAG:example_nested_branch_dag
[2025-02-28T18:25:21.578+0200] {logging_mixin.py:190} INFO - [2025-02-28T18:25:21.578+0200] {override.py:1930} INFO - Created Permission View: can read on DAG:example_nested_branch_dag
[2025-02-28T18:25:21.580+0200] {logging_mixin.py:190} INFO - [2025-02-28T18:25:21.580+0200] {override.py:1930} INFO - Created Permission View: can edit on DAG:example_nested_branch_dag
[2025-02-28T18:25:21.582+0200] {logging_mixin.py:190} INFO - [2025-02-28T18:25:21.582+0200] {override.py:1930} INFO - Created Permission View: can read on DAG Run:example_nested_branch_dag
[2025-02-28T18:25:21.584+0200] {logging_mixin.py:190} INFO - [2025-02-28T18:25:21.584+0200] {override.py:1930} INFO - Created Permission View: can delete on DAG Run:example_nested_branch_dag
[2025-02-28T18:25:21.586+0200] {logging_mixin.py:190} INFO - [2025-02-28T18:25:21.586+0200] {override.py:1930} INFO - Created Permission View: menu access on DAG Run:example_nested_branch_dag
[2025-02-28T18:25:21.588+0200] {logging_mixin.py:190} INFO - [2025-02-28T18:25:21.588+0200] {override.py:1930} INFO - Created Permission View: can create on DAG Run:example_nested_branch_dag
[2025-02-28T18:25:21.588+0200] {logging_mixin.py:190} INFO - [2025-02-28T18:25:21.588+0200] {dag.py:3239} INFO - Sync 1 DAGs
[2025-02-28T18:25:21.592+0200] {logging_mixin.py:190} INFO - [2025-02-28T18:25:21.592+0200] {dag.py:3262} INFO - Creating ORM DAG for example_nested_branch_dag
[2025-02-28T18:25:21.595+0200] {logging_mixin.py:190} INFO - [2025-02-28T18:25:21.595+0200] {dag.py:4180} INFO - Setting next_dagrun for example_nested_branch_dag to 2025-02-27 00:00:00+00:00, run_after=2025-02-28 00:00:00+00:00
[2025-02-28T18:25:21.601+0200] {processor.py:208} INFO - Processing /Users/nampham/.pyenv/versions/3.12.9/lib/python3.12/site-packages/airflow/example_dags/example_nested_branch_dag.py took 0.133 seconds
[2025-02-28T18:27:10.720+0200] {processor.py:186} INFO - Started process (PID=93729) to work on /Users/nampham/.pyenv/versions/3.12.9/lib/python3.12/site-packages/airflow/example_dags/example_nested_branch_dag.py
[2025-02-28T18:27:10.721+0200] {processor.py:914} INFO - Processing file /Users/nampham/.pyenv/versions/3.12.9/lib/python3.12/site-packages/airflow/example_dags/example_nested_branch_dag.py for tasks to queue
[2025-02-28T18:27:10.722+0200] {logging_mixin.py:190} INFO - [2025-02-28T18:27:10.722+0200] {dagbag.py:588} INFO - Filling up the DagBag from /Users/nampham/.pyenv/versions/3.12.9/lib/python3.12/site-packages/airflow/example_dags/example_nested_branch_dag.py
[2025-02-28T18:27:10.796+0200] {processor.py:925} INFO - DAG(s) 'example_nested_branch_dag' retrieved from /Users/nampham/.pyenv/versions/3.12.9/lib/python3.12/site-packages/airflow/example_dags/example_nested_branch_dag.py
[2025-02-28T18:27:10.832+0200] {logging_mixin.py:190} INFO - [2025-02-28T18:27:10.832+0200] {dag.py:3239} INFO - Sync 1 DAGs
[2025-02-28T18:27:10.840+0200] {logging_mixin.py:190} INFO - [2025-02-28T18:27:10.840+0200] {dag.py:4180} INFO - Setting next_dagrun for example_nested_branch_dag to 2025-02-27 00:00:00+00:00, run_after=2025-02-28 00:00:00+00:00
[2025-02-28T18:27:10.847+0200] {processor.py:208} INFO - Processing /Users/nampham/.pyenv/versions/3.12.9/lib/python3.12/site-packages/airflow/example_dags/example_nested_branch_dag.py took 0.129 seconds
[2025-02-28T18:29:51.825+0200] {processor.py:186} INFO - Started process (PID=94387) to work on /Users/nampham/.pyenv/versions/3.12.9/lib/python3.12/site-packages/airflow/example_dags/example_nested_branch_dag.py
[2025-02-28T18:29:51.826+0200] {processor.py:914} INFO - Processing file /Users/nampham/.pyenv/versions/3.12.9/lib/python3.12/site-packages/airflow/example_dags/example_nested_branch_dag.py for tasks to queue
[2025-02-28T18:29:51.827+0200] {logging_mixin.py:190} INFO - [2025-02-28T18:29:51.827+0200] {dagbag.py:588} INFO - Filling up the DagBag from /Users/nampham/.pyenv/versions/3.12.9/lib/python3.12/site-packages/airflow/example_dags/example_nested_branch_dag.py
[2025-02-28T18:29:51.875+0200] {processor.py:925} INFO - DAG(s) 'example_nested_branch_dag' retrieved from /Users/nampham/.pyenv/versions/3.12.9/lib/python3.12/site-packages/airflow/example_dags/example_nested_branch_dag.py
[2025-02-28T18:29:51.916+0200] {logging_mixin.py:190} INFO - [2025-02-28T18:29:51.916+0200] {dag.py:3239} INFO - Sync 1 DAGs
[2025-02-28T18:29:51.923+0200] {logging_mixin.py:190} INFO - [2025-02-28T18:29:51.923+0200] {dag.py:4180} INFO - Setting next_dagrun for example_nested_branch_dag to 2025-02-27 00:00:00+00:00, run_after=2025-02-28 00:00:00+00:00
[2025-02-28T18:29:51.934+0200] {processor.py:208} INFO - Processing /Users/nampham/.pyenv/versions/3.12.9/lib/python3.12/site-packages/airflow/example_dags/example_nested_branch_dag.py took 0.111 seconds
[2025-02-28T20:11:36.983+0200] {processor.py:186} INFO - Started process (PID=97403) to work on /Users/nampham/.pyenv/versions/3.12.9/lib/python3.12/site-packages/airflow/example_dags/example_nested_branch_dag.py
[2025-02-28T20:11:36.985+0200] {processor.py:914} INFO - Processing file /Users/nampham/.pyenv/versions/3.12.9/lib/python3.12/site-packages/airflow/example_dags/example_nested_branch_dag.py for tasks to queue
[2025-02-28T20:11:36.985+0200] {logging_mixin.py:190} INFO - [2025-02-28T20:11:36.985+0200] {dagbag.py:588} INFO - Filling up the DagBag from /Users/nampham/.pyenv/versions/3.12.9/lib/python3.12/site-packages/airflow/example_dags/example_nested_branch_dag.py
[2025-02-28T20:11:37.025+0200] {processor.py:925} INFO - DAG(s) 'example_nested_branch_dag' retrieved from /Users/nampham/.pyenv/versions/3.12.9/lib/python3.12/site-packages/airflow/example_dags/example_nested_branch_dag.py
[2025-02-28T20:11:37.087+0200] {logging_mixin.py:190} INFO - [2025-02-28T20:11:37.087+0200] {dag.py:3239} INFO - Sync 1 DAGs
[2025-02-28T20:11:37.093+0200] {logging_mixin.py:190} INFO - [2025-02-28T20:11:37.093+0200] {dag.py:4180} INFO - Setting next_dagrun for example_nested_branch_dag to 2025-02-27 00:00:00+00:00, run_after=2025-02-28 00:00:00+00:00
[2025-02-28T20:11:37.100+0200] {processor.py:208} INFO - Processing /Users/nampham/.pyenv/versions/3.12.9/lib/python3.12/site-packages/airflow/example_dags/example_nested_branch_dag.py took 0.118 seconds
[2025-02-28T20:13:24.939+0200] {processor.py:186} INFO - Started process (PID=98022) to work on /Users/nampham/.pyenv/versions/3.12.9/lib/python3.12/site-packages/airflow/example_dags/example_nested_branch_dag.py
[2025-02-28T20:13:24.940+0200] {processor.py:914} INFO - Processing file /Users/nampham/.pyenv/versions/3.12.9/lib/python3.12/site-packages/airflow/example_dags/example_nested_branch_dag.py for tasks to queue
[2025-02-28T20:13:24.941+0200] {logging_mixin.py:190} INFO - [2025-02-28T20:13:24.941+0200] {dagbag.py:588} INFO - Filling up the DagBag from /Users/nampham/.pyenv/versions/3.12.9/lib/python3.12/site-packages/airflow/example_dags/example_nested_branch_dag.py
[2025-02-28T20:13:24.979+0200] {processor.py:925} INFO - DAG(s) 'example_nested_branch_dag' retrieved from /Users/nampham/.pyenv/versions/3.12.9/lib/python3.12/site-packages/airflow/example_dags/example_nested_branch_dag.py
[2025-02-28T20:13:25.014+0200] {logging_mixin.py:190} INFO - [2025-02-28T20:13:25.014+0200] {dag.py:3239} INFO - Sync 1 DAGs
[2025-02-28T20:13:25.020+0200] {logging_mixin.py:190} INFO - [2025-02-28T20:13:25.020+0200] {dag.py:4180} INFO - Setting next_dagrun for example_nested_branch_dag to 2025-02-27 00:00:00+00:00, run_after=2025-02-28 00:00:00+00:00
[2025-02-28T20:13:25.027+0200] {processor.py:208} INFO - Processing /Users/nampham/.pyenv/versions/3.12.9/lib/python3.12/site-packages/airflow/example_dags/example_nested_branch_dag.py took 0.089 seconds
[2025-02-28T20:15:12.734+0200] {processor.py:186} INFO - Started process (PID=98442) to work on /Users/nampham/.pyenv/versions/3.12.9/lib/python3.12/site-packages/airflow/example_dags/example_nested_branch_dag.py
[2025-02-28T20:15:12.735+0200] {processor.py:914} INFO - Processing file /Users/nampham/.pyenv/versions/3.12.9/lib/python3.12/site-packages/airflow/example_dags/example_nested_branch_dag.py for tasks to queue
[2025-02-28T20:15:12.735+0200] {logging_mixin.py:190} INFO - [2025-02-28T20:15:12.735+0200] {dagbag.py:588} INFO - Filling up the DagBag from /Users/nampham/.pyenv/versions/3.12.9/lib/python3.12/site-packages/airflow/example_dags/example_nested_branch_dag.py
[2025-02-28T20:15:12.777+0200] {processor.py:925} INFO - DAG(s) 'example_nested_branch_dag' retrieved from /Users/nampham/.pyenv/versions/3.12.9/lib/python3.12/site-packages/airflow/example_dags/example_nested_branch_dag.py
[2025-02-28T20:15:12.817+0200] {logging_mixin.py:190} INFO - [2025-02-28T20:15:12.817+0200] {dag.py:3239} INFO - Sync 1 DAGs
[2025-02-28T20:15:12.824+0200] {logging_mixin.py:190} INFO - [2025-02-28T20:15:12.824+0200] {dag.py:4180} INFO - Setting next_dagrun for example_nested_branch_dag to 2025-02-27 00:00:00+00:00, run_after=2025-02-28 00:00:00+00:00
[2025-02-28T20:15:12.831+0200] {processor.py:208} INFO - Processing /Users/nampham/.pyenv/versions/3.12.9/lib/python3.12/site-packages/airflow/example_dags/example_nested_branch_dag.py took 0.099 seconds
[2025-02-28T20:17:49.131+0200] {processor.py:186} INFO - Started process (PID=99026) to work on /Users/nampham/.pyenv/versions/3.12.9/lib/python3.12/site-packages/airflow/example_dags/example_nested_branch_dag.py
[2025-02-28T20:17:49.132+0200] {processor.py:914} INFO - Processing file /Users/nampham/.pyenv/versions/3.12.9/lib/python3.12/site-packages/airflow/example_dags/example_nested_branch_dag.py for tasks to queue
[2025-02-28T20:17:49.133+0200] {logging_mixin.py:190} INFO - [2025-02-28T20:17:49.132+0200] {dagbag.py:588} INFO - Filling up the DagBag from /Users/nampham/.pyenv/versions/3.12.9/lib/python3.12/site-packages/airflow/example_dags/example_nested_branch_dag.py
[2025-02-28T20:17:49.171+0200] {processor.py:925} INFO - DAG(s) 'example_nested_branch_dag' retrieved from /Users/nampham/.pyenv/versions/3.12.9/lib/python3.12/site-packages/airflow/example_dags/example_nested_branch_dag.py
[2025-02-28T20:17:49.205+0200] {logging_mixin.py:190} INFO - [2025-02-28T20:17:49.205+0200] {dag.py:3239} INFO - Sync 1 DAGs
[2025-02-28T20:17:49.211+0200] {logging_mixin.py:190} INFO - [2025-02-28T20:17:49.211+0200] {dag.py:4180} INFO - Setting next_dagrun for example_nested_branch_dag to 2025-02-27 00:00:00+00:00, run_after=2025-02-28 00:00:00+00:00
[2025-02-28T20:17:49.218+0200] {processor.py:208} INFO - Processing /Users/nampham/.pyenv/versions/3.12.9/lib/python3.12/site-packages/airflow/example_dags/example_nested_branch_dag.py took 0.088 seconds
[2025-02-28T20:19:04.746+0200] {processor.py:186} INFO - Started process (PID=99384) to work on /Users/nampham/.pyenv/versions/3.12.9/lib/python3.12/site-packages/airflow/example_dags/example_nested_branch_dag.py
[2025-02-28T20:19:04.747+0200] {processor.py:914} INFO - Processing file /Users/nampham/.pyenv/versions/3.12.9/lib/python3.12/site-packages/airflow/example_dags/example_nested_branch_dag.py for tasks to queue
[2025-02-28T20:19:04.748+0200] {logging_mixin.py:190} INFO - [2025-02-28T20:19:04.748+0200] {dagbag.py:588} INFO - Filling up the DagBag from /Users/nampham/.pyenv/versions/3.12.9/lib/python3.12/site-packages/airflow/example_dags/example_nested_branch_dag.py
[2025-02-28T20:19:04.786+0200] {processor.py:925} INFO - DAG(s) 'example_nested_branch_dag' retrieved from /Users/nampham/.pyenv/versions/3.12.9/lib/python3.12/site-packages/airflow/example_dags/example_nested_branch_dag.py
[2025-02-28T20:19:04.819+0200] {logging_mixin.py:190} INFO - [2025-02-28T20:19:04.819+0200] {dag.py:3239} INFO - Sync 1 DAGs
[2025-02-28T20:19:04.826+0200] {logging_mixin.py:190} INFO - [2025-02-28T20:19:04.826+0200] {dag.py:4180} INFO - Setting next_dagrun for example_nested_branch_dag to 2025-02-27 00:00:00+00:00, run_after=2025-02-28 00:00:00+00:00
[2025-02-28T20:19:04.832+0200] {processor.py:208} INFO - Processing /Users/nampham/.pyenv/versions/3.12.9/lib/python3.12/site-packages/airflow/example_dags/example_nested_branch_dag.py took 0.087 seconds
[2025-02-28T20:20:55.423+0200] {processor.py:186} INFO - Started process (PID=99829) to work on /Users/nampham/.pyenv/versions/3.12.9/lib/python3.12/site-packages/airflow/example_dags/example_nested_branch_dag.py
[2025-02-28T20:20:55.425+0200] {processor.py:914} INFO - Processing file /Users/nampham/.pyenv/versions/3.12.9/lib/python3.12/site-packages/airflow/example_dags/example_nested_branch_dag.py for tasks to queue
[2025-02-28T20:20:55.425+0200] {logging_mixin.py:190} INFO - [2025-02-28T20:20:55.425+0200] {dagbag.py:588} INFO - Filling up the DagBag from /Users/nampham/.pyenv/versions/3.12.9/lib/python3.12/site-packages/airflow/example_dags/example_nested_branch_dag.py
[2025-02-28T20:20:55.463+0200] {processor.py:925} INFO - DAG(s) 'example_nested_branch_dag' retrieved from /Users/nampham/.pyenv/versions/3.12.9/lib/python3.12/site-packages/airflow/example_dags/example_nested_branch_dag.py
[2025-02-28T20:20:55.498+0200] {logging_mixin.py:190} INFO - [2025-02-28T20:20:55.498+0200] {dag.py:3239} INFO - Sync 1 DAGs
[2025-02-28T20:20:55.504+0200] {logging_mixin.py:190} INFO - [2025-02-28T20:20:55.504+0200] {dag.py:4180} INFO - Setting next_dagrun for example_nested_branch_dag to 2025-02-27 00:00:00+00:00, run_after=2025-02-28 00:00:00+00:00
[2025-02-28T20:20:55.511+0200] {processor.py:208} INFO - Processing /Users/nampham/.pyenv/versions/3.12.9/lib/python3.12/site-packages/airflow/example_dags/example_nested_branch_dag.py took 0.089 seconds
[2025-02-28T21:28:17.844+0200] {processor.py:186} INFO - Started process (PID=5617) to work on /Users/nampham/.pyenv/versions/3.12.9/lib/python3.12/site-packages/airflow/example_dags/example_nested_branch_dag.py
[2025-02-28T21:28:17.846+0200] {processor.py:914} INFO - Processing file /Users/nampham/.pyenv/versions/3.12.9/lib/python3.12/site-packages/airflow/example_dags/example_nested_branch_dag.py for tasks to queue
[2025-02-28T21:28:17.846+0200] {logging_mixin.py:190} INFO - [2025-02-28T21:28:17.846+0200] {dagbag.py:588} INFO - Filling up the DagBag from /Users/nampham/.pyenv/versions/3.12.9/lib/python3.12/site-packages/airflow/example_dags/example_nested_branch_dag.py
[2025-02-28T21:28:17.887+0200] {processor.py:925} INFO - DAG(s) 'example_nested_branch_dag' retrieved from /Users/nampham/.pyenv/versions/3.12.9/lib/python3.12/site-packages/airflow/example_dags/example_nested_branch_dag.py
[2025-02-28T21:28:17.922+0200] {logging_mixin.py:190} INFO - [2025-02-28T21:28:17.921+0200] {dag.py:3239} INFO - Sync 1 DAGs
[2025-02-28T21:28:17.929+0200] {logging_mixin.py:190} INFO - [2025-02-28T21:28:17.929+0200] {dag.py:4180} INFO - Setting next_dagrun for example_nested_branch_dag to 2025-02-27 00:00:00+00:00, run_after=2025-02-28 00:00:00+00:00
[2025-02-28T21:28:17.936+0200] {processor.py:208} INFO - Processing /Users/nampham/.pyenv/versions/3.12.9/lib/python3.12/site-packages/airflow/example_dags/example_nested_branch_dag.py took 0.093 seconds
[2025-02-28T21:31:03.531+0200] {processor.py:186} INFO - Started process (PID=6267) to work on /Users/nampham/.pyenv/versions/3.12.9/lib/python3.12/site-packages/airflow/example_dags/example_nested_branch_dag.py
[2025-02-28T21:31:03.532+0200] {processor.py:914} INFO - Processing file /Users/nampham/.pyenv/versions/3.12.9/lib/python3.12/site-packages/airflow/example_dags/example_nested_branch_dag.py for tasks to queue
[2025-02-28T21:31:03.532+0200] {logging_mixin.py:190} INFO - [2025-02-28T21:31:03.532+0200] {dagbag.py:588} INFO - Filling up the DagBag from /Users/nampham/.pyenv/versions/3.12.9/lib/python3.12/site-packages/airflow/example_dags/example_nested_branch_dag.py
[2025-02-28T21:31:03.569+0200] {processor.py:925} INFO - DAG(s) 'example_nested_branch_dag' retrieved from /Users/nampham/.pyenv/versions/3.12.9/lib/python3.12/site-packages/airflow/example_dags/example_nested_branch_dag.py
[2025-02-28T21:31:03.604+0200] {logging_mixin.py:190} INFO - [2025-02-28T21:31:03.604+0200] {dag.py:3239} INFO - Sync 1 DAGs
[2025-02-28T21:31:03.610+0200] {logging_mixin.py:190} INFO - [2025-02-28T21:31:03.610+0200] {dag.py:4180} INFO - Setting next_dagrun for example_nested_branch_dag to 2025-02-27 00:00:00+00:00, run_after=2025-02-28 00:00:00+00:00
[2025-02-28T21:31:03.617+0200] {processor.py:208} INFO - Processing /Users/nampham/.pyenv/versions/3.12.9/lib/python3.12/site-packages/airflow/example_dags/example_nested_branch_dag.py took 0.087 seconds
[2025-02-28T21:32:51.251+0200] {processor.py:186} INFO - Started process (PID=6838) to work on /Users/nampham/.pyenv/versions/3.12.9/lib/python3.12/site-packages/airflow/example_dags/example_nested_branch_dag.py
[2025-02-28T21:32:51.251+0200] {processor.py:914} INFO - Processing file /Users/nampham/.pyenv/versions/3.12.9/lib/python3.12/site-packages/airflow/example_dags/example_nested_branch_dag.py for tasks to queue
[2025-02-28T21:32:51.252+0200] {logging_mixin.py:190} INFO - [2025-02-28T21:32:51.252+0200] {dagbag.py:588} INFO - Filling up the DagBag from /Users/nampham/.pyenv/versions/3.12.9/lib/python3.12/site-packages/airflow/example_dags/example_nested_branch_dag.py
[2025-02-28T21:32:51.291+0200] {processor.py:925} INFO - DAG(s) 'example_nested_branch_dag' retrieved from /Users/nampham/.pyenv/versions/3.12.9/lib/python3.12/site-packages/airflow/example_dags/example_nested_branch_dag.py
[2025-02-28T21:32:51.326+0200] {logging_mixin.py:190} INFO - [2025-02-28T21:32:51.326+0200] {dag.py:3239} INFO - Sync 1 DAGs
[2025-02-28T21:32:51.333+0200] {logging_mixin.py:190} INFO - [2025-02-28T21:32:51.332+0200] {dag.py:4180} INFO - Setting next_dagrun for example_nested_branch_dag to 2025-02-27 00:00:00+00:00, run_after=2025-02-28 00:00:00+00:00
[2025-02-28T21:32:51.339+0200] {processor.py:208} INFO - Processing /Users/nampham/.pyenv/versions/3.12.9/lib/python3.12/site-packages/airflow/example_dags/example_nested_branch_dag.py took 0.090 seconds
[2025-02-28T21:35:27.543+0200] {processor.py:186} INFO - Started process (PID=7487) to work on /Users/nampham/.pyenv/versions/3.12.9/lib/python3.12/site-packages/airflow/example_dags/example_nested_branch_dag.py
[2025-02-28T21:35:27.544+0200] {processor.py:914} INFO - Processing file /Users/nampham/.pyenv/versions/3.12.9/lib/python3.12/site-packages/airflow/example_dags/example_nested_branch_dag.py for tasks to queue
[2025-02-28T21:35:27.544+0200] {logging_mixin.py:190} INFO - [2025-02-28T21:35:27.544+0200] {dagbag.py:588} INFO - Filling up the DagBag from /Users/nampham/.pyenv/versions/3.12.9/lib/python3.12/site-packages/airflow/example_dags/example_nested_branch_dag.py
[2025-02-28T21:35:27.584+0200] {processor.py:925} INFO - DAG(s) 'example_nested_branch_dag' retrieved from /Users/nampham/.pyenv/versions/3.12.9/lib/python3.12/site-packages/airflow/example_dags/example_nested_branch_dag.py
[2025-02-28T21:35:27.619+0200] {logging_mixin.py:190} INFO - [2025-02-28T21:35:27.619+0200] {dag.py:3239} INFO - Sync 1 DAGs
[2025-02-28T21:35:27.626+0200] {logging_mixin.py:190} INFO - [2025-02-28T21:35:27.626+0200] {dag.py:4180} INFO - Setting next_dagrun for example_nested_branch_dag to 2025-02-27 00:00:00+00:00, run_after=2025-02-28 00:00:00+00:00
[2025-02-28T21:35:27.632+0200] {processor.py:208} INFO - Processing /Users/nampham/.pyenv/versions/3.12.9/lib/python3.12/site-packages/airflow/example_dags/example_nested_branch_dag.py took 0.090 seconds
[2025-02-28T21:37:26.560+0200] {processor.py:186} INFO - Started process (PID=7989) to work on /Users/nampham/.pyenv/versions/3.12.9/lib/python3.12/site-packages/airflow/example_dags/example_nested_branch_dag.py
[2025-02-28T21:37:26.561+0200] {processor.py:914} INFO - Processing file /Users/nampham/.pyenv/versions/3.12.9/lib/python3.12/site-packages/airflow/example_dags/example_nested_branch_dag.py for tasks to queue
[2025-02-28T21:37:26.562+0200] {logging_mixin.py:190} INFO - [2025-02-28T21:37:26.562+0200] {dagbag.py:588} INFO - Filling up the DagBag from /Users/nampham/.pyenv/versions/3.12.9/lib/python3.12/site-packages/airflow/example_dags/example_nested_branch_dag.py
[2025-02-28T21:37:26.606+0200] {processor.py:925} INFO - DAG(s) 'example_nested_branch_dag' retrieved from /Users/nampham/.pyenv/versions/3.12.9/lib/python3.12/site-packages/airflow/example_dags/example_nested_branch_dag.py
[2025-02-28T21:37:26.672+0200] {logging_mixin.py:190} INFO - [2025-02-28T21:37:26.672+0200] {override.py:1930} INFO - Created Permission View: can read on DAG:example_nested_branch_dag
[2025-02-28T21:37:26.675+0200] {logging_mixin.py:190} INFO - [2025-02-28T21:37:26.675+0200] {override.py:1930} INFO - Created Permission View: can delete on DAG:example_nested_branch_dag
[2025-02-28T21:37:26.677+0200] {logging_mixin.py:190} INFO - [2025-02-28T21:37:26.677+0200] {override.py:1930} INFO - Created Permission View: can edit on DAG:example_nested_branch_dag
[2025-02-28T21:37:26.679+0200] {logging_mixin.py:190} INFO - [2025-02-28T21:37:26.679+0200] {override.py:1930} INFO - Created Permission View: can read on DAG Run:example_nested_branch_dag
[2025-02-28T21:37:26.681+0200] {logging_mixin.py:190} INFO - [2025-02-28T21:37:26.681+0200] {override.py:1930} INFO - Created Permission View: can create on DAG Run:example_nested_branch_dag
[2025-02-28T21:37:26.683+0200] {logging_mixin.py:190} INFO - [2025-02-28T21:37:26.683+0200] {override.py:1930} INFO - Created Permission View: menu access on DAG Run:example_nested_branch_dag
[2025-02-28T21:37:26.685+0200] {logging_mixin.py:190} INFO - [2025-02-28T21:37:26.685+0200] {override.py:1930} INFO - Created Permission View: can delete on DAG Run:example_nested_branch_dag
[2025-02-28T21:37:26.685+0200] {logging_mixin.py:190} INFO - [2025-02-28T21:37:26.685+0200] {dag.py:3239} INFO - Sync 1 DAGs
[2025-02-28T21:37:26.689+0200] {logging_mixin.py:190} INFO - [2025-02-28T21:37:26.689+0200] {dag.py:3262} INFO - Creating ORM DAG for example_nested_branch_dag
[2025-02-28T21:37:26.693+0200] {logging_mixin.py:190} INFO - [2025-02-28T21:37:26.693+0200] {dag.py:4180} INFO - Setting next_dagrun for example_nested_branch_dag to 2025-02-27 00:00:00+00:00, run_after=2025-02-28 00:00:00+00:00
[2025-02-28T21:37:26.698+0200] {processor.py:208} INFO - Processing /Users/nampham/.pyenv/versions/3.12.9/lib/python3.12/site-packages/airflow/example_dags/example_nested_branch_dag.py took 0.139 seconds
[2025-02-28T21:39:16.482+0200] {processor.py:186} INFO - Started process (PID=8407) to work on /Users/nampham/.pyenv/versions/3.12.9/lib/python3.12/site-packages/airflow/example_dags/example_nested_branch_dag.py
[2025-02-28T21:39:16.482+0200] {processor.py:914} INFO - Processing file /Users/nampham/.pyenv/versions/3.12.9/lib/python3.12/site-packages/airflow/example_dags/example_nested_branch_dag.py for tasks to queue
[2025-02-28T21:39:16.483+0200] {logging_mixin.py:190} INFO - [2025-02-28T21:39:16.483+0200] {dagbag.py:588} INFO - Filling up the DagBag from /Users/nampham/.pyenv/versions/3.12.9/lib/python3.12/site-packages/airflow/example_dags/example_nested_branch_dag.py
[2025-02-28T21:39:16.527+0200] {processor.py:925} INFO - DAG(s) 'example_nested_branch_dag' retrieved from /Users/nampham/.pyenv/versions/3.12.9/lib/python3.12/site-packages/airflow/example_dags/example_nested_branch_dag.py
[2025-02-28T21:39:16.564+0200] {logging_mixin.py:190} INFO - [2025-02-28T21:39:16.564+0200] {dag.py:3239} INFO - Sync 1 DAGs
[2025-02-28T21:39:16.571+0200] {logging_mixin.py:190} INFO - [2025-02-28T21:39:16.571+0200] {dag.py:4180} INFO - Setting next_dagrun for example_nested_branch_dag to 2025-02-27 00:00:00+00:00, run_after=2025-02-28 00:00:00+00:00
[2025-02-28T21:39:16.578+0200] {processor.py:208} INFO - Processing /Users/nampham/.pyenv/versions/3.12.9/lib/python3.12/site-packages/airflow/example_dags/example_nested_branch_dag.py took 0.098 seconds
[2025-02-28T21:44:01.161+0200] {processor.py:186} INFO - Started process (PID=9682) to work on /Users/nampham/.pyenv/versions/3.12.9/lib/python3.12/site-packages/airflow/example_dags/example_nested_branch_dag.py
[2025-02-28T21:44:01.163+0200] {processor.py:914} INFO - Processing file /Users/nampham/.pyenv/versions/3.12.9/lib/python3.12/site-packages/airflow/example_dags/example_nested_branch_dag.py for tasks to queue
[2025-02-28T21:44:01.164+0200] {logging_mixin.py:190} INFO - [2025-02-28T21:44:01.164+0200] {dagbag.py:588} INFO - Filling up the DagBag from /Users/nampham/.pyenv/versions/3.12.9/lib/python3.12/site-packages/airflow/example_dags/example_nested_branch_dag.py
[2025-02-28T21:44:01.206+0200] {processor.py:925} INFO - DAG(s) 'example_nested_branch_dag' retrieved from /Users/nampham/.pyenv/versions/3.12.9/lib/python3.12/site-packages/airflow/example_dags/example_nested_branch_dag.py
[2025-02-28T21:44:01.275+0200] {logging_mixin.py:190} INFO - [2025-02-28T21:44:01.275+0200] {override.py:1930} INFO - Created Permission View: can read on DAG:example_nested_branch_dag
[2025-02-28T21:44:01.278+0200] {logging_mixin.py:190} INFO - [2025-02-28T21:44:01.278+0200] {override.py:1930} INFO - Created Permission View: can edit on DAG:example_nested_branch_dag
[2025-02-28T21:44:01.280+0200] {logging_mixin.py:190} INFO - [2025-02-28T21:44:01.280+0200] {override.py:1930} INFO - Created Permission View: can delete on DAG:example_nested_branch_dag
[2025-02-28T21:44:01.283+0200] {logging_mixin.py:190} INFO - [2025-02-28T21:44:01.283+0200] {override.py:1930} INFO - Created Permission View: can read on DAG Run:example_nested_branch_dag
[2025-02-28T21:44:01.285+0200] {logging_mixin.py:190} INFO - [2025-02-28T21:44:01.284+0200] {override.py:1930} INFO - Created Permission View: menu access on DAG Run:example_nested_branch_dag
[2025-02-28T21:44:01.286+0200] {logging_mixin.py:190} INFO - [2025-02-28T21:44:01.286+0200] {override.py:1930} INFO - Created Permission View: can create on DAG Run:example_nested_branch_dag
[2025-02-28T21:44:01.288+0200] {logging_mixin.py:190} INFO - [2025-02-28T21:44:01.288+0200] {override.py:1930} INFO - Created Permission View: can delete on DAG Run:example_nested_branch_dag
[2025-02-28T21:44:01.288+0200] {logging_mixin.py:190} INFO - [2025-02-28T21:44:01.288+0200] {dag.py:3239} INFO - Sync 1 DAGs
[2025-02-28T21:44:01.293+0200] {logging_mixin.py:190} INFO - [2025-02-28T21:44:01.293+0200] {dag.py:3262} INFO - Creating ORM DAG for example_nested_branch_dag
[2025-02-28T21:44:01.296+0200] {logging_mixin.py:190} INFO - [2025-02-28T21:44:01.296+0200] {dag.py:4180} INFO - Setting next_dagrun for example_nested_branch_dag to 2025-02-27 00:00:00+00:00, run_after=2025-02-28 00:00:00+00:00
[2025-02-28T21:44:01.302+0200] {processor.py:208} INFO - Processing /Users/nampham/.pyenv/versions/3.12.9/lib/python3.12/site-packages/airflow/example_dags/example_nested_branch_dag.py took 0.142 seconds
[2025-02-28T22:28:19.303+0200] {processor.py:186} INFO - Started process (PID=18199) to work on /Users/nampham/.pyenv/versions/3.12.9/lib/python3.12/site-packages/airflow/example_dags/example_nested_branch_dag.py
[2025-02-28T22:28:19.304+0200] {processor.py:914} INFO - Processing file /Users/nampham/.pyenv/versions/3.12.9/lib/python3.12/site-packages/airflow/example_dags/example_nested_branch_dag.py for tasks to queue
[2025-02-28T22:28:19.304+0200] {logging_mixin.py:190} INFO - [2025-02-28T22:28:19.304+0200] {dagbag.py:588} INFO - Filling up the DagBag from /Users/nampham/.pyenv/versions/3.12.9/lib/python3.12/site-packages/airflow/example_dags/example_nested_branch_dag.py
[2025-02-28T22:28:19.342+0200] {processor.py:925} INFO - DAG(s) 'example_nested_branch_dag' retrieved from /Users/nampham/.pyenv/versions/3.12.9/lib/python3.12/site-packages/airflow/example_dags/example_nested_branch_dag.py
[2025-02-28T22:28:19.406+0200] {logging_mixin.py:190} INFO - [2025-02-28T22:28:19.406+0200] {override.py:1930} INFO - Created Permission View: can delete on DAG:example_nested_branch_dag
[2025-02-28T22:28:19.408+0200] {logging_mixin.py:190} INFO - [2025-02-28T22:28:19.408+0200] {override.py:1930} INFO - Created Permission View: can edit on DAG:example_nested_branch_dag
[2025-02-28T22:28:19.410+0200] {logging_mixin.py:190} INFO - [2025-02-28T22:28:19.410+0200] {override.py:1930} INFO - Created Permission View: can read on DAG:example_nested_branch_dag
[2025-02-28T22:28:19.413+0200] {logging_mixin.py:190} INFO - [2025-02-28T22:28:19.412+0200] {override.py:1930} INFO - Created Permission View: can create on DAG Run:example_nested_branch_dag
[2025-02-28T22:28:19.414+0200] {logging_mixin.py:190} INFO - [2025-02-28T22:28:19.414+0200] {override.py:1930} INFO - Created Permission View: can delete on DAG Run:example_nested_branch_dag
[2025-02-28T22:28:19.416+0200] {logging_mixin.py:190} INFO - [2025-02-28T22:28:19.416+0200] {override.py:1930} INFO - Created Permission View: menu access on DAG Run:example_nested_branch_dag
[2025-02-28T22:28:19.418+0200] {logging_mixin.py:190} INFO - [2025-02-28T22:28:19.418+0200] {override.py:1930} INFO - Created Permission View: can read on DAG Run:example_nested_branch_dag
[2025-02-28T22:28:19.418+0200] {logging_mixin.py:190} INFO - [2025-02-28T22:28:19.418+0200] {dag.py:3239} INFO - Sync 1 DAGs
[2025-02-28T22:28:19.422+0200] {logging_mixin.py:190} INFO - [2025-02-28T22:28:19.422+0200] {dag.py:3262} INFO - Creating ORM DAG for example_nested_branch_dag
[2025-02-28T22:28:19.426+0200] {logging_mixin.py:190} INFO - [2025-02-28T22:28:19.426+0200] {dag.py:4180} INFO - Setting next_dagrun for example_nested_branch_dag to 2025-02-27 00:00:00+00:00, run_after=2025-02-28 00:00:00+00:00
[2025-02-28T22:28:19.431+0200] {processor.py:208} INFO - Processing /Users/nampham/.pyenv/versions/3.12.9/lib/python3.12/site-packages/airflow/example_dags/example_nested_branch_dag.py took 0.130 seconds
[2025-02-28T22:36:23.154+0200] {processor.py:186} INFO - Started process (PID=19852) to work on /Users/nampham/.pyenv/versions/3.12.9/lib/python3.12/site-packages/airflow/example_dags/example_nested_branch_dag.py
[2025-02-28T22:36:23.155+0200] {processor.py:914} INFO - Processing file /Users/nampham/.pyenv/versions/3.12.9/lib/python3.12/site-packages/airflow/example_dags/example_nested_branch_dag.py for tasks to queue
[2025-02-28T22:36:23.155+0200] {logging_mixin.py:190} INFO - [2025-02-28T22:36:23.155+0200] {dagbag.py:588} INFO - Filling up the DagBag from /Users/nampham/.pyenv/versions/3.12.9/lib/python3.12/site-packages/airflow/example_dags/example_nested_branch_dag.py
[2025-02-28T22:36:23.193+0200] {processor.py:925} INFO - DAG(s) 'example_nested_branch_dag' retrieved from /Users/nampham/.pyenv/versions/3.12.9/lib/python3.12/site-packages/airflow/example_dags/example_nested_branch_dag.py
[2025-02-28T22:36:23.258+0200] {logging_mixin.py:190} INFO - [2025-02-28T22:36:23.258+0200] {override.py:1930} INFO - Created Permission View: can edit on DAG:example_nested_branch_dag
[2025-02-28T22:36:23.261+0200] {logging_mixin.py:190} INFO - [2025-02-28T22:36:23.261+0200] {override.py:1930} INFO - Created Permission View: can delete on DAG:example_nested_branch_dag
[2025-02-28T22:36:23.263+0200] {logging_mixin.py:190} INFO - [2025-02-28T22:36:23.262+0200] {override.py:1930} INFO - Created Permission View: can read on DAG:example_nested_branch_dag
[2025-02-28T22:36:23.265+0200] {logging_mixin.py:190} INFO - [2025-02-28T22:36:23.265+0200] {override.py:1930} INFO - Created Permission View: can delete on DAG Run:example_nested_branch_dag
[2025-02-28T22:36:23.267+0200] {logging_mixin.py:190} INFO - [2025-02-28T22:36:23.267+0200] {override.py:1930} INFO - Created Permission View: can read on DAG Run:example_nested_branch_dag
[2025-02-28T22:36:23.268+0200] {logging_mixin.py:190} INFO - [2025-02-28T22:36:23.268+0200] {override.py:1930} INFO - Created Permission View: can create on DAG Run:example_nested_branch_dag
[2025-02-28T22:36:23.270+0200] {logging_mixin.py:190} INFO - [2025-02-28T22:36:23.270+0200] {override.py:1930} INFO - Created Permission View: menu access on DAG Run:example_nested_branch_dag
[2025-02-28T22:36:23.270+0200] {logging_mixin.py:190} INFO - [2025-02-28T22:36:23.270+0200] {dag.py:3239} INFO - Sync 1 DAGs
[2025-02-28T22:36:23.274+0200] {logging_mixin.py:190} INFO - [2025-02-28T22:36:23.274+0200] {dag.py:3262} INFO - Creating ORM DAG for example_nested_branch_dag
[2025-02-28T22:36:23.277+0200] {logging_mixin.py:190} INFO - [2025-02-28T22:36:23.277+0200] {dag.py:4180} INFO - Setting next_dagrun for example_nested_branch_dag to 2025-02-27 00:00:00+00:00, run_after=2025-02-28 00:00:00+00:00
[2025-02-28T22:36:23.283+0200] {processor.py:208} INFO - Processing /Users/nampham/.pyenv/versions/3.12.9/lib/python3.12/site-packages/airflow/example_dags/example_nested_branch_dag.py took 0.130 seconds
[2025-02-28T22:38:37.662+0200] {processor.py:186} INFO - Started process (PID=20344) to work on /Users/nampham/.pyenv/versions/3.12.9/lib/python3.12/site-packages/airflow/example_dags/example_nested_branch_dag.py
[2025-02-28T22:38:37.662+0200] {processor.py:914} INFO - Processing file /Users/nampham/.pyenv/versions/3.12.9/lib/python3.12/site-packages/airflow/example_dags/example_nested_branch_dag.py for tasks to queue
[2025-02-28T22:38:37.663+0200] {logging_mixin.py:190} INFO - [2025-02-28T22:38:37.663+0200] {dagbag.py:588} INFO - Filling up the DagBag from /Users/nampham/.pyenv/versions/3.12.9/lib/python3.12/site-packages/airflow/example_dags/example_nested_branch_dag.py
[2025-02-28T22:38:37.700+0200] {processor.py:925} INFO - DAG(s) 'example_nested_branch_dag' retrieved from /Users/nampham/.pyenv/versions/3.12.9/lib/python3.12/site-packages/airflow/example_dags/example_nested_branch_dag.py
[2025-02-28T22:38:37.734+0200] {logging_mixin.py:190} INFO - [2025-02-28T22:38:37.734+0200] {dag.py:3239} INFO - Sync 1 DAGs
[2025-02-28T22:38:37.740+0200] {logging_mixin.py:190} INFO - [2025-02-28T22:38:37.740+0200] {dag.py:4180} INFO - Setting next_dagrun for example_nested_branch_dag to 2025-02-27 00:00:00+00:00, run_after=2025-02-28 00:00:00+00:00
[2025-02-28T22:38:37.747+0200] {processor.py:208} INFO - Processing /Users/nampham/.pyenv/versions/3.12.9/lib/python3.12/site-packages/airflow/example_dags/example_nested_branch_dag.py took 0.086 seconds
[2025-02-28T22:41:27.590+0200] {processor.py:186} INFO - Started process (PID=20902) to work on /Users/nampham/.pyenv/versions/3.12.9/lib/python3.12/site-packages/airflow/example_dags/example_nested_branch_dag.py
[2025-02-28T22:41:27.591+0200] {processor.py:914} INFO - Processing file /Users/nampham/.pyenv/versions/3.12.9/lib/python3.12/site-packages/airflow/example_dags/example_nested_branch_dag.py for tasks to queue
[2025-02-28T22:41:27.592+0200] {logging_mixin.py:190} INFO - [2025-02-28T22:41:27.591+0200] {dagbag.py:588} INFO - Filling up the DagBag from /Users/nampham/.pyenv/versions/3.12.9/lib/python3.12/site-packages/airflow/example_dags/example_nested_branch_dag.py
[2025-02-28T22:41:27.629+0200] {processor.py:925} INFO - DAG(s) 'example_nested_branch_dag' retrieved from /Users/nampham/.pyenv/versions/3.12.9/lib/python3.12/site-packages/airflow/example_dags/example_nested_branch_dag.py
[2025-02-28T22:41:27.664+0200] {logging_mixin.py:190} INFO - [2025-02-28T22:41:27.663+0200] {dag.py:3239} INFO - Sync 1 DAGs
[2025-02-28T22:41:27.670+0200] {logging_mixin.py:190} INFO - [2025-02-28T22:41:27.670+0200] {dag.py:4180} INFO - Setting next_dagrun for example_nested_branch_dag to 2025-02-27 00:00:00+00:00, run_after=2025-02-28 00:00:00+00:00
[2025-02-28T22:41:27.676+0200] {processor.py:208} INFO - Processing /Users/nampham/.pyenv/versions/3.12.9/lib/python3.12/site-packages/airflow/example_dags/example_nested_branch_dag.py took 0.088 seconds
[2025-02-28T22:43:56.100+0200] {processor.py:186} INFO - Started process (PID=21452) to work on /Users/nampham/.pyenv/versions/3.12.9/lib/python3.12/site-packages/airflow/example_dags/example_nested_branch_dag.py
[2025-02-28T22:43:56.101+0200] {processor.py:914} INFO - Processing file /Users/nampham/.pyenv/versions/3.12.9/lib/python3.12/site-packages/airflow/example_dags/example_nested_branch_dag.py for tasks to queue
[2025-02-28T22:43:56.101+0200] {logging_mixin.py:190} INFO - [2025-02-28T22:43:56.101+0200] {dagbag.py:588} INFO - Filling up the DagBag from /Users/nampham/.pyenv/versions/3.12.9/lib/python3.12/site-packages/airflow/example_dags/example_nested_branch_dag.py
[2025-02-28T22:43:56.139+0200] {processor.py:925} INFO - DAG(s) 'example_nested_branch_dag' retrieved from /Users/nampham/.pyenv/versions/3.12.9/lib/python3.12/site-packages/airflow/example_dags/example_nested_branch_dag.py
[2025-02-28T22:43:56.173+0200] {logging_mixin.py:190} INFO - [2025-02-28T22:43:56.172+0200] {dag.py:3239} INFO - Sync 1 DAGs
[2025-02-28T22:43:56.179+0200] {logging_mixin.py:190} INFO - [2025-02-28T22:43:56.179+0200] {dag.py:4180} INFO - Setting next_dagrun for example_nested_branch_dag to 2025-02-27 00:00:00+00:00, run_after=2025-02-28 00:00:00+00:00
[2025-02-28T22:43:56.185+0200] {processor.py:208} INFO - Processing /Users/nampham/.pyenv/versions/3.12.9/lib/python3.12/site-packages/airflow/example_dags/example_nested_branch_dag.py took 0.087 seconds
[2025-02-28T22:46:56.073+0200] {processor.py:186} INFO - Started process (PID=22057) to work on /Users/nampham/.pyenv/versions/3.12.9/lib/python3.12/site-packages/airflow/example_dags/example_nested_branch_dag.py
[2025-02-28T22:46:56.074+0200] {processor.py:914} INFO - Processing file /Users/nampham/.pyenv/versions/3.12.9/lib/python3.12/site-packages/airflow/example_dags/example_nested_branch_dag.py for tasks to queue
[2025-02-28T22:46:56.075+0200] {logging_mixin.py:190} INFO - [2025-02-28T22:46:56.075+0200] {dagbag.py:588} INFO - Filling up the DagBag from /Users/nampham/.pyenv/versions/3.12.9/lib/python3.12/site-packages/airflow/example_dags/example_nested_branch_dag.py
[2025-02-28T22:46:56.112+0200] {processor.py:925} INFO - DAG(s) 'example_nested_branch_dag' retrieved from /Users/nampham/.pyenv/versions/3.12.9/lib/python3.12/site-packages/airflow/example_dags/example_nested_branch_dag.py
[2025-02-28T22:46:56.146+0200] {logging_mixin.py:190} INFO - [2025-02-28T22:46:56.146+0200] {dag.py:3239} INFO - Sync 1 DAGs
[2025-02-28T22:46:56.152+0200] {logging_mixin.py:190} INFO - [2025-02-28T22:46:56.152+0200] {dag.py:4180} INFO - Setting next_dagrun for example_nested_branch_dag to 2025-02-27 00:00:00+00:00, run_after=2025-02-28 00:00:00+00:00
[2025-02-28T22:46:56.159+0200] {processor.py:208} INFO - Processing /Users/nampham/.pyenv/versions/3.12.9/lib/python3.12/site-packages/airflow/example_dags/example_nested_branch_dag.py took 0.087 seconds
[2025-02-28T22:54:59.858+0200] {processor.py:186} INFO - Started process (PID=22776) to work on /Users/nampham/.pyenv/versions/3.12.9/lib/python3.12/site-packages/airflow/example_dags/example_nested_branch_dag.py
[2025-02-28T22:54:59.859+0200] {processor.py:914} INFO - Processing file /Users/nampham/.pyenv/versions/3.12.9/lib/python3.12/site-packages/airflow/example_dags/example_nested_branch_dag.py for tasks to queue
[2025-02-28T22:54:59.859+0200] {logging_mixin.py:190} INFO - [2025-02-28T22:54:59.859+0200] {dagbag.py:588} INFO - Filling up the DagBag from /Users/nampham/.pyenv/versions/3.12.9/lib/python3.12/site-packages/airflow/example_dags/example_nested_branch_dag.py
[2025-02-28T22:54:59.898+0200] {processor.py:925} INFO - DAG(s) 'example_nested_branch_dag' retrieved from /Users/nampham/.pyenv/versions/3.12.9/lib/python3.12/site-packages/airflow/example_dags/example_nested_branch_dag.py
[2025-02-28T22:54:59.931+0200] {logging_mixin.py:190} INFO - [2025-02-28T22:54:59.931+0200] {dag.py:3239} INFO - Sync 1 DAGs
[2025-02-28T22:54:59.937+0200] {logging_mixin.py:190} INFO - [2025-02-28T22:54:59.937+0200] {dag.py:4180} INFO - Setting next_dagrun for example_nested_branch_dag to 2025-02-27 00:00:00+00:00, run_after=2025-02-28 00:00:00+00:00
[2025-02-28T22:54:59.944+0200] {processor.py:208} INFO - Processing /Users/nampham/.pyenv/versions/3.12.9/lib/python3.12/site-packages/airflow/example_dags/example_nested_branch_dag.py took 0.087 seconds
[2025-02-28T22:56:55.762+0200] {processor.py:186} INFO - Started process (PID=23149) to work on /Users/nampham/.pyenv/versions/3.12.9/lib/python3.12/site-packages/airflow/example_dags/example_nested_branch_dag.py
[2025-02-28T22:56:55.764+0200] {processor.py:914} INFO - Processing file /Users/nampham/.pyenv/versions/3.12.9/lib/python3.12/site-packages/airflow/example_dags/example_nested_branch_dag.py for tasks to queue
[2025-02-28T22:56:55.764+0200] {logging_mixin.py:190} INFO - [2025-02-28T22:56:55.764+0200] {dagbag.py:588} INFO - Filling up the DagBag from /Users/nampham/.pyenv/versions/3.12.9/lib/python3.12/site-packages/airflow/example_dags/example_nested_branch_dag.py
[2025-02-28T22:56:55.802+0200] {processor.py:925} INFO - DAG(s) 'example_nested_branch_dag' retrieved from /Users/nampham/.pyenv/versions/3.12.9/lib/python3.12/site-packages/airflow/example_dags/example_nested_branch_dag.py
[2025-02-28T22:56:55.835+0200] {logging_mixin.py:190} INFO - [2025-02-28T22:56:55.835+0200] {dag.py:3239} INFO - Sync 1 DAGs
[2025-02-28T22:56:55.841+0200] {logging_mixin.py:190} INFO - [2025-02-28T22:56:55.841+0200] {dag.py:4180} INFO - Setting next_dagrun for example_nested_branch_dag to 2025-02-27 00:00:00+00:00, run_after=2025-02-28 00:00:00+00:00
[2025-02-28T22:56:55.848+0200] {processor.py:208} INFO - Processing /Users/nampham/.pyenv/versions/3.12.9/lib/python3.12/site-packages/airflow/example_dags/example_nested_branch_dag.py took 0.087 seconds
[2025-02-28T22:59:29.957+0200] {processor.py:186} INFO - Started process (PID=23652) to work on /Users/nampham/.pyenv/versions/3.12.9/lib/python3.12/site-packages/airflow/example_dags/example_nested_branch_dag.py
[2025-02-28T22:59:29.959+0200] {processor.py:914} INFO - Processing file /Users/nampham/.pyenv/versions/3.12.9/lib/python3.12/site-packages/airflow/example_dags/example_nested_branch_dag.py for tasks to queue
[2025-02-28T22:59:29.959+0200] {logging_mixin.py:190} INFO - [2025-02-28T22:59:29.959+0200] {dagbag.py:588} INFO - Filling up the DagBag from /Users/nampham/.pyenv/versions/3.12.9/lib/python3.12/site-packages/airflow/example_dags/example_nested_branch_dag.py
[2025-02-28T22:59:29.996+0200] {processor.py:925} INFO - DAG(s) 'example_nested_branch_dag' retrieved from /Users/nampham/.pyenv/versions/3.12.9/lib/python3.12/site-packages/airflow/example_dags/example_nested_branch_dag.py
[2025-02-28T22:59:30.030+0200] {logging_mixin.py:190} INFO - [2025-02-28T22:59:30.030+0200] {dag.py:3239} INFO - Sync 1 DAGs
[2025-02-28T22:59:30.036+0200] {logging_mixin.py:190} INFO - [2025-02-28T22:59:30.036+0200] {dag.py:4180} INFO - Setting next_dagrun for example_nested_branch_dag to 2025-02-27 00:00:00+00:00, run_after=2025-02-28 00:00:00+00:00
[2025-02-28T22:59:30.042+0200] {processor.py:208} INFO - Processing /Users/nampham/.pyenv/versions/3.12.9/lib/python3.12/site-packages/airflow/example_dags/example_nested_branch_dag.py took 0.087 seconds
