[2025-02-28T18:26:03.042+0200] {processor.py:186} INFO - Started process (PID=93464) to work on /Users/nampham/.pyenv/versions/3.12.9/lib/python3.12/site-packages/airflow/example_dags/example_bash_decorator.py
[2025-02-28T18:26:03.043+0200] {processor.py:914} INFO - Processing file /Users/nampham/.pyenv/versions/3.12.9/lib/python3.12/site-packages/airflow/example_dags/example_bash_decorator.py for tasks to queue
[2025-02-28T18:26:03.043+0200] {logging_mixin.py:190} INFO - [2025-02-28T18:26:03.043+0200] {dagbag.py:588} INFO - Filling up the DagBag from /Users/nampham/.pyenv/versions/3.12.9/lib/python3.12/site-packages/airflow/example_dags/example_bash_decorator.py
[2025-02-28T18:26:03.083+0200] {processor.py:925} INFO - DAG(s) 'example_bash_decorator' retrieved from /Users/nampham/.pyenv/versions/3.12.9/lib/python3.12/site-packages/airflow/example_dags/example_bash_decorator.py
[2025-02-28T18:26:03.149+0200] {logging_mixin.py:190} INFO - [2025-02-28T18:26:03.148+0200] {override.py:1930} INFO - Created Permission View: can delete on DAG:example_bash_decorator
[2025-02-28T18:26:03.151+0200] {logging_mixin.py:190} INFO - [2025-02-28T18:26:03.151+0200] {override.py:1930} INFO - Created Permission View: can edit on DAG:example_bash_decorator
[2025-02-28T18:26:03.154+0200] {logging_mixin.py:190} INFO - [2025-02-28T18:26:03.154+0200] {override.py:1930} INFO - Created Permission View: can read on DAG:example_bash_decorator
[2025-02-28T18:26:03.156+0200] {logging_mixin.py:190} INFO - [2025-02-28T18:26:03.156+0200] {override.py:1930} INFO - Created Permission View: can delete on DAG Run:example_bash_decorator
[2025-02-28T18:26:03.158+0200] {logging_mixin.py:190} INFO - [2025-02-28T18:26:03.158+0200] {override.py:1930} INFO - Created Permission View: menu access on DAG Run:example_bash_decorator
[2025-02-28T18:26:03.160+0200] {logging_mixin.py:190} INFO - [2025-02-28T18:26:03.160+0200] {override.py:1930} INFO - Created Permission View: can read on DAG Run:example_bash_decorator
[2025-02-28T18:26:03.162+0200] {logging_mixin.py:190} INFO - [2025-02-28T18:26:03.162+0200] {override.py:1930} INFO - Created Permission View: can create on DAG Run:example_bash_decorator
[2025-02-28T18:26:03.162+0200] {logging_mixin.py:190} INFO - [2025-02-28T18:26:03.162+0200] {dag.py:3239} INFO - Sync 1 DAGs
[2025-02-28T18:26:03.165+0200] {logging_mixin.py:190} INFO - [2025-02-28T18:26:03.165+0200] {dag.py:3262} INFO - Creating ORM DAG for example_bash_decorator
[2025-02-28T18:26:03.166+0200] {logging_mixin.py:190} INFO - [2025-02-28T18:26:03.165+0200] {dag.py:4180} INFO - Setting next_dagrun for example_bash_decorator to None, run_after=None
[2025-02-28T18:26:03.170+0200] {processor.py:208} INFO - Processing /Users/nampham/.pyenv/versions/3.12.9/lib/python3.12/site-packages/airflow/example_dags/example_bash_decorator.py took 0.129 seconds
[2025-02-28T18:28:41.402+0200] {processor.py:186} INFO - Started process (PID=94112) to work on /Users/nampham/.pyenv/versions/3.12.9/lib/python3.12/site-packages/airflow/example_dags/example_bash_decorator.py
[2025-02-28T18:28:41.403+0200] {processor.py:914} INFO - Processing file /Users/nampham/.pyenv/versions/3.12.9/lib/python3.12/site-packages/airflow/example_dags/example_bash_decorator.py for tasks to queue
[2025-02-28T18:28:41.403+0200] {logging_mixin.py:190} INFO - [2025-02-28T18:28:41.403+0200] {dagbag.py:588} INFO - Filling up the DagBag from /Users/nampham/.pyenv/versions/3.12.9/lib/python3.12/site-packages/airflow/example_dags/example_bash_decorator.py
[2025-02-28T18:28:41.462+0200] {processor.py:925} INFO - DAG(s) 'example_bash_decorator' retrieved from /Users/nampham/.pyenv/versions/3.12.9/lib/python3.12/site-packages/airflow/example_dags/example_bash_decorator.py
[2025-02-28T18:28:41.554+0200] {logging_mixin.py:190} INFO - [2025-02-28T18:28:41.554+0200] {dag.py:3239} INFO - Sync 1 DAGs
[2025-02-28T18:28:41.558+0200] {logging_mixin.py:190} INFO - [2025-02-28T18:28:41.558+0200] {dag.py:4180} INFO - Setting next_dagrun for example_bash_decorator to None, run_after=None
[2025-02-28T18:28:41.564+0200] {processor.py:208} INFO - Processing /Users/nampham/.pyenv/versions/3.12.9/lib/python3.12/site-packages/airflow/example_dags/example_bash_decorator.py took 0.164 seconds
[2025-02-28T20:14:04.404+0200] {processor.py:186} INFO - Started process (PID=98175) to work on /Users/nampham/.pyenv/versions/3.12.9/lib/python3.12/site-packages/airflow/example_dags/example_bash_decorator.py
[2025-02-28T20:14:04.406+0200] {processor.py:914} INFO - Processing file /Users/nampham/.pyenv/versions/3.12.9/lib/python3.12/site-packages/airflow/example_dags/example_bash_decorator.py for tasks to queue
[2025-02-28T20:14:04.406+0200] {logging_mixin.py:190} INFO - [2025-02-28T20:14:04.406+0200] {dagbag.py:588} INFO - Filling up the DagBag from /Users/nampham/.pyenv/versions/3.12.9/lib/python3.12/site-packages/airflow/example_dags/example_bash_decorator.py
[2025-02-28T20:14:04.445+0200] {processor.py:925} INFO - DAG(s) 'example_bash_decorator' retrieved from /Users/nampham/.pyenv/versions/3.12.9/lib/python3.12/site-packages/airflow/example_dags/example_bash_decorator.py
[2025-02-28T20:14:04.510+0200] {logging_mixin.py:190} INFO - [2025-02-28T20:14:04.510+0200] {dag.py:3239} INFO - Sync 1 DAGs
[2025-02-28T20:14:04.513+0200] {logging_mixin.py:190} INFO - [2025-02-28T20:14:04.513+0200] {dag.py:4180} INFO - Setting next_dagrun for example_bash_decorator to None, run_after=None
[2025-02-28T20:14:04.519+0200] {processor.py:208} INFO - Processing /Users/nampham/.pyenv/versions/3.12.9/lib/python3.12/site-packages/airflow/example_dags/example_bash_decorator.py took 0.116 seconds
[2025-02-28T20:16:43.371+0200] {processor.py:186} INFO - Started process (PID=98770) to work on /Users/nampham/.pyenv/versions/3.12.9/lib/python3.12/site-packages/airflow/example_dags/example_bash_decorator.py
[2025-02-28T20:16:43.372+0200] {processor.py:914} INFO - Processing file /Users/nampham/.pyenv/versions/3.12.9/lib/python3.12/site-packages/airflow/example_dags/example_bash_decorator.py for tasks to queue
[2025-02-28T20:16:43.372+0200] {logging_mixin.py:190} INFO - [2025-02-28T20:16:43.372+0200] {dagbag.py:588} INFO - Filling up the DagBag from /Users/nampham/.pyenv/versions/3.12.9/lib/python3.12/site-packages/airflow/example_dags/example_bash_decorator.py
[2025-02-28T20:16:43.415+0200] {processor.py:925} INFO - DAG(s) 'example_bash_decorator' retrieved from /Users/nampham/.pyenv/versions/3.12.9/lib/python3.12/site-packages/airflow/example_dags/example_bash_decorator.py
[2025-02-28T20:16:43.495+0200] {logging_mixin.py:190} INFO - [2025-02-28T20:16:43.495+0200] {dag.py:3239} INFO - Sync 1 DAGs
[2025-02-28T20:16:43.498+0200] {logging_mixin.py:190} INFO - [2025-02-28T20:16:43.498+0200] {dag.py:4180} INFO - Setting next_dagrun for example_bash_decorator to None, run_after=None
[2025-02-28T20:16:43.505+0200] {processor.py:208} INFO - Processing /Users/nampham/.pyenv/versions/3.12.9/lib/python3.12/site-packages/airflow/example_dags/example_bash_decorator.py took 0.136 seconds
[2025-02-28T20:19:47.134+0200] {processor.py:186} INFO - Started process (PID=99542) to work on /Users/nampham/.pyenv/versions/3.12.9/lib/python3.12/site-packages/airflow/example_dags/example_bash_decorator.py
[2025-02-28T20:19:47.135+0200] {processor.py:914} INFO - Processing file /Users/nampham/.pyenv/versions/3.12.9/lib/python3.12/site-packages/airflow/example_dags/example_bash_decorator.py for tasks to queue
[2025-02-28T20:19:47.136+0200] {logging_mixin.py:190} INFO - [2025-02-28T20:19:47.135+0200] {dagbag.py:588} INFO - Filling up the DagBag from /Users/nampham/.pyenv/versions/3.12.9/lib/python3.12/site-packages/airflow/example_dags/example_bash_decorator.py
[2025-02-28T20:19:47.179+0200] {processor.py:925} INFO - DAG(s) 'example_bash_decorator' retrieved from /Users/nampham/.pyenv/versions/3.12.9/lib/python3.12/site-packages/airflow/example_dags/example_bash_decorator.py
[2025-02-28T20:19:47.266+0200] {logging_mixin.py:190} INFO - [2025-02-28T20:19:47.266+0200] {dag.py:3239} INFO - Sync 1 DAGs
[2025-02-28T20:19:47.270+0200] {logging_mixin.py:190} INFO - [2025-02-28T20:19:47.270+0200] {dag.py:4180} INFO - Setting next_dagrun for example_bash_decorator to None, run_after=None
[2025-02-28T20:19:47.277+0200] {processor.py:208} INFO - Processing /Users/nampham/.pyenv/versions/3.12.9/lib/python3.12/site-packages/airflow/example_dags/example_bash_decorator.py took 0.145 seconds
[2025-02-28T20:22:23.539+0200] {processor.py:186} INFO - Started process (PID=242) to work on /Users/nampham/.pyenv/versions/3.12.9/lib/python3.12/site-packages/airflow/example_dags/example_bash_decorator.py
[2025-02-28T20:22:23.540+0200] {processor.py:914} INFO - Processing file /Users/nampham/.pyenv/versions/3.12.9/lib/python3.12/site-packages/airflow/example_dags/example_bash_decorator.py for tasks to queue
[2025-02-28T20:22:23.540+0200] {logging_mixin.py:190} INFO - [2025-02-28T20:22:23.540+0200] {dagbag.py:588} INFO - Filling up the DagBag from /Users/nampham/.pyenv/versions/3.12.9/lib/python3.12/site-packages/airflow/example_dags/example_bash_decorator.py
[2025-02-28T20:22:23.579+0200] {processor.py:925} INFO - DAG(s) 'example_bash_decorator' retrieved from /Users/nampham/.pyenv/versions/3.12.9/lib/python3.12/site-packages/airflow/example_dags/example_bash_decorator.py
[2025-02-28T20:22:23.663+0200] {logging_mixin.py:190} INFO - [2025-02-28T20:22:23.663+0200] {dag.py:3239} INFO - Sync 1 DAGs
[2025-02-28T20:22:23.667+0200] {logging_mixin.py:190} INFO - [2025-02-28T20:22:23.666+0200] {dag.py:4180} INFO - Setting next_dagrun for example_bash_decorator to None, run_after=None
[2025-02-28T20:22:23.673+0200] {processor.py:208} INFO - Processing /Users/nampham/.pyenv/versions/3.12.9/lib/python3.12/site-packages/airflow/example_dags/example_bash_decorator.py took 0.136 seconds
[2025-02-28T21:31:43.336+0200] {processor.py:186} INFO - Started process (PID=6429) to work on /Users/nampham/.pyenv/versions/3.12.9/lib/python3.12/site-packages/airflow/example_dags/example_bash_decorator.py
[2025-02-28T21:31:43.337+0200] {processor.py:914} INFO - Processing file /Users/nampham/.pyenv/versions/3.12.9/lib/python3.12/site-packages/airflow/example_dags/example_bash_decorator.py for tasks to queue
[2025-02-28T21:31:43.337+0200] {logging_mixin.py:190} INFO - [2025-02-28T21:31:43.337+0200] {dagbag.py:588} INFO - Filling up the DagBag from /Users/nampham/.pyenv/versions/3.12.9/lib/python3.12/site-packages/airflow/example_dags/example_bash_decorator.py
[2025-02-28T21:31:43.381+0200] {processor.py:925} INFO - DAG(s) 'example_bash_decorator' retrieved from /Users/nampham/.pyenv/versions/3.12.9/lib/python3.12/site-packages/airflow/example_dags/example_bash_decorator.py
[2025-02-28T21:31:43.462+0200] {logging_mixin.py:190} INFO - [2025-02-28T21:31:43.462+0200] {dag.py:3239} INFO - Sync 1 DAGs
[2025-02-28T21:31:43.466+0200] {logging_mixin.py:190} INFO - [2025-02-28T21:31:43.466+0200] {dag.py:4180} INFO - Setting next_dagrun for example_bash_decorator to None, run_after=None
[2025-02-28T21:31:43.474+0200] {processor.py:208} INFO - Processing /Users/nampham/.pyenv/versions/3.12.9/lib/python3.12/site-packages/airflow/example_dags/example_bash_decorator.py took 0.140 seconds
[2025-02-28T21:34:19.933+0200] {processor.py:186} INFO - Started process (PID=7236) to work on /Users/nampham/.pyenv/versions/3.12.9/lib/python3.12/site-packages/airflow/example_dags/example_bash_decorator.py
[2025-02-28T21:34:19.933+0200] {processor.py:914} INFO - Processing file /Users/nampham/.pyenv/versions/3.12.9/lib/python3.12/site-packages/airflow/example_dags/example_bash_decorator.py for tasks to queue
[2025-02-28T21:34:19.934+0200] {logging_mixin.py:190} INFO - [2025-02-28T21:34:19.934+0200] {dagbag.py:588} INFO - Filling up the DagBag from /Users/nampham/.pyenv/versions/3.12.9/lib/python3.12/site-packages/airflow/example_dags/example_bash_decorator.py
[2025-02-28T21:34:19.974+0200] {processor.py:925} INFO - DAG(s) 'example_bash_decorator' retrieved from /Users/nampham/.pyenv/versions/3.12.9/lib/python3.12/site-packages/airflow/example_dags/example_bash_decorator.py
[2025-02-28T21:34:20.056+0200] {logging_mixin.py:190} INFO - [2025-02-28T21:34:20.056+0200] {dag.py:3239} INFO - Sync 1 DAGs
[2025-02-28T21:34:20.060+0200] {logging_mixin.py:190} INFO - [2025-02-28T21:34:20.060+0200] {dag.py:4180} INFO - Setting next_dagrun for example_bash_decorator to None, run_after=None
[2025-02-28T21:34:20.066+0200] {processor.py:208} INFO - Processing /Users/nampham/.pyenv/versions/3.12.9/lib/python3.12/site-packages/airflow/example_dags/example_bash_decorator.py took 0.134 seconds
[2025-02-28T21:38:08.892+0200] {processor.py:186} INFO - Started process (PID=8156) to work on /Users/nampham/.pyenv/versions/3.12.9/lib/python3.12/site-packages/airflow/example_dags/example_bash_decorator.py
[2025-02-28T21:38:08.893+0200] {processor.py:914} INFO - Processing file /Users/nampham/.pyenv/versions/3.12.9/lib/python3.12/site-packages/airflow/example_dags/example_bash_decorator.py for tasks to queue
[2025-02-28T21:38:08.894+0200] {logging_mixin.py:190} INFO - [2025-02-28T21:38:08.894+0200] {dagbag.py:588} INFO - Filling up the DagBag from /Users/nampham/.pyenv/versions/3.12.9/lib/python3.12/site-packages/airflow/example_dags/example_bash_decorator.py
[2025-02-28T21:38:08.935+0200] {processor.py:925} INFO - DAG(s) 'example_bash_decorator' retrieved from /Users/nampham/.pyenv/versions/3.12.9/lib/python3.12/site-packages/airflow/example_dags/example_bash_decorator.py
[2025-02-28T21:38:09.001+0200] {logging_mixin.py:190} INFO - [2025-02-28T21:38:09.001+0200] {override.py:1930} INFO - Created Permission View: can read on DAG:example_bash_decorator
[2025-02-28T21:38:09.004+0200] {logging_mixin.py:190} INFO - [2025-02-28T21:38:09.004+0200] {override.py:1930} INFO - Created Permission View: can edit on DAG:example_bash_decorator
[2025-02-28T21:38:09.007+0200] {logging_mixin.py:190} INFO - [2025-02-28T21:38:09.006+0200] {override.py:1930} INFO - Created Permission View: can delete on DAG:example_bash_decorator
[2025-02-28T21:38:09.009+0200] {logging_mixin.py:190} INFO - [2025-02-28T21:38:09.009+0200] {override.py:1930} INFO - Created Permission View: can read on DAG Run:example_bash_decorator
[2025-02-28T21:38:09.011+0200] {logging_mixin.py:190} INFO - [2025-02-28T21:38:09.011+0200] {override.py:1930} INFO - Created Permission View: can create on DAG Run:example_bash_decorator
[2025-02-28T21:38:09.013+0200] {logging_mixin.py:190} INFO - [2025-02-28T21:38:09.013+0200] {override.py:1930} INFO - Created Permission View: menu access on DAG Run:example_bash_decorator
[2025-02-28T21:38:09.014+0200] {logging_mixin.py:190} INFO - [2025-02-28T21:38:09.014+0200] {override.py:1930} INFO - Created Permission View: can delete on DAG Run:example_bash_decorator
[2025-02-28T21:38:09.014+0200] {logging_mixin.py:190} INFO - [2025-02-28T21:38:09.014+0200] {dag.py:3239} INFO - Sync 1 DAGs
[2025-02-28T21:38:09.018+0200] {logging_mixin.py:190} INFO - [2025-02-28T21:38:09.018+0200] {dag.py:3262} INFO - Creating ORM DAG for example_bash_decorator
[2025-02-28T21:38:09.018+0200] {logging_mixin.py:190} INFO - [2025-02-28T21:38:09.018+0200] {dag.py:4180} INFO - Setting next_dagrun for example_bash_decorator to None, run_after=None
[2025-02-28T21:38:09.023+0200] {processor.py:208} INFO - Processing /Users/nampham/.pyenv/versions/3.12.9/lib/python3.12/site-packages/airflow/example_dags/example_bash_decorator.py took 0.133 seconds
[2025-02-28T21:40:45.357+0200] {processor.py:186} INFO - Started process (PID=8730) to work on /Users/nampham/.pyenv/versions/3.12.9/lib/python3.12/site-packages/airflow/example_dags/example_bash_decorator.py
[2025-02-28T21:40:45.358+0200] {processor.py:914} INFO - Processing file /Users/nampham/.pyenv/versions/3.12.9/lib/python3.12/site-packages/airflow/example_dags/example_bash_decorator.py for tasks to queue
[2025-02-28T21:40:45.359+0200] {logging_mixin.py:190} INFO - [2025-02-28T21:40:45.359+0200] {dagbag.py:588} INFO - Filling up the DagBag from /Users/nampham/.pyenv/versions/3.12.9/lib/python3.12/site-packages/airflow/example_dags/example_bash_decorator.py
[2025-02-28T21:40:45.398+0200] {processor.py:925} INFO - DAG(s) 'example_bash_decorator' retrieved from /Users/nampham/.pyenv/versions/3.12.9/lib/python3.12/site-packages/airflow/example_dags/example_bash_decorator.py
[2025-02-28T21:40:45.476+0200] {logging_mixin.py:190} INFO - [2025-02-28T21:40:45.476+0200] {dag.py:3239} INFO - Sync 1 DAGs
[2025-02-28T21:40:45.479+0200] {logging_mixin.py:190} INFO - [2025-02-28T21:40:45.479+0200] {dag.py:4180} INFO - Setting next_dagrun for example_bash_decorator to None, run_after=None
[2025-02-28T21:40:45.485+0200] {processor.py:208} INFO - Processing /Users/nampham/.pyenv/versions/3.12.9/lib/python3.12/site-packages/airflow/example_dags/example_bash_decorator.py took 0.129 seconds
[2025-02-28T22:29:02.061+0200] {processor.py:186} INFO - Started process (PID=18376) to work on /Users/nampham/.pyenv/versions/3.12.9/lib/python3.12/site-packages/airflow/example_dags/example_bash_decorator.py
[2025-02-28T22:29:02.062+0200] {processor.py:914} INFO - Processing file /Users/nampham/.pyenv/versions/3.12.9/lib/python3.12/site-packages/airflow/example_dags/example_bash_decorator.py for tasks to queue
[2025-02-28T22:29:02.062+0200] {logging_mixin.py:190} INFO - [2025-02-28T22:29:02.062+0200] {dagbag.py:588} INFO - Filling up the DagBag from /Users/nampham/.pyenv/versions/3.12.9/lib/python3.12/site-packages/airflow/example_dags/example_bash_decorator.py
[2025-02-28T22:29:02.103+0200] {processor.py:925} INFO - DAG(s) 'example_bash_decorator' retrieved from /Users/nampham/.pyenv/versions/3.12.9/lib/python3.12/site-packages/airflow/example_dags/example_bash_decorator.py
[2025-02-28T22:29:02.168+0200] {logging_mixin.py:190} INFO - [2025-02-28T22:29:02.167+0200] {override.py:1930} INFO - Created Permission View: can edit on DAG:example_bash_decorator
[2025-02-28T22:29:02.170+0200] {logging_mixin.py:190} INFO - [2025-02-28T22:29:02.170+0200] {override.py:1930} INFO - Created Permission View: can read on DAG:example_bash_decorator
[2025-02-28T22:29:02.173+0200] {logging_mixin.py:190} INFO - [2025-02-28T22:29:02.173+0200] {override.py:1930} INFO - Created Permission View: can delete on DAG:example_bash_decorator
[2025-02-28T22:29:02.175+0200] {logging_mixin.py:190} INFO - [2025-02-28T22:29:02.175+0200] {override.py:1930} INFO - Created Permission View: can create on DAG Run:example_bash_decorator
[2025-02-28T22:29:02.177+0200] {logging_mixin.py:190} INFO - [2025-02-28T22:29:02.177+0200] {override.py:1930} INFO - Created Permission View: can read on DAG Run:example_bash_decorator
[2025-02-28T22:29:02.178+0200] {logging_mixin.py:190} INFO - [2025-02-28T22:29:02.178+0200] {override.py:1930} INFO - Created Permission View: can delete on DAG Run:example_bash_decorator
[2025-02-28T22:29:02.180+0200] {logging_mixin.py:190} INFO - [2025-02-28T22:29:02.180+0200] {override.py:1930} INFO - Created Permission View: menu access on DAG Run:example_bash_decorator
[2025-02-28T22:29:02.180+0200] {logging_mixin.py:190} INFO - [2025-02-28T22:29:02.180+0200] {dag.py:3239} INFO - Sync 1 DAGs
[2025-02-28T22:29:02.184+0200] {logging_mixin.py:190} INFO - [2025-02-28T22:29:02.184+0200] {dag.py:3262} INFO - Creating ORM DAG for example_bash_decorator
[2025-02-28T22:29:02.184+0200] {logging_mixin.py:190} INFO - [2025-02-28T22:29:02.184+0200] {dag.py:4180} INFO - Setting next_dagrun for example_bash_decorator to None, run_after=None
[2025-02-28T22:29:02.189+0200] {processor.py:208} INFO - Processing /Users/nampham/.pyenv/versions/3.12.9/lib/python3.12/site-packages/airflow/example_dags/example_bash_decorator.py took 0.129 seconds
[2025-02-28T22:37:04.300+0200] {processor.py:186} INFO - Started process (PID=20022) to work on /Users/nampham/.pyenv/versions/3.12.9/lib/python3.12/site-packages/airflow/example_dags/example_bash_decorator.py
[2025-02-28T22:37:04.301+0200] {processor.py:914} INFO - Processing file /Users/nampham/.pyenv/versions/3.12.9/lib/python3.12/site-packages/airflow/example_dags/example_bash_decorator.py for tasks to queue
[2025-02-28T22:37:04.301+0200] {logging_mixin.py:190} INFO - [2025-02-28T22:37:04.301+0200] {dagbag.py:588} INFO - Filling up the DagBag from /Users/nampham/.pyenv/versions/3.12.9/lib/python3.12/site-packages/airflow/example_dags/example_bash_decorator.py
[2025-02-28T22:37:04.347+0200] {processor.py:925} INFO - DAG(s) 'example_bash_decorator' retrieved from /Users/nampham/.pyenv/versions/3.12.9/lib/python3.12/site-packages/airflow/example_dags/example_bash_decorator.py
[2025-02-28T22:37:04.414+0200] {logging_mixin.py:190} INFO - [2025-02-28T22:37:04.413+0200] {override.py:1930} INFO - Created Permission View: can read on DAG:example_bash_decorator
[2025-02-28T22:37:04.416+0200] {logging_mixin.py:190} INFO - [2025-02-28T22:37:04.416+0200] {override.py:1930} INFO - Created Permission View: can delete on DAG:example_bash_decorator
[2025-02-28T22:37:04.419+0200] {logging_mixin.py:190} INFO - [2025-02-28T22:37:04.419+0200] {override.py:1930} INFO - Created Permission View: can edit on DAG:example_bash_decorator
[2025-02-28T22:37:04.421+0200] {logging_mixin.py:190} INFO - [2025-02-28T22:37:04.421+0200] {override.py:1930} INFO - Created Permission View: can read on DAG Run:example_bash_decorator
[2025-02-28T22:37:04.423+0200] {logging_mixin.py:190} INFO - [2025-02-28T22:37:04.423+0200] {override.py:1930} INFO - Created Permission View: menu access on DAG Run:example_bash_decorator
[2025-02-28T22:37:04.425+0200] {logging_mixin.py:190} INFO - [2025-02-28T22:37:04.424+0200] {override.py:1930} INFO - Created Permission View: can delete on DAG Run:example_bash_decorator
[2025-02-28T22:37:04.426+0200] {logging_mixin.py:190} INFO - [2025-02-28T22:37:04.426+0200] {override.py:1930} INFO - Created Permission View: can create on DAG Run:example_bash_decorator
[2025-02-28T22:37:04.426+0200] {logging_mixin.py:190} INFO - [2025-02-28T22:37:04.426+0200] {dag.py:3239} INFO - Sync 1 DAGs
[2025-02-28T22:37:04.430+0200] {logging_mixin.py:190} INFO - [2025-02-28T22:37:04.430+0200] {dag.py:3262} INFO - Creating ORM DAG for example_bash_decorator
[2025-02-28T22:37:04.430+0200] {logging_mixin.py:190} INFO - [2025-02-28T22:37:04.430+0200] {dag.py:4180} INFO - Setting next_dagrun for example_bash_decorator to None, run_after=None
[2025-02-28T22:37:04.436+0200] {processor.py:208} INFO - Processing /Users/nampham/.pyenv/versions/3.12.9/lib/python3.12/site-packages/airflow/example_dags/example_bash_decorator.py took 0.138 seconds
[2025-02-28T22:39:59.927+0200] {processor.py:186} INFO - Started process (PID=20621) to work on /Users/nampham/.pyenv/versions/3.12.9/lib/python3.12/site-packages/airflow/example_dags/example_bash_decorator.py
[2025-02-28T22:39:59.928+0200] {processor.py:914} INFO - Processing file /Users/nampham/.pyenv/versions/3.12.9/lib/python3.12/site-packages/airflow/example_dags/example_bash_decorator.py for tasks to queue
[2025-02-28T22:39:59.929+0200] {logging_mixin.py:190} INFO - [2025-02-28T22:39:59.929+0200] {dagbag.py:588} INFO - Filling up the DagBag from /Users/nampham/.pyenv/versions/3.12.9/lib/python3.12/site-packages/airflow/example_dags/example_bash_decorator.py
[2025-02-28T22:39:59.968+0200] {processor.py:925} INFO - DAG(s) 'example_bash_decorator' retrieved from /Users/nampham/.pyenv/versions/3.12.9/lib/python3.12/site-packages/airflow/example_dags/example_bash_decorator.py
[2025-02-28T22:40:00.043+0200] {logging_mixin.py:190} INFO - [2025-02-28T22:40:00.043+0200] {dag.py:3239} INFO - Sync 1 DAGs
[2025-02-28T22:40:00.046+0200] {logging_mixin.py:190} INFO - [2025-02-28T22:40:00.046+0200] {dag.py:4180} INFO - Setting next_dagrun for example_bash_decorator to None, run_after=None
[2025-02-28T22:40:00.052+0200] {processor.py:208} INFO - Processing /Users/nampham/.pyenv/versions/3.12.9/lib/python3.12/site-packages/airflow/example_dags/example_bash_decorator.py took 0.126 seconds
[2025-02-28T22:42:47.662+0200] {processor.py:186} INFO - Started process (PID=21200) to work on /Users/nampham/.pyenv/versions/3.12.9/lib/python3.12/site-packages/airflow/example_dags/example_bash_decorator.py
[2025-02-28T22:42:47.662+0200] {processor.py:914} INFO - Processing file /Users/nampham/.pyenv/versions/3.12.9/lib/python3.12/site-packages/airflow/example_dags/example_bash_decorator.py for tasks to queue
[2025-02-28T22:42:47.663+0200] {logging_mixin.py:190} INFO - [2025-02-28T22:42:47.663+0200] {dagbag.py:588} INFO - Filling up the DagBag from /Users/nampham/.pyenv/versions/3.12.9/lib/python3.12/site-packages/airflow/example_dags/example_bash_decorator.py
[2025-02-28T22:42:47.704+0200] {processor.py:925} INFO - DAG(s) 'example_bash_decorator' retrieved from /Users/nampham/.pyenv/versions/3.12.9/lib/python3.12/site-packages/airflow/example_dags/example_bash_decorator.py
[2025-02-28T22:42:47.786+0200] {logging_mixin.py:190} INFO - [2025-02-28T22:42:47.786+0200] {dag.py:3239} INFO - Sync 1 DAGs
[2025-02-28T22:42:47.790+0200] {logging_mixin.py:190} INFO - [2025-02-28T22:42:47.790+0200] {dag.py:4180} INFO - Setting next_dagrun for example_bash_decorator to None, run_after=None
[2025-02-28T22:42:47.796+0200] {processor.py:208} INFO - Processing /Users/nampham/.pyenv/versions/3.12.9/lib/python3.12/site-packages/airflow/example_dags/example_bash_decorator.py took 0.136 seconds
[2025-02-28T22:45:48.786+0200] {processor.py:186} INFO - Started process (PID=21835) to work on /Users/nampham/.pyenv/versions/3.12.9/lib/python3.12/site-packages/airflow/example_dags/example_bash_decorator.py
[2025-02-28T22:45:48.786+0200] {processor.py:914} INFO - Processing file /Users/nampham/.pyenv/versions/3.12.9/lib/python3.12/site-packages/airflow/example_dags/example_bash_decorator.py for tasks to queue
[2025-02-28T22:45:48.787+0200] {logging_mixin.py:190} INFO - [2025-02-28T22:45:48.787+0200] {dagbag.py:588} INFO - Filling up the DagBag from /Users/nampham/.pyenv/versions/3.12.9/lib/python3.12/site-packages/airflow/example_dags/example_bash_decorator.py
[2025-02-28T22:45:48.827+0200] {processor.py:925} INFO - DAG(s) 'example_bash_decorator' retrieved from /Users/nampham/.pyenv/versions/3.12.9/lib/python3.12/site-packages/airflow/example_dags/example_bash_decorator.py
[2025-02-28T22:45:48.907+0200] {logging_mixin.py:190} INFO - [2025-02-28T22:45:48.907+0200] {dag.py:3239} INFO - Sync 1 DAGs
[2025-02-28T22:45:48.911+0200] {logging_mixin.py:190} INFO - [2025-02-28T22:45:48.911+0200] {dag.py:4180} INFO - Setting next_dagrun for example_bash_decorator to None, run_after=None
[2025-02-28T22:45:48.917+0200] {processor.py:208} INFO - Processing /Users/nampham/.pyenv/versions/3.12.9/lib/python3.12/site-packages/airflow/example_dags/example_bash_decorator.py took 0.133 seconds
[2025-02-28T22:49:02.218+0200] {processor.py:186} INFO - Started process (PID=22391) to work on /Users/nampham/.pyenv/versions/3.12.9/lib/python3.12/site-packages/airflow/example_dags/example_bash_decorator.py
[2025-02-28T22:49:02.219+0200] {processor.py:914} INFO - Processing file /Users/nampham/.pyenv/versions/3.12.9/lib/python3.12/site-packages/airflow/example_dags/example_bash_decorator.py for tasks to queue
[2025-02-28T22:49:02.219+0200] {logging_mixin.py:190} INFO - [2025-02-28T22:49:02.219+0200] {dagbag.py:588} INFO - Filling up the DagBag from /Users/nampham/.pyenv/versions/3.12.9/lib/python3.12/site-packages/airflow/example_dags/example_bash_decorator.py
[2025-02-28T22:49:02.258+0200] {processor.py:925} INFO - DAG(s) 'example_bash_decorator' retrieved from /Users/nampham/.pyenv/versions/3.12.9/lib/python3.12/site-packages/airflow/example_dags/example_bash_decorator.py
[2025-02-28T22:49:02.336+0200] {logging_mixin.py:190} INFO - [2025-02-28T22:49:02.336+0200] {dag.py:3239} INFO - Sync 1 DAGs
[2025-02-28T22:49:02.339+0200] {logging_mixin.py:190} INFO - [2025-02-28T22:49:02.339+0200] {dag.py:4180} INFO - Setting next_dagrun for example_bash_decorator to None, run_after=None
[2025-02-28T22:49:02.345+0200] {processor.py:208} INFO - Processing /Users/nampham/.pyenv/versions/3.12.9/lib/python3.12/site-packages/airflow/example_dags/example_bash_decorator.py took 0.129 seconds
[2025-02-28T22:57:17.254+0200] {processor.py:186} INFO - Started process (PID=23219) to work on /Users/nampham/.pyenv/versions/3.12.9/lib/python3.12/site-packages/airflow/example_dags/example_bash_decorator.py
[2025-02-28T22:57:17.255+0200] {processor.py:914} INFO - Processing file /Users/nampham/.pyenv/versions/3.12.9/lib/python3.12/site-packages/airflow/example_dags/example_bash_decorator.py for tasks to queue
[2025-02-28T22:57:17.256+0200] {logging_mixin.py:190} INFO - [2025-02-28T22:57:17.255+0200] {dagbag.py:588} INFO - Filling up the DagBag from /Users/nampham/.pyenv/versions/3.12.9/lib/python3.12/site-packages/airflow/example_dags/example_bash_decorator.py
[2025-02-28T22:57:17.294+0200] {processor.py:925} INFO - DAG(s) 'example_bash_decorator' retrieved from /Users/nampham/.pyenv/versions/3.12.9/lib/python3.12/site-packages/airflow/example_dags/example_bash_decorator.py
[2025-02-28T22:57:17.359+0200] {logging_mixin.py:190} INFO - [2025-02-28T22:57:17.358+0200] {dag.py:3239} INFO - Sync 1 DAGs
[2025-02-28T22:57:17.362+0200] {logging_mixin.py:190} INFO - [2025-02-28T22:57:17.362+0200] {dag.py:4180} INFO - Setting next_dagrun for example_bash_decorator to None, run_after=None
[2025-02-28T22:57:17.368+0200] {processor.py:208} INFO - Processing /Users/nampham/.pyenv/versions/3.12.9/lib/python3.12/site-packages/airflow/example_dags/example_bash_decorator.py took 0.115 seconds
[2025-02-28T22:59:50.818+0200] {processor.py:186} INFO - Started process (PID=23720) to work on /Users/nampham/.pyenv/versions/3.12.9/lib/python3.12/site-packages/airflow/example_dags/example_bash_decorator.py
[2025-02-28T22:59:50.819+0200] {processor.py:914} INFO - Processing file /Users/nampham/.pyenv/versions/3.12.9/lib/python3.12/site-packages/airflow/example_dags/example_bash_decorator.py for tasks to queue
[2025-02-28T22:59:50.819+0200] {logging_mixin.py:190} INFO - [2025-02-28T22:59:50.819+0200] {dagbag.py:588} INFO - Filling up the DagBag from /Users/nampham/.pyenv/versions/3.12.9/lib/python3.12/site-packages/airflow/example_dags/example_bash_decorator.py
[2025-02-28T22:59:50.862+0200] {processor.py:925} INFO - DAG(s) 'example_bash_decorator' retrieved from /Users/nampham/.pyenv/versions/3.12.9/lib/python3.12/site-packages/airflow/example_dags/example_bash_decorator.py
[2025-02-28T22:59:50.939+0200] {logging_mixin.py:190} INFO - [2025-02-28T22:59:50.939+0200] {dag.py:3239} INFO - Sync 1 DAGs
[2025-02-28T22:59:50.942+0200] {logging_mixin.py:190} INFO - [2025-02-28T22:59:50.942+0200] {dag.py:4180} INFO - Setting next_dagrun for example_bash_decorator to None, run_after=None
[2025-02-28T22:59:50.948+0200] {processor.py:208} INFO - Processing /Users/nampham/.pyenv/versions/3.12.9/lib/python3.12/site-packages/airflow/example_dags/example_bash_decorator.py took 0.132 seconds
