[2025-02-28T18:25:57.824+0200] {processor.py:186} INFO - Started process (PID=93450) to work on /Users/nampham/.pyenv/versions/3.12.9/lib/python3.12/site-packages/airflow/example_dags/example_branch_day_of_week_operator.py
[2025-02-28T18:25:57.824+0200] {processor.py:914} INFO - Processing file /Users/nampham/.pyenv/versions/3.12.9/lib/python3.12/site-packages/airflow/example_dags/example_branch_day_of_week_operator.py for tasks to queue
[2025-02-28T18:25:57.825+0200] {logging_mixin.py:190} INFO - [2025-02-28T18:25:57.825+0200] {dagbag.py:588} INFO - Filling up the DagBag from /Users/nampham/.pyenv/versions/3.12.9/lib/python3.12/site-packages/airflow/example_dags/example_branch_day_of_week_operator.py
[2025-02-28T18:25:57.829+0200] {processor.py:925} INFO - DAG(s) 'example_weekday_branch_operator' retrieved from /Users/nampham/.pyenv/versions/3.12.9/lib/python3.12/site-packages/airflow/example_dags/example_branch_day_of_week_operator.py
[2025-02-28T18:25:57.917+0200] {logging_mixin.py:190} INFO - [2025-02-28T18:25:57.917+0200] {override.py:1930} INFO - Created Permission View: can edit on DAG:example_weekday_branch_operator
[2025-02-28T18:25:57.920+0200] {logging_mixin.py:190} INFO - [2025-02-28T18:25:57.920+0200] {override.py:1930} INFO - Created Permission View: can read on DAG:example_weekday_branch_operator
[2025-02-28T18:25:57.922+0200] {logging_mixin.py:190} INFO - [2025-02-28T18:25:57.922+0200] {override.py:1930} INFO - Created Permission View: can delete on DAG:example_weekday_branch_operator
[2025-02-28T18:25:57.925+0200] {logging_mixin.py:190} INFO - [2025-02-28T18:25:57.925+0200] {override.py:1930} INFO - Created Permission View: can create on DAG Run:example_weekday_branch_operator
[2025-02-28T18:25:57.926+0200] {logging_mixin.py:190} INFO - [2025-02-28T18:25:57.926+0200] {override.py:1930} INFO - Created Permission View: can read on DAG Run:example_weekday_branch_operator
[2025-02-28T18:25:57.928+0200] {logging_mixin.py:190} INFO - [2025-02-28T18:25:57.928+0200] {override.py:1930} INFO - Created Permission View: menu access on DAG Run:example_weekday_branch_operator
[2025-02-28T18:25:57.930+0200] {logging_mixin.py:190} INFO - [2025-02-28T18:25:57.930+0200] {override.py:1930} INFO - Created Permission View: can delete on DAG Run:example_weekday_branch_operator
[2025-02-28T18:25:57.930+0200] {logging_mixin.py:190} INFO - [2025-02-28T18:25:57.930+0200] {dag.py:3239} INFO - Sync 1 DAGs
[2025-02-28T18:25:57.934+0200] {logging_mixin.py:190} INFO - [2025-02-28T18:25:57.933+0200] {dag.py:3262} INFO - Creating ORM DAG for example_weekday_branch_operator
[2025-02-28T18:25:57.936+0200] {logging_mixin.py:190} INFO - [2025-02-28T18:25:57.936+0200] {dag.py:4180} INFO - Setting next_dagrun for example_weekday_branch_operator to 2025-02-27 00:00:00+00:00, run_after=2025-02-28 00:00:00+00:00
[2025-02-28T18:25:57.942+0200] {processor.py:208} INFO - Processing /Users/nampham/.pyenv/versions/3.12.9/lib/python3.12/site-packages/airflow/example_dags/example_branch_day_of_week_operator.py took 0.119 seconds
[2025-02-28T18:28:36.334+0200] {processor.py:186} INFO - Started process (PID=94097) to work on /Users/nampham/.pyenv/versions/3.12.9/lib/python3.12/site-packages/airflow/example_dags/example_branch_day_of_week_operator.py
[2025-02-28T18:28:36.336+0200] {processor.py:914} INFO - Processing file /Users/nampham/.pyenv/versions/3.12.9/lib/python3.12/site-packages/airflow/example_dags/example_branch_day_of_week_operator.py for tasks to queue
[2025-02-28T18:28:36.336+0200] {logging_mixin.py:190} INFO - [2025-02-28T18:28:36.336+0200] {dagbag.py:588} INFO - Filling up the DagBag from /Users/nampham/.pyenv/versions/3.12.9/lib/python3.12/site-packages/airflow/example_dags/example_branch_day_of_week_operator.py
[2025-02-28T18:28:36.340+0200] {processor.py:925} INFO - DAG(s) 'example_weekday_branch_operator' retrieved from /Users/nampham/.pyenv/versions/3.12.9/lib/python3.12/site-packages/airflow/example_dags/example_branch_day_of_week_operator.py
[2025-02-28T18:28:36.397+0200] {logging_mixin.py:190} INFO - [2025-02-28T18:28:36.397+0200] {dag.py:3239} INFO - Sync 1 DAGs
[2025-02-28T18:28:36.404+0200] {logging_mixin.py:190} INFO - [2025-02-28T18:28:36.404+0200] {dag.py:4180} INFO - Setting next_dagrun for example_weekday_branch_operator to 2025-02-27 00:00:00+00:00, run_after=2025-02-28 00:00:00+00:00
[2025-02-28T18:28:36.410+0200] {processor.py:208} INFO - Processing /Users/nampham/.pyenv/versions/3.12.9/lib/python3.12/site-packages/airflow/example_dags/example_branch_day_of_week_operator.py took 0.077 seconds
[2025-02-28T20:13:59.896+0200] {processor.py:186} INFO - Started process (PID=98161) to work on /Users/nampham/.pyenv/versions/3.12.9/lib/python3.12/site-packages/airflow/example_dags/example_branch_day_of_week_operator.py
[2025-02-28T20:13:59.898+0200] {processor.py:914} INFO - Processing file /Users/nampham/.pyenv/versions/3.12.9/lib/python3.12/site-packages/airflow/example_dags/example_branch_day_of_week_operator.py for tasks to queue
[2025-02-28T20:13:59.898+0200] {logging_mixin.py:190} INFO - [2025-02-28T20:13:59.898+0200] {dagbag.py:588} INFO - Filling up the DagBag from /Users/nampham/.pyenv/versions/3.12.9/lib/python3.12/site-packages/airflow/example_dags/example_branch_day_of_week_operator.py
[2025-02-28T20:13:59.902+0200] {processor.py:925} INFO - DAG(s) 'example_weekday_branch_operator' retrieved from /Users/nampham/.pyenv/versions/3.12.9/lib/python3.12/site-packages/airflow/example_dags/example_branch_day_of_week_operator.py
[2025-02-28T20:13:59.990+0200] {logging_mixin.py:190} INFO - [2025-02-28T20:13:59.990+0200] {dag.py:3239} INFO - Sync 1 DAGs
[2025-02-28T20:13:59.996+0200] {logging_mixin.py:190} INFO - [2025-02-28T20:13:59.996+0200] {dag.py:4180} INFO - Setting next_dagrun for example_weekday_branch_operator to 2025-02-27 00:00:00+00:00, run_after=2025-02-28 00:00:00+00:00
[2025-02-28T20:14:00.002+0200] {processor.py:208} INFO - Processing /Users/nampham/.pyenv/versions/3.12.9/lib/python3.12/site-packages/airflow/example_dags/example_branch_day_of_week_operator.py took 0.107 seconds
[2025-02-28T20:16:38.096+0200] {processor.py:186} INFO - Started process (PID=98756) to work on /Users/nampham/.pyenv/versions/3.12.9/lib/python3.12/site-packages/airflow/example_dags/example_branch_day_of_week_operator.py
[2025-02-28T20:16:38.097+0200] {processor.py:914} INFO - Processing file /Users/nampham/.pyenv/versions/3.12.9/lib/python3.12/site-packages/airflow/example_dags/example_branch_day_of_week_operator.py for tasks to queue
[2025-02-28T20:16:38.097+0200] {logging_mixin.py:190} INFO - [2025-02-28T20:16:38.097+0200] {dagbag.py:588} INFO - Filling up the DagBag from /Users/nampham/.pyenv/versions/3.12.9/lib/python3.12/site-packages/airflow/example_dags/example_branch_day_of_week_operator.py
[2025-02-28T20:16:38.102+0200] {processor.py:925} INFO - DAG(s) 'example_weekday_branch_operator' retrieved from /Users/nampham/.pyenv/versions/3.12.9/lib/python3.12/site-packages/airflow/example_dags/example_branch_day_of_week_operator.py
[2025-02-28T20:16:38.162+0200] {logging_mixin.py:190} INFO - [2025-02-28T20:16:38.162+0200] {dag.py:3239} INFO - Sync 1 DAGs
[2025-02-28T20:16:38.168+0200] {logging_mixin.py:190} INFO - [2025-02-28T20:16:38.168+0200] {dag.py:4180} INFO - Setting next_dagrun for example_weekday_branch_operator to 2025-02-27 00:00:00+00:00, run_after=2025-02-28 00:00:00+00:00
[2025-02-28T20:16:38.174+0200] {processor.py:208} INFO - Processing /Users/nampham/.pyenv/versions/3.12.9/lib/python3.12/site-packages/airflow/example_dags/example_branch_day_of_week_operator.py took 0.080 seconds
[2025-02-28T20:19:41.091+0200] {processor.py:186} INFO - Started process (PID=99524) to work on /Users/nampham/.pyenv/versions/3.12.9/lib/python3.12/site-packages/airflow/example_dags/example_branch_day_of_week_operator.py
[2025-02-28T20:19:41.092+0200] {processor.py:914} INFO - Processing file /Users/nampham/.pyenv/versions/3.12.9/lib/python3.12/site-packages/airflow/example_dags/example_branch_day_of_week_operator.py for tasks to queue
[2025-02-28T20:19:41.093+0200] {logging_mixin.py:190} INFO - [2025-02-28T20:19:41.093+0200] {dagbag.py:588} INFO - Filling up the DagBag from /Users/nampham/.pyenv/versions/3.12.9/lib/python3.12/site-packages/airflow/example_dags/example_branch_day_of_week_operator.py
[2025-02-28T20:19:41.097+0200] {processor.py:925} INFO - DAG(s) 'example_weekday_branch_operator' retrieved from /Users/nampham/.pyenv/versions/3.12.9/lib/python3.12/site-packages/airflow/example_dags/example_branch_day_of_week_operator.py
[2025-02-28T20:19:41.163+0200] {logging_mixin.py:190} INFO - [2025-02-28T20:19:41.163+0200] {dag.py:3239} INFO - Sync 1 DAGs
[2025-02-28T20:19:41.170+0200] {logging_mixin.py:190} INFO - [2025-02-28T20:19:41.170+0200] {dag.py:4180} INFO - Setting next_dagrun for example_weekday_branch_operator to 2025-02-27 00:00:00+00:00, run_after=2025-02-28 00:00:00+00:00
[2025-02-28T20:19:41.177+0200] {processor.py:208} INFO - Processing /Users/nampham/.pyenv/versions/3.12.9/lib/python3.12/site-packages/airflow/example_dags/example_branch_day_of_week_operator.py took 0.088 seconds
[2025-02-28T20:22:18.525+0200] {processor.py:186} INFO - Started process (PID=228) to work on /Users/nampham/.pyenv/versions/3.12.9/lib/python3.12/site-packages/airflow/example_dags/example_branch_day_of_week_operator.py
[2025-02-28T20:22:18.526+0200] {processor.py:914} INFO - Processing file /Users/nampham/.pyenv/versions/3.12.9/lib/python3.12/site-packages/airflow/example_dags/example_branch_day_of_week_operator.py for tasks to queue
[2025-02-28T20:22:18.526+0200] {logging_mixin.py:190} INFO - [2025-02-28T20:22:18.526+0200] {dagbag.py:588} INFO - Filling up the DagBag from /Users/nampham/.pyenv/versions/3.12.9/lib/python3.12/site-packages/airflow/example_dags/example_branch_day_of_week_operator.py
[2025-02-28T20:22:18.532+0200] {processor.py:925} INFO - DAG(s) 'example_weekday_branch_operator' retrieved from /Users/nampham/.pyenv/versions/3.12.9/lib/python3.12/site-packages/airflow/example_dags/example_branch_day_of_week_operator.py
[2025-02-28T20:22:18.592+0200] {logging_mixin.py:190} INFO - [2025-02-28T20:22:18.592+0200] {dag.py:3239} INFO - Sync 1 DAGs
[2025-02-28T20:22:18.599+0200] {logging_mixin.py:190} INFO - [2025-02-28T20:22:18.599+0200] {dag.py:4180} INFO - Setting next_dagrun for example_weekday_branch_operator to 2025-02-27 00:00:00+00:00, run_after=2025-02-28 00:00:00+00:00
[2025-02-28T20:22:18.605+0200] {processor.py:208} INFO - Processing /Users/nampham/.pyenv/versions/3.12.9/lib/python3.12/site-packages/airflow/example_dags/example_branch_day_of_week_operator.py took 0.081 seconds
[2025-02-28T21:28:51.208+0200] {processor.py:186} INFO - Started process (PID=5761) to work on /Users/nampham/.pyenv/versions/3.12.9/lib/python3.12/site-packages/airflow/example_dags/example_branch_day_of_week_operator.py
[2025-02-28T21:28:51.209+0200] {processor.py:914} INFO - Processing file /Users/nampham/.pyenv/versions/3.12.9/lib/python3.12/site-packages/airflow/example_dags/example_branch_day_of_week_operator.py for tasks to queue
[2025-02-28T21:28:51.210+0200] {logging_mixin.py:190} INFO - [2025-02-28T21:28:51.210+0200] {dagbag.py:588} INFO - Filling up the DagBag from /Users/nampham/.pyenv/versions/3.12.9/lib/python3.12/site-packages/airflow/example_dags/example_branch_day_of_week_operator.py
[2025-02-28T21:28:51.214+0200] {processor.py:925} INFO - DAG(s) 'example_weekday_branch_operator' retrieved from /Users/nampham/.pyenv/versions/3.12.9/lib/python3.12/site-packages/airflow/example_dags/example_branch_day_of_week_operator.py
[2025-02-28T21:28:51.274+0200] {logging_mixin.py:190} INFO - [2025-02-28T21:28:51.273+0200] {dag.py:3239} INFO - Sync 1 DAGs
[2025-02-28T21:28:51.280+0200] {logging_mixin.py:190} INFO - [2025-02-28T21:28:51.280+0200] {dag.py:4180} INFO - Setting next_dagrun for example_weekday_branch_operator to 2025-02-27 00:00:00+00:00, run_after=2025-02-28 00:00:00+00:00
[2025-02-28T21:28:51.287+0200] {processor.py:208} INFO - Processing /Users/nampham/.pyenv/versions/3.12.9/lib/python3.12/site-packages/airflow/example_dags/example_branch_day_of_week_operator.py took 0.080 seconds
[2025-02-28T21:31:38.959+0200] {processor.py:186} INFO - Started process (PID=6408) to work on /Users/nampham/.pyenv/versions/3.12.9/lib/python3.12/site-packages/airflow/example_dags/example_branch_day_of_week_operator.py
[2025-02-28T21:31:38.960+0200] {processor.py:914} INFO - Processing file /Users/nampham/.pyenv/versions/3.12.9/lib/python3.12/site-packages/airflow/example_dags/example_branch_day_of_week_operator.py for tasks to queue
[2025-02-28T21:31:38.960+0200] {logging_mixin.py:190} INFO - [2025-02-28T21:31:38.960+0200] {dagbag.py:588} INFO - Filling up the DagBag from /Users/nampham/.pyenv/versions/3.12.9/lib/python3.12/site-packages/airflow/example_dags/example_branch_day_of_week_operator.py
[2025-02-28T21:31:38.964+0200] {processor.py:925} INFO - DAG(s) 'example_weekday_branch_operator' retrieved from /Users/nampham/.pyenv/versions/3.12.9/lib/python3.12/site-packages/airflow/example_dags/example_branch_day_of_week_operator.py
[2025-02-28T21:31:39.023+0200] {logging_mixin.py:190} INFO - [2025-02-28T21:31:39.023+0200] {dag.py:3239} INFO - Sync 1 DAGs
[2025-02-28T21:31:39.030+0200] {logging_mixin.py:190} INFO - [2025-02-28T21:31:39.030+0200] {dag.py:4180} INFO - Setting next_dagrun for example_weekday_branch_operator to 2025-02-27 00:00:00+00:00, run_after=2025-02-28 00:00:00+00:00
[2025-02-28T21:31:39.037+0200] {processor.py:208} INFO - Processing /Users/nampham/.pyenv/versions/3.12.9/lib/python3.12/site-packages/airflow/example_dags/example_branch_day_of_week_operator.py took 0.079 seconds
[2025-02-28T21:34:15.170+0200] {processor.py:186} INFO - Started process (PID=7216) to work on /Users/nampham/.pyenv/versions/3.12.9/lib/python3.12/site-packages/airflow/example_dags/example_branch_day_of_week_operator.py
[2025-02-28T21:34:15.171+0200] {processor.py:914} INFO - Processing file /Users/nampham/.pyenv/versions/3.12.9/lib/python3.12/site-packages/airflow/example_dags/example_branch_day_of_week_operator.py for tasks to queue
[2025-02-28T21:34:15.171+0200] {logging_mixin.py:190} INFO - [2025-02-28T21:34:15.171+0200] {dagbag.py:588} INFO - Filling up the DagBag from /Users/nampham/.pyenv/versions/3.12.9/lib/python3.12/site-packages/airflow/example_dags/example_branch_day_of_week_operator.py
[2025-02-28T21:34:15.176+0200] {processor.py:925} INFO - DAG(s) 'example_weekday_branch_operator' retrieved from /Users/nampham/.pyenv/versions/3.12.9/lib/python3.12/site-packages/airflow/example_dags/example_branch_day_of_week_operator.py
[2025-02-28T21:34:15.242+0200] {logging_mixin.py:190} INFO - [2025-02-28T21:34:15.242+0200] {dag.py:3239} INFO - Sync 1 DAGs
[2025-02-28T21:34:15.250+0200] {logging_mixin.py:190} INFO - [2025-02-28T21:34:15.250+0200] {dag.py:4180} INFO - Setting next_dagrun for example_weekday_branch_operator to 2025-02-27 00:00:00+00:00, run_after=2025-02-28 00:00:00+00:00
[2025-02-28T21:34:15.257+0200] {processor.py:208} INFO - Processing /Users/nampham/.pyenv/versions/3.12.9/lib/python3.12/site-packages/airflow/example_dags/example_branch_day_of_week_operator.py took 0.088 seconds
[2025-02-28T21:38:04.231+0200] {processor.py:186} INFO - Started process (PID=8137) to work on /Users/nampham/.pyenv/versions/3.12.9/lib/python3.12/site-packages/airflow/example_dags/example_branch_day_of_week_operator.py
[2025-02-28T21:38:04.233+0200] {processor.py:914} INFO - Processing file /Users/nampham/.pyenv/versions/3.12.9/lib/python3.12/site-packages/airflow/example_dags/example_branch_day_of_week_operator.py for tasks to queue
[2025-02-28T21:38:04.233+0200] {logging_mixin.py:190} INFO - [2025-02-28T21:38:04.233+0200] {dagbag.py:588} INFO - Filling up the DagBag from /Users/nampham/.pyenv/versions/3.12.9/lib/python3.12/site-packages/airflow/example_dags/example_branch_day_of_week_operator.py
[2025-02-28T21:38:04.237+0200] {processor.py:925} INFO - DAG(s) 'example_weekday_branch_operator' retrieved from /Users/nampham/.pyenv/versions/3.12.9/lib/python3.12/site-packages/airflow/example_dags/example_branch_day_of_week_operator.py
[2025-02-28T21:38:04.327+0200] {logging_mixin.py:190} INFO - [2025-02-28T21:38:04.327+0200] {override.py:1930} INFO - Created Permission View: can edit on DAG:example_weekday_branch_operator
[2025-02-28T21:38:04.330+0200] {logging_mixin.py:190} INFO - [2025-02-28T21:38:04.330+0200] {override.py:1930} INFO - Created Permission View: can read on DAG:example_weekday_branch_operator
[2025-02-28T21:38:04.332+0200] {logging_mixin.py:190} INFO - [2025-02-28T21:38:04.332+0200] {override.py:1930} INFO - Created Permission View: can delete on DAG:example_weekday_branch_operator
[2025-02-28T21:38:04.335+0200] {logging_mixin.py:190} INFO - [2025-02-28T21:38:04.334+0200] {override.py:1930} INFO - Created Permission View: can create on DAG Run:example_weekday_branch_operator
[2025-02-28T21:38:04.336+0200] {logging_mixin.py:190} INFO - [2025-02-28T21:38:04.336+0200] {override.py:1930} INFO - Created Permission View: can read on DAG Run:example_weekday_branch_operator
[2025-02-28T21:38:04.338+0200] {logging_mixin.py:190} INFO - [2025-02-28T21:38:04.338+0200] {override.py:1930} INFO - Created Permission View: menu access on DAG Run:example_weekday_branch_operator
[2025-02-28T21:38:04.340+0200] {logging_mixin.py:190} INFO - [2025-02-28T21:38:04.340+0200] {override.py:1930} INFO - Created Permission View: can delete on DAG Run:example_weekday_branch_operator
[2025-02-28T21:38:04.340+0200] {logging_mixin.py:190} INFO - [2025-02-28T21:38:04.340+0200] {dag.py:3239} INFO - Sync 1 DAGs
[2025-02-28T21:38:04.344+0200] {logging_mixin.py:190} INFO - [2025-02-28T21:38:04.344+0200] {dag.py:3262} INFO - Creating ORM DAG for example_weekday_branch_operator
[2025-02-28T21:38:04.347+0200] {logging_mixin.py:190} INFO - [2025-02-28T21:38:04.347+0200] {dag.py:4180} INFO - Setting next_dagrun for example_weekday_branch_operator to 2025-02-27 00:00:00+00:00, run_after=2025-02-28 00:00:00+00:00
[2025-02-28T21:38:04.352+0200] {processor.py:208} INFO - Processing /Users/nampham/.pyenv/versions/3.12.9/lib/python3.12/site-packages/airflow/example_dags/example_branch_day_of_week_operator.py took 0.122 seconds
[2025-02-28T21:40:40.234+0200] {processor.py:186} INFO - Started process (PID=8712) to work on /Users/nampham/.pyenv/versions/3.12.9/lib/python3.12/site-packages/airflow/example_dags/example_branch_day_of_week_operator.py
[2025-02-28T21:40:40.236+0200] {processor.py:914} INFO - Processing file /Users/nampham/.pyenv/versions/3.12.9/lib/python3.12/site-packages/airflow/example_dags/example_branch_day_of_week_operator.py for tasks to queue
[2025-02-28T21:40:40.236+0200] {logging_mixin.py:190} INFO - [2025-02-28T21:40:40.236+0200] {dagbag.py:588} INFO - Filling up the DagBag from /Users/nampham/.pyenv/versions/3.12.9/lib/python3.12/site-packages/airflow/example_dags/example_branch_day_of_week_operator.py
[2025-02-28T21:40:40.240+0200] {processor.py:925} INFO - DAG(s) 'example_weekday_branch_operator' retrieved from /Users/nampham/.pyenv/versions/3.12.9/lib/python3.12/site-packages/airflow/example_dags/example_branch_day_of_week_operator.py
[2025-02-28T21:40:40.300+0200] {logging_mixin.py:190} INFO - [2025-02-28T21:40:40.300+0200] {dag.py:3239} INFO - Sync 1 DAGs
[2025-02-28T21:40:40.307+0200] {logging_mixin.py:190} INFO - [2025-02-28T21:40:40.307+0200] {dag.py:4180} INFO - Setting next_dagrun for example_weekday_branch_operator to 2025-02-27 00:00:00+00:00, run_after=2025-02-28 00:00:00+00:00
[2025-02-28T21:40:40.313+0200] {processor.py:208} INFO - Processing /Users/nampham/.pyenv/versions/3.12.9/lib/python3.12/site-packages/airflow/example_dags/example_branch_day_of_week_operator.py took 0.080 seconds
[2025-02-28T22:28:56.096+0200] {processor.py:186} INFO - Started process (PID=18354) to work on /Users/nampham/.pyenv/versions/3.12.9/lib/python3.12/site-packages/airflow/example_dags/example_branch_day_of_week_operator.py
[2025-02-28T22:28:56.098+0200] {processor.py:914} INFO - Processing file /Users/nampham/.pyenv/versions/3.12.9/lib/python3.12/site-packages/airflow/example_dags/example_branch_day_of_week_operator.py for tasks to queue
[2025-02-28T22:28:56.098+0200] {logging_mixin.py:190} INFO - [2025-02-28T22:28:56.098+0200] {dagbag.py:588} INFO - Filling up the DagBag from /Users/nampham/.pyenv/versions/3.12.9/lib/python3.12/site-packages/airflow/example_dags/example_branch_day_of_week_operator.py
[2025-02-28T22:28:56.103+0200] {processor.py:925} INFO - DAG(s) 'example_weekday_branch_operator' retrieved from /Users/nampham/.pyenv/versions/3.12.9/lib/python3.12/site-packages/airflow/example_dags/example_branch_day_of_week_operator.py
[2025-02-28T22:28:56.241+0200] {logging_mixin.py:190} INFO - [2025-02-28T22:28:56.241+0200] {override.py:1930} INFO - Created Permission View: can delete on DAG:example_weekday_branch_operator
[2025-02-28T22:28:56.244+0200] {logging_mixin.py:190} INFO - [2025-02-28T22:28:56.244+0200] {override.py:1930} INFO - Created Permission View: can edit on DAG:example_weekday_branch_operator
[2025-02-28T22:28:56.246+0200] {logging_mixin.py:190} INFO - [2025-02-28T22:28:56.246+0200] {override.py:1930} INFO - Created Permission View: can read on DAG:example_weekday_branch_operator
[2025-02-28T22:28:56.249+0200] {logging_mixin.py:190} INFO - [2025-02-28T22:28:56.249+0200] {override.py:1930} INFO - Created Permission View: can delete on DAG Run:example_weekday_branch_operator
[2025-02-28T22:28:56.250+0200] {logging_mixin.py:190} INFO - [2025-02-28T22:28:56.250+0200] {override.py:1930} INFO - Created Permission View: menu access on DAG Run:example_weekday_branch_operator
[2025-02-28T22:28:56.252+0200] {logging_mixin.py:190} INFO - [2025-02-28T22:28:56.252+0200] {override.py:1930} INFO - Created Permission View: can read on DAG Run:example_weekday_branch_operator
[2025-02-28T22:28:56.254+0200] {logging_mixin.py:190} INFO - [2025-02-28T22:28:56.254+0200] {override.py:1930} INFO - Created Permission View: can create on DAG Run:example_weekday_branch_operator
[2025-02-28T22:28:56.254+0200] {logging_mixin.py:190} INFO - [2025-02-28T22:28:56.254+0200] {dag.py:3239} INFO - Sync 1 DAGs
[2025-02-28T22:28:56.258+0200] {logging_mixin.py:190} INFO - [2025-02-28T22:28:56.258+0200] {dag.py:3262} INFO - Creating ORM DAG for example_weekday_branch_operator
[2025-02-28T22:28:56.261+0200] {logging_mixin.py:190} INFO - [2025-02-28T22:28:56.261+0200] {dag.py:4180} INFO - Setting next_dagrun for example_weekday_branch_operator to 2025-02-27 00:00:00+00:00, run_after=2025-02-28 00:00:00+00:00
[2025-02-28T22:28:56.267+0200] {processor.py:208} INFO - Processing /Users/nampham/.pyenv/versions/3.12.9/lib/python3.12/site-packages/airflow/example_dags/example_branch_day_of_week_operator.py took 0.172 seconds
[2025-02-28T22:36:58.872+0200] {processor.py:186} INFO - Started process (PID=20003) to work on /Users/nampham/.pyenv/versions/3.12.9/lib/python3.12/site-packages/airflow/example_dags/example_branch_day_of_week_operator.py
[2025-02-28T22:36:58.875+0200] {processor.py:914} INFO - Processing file /Users/nampham/.pyenv/versions/3.12.9/lib/python3.12/site-packages/airflow/example_dags/example_branch_day_of_week_operator.py for tasks to queue
[2025-02-28T22:36:58.875+0200] {logging_mixin.py:190} INFO - [2025-02-28T22:36:58.875+0200] {dagbag.py:588} INFO - Filling up the DagBag from /Users/nampham/.pyenv/versions/3.12.9/lib/python3.12/site-packages/airflow/example_dags/example_branch_day_of_week_operator.py
[2025-02-28T22:36:58.879+0200] {processor.py:925} INFO - DAG(s) 'example_weekday_branch_operator' retrieved from /Users/nampham/.pyenv/versions/3.12.9/lib/python3.12/site-packages/airflow/example_dags/example_branch_day_of_week_operator.py
[2025-02-28T22:36:58.970+0200] {logging_mixin.py:190} INFO - [2025-02-28T22:36:58.969+0200] {override.py:1930} INFO - Created Permission View: can delete on DAG:example_weekday_branch_operator
[2025-02-28T22:36:58.973+0200] {logging_mixin.py:190} INFO - [2025-02-28T22:36:58.972+0200] {override.py:1930} INFO - Created Permission View: can read on DAG:example_weekday_branch_operator
[2025-02-28T22:36:58.974+0200] {logging_mixin.py:190} INFO - [2025-02-28T22:36:58.974+0200] {override.py:1930} INFO - Created Permission View: can edit on DAG:example_weekday_branch_operator
[2025-02-28T22:36:58.977+0200] {logging_mixin.py:190} INFO - [2025-02-28T22:36:58.977+0200] {override.py:1930} INFO - Created Permission View: can delete on DAG Run:example_weekday_branch_operator
[2025-02-28T22:36:58.979+0200] {logging_mixin.py:190} INFO - [2025-02-28T22:36:58.978+0200] {override.py:1930} INFO - Created Permission View: can read on DAG Run:example_weekday_branch_operator
[2025-02-28T22:36:58.980+0200] {logging_mixin.py:190} INFO - [2025-02-28T22:36:58.980+0200] {override.py:1930} INFO - Created Permission View: menu access on DAG Run:example_weekday_branch_operator
[2025-02-28T22:36:58.982+0200] {logging_mixin.py:190} INFO - [2025-02-28T22:36:58.982+0200] {override.py:1930} INFO - Created Permission View: can create on DAG Run:example_weekday_branch_operator
[2025-02-28T22:36:58.982+0200] {logging_mixin.py:190} INFO - [2025-02-28T22:36:58.982+0200] {dag.py:3239} INFO - Sync 1 DAGs
[2025-02-28T22:36:58.986+0200] {logging_mixin.py:190} INFO - [2025-02-28T22:36:58.986+0200] {dag.py:3262} INFO - Creating ORM DAG for example_weekday_branch_operator
[2025-02-28T22:36:58.989+0200] {logging_mixin.py:190} INFO - [2025-02-28T22:36:58.989+0200] {dag.py:4180} INFO - Setting next_dagrun for example_weekday_branch_operator to 2025-02-27 00:00:00+00:00, run_after=2025-02-28 00:00:00+00:00
[2025-02-28T22:36:58.994+0200] {processor.py:208} INFO - Processing /Users/nampham/.pyenv/versions/3.12.9/lib/python3.12/site-packages/airflow/example_dags/example_branch_day_of_week_operator.py took 0.123 seconds
[2025-02-28T22:39:54.873+0200] {processor.py:186} INFO - Started process (PID=20602) to work on /Users/nampham/.pyenv/versions/3.12.9/lib/python3.12/site-packages/airflow/example_dags/example_branch_day_of_week_operator.py
[2025-02-28T22:39:54.875+0200] {processor.py:914} INFO - Processing file /Users/nampham/.pyenv/versions/3.12.9/lib/python3.12/site-packages/airflow/example_dags/example_branch_day_of_week_operator.py for tasks to queue
[2025-02-28T22:39:54.875+0200] {logging_mixin.py:190} INFO - [2025-02-28T22:39:54.875+0200] {dagbag.py:588} INFO - Filling up the DagBag from /Users/nampham/.pyenv/versions/3.12.9/lib/python3.12/site-packages/airflow/example_dags/example_branch_day_of_week_operator.py
[2025-02-28T22:39:54.879+0200] {processor.py:925} INFO - DAG(s) 'example_weekday_branch_operator' retrieved from /Users/nampham/.pyenv/versions/3.12.9/lib/python3.12/site-packages/airflow/example_dags/example_branch_day_of_week_operator.py
[2025-02-28T22:39:54.937+0200] {logging_mixin.py:190} INFO - [2025-02-28T22:39:54.937+0200] {dag.py:3239} INFO - Sync 1 DAGs
[2025-02-28T22:39:54.944+0200] {logging_mixin.py:190} INFO - [2025-02-28T22:39:54.944+0200] {dag.py:4180} INFO - Setting next_dagrun for example_weekday_branch_operator to 2025-02-27 00:00:00+00:00, run_after=2025-02-28 00:00:00+00:00
[2025-02-28T22:39:54.950+0200] {processor.py:208} INFO - Processing /Users/nampham/.pyenv/versions/3.12.9/lib/python3.12/site-packages/airflow/example_dags/example_branch_day_of_week_operator.py took 0.078 seconds
[2025-02-28T22:42:42.000+0200] {processor.py:186} INFO - Started process (PID=21178) to work on /Users/nampham/.pyenv/versions/3.12.9/lib/python3.12/site-packages/airflow/example_dags/example_branch_day_of_week_operator.py
[2025-02-28T22:42:42.000+0200] {processor.py:914} INFO - Processing file /Users/nampham/.pyenv/versions/3.12.9/lib/python3.12/site-packages/airflow/example_dags/example_branch_day_of_week_operator.py for tasks to queue
[2025-02-28T22:42:42.001+0200] {logging_mixin.py:190} INFO - [2025-02-28T22:42:42.001+0200] {dagbag.py:588} INFO - Filling up the DagBag from /Users/nampham/.pyenv/versions/3.12.9/lib/python3.12/site-packages/airflow/example_dags/example_branch_day_of_week_operator.py
[2025-02-28T22:42:42.005+0200] {processor.py:925} INFO - DAG(s) 'example_weekday_branch_operator' retrieved from /Users/nampham/.pyenv/versions/3.12.9/lib/python3.12/site-packages/airflow/example_dags/example_branch_day_of_week_operator.py
[2025-02-28T22:42:42.062+0200] {logging_mixin.py:190} INFO - [2025-02-28T22:42:42.062+0200] {dag.py:3239} INFO - Sync 1 DAGs
[2025-02-28T22:42:42.069+0200] {logging_mixin.py:190} INFO - [2025-02-28T22:42:42.069+0200] {dag.py:4180} INFO - Setting next_dagrun for example_weekday_branch_operator to 2025-02-27 00:00:00+00:00, run_after=2025-02-28 00:00:00+00:00
[2025-02-28T22:42:42.079+0200] {processor.py:208} INFO - Processing /Users/nampham/.pyenv/versions/3.12.9/lib/python3.12/site-packages/airflow/example_dags/example_branch_day_of_week_operator.py took 0.081 seconds
[2025-02-28T22:45:43.130+0200] {processor.py:186} INFO - Started process (PID=21817) to work on /Users/nampham/.pyenv/versions/3.12.9/lib/python3.12/site-packages/airflow/example_dags/example_branch_day_of_week_operator.py
[2025-02-28T22:45:43.130+0200] {processor.py:914} INFO - Processing file /Users/nampham/.pyenv/versions/3.12.9/lib/python3.12/site-packages/airflow/example_dags/example_branch_day_of_week_operator.py for tasks to queue
[2025-02-28T22:45:43.131+0200] {logging_mixin.py:190} INFO - [2025-02-28T22:45:43.131+0200] {dagbag.py:588} INFO - Filling up the DagBag from /Users/nampham/.pyenv/versions/3.12.9/lib/python3.12/site-packages/airflow/example_dags/example_branch_day_of_week_operator.py
[2025-02-28T22:45:43.134+0200] {processor.py:925} INFO - DAG(s) 'example_weekday_branch_operator' retrieved from /Users/nampham/.pyenv/versions/3.12.9/lib/python3.12/site-packages/airflow/example_dags/example_branch_day_of_week_operator.py
[2025-02-28T22:45:43.194+0200] {logging_mixin.py:190} INFO - [2025-02-28T22:45:43.193+0200] {dag.py:3239} INFO - Sync 1 DAGs
[2025-02-28T22:45:43.201+0200] {logging_mixin.py:190} INFO - [2025-02-28T22:45:43.201+0200] {dag.py:4180} INFO - Setting next_dagrun for example_weekday_branch_operator to 2025-02-27 00:00:00+00:00, run_after=2025-02-28 00:00:00+00:00
[2025-02-28T22:45:43.207+0200] {processor.py:208} INFO - Processing /Users/nampham/.pyenv/versions/3.12.9/lib/python3.12/site-packages/airflow/example_dags/example_branch_day_of_week_operator.py took 0.079 seconds
[2025-02-28T22:48:57.262+0200] {processor.py:186} INFO - Started process (PID=22374) to work on /Users/nampham/.pyenv/versions/3.12.9/lib/python3.12/site-packages/airflow/example_dags/example_branch_day_of_week_operator.py
[2025-02-28T22:48:57.263+0200] {processor.py:914} INFO - Processing file /Users/nampham/.pyenv/versions/3.12.9/lib/python3.12/site-packages/airflow/example_dags/example_branch_day_of_week_operator.py for tasks to queue
[2025-02-28T22:48:57.264+0200] {logging_mixin.py:190} INFO - [2025-02-28T22:48:57.264+0200] {dagbag.py:588} INFO - Filling up the DagBag from /Users/nampham/.pyenv/versions/3.12.9/lib/python3.12/site-packages/airflow/example_dags/example_branch_day_of_week_operator.py
[2025-02-28T22:48:57.268+0200] {processor.py:925} INFO - DAG(s) 'example_weekday_branch_operator' retrieved from /Users/nampham/.pyenv/versions/3.12.9/lib/python3.12/site-packages/airflow/example_dags/example_branch_day_of_week_operator.py
[2025-02-28T22:48:57.325+0200] {logging_mixin.py:190} INFO - [2025-02-28T22:48:57.324+0200] {dag.py:3239} INFO - Sync 1 DAGs
[2025-02-28T22:48:57.331+0200] {logging_mixin.py:190} INFO - [2025-02-28T22:48:57.331+0200] {dag.py:4180} INFO - Setting next_dagrun for example_weekday_branch_operator to 2025-02-27 00:00:00+00:00, run_after=2025-02-28 00:00:00+00:00
[2025-02-28T22:48:57.337+0200] {processor.py:208} INFO - Processing /Users/nampham/.pyenv/versions/3.12.9/lib/python3.12/site-packages/airflow/example_dags/example_branch_day_of_week_operator.py took 0.076 seconds
[2025-02-28T22:57:11.972+0200] {processor.py:186} INFO - Started process (PID=23201) to work on /Users/nampham/.pyenv/versions/3.12.9/lib/python3.12/site-packages/airflow/example_dags/example_branch_day_of_week_operator.py
[2025-02-28T22:57:11.973+0200] {processor.py:914} INFO - Processing file /Users/nampham/.pyenv/versions/3.12.9/lib/python3.12/site-packages/airflow/example_dags/example_branch_day_of_week_operator.py for tasks to queue
[2025-02-28T22:57:11.974+0200] {logging_mixin.py:190} INFO - [2025-02-28T22:57:11.974+0200] {dagbag.py:588} INFO - Filling up the DagBag from /Users/nampham/.pyenv/versions/3.12.9/lib/python3.12/site-packages/airflow/example_dags/example_branch_day_of_week_operator.py
[2025-02-28T22:57:11.978+0200] {processor.py:925} INFO - DAG(s) 'example_weekday_branch_operator' retrieved from /Users/nampham/.pyenv/versions/3.12.9/lib/python3.12/site-packages/airflow/example_dags/example_branch_day_of_week_operator.py
[2025-02-28T22:57:12.034+0200] {logging_mixin.py:190} INFO - [2025-02-28T22:57:12.034+0200] {dag.py:3239} INFO - Sync 1 DAGs
[2025-02-28T22:57:12.041+0200] {logging_mixin.py:190} INFO - [2025-02-28T22:57:12.040+0200] {dag.py:4180} INFO - Setting next_dagrun for example_weekday_branch_operator to 2025-02-27 00:00:00+00:00, run_after=2025-02-28 00:00:00+00:00
[2025-02-28T22:57:12.047+0200] {processor.py:208} INFO - Processing /Users/nampham/.pyenv/versions/3.12.9/lib/python3.12/site-packages/airflow/example_dags/example_branch_day_of_week_operator.py took 0.076 seconds
[2025-02-28T22:59:45.211+0200] {processor.py:186} INFO - Started process (PID=23701) to work on /Users/nampham/.pyenv/versions/3.12.9/lib/python3.12/site-packages/airflow/example_dags/example_branch_day_of_week_operator.py
[2025-02-28T22:59:45.212+0200] {processor.py:914} INFO - Processing file /Users/nampham/.pyenv/versions/3.12.9/lib/python3.12/site-packages/airflow/example_dags/example_branch_day_of_week_operator.py for tasks to queue
[2025-02-28T22:59:45.212+0200] {logging_mixin.py:190} INFO - [2025-02-28T22:59:45.212+0200] {dagbag.py:588} INFO - Filling up the DagBag from /Users/nampham/.pyenv/versions/3.12.9/lib/python3.12/site-packages/airflow/example_dags/example_branch_day_of_week_operator.py
[2025-02-28T22:59:45.217+0200] {processor.py:925} INFO - DAG(s) 'example_weekday_branch_operator' retrieved from /Users/nampham/.pyenv/versions/3.12.9/lib/python3.12/site-packages/airflow/example_dags/example_branch_day_of_week_operator.py
[2025-02-28T22:59:45.273+0200] {logging_mixin.py:190} INFO - [2025-02-28T22:59:45.273+0200] {dag.py:3239} INFO - Sync 1 DAGs
[2025-02-28T22:59:45.279+0200] {logging_mixin.py:190} INFO - [2025-02-28T22:59:45.279+0200] {dag.py:4180} INFO - Setting next_dagrun for example_weekday_branch_operator to 2025-02-27 00:00:00+00:00, run_after=2025-02-28 00:00:00+00:00
[2025-02-28T22:59:45.286+0200] {processor.py:208} INFO - Processing /Users/nampham/.pyenv/versions/3.12.9/lib/python3.12/site-packages/airflow/example_dags/example_branch_day_of_week_operator.py took 0.076 seconds
