[2025-02-28T18:25:25.310+0200] {processor.py:186} INFO - Started process (PID=93316) to work on /Users/nampham/.pyenv/versions/3.12.9/lib/python3.12/site-packages/airflow/example_dags/example_latest_only_with_trigger.py
[2025-02-28T18:25:25.311+0200] {processor.py:914} INFO - Processing file /Users/nampham/.pyenv/versions/3.12.9/lib/python3.12/site-packages/airflow/example_dags/example_latest_only_with_trigger.py for tasks to queue
[2025-02-28T18:25:25.311+0200] {logging_mixin.py:190} INFO - [2025-02-28T18:25:25.311+0200] {dagbag.py:588} INFO - Filling up the DagBag from /Users/nampham/.pyenv/versions/3.12.9/lib/python3.12/site-packages/airflow/example_dags/example_latest_only_with_trigger.py
[2025-02-28T18:25:25.314+0200] {processor.py:925} INFO - DAG(s) 'latest_only_with_trigger' retrieved from /Users/nampham/.pyenv/versions/3.12.9/lib/python3.12/site-packages/airflow/example_dags/example_latest_only_with_trigger.py
[2025-02-28T18:25:25.410+0200] {logging_mixin.py:190} INFO - [2025-02-28T18:25:25.409+0200] {override.py:1930} INFO - Created Permission View: can delete on DAG:latest_only_with_trigger
[2025-02-28T18:25:25.413+0200] {logging_mixin.py:190} INFO - [2025-02-28T18:25:25.412+0200] {override.py:1930} INFO - Created Permission View: can read on DAG:latest_only_with_trigger
[2025-02-28T18:25:25.414+0200] {logging_mixin.py:190} INFO - [2025-02-28T18:25:25.414+0200] {override.py:1930} INFO - Created Permission View: can edit on DAG:latest_only_with_trigger
[2025-02-28T18:25:25.417+0200] {logging_mixin.py:190} INFO - [2025-02-28T18:25:25.417+0200] {override.py:1930} INFO - Created Permission View: can create on DAG Run:latest_only_with_trigger
[2025-02-28T18:25:25.419+0200] {logging_mixin.py:190} INFO - [2025-02-28T18:25:25.419+0200] {override.py:1930} INFO - Created Permission View: can delete on DAG Run:latest_only_with_trigger
[2025-02-28T18:25:25.421+0200] {logging_mixin.py:190} INFO - [2025-02-28T18:25:25.421+0200] {override.py:1930} INFO - Created Permission View: can read on DAG Run:latest_only_with_trigger
[2025-02-28T18:25:25.423+0200] {logging_mixin.py:190} INFO - [2025-02-28T18:25:25.423+0200] {override.py:1930} INFO - Created Permission View: menu access on DAG Run:latest_only_with_trigger
[2025-02-28T18:25:25.423+0200] {logging_mixin.py:190} INFO - [2025-02-28T18:25:25.423+0200] {dag.py:3239} INFO - Sync 1 DAGs
[2025-02-28T18:25:25.427+0200] {logging_mixin.py:190} INFO - [2025-02-28T18:25:25.427+0200] {dag.py:3262} INFO - Creating ORM DAG for latest_only_with_trigger
[2025-02-28T18:25:25.429+0200] {logging_mixin.py:190} INFO - [2025-02-28T18:25:25.429+0200] {dag.py:4180} INFO - Setting next_dagrun for latest_only_with_trigger to 2025-02-28 12:00:00+00:00, run_after=2025-02-28 16:00:00+00:00
[2025-02-28T18:25:25.435+0200] {processor.py:208} INFO - Processing /Users/nampham/.pyenv/versions/3.12.9/lib/python3.12/site-packages/airflow/example_dags/example_latest_only_with_trigger.py took 0.126 seconds
[2025-02-28T18:27:14.688+0200] {processor.py:186} INFO - Started process (PID=93741) to work on /Users/nampham/.pyenv/versions/3.12.9/lib/python3.12/site-packages/airflow/example_dags/example_latest_only_with_trigger.py
[2025-02-28T18:27:14.688+0200] {processor.py:914} INFO - Processing file /Users/nampham/.pyenv/versions/3.12.9/lib/python3.12/site-packages/airflow/example_dags/example_latest_only_with_trigger.py for tasks to queue
[2025-02-28T18:27:14.689+0200] {logging_mixin.py:190} INFO - [2025-02-28T18:27:14.689+0200] {dagbag.py:588} INFO - Filling up the DagBag from /Users/nampham/.pyenv/versions/3.12.9/lib/python3.12/site-packages/airflow/example_dags/example_latest_only_with_trigger.py
[2025-02-28T18:27:14.692+0200] {processor.py:925} INFO - DAG(s) 'latest_only_with_trigger' retrieved from /Users/nampham/.pyenv/versions/3.12.9/lib/python3.12/site-packages/airflow/example_dags/example_latest_only_with_trigger.py
[2025-02-28T18:27:14.763+0200] {logging_mixin.py:190} INFO - [2025-02-28T18:27:14.763+0200] {dag.py:3239} INFO - Sync 1 DAGs
[2025-02-28T18:27:14.771+0200] {logging_mixin.py:190} INFO - [2025-02-28T18:27:14.771+0200] {dag.py:4180} INFO - Setting next_dagrun for latest_only_with_trigger to 2025-02-28 12:00:00+00:00, run_after=2025-02-28 16:00:00+00:00
[2025-02-28T18:27:14.778+0200] {processor.py:208} INFO - Processing /Users/nampham/.pyenv/versions/3.12.9/lib/python3.12/site-packages/airflow/example_dags/example_latest_only_with_trigger.py took 0.092 seconds
[2025-02-28T18:29:55.857+0200] {processor.py:186} INFO - Started process (PID=94400) to work on /Users/nampham/.pyenv/versions/3.12.9/lib/python3.12/site-packages/airflow/example_dags/example_latest_only_with_trigger.py
[2025-02-28T18:29:55.858+0200] {processor.py:914} INFO - Processing file /Users/nampham/.pyenv/versions/3.12.9/lib/python3.12/site-packages/airflow/example_dags/example_latest_only_with_trigger.py for tasks to queue
[2025-02-28T18:29:55.858+0200] {logging_mixin.py:190} INFO - [2025-02-28T18:29:55.858+0200] {dagbag.py:588} INFO - Filling up the DagBag from /Users/nampham/.pyenv/versions/3.12.9/lib/python3.12/site-packages/airflow/example_dags/example_latest_only_with_trigger.py
[2025-02-28T18:29:55.863+0200] {processor.py:925} INFO - DAG(s) 'latest_only_with_trigger' retrieved from /Users/nampham/.pyenv/versions/3.12.9/lib/python3.12/site-packages/airflow/example_dags/example_latest_only_with_trigger.py
[2025-02-28T18:29:55.935+0200] {logging_mixin.py:190} INFO - [2025-02-28T18:29:55.935+0200] {dag.py:3239} INFO - Sync 1 DAGs
[2025-02-28T18:29:55.943+0200] {logging_mixin.py:190} INFO - [2025-02-28T18:29:55.943+0200] {dag.py:4180} INFO - Setting next_dagrun for latest_only_with_trigger to 2025-02-28 12:00:00+00:00, run_after=2025-02-28 16:00:00+00:00
[2025-02-28T18:29:55.950+0200] {processor.py:208} INFO - Processing /Users/nampham/.pyenv/versions/3.12.9/lib/python3.12/site-packages/airflow/example_dags/example_latest_only_with_trigger.py took 0.095 seconds
[2025-02-28T20:11:41.094+0200] {processor.py:186} INFO - Started process (PID=97441) to work on /Users/nampham/.pyenv/versions/3.12.9/lib/python3.12/site-packages/airflow/example_dags/example_latest_only_with_trigger.py
[2025-02-28T20:11:41.094+0200] {processor.py:914} INFO - Processing file /Users/nampham/.pyenv/versions/3.12.9/lib/python3.12/site-packages/airflow/example_dags/example_latest_only_with_trigger.py for tasks to queue
[2025-02-28T20:11:41.095+0200] {logging_mixin.py:190} INFO - [2025-02-28T20:11:41.095+0200] {dagbag.py:588} INFO - Filling up the DagBag from /Users/nampham/.pyenv/versions/3.12.9/lib/python3.12/site-packages/airflow/example_dags/example_latest_only_with_trigger.py
[2025-02-28T20:11:41.098+0200] {processor.py:925} INFO - DAG(s) 'latest_only_with_trigger' retrieved from /Users/nampham/.pyenv/versions/3.12.9/lib/python3.12/site-packages/airflow/example_dags/example_latest_only_with_trigger.py
[2025-02-28T20:11:41.202+0200] {logging_mixin.py:190} INFO - [2025-02-28T20:11:41.202+0200] {dag.py:3239} INFO - Sync 1 DAGs
[2025-02-28T20:11:41.210+0200] {logging_mixin.py:190} INFO - [2025-02-28T20:11:41.210+0200] {dag.py:4180} INFO - Setting next_dagrun for latest_only_with_trigger to 2025-02-28 12:00:00+00:00, run_after=2025-02-28 16:00:00+00:00
[2025-02-28T20:11:41.216+0200] {processor.py:208} INFO - Processing /Users/nampham/.pyenv/versions/3.12.9/lib/python3.12/site-packages/airflow/example_dags/example_latest_only_with_trigger.py took 0.124 seconds
[2025-02-28T20:13:27.967+0200] {processor.py:186} INFO - Started process (PID=98040) to work on /Users/nampham/.pyenv/versions/3.12.9/lib/python3.12/site-packages/airflow/example_dags/example_latest_only_with_trigger.py
[2025-02-28T20:13:27.968+0200] {processor.py:914} INFO - Processing file /Users/nampham/.pyenv/versions/3.12.9/lib/python3.12/site-packages/airflow/example_dags/example_latest_only_with_trigger.py for tasks to queue
[2025-02-28T20:13:27.969+0200] {logging_mixin.py:190} INFO - [2025-02-28T20:13:27.969+0200] {dagbag.py:588} INFO - Filling up the DagBag from /Users/nampham/.pyenv/versions/3.12.9/lib/python3.12/site-packages/airflow/example_dags/example_latest_only_with_trigger.py
[2025-02-28T20:13:27.971+0200] {processor.py:925} INFO - DAG(s) 'latest_only_with_trigger' retrieved from /Users/nampham/.pyenv/versions/3.12.9/lib/python3.12/site-packages/airflow/example_dags/example_latest_only_with_trigger.py
[2025-02-28T20:13:28.029+0200] {logging_mixin.py:190} INFO - [2025-02-28T20:13:28.029+0200] {dag.py:3239} INFO - Sync 1 DAGs
[2025-02-28T20:13:28.035+0200] {logging_mixin.py:190} INFO - [2025-02-28T20:13:28.035+0200] {dag.py:4180} INFO - Setting next_dagrun for latest_only_with_trigger to 2025-02-28 12:00:00+00:00, run_after=2025-02-28 16:00:00+00:00
[2025-02-28T20:13:28.042+0200] {processor.py:208} INFO - Processing /Users/nampham/.pyenv/versions/3.12.9/lib/python3.12/site-packages/airflow/example_dags/example_latest_only_with_trigger.py took 0.076 seconds
[2025-02-28T20:15:16.511+0200] {processor.py:186} INFO - Started process (PID=98452) to work on /Users/nampham/.pyenv/versions/3.12.9/lib/python3.12/site-packages/airflow/example_dags/example_latest_only_with_trigger.py
[2025-02-28T20:15:16.512+0200] {processor.py:914} INFO - Processing file /Users/nampham/.pyenv/versions/3.12.9/lib/python3.12/site-packages/airflow/example_dags/example_latest_only_with_trigger.py for tasks to queue
[2025-02-28T20:15:16.512+0200] {logging_mixin.py:190} INFO - [2025-02-28T20:15:16.512+0200] {dagbag.py:588} INFO - Filling up the DagBag from /Users/nampham/.pyenv/versions/3.12.9/lib/python3.12/site-packages/airflow/example_dags/example_latest_only_with_trigger.py
[2025-02-28T20:15:16.516+0200] {processor.py:925} INFO - DAG(s) 'latest_only_with_trigger' retrieved from /Users/nampham/.pyenv/versions/3.12.9/lib/python3.12/site-packages/airflow/example_dags/example_latest_only_with_trigger.py
[2025-02-28T20:15:16.590+0200] {logging_mixin.py:190} INFO - [2025-02-28T20:15:16.590+0200] {dag.py:3239} INFO - Sync 1 DAGs
[2025-02-28T20:15:16.597+0200] {logging_mixin.py:190} INFO - [2025-02-28T20:15:16.597+0200] {dag.py:4180} INFO - Setting next_dagrun for latest_only_with_trigger to 2025-02-28 12:00:00+00:00, run_after=2025-02-28 16:00:00+00:00
[2025-02-28T20:15:16.603+0200] {processor.py:208} INFO - Processing /Users/nampham/.pyenv/versions/3.12.9/lib/python3.12/site-packages/airflow/example_dags/example_latest_only_with_trigger.py took 0.094 seconds
[2025-02-28T20:19:08.533+0200] {processor.py:186} INFO - Started process (PID=99402) to work on /Users/nampham/.pyenv/versions/3.12.9/lib/python3.12/site-packages/airflow/example_dags/example_latest_only_with_trigger.py
[2025-02-28T20:19:08.534+0200] {processor.py:914} INFO - Processing file /Users/nampham/.pyenv/versions/3.12.9/lib/python3.12/site-packages/airflow/example_dags/example_latest_only_with_trigger.py for tasks to queue
[2025-02-28T20:19:08.534+0200] {logging_mixin.py:190} INFO - [2025-02-28T20:19:08.534+0200] {dagbag.py:588} INFO - Filling up the DagBag from /Users/nampham/.pyenv/versions/3.12.9/lib/python3.12/site-packages/airflow/example_dags/example_latest_only_with_trigger.py
[2025-02-28T20:19:08.537+0200] {processor.py:925} INFO - DAG(s) 'latest_only_with_trigger' retrieved from /Users/nampham/.pyenv/versions/3.12.9/lib/python3.12/site-packages/airflow/example_dags/example_latest_only_with_trigger.py
[2025-02-28T20:19:08.594+0200] {logging_mixin.py:190} INFO - [2025-02-28T20:19:08.593+0200] {dag.py:3239} INFO - Sync 1 DAGs
[2025-02-28T20:19:08.601+0200] {logging_mixin.py:190} INFO - [2025-02-28T20:19:08.601+0200] {dag.py:4180} INFO - Setting next_dagrun for latest_only_with_trigger to 2025-02-28 12:00:00+00:00, run_after=2025-02-28 16:00:00+00:00
[2025-02-28T20:19:08.607+0200] {processor.py:208} INFO - Processing /Users/nampham/.pyenv/versions/3.12.9/lib/python3.12/site-packages/airflow/example_dags/example_latest_only_with_trigger.py took 0.075 seconds
[2025-02-28T20:20:58.770+0200] {processor.py:186} INFO - Started process (PID=99844) to work on /Users/nampham/.pyenv/versions/3.12.9/lib/python3.12/site-packages/airflow/example_dags/example_latest_only_with_trigger.py
[2025-02-28T20:20:58.771+0200] {processor.py:914} INFO - Processing file /Users/nampham/.pyenv/versions/3.12.9/lib/python3.12/site-packages/airflow/example_dags/example_latest_only_with_trigger.py for tasks to queue
[2025-02-28T20:20:58.771+0200] {logging_mixin.py:190} INFO - [2025-02-28T20:20:58.771+0200] {dagbag.py:588} INFO - Filling up the DagBag from /Users/nampham/.pyenv/versions/3.12.9/lib/python3.12/site-packages/airflow/example_dags/example_latest_only_with_trigger.py
[2025-02-28T20:20:58.774+0200] {processor.py:925} INFO - DAG(s) 'latest_only_with_trigger' retrieved from /Users/nampham/.pyenv/versions/3.12.9/lib/python3.12/site-packages/airflow/example_dags/example_latest_only_with_trigger.py
[2025-02-28T20:20:58.834+0200] {logging_mixin.py:190} INFO - [2025-02-28T20:20:58.834+0200] {dag.py:3239} INFO - Sync 1 DAGs
[2025-02-28T20:20:58.841+0200] {logging_mixin.py:190} INFO - [2025-02-28T20:20:58.841+0200] {dag.py:4180} INFO - Setting next_dagrun for latest_only_with_trigger to 2025-02-28 12:00:00+00:00, run_after=2025-02-28 16:00:00+00:00
[2025-02-28T20:20:58.848+0200] {processor.py:208} INFO - Processing /Users/nampham/.pyenv/versions/3.12.9/lib/python3.12/site-packages/airflow/example_dags/example_latest_only_with_trigger.py took 0.079 seconds
[2025-02-28T21:28:21.738+0200] {processor.py:186} INFO - Started process (PID=5637) to work on /Users/nampham/.pyenv/versions/3.12.9/lib/python3.12/site-packages/airflow/example_dags/example_latest_only_with_trigger.py
[2025-02-28T21:28:21.738+0200] {processor.py:914} INFO - Processing file /Users/nampham/.pyenv/versions/3.12.9/lib/python3.12/site-packages/airflow/example_dags/example_latest_only_with_trigger.py for tasks to queue
[2025-02-28T21:28:21.739+0200] {logging_mixin.py:190} INFO - [2025-02-28T21:28:21.739+0200] {dagbag.py:588} INFO - Filling up the DagBag from /Users/nampham/.pyenv/versions/3.12.9/lib/python3.12/site-packages/airflow/example_dags/example_latest_only_with_trigger.py
[2025-02-28T21:28:21.742+0200] {processor.py:925} INFO - DAG(s) 'latest_only_with_trigger' retrieved from /Users/nampham/.pyenv/versions/3.12.9/lib/python3.12/site-packages/airflow/example_dags/example_latest_only_with_trigger.py
[2025-02-28T21:28:21.799+0200] {logging_mixin.py:190} INFO - [2025-02-28T21:28:21.799+0200] {dag.py:3239} INFO - Sync 1 DAGs
[2025-02-28T21:28:21.807+0200] {logging_mixin.py:190} INFO - [2025-02-28T21:28:21.807+0200] {dag.py:4180} INFO - Setting next_dagrun for latest_only_with_trigger to 2025-02-28 12:00:00+00:00, run_after=2025-02-28 16:00:00+00:00
[2025-02-28T21:28:21.813+0200] {processor.py:208} INFO - Processing /Users/nampham/.pyenv/versions/3.12.9/lib/python3.12/site-packages/airflow/example_dags/example_latest_only_with_trigger.py took 0.076 seconds
[2025-02-28T21:31:07.445+0200] {processor.py:186} INFO - Started process (PID=6287) to work on /Users/nampham/.pyenv/versions/3.12.9/lib/python3.12/site-packages/airflow/example_dags/example_latest_only_with_trigger.py
[2025-02-28T21:31:07.446+0200] {processor.py:914} INFO - Processing file /Users/nampham/.pyenv/versions/3.12.9/lib/python3.12/site-packages/airflow/example_dags/example_latest_only_with_trigger.py for tasks to queue
[2025-02-28T21:31:07.446+0200] {logging_mixin.py:190} INFO - [2025-02-28T21:31:07.446+0200] {dagbag.py:588} INFO - Filling up the DagBag from /Users/nampham/.pyenv/versions/3.12.9/lib/python3.12/site-packages/airflow/example_dags/example_latest_only_with_trigger.py
[2025-02-28T21:31:07.449+0200] {processor.py:925} INFO - DAG(s) 'latest_only_with_trigger' retrieved from /Users/nampham/.pyenv/versions/3.12.9/lib/python3.12/site-packages/airflow/example_dags/example_latest_only_with_trigger.py
[2025-02-28T21:31:07.508+0200] {logging_mixin.py:190} INFO - [2025-02-28T21:31:07.508+0200] {dag.py:3239} INFO - Sync 1 DAGs
[2025-02-28T21:31:07.515+0200] {logging_mixin.py:190} INFO - [2025-02-28T21:31:07.515+0200] {dag.py:4180} INFO - Setting next_dagrun for latest_only_with_trigger to 2025-02-28 12:00:00+00:00, run_after=2025-02-28 16:00:00+00:00
[2025-02-28T21:31:07.521+0200] {processor.py:208} INFO - Processing /Users/nampham/.pyenv/versions/3.12.9/lib/python3.12/site-packages/airflow/example_dags/example_latest_only_with_trigger.py took 0.078 seconds
[2025-02-28T21:32:55.033+0200] {processor.py:186} INFO - Started process (PID=6892) to work on /Users/nampham/.pyenv/versions/3.12.9/lib/python3.12/site-packages/airflow/example_dags/example_latest_only_with_trigger.py
[2025-02-28T21:32:55.034+0200] {processor.py:914} INFO - Processing file /Users/nampham/.pyenv/versions/3.12.9/lib/python3.12/site-packages/airflow/example_dags/example_latest_only_with_trigger.py for tasks to queue
[2025-02-28T21:32:55.034+0200] {logging_mixin.py:190} INFO - [2025-02-28T21:32:55.034+0200] {dagbag.py:588} INFO - Filling up the DagBag from /Users/nampham/.pyenv/versions/3.12.9/lib/python3.12/site-packages/airflow/example_dags/example_latest_only_with_trigger.py
[2025-02-28T21:32:55.038+0200] {processor.py:925} INFO - DAG(s) 'latest_only_with_trigger' retrieved from /Users/nampham/.pyenv/versions/3.12.9/lib/python3.12/site-packages/airflow/example_dags/example_latest_only_with_trigger.py
[2025-02-28T21:32:55.099+0200] {logging_mixin.py:190} INFO - [2025-02-28T21:32:55.099+0200] {dag.py:3239} INFO - Sync 1 DAGs
[2025-02-28T21:32:55.106+0200] {logging_mixin.py:190} INFO - [2025-02-28T21:32:55.106+0200] {dag.py:4180} INFO - Setting next_dagrun for latest_only_with_trigger to 2025-02-28 12:00:00+00:00, run_after=2025-02-28 16:00:00+00:00
[2025-02-28T21:32:55.113+0200] {processor.py:208} INFO - Processing /Users/nampham/.pyenv/versions/3.12.9/lib/python3.12/site-packages/airflow/example_dags/example_latest_only_with_trigger.py took 0.081 seconds
[2025-02-28T21:35:31.145+0200] {processor.py:186} INFO - Started process (PID=7505) to work on /Users/nampham/.pyenv/versions/3.12.9/lib/python3.12/site-packages/airflow/example_dags/example_latest_only_with_trigger.py
[2025-02-28T21:35:31.145+0200] {processor.py:914} INFO - Processing file /Users/nampham/.pyenv/versions/3.12.9/lib/python3.12/site-packages/airflow/example_dags/example_latest_only_with_trigger.py for tasks to queue
[2025-02-28T21:35:31.146+0200] {logging_mixin.py:190} INFO - [2025-02-28T21:35:31.146+0200] {dagbag.py:588} INFO - Filling up the DagBag from /Users/nampham/.pyenv/versions/3.12.9/lib/python3.12/site-packages/airflow/example_dags/example_latest_only_with_trigger.py
[2025-02-28T21:35:31.149+0200] {processor.py:925} INFO - DAG(s) 'latest_only_with_trigger' retrieved from /Users/nampham/.pyenv/versions/3.12.9/lib/python3.12/site-packages/airflow/example_dags/example_latest_only_with_trigger.py
[2025-02-28T21:35:31.209+0200] {logging_mixin.py:190} INFO - [2025-02-28T21:35:31.209+0200] {dag.py:3239} INFO - Sync 1 DAGs
[2025-02-28T21:35:31.216+0200] {logging_mixin.py:190} INFO - [2025-02-28T21:35:31.216+0200] {dag.py:4180} INFO - Setting next_dagrun for latest_only_with_trigger to 2025-02-28 12:00:00+00:00, run_after=2025-02-28 16:00:00+00:00
[2025-02-28T21:35:31.222+0200] {processor.py:208} INFO - Processing /Users/nampham/.pyenv/versions/3.12.9/lib/python3.12/site-packages/airflow/example_dags/example_latest_only_with_trigger.py took 0.078 seconds
[2025-02-28T21:37:29.933+0200] {processor.py:186} INFO - Started process (PID=7998) to work on /Users/nampham/.pyenv/versions/3.12.9/lib/python3.12/site-packages/airflow/example_dags/example_latest_only_with_trigger.py
[2025-02-28T21:37:29.934+0200] {processor.py:914} INFO - Processing file /Users/nampham/.pyenv/versions/3.12.9/lib/python3.12/site-packages/airflow/example_dags/example_latest_only_with_trigger.py for tasks to queue
[2025-02-28T21:37:29.934+0200] {logging_mixin.py:190} INFO - [2025-02-28T21:37:29.934+0200] {dagbag.py:588} INFO - Filling up the DagBag from /Users/nampham/.pyenv/versions/3.12.9/lib/python3.12/site-packages/airflow/example_dags/example_latest_only_with_trigger.py
[2025-02-28T21:37:29.937+0200] {processor.py:925} INFO - DAG(s) 'latest_only_with_trigger' retrieved from /Users/nampham/.pyenv/versions/3.12.9/lib/python3.12/site-packages/airflow/example_dags/example_latest_only_with_trigger.py
[2025-02-28T21:37:30.028+0200] {logging_mixin.py:190} INFO - [2025-02-28T21:37:30.028+0200] {override.py:1930} INFO - Created Permission View: can delete on DAG:latest_only_with_trigger
[2025-02-28T21:37:30.031+0200] {logging_mixin.py:190} INFO - [2025-02-28T21:37:30.031+0200] {override.py:1930} INFO - Created Permission View: can read on DAG:latest_only_with_trigger
[2025-02-28T21:37:30.033+0200] {logging_mixin.py:190} INFO - [2025-02-28T21:37:30.033+0200] {override.py:1930} INFO - Created Permission View: can edit on DAG:latest_only_with_trigger
[2025-02-28T21:37:30.036+0200] {logging_mixin.py:190} INFO - [2025-02-28T21:37:30.036+0200] {override.py:1930} INFO - Created Permission View: can delete on DAG Run:latest_only_with_trigger
[2025-02-28T21:37:30.037+0200] {logging_mixin.py:190} INFO - [2025-02-28T21:37:30.037+0200] {override.py:1930} INFO - Created Permission View: can create on DAG Run:latest_only_with_trigger
[2025-02-28T21:37:30.039+0200] {logging_mixin.py:190} INFO - [2025-02-28T21:37:30.039+0200] {override.py:1930} INFO - Created Permission View: menu access on DAG Run:latest_only_with_trigger
[2025-02-28T21:37:30.041+0200] {logging_mixin.py:190} INFO - [2025-02-28T21:37:30.041+0200] {override.py:1930} INFO - Created Permission View: can read on DAG Run:latest_only_with_trigger
[2025-02-28T21:37:30.041+0200] {logging_mixin.py:190} INFO - [2025-02-28T21:37:30.041+0200] {dag.py:3239} INFO - Sync 1 DAGs
[2025-02-28T21:37:30.045+0200] {logging_mixin.py:190} INFO - [2025-02-28T21:37:30.045+0200] {dag.py:3262} INFO - Creating ORM DAG for latest_only_with_trigger
[2025-02-28T21:37:30.048+0200] {logging_mixin.py:190} INFO - [2025-02-28T21:37:30.048+0200] {dag.py:4180} INFO - Setting next_dagrun for latest_only_with_trigger to 2025-02-28 12:00:00+00:00, run_after=2025-02-28 16:00:00+00:00
[2025-02-28T21:37:30.053+0200] {processor.py:208} INFO - Processing /Users/nampham/.pyenv/versions/3.12.9/lib/python3.12/site-packages/airflow/example_dags/example_latest_only_with_trigger.py took 0.121 seconds
[2025-02-28T21:39:19.551+0200] {processor.py:186} INFO - Started process (PID=8422) to work on /Users/nampham/.pyenv/versions/3.12.9/lib/python3.12/site-packages/airflow/example_dags/example_latest_only_with_trigger.py
[2025-02-28T21:39:19.552+0200] {processor.py:914} INFO - Processing file /Users/nampham/.pyenv/versions/3.12.9/lib/python3.12/site-packages/airflow/example_dags/example_latest_only_with_trigger.py for tasks to queue
[2025-02-28T21:39:19.552+0200] {logging_mixin.py:190} INFO - [2025-02-28T21:39:19.552+0200] {dagbag.py:588} INFO - Filling up the DagBag from /Users/nampham/.pyenv/versions/3.12.9/lib/python3.12/site-packages/airflow/example_dags/example_latest_only_with_trigger.py
[2025-02-28T21:39:19.556+0200] {processor.py:925} INFO - DAG(s) 'latest_only_with_trigger' retrieved from /Users/nampham/.pyenv/versions/3.12.9/lib/python3.12/site-packages/airflow/example_dags/example_latest_only_with_trigger.py
[2025-02-28T21:39:19.613+0200] {logging_mixin.py:190} INFO - [2025-02-28T21:39:19.613+0200] {dag.py:3239} INFO - Sync 1 DAGs
[2025-02-28T21:39:19.620+0200] {logging_mixin.py:190} INFO - [2025-02-28T21:39:19.620+0200] {dag.py:4180} INFO - Setting next_dagrun for latest_only_with_trigger to 2025-02-28 12:00:00+00:00, run_after=2025-02-28 16:00:00+00:00
[2025-02-28T21:39:19.626+0200] {processor.py:208} INFO - Processing /Users/nampham/.pyenv/versions/3.12.9/lib/python3.12/site-packages/airflow/example_dags/example_latest_only_with_trigger.py took 0.076 seconds
[2025-02-28T22:28:23.149+0200] {processor.py:186} INFO - Started process (PID=18211) to work on /Users/nampham/.pyenv/versions/3.12.9/lib/python3.12/site-packages/airflow/example_dags/example_latest_only_with_trigger.py
[2025-02-28T22:28:23.150+0200] {processor.py:914} INFO - Processing file /Users/nampham/.pyenv/versions/3.12.9/lib/python3.12/site-packages/airflow/example_dags/example_latest_only_with_trigger.py for tasks to queue
[2025-02-28T22:28:23.151+0200] {logging_mixin.py:190} INFO - [2025-02-28T22:28:23.150+0200] {dagbag.py:588} INFO - Filling up the DagBag from /Users/nampham/.pyenv/versions/3.12.9/lib/python3.12/site-packages/airflow/example_dags/example_latest_only_with_trigger.py
[2025-02-28T22:28:23.154+0200] {processor.py:925} INFO - DAG(s) 'latest_only_with_trigger' retrieved from /Users/nampham/.pyenv/versions/3.12.9/lib/python3.12/site-packages/airflow/example_dags/example_latest_only_with_trigger.py
[2025-02-28T22:28:23.244+0200] {logging_mixin.py:190} INFO - [2025-02-28T22:28:23.244+0200] {override.py:1930} INFO - Created Permission View: can read on DAG:latest_only_with_trigger
[2025-02-28T22:28:23.247+0200] {logging_mixin.py:190} INFO - [2025-02-28T22:28:23.247+0200] {override.py:1930} INFO - Created Permission View: can delete on DAG:latest_only_with_trigger
[2025-02-28T22:28:23.249+0200] {logging_mixin.py:190} INFO - [2025-02-28T22:28:23.249+0200] {override.py:1930} INFO - Created Permission View: can edit on DAG:latest_only_with_trigger
[2025-02-28T22:28:23.251+0200] {logging_mixin.py:190} INFO - [2025-02-28T22:28:23.251+0200] {override.py:1930} INFO - Created Permission View: menu access on DAG Run:latest_only_with_trigger
[2025-02-28T22:28:23.253+0200] {logging_mixin.py:190} INFO - [2025-02-28T22:28:23.253+0200] {override.py:1930} INFO - Created Permission View: can read on DAG Run:latest_only_with_trigger
[2025-02-28T22:28:23.255+0200] {logging_mixin.py:190} INFO - [2025-02-28T22:28:23.255+0200] {override.py:1930} INFO - Created Permission View: can create on DAG Run:latest_only_with_trigger
[2025-02-28T22:28:23.256+0200] {logging_mixin.py:190} INFO - [2025-02-28T22:28:23.256+0200] {override.py:1930} INFO - Created Permission View: can delete on DAG Run:latest_only_with_trigger
[2025-02-28T22:28:23.257+0200] {logging_mixin.py:190} INFO - [2025-02-28T22:28:23.256+0200] {dag.py:3239} INFO - Sync 1 DAGs
[2025-02-28T22:28:23.260+0200] {logging_mixin.py:190} INFO - [2025-02-28T22:28:23.260+0200] {dag.py:3262} INFO - Creating ORM DAG for latest_only_with_trigger
[2025-02-28T22:28:23.263+0200] {logging_mixin.py:190} INFO - [2025-02-28T22:28:23.263+0200] {dag.py:4180} INFO - Setting next_dagrun for latest_only_with_trigger to 2025-02-28 16:00:00+00:00, run_after=2025-02-28 20:00:00+00:00
[2025-02-28T22:28:23.268+0200] {processor.py:208} INFO - Processing /Users/nampham/.pyenv/versions/3.12.9/lib/python3.12/site-packages/airflow/example_dags/example_latest_only_with_trigger.py took 0.121 seconds
[2025-02-28T22:36:26.958+0200] {processor.py:186} INFO - Started process (PID=19869) to work on /Users/nampham/.pyenv/versions/3.12.9/lib/python3.12/site-packages/airflow/example_dags/example_latest_only_with_trigger.py
[2025-02-28T22:36:26.959+0200] {processor.py:914} INFO - Processing file /Users/nampham/.pyenv/versions/3.12.9/lib/python3.12/site-packages/airflow/example_dags/example_latest_only_with_trigger.py for tasks to queue
[2025-02-28T22:36:26.959+0200] {logging_mixin.py:190} INFO - [2025-02-28T22:36:26.959+0200] {dagbag.py:588} INFO - Filling up the DagBag from /Users/nampham/.pyenv/versions/3.12.9/lib/python3.12/site-packages/airflow/example_dags/example_latest_only_with_trigger.py
[2025-02-28T22:36:26.962+0200] {processor.py:925} INFO - DAG(s) 'latest_only_with_trigger' retrieved from /Users/nampham/.pyenv/versions/3.12.9/lib/python3.12/site-packages/airflow/example_dags/example_latest_only_with_trigger.py
[2025-02-28T22:36:27.049+0200] {logging_mixin.py:190} INFO - [2025-02-28T22:36:27.049+0200] {override.py:1930} INFO - Created Permission View: can edit on DAG:latest_only_with_trigger
[2025-02-28T22:36:27.052+0200] {logging_mixin.py:190} INFO - [2025-02-28T22:36:27.052+0200] {override.py:1930} INFO - Created Permission View: can delete on DAG:latest_only_with_trigger
[2025-02-28T22:36:27.054+0200] {logging_mixin.py:190} INFO - [2025-02-28T22:36:27.054+0200] {override.py:1930} INFO - Created Permission View: can read on DAG:latest_only_with_trigger
[2025-02-28T22:36:27.056+0200] {logging_mixin.py:190} INFO - [2025-02-28T22:36:27.056+0200] {override.py:1930} INFO - Created Permission View: can create on DAG Run:latest_only_with_trigger
[2025-02-28T22:36:27.058+0200] {logging_mixin.py:190} INFO - [2025-02-28T22:36:27.058+0200] {override.py:1930} INFO - Created Permission View: can delete on DAG Run:latest_only_with_trigger
[2025-02-28T22:36:27.060+0200] {logging_mixin.py:190} INFO - [2025-02-28T22:36:27.060+0200] {override.py:1930} INFO - Created Permission View: can read on DAG Run:latest_only_with_trigger
[2025-02-28T22:36:27.062+0200] {logging_mixin.py:190} INFO - [2025-02-28T22:36:27.062+0200] {override.py:1930} INFO - Created Permission View: menu access on DAG Run:latest_only_with_trigger
[2025-02-28T22:36:27.062+0200] {logging_mixin.py:190} INFO - [2025-02-28T22:36:27.062+0200] {dag.py:3239} INFO - Sync 1 DAGs
[2025-02-28T22:36:27.066+0200] {logging_mixin.py:190} INFO - [2025-02-28T22:36:27.065+0200] {dag.py:3262} INFO - Creating ORM DAG for latest_only_with_trigger
[2025-02-28T22:36:27.068+0200] {logging_mixin.py:190} INFO - [2025-02-28T22:36:27.068+0200] {dag.py:4180} INFO - Setting next_dagrun for latest_only_with_trigger to 2025-02-28 16:00:00+00:00, run_after=2025-02-28 20:00:00+00:00
[2025-02-28T22:36:27.075+0200] {processor.py:208} INFO - Processing /Users/nampham/.pyenv/versions/3.12.9/lib/python3.12/site-packages/airflow/example_dags/example_latest_only_with_trigger.py took 0.118 seconds
[2025-02-28T22:38:41.415+0200] {processor.py:186} INFO - Started process (PID=20357) to work on /Users/nampham/.pyenv/versions/3.12.9/lib/python3.12/site-packages/airflow/example_dags/example_latest_only_with_trigger.py
[2025-02-28T22:38:41.415+0200] {processor.py:914} INFO - Processing file /Users/nampham/.pyenv/versions/3.12.9/lib/python3.12/site-packages/airflow/example_dags/example_latest_only_with_trigger.py for tasks to queue
[2025-02-28T22:38:41.416+0200] {logging_mixin.py:190} INFO - [2025-02-28T22:38:41.416+0200] {dagbag.py:588} INFO - Filling up the DagBag from /Users/nampham/.pyenv/versions/3.12.9/lib/python3.12/site-packages/airflow/example_dags/example_latest_only_with_trigger.py
[2025-02-28T22:38:41.419+0200] {processor.py:925} INFO - DAG(s) 'latest_only_with_trigger' retrieved from /Users/nampham/.pyenv/versions/3.12.9/lib/python3.12/site-packages/airflow/example_dags/example_latest_only_with_trigger.py
[2025-02-28T22:38:41.476+0200] {logging_mixin.py:190} INFO - [2025-02-28T22:38:41.476+0200] {dag.py:3239} INFO - Sync 1 DAGs
[2025-02-28T22:38:41.483+0200] {logging_mixin.py:190} INFO - [2025-02-28T22:38:41.483+0200] {dag.py:4180} INFO - Setting next_dagrun for latest_only_with_trigger to 2025-02-28 16:00:00+00:00, run_after=2025-02-28 20:00:00+00:00
[2025-02-28T22:38:41.489+0200] {processor.py:208} INFO - Processing /Users/nampham/.pyenv/versions/3.12.9/lib/python3.12/site-packages/airflow/example_dags/example_latest_only_with_trigger.py took 0.076 seconds
[2025-02-28T22:41:29.513+0200] {processor.py:186} INFO - Started process (PID=20911) to work on /Users/nampham/.pyenv/versions/3.12.9/lib/python3.12/site-packages/airflow/example_dags/example_latest_only_with_trigger.py
[2025-02-28T22:41:29.514+0200] {processor.py:914} INFO - Processing file /Users/nampham/.pyenv/versions/3.12.9/lib/python3.12/site-packages/airflow/example_dags/example_latest_only_with_trigger.py for tasks to queue
[2025-02-28T22:41:29.514+0200] {logging_mixin.py:190} INFO - [2025-02-28T22:41:29.514+0200] {dagbag.py:588} INFO - Filling up the DagBag from /Users/nampham/.pyenv/versions/3.12.9/lib/python3.12/site-packages/airflow/example_dags/example_latest_only_with_trigger.py
[2025-02-28T22:41:29.517+0200] {processor.py:925} INFO - DAG(s) 'latest_only_with_trigger' retrieved from /Users/nampham/.pyenv/versions/3.12.9/lib/python3.12/site-packages/airflow/example_dags/example_latest_only_with_trigger.py
[2025-02-28T22:41:29.574+0200] {logging_mixin.py:190} INFO - [2025-02-28T22:41:29.574+0200] {dag.py:3239} INFO - Sync 1 DAGs
[2025-02-28T22:41:29.580+0200] {logging_mixin.py:190} INFO - [2025-02-28T22:41:29.580+0200] {dag.py:4180} INFO - Setting next_dagrun for latest_only_with_trigger to 2025-02-28 16:00:00+00:00, run_after=2025-02-28 20:00:00+00:00
[2025-02-28T22:41:29.587+0200] {processor.py:208} INFO - Processing /Users/nampham/.pyenv/versions/3.12.9/lib/python3.12/site-packages/airflow/example_dags/example_latest_only_with_trigger.py took 0.075 seconds
[2025-02-28T22:43:59.006+0200] {processor.py:186} INFO - Started process (PID=21464) to work on /Users/nampham/.pyenv/versions/3.12.9/lib/python3.12/site-packages/airflow/example_dags/example_latest_only_with_trigger.py
[2025-02-28T22:43:59.007+0200] {processor.py:914} INFO - Processing file /Users/nampham/.pyenv/versions/3.12.9/lib/python3.12/site-packages/airflow/example_dags/example_latest_only_with_trigger.py for tasks to queue
[2025-02-28T22:43:59.008+0200] {logging_mixin.py:190} INFO - [2025-02-28T22:43:59.008+0200] {dagbag.py:588} INFO - Filling up the DagBag from /Users/nampham/.pyenv/versions/3.12.9/lib/python3.12/site-packages/airflow/example_dags/example_latest_only_with_trigger.py
[2025-02-28T22:43:59.011+0200] {processor.py:925} INFO - DAG(s) 'latest_only_with_trigger' retrieved from /Users/nampham/.pyenv/versions/3.12.9/lib/python3.12/site-packages/airflow/example_dags/example_latest_only_with_trigger.py
[2025-02-28T22:43:59.068+0200] {logging_mixin.py:190} INFO - [2025-02-28T22:43:59.068+0200] {dag.py:3239} INFO - Sync 1 DAGs
[2025-02-28T22:43:59.075+0200] {logging_mixin.py:190} INFO - [2025-02-28T22:43:59.075+0200] {dag.py:4180} INFO - Setting next_dagrun for latest_only_with_trigger to 2025-02-28 16:00:00+00:00, run_after=2025-02-28 20:00:00+00:00
[2025-02-28T22:43:59.081+0200] {processor.py:208} INFO - Processing /Users/nampham/.pyenv/versions/3.12.9/lib/python3.12/site-packages/airflow/example_dags/example_latest_only_with_trigger.py took 0.076 seconds
[2025-02-28T22:46:59.852+0200] {processor.py:186} INFO - Started process (PID=22070) to work on /Users/nampham/.pyenv/versions/3.12.9/lib/python3.12/site-packages/airflow/example_dags/example_latest_only_with_trigger.py
[2025-02-28T22:46:59.853+0200] {processor.py:914} INFO - Processing file /Users/nampham/.pyenv/versions/3.12.9/lib/python3.12/site-packages/airflow/example_dags/example_latest_only_with_trigger.py for tasks to queue
[2025-02-28T22:46:59.854+0200] {logging_mixin.py:190} INFO - [2025-02-28T22:46:59.854+0200] {dagbag.py:588} INFO - Filling up the DagBag from /Users/nampham/.pyenv/versions/3.12.9/lib/python3.12/site-packages/airflow/example_dags/example_latest_only_with_trigger.py
[2025-02-28T22:46:59.857+0200] {processor.py:925} INFO - DAG(s) 'latest_only_with_trigger' retrieved from /Users/nampham/.pyenv/versions/3.12.9/lib/python3.12/site-packages/airflow/example_dags/example_latest_only_with_trigger.py
[2025-02-28T22:46:59.914+0200] {logging_mixin.py:190} INFO - [2025-02-28T22:46:59.914+0200] {dag.py:3239} INFO - Sync 1 DAGs
[2025-02-28T22:46:59.921+0200] {logging_mixin.py:190} INFO - [2025-02-28T22:46:59.921+0200] {dag.py:4180} INFO - Setting next_dagrun for latest_only_with_trigger to 2025-02-28 16:00:00+00:00, run_after=2025-02-28 20:00:00+00:00
[2025-02-28T22:46:59.927+0200] {processor.py:208} INFO - Processing /Users/nampham/.pyenv/versions/3.12.9/lib/python3.12/site-packages/airflow/example_dags/example_latest_only_with_trigger.py took 0.076 seconds
[2025-02-28T22:55:13.761+0200] {processor.py:186} INFO - Started process (PID=22819) to work on /Users/nampham/.pyenv/versions/3.12.9/lib/python3.12/site-packages/airflow/example_dags/example_latest_only_with_trigger.py
[2025-02-28T22:55:13.762+0200] {processor.py:914} INFO - Processing file /Users/nampham/.pyenv/versions/3.12.9/lib/python3.12/site-packages/airflow/example_dags/example_latest_only_with_trigger.py for tasks to queue
[2025-02-28T22:55:13.763+0200] {logging_mixin.py:190} INFO - [2025-02-28T22:55:13.763+0200] {dagbag.py:588} INFO - Filling up the DagBag from /Users/nampham/.pyenv/versions/3.12.9/lib/python3.12/site-packages/airflow/example_dags/example_latest_only_with_trigger.py
[2025-02-28T22:55:13.766+0200] {processor.py:925} INFO - DAG(s) 'latest_only_with_trigger' retrieved from /Users/nampham/.pyenv/versions/3.12.9/lib/python3.12/site-packages/airflow/example_dags/example_latest_only_with_trigger.py
[2025-02-28T22:55:13.837+0200] {logging_mixin.py:190} INFO - [2025-02-28T22:55:13.837+0200] {dag.py:3239} INFO - Sync 1 DAGs
[2025-02-28T22:55:13.845+0200] {logging_mixin.py:190} INFO - [2025-02-28T22:55:13.844+0200] {dag.py:4180} INFO - Setting next_dagrun for latest_only_with_trigger to 2025-02-28 16:00:00+00:00, run_after=2025-02-28 20:00:00+00:00
[2025-02-28T22:55:13.852+0200] {processor.py:208} INFO - Processing /Users/nampham/.pyenv/versions/3.12.9/lib/python3.12/site-packages/airflow/example_dags/example_latest_only_with_trigger.py took 0.093 seconds
[2025-02-28T22:56:59.514+0200] {processor.py:186} INFO - Started process (PID=23161) to work on /Users/nampham/.pyenv/versions/3.12.9/lib/python3.12/site-packages/airflow/example_dags/example_latest_only_with_trigger.py
[2025-02-28T22:56:59.515+0200] {processor.py:914} INFO - Processing file /Users/nampham/.pyenv/versions/3.12.9/lib/python3.12/site-packages/airflow/example_dags/example_latest_only_with_trigger.py for tasks to queue
[2025-02-28T22:56:59.516+0200] {logging_mixin.py:190} INFO - [2025-02-28T22:56:59.516+0200] {dagbag.py:588} INFO - Filling up the DagBag from /Users/nampham/.pyenv/versions/3.12.9/lib/python3.12/site-packages/airflow/example_dags/example_latest_only_with_trigger.py
[2025-02-28T22:56:59.519+0200] {processor.py:925} INFO - DAG(s) 'latest_only_with_trigger' retrieved from /Users/nampham/.pyenv/versions/3.12.9/lib/python3.12/site-packages/airflow/example_dags/example_latest_only_with_trigger.py
[2025-02-28T22:56:59.575+0200] {logging_mixin.py:190} INFO - [2025-02-28T22:56:59.575+0200] {dag.py:3239} INFO - Sync 1 DAGs
[2025-02-28T22:56:59.581+0200] {logging_mixin.py:190} INFO - [2025-02-28T22:56:59.581+0200] {dag.py:4180} INFO - Setting next_dagrun for latest_only_with_trigger to 2025-02-28 16:00:00+00:00, run_after=2025-02-28 20:00:00+00:00
[2025-02-28T22:56:59.587+0200] {processor.py:208} INFO - Processing /Users/nampham/.pyenv/versions/3.12.9/lib/python3.12/site-packages/airflow/example_dags/example_latest_only_with_trigger.py took 0.074 seconds
[2025-02-28T22:59:33.728+0200] {processor.py:186} INFO - Started process (PID=23660) to work on /Users/nampham/.pyenv/versions/3.12.9/lib/python3.12/site-packages/airflow/example_dags/example_latest_only_with_trigger.py
[2025-02-28T22:59:33.729+0200] {processor.py:914} INFO - Processing file /Users/nampham/.pyenv/versions/3.12.9/lib/python3.12/site-packages/airflow/example_dags/example_latest_only_with_trigger.py for tasks to queue
[2025-02-28T22:59:33.730+0200] {logging_mixin.py:190} INFO - [2025-02-28T22:59:33.730+0200] {dagbag.py:588} INFO - Filling up the DagBag from /Users/nampham/.pyenv/versions/3.12.9/lib/python3.12/site-packages/airflow/example_dags/example_latest_only_with_trigger.py
[2025-02-28T22:59:33.733+0200] {processor.py:925} INFO - DAG(s) 'latest_only_with_trigger' retrieved from /Users/nampham/.pyenv/versions/3.12.9/lib/python3.12/site-packages/airflow/example_dags/example_latest_only_with_trigger.py
[2025-02-28T22:59:33.789+0200] {logging_mixin.py:190} INFO - [2025-02-28T22:59:33.789+0200] {dag.py:3239} INFO - Sync 1 DAGs
[2025-02-28T22:59:33.796+0200] {logging_mixin.py:190} INFO - [2025-02-28T22:59:33.795+0200] {dag.py:4180} INFO - Setting next_dagrun for latest_only_with_trigger to 2025-02-28 16:00:00+00:00, run_after=2025-02-28 20:00:00+00:00
[2025-02-28T22:59:33.802+0200] {processor.py:208} INFO - Processing /Users/nampham/.pyenv/versions/3.12.9/lib/python3.12/site-packages/airflow/example_dags/example_latest_only_with_trigger.py took 0.075 seconds
