[2025-02-28T18:25:18.874+0200] {processor.py:186} INFO - Started process (PID=93288) to work on /Users/nampham/.pyenv/versions/3.12.9/lib/python3.12/site-packages/airflow/example_dags/example_outlet_event_extra.py
[2025-02-28T18:25:18.875+0200] {processor.py:914} INFO - Processing file /Users/nampham/.pyenv/versions/3.12.9/lib/python3.12/site-packages/airflow/example_dags/example_outlet_event_extra.py for tasks to queue
[2025-02-28T18:25:18.876+0200] {logging_mixin.py:190} INFO - [2025-02-28T18:25:18.875+0200] {dagbag.py:588} INFO - Filling up the DagBag from /Users/nampham/.pyenv/versions/3.12.9/lib/python3.12/site-packages/airflow/example_dags/example_outlet_event_extra.py
[2025-02-28T18:25:19.121+0200] {processor.py:925} INFO - DAG(s) 'dataset_with_extra_from_classic_operator', 'dataset_with_extra_by_context', 'dataset_with_extra_by_yield' retrieved from /Users/nampham/.pyenv/versions/3.12.9/lib/python3.12/site-packages/airflow/example_dags/example_outlet_event_extra.py
[2025-02-28T18:25:19.220+0200] {logging_mixin.py:190} INFO - [2025-02-28T18:25:19.219+0200] {override.py:1930} INFO - Created Permission View: can edit on DAG:dataset_with_extra_from_classic_operator
[2025-02-28T18:25:19.223+0200] {logging_mixin.py:190} INFO - [2025-02-28T18:25:19.222+0200] {override.py:1930} INFO - Created Permission View: can delete on DAG:dataset_with_extra_from_classic_operator
[2025-02-28T18:25:19.224+0200] {logging_mixin.py:190} INFO - [2025-02-28T18:25:19.224+0200] {override.py:1930} INFO - Created Permission View: can read on DAG:dataset_with_extra_from_classic_operator
[2025-02-28T18:25:19.227+0200] {logging_mixin.py:190} INFO - [2025-02-28T18:25:19.227+0200] {override.py:1930} INFO - Created Permission View: menu access on DAG Run:dataset_with_extra_from_classic_operator
[2025-02-28T18:25:19.229+0200] {logging_mixin.py:190} INFO - [2025-02-28T18:25:19.228+0200] {override.py:1930} INFO - Created Permission View: can delete on DAG Run:dataset_with_extra_from_classic_operator
[2025-02-28T18:25:19.230+0200] {logging_mixin.py:190} INFO - [2025-02-28T18:25:19.230+0200] {override.py:1930} INFO - Created Permission View: can create on DAG Run:dataset_with_extra_from_classic_operator
[2025-02-28T18:25:19.232+0200] {logging_mixin.py:190} INFO - [2025-02-28T18:25:19.232+0200] {override.py:1930} INFO - Created Permission View: can read on DAG Run:dataset_with_extra_from_classic_operator
[2025-02-28T18:25:19.237+0200] {logging_mixin.py:190} INFO - [2025-02-28T18:25:19.237+0200] {override.py:1930} INFO - Created Permission View: can edit on DAG:dataset_with_extra_by_context
[2025-02-28T18:25:19.241+0200] {logging_mixin.py:190} INFO - [2025-02-28T18:25:19.241+0200] {override.py:1930} INFO - Created Permission View: can delete on DAG:dataset_with_extra_by_context
[2025-02-28T18:25:19.242+0200] {logging_mixin.py:190} INFO - [2025-02-28T18:25:19.242+0200] {override.py:1930} INFO - Created Permission View: can read on DAG:dataset_with_extra_by_context
[2025-02-28T18:25:19.246+0200] {logging_mixin.py:190} INFO - [2025-02-28T18:25:19.246+0200] {override.py:1930} INFO - Created Permission View: menu access on DAG Run:dataset_with_extra_by_context
[2025-02-28T18:25:19.248+0200] {logging_mixin.py:190} INFO - [2025-02-28T18:25:19.248+0200] {override.py:1930} INFO - Created Permission View: can delete on DAG Run:dataset_with_extra_by_context
[2025-02-28T18:25:19.250+0200] {logging_mixin.py:190} INFO - [2025-02-28T18:25:19.250+0200] {override.py:1930} INFO - Created Permission View: can create on DAG Run:dataset_with_extra_by_context
[2025-02-28T18:25:19.251+0200] {logging_mixin.py:190} INFO - [2025-02-28T18:25:19.251+0200] {override.py:1930} INFO - Created Permission View: can read on DAG Run:dataset_with_extra_by_context
[2025-02-28T18:25:19.255+0200] {logging_mixin.py:190} INFO - [2025-02-28T18:25:19.255+0200] {override.py:1930} INFO - Created Permission View: can edit on DAG:dataset_with_extra_by_yield
[2025-02-28T18:25:19.257+0200] {logging_mixin.py:190} INFO - [2025-02-28T18:25:19.257+0200] {override.py:1930} INFO - Created Permission View: can delete on DAG:dataset_with_extra_by_yield
[2025-02-28T18:25:19.259+0200] {logging_mixin.py:190} INFO - [2025-02-28T18:25:19.259+0200] {override.py:1930} INFO - Created Permission View: can read on DAG:dataset_with_extra_by_yield
[2025-02-28T18:25:19.261+0200] {logging_mixin.py:190} INFO - [2025-02-28T18:25:19.261+0200] {override.py:1930} INFO - Created Permission View: menu access on DAG Run:dataset_with_extra_by_yield
[2025-02-28T18:25:19.262+0200] {logging_mixin.py:190} INFO - [2025-02-28T18:25:19.262+0200] {override.py:1930} INFO - Created Permission View: can delete on DAG Run:dataset_with_extra_by_yield
[2025-02-28T18:25:19.264+0200] {logging_mixin.py:190} INFO - [2025-02-28T18:25:19.264+0200] {override.py:1930} INFO - Created Permission View: can create on DAG Run:dataset_with_extra_by_yield
[2025-02-28T18:25:19.266+0200] {logging_mixin.py:190} INFO - [2025-02-28T18:25:19.266+0200] {override.py:1930} INFO - Created Permission View: can read on DAG Run:dataset_with_extra_by_yield
[2025-02-28T18:25:19.266+0200] {logging_mixin.py:190} INFO - [2025-02-28T18:25:19.266+0200] {dag.py:3239} INFO - Sync 3 DAGs
[2025-02-28T18:25:19.270+0200] {logging_mixin.py:190} INFO - [2025-02-28T18:25:19.270+0200] {dag.py:3262} INFO - Creating ORM DAG for dataset_with_extra_from_classic_operator
[2025-02-28T18:25:19.271+0200] {logging_mixin.py:190} INFO - [2025-02-28T18:25:19.270+0200] {dag.py:3262} INFO - Creating ORM DAG for dataset_with_extra_by_yield
[2025-02-28T18:25:19.271+0200] {logging_mixin.py:190} INFO - [2025-02-28T18:25:19.271+0200] {dag.py:3262} INFO - Creating ORM DAG for dataset_with_extra_by_context
[2025-02-28T18:25:19.274+0200] {logging_mixin.py:190} INFO - [2025-02-28T18:25:19.274+0200] {dag.py:4180} INFO - Setting next_dagrun for dataset_with_extra_by_context to 2025-02-27 00:00:00+00:00, run_after=2025-02-28 00:00:00+00:00
[2025-02-28T18:25:19.275+0200] {logging_mixin.py:190} INFO - [2025-02-28T18:25:19.275+0200] {dag.py:4180} INFO - Setting next_dagrun for dataset_with_extra_by_yield to 2025-02-27 00:00:00+00:00, run_after=2025-02-28 00:00:00+00:00
[2025-02-28T18:25:19.275+0200] {logging_mixin.py:190} INFO - [2025-02-28T18:25:19.275+0200] {dag.py:4180} INFO - Setting next_dagrun for dataset_with_extra_from_classic_operator to 2025-02-27 00:00:00+00:00, run_after=2025-02-28 00:00:00+00:00
[2025-02-28T18:25:19.548+0200] {processor.py:208} INFO - Processing /Users/nampham/.pyenv/versions/3.12.9/lib/python3.12/site-packages/airflow/example_dags/example_outlet_event_extra.py took 0.675 seconds
[2025-02-28T18:27:08.206+0200] {processor.py:186} INFO - Started process (PID=93720) to work on /Users/nampham/.pyenv/versions/3.12.9/lib/python3.12/site-packages/airflow/example_dags/example_outlet_event_extra.py
[2025-02-28T18:27:08.211+0200] {processor.py:914} INFO - Processing file /Users/nampham/.pyenv/versions/3.12.9/lib/python3.12/site-packages/airflow/example_dags/example_outlet_event_extra.py for tasks to queue
[2025-02-28T18:27:08.213+0200] {logging_mixin.py:190} INFO - [2025-02-28T18:27:08.213+0200] {dagbag.py:588} INFO - Filling up the DagBag from /Users/nampham/.pyenv/versions/3.12.9/lib/python3.12/site-packages/airflow/example_dags/example_outlet_event_extra.py
[2025-02-28T18:27:08.527+0200] {processor.py:925} INFO - DAG(s) 'dataset_with_extra_by_context', 'dataset_with_extra_from_classic_operator', 'dataset_with_extra_by_yield' retrieved from /Users/nampham/.pyenv/versions/3.12.9/lib/python3.12/site-packages/airflow/example_dags/example_outlet_event_extra.py
[2025-02-28T18:27:08.567+0200] {logging_mixin.py:190} INFO - [2025-02-28T18:27:08.566+0200] {dag.py:3239} INFO - Sync 3 DAGs
[2025-02-28T18:27:08.574+0200] {logging_mixin.py:190} INFO - [2025-02-28T18:27:08.574+0200] {dag.py:4180} INFO - Setting next_dagrun for dataset_with_extra_by_context to 2025-02-27 00:00:00+00:00, run_after=2025-02-28 00:00:00+00:00
[2025-02-28T18:27:08.575+0200] {logging_mixin.py:190} INFO - [2025-02-28T18:27:08.575+0200] {dag.py:4180} INFO - Setting next_dagrun for dataset_with_extra_by_yield to 2025-02-27 00:00:00+00:00, run_after=2025-02-28 00:00:00+00:00
[2025-02-28T18:27:08.576+0200] {logging_mixin.py:190} INFO - [2025-02-28T18:27:08.576+0200] {dag.py:4180} INFO - Setting next_dagrun for dataset_with_extra_from_classic_operator to 2025-02-27 00:00:00+00:00, run_after=2025-02-28 00:00:00+00:00
[2025-02-28T18:27:08.584+0200] {processor.py:208} INFO - Processing /Users/nampham/.pyenv/versions/3.12.9/lib/python3.12/site-packages/airflow/example_dags/example_outlet_event_extra.py took 0.386 seconds
[2025-02-28T18:29:49.457+0200] {processor.py:186} INFO - Started process (PID=94376) to work on /Users/nampham/.pyenv/versions/3.12.9/lib/python3.12/site-packages/airflow/example_dags/example_outlet_event_extra.py
[2025-02-28T18:29:49.458+0200] {processor.py:914} INFO - Processing file /Users/nampham/.pyenv/versions/3.12.9/lib/python3.12/site-packages/airflow/example_dags/example_outlet_event_extra.py for tasks to queue
[2025-02-28T18:29:49.458+0200] {logging_mixin.py:190} INFO - [2025-02-28T18:29:49.458+0200] {dagbag.py:588} INFO - Filling up the DagBag from /Users/nampham/.pyenv/versions/3.12.9/lib/python3.12/site-packages/airflow/example_dags/example_outlet_event_extra.py
[2025-02-28T18:29:49.740+0200] {processor.py:925} INFO - DAG(s) 'dataset_with_extra_from_classic_operator', 'dataset_with_extra_by_yield', 'dataset_with_extra_by_context' retrieved from /Users/nampham/.pyenv/versions/3.12.9/lib/python3.12/site-packages/airflow/example_dags/example_outlet_event_extra.py
[2025-02-28T18:29:49.777+0200] {logging_mixin.py:190} INFO - [2025-02-28T18:29:49.777+0200] {dag.py:3239} INFO - Sync 3 DAGs
[2025-02-28T18:29:49.784+0200] {logging_mixin.py:190} INFO - [2025-02-28T18:29:49.784+0200] {dag.py:4180} INFO - Setting next_dagrun for dataset_with_extra_by_context to 2025-02-27 00:00:00+00:00, run_after=2025-02-28 00:00:00+00:00
[2025-02-28T18:29:49.786+0200] {logging_mixin.py:190} INFO - [2025-02-28T18:29:49.786+0200] {dag.py:4180} INFO - Setting next_dagrun for dataset_with_extra_by_yield to 2025-02-27 00:00:00+00:00, run_after=2025-02-28 00:00:00+00:00
[2025-02-28T18:29:49.787+0200] {logging_mixin.py:190} INFO - [2025-02-28T18:29:49.787+0200] {dag.py:4180} INFO - Setting next_dagrun for dataset_with_extra_from_classic_operator to 2025-02-27 00:00:00+00:00, run_after=2025-02-28 00:00:00+00:00
[2025-02-28T18:29:49.794+0200] {processor.py:208} INFO - Processing /Users/nampham/.pyenv/versions/3.12.9/lib/python3.12/site-packages/airflow/example_dags/example_outlet_event_extra.py took 0.339 seconds
[2025-02-28T20:11:34.708+0200] {processor.py:186} INFO - Started process (PID=97392) to work on /Users/nampham/.pyenv/versions/3.12.9/lib/python3.12/site-packages/airflow/example_dags/example_outlet_event_extra.py
[2025-02-28T20:11:34.709+0200] {processor.py:914} INFO - Processing file /Users/nampham/.pyenv/versions/3.12.9/lib/python3.12/site-packages/airflow/example_dags/example_outlet_event_extra.py for tasks to queue
[2025-02-28T20:11:34.710+0200] {logging_mixin.py:190} INFO - [2025-02-28T20:11:34.710+0200] {dagbag.py:588} INFO - Filling up the DagBag from /Users/nampham/.pyenv/versions/3.12.9/lib/python3.12/site-packages/airflow/example_dags/example_outlet_event_extra.py
[2025-02-28T20:11:34.983+0200] {processor.py:925} INFO - DAG(s) 'dataset_with_extra_by_yield', 'dataset_with_extra_by_context', 'dataset_with_extra_from_classic_operator' retrieved from /Users/nampham/.pyenv/versions/3.12.9/lib/python3.12/site-packages/airflow/example_dags/example_outlet_event_extra.py
[2025-02-28T20:11:35.085+0200] {logging_mixin.py:190} INFO - [2025-02-28T20:11:35.085+0200] {dag.py:3239} INFO - Sync 3 DAGs
[2025-02-28T20:11:35.092+0200] {logging_mixin.py:190} INFO - [2025-02-28T20:11:35.091+0200] {dag.py:4180} INFO - Setting next_dagrun for dataset_with_extra_by_context to 2025-02-27 00:00:00+00:00, run_after=2025-02-28 00:00:00+00:00
[2025-02-28T20:11:35.093+0200] {logging_mixin.py:190} INFO - [2025-02-28T20:11:35.093+0200] {dag.py:4180} INFO - Setting next_dagrun for dataset_with_extra_by_yield to 2025-02-27 00:00:00+00:00, run_after=2025-02-28 00:00:00+00:00
[2025-02-28T20:11:35.093+0200] {logging_mixin.py:190} INFO - [2025-02-28T20:11:35.093+0200] {dag.py:4180} INFO - Setting next_dagrun for dataset_with_extra_from_classic_operator to 2025-02-27 00:00:00+00:00, run_after=2025-02-28 00:00:00+00:00
[2025-02-28T20:11:35.102+0200] {processor.py:208} INFO - Processing /Users/nampham/.pyenv/versions/3.12.9/lib/python3.12/site-packages/airflow/example_dags/example_outlet_event_extra.py took 0.395 seconds
[2025-02-28T20:13:22.786+0200] {processor.py:186} INFO - Started process (PID=98011) to work on /Users/nampham/.pyenv/versions/3.12.9/lib/python3.12/site-packages/airflow/example_dags/example_outlet_event_extra.py
[2025-02-28T20:13:22.787+0200] {processor.py:914} INFO - Processing file /Users/nampham/.pyenv/versions/3.12.9/lib/python3.12/site-packages/airflow/example_dags/example_outlet_event_extra.py for tasks to queue
[2025-02-28T20:13:22.787+0200] {logging_mixin.py:190} INFO - [2025-02-28T20:13:22.787+0200] {dagbag.py:588} INFO - Filling up the DagBag from /Users/nampham/.pyenv/versions/3.12.9/lib/python3.12/site-packages/airflow/example_dags/example_outlet_event_extra.py
[2025-02-28T20:13:23.023+0200] {processor.py:925} INFO - DAG(s) 'dataset_with_extra_by_context', 'dataset_with_extra_from_classic_operator', 'dataset_with_extra_by_yield' retrieved from /Users/nampham/.pyenv/versions/3.12.9/lib/python3.12/site-packages/airflow/example_dags/example_outlet_event_extra.py
[2025-02-28T20:13:23.058+0200] {logging_mixin.py:190} INFO - [2025-02-28T20:13:23.058+0200] {dag.py:3239} INFO - Sync 3 DAGs
[2025-02-28T20:13:23.065+0200] {logging_mixin.py:190} INFO - [2025-02-28T20:13:23.065+0200] {dag.py:4180} INFO - Setting next_dagrun for dataset_with_extra_by_context to 2025-02-27 00:00:00+00:00, run_after=2025-02-28 00:00:00+00:00
[2025-02-28T20:13:23.066+0200] {logging_mixin.py:190} INFO - [2025-02-28T20:13:23.066+0200] {dag.py:4180} INFO - Setting next_dagrun for dataset_with_extra_by_yield to 2025-02-27 00:00:00+00:00, run_after=2025-02-28 00:00:00+00:00
[2025-02-28T20:13:23.067+0200] {logging_mixin.py:190} INFO - [2025-02-28T20:13:23.067+0200] {dag.py:4180} INFO - Setting next_dagrun for dataset_with_extra_from_classic_operator to 2025-02-27 00:00:00+00:00, run_after=2025-02-28 00:00:00+00:00
[2025-02-28T20:13:23.074+0200] {processor.py:208} INFO - Processing /Users/nampham/.pyenv/versions/3.12.9/lib/python3.12/site-packages/airflow/example_dags/example_outlet_event_extra.py took 0.289 seconds
[2025-02-28T20:15:10.818+0200] {processor.py:186} INFO - Started process (PID=98436) to work on /Users/nampham/.pyenv/versions/3.12.9/lib/python3.12/site-packages/airflow/example_dags/example_outlet_event_extra.py
[2025-02-28T20:15:10.819+0200] {processor.py:914} INFO - Processing file /Users/nampham/.pyenv/versions/3.12.9/lib/python3.12/site-packages/airflow/example_dags/example_outlet_event_extra.py for tasks to queue
[2025-02-28T20:15:10.820+0200] {logging_mixin.py:190} INFO - [2025-02-28T20:15:10.820+0200] {dagbag.py:588} INFO - Filling up the DagBag from /Users/nampham/.pyenv/versions/3.12.9/lib/python3.12/site-packages/airflow/example_dags/example_outlet_event_extra.py
[2025-02-28T20:15:11.088+0200] {processor.py:925} INFO - DAG(s) 'dataset_with_extra_by_context', 'dataset_with_extra_from_classic_operator', 'dataset_with_extra_by_yield' retrieved from /Users/nampham/.pyenv/versions/3.12.9/lib/python3.12/site-packages/airflow/example_dags/example_outlet_event_extra.py
[2025-02-28T20:15:11.128+0200] {logging_mixin.py:190} INFO - [2025-02-28T20:15:11.128+0200] {dag.py:3239} INFO - Sync 3 DAGs
[2025-02-28T20:15:11.136+0200] {logging_mixin.py:190} INFO - [2025-02-28T20:15:11.135+0200] {dag.py:4180} INFO - Setting next_dagrun for dataset_with_extra_by_context to 2025-02-27 00:00:00+00:00, run_after=2025-02-28 00:00:00+00:00
[2025-02-28T20:15:11.137+0200] {logging_mixin.py:190} INFO - [2025-02-28T20:15:11.137+0200] {dag.py:4180} INFO - Setting next_dagrun for dataset_with_extra_by_yield to 2025-02-27 00:00:00+00:00, run_after=2025-02-28 00:00:00+00:00
[2025-02-28T20:15:11.140+0200] {logging_mixin.py:190} INFO - [2025-02-28T20:15:11.138+0200] {dag.py:4180} INFO - Setting next_dagrun for dataset_with_extra_from_classic_operator to 2025-02-27 00:00:00+00:00, run_after=2025-02-28 00:00:00+00:00
[2025-02-28T20:15:11.149+0200] {processor.py:208} INFO - Processing /Users/nampham/.pyenv/versions/3.12.9/lib/python3.12/site-packages/airflow/example_dags/example_outlet_event_extra.py took 0.333 seconds
[2025-02-28T20:17:46.951+0200] {processor.py:186} INFO - Started process (PID=99014) to work on /Users/nampham/.pyenv/versions/3.12.9/lib/python3.12/site-packages/airflow/example_dags/example_outlet_event_extra.py
[2025-02-28T20:17:46.953+0200] {processor.py:914} INFO - Processing file /Users/nampham/.pyenv/versions/3.12.9/lib/python3.12/site-packages/airflow/example_dags/example_outlet_event_extra.py for tasks to queue
[2025-02-28T20:17:46.953+0200] {logging_mixin.py:190} INFO - [2025-02-28T20:17:46.953+0200] {dagbag.py:588} INFO - Filling up the DagBag from /Users/nampham/.pyenv/versions/3.12.9/lib/python3.12/site-packages/airflow/example_dags/example_outlet_event_extra.py
[2025-02-28T20:17:47.198+0200] {processor.py:925} INFO - DAG(s) 'dataset_with_extra_by_context', 'dataset_with_extra_by_yield', 'dataset_with_extra_from_classic_operator' retrieved from /Users/nampham/.pyenv/versions/3.12.9/lib/python3.12/site-packages/airflow/example_dags/example_outlet_event_extra.py
[2025-02-28T20:17:47.234+0200] {logging_mixin.py:190} INFO - [2025-02-28T20:17:47.234+0200] {dag.py:3239} INFO - Sync 3 DAGs
[2025-02-28T20:17:47.241+0200] {logging_mixin.py:190} INFO - [2025-02-28T20:17:47.241+0200] {dag.py:4180} INFO - Setting next_dagrun for dataset_with_extra_by_context to 2025-02-27 00:00:00+00:00, run_after=2025-02-28 00:00:00+00:00
[2025-02-28T20:17:47.243+0200] {logging_mixin.py:190} INFO - [2025-02-28T20:17:47.242+0200] {dag.py:4180} INFO - Setting next_dagrun for dataset_with_extra_by_yield to 2025-02-27 00:00:00+00:00, run_after=2025-02-28 00:00:00+00:00
[2025-02-28T20:17:47.243+0200] {logging_mixin.py:190} INFO - [2025-02-28T20:17:47.243+0200] {dag.py:4180} INFO - Setting next_dagrun for dataset_with_extra_from_classic_operator to 2025-02-27 00:00:00+00:00, run_after=2025-02-28 00:00:00+00:00
[2025-02-28T20:17:47.250+0200] {processor.py:208} INFO - Processing /Users/nampham/.pyenv/versions/3.12.9/lib/python3.12/site-packages/airflow/example_dags/example_outlet_event_extra.py took 0.300 seconds
[2025-02-28T20:19:02.597+0200] {processor.py:186} INFO - Started process (PID=99378) to work on /Users/nampham/.pyenv/versions/3.12.9/lib/python3.12/site-packages/airflow/example_dags/example_outlet_event_extra.py
[2025-02-28T20:19:02.598+0200] {processor.py:914} INFO - Processing file /Users/nampham/.pyenv/versions/3.12.9/lib/python3.12/site-packages/airflow/example_dags/example_outlet_event_extra.py for tasks to queue
[2025-02-28T20:19:02.599+0200] {logging_mixin.py:190} INFO - [2025-02-28T20:19:02.598+0200] {dagbag.py:588} INFO - Filling up the DagBag from /Users/nampham/.pyenv/versions/3.12.9/lib/python3.12/site-packages/airflow/example_dags/example_outlet_event_extra.py
[2025-02-28T20:19:02.836+0200] {processor.py:925} INFO - DAG(s) 'dataset_with_extra_by_context', 'dataset_with_extra_from_classic_operator', 'dataset_with_extra_by_yield' retrieved from /Users/nampham/.pyenv/versions/3.12.9/lib/python3.12/site-packages/airflow/example_dags/example_outlet_event_extra.py
[2025-02-28T20:19:02.870+0200] {logging_mixin.py:190} INFO - [2025-02-28T20:19:02.870+0200] {dag.py:3239} INFO - Sync 3 DAGs
[2025-02-28T20:19:02.877+0200] {logging_mixin.py:190} INFO - [2025-02-28T20:19:02.877+0200] {dag.py:4180} INFO - Setting next_dagrun for dataset_with_extra_by_context to 2025-02-27 00:00:00+00:00, run_after=2025-02-28 00:00:00+00:00
[2025-02-28T20:19:02.878+0200] {logging_mixin.py:190} INFO - [2025-02-28T20:19:02.878+0200] {dag.py:4180} INFO - Setting next_dagrun for dataset_with_extra_by_yield to 2025-02-27 00:00:00+00:00, run_after=2025-02-28 00:00:00+00:00
[2025-02-28T20:19:02.879+0200] {logging_mixin.py:190} INFO - [2025-02-28T20:19:02.879+0200] {dag.py:4180} INFO - Setting next_dagrun for dataset_with_extra_from_classic_operator to 2025-02-27 00:00:00+00:00, run_after=2025-02-28 00:00:00+00:00
[2025-02-28T20:19:02.885+0200] {processor.py:208} INFO - Processing /Users/nampham/.pyenv/versions/3.12.9/lib/python3.12/site-packages/airflow/example_dags/example_outlet_event_extra.py took 0.290 seconds
[2025-02-28T20:20:53.223+0200] {processor.py:186} INFO - Started process (PID=99818) to work on /Users/nampham/.pyenv/versions/3.12.9/lib/python3.12/site-packages/airflow/example_dags/example_outlet_event_extra.py
[2025-02-28T20:20:53.224+0200] {processor.py:914} INFO - Processing file /Users/nampham/.pyenv/versions/3.12.9/lib/python3.12/site-packages/airflow/example_dags/example_outlet_event_extra.py for tasks to queue
[2025-02-28T20:20:53.225+0200] {logging_mixin.py:190} INFO - [2025-02-28T20:20:53.225+0200] {dagbag.py:588} INFO - Filling up the DagBag from /Users/nampham/.pyenv/versions/3.12.9/lib/python3.12/site-packages/airflow/example_dags/example_outlet_event_extra.py
[2025-02-28T20:20:53.496+0200] {processor.py:925} INFO - DAG(s) 'dataset_with_extra_by_yield', 'dataset_with_extra_by_context', 'dataset_with_extra_from_classic_operator' retrieved from /Users/nampham/.pyenv/versions/3.12.9/lib/python3.12/site-packages/airflow/example_dags/example_outlet_event_extra.py
[2025-02-28T20:20:53.532+0200] {logging_mixin.py:190} INFO - [2025-02-28T20:20:53.532+0200] {dag.py:3239} INFO - Sync 3 DAGs
[2025-02-28T20:20:53.539+0200] {logging_mixin.py:190} INFO - [2025-02-28T20:20:53.539+0200] {dag.py:4180} INFO - Setting next_dagrun for dataset_with_extra_by_context to 2025-02-27 00:00:00+00:00, run_after=2025-02-28 00:00:00+00:00
[2025-02-28T20:20:53.541+0200] {logging_mixin.py:190} INFO - [2025-02-28T20:20:53.541+0200] {dag.py:4180} INFO - Setting next_dagrun for dataset_with_extra_by_yield to 2025-02-27 00:00:00+00:00, run_after=2025-02-28 00:00:00+00:00
[2025-02-28T20:20:53.541+0200] {logging_mixin.py:190} INFO - [2025-02-28T20:20:53.541+0200] {dag.py:4180} INFO - Setting next_dagrun for dataset_with_extra_from_classic_operator to 2025-02-27 00:00:00+00:00, run_after=2025-02-28 00:00:00+00:00
[2025-02-28T20:20:53.548+0200] {processor.py:208} INFO - Processing /Users/nampham/.pyenv/versions/3.12.9/lib/python3.12/site-packages/airflow/example_dags/example_outlet_event_extra.py took 0.327 seconds
[2025-02-28T20:23:24.236+0200] {processor.py:186} INFO - Started process (PID=521) to work on /Users/nampham/.pyenv/versions/3.12.9/lib/python3.12/site-packages/airflow/example_dags/example_outlet_event_extra.py
[2025-02-28T20:23:24.237+0200] {processor.py:914} INFO - Processing file /Users/nampham/.pyenv/versions/3.12.9/lib/python3.12/site-packages/airflow/example_dags/example_outlet_event_extra.py for tasks to queue
[2025-02-28T20:23:24.238+0200] {logging_mixin.py:190} INFO - [2025-02-28T20:23:24.238+0200] {dagbag.py:588} INFO - Filling up the DagBag from /Users/nampham/.pyenv/versions/3.12.9/lib/python3.12/site-packages/airflow/example_dags/example_outlet_event_extra.py
[2025-02-28T20:23:24.507+0200] {processor.py:925} INFO - DAG(s) 'dataset_with_extra_by_context', 'dataset_with_extra_by_yield', 'dataset_with_extra_from_classic_operator' retrieved from /Users/nampham/.pyenv/versions/3.12.9/lib/python3.12/site-packages/airflow/example_dags/example_outlet_event_extra.py
[2025-02-28T20:23:24.542+0200] {logging_mixin.py:190} INFO - [2025-02-28T20:23:24.542+0200] {dag.py:3239} INFO - Sync 3 DAGs
[2025-02-28T20:23:24.549+0200] {logging_mixin.py:190} INFO - [2025-02-28T20:23:24.549+0200] {dag.py:4180} INFO - Setting next_dagrun for dataset_with_extra_by_context to 2025-02-27 00:00:00+00:00, run_after=2025-02-28 00:00:00+00:00
[2025-02-28T20:23:24.550+0200] {logging_mixin.py:190} INFO - [2025-02-28T20:23:24.550+0200] {dag.py:4180} INFO - Setting next_dagrun for dataset_with_extra_by_yield to 2025-02-27 00:00:00+00:00, run_after=2025-02-28 00:00:00+00:00
[2025-02-28T20:23:24.551+0200] {logging_mixin.py:190} INFO - [2025-02-28T20:23:24.551+0200] {dag.py:4180} INFO - Setting next_dagrun for dataset_with_extra_from_classic_operator to 2025-02-27 00:00:00+00:00, run_after=2025-02-28 00:00:00+00:00
[2025-02-28T20:23:24.557+0200] {processor.py:208} INFO - Processing /Users/nampham/.pyenv/versions/3.12.9/lib/python3.12/site-packages/airflow/example_dags/example_outlet_event_extra.py took 0.323 seconds
[2025-02-28T21:28:15.685+0200] {processor.py:186} INFO - Started process (PID=5611) to work on /Users/nampham/.pyenv/versions/3.12.9/lib/python3.12/site-packages/airflow/example_dags/example_outlet_event_extra.py
[2025-02-28T21:28:15.686+0200] {processor.py:914} INFO - Processing file /Users/nampham/.pyenv/versions/3.12.9/lib/python3.12/site-packages/airflow/example_dags/example_outlet_event_extra.py for tasks to queue
[2025-02-28T21:28:15.687+0200] {logging_mixin.py:190} INFO - [2025-02-28T21:28:15.686+0200] {dagbag.py:588} INFO - Filling up the DagBag from /Users/nampham/.pyenv/versions/3.12.9/lib/python3.12/site-packages/airflow/example_dags/example_outlet_event_extra.py
[2025-02-28T21:28:15.941+0200] {processor.py:925} INFO - DAG(s) 'dataset_with_extra_by_context', 'dataset_with_extra_from_classic_operator', 'dataset_with_extra_by_yield' retrieved from /Users/nampham/.pyenv/versions/3.12.9/lib/python3.12/site-packages/airflow/example_dags/example_outlet_event_extra.py
[2025-02-28T21:28:15.977+0200] {logging_mixin.py:190} INFO - [2025-02-28T21:28:15.977+0200] {dag.py:3239} INFO - Sync 3 DAGs
[2025-02-28T21:28:15.984+0200] {logging_mixin.py:190} INFO - [2025-02-28T21:28:15.984+0200] {dag.py:4180} INFO - Setting next_dagrun for dataset_with_extra_by_context to 2025-02-27 00:00:00+00:00, run_after=2025-02-28 00:00:00+00:00
[2025-02-28T21:28:15.986+0200] {logging_mixin.py:190} INFO - [2025-02-28T21:28:15.986+0200] {dag.py:4180} INFO - Setting next_dagrun for dataset_with_extra_by_yield to 2025-02-27 00:00:00+00:00, run_after=2025-02-28 00:00:00+00:00
[2025-02-28T21:28:15.986+0200] {logging_mixin.py:190} INFO - [2025-02-28T21:28:15.986+0200] {dag.py:4180} INFO - Setting next_dagrun for dataset_with_extra_from_classic_operator to 2025-02-27 00:00:00+00:00, run_after=2025-02-28 00:00:00+00:00
[2025-02-28T21:28:15.994+0200] {processor.py:208} INFO - Processing /Users/nampham/.pyenv/versions/3.12.9/lib/python3.12/site-packages/airflow/example_dags/example_outlet_event_extra.py took 0.311 seconds
[2025-02-28T21:31:01.419+0200] {processor.py:186} INFO - Started process (PID=6261) to work on /Users/nampham/.pyenv/versions/3.12.9/lib/python3.12/site-packages/airflow/example_dags/example_outlet_event_extra.py
[2025-02-28T21:31:01.420+0200] {processor.py:914} INFO - Processing file /Users/nampham/.pyenv/versions/3.12.9/lib/python3.12/site-packages/airflow/example_dags/example_outlet_event_extra.py for tasks to queue
[2025-02-28T21:31:01.420+0200] {logging_mixin.py:190} INFO - [2025-02-28T21:31:01.420+0200] {dagbag.py:588} INFO - Filling up the DagBag from /Users/nampham/.pyenv/versions/3.12.9/lib/python3.12/site-packages/airflow/example_dags/example_outlet_event_extra.py
[2025-02-28T21:31:01.680+0200] {processor.py:925} INFO - DAG(s) 'dataset_with_extra_from_classic_operator', 'dataset_with_extra_by_context', 'dataset_with_extra_by_yield' retrieved from /Users/nampham/.pyenv/versions/3.12.9/lib/python3.12/site-packages/airflow/example_dags/example_outlet_event_extra.py
[2025-02-28T21:31:01.715+0200] {logging_mixin.py:190} INFO - [2025-02-28T21:31:01.715+0200] {dag.py:3239} INFO - Sync 3 DAGs
[2025-02-28T21:31:01.721+0200] {logging_mixin.py:190} INFO - [2025-02-28T21:31:01.721+0200] {dag.py:4180} INFO - Setting next_dagrun for dataset_with_extra_by_context to 2025-02-27 00:00:00+00:00, run_after=2025-02-28 00:00:00+00:00
[2025-02-28T21:31:01.723+0200] {logging_mixin.py:190} INFO - [2025-02-28T21:31:01.723+0200] {dag.py:4180} INFO - Setting next_dagrun for dataset_with_extra_by_yield to 2025-02-27 00:00:00+00:00, run_after=2025-02-28 00:00:00+00:00
[2025-02-28T21:31:01.723+0200] {logging_mixin.py:190} INFO - [2025-02-28T21:31:01.723+0200] {dag.py:4180} INFO - Setting next_dagrun for dataset_with_extra_from_classic_operator to 2025-02-27 00:00:00+00:00, run_after=2025-02-28 00:00:00+00:00
[2025-02-28T21:31:01.730+0200] {processor.py:208} INFO - Processing /Users/nampham/.pyenv/versions/3.12.9/lib/python3.12/site-packages/airflow/example_dags/example_outlet_event_extra.py took 0.312 seconds
[2025-02-28T21:32:49.020+0200] {processor.py:186} INFO - Started process (PID=6825) to work on /Users/nampham/.pyenv/versions/3.12.9/lib/python3.12/site-packages/airflow/example_dags/example_outlet_event_extra.py
[2025-02-28T21:32:49.020+0200] {processor.py:914} INFO - Processing file /Users/nampham/.pyenv/versions/3.12.9/lib/python3.12/site-packages/airflow/example_dags/example_outlet_event_extra.py for tasks to queue
[2025-02-28T21:32:49.021+0200] {logging_mixin.py:190} INFO - [2025-02-28T21:32:49.021+0200] {dagbag.py:588} INFO - Filling up the DagBag from /Users/nampham/.pyenv/versions/3.12.9/lib/python3.12/site-packages/airflow/example_dags/example_outlet_event_extra.py
[2025-02-28T21:32:49.318+0200] {processor.py:925} INFO - DAG(s) 'dataset_with_extra_from_classic_operator', 'dataset_with_extra_by_yield', 'dataset_with_extra_by_context' retrieved from /Users/nampham/.pyenv/versions/3.12.9/lib/python3.12/site-packages/airflow/example_dags/example_outlet_event_extra.py
[2025-02-28T21:32:49.354+0200] {logging_mixin.py:190} INFO - [2025-02-28T21:32:49.354+0200] {dag.py:3239} INFO - Sync 3 DAGs
[2025-02-28T21:32:49.360+0200] {logging_mixin.py:190} INFO - [2025-02-28T21:32:49.360+0200] {dag.py:4180} INFO - Setting next_dagrun for dataset_with_extra_by_context to 2025-02-27 00:00:00+00:00, run_after=2025-02-28 00:00:00+00:00
[2025-02-28T21:32:49.362+0200] {logging_mixin.py:190} INFO - [2025-02-28T21:32:49.362+0200] {dag.py:4180} INFO - Setting next_dagrun for dataset_with_extra_by_yield to 2025-02-27 00:00:00+00:00, run_after=2025-02-28 00:00:00+00:00
[2025-02-28T21:32:49.363+0200] {logging_mixin.py:190} INFO - [2025-02-28T21:32:49.363+0200] {dag.py:4180} INFO - Setting next_dagrun for dataset_with_extra_from_classic_operator to 2025-02-27 00:00:00+00:00, run_after=2025-02-28 00:00:00+00:00
[2025-02-28T21:32:49.369+0200] {processor.py:208} INFO - Processing /Users/nampham/.pyenv/versions/3.12.9/lib/python3.12/site-packages/airflow/example_dags/example_outlet_event_extra.py took 0.351 seconds
[2025-02-28T21:35:25.363+0200] {processor.py:186} INFO - Started process (PID=7481) to work on /Users/nampham/.pyenv/versions/3.12.9/lib/python3.12/site-packages/airflow/example_dags/example_outlet_event_extra.py
[2025-02-28T21:35:25.364+0200] {processor.py:914} INFO - Processing file /Users/nampham/.pyenv/versions/3.12.9/lib/python3.12/site-packages/airflow/example_dags/example_outlet_event_extra.py for tasks to queue
[2025-02-28T21:35:25.364+0200] {logging_mixin.py:190} INFO - [2025-02-28T21:35:25.364+0200] {dagbag.py:588} INFO - Filling up the DagBag from /Users/nampham/.pyenv/versions/3.12.9/lib/python3.12/site-packages/airflow/example_dags/example_outlet_event_extra.py
[2025-02-28T21:35:25.628+0200] {processor.py:925} INFO - DAG(s) 'dataset_with_extra_by_context', 'dataset_with_extra_by_yield', 'dataset_with_extra_from_classic_operator' retrieved from /Users/nampham/.pyenv/versions/3.12.9/lib/python3.12/site-packages/airflow/example_dags/example_outlet_event_extra.py
[2025-02-28T21:35:25.662+0200] {logging_mixin.py:190} INFO - [2025-02-28T21:35:25.662+0200] {dag.py:3239} INFO - Sync 3 DAGs
[2025-02-28T21:35:25.668+0200] {logging_mixin.py:190} INFO - [2025-02-28T21:35:25.668+0200] {dag.py:4180} INFO - Setting next_dagrun for dataset_with_extra_by_context to 2025-02-27 00:00:00+00:00, run_after=2025-02-28 00:00:00+00:00
[2025-02-28T21:35:25.670+0200] {logging_mixin.py:190} INFO - [2025-02-28T21:35:25.670+0200] {dag.py:4180} INFO - Setting next_dagrun for dataset_with_extra_by_yield to 2025-02-27 00:00:00+00:00, run_after=2025-02-28 00:00:00+00:00
[2025-02-28T21:35:25.671+0200] {logging_mixin.py:190} INFO - [2025-02-28T21:35:25.670+0200] {dag.py:4180} INFO - Setting next_dagrun for dataset_with_extra_from_classic_operator to 2025-02-27 00:00:00+00:00, run_after=2025-02-28 00:00:00+00:00
[2025-02-28T21:35:25.677+0200] {processor.py:208} INFO - Processing /Users/nampham/.pyenv/versions/3.12.9/lib/python3.12/site-packages/airflow/example_dags/example_outlet_event_extra.py took 0.316 seconds
[2025-02-28T21:37:23.900+0200] {processor.py:186} INFO - Started process (PID=7979) to work on /Users/nampham/.pyenv/versions/3.12.9/lib/python3.12/site-packages/airflow/example_dags/example_outlet_event_extra.py
[2025-02-28T21:37:23.902+0200] {processor.py:914} INFO - Processing file /Users/nampham/.pyenv/versions/3.12.9/lib/python3.12/site-packages/airflow/example_dags/example_outlet_event_extra.py for tasks to queue
[2025-02-28T21:37:23.902+0200] {logging_mixin.py:190} INFO - [2025-02-28T21:37:23.902+0200] {dagbag.py:588} INFO - Filling up the DagBag from /Users/nampham/.pyenv/versions/3.12.9/lib/python3.12/site-packages/airflow/example_dags/example_outlet_event_extra.py
[2025-02-28T21:37:24.172+0200] {processor.py:925} INFO - DAG(s) 'dataset_with_extra_by_yield', 'dataset_with_extra_from_classic_operator', 'dataset_with_extra_by_context' retrieved from /Users/nampham/.pyenv/versions/3.12.9/lib/python3.12/site-packages/airflow/example_dags/example_outlet_event_extra.py
[2025-02-28T21:37:24.272+0200] {logging_mixin.py:190} INFO - [2025-02-28T21:37:24.271+0200] {override.py:1930} INFO - Created Permission View: can delete on DAG:dataset_with_extra_by_yield
[2025-02-28T21:37:24.275+0200] {logging_mixin.py:190} INFO - [2025-02-28T21:37:24.275+0200] {override.py:1930} INFO - Created Permission View: can read on DAG:dataset_with_extra_by_yield
[2025-02-28T21:37:24.277+0200] {logging_mixin.py:190} INFO - [2025-02-28T21:37:24.277+0200] {override.py:1930} INFO - Created Permission View: can edit on DAG:dataset_with_extra_by_yield
[2025-02-28T21:37:24.279+0200] {logging_mixin.py:190} INFO - [2025-02-28T21:37:24.279+0200] {override.py:1930} INFO - Created Permission View: menu access on DAG Run:dataset_with_extra_by_yield
[2025-02-28T21:37:24.281+0200] {logging_mixin.py:190} INFO - [2025-02-28T21:37:24.281+0200] {override.py:1930} INFO - Created Permission View: can create on DAG Run:dataset_with_extra_by_yield
[2025-02-28T21:37:24.283+0200] {logging_mixin.py:190} INFO - [2025-02-28T21:37:24.283+0200] {override.py:1930} INFO - Created Permission View: can read on DAG Run:dataset_with_extra_by_yield
[2025-02-28T21:37:24.284+0200] {logging_mixin.py:190} INFO - [2025-02-28T21:37:24.284+0200] {override.py:1930} INFO - Created Permission View: can delete on DAG Run:dataset_with_extra_by_yield
[2025-02-28T21:37:24.289+0200] {logging_mixin.py:190} INFO - [2025-02-28T21:37:24.288+0200] {override.py:1930} INFO - Created Permission View: can delete on DAG:dataset_with_extra_from_classic_operator
[2025-02-28T21:37:24.290+0200] {logging_mixin.py:190} INFO - [2025-02-28T21:37:24.290+0200] {override.py:1930} INFO - Created Permission View: can read on DAG:dataset_with_extra_from_classic_operator
[2025-02-28T21:37:24.292+0200] {logging_mixin.py:190} INFO - [2025-02-28T21:37:24.292+0200] {override.py:1930} INFO - Created Permission View: can edit on DAG:dataset_with_extra_from_classic_operator
[2025-02-28T21:37:24.294+0200] {logging_mixin.py:190} INFO - [2025-02-28T21:37:24.294+0200] {override.py:1930} INFO - Created Permission View: menu access on DAG Run:dataset_with_extra_from_classic_operator
[2025-02-28T21:37:24.296+0200] {logging_mixin.py:190} INFO - [2025-02-28T21:37:24.296+0200] {override.py:1930} INFO - Created Permission View: can create on DAG Run:dataset_with_extra_from_classic_operator
[2025-02-28T21:37:24.298+0200] {logging_mixin.py:190} INFO - [2025-02-28T21:37:24.298+0200] {override.py:1930} INFO - Created Permission View: can read on DAG Run:dataset_with_extra_from_classic_operator
[2025-02-28T21:37:24.300+0200] {logging_mixin.py:190} INFO - [2025-02-28T21:37:24.299+0200] {override.py:1930} INFO - Created Permission View: can delete on DAG Run:dataset_with_extra_from_classic_operator
[2025-02-28T21:37:24.303+0200] {logging_mixin.py:190} INFO - [2025-02-28T21:37:24.303+0200] {override.py:1930} INFO - Created Permission View: can delete on DAG:dataset_with_extra_by_context
[2025-02-28T21:37:24.305+0200] {logging_mixin.py:190} INFO - [2025-02-28T21:37:24.305+0200] {override.py:1930} INFO - Created Permission View: can read on DAG:dataset_with_extra_by_context
[2025-02-28T21:37:24.307+0200] {logging_mixin.py:190} INFO - [2025-02-28T21:37:24.307+0200] {override.py:1930} INFO - Created Permission View: can edit on DAG:dataset_with_extra_by_context
[2025-02-28T21:37:24.309+0200] {logging_mixin.py:190} INFO - [2025-02-28T21:37:24.309+0200] {override.py:1930} INFO - Created Permission View: menu access on DAG Run:dataset_with_extra_by_context
[2025-02-28T21:37:24.311+0200] {logging_mixin.py:190} INFO - [2025-02-28T21:37:24.311+0200] {override.py:1930} INFO - Created Permission View: can create on DAG Run:dataset_with_extra_by_context
[2025-02-28T21:37:24.312+0200] {logging_mixin.py:190} INFO - [2025-02-28T21:37:24.312+0200] {override.py:1930} INFO - Created Permission View: can read on DAG Run:dataset_with_extra_by_context
[2025-02-28T21:37:24.314+0200] {logging_mixin.py:190} INFO - [2025-02-28T21:37:24.314+0200] {override.py:1930} INFO - Created Permission View: can delete on DAG Run:dataset_with_extra_by_context
[2025-02-28T21:37:24.314+0200] {logging_mixin.py:190} INFO - [2025-02-28T21:37:24.314+0200] {dag.py:3239} INFO - Sync 3 DAGs
[2025-02-28T21:37:24.318+0200] {logging_mixin.py:190} INFO - [2025-02-28T21:37:24.318+0200] {dag.py:3262} INFO - Creating ORM DAG for dataset_with_extra_from_classic_operator
[2025-02-28T21:37:24.318+0200] {logging_mixin.py:190} INFO - [2025-02-28T21:37:24.318+0200] {dag.py:3262} INFO - Creating ORM DAG for dataset_with_extra_by_yield
[2025-02-28T21:37:24.319+0200] {logging_mixin.py:190} INFO - [2025-02-28T21:37:24.319+0200] {dag.py:3262} INFO - Creating ORM DAG for dataset_with_extra_by_context
[2025-02-28T21:37:24.322+0200] {logging_mixin.py:190} INFO - [2025-02-28T21:37:24.322+0200] {dag.py:4180} INFO - Setting next_dagrun for dataset_with_extra_by_context to 2025-02-27 00:00:00+00:00, run_after=2025-02-28 00:00:00+00:00
[2025-02-28T21:37:24.323+0200] {logging_mixin.py:190} INFO - [2025-02-28T21:37:24.323+0200] {dag.py:4180} INFO - Setting next_dagrun for dataset_with_extra_by_yield to 2025-02-27 00:00:00+00:00, run_after=2025-02-28 00:00:00+00:00
[2025-02-28T21:37:24.323+0200] {logging_mixin.py:190} INFO - [2025-02-28T21:37:24.323+0200] {dag.py:4180} INFO - Setting next_dagrun for dataset_with_extra_from_classic_operator to 2025-02-27 00:00:00+00:00, run_after=2025-02-28 00:00:00+00:00
[2025-02-28T21:37:24.595+0200] {processor.py:208} INFO - Processing /Users/nampham/.pyenv/versions/3.12.9/lib/python3.12/site-packages/airflow/example_dags/example_outlet_event_extra.py took 0.696 seconds
[2025-02-28T21:39:14.301+0200] {processor.py:186} INFO - Started process (PID=8401) to work on /Users/nampham/.pyenv/versions/3.12.9/lib/python3.12/site-packages/airflow/example_dags/example_outlet_event_extra.py
[2025-02-28T21:39:14.303+0200] {processor.py:914} INFO - Processing file /Users/nampham/.pyenv/versions/3.12.9/lib/python3.12/site-packages/airflow/example_dags/example_outlet_event_extra.py for tasks to queue
[2025-02-28T21:39:14.303+0200] {logging_mixin.py:190} INFO - [2025-02-28T21:39:14.303+0200] {dagbag.py:588} INFO - Filling up the DagBag from /Users/nampham/.pyenv/versions/3.12.9/lib/python3.12/site-packages/airflow/example_dags/example_outlet_event_extra.py
[2025-02-28T21:39:14.565+0200] {processor.py:925} INFO - DAG(s) 'dataset_with_extra_by_yield', 'dataset_with_extra_by_context', 'dataset_with_extra_from_classic_operator' retrieved from /Users/nampham/.pyenv/versions/3.12.9/lib/python3.12/site-packages/airflow/example_dags/example_outlet_event_extra.py
[2025-02-28T21:39:14.600+0200] {logging_mixin.py:190} INFO - [2025-02-28T21:39:14.600+0200] {dag.py:3239} INFO - Sync 3 DAGs
[2025-02-28T21:39:14.606+0200] {logging_mixin.py:190} INFO - [2025-02-28T21:39:14.606+0200] {dag.py:4180} INFO - Setting next_dagrun for dataset_with_extra_by_context to 2025-02-27 00:00:00+00:00, run_after=2025-02-28 00:00:00+00:00
[2025-02-28T21:39:14.608+0200] {logging_mixin.py:190} INFO - [2025-02-28T21:39:14.608+0200] {dag.py:4180} INFO - Setting next_dagrun for dataset_with_extra_by_yield to 2025-02-27 00:00:00+00:00, run_after=2025-02-28 00:00:00+00:00
[2025-02-28T21:39:14.609+0200] {logging_mixin.py:190} INFO - [2025-02-28T21:39:14.609+0200] {dag.py:4180} INFO - Setting next_dagrun for dataset_with_extra_from_classic_operator to 2025-02-27 00:00:00+00:00, run_after=2025-02-28 00:00:00+00:00
[2025-02-28T21:39:14.615+0200] {processor.py:208} INFO - Processing /Users/nampham/.pyenv/versions/3.12.9/lib/python3.12/site-packages/airflow/example_dags/example_outlet_event_extra.py took 0.315 seconds
[2025-02-28T21:43:59.059+0200] {processor.py:186} INFO - Started process (PID=9676) to work on /Users/nampham/.pyenv/versions/3.12.9/lib/python3.12/site-packages/airflow/example_dags/example_outlet_event_extra.py
[2025-02-28T21:43:59.060+0200] {processor.py:914} INFO - Processing file /Users/nampham/.pyenv/versions/3.12.9/lib/python3.12/site-packages/airflow/example_dags/example_outlet_event_extra.py for tasks to queue
[2025-02-28T21:43:59.060+0200] {logging_mixin.py:190} INFO - [2025-02-28T21:43:59.060+0200] {dagbag.py:588} INFO - Filling up the DagBag from /Users/nampham/.pyenv/versions/3.12.9/lib/python3.12/site-packages/airflow/example_dags/example_outlet_event_extra.py
[2025-02-28T21:43:59.328+0200] {processor.py:925} INFO - DAG(s) 'dataset_with_extra_from_classic_operator', 'dataset_with_extra_by_yield', 'dataset_with_extra_by_context' retrieved from /Users/nampham/.pyenv/versions/3.12.9/lib/python3.12/site-packages/airflow/example_dags/example_outlet_event_extra.py
[2025-02-28T21:43:59.424+0200] {logging_mixin.py:190} INFO - [2025-02-28T21:43:59.424+0200] {override.py:1930} INFO - Created Permission View: can read on DAG:dataset_with_extra_from_classic_operator
[2025-02-28T21:43:59.427+0200] {logging_mixin.py:190} INFO - [2025-02-28T21:43:59.427+0200] {override.py:1930} INFO - Created Permission View: can delete on DAG:dataset_with_extra_from_classic_operator
[2025-02-28T21:43:59.429+0200] {logging_mixin.py:190} INFO - [2025-02-28T21:43:59.429+0200] {override.py:1930} INFO - Created Permission View: can edit on DAG:dataset_with_extra_from_classic_operator
[2025-02-28T21:43:59.431+0200] {logging_mixin.py:190} INFO - [2025-02-28T21:43:59.431+0200] {override.py:1930} INFO - Created Permission View: can read on DAG Run:dataset_with_extra_from_classic_operator
[2025-02-28T21:43:59.433+0200] {logging_mixin.py:190} INFO - [2025-02-28T21:43:59.433+0200] {override.py:1930} INFO - Created Permission View: menu access on DAG Run:dataset_with_extra_from_classic_operator
[2025-02-28T21:43:59.435+0200] {logging_mixin.py:190} INFO - [2025-02-28T21:43:59.435+0200] {override.py:1930} INFO - Created Permission View: can delete on DAG Run:dataset_with_extra_from_classic_operator
[2025-02-28T21:43:59.437+0200] {logging_mixin.py:190} INFO - [2025-02-28T21:43:59.437+0200] {override.py:1930} INFO - Created Permission View: can create on DAG Run:dataset_with_extra_from_classic_operator
[2025-02-28T21:43:59.441+0200] {logging_mixin.py:190} INFO - [2025-02-28T21:43:59.441+0200] {override.py:1930} INFO - Created Permission View: can read on DAG:dataset_with_extra_by_yield
[2025-02-28T21:43:59.443+0200] {logging_mixin.py:190} INFO - [2025-02-28T21:43:59.443+0200] {override.py:1930} INFO - Created Permission View: can delete on DAG:dataset_with_extra_by_yield
[2025-02-28T21:43:59.444+0200] {logging_mixin.py:190} INFO - [2025-02-28T21:43:59.444+0200] {override.py:1930} INFO - Created Permission View: can edit on DAG:dataset_with_extra_by_yield
[2025-02-28T21:43:59.447+0200] {logging_mixin.py:190} INFO - [2025-02-28T21:43:59.447+0200] {override.py:1930} INFO - Created Permission View: can read on DAG Run:dataset_with_extra_by_yield
[2025-02-28T21:43:59.448+0200] {logging_mixin.py:190} INFO - [2025-02-28T21:43:59.448+0200] {override.py:1930} INFO - Created Permission View: menu access on DAG Run:dataset_with_extra_by_yield
[2025-02-28T21:43:59.451+0200] {logging_mixin.py:190} INFO - [2025-02-28T21:43:59.451+0200] {override.py:1930} INFO - Created Permission View: can delete on DAG Run:dataset_with_extra_by_yield
[2025-02-28T21:43:59.453+0200] {logging_mixin.py:190} INFO - [2025-02-28T21:43:59.453+0200] {override.py:1930} INFO - Created Permission View: can create on DAG Run:dataset_with_extra_by_yield
[2025-02-28T21:43:59.457+0200] {logging_mixin.py:190} INFO - [2025-02-28T21:43:59.457+0200] {override.py:1930} INFO - Created Permission View: can read on DAG:dataset_with_extra_by_context
[2025-02-28T21:43:59.459+0200] {logging_mixin.py:190} INFO - [2025-02-28T21:43:59.459+0200] {override.py:1930} INFO - Created Permission View: can delete on DAG:dataset_with_extra_by_context
[2025-02-28T21:43:59.461+0200] {logging_mixin.py:190} INFO - [2025-02-28T21:43:59.461+0200] {override.py:1930} INFO - Created Permission View: can edit on DAG:dataset_with_extra_by_context
[2025-02-28T21:43:59.464+0200] {logging_mixin.py:190} INFO - [2025-02-28T21:43:59.464+0200] {override.py:1930} INFO - Created Permission View: can read on DAG Run:dataset_with_extra_by_context
[2025-02-28T21:43:59.465+0200] {logging_mixin.py:190} INFO - [2025-02-28T21:43:59.465+0200] {override.py:1930} INFO - Created Permission View: menu access on DAG Run:dataset_with_extra_by_context
[2025-02-28T21:43:59.467+0200] {logging_mixin.py:190} INFO - [2025-02-28T21:43:59.467+0200] {override.py:1930} INFO - Created Permission View: can delete on DAG Run:dataset_with_extra_by_context
[2025-02-28T21:43:59.469+0200] {logging_mixin.py:190} INFO - [2025-02-28T21:43:59.469+0200] {override.py:1930} INFO - Created Permission View: can create on DAG Run:dataset_with_extra_by_context
[2025-02-28T21:43:59.469+0200] {logging_mixin.py:190} INFO - [2025-02-28T21:43:59.469+0200] {dag.py:3239} INFO - Sync 3 DAGs
[2025-02-28T21:43:59.473+0200] {logging_mixin.py:190} INFO - [2025-02-28T21:43:59.473+0200] {dag.py:3262} INFO - Creating ORM DAG for dataset_with_extra_by_yield
[2025-02-28T21:43:59.473+0200] {logging_mixin.py:190} INFO - [2025-02-28T21:43:59.473+0200] {dag.py:3262} INFO - Creating ORM DAG for dataset_with_extra_from_classic_operator
[2025-02-28T21:43:59.474+0200] {logging_mixin.py:190} INFO - [2025-02-28T21:43:59.474+0200] {dag.py:3262} INFO - Creating ORM DAG for dataset_with_extra_by_context
[2025-02-28T21:43:59.478+0200] {logging_mixin.py:190} INFO - [2025-02-28T21:43:59.477+0200] {dag.py:4180} INFO - Setting next_dagrun for dataset_with_extra_by_context to 2025-02-27 00:00:00+00:00, run_after=2025-02-28 00:00:00+00:00
[2025-02-28T21:43:59.478+0200] {logging_mixin.py:190} INFO - [2025-02-28T21:43:59.478+0200] {dag.py:4180} INFO - Setting next_dagrun for dataset_with_extra_by_yield to 2025-02-27 00:00:00+00:00, run_after=2025-02-28 00:00:00+00:00
[2025-02-28T21:43:59.479+0200] {logging_mixin.py:190} INFO - [2025-02-28T21:43:59.479+0200] {dag.py:4180} INFO - Setting next_dagrun for dataset_with_extra_from_classic_operator to 2025-02-27 00:00:00+00:00, run_after=2025-02-28 00:00:00+00:00
[2025-02-28T21:43:59.810+0200] {processor.py:208} INFO - Processing /Users/nampham/.pyenv/versions/3.12.9/lib/python3.12/site-packages/airflow/example_dags/example_outlet_event_extra.py took 0.752 seconds
[2025-02-28T22:28:16.705+0200] {processor.py:186} INFO - Started process (PID=18190) to work on /Users/nampham/.pyenv/versions/3.12.9/lib/python3.12/site-packages/airflow/example_dags/example_outlet_event_extra.py
[2025-02-28T22:28:16.706+0200] {processor.py:914} INFO - Processing file /Users/nampham/.pyenv/versions/3.12.9/lib/python3.12/site-packages/airflow/example_dags/example_outlet_event_extra.py for tasks to queue
[2025-02-28T22:28:16.707+0200] {logging_mixin.py:190} INFO - [2025-02-28T22:28:16.706+0200] {dagbag.py:588} INFO - Filling up the DagBag from /Users/nampham/.pyenv/versions/3.12.9/lib/python3.12/site-packages/airflow/example_dags/example_outlet_event_extra.py
[2025-02-28T22:28:16.968+0200] {processor.py:925} INFO - DAG(s) 'dataset_with_extra_by_yield', 'dataset_with_extra_by_context', 'dataset_with_extra_from_classic_operator' retrieved from /Users/nampham/.pyenv/versions/3.12.9/lib/python3.12/site-packages/airflow/example_dags/example_outlet_event_extra.py
[2025-02-28T22:28:17.064+0200] {logging_mixin.py:190} INFO - [2025-02-28T22:28:17.064+0200] {override.py:1930} INFO - Created Permission View: can delete on DAG:dataset_with_extra_by_yield
[2025-02-28T22:28:17.067+0200] {logging_mixin.py:190} INFO - [2025-02-28T22:28:17.067+0200] {override.py:1930} INFO - Created Permission View: can read on DAG:dataset_with_extra_by_yield
[2025-02-28T22:28:17.069+0200] {logging_mixin.py:190} INFO - [2025-02-28T22:28:17.069+0200] {override.py:1930} INFO - Created Permission View: can edit on DAG:dataset_with_extra_by_yield
[2025-02-28T22:28:17.071+0200] {logging_mixin.py:190} INFO - [2025-02-28T22:28:17.071+0200] {override.py:1930} INFO - Created Permission View: can create on DAG Run:dataset_with_extra_by_yield
[2025-02-28T22:28:17.073+0200] {logging_mixin.py:190} INFO - [2025-02-28T22:28:17.073+0200] {override.py:1930} INFO - Created Permission View: menu access on DAG Run:dataset_with_extra_by_yield
[2025-02-28T22:28:17.075+0200] {logging_mixin.py:190} INFO - [2025-02-28T22:28:17.075+0200] {override.py:1930} INFO - Created Permission View: can delete on DAG Run:dataset_with_extra_by_yield
[2025-02-28T22:28:17.076+0200] {logging_mixin.py:190} INFO - [2025-02-28T22:28:17.076+0200] {override.py:1930} INFO - Created Permission View: can read on DAG Run:dataset_with_extra_by_yield
[2025-02-28T22:28:17.080+0200] {logging_mixin.py:190} INFO - [2025-02-28T22:28:17.080+0200] {override.py:1930} INFO - Created Permission View: can delete on DAG:dataset_with_extra_by_context
[2025-02-28T22:28:17.082+0200] {logging_mixin.py:190} INFO - [2025-02-28T22:28:17.082+0200] {override.py:1930} INFO - Created Permission View: can read on DAG:dataset_with_extra_by_context
[2025-02-28T22:28:17.083+0200] {logging_mixin.py:190} INFO - [2025-02-28T22:28:17.083+0200] {override.py:1930} INFO - Created Permission View: can edit on DAG:dataset_with_extra_by_context
[2025-02-28T22:28:17.086+0200] {logging_mixin.py:190} INFO - [2025-02-28T22:28:17.086+0200] {override.py:1930} INFO - Created Permission View: can create on DAG Run:dataset_with_extra_by_context
[2025-02-28T22:28:17.087+0200] {logging_mixin.py:190} INFO - [2025-02-28T22:28:17.087+0200] {override.py:1930} INFO - Created Permission View: menu access on DAG Run:dataset_with_extra_by_context
[2025-02-28T22:28:17.089+0200] {logging_mixin.py:190} INFO - [2025-02-28T22:28:17.089+0200] {override.py:1930} INFO - Created Permission View: can delete on DAG Run:dataset_with_extra_by_context
[2025-02-28T22:28:17.091+0200] {logging_mixin.py:190} INFO - [2025-02-28T22:28:17.091+0200] {override.py:1930} INFO - Created Permission View: can read on DAG Run:dataset_with_extra_by_context
[2025-02-28T22:28:17.095+0200] {logging_mixin.py:190} INFO - [2025-02-28T22:28:17.095+0200] {override.py:1930} INFO - Created Permission View: can delete on DAG:dataset_with_extra_from_classic_operator
[2025-02-28T22:28:17.096+0200] {logging_mixin.py:190} INFO - [2025-02-28T22:28:17.096+0200] {override.py:1930} INFO - Created Permission View: can read on DAG:dataset_with_extra_from_classic_operator
[2025-02-28T22:28:17.098+0200] {logging_mixin.py:190} INFO - [2025-02-28T22:28:17.098+0200] {override.py:1930} INFO - Created Permission View: can edit on DAG:dataset_with_extra_from_classic_operator
[2025-02-28T22:28:17.100+0200] {logging_mixin.py:190} INFO - [2025-02-28T22:28:17.100+0200] {override.py:1930} INFO - Created Permission View: can create on DAG Run:dataset_with_extra_from_classic_operator
[2025-02-28T22:28:17.102+0200] {logging_mixin.py:190} INFO - [2025-02-28T22:28:17.102+0200] {override.py:1930} INFO - Created Permission View: menu access on DAG Run:dataset_with_extra_from_classic_operator
[2025-02-28T22:28:17.104+0200] {logging_mixin.py:190} INFO - [2025-02-28T22:28:17.104+0200] {override.py:1930} INFO - Created Permission View: can delete on DAG Run:dataset_with_extra_from_classic_operator
[2025-02-28T22:28:17.106+0200] {logging_mixin.py:190} INFO - [2025-02-28T22:28:17.105+0200] {override.py:1930} INFO - Created Permission View: can read on DAG Run:dataset_with_extra_from_classic_operator
[2025-02-28T22:28:17.106+0200] {logging_mixin.py:190} INFO - [2025-02-28T22:28:17.106+0200] {dag.py:3239} INFO - Sync 3 DAGs
[2025-02-28T22:28:17.109+0200] {logging_mixin.py:190} INFO - [2025-02-28T22:28:17.109+0200] {dag.py:3262} INFO - Creating ORM DAG for dataset_with_extra_by_yield
[2025-02-28T22:28:17.110+0200] {logging_mixin.py:190} INFO - [2025-02-28T22:28:17.110+0200] {dag.py:3262} INFO - Creating ORM DAG for dataset_with_extra_from_classic_operator
[2025-02-28T22:28:17.110+0200] {logging_mixin.py:190} INFO - [2025-02-28T22:28:17.110+0200] {dag.py:3262} INFO - Creating ORM DAG for dataset_with_extra_by_context
[2025-02-28T22:28:17.113+0200] {logging_mixin.py:190} INFO - [2025-02-28T22:28:17.113+0200] {dag.py:4180} INFO - Setting next_dagrun for dataset_with_extra_by_context to 2025-02-27 00:00:00+00:00, run_after=2025-02-28 00:00:00+00:00
[2025-02-28T22:28:17.114+0200] {logging_mixin.py:190} INFO - [2025-02-28T22:28:17.114+0200] {dag.py:4180} INFO - Setting next_dagrun for dataset_with_extra_by_yield to 2025-02-27 00:00:00+00:00, run_after=2025-02-28 00:00:00+00:00
[2025-02-28T22:28:17.114+0200] {logging_mixin.py:190} INFO - [2025-02-28T22:28:17.114+0200] {dag.py:4180} INFO - Setting next_dagrun for dataset_with_extra_from_classic_operator to 2025-02-27 00:00:00+00:00, run_after=2025-02-28 00:00:00+00:00
[2025-02-28T22:28:17.372+0200] {processor.py:208} INFO - Processing /Users/nampham/.pyenv/versions/3.12.9/lib/python3.12/site-packages/airflow/example_dags/example_outlet_event_extra.py took 0.668 seconds
[2025-02-28T22:36:20.603+0200] {processor.py:186} INFO - Started process (PID=19846) to work on /Users/nampham/.pyenv/versions/3.12.9/lib/python3.12/site-packages/airflow/example_dags/example_outlet_event_extra.py
[2025-02-28T22:36:20.604+0200] {processor.py:914} INFO - Processing file /Users/nampham/.pyenv/versions/3.12.9/lib/python3.12/site-packages/airflow/example_dags/example_outlet_event_extra.py for tasks to queue
[2025-02-28T22:36:20.604+0200] {logging_mixin.py:190} INFO - [2025-02-28T22:36:20.604+0200] {dagbag.py:588} INFO - Filling up the DagBag from /Users/nampham/.pyenv/versions/3.12.9/lib/python3.12/site-packages/airflow/example_dags/example_outlet_event_extra.py
[2025-02-28T22:36:20.864+0200] {processor.py:925} INFO - DAG(s) 'dataset_with_extra_from_classic_operator', 'dataset_with_extra_by_context', 'dataset_with_extra_by_yield' retrieved from /Users/nampham/.pyenv/versions/3.12.9/lib/python3.12/site-packages/airflow/example_dags/example_outlet_event_extra.py
[2025-02-28T22:36:20.957+0200] {logging_mixin.py:190} INFO - [2025-02-28T22:36:20.957+0200] {override.py:1930} INFO - Created Permission View: can edit on DAG:dataset_with_extra_from_classic_operator
[2025-02-28T22:36:20.960+0200] {logging_mixin.py:190} INFO - [2025-02-28T22:36:20.960+0200] {override.py:1930} INFO - Created Permission View: can delete on DAG:dataset_with_extra_from_classic_operator
[2025-02-28T22:36:20.962+0200] {logging_mixin.py:190} INFO - [2025-02-28T22:36:20.962+0200] {override.py:1930} INFO - Created Permission View: can read on DAG:dataset_with_extra_from_classic_operator
[2025-02-28T22:36:20.964+0200] {logging_mixin.py:190} INFO - [2025-02-28T22:36:20.964+0200] {override.py:1930} INFO - Created Permission View: can create on DAG Run:dataset_with_extra_from_classic_operator
[2025-02-28T22:36:20.966+0200] {logging_mixin.py:190} INFO - [2025-02-28T22:36:20.966+0200] {override.py:1930} INFO - Created Permission View: menu access on DAG Run:dataset_with_extra_from_classic_operator
[2025-02-28T22:36:20.968+0200] {logging_mixin.py:190} INFO - [2025-02-28T22:36:20.968+0200] {override.py:1930} INFO - Created Permission View: can delete on DAG Run:dataset_with_extra_from_classic_operator
[2025-02-28T22:36:20.969+0200] {logging_mixin.py:190} INFO - [2025-02-28T22:36:20.969+0200] {override.py:1930} INFO - Created Permission View: can read on DAG Run:dataset_with_extra_from_classic_operator
[2025-02-28T22:36:20.973+0200] {logging_mixin.py:190} INFO - [2025-02-28T22:36:20.973+0200] {override.py:1930} INFO - Created Permission View: can edit on DAG:dataset_with_extra_by_context
[2025-02-28T22:36:20.975+0200] {logging_mixin.py:190} INFO - [2025-02-28T22:36:20.975+0200] {override.py:1930} INFO - Created Permission View: can delete on DAG:dataset_with_extra_by_context
[2025-02-28T22:36:20.976+0200] {logging_mixin.py:190} INFO - [2025-02-28T22:36:20.976+0200] {override.py:1930} INFO - Created Permission View: can read on DAG:dataset_with_extra_by_context
[2025-02-28T22:36:20.979+0200] {logging_mixin.py:190} INFO - [2025-02-28T22:36:20.978+0200] {override.py:1930} INFO - Created Permission View: can create on DAG Run:dataset_with_extra_by_context
[2025-02-28T22:36:20.980+0200] {logging_mixin.py:190} INFO - [2025-02-28T22:36:20.980+0200] {override.py:1930} INFO - Created Permission View: menu access on DAG Run:dataset_with_extra_by_context
[2025-02-28T22:36:20.982+0200] {logging_mixin.py:190} INFO - [2025-02-28T22:36:20.982+0200] {override.py:1930} INFO - Created Permission View: can delete on DAG Run:dataset_with_extra_by_context
[2025-02-28T22:36:20.984+0200] {logging_mixin.py:190} INFO - [2025-02-28T22:36:20.984+0200] {override.py:1930} INFO - Created Permission View: can read on DAG Run:dataset_with_extra_by_context
[2025-02-28T22:36:20.987+0200] {logging_mixin.py:190} INFO - [2025-02-28T22:36:20.987+0200] {override.py:1930} INFO - Created Permission View: can edit on DAG:dataset_with_extra_by_yield
[2025-02-28T22:36:20.989+0200] {logging_mixin.py:190} INFO - [2025-02-28T22:36:20.989+0200] {override.py:1930} INFO - Created Permission View: can delete on DAG:dataset_with_extra_by_yield
[2025-02-28T22:36:20.991+0200] {logging_mixin.py:190} INFO - [2025-02-28T22:36:20.991+0200] {override.py:1930} INFO - Created Permission View: can read on DAG:dataset_with_extra_by_yield
[2025-02-28T22:36:20.993+0200] {logging_mixin.py:190} INFO - [2025-02-28T22:36:20.993+0200] {override.py:1930} INFO - Created Permission View: can create on DAG Run:dataset_with_extra_by_yield
[2025-02-28T22:36:20.994+0200] {logging_mixin.py:190} INFO - [2025-02-28T22:36:20.994+0200] {override.py:1930} INFO - Created Permission View: menu access on DAG Run:dataset_with_extra_by_yield
[2025-02-28T22:36:20.996+0200] {logging_mixin.py:190} INFO - [2025-02-28T22:36:20.996+0200] {override.py:1930} INFO - Created Permission View: can delete on DAG Run:dataset_with_extra_by_yield
[2025-02-28T22:36:20.998+0200] {logging_mixin.py:190} INFO - [2025-02-28T22:36:20.998+0200] {override.py:1930} INFO - Created Permission View: can read on DAG Run:dataset_with_extra_by_yield
[2025-02-28T22:36:20.998+0200] {logging_mixin.py:190} INFO - [2025-02-28T22:36:20.998+0200] {dag.py:3239} INFO - Sync 3 DAGs
[2025-02-28T22:36:21.002+0200] {logging_mixin.py:190} INFO - [2025-02-28T22:36:21.002+0200] {dag.py:3262} INFO - Creating ORM DAG for dataset_with_extra_from_classic_operator
[2025-02-28T22:36:21.002+0200] {logging_mixin.py:190} INFO - [2025-02-28T22:36:21.002+0200] {dag.py:3262} INFO - Creating ORM DAG for dataset_with_extra_by_context
[2025-02-28T22:36:21.002+0200] {logging_mixin.py:190} INFO - [2025-02-28T22:36:21.002+0200] {dag.py:3262} INFO - Creating ORM DAG for dataset_with_extra_by_yield
[2025-02-28T22:36:21.006+0200] {logging_mixin.py:190} INFO - [2025-02-28T22:36:21.005+0200] {dag.py:4180} INFO - Setting next_dagrun for dataset_with_extra_by_context to 2025-02-27 00:00:00+00:00, run_after=2025-02-28 00:00:00+00:00
[2025-02-28T22:36:21.006+0200] {logging_mixin.py:190} INFO - [2025-02-28T22:36:21.006+0200] {dag.py:4180} INFO - Setting next_dagrun for dataset_with_extra_by_yield to 2025-02-27 00:00:00+00:00, run_after=2025-02-28 00:00:00+00:00
[2025-02-28T22:36:21.007+0200] {logging_mixin.py:190} INFO - [2025-02-28T22:36:21.007+0200] {dag.py:4180} INFO - Setting next_dagrun for dataset_with_extra_from_classic_operator to 2025-02-27 00:00:00+00:00, run_after=2025-02-28 00:00:00+00:00
[2025-02-28T22:36:21.242+0200] {processor.py:208} INFO - Processing /Users/nampham/.pyenv/versions/3.12.9/lib/python3.12/site-packages/airflow/example_dags/example_outlet_event_extra.py took 0.641 seconds
[2025-02-28T22:38:35.548+0200] {processor.py:186} INFO - Started process (PID=20338) to work on /Users/nampham/.pyenv/versions/3.12.9/lib/python3.12/site-packages/airflow/example_dags/example_outlet_event_extra.py
[2025-02-28T22:38:35.550+0200] {processor.py:914} INFO - Processing file /Users/nampham/.pyenv/versions/3.12.9/lib/python3.12/site-packages/airflow/example_dags/example_outlet_event_extra.py for tasks to queue
[2025-02-28T22:38:35.550+0200] {logging_mixin.py:190} INFO - [2025-02-28T22:38:35.550+0200] {dagbag.py:588} INFO - Filling up the DagBag from /Users/nampham/.pyenv/versions/3.12.9/lib/python3.12/site-packages/airflow/example_dags/example_outlet_event_extra.py
[2025-02-28T22:38:35.793+0200] {processor.py:925} INFO - DAG(s) 'dataset_with_extra_from_classic_operator', 'dataset_with_extra_by_context', 'dataset_with_extra_by_yield' retrieved from /Users/nampham/.pyenv/versions/3.12.9/lib/python3.12/site-packages/airflow/example_dags/example_outlet_event_extra.py
[2025-02-28T22:38:35.827+0200] {logging_mixin.py:190} INFO - [2025-02-28T22:38:35.827+0200] {dag.py:3239} INFO - Sync 3 DAGs
[2025-02-28T22:38:35.833+0200] {logging_mixin.py:190} INFO - [2025-02-28T22:38:35.833+0200] {dag.py:4180} INFO - Setting next_dagrun for dataset_with_extra_by_context to 2025-02-27 00:00:00+00:00, run_after=2025-02-28 00:00:00+00:00
[2025-02-28T22:38:35.835+0200] {logging_mixin.py:190} INFO - [2025-02-28T22:38:35.835+0200] {dag.py:4180} INFO - Setting next_dagrun for dataset_with_extra_by_yield to 2025-02-27 00:00:00+00:00, run_after=2025-02-28 00:00:00+00:00
[2025-02-28T22:38:35.836+0200] {logging_mixin.py:190} INFO - [2025-02-28T22:38:35.836+0200] {dag.py:4180} INFO - Setting next_dagrun for dataset_with_extra_from_classic_operator to 2025-02-27 00:00:00+00:00, run_after=2025-02-28 00:00:00+00:00
[2025-02-28T22:38:35.842+0200] {processor.py:208} INFO - Processing /Users/nampham/.pyenv/versions/3.12.9/lib/python3.12/site-packages/airflow/example_dags/example_outlet_event_extra.py took 0.295 seconds
[2025-02-28T22:41:25.530+0200] {processor.py:186} INFO - Started process (PID=20896) to work on /Users/nampham/.pyenv/versions/3.12.9/lib/python3.12/site-packages/airflow/example_dags/example_outlet_event_extra.py
[2025-02-28T22:41:25.531+0200] {processor.py:914} INFO - Processing file /Users/nampham/.pyenv/versions/3.12.9/lib/python3.12/site-packages/airflow/example_dags/example_outlet_event_extra.py for tasks to queue
[2025-02-28T22:41:25.531+0200] {logging_mixin.py:190} INFO - [2025-02-28T22:41:25.531+0200] {dagbag.py:588} INFO - Filling up the DagBag from /Users/nampham/.pyenv/versions/3.12.9/lib/python3.12/site-packages/airflow/example_dags/example_outlet_event_extra.py
[2025-02-28T22:41:25.708+0200] {processor.py:925} INFO - DAG(s) 'dataset_with_extra_from_classic_operator', 'dataset_with_extra_by_yield', 'dataset_with_extra_by_context' retrieved from /Users/nampham/.pyenv/versions/3.12.9/lib/python3.12/site-packages/airflow/example_dags/example_outlet_event_extra.py
[2025-02-28T22:41:25.743+0200] {logging_mixin.py:190} INFO - [2025-02-28T22:41:25.743+0200] {dag.py:3239} INFO - Sync 3 DAGs
[2025-02-28T22:41:25.749+0200] {logging_mixin.py:190} INFO - [2025-02-28T22:41:25.749+0200] {dag.py:4180} INFO - Setting next_dagrun for dataset_with_extra_by_context to 2025-02-27 00:00:00+00:00, run_after=2025-02-28 00:00:00+00:00
[2025-02-28T22:41:25.751+0200] {logging_mixin.py:190} INFO - [2025-02-28T22:41:25.751+0200] {dag.py:4180} INFO - Setting next_dagrun for dataset_with_extra_by_yield to 2025-02-27 00:00:00+00:00, run_after=2025-02-28 00:00:00+00:00
[2025-02-28T22:41:25.751+0200] {logging_mixin.py:190} INFO - [2025-02-28T22:41:25.751+0200] {dag.py:4180} INFO - Setting next_dagrun for dataset_with_extra_from_classic_operator to 2025-02-27 00:00:00+00:00, run_after=2025-02-28 00:00:00+00:00
[2025-02-28T22:41:25.758+0200] {processor.py:208} INFO - Processing /Users/nampham/.pyenv/versions/3.12.9/lib/python3.12/site-packages/airflow/example_dags/example_outlet_event_extra.py took 0.230 seconds
[2025-02-28T22:43:54.021+0200] {processor.py:186} INFO - Started process (PID=21441) to work on /Users/nampham/.pyenv/versions/3.12.9/lib/python3.12/site-packages/airflow/example_dags/example_outlet_event_extra.py
[2025-02-28T22:43:54.022+0200] {processor.py:914} INFO - Processing file /Users/nampham/.pyenv/versions/3.12.9/lib/python3.12/site-packages/airflow/example_dags/example_outlet_event_extra.py for tasks to queue
[2025-02-28T22:43:54.023+0200] {logging_mixin.py:190} INFO - [2025-02-28T22:43:54.023+0200] {dagbag.py:588} INFO - Filling up the DagBag from /Users/nampham/.pyenv/versions/3.12.9/lib/python3.12/site-packages/airflow/example_dags/example_outlet_event_extra.py
[2025-02-28T22:43:54.289+0200] {processor.py:925} INFO - DAG(s) 'dataset_with_extra_by_context', 'dataset_with_extra_by_yield', 'dataset_with_extra_from_classic_operator' retrieved from /Users/nampham/.pyenv/versions/3.12.9/lib/python3.12/site-packages/airflow/example_dags/example_outlet_event_extra.py
[2025-02-28T22:43:54.324+0200] {logging_mixin.py:190} INFO - [2025-02-28T22:43:54.324+0200] {dag.py:3239} INFO - Sync 3 DAGs
[2025-02-28T22:43:54.331+0200] {logging_mixin.py:190} INFO - [2025-02-28T22:43:54.331+0200] {dag.py:4180} INFO - Setting next_dagrun for dataset_with_extra_by_context to 2025-02-27 00:00:00+00:00, run_after=2025-02-28 00:00:00+00:00
[2025-02-28T22:43:54.333+0200] {logging_mixin.py:190} INFO - [2025-02-28T22:43:54.333+0200] {dag.py:4180} INFO - Setting next_dagrun for dataset_with_extra_by_yield to 2025-02-27 00:00:00+00:00, run_after=2025-02-28 00:00:00+00:00
[2025-02-28T22:43:54.333+0200] {logging_mixin.py:190} INFO - [2025-02-28T22:43:54.333+0200] {dag.py:4180} INFO - Setting next_dagrun for dataset_with_extra_from_classic_operator to 2025-02-27 00:00:00+00:00, run_after=2025-02-28 00:00:00+00:00
[2025-02-28T22:43:54.340+0200] {processor.py:208} INFO - Processing /Users/nampham/.pyenv/versions/3.12.9/lib/python3.12/site-packages/airflow/example_dags/example_outlet_event_extra.py took 0.320 seconds
[2025-02-28T22:46:53.955+0200] {processor.py:186} INFO - Started process (PID=22051) to work on /Users/nampham/.pyenv/versions/3.12.9/lib/python3.12/site-packages/airflow/example_dags/example_outlet_event_extra.py
[2025-02-28T22:46:53.956+0200] {processor.py:914} INFO - Processing file /Users/nampham/.pyenv/versions/3.12.9/lib/python3.12/site-packages/airflow/example_dags/example_outlet_event_extra.py for tasks to queue
[2025-02-28T22:46:53.956+0200] {logging_mixin.py:190} INFO - [2025-02-28T22:46:53.956+0200] {dagbag.py:588} INFO - Filling up the DagBag from /Users/nampham/.pyenv/versions/3.12.9/lib/python3.12/site-packages/airflow/example_dags/example_outlet_event_extra.py
[2025-02-28T22:46:54.191+0200] {processor.py:925} INFO - DAG(s) 'dataset_with_extra_from_classic_operator', 'dataset_with_extra_by_yield', 'dataset_with_extra_by_context' retrieved from /Users/nampham/.pyenv/versions/3.12.9/lib/python3.12/site-packages/airflow/example_dags/example_outlet_event_extra.py
[2025-02-28T22:46:54.225+0200] {logging_mixin.py:190} INFO - [2025-02-28T22:46:54.224+0200] {dag.py:3239} INFO - Sync 3 DAGs
[2025-02-28T22:46:54.231+0200] {logging_mixin.py:190} INFO - [2025-02-28T22:46:54.231+0200] {dag.py:4180} INFO - Setting next_dagrun for dataset_with_extra_by_context to 2025-02-27 00:00:00+00:00, run_after=2025-02-28 00:00:00+00:00
[2025-02-28T22:46:54.233+0200] {logging_mixin.py:190} INFO - [2025-02-28T22:46:54.232+0200] {dag.py:4180} INFO - Setting next_dagrun for dataset_with_extra_by_yield to 2025-02-27 00:00:00+00:00, run_after=2025-02-28 00:00:00+00:00
[2025-02-28T22:46:54.233+0200] {logging_mixin.py:190} INFO - [2025-02-28T22:46:54.233+0200] {dag.py:4180} INFO - Setting next_dagrun for dataset_with_extra_from_classic_operator to 2025-02-27 00:00:00+00:00, run_after=2025-02-28 00:00:00+00:00
[2025-02-28T22:46:54.240+0200] {processor.py:208} INFO - Processing /Users/nampham/.pyenv/versions/3.12.9/lib/python3.12/site-packages/airflow/example_dags/example_outlet_event_extra.py took 0.286 seconds
[2025-02-28T22:54:57.687+0200] {processor.py:186} INFO - Started process (PID=22769) to work on /Users/nampham/.pyenv/versions/3.12.9/lib/python3.12/site-packages/airflow/example_dags/example_outlet_event_extra.py
[2025-02-28T22:54:57.688+0200] {processor.py:914} INFO - Processing file /Users/nampham/.pyenv/versions/3.12.9/lib/python3.12/site-packages/airflow/example_dags/example_outlet_event_extra.py for tasks to queue
[2025-02-28T22:54:57.688+0200] {logging_mixin.py:190} INFO - [2025-02-28T22:54:57.688+0200] {dagbag.py:588} INFO - Filling up the DagBag from /Users/nampham/.pyenv/versions/3.12.9/lib/python3.12/site-packages/airflow/example_dags/example_outlet_event_extra.py
[2025-02-28T22:54:57.951+0200] {processor.py:925} INFO - DAG(s) 'dataset_with_extra_by_context', 'dataset_with_extra_by_yield', 'dataset_with_extra_from_classic_operator' retrieved from /Users/nampham/.pyenv/versions/3.12.9/lib/python3.12/site-packages/airflow/example_dags/example_outlet_event_extra.py
[2025-02-28T22:54:57.986+0200] {logging_mixin.py:190} INFO - [2025-02-28T22:54:57.986+0200] {dag.py:3239} INFO - Sync 3 DAGs
[2025-02-28T22:54:57.993+0200] {logging_mixin.py:190} INFO - [2025-02-28T22:54:57.993+0200] {dag.py:4180} INFO - Setting next_dagrun for dataset_with_extra_by_context to 2025-02-27 00:00:00+00:00, run_after=2025-02-28 00:00:00+00:00
[2025-02-28T22:54:57.994+0200] {logging_mixin.py:190} INFO - [2025-02-28T22:54:57.994+0200] {dag.py:4180} INFO - Setting next_dagrun for dataset_with_extra_by_yield to 2025-02-27 00:00:00+00:00, run_after=2025-02-28 00:00:00+00:00
[2025-02-28T22:54:57.995+0200] {logging_mixin.py:190} INFO - [2025-02-28T22:54:57.995+0200] {dag.py:4180} INFO - Setting next_dagrun for dataset_with_extra_from_classic_operator to 2025-02-27 00:00:00+00:00, run_after=2025-02-28 00:00:00+00:00
[2025-02-28T22:54:58.001+0200] {processor.py:208} INFO - Processing /Users/nampham/.pyenv/versions/3.12.9/lib/python3.12/site-packages/airflow/example_dags/example_outlet_event_extra.py took 0.316 seconds
[2025-02-28T22:56:53.691+0200] {processor.py:186} INFO - Started process (PID=23143) to work on /Users/nampham/.pyenv/versions/3.12.9/lib/python3.12/site-packages/airflow/example_dags/example_outlet_event_extra.py
[2025-02-28T22:56:53.692+0200] {processor.py:914} INFO - Processing file /Users/nampham/.pyenv/versions/3.12.9/lib/python3.12/site-packages/airflow/example_dags/example_outlet_event_extra.py for tasks to queue
[2025-02-28T22:56:53.693+0200] {logging_mixin.py:190} INFO - [2025-02-28T22:56:53.693+0200] {dagbag.py:588} INFO - Filling up the DagBag from /Users/nampham/.pyenv/versions/3.12.9/lib/python3.12/site-packages/airflow/example_dags/example_outlet_event_extra.py
[2025-02-28T22:56:53.882+0200] {processor.py:925} INFO - DAG(s) 'dataset_with_extra_by_yield', 'dataset_with_extra_from_classic_operator', 'dataset_with_extra_by_context' retrieved from /Users/nampham/.pyenv/versions/3.12.9/lib/python3.12/site-packages/airflow/example_dags/example_outlet_event_extra.py
[2025-02-28T22:56:53.916+0200] {logging_mixin.py:190} INFO - [2025-02-28T22:56:53.916+0200] {dag.py:3239} INFO - Sync 3 DAGs
[2025-02-28T22:56:53.922+0200] {logging_mixin.py:190} INFO - [2025-02-28T22:56:53.922+0200] {dag.py:4180} INFO - Setting next_dagrun for dataset_with_extra_by_context to 2025-02-27 00:00:00+00:00, run_after=2025-02-28 00:00:00+00:00
[2025-02-28T22:56:53.924+0200] {logging_mixin.py:190} INFO - [2025-02-28T22:56:53.924+0200] {dag.py:4180} INFO - Setting next_dagrun for dataset_with_extra_by_yield to 2025-02-27 00:00:00+00:00, run_after=2025-02-28 00:00:00+00:00
[2025-02-28T22:56:53.924+0200] {logging_mixin.py:190} INFO - [2025-02-28T22:56:53.924+0200] {dag.py:4180} INFO - Setting next_dagrun for dataset_with_extra_from_classic_operator to 2025-02-27 00:00:00+00:00, run_after=2025-02-28 00:00:00+00:00
[2025-02-28T22:56:53.931+0200] {processor.py:208} INFO - Processing /Users/nampham/.pyenv/versions/3.12.9/lib/python3.12/site-packages/airflow/example_dags/example_outlet_event_extra.py took 0.241 seconds
[2025-02-28T22:59:27.849+0200] {processor.py:186} INFO - Started process (PID=23641) to work on /Users/nampham/.pyenv/versions/3.12.9/lib/python3.12/site-packages/airflow/example_dags/example_outlet_event_extra.py
[2025-02-28T22:59:27.851+0200] {processor.py:914} INFO - Processing file /Users/nampham/.pyenv/versions/3.12.9/lib/python3.12/site-packages/airflow/example_dags/example_outlet_event_extra.py for tasks to queue
[2025-02-28T22:59:27.851+0200] {logging_mixin.py:190} INFO - [2025-02-28T22:59:27.851+0200] {dagbag.py:588} INFO - Filling up the DagBag from /Users/nampham/.pyenv/versions/3.12.9/lib/python3.12/site-packages/airflow/example_dags/example_outlet_event_extra.py
[2025-02-28T22:59:28.066+0200] {processor.py:925} INFO - DAG(s) 'dataset_with_extra_by_context', 'dataset_with_extra_from_classic_operator', 'dataset_with_extra_by_yield' retrieved from /Users/nampham/.pyenv/versions/3.12.9/lib/python3.12/site-packages/airflow/example_dags/example_outlet_event_extra.py
[2025-02-28T22:59:28.099+0200] {logging_mixin.py:190} INFO - [2025-02-28T22:59:28.099+0200] {dag.py:3239} INFO - Sync 3 DAGs
[2025-02-28T22:59:28.106+0200] {logging_mixin.py:190} INFO - [2025-02-28T22:59:28.106+0200] {dag.py:4180} INFO - Setting next_dagrun for dataset_with_extra_by_context to 2025-02-27 00:00:00+00:00, run_after=2025-02-28 00:00:00+00:00
[2025-02-28T22:59:28.107+0200] {logging_mixin.py:190} INFO - [2025-02-28T22:59:28.107+0200] {dag.py:4180} INFO - Setting next_dagrun for dataset_with_extra_by_yield to 2025-02-27 00:00:00+00:00, run_after=2025-02-28 00:00:00+00:00
[2025-02-28T22:59:28.108+0200] {logging_mixin.py:190} INFO - [2025-02-28T22:59:28.108+0200] {dag.py:4180} INFO - Setting next_dagrun for dataset_with_extra_from_classic_operator to 2025-02-27 00:00:00+00:00, run_after=2025-02-28 00:00:00+00:00
[2025-02-28T22:59:28.115+0200] {processor.py:208} INFO - Processing /Users/nampham/.pyenv/versions/3.12.9/lib/python3.12/site-packages/airflow/example_dags/example_outlet_event_extra.py took 0.267 seconds
