[2025-02-28T18:24:43.932+0200] {processor.py:186} INFO - Started process (PID=93130) to work on /Users/nampham/.pyenv/versions/3.12.9/lib/python3.12/site-packages/airflow/example_dags/example_trigger_target_dag.py
[2025-02-28T18:24:43.933+0200] {processor.py:914} INFO - Processing file /Users/nampham/.pyenv/versions/3.12.9/lib/python3.12/site-packages/airflow/example_dags/example_trigger_target_dag.py for tasks to queue
[2025-02-28T18:24:43.933+0200] {logging_mixin.py:190} INFO - [2025-02-28T18:24:43.933+0200] {dagbag.py:588} INFO - Filling up the DagBag from /Users/nampham/.pyenv/versions/3.12.9/lib/python3.12/site-packages/airflow/example_dags/example_trigger_target_dag.py
[2025-02-28T18:24:43.971+0200] {processor.py:925} INFO - DAG(s) 'example_trigger_target_dag' retrieved from /Users/nampham/.pyenv/versions/3.12.9/lib/python3.12/site-packages/airflow/example_dags/example_trigger_target_dag.py
[2025-02-28T18:24:44.036+0200] {logging_mixin.py:190} INFO - [2025-02-28T18:24:44.035+0200] {override.py:1930} INFO - Created Permission View: can edit on DAG:example_trigger_target_dag
[2025-02-28T18:24:44.038+0200] {logging_mixin.py:190} INFO - [2025-02-28T18:24:44.038+0200] {override.py:1930} INFO - Created Permission View: can delete on DAG:example_trigger_target_dag
[2025-02-28T18:24:44.040+0200] {logging_mixin.py:190} INFO - [2025-02-28T18:24:44.040+0200] {override.py:1930} INFO - Created Permission View: can read on DAG:example_trigger_target_dag
[2025-02-28T18:24:44.042+0200] {logging_mixin.py:190} INFO - [2025-02-28T18:24:44.042+0200] {override.py:1930} INFO - Created Permission View: can create on DAG Run:example_trigger_target_dag
[2025-02-28T18:24:44.044+0200] {logging_mixin.py:190} INFO - [2025-02-28T18:24:44.044+0200] {override.py:1930} INFO - Created Permission View: can delete on DAG Run:example_trigger_target_dag
[2025-02-28T18:24:44.046+0200] {logging_mixin.py:190} INFO - [2025-02-28T18:24:44.046+0200] {override.py:1930} INFO - Created Permission View: can read on DAG Run:example_trigger_target_dag
[2025-02-28T18:24:44.048+0200] {logging_mixin.py:190} INFO - [2025-02-28T18:24:44.048+0200] {override.py:1930} INFO - Created Permission View: menu access on DAG Run:example_trigger_target_dag
[2025-02-28T18:24:44.048+0200] {logging_mixin.py:190} INFO - [2025-02-28T18:24:44.048+0200] {dag.py:3239} INFO - Sync 1 DAGs
[2025-02-28T18:24:44.052+0200] {logging_mixin.py:190} INFO - [2025-02-28T18:24:44.052+0200] {dag.py:3262} INFO - Creating ORM DAG for example_trigger_target_dag
[2025-02-28T18:24:44.052+0200] {logging_mixin.py:190} INFO - [2025-02-28T18:24:44.052+0200] {dag.py:4180} INFO - Setting next_dagrun for example_trigger_target_dag to None, run_after=None
[2025-02-28T18:24:44.058+0200] {processor.py:208} INFO - Processing /Users/nampham/.pyenv/versions/3.12.9/lib/python3.12/site-packages/airflow/example_dags/example_trigger_target_dag.py took 0.126 seconds
[2025-02-28T18:26:32.224+0200] {processor.py:186} INFO - Started process (PID=93592) to work on /Users/nampham/.pyenv/versions/3.12.9/lib/python3.12/site-packages/airflow/example_dags/example_trigger_target_dag.py
[2025-02-28T18:26:32.225+0200] {processor.py:914} INFO - Processing file /Users/nampham/.pyenv/versions/3.12.9/lib/python3.12/site-packages/airflow/example_dags/example_trigger_target_dag.py for tasks to queue
[2025-02-28T18:26:32.225+0200] {logging_mixin.py:190} INFO - [2025-02-28T18:26:32.225+0200] {dagbag.py:588} INFO - Filling up the DagBag from /Users/nampham/.pyenv/versions/3.12.9/lib/python3.12/site-packages/airflow/example_dags/example_trigger_target_dag.py
[2025-02-28T18:26:32.262+0200] {processor.py:925} INFO - DAG(s) 'example_trigger_target_dag' retrieved from /Users/nampham/.pyenv/versions/3.12.9/lib/python3.12/site-packages/airflow/example_dags/example_trigger_target_dag.py
[2025-02-28T18:26:32.295+0200] {logging_mixin.py:190} INFO - [2025-02-28T18:26:32.295+0200] {dag.py:3239} INFO - Sync 1 DAGs
[2025-02-28T18:26:32.298+0200] {logging_mixin.py:190} INFO - [2025-02-28T18:26:32.298+0200] {dag.py:4180} INFO - Setting next_dagrun for example_trigger_target_dag to None, run_after=None
[2025-02-28T18:26:32.305+0200] {processor.py:208} INFO - Processing /Users/nampham/.pyenv/versions/3.12.9/lib/python3.12/site-packages/airflow/example_dags/example_trigger_target_dag.py took 0.082 seconds
[2025-02-28T18:27:52.889+0200] {processor.py:186} INFO - Started process (PID=93905) to work on /Users/nampham/.pyenv/versions/3.12.9/lib/python3.12/site-packages/airflow/example_dags/example_trigger_target_dag.py
[2025-02-28T18:27:52.890+0200] {processor.py:914} INFO - Processing file /Users/nampham/.pyenv/versions/3.12.9/lib/python3.12/site-packages/airflow/example_dags/example_trigger_target_dag.py for tasks to queue
[2025-02-28T18:27:52.890+0200] {logging_mixin.py:190} INFO - [2025-02-28T18:27:52.890+0200] {dagbag.py:588} INFO - Filling up the DagBag from /Users/nampham/.pyenv/versions/3.12.9/lib/python3.12/site-packages/airflow/example_dags/example_trigger_target_dag.py
[2025-02-28T18:27:52.927+0200] {processor.py:925} INFO - DAG(s) 'example_trigger_target_dag' retrieved from /Users/nampham/.pyenv/versions/3.12.9/lib/python3.12/site-packages/airflow/example_dags/example_trigger_target_dag.py
[2025-02-28T18:27:52.960+0200] {logging_mixin.py:190} INFO - [2025-02-28T18:27:52.960+0200] {dag.py:3239} INFO - Sync 1 DAGs
[2025-02-28T18:27:52.964+0200] {logging_mixin.py:190} INFO - [2025-02-28T18:27:52.964+0200] {dag.py:4180} INFO - Setting next_dagrun for example_trigger_target_dag to None, run_after=None
[2025-02-28T18:27:52.970+0200] {processor.py:208} INFO - Processing /Users/nampham/.pyenv/versions/3.12.9/lib/python3.12/site-packages/airflow/example_dags/example_trigger_target_dag.py took 0.082 seconds
[2025-02-28T18:29:13.550+0200] {processor.py:186} INFO - Started process (PID=94244) to work on /Users/nampham/.pyenv/versions/3.12.9/lib/python3.12/site-packages/airflow/example_dags/example_trigger_target_dag.py
[2025-02-28T18:29:13.551+0200] {processor.py:914} INFO - Processing file /Users/nampham/.pyenv/versions/3.12.9/lib/python3.12/site-packages/airflow/example_dags/example_trigger_target_dag.py for tasks to queue
[2025-02-28T18:29:13.552+0200] {logging_mixin.py:190} INFO - [2025-02-28T18:29:13.552+0200] {dagbag.py:588} INFO - Filling up the DagBag from /Users/nampham/.pyenv/versions/3.12.9/lib/python3.12/site-packages/airflow/example_dags/example_trigger_target_dag.py
[2025-02-28T18:29:13.608+0200] {processor.py:925} INFO - DAG(s) 'example_trigger_target_dag' retrieved from /Users/nampham/.pyenv/versions/3.12.9/lib/python3.12/site-packages/airflow/example_dags/example_trigger_target_dag.py
[2025-02-28T18:29:13.649+0200] {logging_mixin.py:190} INFO - [2025-02-28T18:29:13.648+0200] {dag.py:3239} INFO - Sync 1 DAGs
[2025-02-28T18:29:13.653+0200] {logging_mixin.py:190} INFO - [2025-02-28T18:29:13.653+0200] {dag.py:4180} INFO - Setting next_dagrun for example_trigger_target_dag to None, run_after=None
[2025-02-28T18:29:13.660+0200] {processor.py:208} INFO - Processing /Users/nampham/.pyenv/versions/3.12.9/lib/python3.12/site-packages/airflow/example_dags/example_trigger_target_dag.py took 0.112 seconds
[2025-02-28T20:10:57.969+0200] {processor.py:186} INFO - Started process (PID=97251) to work on /Users/nampham/.pyenv/versions/3.12.9/lib/python3.12/site-packages/airflow/example_dags/example_trigger_target_dag.py
[2025-02-28T20:10:57.970+0200] {processor.py:914} INFO - Processing file /Users/nampham/.pyenv/versions/3.12.9/lib/python3.12/site-packages/airflow/example_dags/example_trigger_target_dag.py for tasks to queue
[2025-02-28T20:10:57.970+0200] {logging_mixin.py:190} INFO - [2025-02-28T20:10:57.970+0200] {dagbag.py:588} INFO - Filling up the DagBag from /Users/nampham/.pyenv/versions/3.12.9/lib/python3.12/site-packages/airflow/example_dags/example_trigger_target_dag.py
[2025-02-28T20:10:58.008+0200] {processor.py:925} INFO - DAG(s) 'example_trigger_target_dag' retrieved from /Users/nampham/.pyenv/versions/3.12.9/lib/python3.12/site-packages/airflow/example_dags/example_trigger_target_dag.py
[2025-02-28T20:10:58.071+0200] {logging_mixin.py:190} INFO - [2025-02-28T20:10:58.071+0200] {dag.py:3239} INFO - Sync 1 DAGs
[2025-02-28T20:10:58.075+0200] {logging_mixin.py:190} INFO - [2025-02-28T20:10:58.075+0200] {dag.py:4180} INFO - Setting next_dagrun for example_trigger_target_dag to None, run_after=None
[2025-02-28T20:10:58.081+0200] {processor.py:208} INFO - Processing /Users/nampham/.pyenv/versions/3.12.9/lib/python3.12/site-packages/airflow/example_dags/example_trigger_target_dag.py took 0.114 seconds
[2025-02-28T20:12:46.567+0200] {processor.py:186} INFO - Started process (PID=97848) to work on /Users/nampham/.pyenv/versions/3.12.9/lib/python3.12/site-packages/airflow/example_dags/example_trigger_target_dag.py
[2025-02-28T20:12:46.568+0200] {processor.py:914} INFO - Processing file /Users/nampham/.pyenv/versions/3.12.9/lib/python3.12/site-packages/airflow/example_dags/example_trigger_target_dag.py for tasks to queue
[2025-02-28T20:12:46.568+0200] {logging_mixin.py:190} INFO - [2025-02-28T20:12:46.568+0200] {dagbag.py:588} INFO - Filling up the DagBag from /Users/nampham/.pyenv/versions/3.12.9/lib/python3.12/site-packages/airflow/example_dags/example_trigger_target_dag.py
[2025-02-28T20:12:46.609+0200] {processor.py:925} INFO - DAG(s) 'example_trigger_target_dag' retrieved from /Users/nampham/.pyenv/versions/3.12.9/lib/python3.12/site-packages/airflow/example_dags/example_trigger_target_dag.py
[2025-02-28T20:12:46.643+0200] {logging_mixin.py:190} INFO - [2025-02-28T20:12:46.643+0200] {dag.py:3239} INFO - Sync 1 DAGs
[2025-02-28T20:12:46.647+0200] {logging_mixin.py:190} INFO - [2025-02-28T20:12:46.647+0200] {dag.py:4180} INFO - Setting next_dagrun for example_trigger_target_dag to None, run_after=None
[2025-02-28T20:12:46.653+0200] {processor.py:208} INFO - Processing /Users/nampham/.pyenv/versions/3.12.9/lib/python3.12/site-packages/airflow/example_dags/example_trigger_target_dag.py took 0.088 seconds
[2025-02-28T20:14:35.753+0200] {processor.py:186} INFO - Started process (PID=98303) to work on /Users/nampham/.pyenv/versions/3.12.9/lib/python3.12/site-packages/airflow/example_dags/example_trigger_target_dag.py
[2025-02-28T20:14:35.753+0200] {processor.py:914} INFO - Processing file /Users/nampham/.pyenv/versions/3.12.9/lib/python3.12/site-packages/airflow/example_dags/example_trigger_target_dag.py for tasks to queue
[2025-02-28T20:14:35.754+0200] {logging_mixin.py:190} INFO - [2025-02-28T20:14:35.754+0200] {dagbag.py:588} INFO - Filling up the DagBag from /Users/nampham/.pyenv/versions/3.12.9/lib/python3.12/site-packages/airflow/example_dags/example_trigger_target_dag.py
[2025-02-28T20:14:35.794+0200] {processor.py:925} INFO - DAG(s) 'example_trigger_target_dag' retrieved from /Users/nampham/.pyenv/versions/3.12.9/lib/python3.12/site-packages/airflow/example_dags/example_trigger_target_dag.py
[2025-02-28T20:14:35.827+0200] {logging_mixin.py:190} INFO - [2025-02-28T20:14:35.827+0200] {dag.py:3239} INFO - Sync 1 DAGs
[2025-02-28T20:14:35.831+0200] {logging_mixin.py:190} INFO - [2025-02-28T20:14:35.831+0200] {dag.py:4180} INFO - Setting next_dagrun for example_trigger_target_dag to None, run_after=None
[2025-02-28T20:14:35.837+0200] {processor.py:208} INFO - Processing /Users/nampham/.pyenv/versions/3.12.9/lib/python3.12/site-packages/airflow/example_dags/example_trigger_target_dag.py took 0.086 seconds
[2025-02-28T20:15:55.827+0200] {processor.py:186} INFO - Started process (PID=98588) to work on /Users/nampham/.pyenv/versions/3.12.9/lib/python3.12/site-packages/airflow/example_dags/example_trigger_target_dag.py
[2025-02-28T20:15:55.828+0200] {processor.py:914} INFO - Processing file /Users/nampham/.pyenv/versions/3.12.9/lib/python3.12/site-packages/airflow/example_dags/example_trigger_target_dag.py for tasks to queue
[2025-02-28T20:15:55.829+0200] {logging_mixin.py:190} INFO - [2025-02-28T20:15:55.829+0200] {dagbag.py:588} INFO - Filling up the DagBag from /Users/nampham/.pyenv/versions/3.12.9/lib/python3.12/site-packages/airflow/example_dags/example_trigger_target_dag.py
[2025-02-28T20:15:55.867+0200] {processor.py:925} INFO - DAG(s) 'example_trigger_target_dag' retrieved from /Users/nampham/.pyenv/versions/3.12.9/lib/python3.12/site-packages/airflow/example_dags/example_trigger_target_dag.py
[2025-02-28T20:15:55.900+0200] {logging_mixin.py:190} INFO - [2025-02-28T20:15:55.900+0200] {dag.py:3239} INFO - Sync 1 DAGs
[2025-02-28T20:15:55.903+0200] {logging_mixin.py:190} INFO - [2025-02-28T20:15:55.903+0200] {dag.py:4180} INFO - Setting next_dagrun for example_trigger_target_dag to None, run_after=None
[2025-02-28T20:15:55.909+0200] {processor.py:208} INFO - Processing /Users/nampham/.pyenv/versions/3.12.9/lib/python3.12/site-packages/airflow/example_dags/example_trigger_target_dag.py took 0.083 seconds
[2025-02-28T20:17:12.080+0200] {processor.py:186} INFO - Started process (PID=98883) to work on /Users/nampham/.pyenv/versions/3.12.9/lib/python3.12/site-packages/airflow/example_dags/example_trigger_target_dag.py
[2025-02-28T20:17:12.081+0200] {processor.py:914} INFO - Processing file /Users/nampham/.pyenv/versions/3.12.9/lib/python3.12/site-packages/airflow/example_dags/example_trigger_target_dag.py for tasks to queue
[2025-02-28T20:17:12.081+0200] {logging_mixin.py:190} INFO - [2025-02-28T20:17:12.081+0200] {dagbag.py:588} INFO - Filling up the DagBag from /Users/nampham/.pyenv/versions/3.12.9/lib/python3.12/site-packages/airflow/example_dags/example_trigger_target_dag.py
[2025-02-28T20:17:12.119+0200] {processor.py:925} INFO - DAG(s) 'example_trigger_target_dag' retrieved from /Users/nampham/.pyenv/versions/3.12.9/lib/python3.12/site-packages/airflow/example_dags/example_trigger_target_dag.py
[2025-02-28T20:17:12.156+0200] {logging_mixin.py:190} INFO - [2025-02-28T20:17:12.156+0200] {dag.py:3239} INFO - Sync 1 DAGs
[2025-02-28T20:17:12.160+0200] {logging_mixin.py:190} INFO - [2025-02-28T20:17:12.159+0200] {dag.py:4180} INFO - Setting next_dagrun for example_trigger_target_dag to None, run_after=None
[2025-02-28T20:17:12.166+0200] {processor.py:208} INFO - Processing /Users/nampham/.pyenv/versions/3.12.9/lib/python3.12/site-packages/airflow/example_dags/example_trigger_target_dag.py took 0.088 seconds
[2025-02-28T20:18:27.431+0200] {processor.py:186} INFO - Started process (PID=99244) to work on /Users/nampham/.pyenv/versions/3.12.9/lib/python3.12/site-packages/airflow/example_dags/example_trigger_target_dag.py
[2025-02-28T20:18:27.432+0200] {processor.py:914} INFO - Processing file /Users/nampham/.pyenv/versions/3.12.9/lib/python3.12/site-packages/airflow/example_dags/example_trigger_target_dag.py for tasks to queue
[2025-02-28T20:18:27.432+0200] {logging_mixin.py:190} INFO - [2025-02-28T20:18:27.432+0200] {dagbag.py:588} INFO - Filling up the DagBag from /Users/nampham/.pyenv/versions/3.12.9/lib/python3.12/site-packages/airflow/example_dags/example_trigger_target_dag.py
[2025-02-28T20:18:27.471+0200] {processor.py:925} INFO - DAG(s) 'example_trigger_target_dag' retrieved from /Users/nampham/.pyenv/versions/3.12.9/lib/python3.12/site-packages/airflow/example_dags/example_trigger_target_dag.py
[2025-02-28T20:18:27.504+0200] {logging_mixin.py:190} INFO - [2025-02-28T20:18:27.504+0200] {dag.py:3239} INFO - Sync 1 DAGs
[2025-02-28T20:18:27.508+0200] {logging_mixin.py:190} INFO - [2025-02-28T20:18:27.507+0200] {dag.py:4180} INFO - Setting next_dagrun for example_trigger_target_dag to None, run_after=None
[2025-02-28T20:18:27.514+0200] {processor.py:208} INFO - Processing /Users/nampham/.pyenv/versions/3.12.9/lib/python3.12/site-packages/airflow/example_dags/example_trigger_target_dag.py took 0.084 seconds
[2025-02-28T20:20:19.178+0200] {processor.py:186} INFO - Started process (PID=99682) to work on /Users/nampham/.pyenv/versions/3.12.9/lib/python3.12/site-packages/airflow/example_dags/example_trigger_target_dag.py
[2025-02-28T20:20:19.179+0200] {processor.py:914} INFO - Processing file /Users/nampham/.pyenv/versions/3.12.9/lib/python3.12/site-packages/airflow/example_dags/example_trigger_target_dag.py for tasks to queue
[2025-02-28T20:20:19.179+0200] {logging_mixin.py:190} INFO - [2025-02-28T20:20:19.179+0200] {dagbag.py:588} INFO - Filling up the DagBag from /Users/nampham/.pyenv/versions/3.12.9/lib/python3.12/site-packages/airflow/example_dags/example_trigger_target_dag.py
[2025-02-28T20:20:19.217+0200] {processor.py:925} INFO - DAG(s) 'example_trigger_target_dag' retrieved from /Users/nampham/.pyenv/versions/3.12.9/lib/python3.12/site-packages/airflow/example_dags/example_trigger_target_dag.py
[2025-02-28T20:20:19.250+0200] {logging_mixin.py:190} INFO - [2025-02-28T20:20:19.250+0200] {dag.py:3239} INFO - Sync 1 DAGs
[2025-02-28T20:20:19.254+0200] {logging_mixin.py:190} INFO - [2025-02-28T20:20:19.254+0200] {dag.py:4180} INFO - Setting next_dagrun for example_trigger_target_dag to None, run_after=None
[2025-02-28T20:20:19.260+0200] {processor.py:208} INFO - Processing /Users/nampham/.pyenv/versions/3.12.9/lib/python3.12/site-packages/airflow/example_dags/example_trigger_target_dag.py took 0.083 seconds
[2025-02-28T20:21:39.146+0200] {processor.py:186} INFO - Started process (PID=99993) to work on /Users/nampham/.pyenv/versions/3.12.9/lib/python3.12/site-packages/airflow/example_dags/example_trigger_target_dag.py
[2025-02-28T20:21:39.147+0200] {processor.py:914} INFO - Processing file /Users/nampham/.pyenv/versions/3.12.9/lib/python3.12/site-packages/airflow/example_dags/example_trigger_target_dag.py for tasks to queue
[2025-02-28T20:21:39.147+0200] {logging_mixin.py:190} INFO - [2025-02-28T20:21:39.147+0200] {dagbag.py:588} INFO - Filling up the DagBag from /Users/nampham/.pyenv/versions/3.12.9/lib/python3.12/site-packages/airflow/example_dags/example_trigger_target_dag.py
[2025-02-28T20:21:39.196+0200] {processor.py:925} INFO - DAG(s) 'example_trigger_target_dag' retrieved from /Users/nampham/.pyenv/versions/3.12.9/lib/python3.12/site-packages/airflow/example_dags/example_trigger_target_dag.py
[2025-02-28T20:21:39.234+0200] {logging_mixin.py:190} INFO - [2025-02-28T20:21:39.234+0200] {dag.py:3239} INFO - Sync 1 DAGs
[2025-02-28T20:21:39.238+0200] {logging_mixin.py:190} INFO - [2025-02-28T20:21:39.238+0200] {dag.py:4180} INFO - Setting next_dagrun for example_trigger_target_dag to None, run_after=None
[2025-02-28T20:21:39.245+0200] {processor.py:208} INFO - Processing /Users/nampham/.pyenv/versions/3.12.9/lib/python3.12/site-packages/airflow/example_dags/example_trigger_target_dag.py took 0.101 seconds
[2025-02-28T20:22:53.429+0200] {processor.py:186} INFO - Started process (PID=341) to work on /Users/nampham/.pyenv/versions/3.12.9/lib/python3.12/site-packages/airflow/example_dags/example_trigger_target_dag.py
[2025-02-28T20:22:53.430+0200] {processor.py:914} INFO - Processing file /Users/nampham/.pyenv/versions/3.12.9/lib/python3.12/site-packages/airflow/example_dags/example_trigger_target_dag.py for tasks to queue
[2025-02-28T20:22:53.431+0200] {logging_mixin.py:190} INFO - [2025-02-28T20:22:53.430+0200] {dagbag.py:588} INFO - Filling up the DagBag from /Users/nampham/.pyenv/versions/3.12.9/lib/python3.12/site-packages/airflow/example_dags/example_trigger_target_dag.py
[2025-02-28T20:22:53.469+0200] {processor.py:925} INFO - DAG(s) 'example_trigger_target_dag' retrieved from /Users/nampham/.pyenv/versions/3.12.9/lib/python3.12/site-packages/airflow/example_dags/example_trigger_target_dag.py
[2025-02-28T20:22:53.503+0200] {logging_mixin.py:190} INFO - [2025-02-28T20:22:53.502+0200] {dag.py:3239} INFO - Sync 1 DAGs
[2025-02-28T20:22:53.506+0200] {logging_mixin.py:190} INFO - [2025-02-28T20:22:53.506+0200] {dag.py:4180} INFO - Setting next_dagrun for example_trigger_target_dag to None, run_after=None
[2025-02-28T20:22:53.512+0200] {processor.py:208} INFO - Processing /Users/nampham/.pyenv/versions/3.12.9/lib/python3.12/site-packages/airflow/example_dags/example_trigger_target_dag.py took 0.084 seconds
[2025-02-28T21:27:41.355+0200] {processor.py:186} INFO - Started process (PID=5468) to work on /Users/nampham/.pyenv/versions/3.12.9/lib/python3.12/site-packages/airflow/example_dags/example_trigger_target_dag.py
[2025-02-28T21:27:41.356+0200] {processor.py:914} INFO - Processing file /Users/nampham/.pyenv/versions/3.12.9/lib/python3.12/site-packages/airflow/example_dags/example_trigger_target_dag.py for tasks to queue
[2025-02-28T21:27:41.356+0200] {logging_mixin.py:190} INFO - [2025-02-28T21:27:41.356+0200] {dagbag.py:588} INFO - Filling up the DagBag from /Users/nampham/.pyenv/versions/3.12.9/lib/python3.12/site-packages/airflow/example_dags/example_trigger_target_dag.py
[2025-02-28T21:27:41.393+0200] {processor.py:925} INFO - DAG(s) 'example_trigger_target_dag' retrieved from /Users/nampham/.pyenv/versions/3.12.9/lib/python3.12/site-packages/airflow/example_dags/example_trigger_target_dag.py
[2025-02-28T21:27:41.427+0200] {logging_mixin.py:190} INFO - [2025-02-28T21:27:41.426+0200] {dag.py:3239} INFO - Sync 1 DAGs
[2025-02-28T21:27:41.430+0200] {logging_mixin.py:190} INFO - [2025-02-28T21:27:41.430+0200] {dag.py:4180} INFO - Setting next_dagrun for example_trigger_target_dag to None, run_after=None
[2025-02-28T21:27:41.436+0200] {processor.py:208} INFO - Processing /Users/nampham/.pyenv/versions/3.12.9/lib/python3.12/site-packages/airflow/example_dags/example_trigger_target_dag.py took 0.082 seconds
[2025-02-28T21:30:26.965+0200] {processor.py:186} INFO - Started process (PID=6132) to work on /Users/nampham/.pyenv/versions/3.12.9/lib/python3.12/site-packages/airflow/example_dags/example_trigger_target_dag.py
[2025-02-28T21:30:26.966+0200] {processor.py:914} INFO - Processing file /Users/nampham/.pyenv/versions/3.12.9/lib/python3.12/site-packages/airflow/example_dags/example_trigger_target_dag.py for tasks to queue
[2025-02-28T21:30:26.966+0200] {logging_mixin.py:190} INFO - [2025-02-28T21:30:26.966+0200] {dagbag.py:588} INFO - Filling up the DagBag from /Users/nampham/.pyenv/versions/3.12.9/lib/python3.12/site-packages/airflow/example_dags/example_trigger_target_dag.py
[2025-02-28T21:30:27.005+0200] {processor.py:925} INFO - DAG(s) 'example_trigger_target_dag' retrieved from /Users/nampham/.pyenv/versions/3.12.9/lib/python3.12/site-packages/airflow/example_dags/example_trigger_target_dag.py
[2025-02-28T21:30:27.039+0200] {logging_mixin.py:190} INFO - [2025-02-28T21:30:27.039+0200] {dag.py:3239} INFO - Sync 1 DAGs
[2025-02-28T21:30:27.042+0200] {logging_mixin.py:190} INFO - [2025-02-28T21:30:27.042+0200] {dag.py:4180} INFO - Setting next_dagrun for example_trigger_target_dag to None, run_after=None
[2025-02-28T21:30:27.049+0200] {processor.py:208} INFO - Processing /Users/nampham/.pyenv/versions/3.12.9/lib/python3.12/site-packages/airflow/example_dags/example_trigger_target_dag.py took 0.086 seconds
[2025-02-28T21:32:14.393+0200] {processor.py:186} INFO - Started process (PID=6554) to work on /Users/nampham/.pyenv/versions/3.12.9/lib/python3.12/site-packages/airflow/example_dags/example_trigger_target_dag.py
[2025-02-28T21:32:14.394+0200] {processor.py:914} INFO - Processing file /Users/nampham/.pyenv/versions/3.12.9/lib/python3.12/site-packages/airflow/example_dags/example_trigger_target_dag.py for tasks to queue
[2025-02-28T21:32:14.394+0200] {logging_mixin.py:190} INFO - [2025-02-28T21:32:14.394+0200] {dagbag.py:588} INFO - Filling up the DagBag from /Users/nampham/.pyenv/versions/3.12.9/lib/python3.12/site-packages/airflow/example_dags/example_trigger_target_dag.py
[2025-02-28T21:32:14.430+0200] {processor.py:925} INFO - DAG(s) 'example_trigger_target_dag' retrieved from /Users/nampham/.pyenv/versions/3.12.9/lib/python3.12/site-packages/airflow/example_dags/example_trigger_target_dag.py
[2025-02-28T21:32:14.463+0200] {logging_mixin.py:190} INFO - [2025-02-28T21:32:14.463+0200] {dag.py:3239} INFO - Sync 1 DAGs
[2025-02-28T21:32:14.467+0200] {logging_mixin.py:190} INFO - [2025-02-28T21:32:14.467+0200] {dag.py:4180} INFO - Setting next_dagrun for example_trigger_target_dag to None, run_after=None
[2025-02-28T21:32:14.473+0200] {processor.py:208} INFO - Processing /Users/nampham/.pyenv/versions/3.12.9/lib/python3.12/site-packages/airflow/example_dags/example_trigger_target_dag.py took 0.081 seconds
[2025-02-28T21:33:32.845+0200] {processor.py:186} INFO - Started process (PID=7060) to work on /Users/nampham/.pyenv/versions/3.12.9/lib/python3.12/site-packages/airflow/example_dags/example_trigger_target_dag.py
[2025-02-28T21:33:32.846+0200] {processor.py:914} INFO - Processing file /Users/nampham/.pyenv/versions/3.12.9/lib/python3.12/site-packages/airflow/example_dags/example_trigger_target_dag.py for tasks to queue
[2025-02-28T21:33:32.847+0200] {logging_mixin.py:190} INFO - [2025-02-28T21:33:32.847+0200] {dagbag.py:588} INFO - Filling up the DagBag from /Users/nampham/.pyenv/versions/3.12.9/lib/python3.12/site-packages/airflow/example_dags/example_trigger_target_dag.py
[2025-02-28T21:33:32.884+0200] {processor.py:925} INFO - DAG(s) 'example_trigger_target_dag' retrieved from /Users/nampham/.pyenv/versions/3.12.9/lib/python3.12/site-packages/airflow/example_dags/example_trigger_target_dag.py
[2025-02-28T21:33:32.917+0200] {logging_mixin.py:190} INFO - [2025-02-28T21:33:32.917+0200] {dag.py:3239} INFO - Sync 1 DAGs
[2025-02-28T21:33:32.921+0200] {logging_mixin.py:190} INFO - [2025-02-28T21:33:32.921+0200] {dag.py:4180} INFO - Setting next_dagrun for example_trigger_target_dag to None, run_after=None
[2025-02-28T21:33:32.927+0200] {processor.py:208} INFO - Processing /Users/nampham/.pyenv/versions/3.12.9/lib/python3.12/site-packages/airflow/example_dags/example_trigger_target_dag.py took 0.083 seconds
[2025-02-28T21:34:53.327+0200] {processor.py:186} INFO - Started process (PID=7352) to work on /Users/nampham/.pyenv/versions/3.12.9/lib/python3.12/site-packages/airflow/example_dags/example_trigger_target_dag.py
[2025-02-28T21:34:53.328+0200] {processor.py:914} INFO - Processing file /Users/nampham/.pyenv/versions/3.12.9/lib/python3.12/site-packages/airflow/example_dags/example_trigger_target_dag.py for tasks to queue
[2025-02-28T21:34:53.328+0200] {logging_mixin.py:190} INFO - [2025-02-28T21:34:53.328+0200] {dagbag.py:588} INFO - Filling up the DagBag from /Users/nampham/.pyenv/versions/3.12.9/lib/python3.12/site-packages/airflow/example_dags/example_trigger_target_dag.py
[2025-02-28T21:34:53.375+0200] {processor.py:925} INFO - DAG(s) 'example_trigger_target_dag' retrieved from /Users/nampham/.pyenv/versions/3.12.9/lib/python3.12/site-packages/airflow/example_dags/example_trigger_target_dag.py
[2025-02-28T21:34:53.414+0200] {logging_mixin.py:190} INFO - [2025-02-28T21:34:53.414+0200] {dag.py:3239} INFO - Sync 1 DAGs
[2025-02-28T21:34:53.418+0200] {logging_mixin.py:190} INFO - [2025-02-28T21:34:53.418+0200] {dag.py:4180} INFO - Setting next_dagrun for example_trigger_target_dag to None, run_after=None
[2025-02-28T21:34:53.424+0200] {processor.py:208} INFO - Processing /Users/nampham/.pyenv/versions/3.12.9/lib/python3.12/site-packages/airflow/example_dags/example_trigger_target_dag.py took 0.099 seconds
[2025-02-28T21:36:48.432+0200] {processor.py:186} INFO - Started process (PID=7853) to work on /Users/nampham/.pyenv/versions/3.12.9/lib/python3.12/site-packages/airflow/example_dags/example_trigger_target_dag.py
[2025-02-28T21:36:48.433+0200] {processor.py:914} INFO - Processing file /Users/nampham/.pyenv/versions/3.12.9/lib/python3.12/site-packages/airflow/example_dags/example_trigger_target_dag.py for tasks to queue
[2025-02-28T21:36:48.434+0200] {logging_mixin.py:190} INFO - [2025-02-28T21:36:48.434+0200] {dagbag.py:588} INFO - Filling up the DagBag from /Users/nampham/.pyenv/versions/3.12.9/lib/python3.12/site-packages/airflow/example_dags/example_trigger_target_dag.py
[2025-02-28T21:36:48.474+0200] {processor.py:925} INFO - DAG(s) 'example_trigger_target_dag' retrieved from /Users/nampham/.pyenv/versions/3.12.9/lib/python3.12/site-packages/airflow/example_dags/example_trigger_target_dag.py
[2025-02-28T21:36:48.537+0200] {logging_mixin.py:190} INFO - [2025-02-28T21:36:48.537+0200] {override.py:1930} INFO - Created Permission View: can delete on DAG:example_trigger_target_dag
[2025-02-28T21:36:48.540+0200] {logging_mixin.py:190} INFO - [2025-02-28T21:36:48.540+0200] {override.py:1930} INFO - Created Permission View: can edit on DAG:example_trigger_target_dag
[2025-02-28T21:36:48.542+0200] {logging_mixin.py:190} INFO - [2025-02-28T21:36:48.541+0200] {override.py:1930} INFO - Created Permission View: can read on DAG:example_trigger_target_dag
[2025-02-28T21:36:48.544+0200] {logging_mixin.py:190} INFO - [2025-02-28T21:36:48.544+0200] {override.py:1930} INFO - Created Permission View: can delete on DAG Run:example_trigger_target_dag
[2025-02-28T21:36:48.546+0200] {logging_mixin.py:190} INFO - [2025-02-28T21:36:48.546+0200] {override.py:1930} INFO - Created Permission View: can read on DAG Run:example_trigger_target_dag
[2025-02-28T21:36:48.548+0200] {logging_mixin.py:190} INFO - [2025-02-28T21:36:48.548+0200] {override.py:1930} INFO - Created Permission View: menu access on DAG Run:example_trigger_target_dag
[2025-02-28T21:36:48.549+0200] {logging_mixin.py:190} INFO - [2025-02-28T21:36:48.549+0200] {override.py:1930} INFO - Created Permission View: can create on DAG Run:example_trigger_target_dag
[2025-02-28T21:36:48.549+0200] {logging_mixin.py:190} INFO - [2025-02-28T21:36:48.549+0200] {dag.py:3239} INFO - Sync 1 DAGs
[2025-02-28T21:36:48.554+0200] {logging_mixin.py:190} INFO - [2025-02-28T21:36:48.554+0200] {dag.py:3262} INFO - Creating ORM DAG for example_trigger_target_dag
[2025-02-28T21:36:48.554+0200] {logging_mixin.py:190} INFO - [2025-02-28T21:36:48.554+0200] {dag.py:4180} INFO - Setting next_dagrun for example_trigger_target_dag to None, run_after=None
[2025-02-28T21:36:48.559+0200] {processor.py:208} INFO - Processing /Users/nampham/.pyenv/versions/3.12.9/lib/python3.12/site-packages/airflow/example_dags/example_trigger_target_dag.py took 0.128 seconds
[2025-02-28T21:38:39.765+0200] {processor.py:186} INFO - Started process (PID=8282) to work on /Users/nampham/.pyenv/versions/3.12.9/lib/python3.12/site-packages/airflow/example_dags/example_trigger_target_dag.py
[2025-02-28T21:38:39.766+0200] {processor.py:914} INFO - Processing file /Users/nampham/.pyenv/versions/3.12.9/lib/python3.12/site-packages/airflow/example_dags/example_trigger_target_dag.py for tasks to queue
[2025-02-28T21:38:39.766+0200] {logging_mixin.py:190} INFO - [2025-02-28T21:38:39.766+0200] {dagbag.py:588} INFO - Filling up the DagBag from /Users/nampham/.pyenv/versions/3.12.9/lib/python3.12/site-packages/airflow/example_dags/example_trigger_target_dag.py
[2025-02-28T21:38:39.806+0200] {processor.py:925} INFO - DAG(s) 'example_trigger_target_dag' retrieved from /Users/nampham/.pyenv/versions/3.12.9/lib/python3.12/site-packages/airflow/example_dags/example_trigger_target_dag.py
[2025-02-28T21:38:39.843+0200] {logging_mixin.py:190} INFO - [2025-02-28T21:38:39.843+0200] {dag.py:3239} INFO - Sync 1 DAGs
[2025-02-28T21:38:39.848+0200] {logging_mixin.py:190} INFO - [2025-02-28T21:38:39.848+0200] {dag.py:4180} INFO - Setting next_dagrun for example_trigger_target_dag to None, run_after=None
[2025-02-28T21:38:39.854+0200] {processor.py:208} INFO - Processing /Users/nampham/.pyenv/versions/3.12.9/lib/python3.12/site-packages/airflow/example_dags/example_trigger_target_dag.py took 0.090 seconds
[2025-02-28T21:39:57.882+0200] {processor.py:186} INFO - Started process (PID=8575) to work on /Users/nampham/.pyenv/versions/3.12.9/lib/python3.12/site-packages/airflow/example_dags/example_trigger_target_dag.py
[2025-02-28T21:39:57.883+0200] {processor.py:914} INFO - Processing file /Users/nampham/.pyenv/versions/3.12.9/lib/python3.12/site-packages/airflow/example_dags/example_trigger_target_dag.py for tasks to queue
[2025-02-28T21:39:57.884+0200] {logging_mixin.py:190} INFO - [2025-02-28T21:39:57.884+0200] {dagbag.py:588} INFO - Filling up the DagBag from /Users/nampham/.pyenv/versions/3.12.9/lib/python3.12/site-packages/airflow/example_dags/example_trigger_target_dag.py
[2025-02-28T21:39:57.921+0200] {processor.py:925} INFO - DAG(s) 'example_trigger_target_dag' retrieved from /Users/nampham/.pyenv/versions/3.12.9/lib/python3.12/site-packages/airflow/example_dags/example_trigger_target_dag.py
[2025-02-28T21:39:57.954+0200] {logging_mixin.py:190} INFO - [2025-02-28T21:39:57.954+0200] {dag.py:3239} INFO - Sync 1 DAGs
[2025-02-28T21:39:57.958+0200] {logging_mixin.py:190} INFO - [2025-02-28T21:39:57.958+0200] {dag.py:4180} INFO - Setting next_dagrun for example_trigger_target_dag to None, run_after=None
[2025-02-28T21:39:57.964+0200] {processor.py:208} INFO - Processing /Users/nampham/.pyenv/versions/3.12.9/lib/python3.12/site-packages/airflow/example_dags/example_trigger_target_dag.py took 0.083 seconds
[2025-02-28T21:42:18.538+0200] {processor.py:186} INFO - Started process (PID=9171) to work on /Users/nampham/.pyenv/versions/3.12.9/lib/python3.12/site-packages/airflow/example_dags/example_trigger_target_dag.py
[2025-02-28T21:42:18.539+0200] {processor.py:914} INFO - Processing file /Users/nampham/.pyenv/versions/3.12.9/lib/python3.12/site-packages/airflow/example_dags/example_trigger_target_dag.py for tasks to queue
[2025-02-28T21:42:18.539+0200] {logging_mixin.py:190} INFO - [2025-02-28T21:42:18.539+0200] {dagbag.py:588} INFO - Filling up the DagBag from /Users/nampham/.pyenv/versions/3.12.9/lib/python3.12/site-packages/airflow/example_dags/example_trigger_target_dag.py
[2025-02-28T21:42:18.577+0200] {processor.py:925} INFO - DAG(s) 'example_trigger_target_dag' retrieved from /Users/nampham/.pyenv/versions/3.12.9/lib/python3.12/site-packages/airflow/example_dags/example_trigger_target_dag.py
[2025-02-28T21:42:18.642+0200] {logging_mixin.py:190} INFO - [2025-02-28T21:42:18.641+0200] {override.py:1930} INFO - Created Permission View: can edit on DAG:example_trigger_target_dag
[2025-02-28T21:42:18.644+0200] {logging_mixin.py:190} INFO - [2025-02-28T21:42:18.644+0200] {override.py:1930} INFO - Created Permission View: can delete on DAG:example_trigger_target_dag
[2025-02-28T21:42:18.646+0200] {logging_mixin.py:190} INFO - [2025-02-28T21:42:18.646+0200] {override.py:1930} INFO - Created Permission View: can read on DAG:example_trigger_target_dag
[2025-02-28T21:42:18.648+0200] {logging_mixin.py:190} INFO - [2025-02-28T21:42:18.648+0200] {override.py:1930} INFO - Created Permission View: menu access on DAG Run:example_trigger_target_dag
[2025-02-28T21:42:18.650+0200] {logging_mixin.py:190} INFO - [2025-02-28T21:42:18.650+0200] {override.py:1930} INFO - Created Permission View: can delete on DAG Run:example_trigger_target_dag
[2025-02-28T21:42:18.652+0200] {logging_mixin.py:190} INFO - [2025-02-28T21:42:18.652+0200] {override.py:1930} INFO - Created Permission View: can create on DAG Run:example_trigger_target_dag
[2025-02-28T21:42:18.654+0200] {logging_mixin.py:190} INFO - [2025-02-28T21:42:18.654+0200] {override.py:1930} INFO - Created Permission View: can read on DAG Run:example_trigger_target_dag
[2025-02-28T21:42:18.654+0200] {logging_mixin.py:190} INFO - [2025-02-28T21:42:18.654+0200] {dag.py:3239} INFO - Sync 1 DAGs
[2025-02-28T21:42:18.658+0200] {logging_mixin.py:190} INFO - [2025-02-28T21:42:18.658+0200] {dag.py:3262} INFO - Creating ORM DAG for example_trigger_target_dag
[2025-02-28T21:42:18.658+0200] {logging_mixin.py:190} INFO - [2025-02-28T21:42:18.658+0200] {dag.py:4180} INFO - Setting next_dagrun for example_trigger_target_dag to None, run_after=None
[2025-02-28T21:42:18.664+0200] {processor.py:208} INFO - Processing /Users/nampham/.pyenv/versions/3.12.9/lib/python3.12/site-packages/airflow/example_dags/example_trigger_target_dag.py took 0.127 seconds
[2025-02-28T21:43:22.866+0200] {processor.py:186} INFO - Started process (PID=9527) to work on /Users/nampham/.pyenv/versions/3.12.9/lib/python3.12/site-packages/airflow/example_dags/example_trigger_target_dag.py
[2025-02-28T21:43:22.867+0200] {processor.py:914} INFO - Processing file /Users/nampham/.pyenv/versions/3.12.9/lib/python3.12/site-packages/airflow/example_dags/example_trigger_target_dag.py for tasks to queue
[2025-02-28T21:43:22.867+0200] {logging_mixin.py:190} INFO - [2025-02-28T21:43:22.867+0200] {dagbag.py:588} INFO - Filling up the DagBag from /Users/nampham/.pyenv/versions/3.12.9/lib/python3.12/site-packages/airflow/example_dags/example_trigger_target_dag.py
[2025-02-28T21:43:22.906+0200] {processor.py:925} INFO - DAG(s) 'example_trigger_target_dag' retrieved from /Users/nampham/.pyenv/versions/3.12.9/lib/python3.12/site-packages/airflow/example_dags/example_trigger_target_dag.py
[2025-02-28T21:43:22.940+0200] {logging_mixin.py:190} INFO - [2025-02-28T21:43:22.940+0200] {dag.py:3239} INFO - Sync 1 DAGs
[2025-02-28T21:43:22.943+0200] {logging_mixin.py:190} INFO - [2025-02-28T21:43:22.943+0200] {dag.py:4180} INFO - Setting next_dagrun for example_trigger_target_dag to None, run_after=None
[2025-02-28T21:43:22.950+0200] {processor.py:208} INFO - Processing /Users/nampham/.pyenv/versions/3.12.9/lib/python3.12/site-packages/airflow/example_dags/example_trigger_target_dag.py took 0.085 seconds
[2025-02-28T21:45:21.837+0200] {processor.py:186} INFO - Started process (PID=10050) to work on /Users/nampham/.pyenv/versions/3.12.9/lib/python3.12/site-packages/airflow/example_dags/example_trigger_target_dag.py
[2025-02-28T21:45:21.837+0200] {processor.py:914} INFO - Processing file /Users/nampham/.pyenv/versions/3.12.9/lib/python3.12/site-packages/airflow/example_dags/example_trigger_target_dag.py for tasks to queue
[2025-02-28T21:45:21.838+0200] {logging_mixin.py:190} INFO - [2025-02-28T21:45:21.838+0200] {dagbag.py:588} INFO - Filling up the DagBag from /Users/nampham/.pyenv/versions/3.12.9/lib/python3.12/site-packages/airflow/example_dags/example_trigger_target_dag.py
[2025-02-28T21:45:21.875+0200] {processor.py:925} INFO - DAG(s) 'example_trigger_target_dag' retrieved from /Users/nampham/.pyenv/versions/3.12.9/lib/python3.12/site-packages/airflow/example_dags/example_trigger_target_dag.py
[2025-02-28T21:45:21.909+0200] {logging_mixin.py:190} INFO - [2025-02-28T21:45:21.909+0200] {dag.py:3239} INFO - Sync 1 DAGs
[2025-02-28T21:45:21.913+0200] {logging_mixin.py:190} INFO - [2025-02-28T21:45:21.912+0200] {dag.py:4180} INFO - Setting next_dagrun for example_trigger_target_dag to None, run_after=None
[2025-02-28T21:45:21.919+0200] {processor.py:208} INFO - Processing /Users/nampham/.pyenv/versions/3.12.9/lib/python3.12/site-packages/airflow/example_dags/example_trigger_target_dag.py took 0.083 seconds
[2025-02-28T21:47:45.129+0200] {processor.py:186} INFO - Started process (PID=10604) to work on /Users/nampham/.pyenv/versions/3.12.9/lib/python3.12/site-packages/airflow/example_dags/example_trigger_target_dag.py
[2025-02-28T21:47:45.130+0200] {processor.py:914} INFO - Processing file /Users/nampham/.pyenv/versions/3.12.9/lib/python3.12/site-packages/airflow/example_dags/example_trigger_target_dag.py for tasks to queue
[2025-02-28T21:47:45.131+0200] {logging_mixin.py:190} INFO - [2025-02-28T21:47:45.131+0200] {dagbag.py:588} INFO - Filling up the DagBag from /Users/nampham/.pyenv/versions/3.12.9/lib/python3.12/site-packages/airflow/example_dags/example_trigger_target_dag.py
[2025-02-28T21:47:45.168+0200] {processor.py:925} INFO - DAG(s) 'example_trigger_target_dag' retrieved from /Users/nampham/.pyenv/versions/3.12.9/lib/python3.12/site-packages/airflow/example_dags/example_trigger_target_dag.py
[2025-02-28T21:47:45.202+0200] {logging_mixin.py:190} INFO - [2025-02-28T21:47:45.202+0200] {dag.py:3239} INFO - Sync 1 DAGs
[2025-02-28T21:47:45.206+0200] {logging_mixin.py:190} INFO - [2025-02-28T21:47:45.206+0200] {dag.py:4180} INFO - Setting next_dagrun for example_trigger_target_dag to None, run_after=None
[2025-02-28T21:47:45.213+0200] {processor.py:208} INFO - Processing /Users/nampham/.pyenv/versions/3.12.9/lib/python3.12/site-packages/airflow/example_dags/example_trigger_target_dag.py took 0.085 seconds
[2025-02-28T22:27:39.445+0200] {processor.py:186} INFO - Started process (PID=18050) to work on /Users/nampham/.pyenv/versions/3.12.9/lib/python3.12/site-packages/airflow/example_dags/example_trigger_target_dag.py
[2025-02-28T22:27:39.446+0200] {processor.py:914} INFO - Processing file /Users/nampham/.pyenv/versions/3.12.9/lib/python3.12/site-packages/airflow/example_dags/example_trigger_target_dag.py for tasks to queue
[2025-02-28T22:27:39.447+0200] {logging_mixin.py:190} INFO - [2025-02-28T22:27:39.447+0200] {dagbag.py:588} INFO - Filling up the DagBag from /Users/nampham/.pyenv/versions/3.12.9/lib/python3.12/site-packages/airflow/example_dags/example_trigger_target_dag.py
[2025-02-28T22:27:39.486+0200] {processor.py:925} INFO - DAG(s) 'example_trigger_target_dag' retrieved from /Users/nampham/.pyenv/versions/3.12.9/lib/python3.12/site-packages/airflow/example_dags/example_trigger_target_dag.py
[2025-02-28T22:27:39.552+0200] {logging_mixin.py:190} INFO - [2025-02-28T22:27:39.552+0200] {override.py:1930} INFO - Created Permission View: can edit on DAG:example_trigger_target_dag
[2025-02-28T22:27:39.556+0200] {logging_mixin.py:190} INFO - [2025-02-28T22:27:39.556+0200] {override.py:1930} INFO - Created Permission View: can read on DAG:example_trigger_target_dag
[2025-02-28T22:27:39.558+0200] {logging_mixin.py:190} INFO - [2025-02-28T22:27:39.558+0200] {override.py:1930} INFO - Created Permission View: can delete on DAG:example_trigger_target_dag
[2025-02-28T22:27:39.560+0200] {logging_mixin.py:190} INFO - [2025-02-28T22:27:39.560+0200] {override.py:1930} INFO - Created Permission View: can delete on DAG Run:example_trigger_target_dag
[2025-02-28T22:27:39.562+0200] {logging_mixin.py:190} INFO - [2025-02-28T22:27:39.562+0200] {override.py:1930} INFO - Created Permission View: can read on DAG Run:example_trigger_target_dag
[2025-02-28T22:27:39.564+0200] {logging_mixin.py:190} INFO - [2025-02-28T22:27:39.564+0200] {override.py:1930} INFO - Created Permission View: menu access on DAG Run:example_trigger_target_dag
[2025-02-28T22:27:39.565+0200] {logging_mixin.py:190} INFO - [2025-02-28T22:27:39.565+0200] {override.py:1930} INFO - Created Permission View: can create on DAG Run:example_trigger_target_dag
[2025-02-28T22:27:39.566+0200] {logging_mixin.py:190} INFO - [2025-02-28T22:27:39.565+0200] {dag.py:3239} INFO - Sync 1 DAGs
[2025-02-28T22:27:39.570+0200] {logging_mixin.py:190} INFO - [2025-02-28T22:27:39.570+0200] {dag.py:3262} INFO - Creating ORM DAG for example_trigger_target_dag
[2025-02-28T22:27:39.570+0200] {logging_mixin.py:190} INFO - [2025-02-28T22:27:39.570+0200] {dag.py:4180} INFO - Setting next_dagrun for example_trigger_target_dag to None, run_after=None
[2025-02-28T22:27:39.576+0200] {processor.py:208} INFO - Processing /Users/nampham/.pyenv/versions/3.12.9/lib/python3.12/site-packages/airflow/example_dags/example_trigger_target_dag.py took 0.132 seconds
[2025-02-28T22:35:46.223+0200] {processor.py:186} INFO - Started process (PID=19696) to work on /Users/nampham/.pyenv/versions/3.12.9/lib/python3.12/site-packages/airflow/example_dags/example_trigger_target_dag.py
[2025-02-28T22:35:46.226+0200] {processor.py:914} INFO - Processing file /Users/nampham/.pyenv/versions/3.12.9/lib/python3.12/site-packages/airflow/example_dags/example_trigger_target_dag.py for tasks to queue
[2025-02-28T22:35:46.226+0200] {logging_mixin.py:190} INFO - [2025-02-28T22:35:46.226+0200] {dagbag.py:588} INFO - Filling up the DagBag from /Users/nampham/.pyenv/versions/3.12.9/lib/python3.12/site-packages/airflow/example_dags/example_trigger_target_dag.py
[2025-02-28T22:35:46.263+0200] {processor.py:925} INFO - DAG(s) 'example_trigger_target_dag' retrieved from /Users/nampham/.pyenv/versions/3.12.9/lib/python3.12/site-packages/airflow/example_dags/example_trigger_target_dag.py
[2025-02-28T22:35:46.326+0200] {logging_mixin.py:190} INFO - [2025-02-28T22:35:46.326+0200] {override.py:1930} INFO - Created Permission View: can delete on DAG:example_trigger_target_dag
[2025-02-28T22:35:46.329+0200] {logging_mixin.py:190} INFO - [2025-02-28T22:35:46.329+0200] {override.py:1930} INFO - Created Permission View: can read on DAG:example_trigger_target_dag
[2025-02-28T22:35:46.331+0200] {logging_mixin.py:190} INFO - [2025-02-28T22:35:46.331+0200] {override.py:1930} INFO - Created Permission View: can edit on DAG:example_trigger_target_dag
[2025-02-28T22:35:46.333+0200] {logging_mixin.py:190} INFO - [2025-02-28T22:35:46.333+0200] {override.py:1930} INFO - Created Permission View: can delete on DAG Run:example_trigger_target_dag
[2025-02-28T22:35:46.335+0200] {logging_mixin.py:190} INFO - [2025-02-28T22:35:46.335+0200] {override.py:1930} INFO - Created Permission View: can create on DAG Run:example_trigger_target_dag
[2025-02-28T22:35:46.337+0200] {logging_mixin.py:190} INFO - [2025-02-28T22:35:46.337+0200] {override.py:1930} INFO - Created Permission View: can read on DAG Run:example_trigger_target_dag
[2025-02-28T22:35:46.339+0200] {logging_mixin.py:190} INFO - [2025-02-28T22:35:46.339+0200] {override.py:1930} INFO - Created Permission View: menu access on DAG Run:example_trigger_target_dag
[2025-02-28T22:35:46.339+0200] {logging_mixin.py:190} INFO - [2025-02-28T22:35:46.339+0200] {dag.py:3239} INFO - Sync 1 DAGs
[2025-02-28T22:35:46.343+0200] {logging_mixin.py:190} INFO - [2025-02-28T22:35:46.343+0200] {dag.py:3262} INFO - Creating ORM DAG for example_trigger_target_dag
[2025-02-28T22:35:46.343+0200] {logging_mixin.py:190} INFO - [2025-02-28T22:35:46.343+0200] {dag.py:4180} INFO - Setting next_dagrun for example_trigger_target_dag to None, run_after=None
[2025-02-28T22:35:46.350+0200] {processor.py:208} INFO - Processing /Users/nampham/.pyenv/versions/3.12.9/lib/python3.12/site-packages/airflow/example_dags/example_trigger_target_dag.py took 0.129 seconds
[2025-02-28T22:37:54.873+0200] {processor.py:186} INFO - Started process (PID=20203) to work on /Users/nampham/.pyenv/versions/3.12.9/lib/python3.12/site-packages/airflow/example_dags/example_trigger_target_dag.py
[2025-02-28T22:37:54.874+0200] {processor.py:914} INFO - Processing file /Users/nampham/.pyenv/versions/3.12.9/lib/python3.12/site-packages/airflow/example_dags/example_trigger_target_dag.py for tasks to queue
[2025-02-28T22:37:54.874+0200] {logging_mixin.py:190} INFO - [2025-02-28T22:37:54.874+0200] {dagbag.py:588} INFO - Filling up the DagBag from /Users/nampham/.pyenv/versions/3.12.9/lib/python3.12/site-packages/airflow/example_dags/example_trigger_target_dag.py
[2025-02-28T22:37:54.911+0200] {processor.py:925} INFO - DAG(s) 'example_trigger_target_dag' retrieved from /Users/nampham/.pyenv/versions/3.12.9/lib/python3.12/site-packages/airflow/example_dags/example_trigger_target_dag.py
[2025-02-28T22:37:54.944+0200] {logging_mixin.py:190} INFO - [2025-02-28T22:37:54.944+0200] {dag.py:3239} INFO - Sync 1 DAGs
[2025-02-28T22:37:54.947+0200] {logging_mixin.py:190} INFO - [2025-02-28T22:37:54.947+0200] {dag.py:4180} INFO - Setting next_dagrun for example_trigger_target_dag to None, run_after=None
[2025-02-28T22:37:54.953+0200] {processor.py:208} INFO - Processing /Users/nampham/.pyenv/versions/3.12.9/lib/python3.12/site-packages/airflow/example_dags/example_trigger_target_dag.py took 0.081 seconds
[2025-02-28T22:39:16.177+0200] {processor.py:186} INFO - Started process (PID=20476) to work on /Users/nampham/.pyenv/versions/3.12.9/lib/python3.12/site-packages/airflow/example_dags/example_trigger_target_dag.py
[2025-02-28T22:39:16.178+0200] {processor.py:914} INFO - Processing file /Users/nampham/.pyenv/versions/3.12.9/lib/python3.12/site-packages/airflow/example_dags/example_trigger_target_dag.py for tasks to queue
[2025-02-28T22:39:16.178+0200] {logging_mixin.py:190} INFO - [2025-02-28T22:39:16.178+0200] {dagbag.py:588} INFO - Filling up the DagBag from /Users/nampham/.pyenv/versions/3.12.9/lib/python3.12/site-packages/airflow/example_dags/example_trigger_target_dag.py
[2025-02-28T22:39:16.215+0200] {processor.py:925} INFO - DAG(s) 'example_trigger_target_dag' retrieved from /Users/nampham/.pyenv/versions/3.12.9/lib/python3.12/site-packages/airflow/example_dags/example_trigger_target_dag.py
[2025-02-28T22:39:16.248+0200] {logging_mixin.py:190} INFO - [2025-02-28T22:39:16.248+0200] {dag.py:3239} INFO - Sync 1 DAGs
[2025-02-28T22:39:16.252+0200] {logging_mixin.py:190} INFO - [2025-02-28T22:39:16.252+0200] {dag.py:4180} INFO - Setting next_dagrun for example_trigger_target_dag to None, run_after=None
[2025-02-28T22:39:16.258+0200] {processor.py:208} INFO - Processing /Users/nampham/.pyenv/versions/3.12.9/lib/python3.12/site-packages/airflow/example_dags/example_trigger_target_dag.py took 0.082 seconds
[2025-02-28T22:40:56.098+0200] {processor.py:186} INFO - Started process (PID=20801) to work on /Users/nampham/.pyenv/versions/3.12.9/lib/python3.12/site-packages/airflow/example_dags/example_trigger_target_dag.py
[2025-02-28T22:40:56.100+0200] {processor.py:914} INFO - Processing file /Users/nampham/.pyenv/versions/3.12.9/lib/python3.12/site-packages/airflow/example_dags/example_trigger_target_dag.py for tasks to queue
[2025-02-28T22:40:56.100+0200] {logging_mixin.py:190} INFO - [2025-02-28T22:40:56.100+0200] {dagbag.py:588} INFO - Filling up the DagBag from /Users/nampham/.pyenv/versions/3.12.9/lib/python3.12/site-packages/airflow/example_dags/example_trigger_target_dag.py
[2025-02-28T22:40:56.136+0200] {processor.py:925} INFO - DAG(s) 'example_trigger_target_dag' retrieved from /Users/nampham/.pyenv/versions/3.12.9/lib/python3.12/site-packages/airflow/example_dags/example_trigger_target_dag.py
[2025-02-28T22:40:56.169+0200] {logging_mixin.py:190} INFO - [2025-02-28T22:40:56.169+0200] {dag.py:3239} INFO - Sync 1 DAGs
[2025-02-28T22:40:56.173+0200] {logging_mixin.py:190} INFO - [2025-02-28T22:40:56.173+0200] {dag.py:4180} INFO - Setting next_dagrun for example_trigger_target_dag to None, run_after=None
[2025-02-28T22:40:56.179+0200] {processor.py:208} INFO - Processing /Users/nampham/.pyenv/versions/3.12.9/lib/python3.12/site-packages/airflow/example_dags/example_trigger_target_dag.py took 0.082 seconds
[2025-02-28T22:42:05.685+0200] {processor.py:186} INFO - Started process (PID=21035) to work on /Users/nampham/.pyenv/versions/3.12.9/lib/python3.12/site-packages/airflow/example_dags/example_trigger_target_dag.py
[2025-02-28T22:42:05.686+0200] {processor.py:914} INFO - Processing file /Users/nampham/.pyenv/versions/3.12.9/lib/python3.12/site-packages/airflow/example_dags/example_trigger_target_dag.py for tasks to queue
[2025-02-28T22:42:05.686+0200] {logging_mixin.py:190} INFO - [2025-02-28T22:42:05.686+0200] {dagbag.py:588} INFO - Filling up the DagBag from /Users/nampham/.pyenv/versions/3.12.9/lib/python3.12/site-packages/airflow/example_dags/example_trigger_target_dag.py
[2025-02-28T22:42:05.723+0200] {processor.py:925} INFO - DAG(s) 'example_trigger_target_dag' retrieved from /Users/nampham/.pyenv/versions/3.12.9/lib/python3.12/site-packages/airflow/example_dags/example_trigger_target_dag.py
[2025-02-28T22:42:05.755+0200] {logging_mixin.py:190} INFO - [2025-02-28T22:42:05.755+0200] {dag.py:3239} INFO - Sync 1 DAGs
[2025-02-28T22:42:05.759+0200] {logging_mixin.py:190} INFO - [2025-02-28T22:42:05.759+0200] {dag.py:4180} INFO - Setting next_dagrun for example_trigger_target_dag to None, run_after=None
[2025-02-28T22:42:05.765+0200] {processor.py:208} INFO - Processing /Users/nampham/.pyenv/versions/3.12.9/lib/python3.12/site-packages/airflow/example_dags/example_trigger_target_dag.py took 0.081 seconds
[2025-02-28T22:43:19.098+0200] {processor.py:186} INFO - Started process (PID=21310) to work on /Users/nampham/.pyenv/versions/3.12.9/lib/python3.12/site-packages/airflow/example_dags/example_trigger_target_dag.py
[2025-02-28T22:43:19.099+0200] {processor.py:914} INFO - Processing file /Users/nampham/.pyenv/versions/3.12.9/lib/python3.12/site-packages/airflow/example_dags/example_trigger_target_dag.py for tasks to queue
[2025-02-28T22:43:19.099+0200] {logging_mixin.py:190} INFO - [2025-02-28T22:43:19.099+0200] {dagbag.py:588} INFO - Filling up the DagBag from /Users/nampham/.pyenv/versions/3.12.9/lib/python3.12/site-packages/airflow/example_dags/example_trigger_target_dag.py
[2025-02-28T22:43:19.136+0200] {processor.py:925} INFO - DAG(s) 'example_trigger_target_dag' retrieved from /Users/nampham/.pyenv/versions/3.12.9/lib/python3.12/site-packages/airflow/example_dags/example_trigger_target_dag.py
[2025-02-28T22:43:19.169+0200] {logging_mixin.py:190} INFO - [2025-02-28T22:43:19.169+0200] {dag.py:3239} INFO - Sync 1 DAGs
[2025-02-28T22:43:19.173+0200] {logging_mixin.py:190} INFO - [2025-02-28T22:43:19.173+0200] {dag.py:4180} INFO - Setting next_dagrun for example_trigger_target_dag to None, run_after=None
[2025-02-28T22:43:19.179+0200] {processor.py:208} INFO - Processing /Users/nampham/.pyenv/versions/3.12.9/lib/python3.12/site-packages/airflow/example_dags/example_trigger_target_dag.py took 0.082 seconds
[2025-02-28T22:44:35.615+0200] {processor.py:186} INFO - Started process (PID=21584) to work on /Users/nampham/.pyenv/versions/3.12.9/lib/python3.12/site-packages/airflow/example_dags/example_trigger_target_dag.py
[2025-02-28T22:44:35.616+0200] {processor.py:914} INFO - Processing file /Users/nampham/.pyenv/versions/3.12.9/lib/python3.12/site-packages/airflow/example_dags/example_trigger_target_dag.py for tasks to queue
[2025-02-28T22:44:35.617+0200] {logging_mixin.py:190} INFO - [2025-02-28T22:44:35.617+0200] {dagbag.py:588} INFO - Filling up the DagBag from /Users/nampham/.pyenv/versions/3.12.9/lib/python3.12/site-packages/airflow/example_dags/example_trigger_target_dag.py
[2025-02-28T22:44:35.653+0200] {processor.py:925} INFO - DAG(s) 'example_trigger_target_dag' retrieved from /Users/nampham/.pyenv/versions/3.12.9/lib/python3.12/site-packages/airflow/example_dags/example_trigger_target_dag.py
[2025-02-28T22:44:35.686+0200] {logging_mixin.py:190} INFO - [2025-02-28T22:44:35.686+0200] {dag.py:3239} INFO - Sync 1 DAGs
[2025-02-28T22:44:35.690+0200] {logging_mixin.py:190} INFO - [2025-02-28T22:44:35.690+0200] {dag.py:4180} INFO - Setting next_dagrun for example_trigger_target_dag to None, run_after=None
[2025-02-28T22:44:35.696+0200] {processor.py:208} INFO - Processing /Users/nampham/.pyenv/versions/3.12.9/lib/python3.12/site-packages/airflow/example_dags/example_trigger_target_dag.py took 0.082 seconds
[2025-02-28T22:46:19.047+0200] {processor.py:186} INFO - Started process (PID=21934) to work on /Users/nampham/.pyenv/versions/3.12.9/lib/python3.12/site-packages/airflow/example_dags/example_trigger_target_dag.py
[2025-02-28T22:46:19.048+0200] {processor.py:914} INFO - Processing file /Users/nampham/.pyenv/versions/3.12.9/lib/python3.12/site-packages/airflow/example_dags/example_trigger_target_dag.py for tasks to queue
[2025-02-28T22:46:19.048+0200] {logging_mixin.py:190} INFO - [2025-02-28T22:46:19.048+0200] {dagbag.py:588} INFO - Filling up the DagBag from /Users/nampham/.pyenv/versions/3.12.9/lib/python3.12/site-packages/airflow/example_dags/example_trigger_target_dag.py
[2025-02-28T22:46:19.085+0200] {processor.py:925} INFO - DAG(s) 'example_trigger_target_dag' retrieved from /Users/nampham/.pyenv/versions/3.12.9/lib/python3.12/site-packages/airflow/example_dags/example_trigger_target_dag.py
[2025-02-28T22:46:19.117+0200] {logging_mixin.py:190} INFO - [2025-02-28T22:46:19.117+0200] {dag.py:3239} INFO - Sync 1 DAGs
[2025-02-28T22:46:19.121+0200] {logging_mixin.py:190} INFO - [2025-02-28T22:46:19.121+0200] {dag.py:4180} INFO - Setting next_dagrun for example_trigger_target_dag to None, run_after=None
[2025-02-28T22:46:19.127+0200] {processor.py:208} INFO - Processing /Users/nampham/.pyenv/versions/3.12.9/lib/python3.12/site-packages/airflow/example_dags/example_trigger_target_dag.py took 0.082 seconds
[2025-02-28T22:48:17.578+0200] {processor.py:186} INFO - Started process (PID=22225) to work on /Users/nampham/.pyenv/versions/3.12.9/lib/python3.12/site-packages/airflow/example_dags/example_trigger_target_dag.py
[2025-02-28T22:48:17.578+0200] {processor.py:914} INFO - Processing file /Users/nampham/.pyenv/versions/3.12.9/lib/python3.12/site-packages/airflow/example_dags/example_trigger_target_dag.py for tasks to queue
[2025-02-28T22:48:17.579+0200] {logging_mixin.py:190} INFO - [2025-02-28T22:48:17.579+0200] {dagbag.py:588} INFO - Filling up the DagBag from /Users/nampham/.pyenv/versions/3.12.9/lib/python3.12/site-packages/airflow/example_dags/example_trigger_target_dag.py
[2025-02-28T22:48:17.630+0200] {processor.py:925} INFO - DAG(s) 'example_trigger_target_dag' retrieved from /Users/nampham/.pyenv/versions/3.12.9/lib/python3.12/site-packages/airflow/example_dags/example_trigger_target_dag.py
[2025-02-28T22:48:17.667+0200] {logging_mixin.py:190} INFO - [2025-02-28T22:48:17.667+0200] {dag.py:3239} INFO - Sync 1 DAGs
[2025-02-28T22:48:17.672+0200] {logging_mixin.py:190} INFO - [2025-02-28T22:48:17.672+0200] {dag.py:4180} INFO - Setting next_dagrun for example_trigger_target_dag to None, run_after=None
[2025-02-28T22:48:17.679+0200] {processor.py:208} INFO - Processing /Users/nampham/.pyenv/versions/3.12.9/lib/python3.12/site-packages/airflow/example_dags/example_trigger_target_dag.py took 0.103 seconds
[2025-02-28T22:54:35.003+0200] {processor.py:186} INFO - Started process (PID=22673) to work on /Users/nampham/.pyenv/versions/3.12.9/lib/python3.12/site-packages/airflow/example_dags/example_trigger_target_dag.py
[2025-02-28T22:54:35.003+0200] {processor.py:914} INFO - Processing file /Users/nampham/.pyenv/versions/3.12.9/lib/python3.12/site-packages/airflow/example_dags/example_trigger_target_dag.py for tasks to queue
[2025-02-28T22:54:35.004+0200] {logging_mixin.py:190} INFO - [2025-02-28T22:54:35.004+0200] {dagbag.py:588} INFO - Filling up the DagBag from /Users/nampham/.pyenv/versions/3.12.9/lib/python3.12/site-packages/airflow/example_dags/example_trigger_target_dag.py
[2025-02-28T22:54:35.041+0200] {processor.py:925} INFO - DAG(s) 'example_trigger_target_dag' retrieved from /Users/nampham/.pyenv/versions/3.12.9/lib/python3.12/site-packages/airflow/example_dags/example_trigger_target_dag.py
[2025-02-28T22:54:35.073+0200] {logging_mixin.py:190} INFO - [2025-02-28T22:54:35.073+0200] {dag.py:3239} INFO - Sync 1 DAGs
[2025-02-28T22:54:35.077+0200] {logging_mixin.py:190} INFO - [2025-02-28T22:54:35.077+0200] {dag.py:4180} INFO - Setting next_dagrun for example_trigger_target_dag to None, run_after=None
[2025-02-28T22:54:35.083+0200] {processor.py:208} INFO - Processing /Users/nampham/.pyenv/versions/3.12.9/lib/python3.12/site-packages/airflow/example_dags/example_trigger_target_dag.py took 0.081 seconds
[2025-02-28T22:56:19.582+0200] {processor.py:186} INFO - Started process (PID=23028) to work on /Users/nampham/.pyenv/versions/3.12.9/lib/python3.12/site-packages/airflow/example_dags/example_trigger_target_dag.py
[2025-02-28T22:56:19.583+0200] {processor.py:914} INFO - Processing file /Users/nampham/.pyenv/versions/3.12.9/lib/python3.12/site-packages/airflow/example_dags/example_trigger_target_dag.py for tasks to queue
[2025-02-28T22:56:19.584+0200] {logging_mixin.py:190} INFO - [2025-02-28T22:56:19.583+0200] {dagbag.py:588} INFO - Filling up the DagBag from /Users/nampham/.pyenv/versions/3.12.9/lib/python3.12/site-packages/airflow/example_dags/example_trigger_target_dag.py
[2025-02-28T22:56:19.620+0200] {processor.py:925} INFO - DAG(s) 'example_trigger_target_dag' retrieved from /Users/nampham/.pyenv/versions/3.12.9/lib/python3.12/site-packages/airflow/example_dags/example_trigger_target_dag.py
[2025-02-28T22:56:19.652+0200] {logging_mixin.py:190} INFO - [2025-02-28T22:56:19.652+0200] {dag.py:3239} INFO - Sync 1 DAGs
[2025-02-28T22:56:19.656+0200] {logging_mixin.py:190} INFO - [2025-02-28T22:56:19.656+0200] {dag.py:4180} INFO - Setting next_dagrun for example_trigger_target_dag to None, run_after=None
[2025-02-28T22:56:19.662+0200] {processor.py:208} INFO - Processing /Users/nampham/.pyenv/versions/3.12.9/lib/python3.12/site-packages/airflow/example_dags/example_trigger_target_dag.py took 0.081 seconds
[2025-02-28T22:57:46.428+0200] {processor.py:186} INFO - Started process (PID=23314) to work on /Users/nampham/.pyenv/versions/3.12.9/lib/python3.12/site-packages/airflow/example_dags/example_trigger_target_dag.py
[2025-02-28T22:57:46.429+0200] {processor.py:914} INFO - Processing file /Users/nampham/.pyenv/versions/3.12.9/lib/python3.12/site-packages/airflow/example_dags/example_trigger_target_dag.py for tasks to queue
[2025-02-28T22:57:46.429+0200] {logging_mixin.py:190} INFO - [2025-02-28T22:57:46.429+0200] {dagbag.py:588} INFO - Filling up the DagBag from /Users/nampham/.pyenv/versions/3.12.9/lib/python3.12/site-packages/airflow/example_dags/example_trigger_target_dag.py
[2025-02-28T22:57:46.465+0200] {processor.py:925} INFO - DAG(s) 'example_trigger_target_dag' retrieved from /Users/nampham/.pyenv/versions/3.12.9/lib/python3.12/site-packages/airflow/example_dags/example_trigger_target_dag.py
[2025-02-28T22:57:46.498+0200] {logging_mixin.py:190} INFO - [2025-02-28T22:57:46.498+0200] {dag.py:3239} INFO - Sync 1 DAGs
[2025-02-28T22:57:46.502+0200] {logging_mixin.py:190} INFO - [2025-02-28T22:57:46.502+0200] {dag.py:4180} INFO - Setting next_dagrun for example_trigger_target_dag to None, run_after=None
[2025-02-28T22:57:46.508+0200] {processor.py:208} INFO - Processing /Users/nampham/.pyenv/versions/3.12.9/lib/python3.12/site-packages/airflow/example_dags/example_trigger_target_dag.py took 0.081 seconds
[2025-02-28T22:59:03.909+0200] {processor.py:186} INFO - Started process (PID=23569) to work on /Users/nampham/.pyenv/versions/3.12.9/lib/python3.12/site-packages/airflow/example_dags/example_trigger_target_dag.py
[2025-02-28T22:59:03.909+0200] {processor.py:914} INFO - Processing file /Users/nampham/.pyenv/versions/3.12.9/lib/python3.12/site-packages/airflow/example_dags/example_trigger_target_dag.py for tasks to queue
[2025-02-28T22:59:03.910+0200] {logging_mixin.py:190} INFO - [2025-02-28T22:59:03.910+0200] {dagbag.py:588} INFO - Filling up the DagBag from /Users/nampham/.pyenv/versions/3.12.9/lib/python3.12/site-packages/airflow/example_dags/example_trigger_target_dag.py
[2025-02-28T22:59:03.946+0200] {processor.py:925} INFO - DAG(s) 'example_trigger_target_dag' retrieved from /Users/nampham/.pyenv/versions/3.12.9/lib/python3.12/site-packages/airflow/example_dags/example_trigger_target_dag.py
[2025-02-28T22:59:03.979+0200] {logging_mixin.py:190} INFO - [2025-02-28T22:59:03.979+0200] {dag.py:3239} INFO - Sync 1 DAGs
[2025-02-28T22:59:03.983+0200] {logging_mixin.py:190} INFO - [2025-02-28T22:59:03.983+0200] {dag.py:4180} INFO - Setting next_dagrun for example_trigger_target_dag to None, run_after=None
[2025-02-28T22:59:03.989+0200] {processor.py:208} INFO - Processing /Users/nampham/.pyenv/versions/3.12.9/lib/python3.12/site-packages/airflow/example_dags/example_trigger_target_dag.py took 0.081 seconds
[2025-02-28T23:00:47.871+0200] {processor.py:186} INFO - Started process (PID=23934) to work on /Users/nampham/.pyenv/versions/3.12.9/lib/python3.12/site-packages/airflow/example_dags/example_trigger_target_dag.py
[2025-02-28T23:00:47.872+0200] {processor.py:914} INFO - Processing file /Users/nampham/.pyenv/versions/3.12.9/lib/python3.12/site-packages/airflow/example_dags/example_trigger_target_dag.py for tasks to queue
[2025-02-28T23:00:47.872+0200] {logging_mixin.py:190} INFO - [2025-02-28T23:00:47.872+0200] {dagbag.py:588} INFO - Filling up the DagBag from /Users/nampham/.pyenv/versions/3.12.9/lib/python3.12/site-packages/airflow/example_dags/example_trigger_target_dag.py
[2025-02-28T23:00:47.909+0200] {processor.py:925} INFO - DAG(s) 'example_trigger_target_dag' retrieved from /Users/nampham/.pyenv/versions/3.12.9/lib/python3.12/site-packages/airflow/example_dags/example_trigger_target_dag.py
[2025-02-28T23:00:47.942+0200] {logging_mixin.py:190} INFO - [2025-02-28T23:00:47.942+0200] {dag.py:3239} INFO - Sync 1 DAGs
[2025-02-28T23:00:47.945+0200] {logging_mixin.py:190} INFO - [2025-02-28T23:00:47.945+0200] {dag.py:4180} INFO - Setting next_dagrun for example_trigger_target_dag to None, run_after=None
[2025-02-28T23:00:47.952+0200] {processor.py:208} INFO - Processing /Users/nampham/.pyenv/versions/3.12.9/lib/python3.12/site-packages/airflow/example_dags/example_trigger_target_dag.py took 0.081 seconds
[2025-02-28T23:02:02.504+0200] {processor.py:186} INFO - Started process (PID=24182) to work on /Users/nampham/.pyenv/versions/3.12.9/lib/python3.12/site-packages/airflow/example_dags/example_trigger_target_dag.py
[2025-02-28T23:02:02.505+0200] {processor.py:914} INFO - Processing file /Users/nampham/.pyenv/versions/3.12.9/lib/python3.12/site-packages/airflow/example_dags/example_trigger_target_dag.py for tasks to queue
[2025-02-28T23:02:02.506+0200] {logging_mixin.py:190} INFO - [2025-02-28T23:02:02.506+0200] {dagbag.py:588} INFO - Filling up the DagBag from /Users/nampham/.pyenv/versions/3.12.9/lib/python3.12/site-packages/airflow/example_dags/example_trigger_target_dag.py
[2025-02-28T23:02:02.542+0200] {processor.py:925} INFO - DAG(s) 'example_trigger_target_dag' retrieved from /Users/nampham/.pyenv/versions/3.12.9/lib/python3.12/site-packages/airflow/example_dags/example_trigger_target_dag.py
[2025-02-28T23:02:02.575+0200] {logging_mixin.py:190} INFO - [2025-02-28T23:02:02.575+0200] {dag.py:3239} INFO - Sync 1 DAGs
[2025-02-28T23:02:02.579+0200] {logging_mixin.py:190} INFO - [2025-02-28T23:02:02.579+0200] {dag.py:4180} INFO - Setting next_dagrun for example_trigger_target_dag to None, run_after=None
[2025-02-28T23:02:02.585+0200] {processor.py:208} INFO - Processing /Users/nampham/.pyenv/versions/3.12.9/lib/python3.12/site-packages/airflow/example_dags/example_trigger_target_dag.py took 0.082 seconds
