[2025-02-28T18:25:07.092+0200] {processor.py:186} INFO - Started process (PID=93243) to work on /Users/nampham/.pyenv/versions/3.12.9/lib/python3.12/site-packages/airflow/example_dags/example_sensor_decorator.py
[2025-02-28T18:25:07.093+0200] {processor.py:914} INFO - Processing file /Users/nampham/.pyenv/versions/3.12.9/lib/python3.12/site-packages/airflow/example_dags/example_sensor_decorator.py for tasks to queue
[2025-02-28T18:25:07.093+0200] {logging_mixin.py:190} INFO - [2025-02-28T18:25:07.093+0200] {dagbag.py:588} INFO - Filling up the DagBag from /Users/nampham/.pyenv/versions/3.12.9/lib/python3.12/site-packages/airflow/example_dags/example_sensor_decorator.py
[2025-02-28T18:25:07.130+0200] {processor.py:925} INFO - DAG(s) 'example_sensor_decorator' retrieved from /Users/nampham/.pyenv/versions/3.12.9/lib/python3.12/site-packages/airflow/example_dags/example_sensor_decorator.py
[2025-02-28T18:25:07.478+0200] {logging_mixin.py:190} INFO - [2025-02-28T18:25:07.478+0200] {override.py:1930} INFO - Created Permission View: can delete on DAG:example_sensor_decorator
[2025-02-28T18:25:07.481+0200] {logging_mixin.py:190} INFO - [2025-02-28T18:25:07.481+0200] {override.py:1930} INFO - Created Permission View: can edit on DAG:example_sensor_decorator
[2025-02-28T18:25:07.483+0200] {logging_mixin.py:190} INFO - [2025-02-28T18:25:07.483+0200] {override.py:1930} INFO - Created Permission View: can read on DAG:example_sensor_decorator
[2025-02-28T18:25:07.485+0200] {logging_mixin.py:190} INFO - [2025-02-28T18:25:07.485+0200] {override.py:1930} INFO - Created Permission View: can create on DAG Run:example_sensor_decorator
[2025-02-28T18:25:07.487+0200] {logging_mixin.py:190} INFO - [2025-02-28T18:25:07.487+0200] {override.py:1930} INFO - Created Permission View: can delete on DAG Run:example_sensor_decorator
[2025-02-28T18:25:07.489+0200] {logging_mixin.py:190} INFO - [2025-02-28T18:25:07.489+0200] {override.py:1930} INFO - Created Permission View: menu access on DAG Run:example_sensor_decorator
[2025-02-28T18:25:07.491+0200] {logging_mixin.py:190} INFO - [2025-02-28T18:25:07.491+0200] {override.py:1930} INFO - Created Permission View: can read on DAG Run:example_sensor_decorator
[2025-02-28T18:25:07.491+0200] {logging_mixin.py:190} INFO - [2025-02-28T18:25:07.491+0200] {dag.py:3239} INFO - Sync 1 DAGs
[2025-02-28T18:25:07.495+0200] {logging_mixin.py:190} INFO - [2025-02-28T18:25:07.495+0200] {dag.py:3262} INFO - Creating ORM DAG for example_sensor_decorator
[2025-02-28T18:25:07.495+0200] {logging_mixin.py:190} INFO - [2025-02-28T18:25:07.495+0200] {dag.py:4180} INFO - Setting next_dagrun for example_sensor_decorator to None, run_after=None
[2025-02-28T18:25:07.500+0200] {processor.py:208} INFO - Processing /Users/nampham/.pyenv/versions/3.12.9/lib/python3.12/site-packages/airflow/example_dags/example_sensor_decorator.py took 0.409 seconds
[2025-02-28T18:26:56.736+0200] {processor.py:186} INFO - Started process (PID=93684) to work on /Users/nampham/.pyenv/versions/3.12.9/lib/python3.12/site-packages/airflow/example_dags/example_sensor_decorator.py
[2025-02-28T18:26:56.737+0200] {processor.py:914} INFO - Processing file /Users/nampham/.pyenv/versions/3.12.9/lib/python3.12/site-packages/airflow/example_dags/example_sensor_decorator.py for tasks to queue
[2025-02-28T18:26:56.737+0200] {logging_mixin.py:190} INFO - [2025-02-28T18:26:56.737+0200] {dagbag.py:588} INFO - Filling up the DagBag from /Users/nampham/.pyenv/versions/3.12.9/lib/python3.12/site-packages/airflow/example_dags/example_sensor_decorator.py
[2025-02-28T18:26:56.777+0200] {processor.py:925} INFO - DAG(s) 'example_sensor_decorator' retrieved from /Users/nampham/.pyenv/versions/3.12.9/lib/python3.12/site-packages/airflow/example_dags/example_sensor_decorator.py
[2025-02-28T18:26:57.128+0200] {logging_mixin.py:190} INFO - [2025-02-28T18:26:57.128+0200] {dag.py:3239} INFO - Sync 1 DAGs
[2025-02-28T18:26:57.132+0200] {logging_mixin.py:190} INFO - [2025-02-28T18:26:57.132+0200] {dag.py:4180} INFO - Setting next_dagrun for example_sensor_decorator to None, run_after=None
[2025-02-28T18:26:57.140+0200] {processor.py:208} INFO - Processing /Users/nampham/.pyenv/versions/3.12.9/lib/python3.12/site-packages/airflow/example_dags/example_sensor_decorator.py took 0.406 seconds
[2025-02-28T18:29:37.969+0200] {processor.py:186} INFO - Started process (PID=94329) to work on /Users/nampham/.pyenv/versions/3.12.9/lib/python3.12/site-packages/airflow/example_dags/example_sensor_decorator.py
[2025-02-28T18:29:37.970+0200] {processor.py:914} INFO - Processing file /Users/nampham/.pyenv/versions/3.12.9/lib/python3.12/site-packages/airflow/example_dags/example_sensor_decorator.py for tasks to queue
[2025-02-28T18:29:37.970+0200] {logging_mixin.py:190} INFO - [2025-02-28T18:29:37.970+0200] {dagbag.py:588} INFO - Filling up the DagBag from /Users/nampham/.pyenv/versions/3.12.9/lib/python3.12/site-packages/airflow/example_dags/example_sensor_decorator.py
[2025-02-28T18:29:38.013+0200] {processor.py:925} INFO - DAG(s) 'example_sensor_decorator' retrieved from /Users/nampham/.pyenv/versions/3.12.9/lib/python3.12/site-packages/airflow/example_dags/example_sensor_decorator.py
[2025-02-28T18:29:38.345+0200] {logging_mixin.py:190} INFO - [2025-02-28T18:29:38.345+0200] {dag.py:3239} INFO - Sync 1 DAGs
[2025-02-28T18:29:38.350+0200] {logging_mixin.py:190} INFO - [2025-02-28T18:29:38.350+0200] {dag.py:4180} INFO - Setting next_dagrun for example_sensor_decorator to None, run_after=None
[2025-02-28T18:29:38.358+0200] {processor.py:208} INFO - Processing /Users/nampham/.pyenv/versions/3.12.9/lib/python3.12/site-packages/airflow/example_dags/example_sensor_decorator.py took 0.390 seconds
[2025-02-28T20:11:22.583+0200] {processor.py:186} INFO - Started process (PID=97343) to work on /Users/nampham/.pyenv/versions/3.12.9/lib/python3.12/site-packages/airflow/example_dags/example_sensor_decorator.py
[2025-02-28T20:11:22.583+0200] {processor.py:914} INFO - Processing file /Users/nampham/.pyenv/versions/3.12.9/lib/python3.12/site-packages/airflow/example_dags/example_sensor_decorator.py for tasks to queue
[2025-02-28T20:11:22.584+0200] {logging_mixin.py:190} INFO - [2025-02-28T20:11:22.584+0200] {dagbag.py:588} INFO - Filling up the DagBag from /Users/nampham/.pyenv/versions/3.12.9/lib/python3.12/site-packages/airflow/example_dags/example_sensor_decorator.py
[2025-02-28T20:11:22.623+0200] {processor.py:925} INFO - DAG(s) 'example_sensor_decorator' retrieved from /Users/nampham/.pyenv/versions/3.12.9/lib/python3.12/site-packages/airflow/example_dags/example_sensor_decorator.py
[2025-02-28T20:11:23.008+0200] {logging_mixin.py:190} INFO - [2025-02-28T20:11:23.008+0200] {dag.py:3239} INFO - Sync 1 DAGs
[2025-02-28T20:11:23.012+0200] {logging_mixin.py:190} INFO - [2025-02-28T20:11:23.012+0200] {dag.py:4180} INFO - Setting next_dagrun for example_sensor_decorator to None, run_after=None
[2025-02-28T20:11:23.018+0200] {processor.py:208} INFO - Processing /Users/nampham/.pyenv/versions/3.12.9/lib/python3.12/site-packages/airflow/example_dags/example_sensor_decorator.py took 0.437 seconds
[2025-02-28T20:13:11.012+0200] {processor.py:186} INFO - Started process (PID=97962) to work on /Users/nampham/.pyenv/versions/3.12.9/lib/python3.12/site-packages/airflow/example_dags/example_sensor_decorator.py
[2025-02-28T20:13:11.013+0200] {processor.py:914} INFO - Processing file /Users/nampham/.pyenv/versions/3.12.9/lib/python3.12/site-packages/airflow/example_dags/example_sensor_decorator.py for tasks to queue
[2025-02-28T20:13:11.013+0200] {logging_mixin.py:190} INFO - [2025-02-28T20:13:11.013+0200] {dagbag.py:588} INFO - Filling up the DagBag from /Users/nampham/.pyenv/versions/3.12.9/lib/python3.12/site-packages/airflow/example_dags/example_sensor_decorator.py
[2025-02-28T20:13:11.052+0200] {processor.py:925} INFO - DAG(s) 'example_sensor_decorator' retrieved from /Users/nampham/.pyenv/versions/3.12.9/lib/python3.12/site-packages/airflow/example_dags/example_sensor_decorator.py
[2025-02-28T20:13:11.327+0200] {logging_mixin.py:190} INFO - [2025-02-28T20:13:11.326+0200] {dag.py:3239} INFO - Sync 1 DAGs
[2025-02-28T20:13:11.331+0200] {logging_mixin.py:190} INFO - [2025-02-28T20:13:11.331+0200] {dag.py:4180} INFO - Setting next_dagrun for example_sensor_decorator to None, run_after=None
[2025-02-28T20:13:11.341+0200] {processor.py:208} INFO - Processing /Users/nampham/.pyenv/versions/3.12.9/lib/python3.12/site-packages/airflow/example_dags/example_sensor_decorator.py took 0.330 seconds
[2025-02-28T20:15:00.345+0200] {processor.py:186} INFO - Started process (PID=98403) to work on /Users/nampham/.pyenv/versions/3.12.9/lib/python3.12/site-packages/airflow/example_dags/example_sensor_decorator.py
[2025-02-28T20:15:00.346+0200] {processor.py:914} INFO - Processing file /Users/nampham/.pyenv/versions/3.12.9/lib/python3.12/site-packages/airflow/example_dags/example_sensor_decorator.py for tasks to queue
[2025-02-28T20:15:00.346+0200] {logging_mixin.py:190} INFO - [2025-02-28T20:15:00.346+0200] {dagbag.py:588} INFO - Filling up the DagBag from /Users/nampham/.pyenv/versions/3.12.9/lib/python3.12/site-packages/airflow/example_dags/example_sensor_decorator.py
[2025-02-28T20:15:00.387+0200] {processor.py:925} INFO - DAG(s) 'example_sensor_decorator' retrieved from /Users/nampham/.pyenv/versions/3.12.9/lib/python3.12/site-packages/airflow/example_dags/example_sensor_decorator.py
[2025-02-28T20:15:00.657+0200] {logging_mixin.py:190} INFO - [2025-02-28T20:15:00.657+0200] {dag.py:3239} INFO - Sync 1 DAGs
[2025-02-28T20:15:00.666+0200] {logging_mixin.py:190} INFO - [2025-02-28T20:15:00.666+0200] {dag.py:4180} INFO - Setting next_dagrun for example_sensor_decorator to None, run_after=None
[2025-02-28T20:15:00.675+0200] {processor.py:208} INFO - Processing /Users/nampham/.pyenv/versions/3.12.9/lib/python3.12/site-packages/airflow/example_dags/example_sensor_decorator.py took 0.332 seconds
[2025-02-28T20:17:36.037+0200] {processor.py:186} INFO - Started process (PID=98967) to work on /Users/nampham/.pyenv/versions/3.12.9/lib/python3.12/site-packages/airflow/example_dags/example_sensor_decorator.py
[2025-02-28T20:17:36.038+0200] {processor.py:914} INFO - Processing file /Users/nampham/.pyenv/versions/3.12.9/lib/python3.12/site-packages/airflow/example_dags/example_sensor_decorator.py for tasks to queue
[2025-02-28T20:17:36.038+0200] {logging_mixin.py:190} INFO - [2025-02-28T20:17:36.038+0200] {dagbag.py:588} INFO - Filling up the DagBag from /Users/nampham/.pyenv/versions/3.12.9/lib/python3.12/site-packages/airflow/example_dags/example_sensor_decorator.py
[2025-02-28T20:17:36.077+0200] {processor.py:925} INFO - DAG(s) 'example_sensor_decorator' retrieved from /Users/nampham/.pyenv/versions/3.12.9/lib/python3.12/site-packages/airflow/example_dags/example_sensor_decorator.py
[2025-02-28T20:17:36.393+0200] {logging_mixin.py:190} INFO - [2025-02-28T20:17:36.393+0200] {dag.py:3239} INFO - Sync 1 DAGs
[2025-02-28T20:17:36.398+0200] {logging_mixin.py:190} INFO - [2025-02-28T20:17:36.397+0200] {dag.py:4180} INFO - Setting next_dagrun for example_sensor_decorator to None, run_after=None
[2025-02-28T20:17:36.406+0200] {processor.py:208} INFO - Processing /Users/nampham/.pyenv/versions/3.12.9/lib/python3.12/site-packages/airflow/example_dags/example_sensor_decorator.py took 0.370 seconds
[2025-02-28T20:18:51.411+0200] {processor.py:186} INFO - Started process (PID=99339) to work on /Users/nampham/.pyenv/versions/3.12.9/lib/python3.12/site-packages/airflow/example_dags/example_sensor_decorator.py
[2025-02-28T20:18:51.412+0200] {processor.py:914} INFO - Processing file /Users/nampham/.pyenv/versions/3.12.9/lib/python3.12/site-packages/airflow/example_dags/example_sensor_decorator.py for tasks to queue
[2025-02-28T20:18:51.412+0200] {logging_mixin.py:190} INFO - [2025-02-28T20:18:51.412+0200] {dagbag.py:588} INFO - Filling up the DagBag from /Users/nampham/.pyenv/versions/3.12.9/lib/python3.12/site-packages/airflow/example_dags/example_sensor_decorator.py
[2025-02-28T20:18:51.451+0200] {processor.py:925} INFO - DAG(s) 'example_sensor_decorator' retrieved from /Users/nampham/.pyenv/versions/3.12.9/lib/python3.12/site-packages/airflow/example_dags/example_sensor_decorator.py
[2025-02-28T20:18:51.739+0200] {logging_mixin.py:190} INFO - [2025-02-28T20:18:51.738+0200] {dag.py:3239} INFO - Sync 1 DAGs
[2025-02-28T20:18:51.748+0200] {logging_mixin.py:190} INFO - [2025-02-28T20:18:51.748+0200] {dag.py:4180} INFO - Setting next_dagrun for example_sensor_decorator to None, run_after=None
[2025-02-28T20:18:51.756+0200] {processor.py:208} INFO - Processing /Users/nampham/.pyenv/versions/3.12.9/lib/python3.12/site-packages/airflow/example_dags/example_sensor_decorator.py took 0.347 seconds
[2025-02-28T20:20:43.579+0200] {processor.py:186} INFO - Started process (PID=99773) to work on /Users/nampham/.pyenv/versions/3.12.9/lib/python3.12/site-packages/airflow/example_dags/example_sensor_decorator.py
[2025-02-28T20:20:43.582+0200] {processor.py:914} INFO - Processing file /Users/nampham/.pyenv/versions/3.12.9/lib/python3.12/site-packages/airflow/example_dags/example_sensor_decorator.py for tasks to queue
[2025-02-28T20:20:43.583+0200] {logging_mixin.py:190} INFO - [2025-02-28T20:20:43.582+0200] {dagbag.py:588} INFO - Filling up the DagBag from /Users/nampham/.pyenv/versions/3.12.9/lib/python3.12/site-packages/airflow/example_dags/example_sensor_decorator.py
[2025-02-28T20:20:43.621+0200] {processor.py:925} INFO - DAG(s) 'example_sensor_decorator' retrieved from /Users/nampham/.pyenv/versions/3.12.9/lib/python3.12/site-packages/airflow/example_dags/example_sensor_decorator.py
[2025-02-28T20:20:43.927+0200] {logging_mixin.py:190} INFO - [2025-02-28T20:20:43.927+0200] {dag.py:3239} INFO - Sync 1 DAGs
[2025-02-28T20:20:43.931+0200] {logging_mixin.py:190} INFO - [2025-02-28T20:20:43.931+0200] {dag.py:4180} INFO - Setting next_dagrun for example_sensor_decorator to None, run_after=None
[2025-02-28T20:20:43.939+0200] {processor.py:208} INFO - Processing /Users/nampham/.pyenv/versions/3.12.9/lib/python3.12/site-packages/airflow/example_dags/example_sensor_decorator.py took 0.361 seconds
[2025-02-28T20:23:14.330+0200] {processor.py:186} INFO - Started process (PID=463) to work on /Users/nampham/.pyenv/versions/3.12.9/lib/python3.12/site-packages/airflow/example_dags/example_sensor_decorator.py
[2025-02-28T20:23:14.331+0200] {processor.py:914} INFO - Processing file /Users/nampham/.pyenv/versions/3.12.9/lib/python3.12/site-packages/airflow/example_dags/example_sensor_decorator.py for tasks to queue
[2025-02-28T20:23:14.331+0200] {logging_mixin.py:190} INFO - [2025-02-28T20:23:14.331+0200] {dagbag.py:588} INFO - Filling up the DagBag from /Users/nampham/.pyenv/versions/3.12.9/lib/python3.12/site-packages/airflow/example_dags/example_sensor_decorator.py
[2025-02-28T20:23:14.369+0200] {processor.py:925} INFO - DAG(s) 'example_sensor_decorator' retrieved from /Users/nampham/.pyenv/versions/3.12.9/lib/python3.12/site-packages/airflow/example_dags/example_sensor_decorator.py
[2025-02-28T20:23:14.651+0200] {logging_mixin.py:190} INFO - [2025-02-28T20:23:14.651+0200] {dag.py:3239} INFO - Sync 1 DAGs
[2025-02-28T20:23:14.660+0200] {logging_mixin.py:190} INFO - [2025-02-28T20:23:14.660+0200] {dag.py:4180} INFO - Setting next_dagrun for example_sensor_decorator to None, run_after=None
[2025-02-28T20:23:14.672+0200] {processor.py:208} INFO - Processing /Users/nampham/.pyenv/versions/3.12.9/lib/python3.12/site-packages/airflow/example_dags/example_sensor_decorator.py took 0.343 seconds
[2025-02-28T21:28:05.606+0200] {processor.py:186} INFO - Started process (PID=5565) to work on /Users/nampham/.pyenv/versions/3.12.9/lib/python3.12/site-packages/airflow/example_dags/example_sensor_decorator.py
[2025-02-28T21:28:05.607+0200] {processor.py:914} INFO - Processing file /Users/nampham/.pyenv/versions/3.12.9/lib/python3.12/site-packages/airflow/example_dags/example_sensor_decorator.py for tasks to queue
[2025-02-28T21:28:05.607+0200] {logging_mixin.py:190} INFO - [2025-02-28T21:28:05.607+0200] {dagbag.py:588} INFO - Filling up the DagBag from /Users/nampham/.pyenv/versions/3.12.9/lib/python3.12/site-packages/airflow/example_dags/example_sensor_decorator.py
[2025-02-28T21:28:05.647+0200] {processor.py:925} INFO - DAG(s) 'example_sensor_decorator' retrieved from /Users/nampham/.pyenv/versions/3.12.9/lib/python3.12/site-packages/airflow/example_dags/example_sensor_decorator.py
[2025-02-28T21:28:05.979+0200] {logging_mixin.py:190} INFO - [2025-02-28T21:28:05.979+0200] {dag.py:3239} INFO - Sync 1 DAGs
[2025-02-28T21:28:05.983+0200] {logging_mixin.py:190} INFO - [2025-02-28T21:28:05.983+0200] {dag.py:4180} INFO - Setting next_dagrun for example_sensor_decorator to None, run_after=None
[2025-02-28T21:28:05.991+0200] {processor.py:208} INFO - Processing /Users/nampham/.pyenv/versions/3.12.9/lib/python3.12/site-packages/airflow/example_dags/example_sensor_decorator.py took 0.386 seconds
[2025-02-28T21:30:51.337+0200] {processor.py:186} INFO - Started process (PID=6223) to work on /Users/nampham/.pyenv/versions/3.12.9/lib/python3.12/site-packages/airflow/example_dags/example_sensor_decorator.py
[2025-02-28T21:30:51.338+0200] {processor.py:914} INFO - Processing file /Users/nampham/.pyenv/versions/3.12.9/lib/python3.12/site-packages/airflow/example_dags/example_sensor_decorator.py for tasks to queue
[2025-02-28T21:30:51.339+0200] {logging_mixin.py:190} INFO - [2025-02-28T21:30:51.338+0200] {dagbag.py:588} INFO - Filling up the DagBag from /Users/nampham/.pyenv/versions/3.12.9/lib/python3.12/site-packages/airflow/example_dags/example_sensor_decorator.py
[2025-02-28T21:30:51.375+0200] {processor.py:925} INFO - DAG(s) 'example_sensor_decorator' retrieved from /Users/nampham/.pyenv/versions/3.12.9/lib/python3.12/site-packages/airflow/example_dags/example_sensor_decorator.py
[2025-02-28T21:30:51.719+0200] {logging_mixin.py:190} INFO - [2025-02-28T21:30:51.718+0200] {dag.py:3239} INFO - Sync 1 DAGs
[2025-02-28T21:30:51.723+0200] {logging_mixin.py:190} INFO - [2025-02-28T21:30:51.723+0200] {dag.py:4180} INFO - Setting next_dagrun for example_sensor_decorator to None, run_after=None
[2025-02-28T21:30:51.730+0200] {processor.py:208} INFO - Processing /Users/nampham/.pyenv/versions/3.12.9/lib/python3.12/site-packages/airflow/example_dags/example_sensor_decorator.py took 0.394 seconds
[2025-02-28T21:32:39.430+0200] {processor.py:186} INFO - Started process (PID=6645) to work on /Users/nampham/.pyenv/versions/3.12.9/lib/python3.12/site-packages/airflow/example_dags/example_sensor_decorator.py
[2025-02-28T21:32:39.432+0200] {processor.py:914} INFO - Processing file /Users/nampham/.pyenv/versions/3.12.9/lib/python3.12/site-packages/airflow/example_dags/example_sensor_decorator.py for tasks to queue
[2025-02-28T21:32:39.432+0200] {logging_mixin.py:190} INFO - [2025-02-28T21:32:39.432+0200] {dagbag.py:588} INFO - Filling up the DagBag from /Users/nampham/.pyenv/versions/3.12.9/lib/python3.12/site-packages/airflow/example_dags/example_sensor_decorator.py
[2025-02-28T21:32:39.469+0200] {processor.py:925} INFO - DAG(s) 'example_sensor_decorator' retrieved from /Users/nampham/.pyenv/versions/3.12.9/lib/python3.12/site-packages/airflow/example_dags/example_sensor_decorator.py
[2025-02-28T21:32:39.770+0200] {logging_mixin.py:190} INFO - [2025-02-28T21:32:39.769+0200] {dag.py:3239} INFO - Sync 1 DAGs
[2025-02-28T21:32:39.774+0200] {logging_mixin.py:190} INFO - [2025-02-28T21:32:39.774+0200] {dag.py:4180} INFO - Setting next_dagrun for example_sensor_decorator to None, run_after=None
[2025-02-28T21:32:39.781+0200] {processor.py:208} INFO - Processing /Users/nampham/.pyenv/versions/3.12.9/lib/python3.12/site-packages/airflow/example_dags/example_sensor_decorator.py took 0.352 seconds
[2025-02-28T21:35:14.611+0200] {processor.py:186} INFO - Started process (PID=7440) to work on /Users/nampham/.pyenv/versions/3.12.9/lib/python3.12/site-packages/airflow/example_dags/example_sensor_decorator.py
[2025-02-28T21:35:14.612+0200] {processor.py:914} INFO - Processing file /Users/nampham/.pyenv/versions/3.12.9/lib/python3.12/site-packages/airflow/example_dags/example_sensor_decorator.py for tasks to queue
[2025-02-28T21:35:14.612+0200] {logging_mixin.py:190} INFO - [2025-02-28T21:35:14.612+0200] {dagbag.py:588} INFO - Filling up the DagBag from /Users/nampham/.pyenv/versions/3.12.9/lib/python3.12/site-packages/airflow/example_dags/example_sensor_decorator.py
[2025-02-28T21:35:14.650+0200] {processor.py:925} INFO - DAG(s) 'example_sensor_decorator' retrieved from /Users/nampham/.pyenv/versions/3.12.9/lib/python3.12/site-packages/airflow/example_dags/example_sensor_decorator.py
[2025-02-28T21:35:14.971+0200] {logging_mixin.py:190} INFO - [2025-02-28T21:35:14.971+0200] {dag.py:3239} INFO - Sync 1 DAGs
[2025-02-28T21:35:14.975+0200] {logging_mixin.py:190} INFO - [2025-02-28T21:35:14.975+0200] {dag.py:4180} INFO - Setting next_dagrun for example_sensor_decorator to None, run_after=None
[2025-02-28T21:35:14.984+0200] {processor.py:208} INFO - Processing /Users/nampham/.pyenv/versions/3.12.9/lib/python3.12/site-packages/airflow/example_dags/example_sensor_decorator.py took 0.374 seconds
[2025-02-28T21:37:14.256+0200] {processor.py:186} INFO - Started process (PID=7944) to work on /Users/nampham/.pyenv/versions/3.12.9/lib/python3.12/site-packages/airflow/example_dags/example_sensor_decorator.py
[2025-02-28T21:37:14.257+0200] {processor.py:914} INFO - Processing file /Users/nampham/.pyenv/versions/3.12.9/lib/python3.12/site-packages/airflow/example_dags/example_sensor_decorator.py for tasks to queue
[2025-02-28T21:37:14.257+0200] {logging_mixin.py:190} INFO - [2025-02-28T21:37:14.257+0200] {dagbag.py:588} INFO - Filling up the DagBag from /Users/nampham/.pyenv/versions/3.12.9/lib/python3.12/site-packages/airflow/example_dags/example_sensor_decorator.py
[2025-02-28T21:37:14.294+0200] {processor.py:925} INFO - DAG(s) 'example_sensor_decorator' retrieved from /Users/nampham/.pyenv/versions/3.12.9/lib/python3.12/site-packages/airflow/example_dags/example_sensor_decorator.py
[2025-02-28T21:37:14.682+0200] {logging_mixin.py:190} INFO - [2025-02-28T21:37:14.681+0200] {override.py:1930} INFO - Created Permission View: can delete on DAG:example_sensor_decorator
[2025-02-28T21:37:14.685+0200] {logging_mixin.py:190} INFO - [2025-02-28T21:37:14.684+0200] {override.py:1930} INFO - Created Permission View: can edit on DAG:example_sensor_decorator
[2025-02-28T21:37:14.686+0200] {logging_mixin.py:190} INFO - [2025-02-28T21:37:14.686+0200] {override.py:1930} INFO - Created Permission View: can read on DAG:example_sensor_decorator
[2025-02-28T21:37:14.689+0200] {logging_mixin.py:190} INFO - [2025-02-28T21:37:14.689+0200] {override.py:1930} INFO - Created Permission View: can delete on DAG Run:example_sensor_decorator
[2025-02-28T21:37:14.691+0200] {logging_mixin.py:190} INFO - [2025-02-28T21:37:14.691+0200] {override.py:1930} INFO - Created Permission View: can create on DAG Run:example_sensor_decorator
[2025-02-28T21:37:14.693+0200] {logging_mixin.py:190} INFO - [2025-02-28T21:37:14.693+0200] {override.py:1930} INFO - Created Permission View: menu access on DAG Run:example_sensor_decorator
[2025-02-28T21:37:14.695+0200] {logging_mixin.py:190} INFO - [2025-02-28T21:37:14.695+0200] {override.py:1930} INFO - Created Permission View: can read on DAG Run:example_sensor_decorator
[2025-02-28T21:37:14.695+0200] {logging_mixin.py:190} INFO - [2025-02-28T21:37:14.695+0200] {dag.py:3239} INFO - Sync 1 DAGs
[2025-02-28T21:37:14.699+0200] {logging_mixin.py:190} INFO - [2025-02-28T21:37:14.699+0200] {dag.py:3262} INFO - Creating ORM DAG for example_sensor_decorator
[2025-02-28T21:37:14.699+0200] {logging_mixin.py:190} INFO - [2025-02-28T21:37:14.699+0200] {dag.py:4180} INFO - Setting next_dagrun for example_sensor_decorator to None, run_after=None
[2025-02-28T21:37:14.705+0200] {processor.py:208} INFO - Processing /Users/nampham/.pyenv/versions/3.12.9/lib/python3.12/site-packages/airflow/example_dags/example_sensor_decorator.py took 0.450 seconds
[2025-02-28T21:39:04.275+0200] {processor.py:186} INFO - Started process (PID=8368) to work on /Users/nampham/.pyenv/versions/3.12.9/lib/python3.12/site-packages/airflow/example_dags/example_sensor_decorator.py
[2025-02-28T21:39:04.276+0200] {processor.py:914} INFO - Processing file /Users/nampham/.pyenv/versions/3.12.9/lib/python3.12/site-packages/airflow/example_dags/example_sensor_decorator.py for tasks to queue
[2025-02-28T21:39:04.276+0200] {logging_mixin.py:190} INFO - [2025-02-28T21:39:04.276+0200] {dagbag.py:588} INFO - Filling up the DagBag from /Users/nampham/.pyenv/versions/3.12.9/lib/python3.12/site-packages/airflow/example_dags/example_sensor_decorator.py
[2025-02-28T21:39:04.313+0200] {processor.py:925} INFO - DAG(s) 'example_sensor_decorator' retrieved from /Users/nampham/.pyenv/versions/3.12.9/lib/python3.12/site-packages/airflow/example_dags/example_sensor_decorator.py
[2025-02-28T21:39:04.607+0200] {logging_mixin.py:190} INFO - [2025-02-28T21:39:04.607+0200] {dag.py:3239} INFO - Sync 1 DAGs
[2025-02-28T21:39:04.611+0200] {logging_mixin.py:190} INFO - [2025-02-28T21:39:04.611+0200] {dag.py:4180} INFO - Setting next_dagrun for example_sensor_decorator to None, run_after=None
[2025-02-28T21:39:04.619+0200] {processor.py:208} INFO - Processing /Users/nampham/.pyenv/versions/3.12.9/lib/python3.12/site-packages/airflow/example_dags/example_sensor_decorator.py took 0.345 seconds
[2025-02-28T21:43:48.383+0200] {processor.py:186} INFO - Started process (PID=9634) to work on /Users/nampham/.pyenv/versions/3.12.9/lib/python3.12/site-packages/airflow/example_dags/example_sensor_decorator.py
[2025-02-28T21:43:48.385+0200] {processor.py:914} INFO - Processing file /Users/nampham/.pyenv/versions/3.12.9/lib/python3.12/site-packages/airflow/example_dags/example_sensor_decorator.py for tasks to queue
[2025-02-28T21:43:48.385+0200] {logging_mixin.py:190} INFO - [2025-02-28T21:43:48.385+0200] {dagbag.py:588} INFO - Filling up the DagBag from /Users/nampham/.pyenv/versions/3.12.9/lib/python3.12/site-packages/airflow/example_dags/example_sensor_decorator.py
[2025-02-28T21:43:48.421+0200] {processor.py:925} INFO - DAG(s) 'example_sensor_decorator' retrieved from /Users/nampham/.pyenv/versions/3.12.9/lib/python3.12/site-packages/airflow/example_dags/example_sensor_decorator.py
[2025-02-28T21:43:48.789+0200] {logging_mixin.py:190} INFO - [2025-02-28T21:43:48.789+0200] {override.py:1930} INFO - Created Permission View: can read on DAG:example_sensor_decorator
[2025-02-28T21:43:48.792+0200] {logging_mixin.py:190} INFO - [2025-02-28T21:43:48.792+0200] {override.py:1930} INFO - Created Permission View: can delete on DAG:example_sensor_decorator
[2025-02-28T21:43:48.794+0200] {logging_mixin.py:190} INFO - [2025-02-28T21:43:48.794+0200] {override.py:1930} INFO - Created Permission View: can edit on DAG:example_sensor_decorator
[2025-02-28T21:43:48.797+0200] {logging_mixin.py:190} INFO - [2025-02-28T21:43:48.797+0200] {override.py:1930} INFO - Created Permission View: can read on DAG Run:example_sensor_decorator
[2025-02-28T21:43:48.798+0200] {logging_mixin.py:190} INFO - [2025-02-28T21:43:48.798+0200] {override.py:1930} INFO - Created Permission View: can create on DAG Run:example_sensor_decorator
[2025-02-28T21:43:48.801+0200] {logging_mixin.py:190} INFO - [2025-02-28T21:43:48.801+0200] {override.py:1930} INFO - Created Permission View: menu access on DAG Run:example_sensor_decorator
[2025-02-28T21:43:48.802+0200] {logging_mixin.py:190} INFO - [2025-02-28T21:43:48.802+0200] {override.py:1930} INFO - Created Permission View: can delete on DAG Run:example_sensor_decorator
[2025-02-28T21:43:48.803+0200] {logging_mixin.py:190} INFO - [2025-02-28T21:43:48.803+0200] {dag.py:3239} INFO - Sync 1 DAGs
[2025-02-28T21:43:48.806+0200] {logging_mixin.py:190} INFO - [2025-02-28T21:43:48.806+0200] {dag.py:3262} INFO - Creating ORM DAG for example_sensor_decorator
[2025-02-28T21:43:48.807+0200] {logging_mixin.py:190} INFO - [2025-02-28T21:43:48.807+0200] {dag.py:4180} INFO - Setting next_dagrun for example_sensor_decorator to None, run_after=None
[2025-02-28T21:43:48.812+0200] {processor.py:208} INFO - Processing /Users/nampham/.pyenv/versions/3.12.9/lib/python3.12/site-packages/airflow/example_dags/example_sensor_decorator.py took 0.430 seconds
[2025-02-28T22:28:04.492+0200] {processor.py:186} INFO - Started process (PID=18151) to work on /Users/nampham/.pyenv/versions/3.12.9/lib/python3.12/site-packages/airflow/example_dags/example_sensor_decorator.py
[2025-02-28T22:28:04.493+0200] {processor.py:914} INFO - Processing file /Users/nampham/.pyenv/versions/3.12.9/lib/python3.12/site-packages/airflow/example_dags/example_sensor_decorator.py for tasks to queue
[2025-02-28T22:28:04.494+0200] {logging_mixin.py:190} INFO - [2025-02-28T22:28:04.493+0200] {dagbag.py:588} INFO - Filling up the DagBag from /Users/nampham/.pyenv/versions/3.12.9/lib/python3.12/site-packages/airflow/example_dags/example_sensor_decorator.py
[2025-02-28T22:28:04.531+0200] {processor.py:925} INFO - DAG(s) 'example_sensor_decorator' retrieved from /Users/nampham/.pyenv/versions/3.12.9/lib/python3.12/site-packages/airflow/example_dags/example_sensor_decorator.py
[2025-02-28T22:28:04.896+0200] {logging_mixin.py:190} INFO - [2025-02-28T22:28:04.895+0200] {override.py:1930} INFO - Created Permission View: can read on DAG:example_sensor_decorator
[2025-02-28T22:28:04.899+0200] {logging_mixin.py:190} INFO - [2025-02-28T22:28:04.899+0200] {override.py:1930} INFO - Created Permission View: can delete on DAG:example_sensor_decorator
[2025-02-28T22:28:04.900+0200] {logging_mixin.py:190} INFO - [2025-02-28T22:28:04.900+0200] {override.py:1930} INFO - Created Permission View: can edit on DAG:example_sensor_decorator
[2025-02-28T22:28:04.904+0200] {logging_mixin.py:190} INFO - [2025-02-28T22:28:04.904+0200] {override.py:1930} INFO - Created Permission View: menu access on DAG Run:example_sensor_decorator
[2025-02-28T22:28:04.906+0200] {logging_mixin.py:190} INFO - [2025-02-28T22:28:04.906+0200] {override.py:1930} INFO - Created Permission View: can read on DAG Run:example_sensor_decorator
[2025-02-28T22:28:04.908+0200] {logging_mixin.py:190} INFO - [2025-02-28T22:28:04.908+0200] {override.py:1930} INFO - Created Permission View: can create on DAG Run:example_sensor_decorator
[2025-02-28T22:28:04.910+0200] {logging_mixin.py:190} INFO - [2025-02-28T22:28:04.910+0200] {override.py:1930} INFO - Created Permission View: can delete on DAG Run:example_sensor_decorator
[2025-02-28T22:28:04.910+0200] {logging_mixin.py:190} INFO - [2025-02-28T22:28:04.910+0200] {dag.py:3239} INFO - Sync 1 DAGs
[2025-02-28T22:28:04.914+0200] {logging_mixin.py:190} INFO - [2025-02-28T22:28:04.914+0200] {dag.py:3262} INFO - Creating ORM DAG for example_sensor_decorator
[2025-02-28T22:28:04.914+0200] {logging_mixin.py:190} INFO - [2025-02-28T22:28:04.914+0200] {dag.py:4180} INFO - Setting next_dagrun for example_sensor_decorator to None, run_after=None
[2025-02-28T22:28:04.919+0200] {processor.py:208} INFO - Processing /Users/nampham/.pyenv/versions/3.12.9/lib/python3.12/site-packages/airflow/example_dags/example_sensor_decorator.py took 0.428 seconds
[2025-02-28T22:36:09.322+0200] {processor.py:186} INFO - Started process (PID=19798) to work on /Users/nampham/.pyenv/versions/3.12.9/lib/python3.12/site-packages/airflow/example_dags/example_sensor_decorator.py
[2025-02-28T22:36:09.323+0200] {processor.py:914} INFO - Processing file /Users/nampham/.pyenv/versions/3.12.9/lib/python3.12/site-packages/airflow/example_dags/example_sensor_decorator.py for tasks to queue
[2025-02-28T22:36:09.323+0200] {logging_mixin.py:190} INFO - [2025-02-28T22:36:09.323+0200] {dagbag.py:588} INFO - Filling up the DagBag from /Users/nampham/.pyenv/versions/3.12.9/lib/python3.12/site-packages/airflow/example_dags/example_sensor_decorator.py
[2025-02-28T22:36:09.361+0200] {processor.py:925} INFO - DAG(s) 'example_sensor_decorator' retrieved from /Users/nampham/.pyenv/versions/3.12.9/lib/python3.12/site-packages/airflow/example_dags/example_sensor_decorator.py
[2025-02-28T22:36:09.734+0200] {logging_mixin.py:190} INFO - [2025-02-28T22:36:09.734+0200] {override.py:1930} INFO - Created Permission View: can read on DAG:example_sensor_decorator
[2025-02-28T22:36:09.737+0200] {logging_mixin.py:190} INFO - [2025-02-28T22:36:09.737+0200] {override.py:1930} INFO - Created Permission View: can edit on DAG:example_sensor_decorator
[2025-02-28T22:36:09.739+0200] {logging_mixin.py:190} INFO - [2025-02-28T22:36:09.738+0200] {override.py:1930} INFO - Created Permission View: can delete on DAG:example_sensor_decorator
[2025-02-28T22:36:09.741+0200] {logging_mixin.py:190} INFO - [2025-02-28T22:36:09.741+0200] {override.py:1930} INFO - Created Permission View: can create on DAG Run:example_sensor_decorator
[2025-02-28T22:36:09.743+0200] {logging_mixin.py:190} INFO - [2025-02-28T22:36:09.743+0200] {override.py:1930} INFO - Created Permission View: menu access on DAG Run:example_sensor_decorator
[2025-02-28T22:36:09.745+0200] {logging_mixin.py:190} INFO - [2025-02-28T22:36:09.745+0200] {override.py:1930} INFO - Created Permission View: can read on DAG Run:example_sensor_decorator
[2025-02-28T22:36:09.747+0200] {logging_mixin.py:190} INFO - [2025-02-28T22:36:09.747+0200] {override.py:1930} INFO - Created Permission View: can delete on DAG Run:example_sensor_decorator
[2025-02-28T22:36:09.747+0200] {logging_mixin.py:190} INFO - [2025-02-28T22:36:09.747+0200] {dag.py:3239} INFO - Sync 1 DAGs
[2025-02-28T22:36:09.751+0200] {logging_mixin.py:190} INFO - [2025-02-28T22:36:09.750+0200] {dag.py:3262} INFO - Creating ORM DAG for example_sensor_decorator
[2025-02-28T22:36:09.751+0200] {logging_mixin.py:190} INFO - [2025-02-28T22:36:09.751+0200] {dag.py:4180} INFO - Setting next_dagrun for example_sensor_decorator to None, run_after=None
[2025-02-28T22:36:09.756+0200] {processor.py:208} INFO - Processing /Users/nampham/.pyenv/versions/3.12.9/lib/python3.12/site-packages/airflow/example_dags/example_sensor_decorator.py took 0.435 seconds
[2025-02-28T22:38:25.574+0200] {processor.py:186} INFO - Started process (PID=20305) to work on /Users/nampham/.pyenv/versions/3.12.9/lib/python3.12/site-packages/airflow/example_dags/example_sensor_decorator.py
[2025-02-28T22:38:25.576+0200] {processor.py:914} INFO - Processing file /Users/nampham/.pyenv/versions/3.12.9/lib/python3.12/site-packages/airflow/example_dags/example_sensor_decorator.py for tasks to queue
[2025-02-28T22:38:25.576+0200] {logging_mixin.py:190} INFO - [2025-02-28T22:38:25.576+0200] {dagbag.py:588} INFO - Filling up the DagBag from /Users/nampham/.pyenv/versions/3.12.9/lib/python3.12/site-packages/airflow/example_dags/example_sensor_decorator.py
[2025-02-28T22:38:25.612+0200] {processor.py:925} INFO - DAG(s) 'example_sensor_decorator' retrieved from /Users/nampham/.pyenv/versions/3.12.9/lib/python3.12/site-packages/airflow/example_dags/example_sensor_decorator.py
[2025-02-28T22:38:25.910+0200] {logging_mixin.py:190} INFO - [2025-02-28T22:38:25.909+0200] {dag.py:3239} INFO - Sync 1 DAGs
[2025-02-28T22:38:25.914+0200] {logging_mixin.py:190} INFO - [2025-02-28T22:38:25.914+0200] {dag.py:4180} INFO - Setting next_dagrun for example_sensor_decorator to None, run_after=None
[2025-02-28T22:38:25.921+0200] {processor.py:208} INFO - Processing /Users/nampham/.pyenv/versions/3.12.9/lib/python3.12/site-packages/airflow/example_dags/example_sensor_decorator.py took 0.348 seconds
[2025-02-28T22:41:15.887+0200] {processor.py:186} INFO - Started process (PID=20863) to work on /Users/nampham/.pyenv/versions/3.12.9/lib/python3.12/site-packages/airflow/example_dags/example_sensor_decorator.py
[2025-02-28T22:41:15.888+0200] {processor.py:914} INFO - Processing file /Users/nampham/.pyenv/versions/3.12.9/lib/python3.12/site-packages/airflow/example_dags/example_sensor_decorator.py for tasks to queue
[2025-02-28T22:41:15.888+0200] {logging_mixin.py:190} INFO - [2025-02-28T22:41:15.888+0200] {dagbag.py:588} INFO - Filling up the DagBag from /Users/nampham/.pyenv/versions/3.12.9/lib/python3.12/site-packages/airflow/example_dags/example_sensor_decorator.py
[2025-02-28T22:41:15.924+0200] {processor.py:925} INFO - DAG(s) 'example_sensor_decorator' retrieved from /Users/nampham/.pyenv/versions/3.12.9/lib/python3.12/site-packages/airflow/example_dags/example_sensor_decorator.py
[2025-02-28T22:41:16.213+0200] {logging_mixin.py:190} INFO - [2025-02-28T22:41:16.213+0200] {dag.py:3239} INFO - Sync 1 DAGs
[2025-02-28T22:41:16.220+0200] {logging_mixin.py:190} INFO - [2025-02-28T22:41:16.220+0200] {dag.py:4180} INFO - Setting next_dagrun for example_sensor_decorator to None, run_after=None
[2025-02-28T22:41:16.230+0200] {processor.py:208} INFO - Processing /Users/nampham/.pyenv/versions/3.12.9/lib/python3.12/site-packages/airflow/example_dags/example_sensor_decorator.py took 0.345 seconds
[2025-02-28T22:43:43.145+0200] {processor.py:186} INFO - Started process (PID=21394) to work on /Users/nampham/.pyenv/versions/3.12.9/lib/python3.12/site-packages/airflow/example_dags/example_sensor_decorator.py
[2025-02-28T22:43:43.146+0200] {processor.py:914} INFO - Processing file /Users/nampham/.pyenv/versions/3.12.9/lib/python3.12/site-packages/airflow/example_dags/example_sensor_decorator.py for tasks to queue
[2025-02-28T22:43:43.146+0200] {logging_mixin.py:190} INFO - [2025-02-28T22:43:43.146+0200] {dagbag.py:588} INFO - Filling up the DagBag from /Users/nampham/.pyenv/versions/3.12.9/lib/python3.12/site-packages/airflow/example_dags/example_sensor_decorator.py
[2025-02-28T22:43:43.184+0200] {processor.py:925} INFO - DAG(s) 'example_sensor_decorator' retrieved from /Users/nampham/.pyenv/versions/3.12.9/lib/python3.12/site-packages/airflow/example_dags/example_sensor_decorator.py
[2025-02-28T22:43:43.478+0200] {logging_mixin.py:190} INFO - [2025-02-28T22:43:43.477+0200] {dag.py:3239} INFO - Sync 1 DAGs
[2025-02-28T22:43:43.485+0200] {logging_mixin.py:190} INFO - [2025-02-28T22:43:43.485+0200] {dag.py:4180} INFO - Setting next_dagrun for example_sensor_decorator to None, run_after=None
[2025-02-28T22:43:43.492+0200] {processor.py:208} INFO - Processing /Users/nampham/.pyenv/versions/3.12.9/lib/python3.12/site-packages/airflow/example_dags/example_sensor_decorator.py took 0.348 seconds
[2025-02-28T22:46:43.073+0200] {processor.py:186} INFO - Started process (PID=22015) to work on /Users/nampham/.pyenv/versions/3.12.9/lib/python3.12/site-packages/airflow/example_dags/example_sensor_decorator.py
[2025-02-28T22:46:43.074+0200] {processor.py:914} INFO - Processing file /Users/nampham/.pyenv/versions/3.12.9/lib/python3.12/site-packages/airflow/example_dags/example_sensor_decorator.py for tasks to queue
[2025-02-28T22:46:43.075+0200] {logging_mixin.py:190} INFO - [2025-02-28T22:46:43.075+0200] {dagbag.py:588} INFO - Filling up the DagBag from /Users/nampham/.pyenv/versions/3.12.9/lib/python3.12/site-packages/airflow/example_dags/example_sensor_decorator.py
[2025-02-28T22:46:43.112+0200] {processor.py:925} INFO - DAG(s) 'example_sensor_decorator' retrieved from /Users/nampham/.pyenv/versions/3.12.9/lib/python3.12/site-packages/airflow/example_dags/example_sensor_decorator.py
[2025-02-28T22:46:43.403+0200] {logging_mixin.py:190} INFO - [2025-02-28T22:46:43.403+0200] {dag.py:3239} INFO - Sync 1 DAGs
[2025-02-28T22:46:43.407+0200] {logging_mixin.py:190} INFO - [2025-02-28T22:46:43.407+0200] {dag.py:4180} INFO - Setting next_dagrun for example_sensor_decorator to None, run_after=None
[2025-02-28T22:46:43.414+0200] {processor.py:208} INFO - Processing /Users/nampham/.pyenv/versions/3.12.9/lib/python3.12/site-packages/airflow/example_dags/example_sensor_decorator.py took 0.342 seconds
[2025-02-28T22:48:41.567+0200] {processor.py:186} INFO - Started process (PID=22320) to work on /Users/nampham/.pyenv/versions/3.12.9/lib/python3.12/site-packages/airflow/example_dags/example_sensor_decorator.py
[2025-02-28T22:48:41.568+0200] {processor.py:914} INFO - Processing file /Users/nampham/.pyenv/versions/3.12.9/lib/python3.12/site-packages/airflow/example_dags/example_sensor_decorator.py for tasks to queue
[2025-02-28T22:48:41.569+0200] {logging_mixin.py:190} INFO - [2025-02-28T22:48:41.568+0200] {dagbag.py:588} INFO - Filling up the DagBag from /Users/nampham/.pyenv/versions/3.12.9/lib/python3.12/site-packages/airflow/example_dags/example_sensor_decorator.py
[2025-02-28T22:48:41.605+0200] {processor.py:925} INFO - DAG(s) 'example_sensor_decorator' retrieved from /Users/nampham/.pyenv/versions/3.12.9/lib/python3.12/site-packages/airflow/example_dags/example_sensor_decorator.py
[2025-02-28T22:48:41.904+0200] {logging_mixin.py:190} INFO - [2025-02-28T22:48:41.904+0200] {dag.py:3239} INFO - Sync 1 DAGs
[2025-02-28T22:48:41.908+0200] {logging_mixin.py:190} INFO - [2025-02-28T22:48:41.908+0200] {dag.py:4180} INFO - Setting next_dagrun for example_sensor_decorator to None, run_after=None
[2025-02-28T22:48:41.915+0200] {processor.py:208} INFO - Processing /Users/nampham/.pyenv/versions/3.12.9/lib/python3.12/site-packages/airflow/example_dags/example_sensor_decorator.py took 0.350 seconds
[2025-02-28T22:56:42.779+0200] {processor.py:186} INFO - Started process (PID=23110) to work on /Users/nampham/.pyenv/versions/3.12.9/lib/python3.12/site-packages/airflow/example_dags/example_sensor_decorator.py
[2025-02-28T22:56:42.779+0200] {processor.py:914} INFO - Processing file /Users/nampham/.pyenv/versions/3.12.9/lib/python3.12/site-packages/airflow/example_dags/example_sensor_decorator.py for tasks to queue
[2025-02-28T22:56:42.780+0200] {logging_mixin.py:190} INFO - [2025-02-28T22:56:42.780+0200] {dagbag.py:588} INFO - Filling up the DagBag from /Users/nampham/.pyenv/versions/3.12.9/lib/python3.12/site-packages/airflow/example_dags/example_sensor_decorator.py
[2025-02-28T22:56:42.816+0200] {processor.py:925} INFO - DAG(s) 'example_sensor_decorator' retrieved from /Users/nampham/.pyenv/versions/3.12.9/lib/python3.12/site-packages/airflow/example_dags/example_sensor_decorator.py
[2025-02-28T22:56:43.104+0200] {logging_mixin.py:190} INFO - [2025-02-28T22:56:43.103+0200] {dag.py:3239} INFO - Sync 1 DAGs
[2025-02-28T22:56:43.112+0200] {logging_mixin.py:190} INFO - [2025-02-28T22:56:43.112+0200] {dag.py:4180} INFO - Setting next_dagrun for example_sensor_decorator to None, run_after=None
[2025-02-28T22:56:43.120+0200] {processor.py:208} INFO - Processing /Users/nampham/.pyenv/versions/3.12.9/lib/python3.12/site-packages/airflow/example_dags/example_sensor_decorator.py took 0.342 seconds
[2025-02-28T22:58:10.063+0200] {processor.py:186} INFO - Started process (PID=23392) to work on /Users/nampham/.pyenv/versions/3.12.9/lib/python3.12/site-packages/airflow/example_dags/example_sensor_decorator.py
[2025-02-28T22:58:10.064+0200] {processor.py:914} INFO - Processing file /Users/nampham/.pyenv/versions/3.12.9/lib/python3.12/site-packages/airflow/example_dags/example_sensor_decorator.py for tasks to queue
[2025-02-28T22:58:10.064+0200] {logging_mixin.py:190} INFO - [2025-02-28T22:58:10.064+0200] {dagbag.py:588} INFO - Filling up the DagBag from /Users/nampham/.pyenv/versions/3.12.9/lib/python3.12/site-packages/airflow/example_dags/example_sensor_decorator.py
[2025-02-28T22:58:10.100+0200] {processor.py:925} INFO - DAG(s) 'example_sensor_decorator' retrieved from /Users/nampham/.pyenv/versions/3.12.9/lib/python3.12/site-packages/airflow/example_dags/example_sensor_decorator.py
[2025-02-28T22:58:10.393+0200] {logging_mixin.py:190} INFO - [2025-02-28T22:58:10.393+0200] {dag.py:3239} INFO - Sync 1 DAGs
[2025-02-28T22:58:10.397+0200] {logging_mixin.py:190} INFO - [2025-02-28T22:58:10.397+0200] {dag.py:4180} INFO - Setting next_dagrun for example_sensor_decorator to None, run_after=None
[2025-02-28T22:58:10.404+0200] {processor.py:208} INFO - Processing /Users/nampham/.pyenv/versions/3.12.9/lib/python3.12/site-packages/airflow/example_dags/example_sensor_decorator.py took 0.342 seconds
[2025-02-28T23:01:08.065+0200] {processor.py:186} INFO - Started process (PID=24000) to work on /Users/nampham/.pyenv/versions/3.12.9/lib/python3.12/site-packages/airflow/example_dags/example_sensor_decorator.py
[2025-02-28T23:01:08.066+0200] {processor.py:914} INFO - Processing file /Users/nampham/.pyenv/versions/3.12.9/lib/python3.12/site-packages/airflow/example_dags/example_sensor_decorator.py for tasks to queue
[2025-02-28T23:01:08.067+0200] {logging_mixin.py:190} INFO - [2025-02-28T23:01:08.067+0200] {dagbag.py:588} INFO - Filling up the DagBag from /Users/nampham/.pyenv/versions/3.12.9/lib/python3.12/site-packages/airflow/example_dags/example_sensor_decorator.py
[2025-02-28T23:01:08.103+0200] {processor.py:925} INFO - DAG(s) 'example_sensor_decorator' retrieved from /Users/nampham/.pyenv/versions/3.12.9/lib/python3.12/site-packages/airflow/example_dags/example_sensor_decorator.py
[2025-02-28T23:01:08.406+0200] {logging_mixin.py:190} INFO - [2025-02-28T23:01:08.406+0200] {dag.py:3239} INFO - Sync 1 DAGs
[2025-02-28T23:01:08.410+0200] {logging_mixin.py:190} INFO - [2025-02-28T23:01:08.410+0200] {dag.py:4180} INFO - Setting next_dagrun for example_sensor_decorator to None, run_after=None
[2025-02-28T23:01:08.417+0200] {processor.py:208} INFO - Processing /Users/nampham/.pyenv/versions/3.12.9/lib/python3.12/site-packages/airflow/example_dags/example_sensor_decorator.py took 0.353 seconds
