[2025-02-28T18:24:30.058+0200] {processor.py:186} INFO - Started process (PID=93079) to work on /Users/nampham/.pyenv/versions/3.12.9/lib/python3.12/site-packages/airflow/example_dags/tutorial_taskflow_api.py
[2025-02-28T18:24:30.058+0200] {processor.py:914} INFO - Processing file /Users/nampham/.pyenv/versions/3.12.9/lib/python3.12/site-packages/airflow/example_dags/tutorial_taskflow_api.py for tasks to queue
[2025-02-28T18:24:30.059+0200] {logging_mixin.py:190} INFO - [2025-02-28T18:24:30.059+0200] {dagbag.py:588} INFO - Filling up the DagBag from /Users/nampham/.pyenv/versions/3.12.9/lib/python3.12/site-packages/airflow/example_dags/tutorial_taskflow_api.py
[2025-02-28T18:24:30.097+0200] {processor.py:925} INFO - DAG(s) 'tutorial_taskflow_api' retrieved from /Users/nampham/.pyenv/versions/3.12.9/lib/python3.12/site-packages/airflow/example_dags/tutorial_taskflow_api.py
[2025-02-28T18:24:30.162+0200] {logging_mixin.py:190} INFO - [2025-02-28T18:24:30.162+0200] {override.py:1930} INFO - Created Permission View: can read on DAG:tutorial_taskflow_api
[2025-02-28T18:24:30.165+0200] {logging_mixin.py:190} INFO - [2025-02-28T18:24:30.165+0200] {override.py:1930} INFO - Created Permission View: can edit on DAG:tutorial_taskflow_api
[2025-02-28T18:24:30.167+0200] {logging_mixin.py:190} INFO - [2025-02-28T18:24:30.167+0200] {override.py:1930} INFO - Created Permission View: can delete on DAG:tutorial_taskflow_api
[2025-02-28T18:24:30.170+0200] {logging_mixin.py:190} INFO - [2025-02-28T18:24:30.169+0200] {override.py:1930} INFO - Created Permission View: can create on DAG Run:tutorial_taskflow_api
[2025-02-28T18:24:30.171+0200] {logging_mixin.py:190} INFO - [2025-02-28T18:24:30.171+0200] {override.py:1930} INFO - Created Permission View: can read on DAG Run:tutorial_taskflow_api
[2025-02-28T18:24:30.173+0200] {logging_mixin.py:190} INFO - [2025-02-28T18:24:30.173+0200] {override.py:1930} INFO - Created Permission View: menu access on DAG Run:tutorial_taskflow_api
[2025-02-28T18:24:30.175+0200] {logging_mixin.py:190} INFO - [2025-02-28T18:24:30.175+0200] {override.py:1930} INFO - Created Permission View: can delete on DAG Run:tutorial_taskflow_api
[2025-02-28T18:24:30.175+0200] {logging_mixin.py:190} INFO - [2025-02-28T18:24:30.175+0200] {dag.py:3239} INFO - Sync 1 DAGs
[2025-02-28T18:24:30.179+0200] {logging_mixin.py:190} INFO - [2025-02-28T18:24:30.179+0200] {dag.py:3262} INFO - Creating ORM DAG for tutorial_taskflow_api
[2025-02-28T18:24:30.179+0200] {logging_mixin.py:190} INFO - [2025-02-28T18:24:30.179+0200] {dag.py:4180} INFO - Setting next_dagrun for tutorial_taskflow_api to None, run_after=None
[2025-02-28T18:24:30.184+0200] {processor.py:208} INFO - Processing /Users/nampham/.pyenv/versions/3.12.9/lib/python3.12/site-packages/airflow/example_dags/tutorial_taskflow_api.py took 0.128 seconds
[2025-02-28T18:26:18.616+0200] {processor.py:186} INFO - Started process (PID=93539) to work on /Users/nampham/.pyenv/versions/3.12.9/lib/python3.12/site-packages/airflow/example_dags/tutorial_taskflow_api.py
[2025-02-28T18:26:18.617+0200] {processor.py:914} INFO - Processing file /Users/nampham/.pyenv/versions/3.12.9/lib/python3.12/site-packages/airflow/example_dags/tutorial_taskflow_api.py for tasks to queue
[2025-02-28T18:26:18.618+0200] {logging_mixin.py:190} INFO - [2025-02-28T18:26:18.618+0200] {dagbag.py:588} INFO - Filling up the DagBag from /Users/nampham/.pyenv/versions/3.12.9/lib/python3.12/site-packages/airflow/example_dags/tutorial_taskflow_api.py
[2025-02-28T18:26:18.654+0200] {processor.py:925} INFO - DAG(s) 'tutorial_taskflow_api' retrieved from /Users/nampham/.pyenv/versions/3.12.9/lib/python3.12/site-packages/airflow/example_dags/tutorial_taskflow_api.py
[2025-02-28T18:26:18.688+0200] {logging_mixin.py:190} INFO - [2025-02-28T18:26:18.688+0200] {dag.py:3239} INFO - Sync 1 DAGs
[2025-02-28T18:26:18.691+0200] {logging_mixin.py:190} INFO - [2025-02-28T18:26:18.691+0200] {dag.py:4180} INFO - Setting next_dagrun for tutorial_taskflow_api to None, run_after=None
[2025-02-28T18:26:18.698+0200] {processor.py:208} INFO - Processing /Users/nampham/.pyenv/versions/3.12.9/lib/python3.12/site-packages/airflow/example_dags/tutorial_taskflow_api.py took 0.083 seconds
[2025-02-28T18:27:40.041+0200] {processor.py:186} INFO - Started process (PID=93850) to work on /Users/nampham/.pyenv/versions/3.12.9/lib/python3.12/site-packages/airflow/example_dags/tutorial_taskflow_api.py
[2025-02-28T18:27:40.042+0200] {processor.py:914} INFO - Processing file /Users/nampham/.pyenv/versions/3.12.9/lib/python3.12/site-packages/airflow/example_dags/tutorial_taskflow_api.py for tasks to queue
[2025-02-28T18:27:40.043+0200] {logging_mixin.py:190} INFO - [2025-02-28T18:27:40.043+0200] {dagbag.py:588} INFO - Filling up the DagBag from /Users/nampham/.pyenv/versions/3.12.9/lib/python3.12/site-packages/airflow/example_dags/tutorial_taskflow_api.py
[2025-02-28T18:27:40.080+0200] {processor.py:925} INFO - DAG(s) 'tutorial_taskflow_api' retrieved from /Users/nampham/.pyenv/versions/3.12.9/lib/python3.12/site-packages/airflow/example_dags/tutorial_taskflow_api.py
[2025-02-28T18:27:40.113+0200] {logging_mixin.py:190} INFO - [2025-02-28T18:27:40.113+0200] {dag.py:3239} INFO - Sync 1 DAGs
[2025-02-28T18:27:40.117+0200] {logging_mixin.py:190} INFO - [2025-02-28T18:27:40.117+0200] {dag.py:4180} INFO - Setting next_dagrun for tutorial_taskflow_api to None, run_after=None
[2025-02-28T18:27:40.123+0200] {processor.py:208} INFO - Processing /Users/nampham/.pyenv/versions/3.12.9/lib/python3.12/site-packages/airflow/example_dags/tutorial_taskflow_api.py took 0.083 seconds
[2025-02-28T18:28:59.441+0200] {processor.py:186} INFO - Started process (PID=94184) to work on /Users/nampham/.pyenv/versions/3.12.9/lib/python3.12/site-packages/airflow/example_dags/tutorial_taskflow_api.py
[2025-02-28T18:28:59.442+0200] {processor.py:914} INFO - Processing file /Users/nampham/.pyenv/versions/3.12.9/lib/python3.12/site-packages/airflow/example_dags/tutorial_taskflow_api.py for tasks to queue
[2025-02-28T18:28:59.443+0200] {logging_mixin.py:190} INFO - [2025-02-28T18:28:59.443+0200] {dagbag.py:588} INFO - Filling up the DagBag from /Users/nampham/.pyenv/versions/3.12.9/lib/python3.12/site-packages/airflow/example_dags/tutorial_taskflow_api.py
[2025-02-28T18:28:59.496+0200] {processor.py:925} INFO - DAG(s) 'tutorial_taskflow_api' retrieved from /Users/nampham/.pyenv/versions/3.12.9/lib/python3.12/site-packages/airflow/example_dags/tutorial_taskflow_api.py
[2025-02-28T18:28:59.539+0200] {logging_mixin.py:190} INFO - [2025-02-28T18:28:59.539+0200] {dag.py:3239} INFO - Sync 1 DAGs
[2025-02-28T18:28:59.543+0200] {logging_mixin.py:190} INFO - [2025-02-28T18:28:59.543+0200] {dag.py:4180} INFO - Setting next_dagrun for tutorial_taskflow_api to None, run_after=None
[2025-02-28T18:28:59.551+0200] {processor.py:208} INFO - Processing /Users/nampham/.pyenv/versions/3.12.9/lib/python3.12/site-packages/airflow/example_dags/tutorial_taskflow_api.py took 0.111 seconds
[2025-02-28T18:30:21.179+0200] {processor.py:186} INFO - Started process (PID=94488) to work on /Users/nampham/.pyenv/versions/3.12.9/lib/python3.12/site-packages/airflow/example_dags/tutorial_taskflow_api.py
[2025-02-28T18:30:21.180+0200] {processor.py:914} INFO - Processing file /Users/nampham/.pyenv/versions/3.12.9/lib/python3.12/site-packages/airflow/example_dags/tutorial_taskflow_api.py for tasks to queue
[2025-02-28T18:30:21.181+0200] {logging_mixin.py:190} INFO - [2025-02-28T18:30:21.181+0200] {dagbag.py:588} INFO - Filling up the DagBag from /Users/nampham/.pyenv/versions/3.12.9/lib/python3.12/site-packages/airflow/example_dags/tutorial_taskflow_api.py
[2025-02-28T18:30:21.228+0200] {processor.py:925} INFO - DAG(s) 'tutorial_taskflow_api' retrieved from /Users/nampham/.pyenv/versions/3.12.9/lib/python3.12/site-packages/airflow/example_dags/tutorial_taskflow_api.py
[2025-02-28T18:30:21.271+0200] {logging_mixin.py:190} INFO - [2025-02-28T18:30:21.271+0200] {dag.py:3239} INFO - Sync 1 DAGs
[2025-02-28T18:30:21.275+0200] {logging_mixin.py:190} INFO - [2025-02-28T18:30:21.275+0200] {dag.py:4180} INFO - Setting next_dagrun for tutorial_taskflow_api to None, run_after=None
[2025-02-28T18:30:21.282+0200] {processor.py:208} INFO - Processing /Users/nampham/.pyenv/versions/3.12.9/lib/python3.12/site-packages/airflow/example_dags/tutorial_taskflow_api.py took 0.105 seconds
[2025-02-28T18:31:54.790+0200] {processor.py:186} INFO - Started process (PID=94907) to work on /Users/nampham/.pyenv/versions/3.12.9/lib/python3.12/site-packages/airflow/example_dags/tutorial_taskflow_api.py
[2025-02-28T18:31:54.791+0200] {processor.py:914} INFO - Processing file /Users/nampham/.pyenv/versions/3.12.9/lib/python3.12/site-packages/airflow/example_dags/tutorial_taskflow_api.py for tasks to queue
[2025-02-28T18:31:54.791+0200] {logging_mixin.py:190} INFO - [2025-02-28T18:31:54.791+0200] {dagbag.py:588} INFO - Filling up the DagBag from /Users/nampham/.pyenv/versions/3.12.9/lib/python3.12/site-packages/airflow/example_dags/tutorial_taskflow_api.py
[2025-02-28T18:31:54.829+0200] {processor.py:925} INFO - DAG(s) 'tutorial_taskflow_api' retrieved from /Users/nampham/.pyenv/versions/3.12.9/lib/python3.12/site-packages/airflow/example_dags/tutorial_taskflow_api.py
[2025-02-28T18:31:54.863+0200] {logging_mixin.py:190} INFO - [2025-02-28T18:31:54.863+0200] {dag.py:3239} INFO - Sync 1 DAGs
[2025-02-28T18:31:54.866+0200] {logging_mixin.py:190} INFO - [2025-02-28T18:31:54.866+0200] {dag.py:4180} INFO - Setting next_dagrun for tutorial_taskflow_api to None, run_after=None
[2025-02-28T18:31:54.873+0200] {processor.py:208} INFO - Processing /Users/nampham/.pyenv/versions/3.12.9/lib/python3.12/site-packages/airflow/example_dags/tutorial_taskflow_api.py took 0.084 seconds
[2025-02-28T20:10:43.923+0200] {processor.py:186} INFO - Started process (PID=97189) to work on /Users/nampham/.pyenv/versions/3.12.9/lib/python3.12/site-packages/airflow/example_dags/tutorial_taskflow_api.py
[2025-02-28T20:10:43.924+0200] {processor.py:914} INFO - Processing file /Users/nampham/.pyenv/versions/3.12.9/lib/python3.12/site-packages/airflow/example_dags/tutorial_taskflow_api.py for tasks to queue
[2025-02-28T20:10:43.924+0200] {logging_mixin.py:190} INFO - [2025-02-28T20:10:43.924+0200] {dagbag.py:588} INFO - Filling up the DagBag from /Users/nampham/.pyenv/versions/3.12.9/lib/python3.12/site-packages/airflow/example_dags/tutorial_taskflow_api.py
[2025-02-28T20:10:43.961+0200] {processor.py:925} INFO - DAG(s) 'tutorial_taskflow_api' retrieved from /Users/nampham/.pyenv/versions/3.12.9/lib/python3.12/site-packages/airflow/example_dags/tutorial_taskflow_api.py
[2025-02-28T20:10:44.024+0200] {logging_mixin.py:190} INFO - [2025-02-28T20:10:44.024+0200] {dag.py:3239} INFO - Sync 1 DAGs
[2025-02-28T20:10:44.028+0200] {logging_mixin.py:190} INFO - [2025-02-28T20:10:44.028+0200] {dag.py:4180} INFO - Setting next_dagrun for tutorial_taskflow_api to None, run_after=None
[2025-02-28T20:10:44.034+0200] {processor.py:208} INFO - Processing /Users/nampham/.pyenv/versions/3.12.9/lib/python3.12/site-packages/airflow/example_dags/tutorial_taskflow_api.py took 0.112 seconds
[2025-02-28T20:12:32.307+0200] {processor.py:186} INFO - Started process (PID=97781) to work on /Users/nampham/.pyenv/versions/3.12.9/lib/python3.12/site-packages/airflow/example_dags/tutorial_taskflow_api.py
[2025-02-28T20:12:32.308+0200] {processor.py:914} INFO - Processing file /Users/nampham/.pyenv/versions/3.12.9/lib/python3.12/site-packages/airflow/example_dags/tutorial_taskflow_api.py for tasks to queue
[2025-02-28T20:12:32.309+0200] {logging_mixin.py:190} INFO - [2025-02-28T20:12:32.308+0200] {dagbag.py:588} INFO - Filling up the DagBag from /Users/nampham/.pyenv/versions/3.12.9/lib/python3.12/site-packages/airflow/example_dags/tutorial_taskflow_api.py
[2025-02-28T20:12:32.349+0200] {processor.py:925} INFO - DAG(s) 'tutorial_taskflow_api' retrieved from /Users/nampham/.pyenv/versions/3.12.9/lib/python3.12/site-packages/airflow/example_dags/tutorial_taskflow_api.py
[2025-02-28T20:12:32.384+0200] {logging_mixin.py:190} INFO - [2025-02-28T20:12:32.384+0200] {dag.py:3239} INFO - Sync 1 DAGs
[2025-02-28T20:12:32.388+0200] {logging_mixin.py:190} INFO - [2025-02-28T20:12:32.388+0200] {dag.py:4180} INFO - Setting next_dagrun for tutorial_taskflow_api to None, run_after=None
[2025-02-28T20:12:32.394+0200] {processor.py:208} INFO - Processing /Users/nampham/.pyenv/versions/3.12.9/lib/python3.12/site-packages/airflow/example_dags/tutorial_taskflow_api.py took 0.088 seconds
[2025-02-28T20:14:22.524+0200] {processor.py:186} INFO - Started process (PID=98252) to work on /Users/nampham/.pyenv/versions/3.12.9/lib/python3.12/site-packages/airflow/example_dags/tutorial_taskflow_api.py
[2025-02-28T20:14:22.525+0200] {processor.py:914} INFO - Processing file /Users/nampham/.pyenv/versions/3.12.9/lib/python3.12/site-packages/airflow/example_dags/tutorial_taskflow_api.py for tasks to queue
[2025-02-28T20:14:22.526+0200] {logging_mixin.py:190} INFO - [2025-02-28T20:14:22.526+0200] {dagbag.py:588} INFO - Filling up the DagBag from /Users/nampham/.pyenv/versions/3.12.9/lib/python3.12/site-packages/airflow/example_dags/tutorial_taskflow_api.py
[2025-02-28T20:14:22.563+0200] {processor.py:925} INFO - DAG(s) 'tutorial_taskflow_api' retrieved from /Users/nampham/.pyenv/versions/3.12.9/lib/python3.12/site-packages/airflow/example_dags/tutorial_taskflow_api.py
[2025-02-28T20:14:22.596+0200] {logging_mixin.py:190} INFO - [2025-02-28T20:14:22.596+0200] {dag.py:3239} INFO - Sync 1 DAGs
[2025-02-28T20:14:22.600+0200] {logging_mixin.py:190} INFO - [2025-02-28T20:14:22.599+0200] {dag.py:4180} INFO - Setting next_dagrun for tutorial_taskflow_api to None, run_after=None
[2025-02-28T20:14:22.606+0200] {processor.py:208} INFO - Processing /Users/nampham/.pyenv/versions/3.12.9/lib/python3.12/site-packages/airflow/example_dags/tutorial_taskflow_api.py took 0.083 seconds
[2025-02-28T20:15:43.448+0200] {processor.py:186} INFO - Started process (PID=98544) to work on /Users/nampham/.pyenv/versions/3.12.9/lib/python3.12/site-packages/airflow/example_dags/tutorial_taskflow_api.py
[2025-02-28T20:15:43.449+0200] {processor.py:914} INFO - Processing file /Users/nampham/.pyenv/versions/3.12.9/lib/python3.12/site-packages/airflow/example_dags/tutorial_taskflow_api.py for tasks to queue
[2025-02-28T20:15:43.450+0200] {logging_mixin.py:190} INFO - [2025-02-28T20:15:43.449+0200] {dagbag.py:588} INFO - Filling up the DagBag from /Users/nampham/.pyenv/versions/3.12.9/lib/python3.12/site-packages/airflow/example_dags/tutorial_taskflow_api.py
[2025-02-28T20:15:43.486+0200] {processor.py:925} INFO - DAG(s) 'tutorial_taskflow_api' retrieved from /Users/nampham/.pyenv/versions/3.12.9/lib/python3.12/site-packages/airflow/example_dags/tutorial_taskflow_api.py
[2025-02-28T20:15:43.519+0200] {logging_mixin.py:190} INFO - [2025-02-28T20:15:43.519+0200] {dag.py:3239} INFO - Sync 1 DAGs
[2025-02-28T20:15:43.523+0200] {logging_mixin.py:190} INFO - [2025-02-28T20:15:43.523+0200] {dag.py:4180} INFO - Setting next_dagrun for tutorial_taskflow_api to None, run_after=None
[2025-02-28T20:15:43.530+0200] {processor.py:208} INFO - Processing /Users/nampham/.pyenv/versions/3.12.9/lib/python3.12/site-packages/airflow/example_dags/tutorial_taskflow_api.py took 0.083 seconds
[2025-02-28T20:17:00.697+0200] {processor.py:186} INFO - Started process (PID=98836) to work on /Users/nampham/.pyenv/versions/3.12.9/lib/python3.12/site-packages/airflow/example_dags/tutorial_taskflow_api.py
[2025-02-28T20:17:00.697+0200] {processor.py:914} INFO - Processing file /Users/nampham/.pyenv/versions/3.12.9/lib/python3.12/site-packages/airflow/example_dags/tutorial_taskflow_api.py for tasks to queue
[2025-02-28T20:17:00.698+0200] {logging_mixin.py:190} INFO - [2025-02-28T20:17:00.698+0200] {dagbag.py:588} INFO - Filling up the DagBag from /Users/nampham/.pyenv/versions/3.12.9/lib/python3.12/site-packages/airflow/example_dags/tutorial_taskflow_api.py
[2025-02-28T20:17:00.736+0200] {processor.py:925} INFO - DAG(s) 'tutorial_taskflow_api' retrieved from /Users/nampham/.pyenv/versions/3.12.9/lib/python3.12/site-packages/airflow/example_dags/tutorial_taskflow_api.py
[2025-02-28T20:17:00.770+0200] {logging_mixin.py:190} INFO - [2025-02-28T20:17:00.769+0200] {dag.py:3239} INFO - Sync 1 DAGs
[2025-02-28T20:17:00.773+0200] {logging_mixin.py:190} INFO - [2025-02-28T20:17:00.773+0200] {dag.py:4180} INFO - Setting next_dagrun for tutorial_taskflow_api to None, run_after=None
[2025-02-28T20:17:00.779+0200] {processor.py:208} INFO - Processing /Users/nampham/.pyenv/versions/3.12.9/lib/python3.12/site-packages/airflow/example_dags/tutorial_taskflow_api.py took 0.084 seconds
[2025-02-28T20:18:13.995+0200] {processor.py:186} INFO - Started process (PID=99186) to work on /Users/nampham/.pyenv/versions/3.12.9/lib/python3.12/site-packages/airflow/example_dags/tutorial_taskflow_api.py
[2025-02-28T20:18:13.996+0200] {processor.py:914} INFO - Processing file /Users/nampham/.pyenv/versions/3.12.9/lib/python3.12/site-packages/airflow/example_dags/tutorial_taskflow_api.py for tasks to queue
[2025-02-28T20:18:13.997+0200] {logging_mixin.py:190} INFO - [2025-02-28T20:18:13.996+0200] {dagbag.py:588} INFO - Filling up the DagBag from /Users/nampham/.pyenv/versions/3.12.9/lib/python3.12/site-packages/airflow/example_dags/tutorial_taskflow_api.py
[2025-02-28T20:18:14.033+0200] {processor.py:925} INFO - DAG(s) 'tutorial_taskflow_api' retrieved from /Users/nampham/.pyenv/versions/3.12.9/lib/python3.12/site-packages/airflow/example_dags/tutorial_taskflow_api.py
[2025-02-28T20:18:14.068+0200] {logging_mixin.py:190} INFO - [2025-02-28T20:18:14.067+0200] {dag.py:3239} INFO - Sync 1 DAGs
[2025-02-28T20:18:14.071+0200] {logging_mixin.py:190} INFO - [2025-02-28T20:18:14.071+0200] {dag.py:4180} INFO - Setting next_dagrun for tutorial_taskflow_api to None, run_after=None
[2025-02-28T20:18:14.077+0200] {processor.py:208} INFO - Processing /Users/nampham/.pyenv/versions/3.12.9/lib/python3.12/site-packages/airflow/example_dags/tutorial_taskflow_api.py took 0.083 seconds
[2025-02-28T20:20:06.740+0200] {processor.py:186} INFO - Started process (PID=99630) to work on /Users/nampham/.pyenv/versions/3.12.9/lib/python3.12/site-packages/airflow/example_dags/tutorial_taskflow_api.py
[2025-02-28T20:20:06.741+0200] {processor.py:914} INFO - Processing file /Users/nampham/.pyenv/versions/3.12.9/lib/python3.12/site-packages/airflow/example_dags/tutorial_taskflow_api.py for tasks to queue
[2025-02-28T20:20:06.741+0200] {logging_mixin.py:190} INFO - [2025-02-28T20:20:06.741+0200] {dagbag.py:588} INFO - Filling up the DagBag from /Users/nampham/.pyenv/versions/3.12.9/lib/python3.12/site-packages/airflow/example_dags/tutorial_taskflow_api.py
[2025-02-28T20:20:06.779+0200] {processor.py:925} INFO - DAG(s) 'tutorial_taskflow_api' retrieved from /Users/nampham/.pyenv/versions/3.12.9/lib/python3.12/site-packages/airflow/example_dags/tutorial_taskflow_api.py
[2025-02-28T20:20:06.812+0200] {logging_mixin.py:190} INFO - [2025-02-28T20:20:06.812+0200] {dag.py:3239} INFO - Sync 1 DAGs
[2025-02-28T20:20:06.815+0200] {logging_mixin.py:190} INFO - [2025-02-28T20:20:06.815+0200] {dag.py:4180} INFO - Setting next_dagrun for tutorial_taskflow_api to None, run_after=None
[2025-02-28T20:20:06.822+0200] {processor.py:208} INFO - Processing /Users/nampham/.pyenv/versions/3.12.9/lib/python3.12/site-packages/airflow/example_dags/tutorial_taskflow_api.py took 0.083 seconds
[2025-02-28T20:21:26.687+0200] {processor.py:186} INFO - Started process (PID=99950) to work on /Users/nampham/.pyenv/versions/3.12.9/lib/python3.12/site-packages/airflow/example_dags/tutorial_taskflow_api.py
[2025-02-28T20:21:26.688+0200] {processor.py:914} INFO - Processing file /Users/nampham/.pyenv/versions/3.12.9/lib/python3.12/site-packages/airflow/example_dags/tutorial_taskflow_api.py for tasks to queue
[2025-02-28T20:21:26.688+0200] {logging_mixin.py:190} INFO - [2025-02-28T20:21:26.688+0200] {dagbag.py:588} INFO - Filling up the DagBag from /Users/nampham/.pyenv/versions/3.12.9/lib/python3.12/site-packages/airflow/example_dags/tutorial_taskflow_api.py
[2025-02-28T20:21:26.738+0200] {processor.py:925} INFO - DAG(s) 'tutorial_taskflow_api' retrieved from /Users/nampham/.pyenv/versions/3.12.9/lib/python3.12/site-packages/airflow/example_dags/tutorial_taskflow_api.py
[2025-02-28T20:21:26.779+0200] {logging_mixin.py:190} INFO - [2025-02-28T20:21:26.779+0200] {dag.py:3239} INFO - Sync 1 DAGs
[2025-02-28T20:21:26.782+0200] {logging_mixin.py:190} INFO - [2025-02-28T20:21:26.782+0200] {dag.py:4180} INFO - Setting next_dagrun for tutorial_taskflow_api to None, run_after=None
[2025-02-28T20:21:26.789+0200] {processor.py:208} INFO - Processing /Users/nampham/.pyenv/versions/3.12.9/lib/python3.12/site-packages/airflow/example_dags/tutorial_taskflow_api.py took 0.104 seconds
[2025-02-28T20:22:41.433+0200] {processor.py:186} INFO - Started process (PID=300) to work on /Users/nampham/.pyenv/versions/3.12.9/lib/python3.12/site-packages/airflow/example_dags/tutorial_taskflow_api.py
[2025-02-28T20:22:41.434+0200] {processor.py:914} INFO - Processing file /Users/nampham/.pyenv/versions/3.12.9/lib/python3.12/site-packages/airflow/example_dags/tutorial_taskflow_api.py for tasks to queue
[2025-02-28T20:22:41.435+0200] {logging_mixin.py:190} INFO - [2025-02-28T20:22:41.435+0200] {dagbag.py:588} INFO - Filling up the DagBag from /Users/nampham/.pyenv/versions/3.12.9/lib/python3.12/site-packages/airflow/example_dags/tutorial_taskflow_api.py
[2025-02-28T20:22:41.474+0200] {processor.py:925} INFO - DAG(s) 'tutorial_taskflow_api' retrieved from /Users/nampham/.pyenv/versions/3.12.9/lib/python3.12/site-packages/airflow/example_dags/tutorial_taskflow_api.py
[2025-02-28T20:22:41.508+0200] {logging_mixin.py:190} INFO - [2025-02-28T20:22:41.508+0200] {dag.py:3239} INFO - Sync 1 DAGs
[2025-02-28T20:22:41.512+0200] {logging_mixin.py:190} INFO - [2025-02-28T20:22:41.511+0200] {dag.py:4180} INFO - Setting next_dagrun for tutorial_taskflow_api to None, run_after=None
[2025-02-28T20:22:41.518+0200] {processor.py:208} INFO - Processing /Users/nampham/.pyenv/versions/3.12.9/lib/python3.12/site-packages/airflow/example_dags/tutorial_taskflow_api.py took 0.086 seconds
[2025-02-28T21:27:27.841+0200] {processor.py:186} INFO - Started process (PID=5413) to work on /Users/nampham/.pyenv/versions/3.12.9/lib/python3.12/site-packages/airflow/example_dags/tutorial_taskflow_api.py
[2025-02-28T21:27:27.842+0200] {processor.py:914} INFO - Processing file /Users/nampham/.pyenv/versions/3.12.9/lib/python3.12/site-packages/airflow/example_dags/tutorial_taskflow_api.py for tasks to queue
[2025-02-28T21:27:27.842+0200] {logging_mixin.py:190} INFO - [2025-02-28T21:27:27.842+0200] {dagbag.py:588} INFO - Filling up the DagBag from /Users/nampham/.pyenv/versions/3.12.9/lib/python3.12/site-packages/airflow/example_dags/tutorial_taskflow_api.py
[2025-02-28T21:27:27.879+0200] {processor.py:925} INFO - DAG(s) 'tutorial_taskflow_api' retrieved from /Users/nampham/.pyenv/versions/3.12.9/lib/python3.12/site-packages/airflow/example_dags/tutorial_taskflow_api.py
[2025-02-28T21:27:27.912+0200] {logging_mixin.py:190} INFO - [2025-02-28T21:27:27.912+0200] {dag.py:3239} INFO - Sync 1 DAGs
[2025-02-28T21:27:27.916+0200] {logging_mixin.py:190} INFO - [2025-02-28T21:27:27.916+0200] {dag.py:4180} INFO - Setting next_dagrun for tutorial_taskflow_api to None, run_after=None
[2025-02-28T21:27:27.922+0200] {processor.py:208} INFO - Processing /Users/nampham/.pyenv/versions/3.12.9/lib/python3.12/site-packages/airflow/example_dags/tutorial_taskflow_api.py took 0.082 seconds
[2025-02-28T21:30:13.328+0200] {processor.py:186} INFO - Started process (PID=6070) to work on /Users/nampham/.pyenv/versions/3.12.9/lib/python3.12/site-packages/airflow/example_dags/tutorial_taskflow_api.py
[2025-02-28T21:30:13.329+0200] {processor.py:914} INFO - Processing file /Users/nampham/.pyenv/versions/3.12.9/lib/python3.12/site-packages/airflow/example_dags/tutorial_taskflow_api.py for tasks to queue
[2025-02-28T21:30:13.329+0200] {logging_mixin.py:190} INFO - [2025-02-28T21:30:13.329+0200] {dagbag.py:588} INFO - Filling up the DagBag from /Users/nampham/.pyenv/versions/3.12.9/lib/python3.12/site-packages/airflow/example_dags/tutorial_taskflow_api.py
[2025-02-28T21:30:13.373+0200] {processor.py:925} INFO - DAG(s) 'tutorial_taskflow_api' retrieved from /Users/nampham/.pyenv/versions/3.12.9/lib/python3.12/site-packages/airflow/example_dags/tutorial_taskflow_api.py
[2025-02-28T21:30:13.407+0200] {logging_mixin.py:190} INFO - [2025-02-28T21:30:13.407+0200] {dag.py:3239} INFO - Sync 1 DAGs
[2025-02-28T21:30:13.411+0200] {logging_mixin.py:190} INFO - [2025-02-28T21:30:13.411+0200] {dag.py:4180} INFO - Setting next_dagrun for tutorial_taskflow_api to None, run_after=None
[2025-02-28T21:30:13.418+0200] {processor.py:208} INFO - Processing /Users/nampham/.pyenv/versions/3.12.9/lib/python3.12/site-packages/airflow/example_dags/tutorial_taskflow_api.py took 0.091 seconds
[2025-02-28T21:32:01.885+0200] {processor.py:186} INFO - Started process (PID=6511) to work on /Users/nampham/.pyenv/versions/3.12.9/lib/python3.12/site-packages/airflow/example_dags/tutorial_taskflow_api.py
[2025-02-28T21:32:01.886+0200] {processor.py:914} INFO - Processing file /Users/nampham/.pyenv/versions/3.12.9/lib/python3.12/site-packages/airflow/example_dags/tutorial_taskflow_api.py for tasks to queue
[2025-02-28T21:32:01.886+0200] {logging_mixin.py:190} INFO - [2025-02-28T21:32:01.886+0200] {dagbag.py:588} INFO - Filling up the DagBag from /Users/nampham/.pyenv/versions/3.12.9/lib/python3.12/site-packages/airflow/example_dags/tutorial_taskflow_api.py
[2025-02-28T21:32:01.924+0200] {processor.py:925} INFO - DAG(s) 'tutorial_taskflow_api' retrieved from /Users/nampham/.pyenv/versions/3.12.9/lib/python3.12/site-packages/airflow/example_dags/tutorial_taskflow_api.py
[2025-02-28T21:32:01.958+0200] {logging_mixin.py:190} INFO - [2025-02-28T21:32:01.958+0200] {dag.py:3239} INFO - Sync 1 DAGs
[2025-02-28T21:32:01.962+0200] {logging_mixin.py:190} INFO - [2025-02-28T21:32:01.962+0200] {dag.py:4180} INFO - Setting next_dagrun for tutorial_taskflow_api to None, run_after=None
[2025-02-28T21:32:01.968+0200] {processor.py:208} INFO - Processing /Users/nampham/.pyenv/versions/3.12.9/lib/python3.12/site-packages/airflow/example_dags/tutorial_taskflow_api.py took 0.084 seconds
[2025-02-28T21:33:20.615+0200] {processor.py:186} INFO - Started process (PID=7011) to work on /Users/nampham/.pyenv/versions/3.12.9/lib/python3.12/site-packages/airflow/example_dags/tutorial_taskflow_api.py
[2025-02-28T21:33:20.616+0200] {processor.py:914} INFO - Processing file /Users/nampham/.pyenv/versions/3.12.9/lib/python3.12/site-packages/airflow/example_dags/tutorial_taskflow_api.py for tasks to queue
[2025-02-28T21:33:20.617+0200] {logging_mixin.py:190} INFO - [2025-02-28T21:33:20.617+0200] {dagbag.py:588} INFO - Filling up the DagBag from /Users/nampham/.pyenv/versions/3.12.9/lib/python3.12/site-packages/airflow/example_dags/tutorial_taskflow_api.py
[2025-02-28T21:33:20.655+0200] {processor.py:925} INFO - DAG(s) 'tutorial_taskflow_api' retrieved from /Users/nampham/.pyenv/versions/3.12.9/lib/python3.12/site-packages/airflow/example_dags/tutorial_taskflow_api.py
[2025-02-28T21:33:20.688+0200] {logging_mixin.py:190} INFO - [2025-02-28T21:33:20.688+0200] {dag.py:3239} INFO - Sync 1 DAGs
[2025-02-28T21:33:20.692+0200] {logging_mixin.py:190} INFO - [2025-02-28T21:33:20.692+0200] {dag.py:4180} INFO - Setting next_dagrun for tutorial_taskflow_api to None, run_after=None
[2025-02-28T21:33:20.698+0200] {processor.py:208} INFO - Processing /Users/nampham/.pyenv/versions/3.12.9/lib/python3.12/site-packages/airflow/example_dags/tutorial_taskflow_api.py took 0.085 seconds
[2025-02-28T21:34:40.205+0200] {processor.py:186} INFO - Started process (PID=7308) to work on /Users/nampham/.pyenv/versions/3.12.9/lib/python3.12/site-packages/airflow/example_dags/tutorial_taskflow_api.py
[2025-02-28T21:34:40.206+0200] {processor.py:914} INFO - Processing file /Users/nampham/.pyenv/versions/3.12.9/lib/python3.12/site-packages/airflow/example_dags/tutorial_taskflow_api.py for tasks to queue
[2025-02-28T21:34:40.207+0200] {logging_mixin.py:190} INFO - [2025-02-28T21:34:40.207+0200] {dagbag.py:588} INFO - Filling up the DagBag from /Users/nampham/.pyenv/versions/3.12.9/lib/python3.12/site-packages/airflow/example_dags/tutorial_taskflow_api.py
[2025-02-28T21:34:40.251+0200] {processor.py:925} INFO - DAG(s) 'tutorial_taskflow_api' retrieved from /Users/nampham/.pyenv/versions/3.12.9/lib/python3.12/site-packages/airflow/example_dags/tutorial_taskflow_api.py
[2025-02-28T21:34:40.291+0200] {logging_mixin.py:190} INFO - [2025-02-28T21:34:40.291+0200] {dag.py:3239} INFO - Sync 1 DAGs
[2025-02-28T21:34:40.295+0200] {logging_mixin.py:190} INFO - [2025-02-28T21:34:40.295+0200] {dag.py:4180} INFO - Setting next_dagrun for tutorial_taskflow_api to None, run_after=None
[2025-02-28T21:34:40.302+0200] {processor.py:208} INFO - Processing /Users/nampham/.pyenv/versions/3.12.9/lib/python3.12/site-packages/airflow/example_dags/tutorial_taskflow_api.py took 0.098 seconds
[2025-02-28T21:36:34.369+0200] {processor.py:186} INFO - Started process (PID=7799) to work on /Users/nampham/.pyenv/versions/3.12.9/lib/python3.12/site-packages/airflow/example_dags/tutorial_taskflow_api.py
[2025-02-28T21:36:34.370+0200] {processor.py:914} INFO - Processing file /Users/nampham/.pyenv/versions/3.12.9/lib/python3.12/site-packages/airflow/example_dags/tutorial_taskflow_api.py for tasks to queue
[2025-02-28T21:36:34.370+0200] {logging_mixin.py:190} INFO - [2025-02-28T21:36:34.370+0200] {dagbag.py:588} INFO - Filling up the DagBag from /Users/nampham/.pyenv/versions/3.12.9/lib/python3.12/site-packages/airflow/example_dags/tutorial_taskflow_api.py
[2025-02-28T21:36:34.408+0200] {processor.py:925} INFO - DAG(s) 'tutorial_taskflow_api' retrieved from /Users/nampham/.pyenv/versions/3.12.9/lib/python3.12/site-packages/airflow/example_dags/tutorial_taskflow_api.py
[2025-02-28T21:36:34.474+0200] {logging_mixin.py:190} INFO - [2025-02-28T21:36:34.474+0200] {override.py:1930} INFO - Created Permission View: can edit on DAG:tutorial_taskflow_api
[2025-02-28T21:36:34.477+0200] {logging_mixin.py:190} INFO - [2025-02-28T21:36:34.477+0200] {override.py:1930} INFO - Created Permission View: can delete on DAG:tutorial_taskflow_api
[2025-02-28T21:36:34.479+0200] {logging_mixin.py:190} INFO - [2025-02-28T21:36:34.479+0200] {override.py:1930} INFO - Created Permission View: can read on DAG:tutorial_taskflow_api
[2025-02-28T21:36:34.481+0200] {logging_mixin.py:190} INFO - [2025-02-28T21:36:34.481+0200] {override.py:1930} INFO - Created Permission View: can delete on DAG Run:tutorial_taskflow_api
[2025-02-28T21:36:34.483+0200] {logging_mixin.py:190} INFO - [2025-02-28T21:36:34.483+0200] {override.py:1930} INFO - Created Permission View: menu access on DAG Run:tutorial_taskflow_api
[2025-02-28T21:36:34.485+0200] {logging_mixin.py:190} INFO - [2025-02-28T21:36:34.485+0200] {override.py:1930} INFO - Created Permission View: can create on DAG Run:tutorial_taskflow_api
[2025-02-28T21:36:34.487+0200] {logging_mixin.py:190} INFO - [2025-02-28T21:36:34.486+0200] {override.py:1930} INFO - Created Permission View: can read on DAG Run:tutorial_taskflow_api
[2025-02-28T21:36:34.487+0200] {logging_mixin.py:190} INFO - [2025-02-28T21:36:34.487+0200] {dag.py:3239} INFO - Sync 1 DAGs
[2025-02-28T21:36:34.492+0200] {logging_mixin.py:190} INFO - [2025-02-28T21:36:34.492+0200] {dag.py:3262} INFO - Creating ORM DAG for tutorial_taskflow_api
[2025-02-28T21:36:34.492+0200] {logging_mixin.py:190} INFO - [2025-02-28T21:36:34.492+0200] {dag.py:4180} INFO - Setting next_dagrun for tutorial_taskflow_api to None, run_after=None
[2025-02-28T21:36:34.498+0200] {processor.py:208} INFO - Processing /Users/nampham/.pyenv/versions/3.12.9/lib/python3.12/site-packages/airflow/example_dags/tutorial_taskflow_api.py took 0.130 seconds
[2025-02-28T21:38:27.525+0200] {processor.py:186} INFO - Started process (PID=8236) to work on /Users/nampham/.pyenv/versions/3.12.9/lib/python3.12/site-packages/airflow/example_dags/tutorial_taskflow_api.py
[2025-02-28T21:38:27.526+0200] {processor.py:914} INFO - Processing file /Users/nampham/.pyenv/versions/3.12.9/lib/python3.12/site-packages/airflow/example_dags/tutorial_taskflow_api.py for tasks to queue
[2025-02-28T21:38:27.526+0200] {logging_mixin.py:190} INFO - [2025-02-28T21:38:27.526+0200] {dagbag.py:588} INFO - Filling up the DagBag from /Users/nampham/.pyenv/versions/3.12.9/lib/python3.12/site-packages/airflow/example_dags/tutorial_taskflow_api.py
[2025-02-28T21:38:27.563+0200] {processor.py:925} INFO - DAG(s) 'tutorial_taskflow_api' retrieved from /Users/nampham/.pyenv/versions/3.12.9/lib/python3.12/site-packages/airflow/example_dags/tutorial_taskflow_api.py
[2025-02-28T21:38:27.597+0200] {logging_mixin.py:190} INFO - [2025-02-28T21:38:27.596+0200] {dag.py:3239} INFO - Sync 1 DAGs
[2025-02-28T21:38:27.600+0200] {logging_mixin.py:190} INFO - [2025-02-28T21:38:27.600+0200] {dag.py:4180} INFO - Setting next_dagrun for tutorial_taskflow_api to None, run_after=None
[2025-02-28T21:38:27.606+0200] {processor.py:208} INFO - Processing /Users/nampham/.pyenv/versions/3.12.9/lib/python3.12/site-packages/airflow/example_dags/tutorial_taskflow_api.py took 0.083 seconds
[2025-02-28T21:39:44.513+0200] {processor.py:186} INFO - Started process (PID=8527) to work on /Users/nampham/.pyenv/versions/3.12.9/lib/python3.12/site-packages/airflow/example_dags/tutorial_taskflow_api.py
[2025-02-28T21:39:44.514+0200] {processor.py:914} INFO - Processing file /Users/nampham/.pyenv/versions/3.12.9/lib/python3.12/site-packages/airflow/example_dags/tutorial_taskflow_api.py for tasks to queue
[2025-02-28T21:39:44.515+0200] {logging_mixin.py:190} INFO - [2025-02-28T21:39:44.515+0200] {dagbag.py:588} INFO - Filling up the DagBag from /Users/nampham/.pyenv/versions/3.12.9/lib/python3.12/site-packages/airflow/example_dags/tutorial_taskflow_api.py
[2025-02-28T21:39:44.552+0200] {processor.py:925} INFO - DAG(s) 'tutorial_taskflow_api' retrieved from /Users/nampham/.pyenv/versions/3.12.9/lib/python3.12/site-packages/airflow/example_dags/tutorial_taskflow_api.py
[2025-02-28T21:39:44.586+0200] {logging_mixin.py:190} INFO - [2025-02-28T21:39:44.586+0200] {dag.py:3239} INFO - Sync 1 DAGs
[2025-02-28T21:39:44.590+0200] {logging_mixin.py:190} INFO - [2025-02-28T21:39:44.590+0200] {dag.py:4180} INFO - Setting next_dagrun for tutorial_taskflow_api to None, run_after=None
[2025-02-28T21:39:44.596+0200] {processor.py:208} INFO - Processing /Users/nampham/.pyenv/versions/3.12.9/lib/python3.12/site-packages/airflow/example_dags/tutorial_taskflow_api.py took 0.084 seconds
[2025-02-28T21:42:04.514+0200] {processor.py:186} INFO - Started process (PID=9109) to work on /Users/nampham/.pyenv/versions/3.12.9/lib/python3.12/site-packages/airflow/example_dags/tutorial_taskflow_api.py
[2025-02-28T21:42:04.516+0200] {processor.py:914} INFO - Processing file /Users/nampham/.pyenv/versions/3.12.9/lib/python3.12/site-packages/airflow/example_dags/tutorial_taskflow_api.py for tasks to queue
[2025-02-28T21:42:04.516+0200] {logging_mixin.py:190} INFO - [2025-02-28T21:42:04.516+0200] {dagbag.py:588} INFO - Filling up the DagBag from /Users/nampham/.pyenv/versions/3.12.9/lib/python3.12/site-packages/airflow/example_dags/tutorial_taskflow_api.py
[2025-02-28T21:42:04.555+0200] {processor.py:925} INFO - DAG(s) 'tutorial_taskflow_api' retrieved from /Users/nampham/.pyenv/versions/3.12.9/lib/python3.12/site-packages/airflow/example_dags/tutorial_taskflow_api.py
[2025-02-28T21:42:04.624+0200] {logging_mixin.py:190} INFO - [2025-02-28T21:42:04.623+0200] {override.py:1930} INFO - Created Permission View: can read on DAG:tutorial_taskflow_api
[2025-02-28T21:42:04.626+0200] {logging_mixin.py:190} INFO - [2025-02-28T21:42:04.626+0200] {override.py:1930} INFO - Created Permission View: can delete on DAG:tutorial_taskflow_api
[2025-02-28T21:42:04.628+0200] {logging_mixin.py:190} INFO - [2025-02-28T21:42:04.628+0200] {override.py:1930} INFO - Created Permission View: can edit on DAG:tutorial_taskflow_api
[2025-02-28T21:42:04.630+0200] {logging_mixin.py:190} INFO - [2025-02-28T21:42:04.630+0200] {override.py:1930} INFO - Created Permission View: can create on DAG Run:tutorial_taskflow_api
[2025-02-28T21:42:04.632+0200] {logging_mixin.py:190} INFO - [2025-02-28T21:42:04.632+0200] {override.py:1930} INFO - Created Permission View: can read on DAG Run:tutorial_taskflow_api
[2025-02-28T21:42:04.634+0200] {logging_mixin.py:190} INFO - [2025-02-28T21:42:04.634+0200] {override.py:1930} INFO - Created Permission View: can delete on DAG Run:tutorial_taskflow_api
[2025-02-28T21:42:04.635+0200] {logging_mixin.py:190} INFO - [2025-02-28T21:42:04.635+0200] {override.py:1930} INFO - Created Permission View: menu access on DAG Run:tutorial_taskflow_api
[2025-02-28T21:42:04.636+0200] {logging_mixin.py:190} INFO - [2025-02-28T21:42:04.636+0200] {dag.py:3239} INFO - Sync 1 DAGs
[2025-02-28T21:42:04.640+0200] {logging_mixin.py:190} INFO - [2025-02-28T21:42:04.640+0200] {dag.py:3262} INFO - Creating ORM DAG for tutorial_taskflow_api
[2025-02-28T21:42:04.640+0200] {logging_mixin.py:190} INFO - [2025-02-28T21:42:04.640+0200] {dag.py:4180} INFO - Setting next_dagrun for tutorial_taskflow_api to None, run_after=None
[2025-02-28T21:42:04.645+0200] {processor.py:208} INFO - Processing /Users/nampham/.pyenv/versions/3.12.9/lib/python3.12/site-packages/airflow/example_dags/tutorial_taskflow_api.py took 0.132 seconds
[2025-02-28T21:43:08.867+0200] {processor.py:186} INFO - Started process (PID=9474) to work on /Users/nampham/.pyenv/versions/3.12.9/lib/python3.12/site-packages/airflow/example_dags/tutorial_taskflow_api.py
[2025-02-28T21:43:08.869+0200] {processor.py:914} INFO - Processing file /Users/nampham/.pyenv/versions/3.12.9/lib/python3.12/site-packages/airflow/example_dags/tutorial_taskflow_api.py for tasks to queue
[2025-02-28T21:43:08.869+0200] {logging_mixin.py:190} INFO - [2025-02-28T21:43:08.869+0200] {dagbag.py:588} INFO - Filling up the DagBag from /Users/nampham/.pyenv/versions/3.12.9/lib/python3.12/site-packages/airflow/example_dags/tutorial_taskflow_api.py
[2025-02-28T21:43:08.908+0200] {processor.py:925} INFO - DAG(s) 'tutorial_taskflow_api' retrieved from /Users/nampham/.pyenv/versions/3.12.9/lib/python3.12/site-packages/airflow/example_dags/tutorial_taskflow_api.py
[2025-02-28T21:43:08.942+0200] {logging_mixin.py:190} INFO - [2025-02-28T21:43:08.942+0200] {dag.py:3239} INFO - Sync 1 DAGs
[2025-02-28T21:43:08.946+0200] {logging_mixin.py:190} INFO - [2025-02-28T21:43:08.946+0200] {dag.py:4180} INFO - Setting next_dagrun for tutorial_taskflow_api to None, run_after=None
[2025-02-28T21:43:08.955+0200] {processor.py:208} INFO - Processing /Users/nampham/.pyenv/versions/3.12.9/lib/python3.12/site-packages/airflow/example_dags/tutorial_taskflow_api.py took 0.089 seconds
[2025-02-28T21:45:06.650+0200] {processor.py:186} INFO - Started process (PID=9989) to work on /Users/nampham/.pyenv/versions/3.12.9/lib/python3.12/site-packages/airflow/example_dags/tutorial_taskflow_api.py
[2025-02-28T21:45:06.651+0200] {processor.py:914} INFO - Processing file /Users/nampham/.pyenv/versions/3.12.9/lib/python3.12/site-packages/airflow/example_dags/tutorial_taskflow_api.py for tasks to queue
[2025-02-28T21:45:06.651+0200] {logging_mixin.py:190} INFO - [2025-02-28T21:45:06.651+0200] {dagbag.py:588} INFO - Filling up the DagBag from /Users/nampham/.pyenv/versions/3.12.9/lib/python3.12/site-packages/airflow/example_dags/tutorial_taskflow_api.py
[2025-02-28T21:45:06.688+0200] {processor.py:925} INFO - DAG(s) 'tutorial_taskflow_api' retrieved from /Users/nampham/.pyenv/versions/3.12.9/lib/python3.12/site-packages/airflow/example_dags/tutorial_taskflow_api.py
[2025-02-28T21:45:06.721+0200] {logging_mixin.py:190} INFO - [2025-02-28T21:45:06.721+0200] {dag.py:3239} INFO - Sync 1 DAGs
[2025-02-28T21:45:06.725+0200] {logging_mixin.py:190} INFO - [2025-02-28T21:45:06.725+0200] {dag.py:4180} INFO - Setting next_dagrun for tutorial_taskflow_api to None, run_after=None
[2025-02-28T21:45:06.731+0200] {processor.py:208} INFO - Processing /Users/nampham/.pyenv/versions/3.12.9/lib/python3.12/site-packages/airflow/example_dags/tutorial_taskflow_api.py took 0.083 seconds
[2025-02-28T21:47:28.768+0200] {processor.py:186} INFO - Started process (PID=10528) to work on /Users/nampham/.pyenv/versions/3.12.9/lib/python3.12/site-packages/airflow/example_dags/tutorial_taskflow_api.py
[2025-02-28T21:47:28.768+0200] {processor.py:914} INFO - Processing file /Users/nampham/.pyenv/versions/3.12.9/lib/python3.12/site-packages/airflow/example_dags/tutorial_taskflow_api.py for tasks to queue
[2025-02-28T21:47:28.769+0200] {logging_mixin.py:190} INFO - [2025-02-28T21:47:28.769+0200] {dagbag.py:588} INFO - Filling up the DagBag from /Users/nampham/.pyenv/versions/3.12.9/lib/python3.12/site-packages/airflow/example_dags/tutorial_taskflow_api.py
[2025-02-28T21:47:28.808+0200] {processor.py:925} INFO - DAG(s) 'tutorial_taskflow_api' retrieved from /Users/nampham/.pyenv/versions/3.12.9/lib/python3.12/site-packages/airflow/example_dags/tutorial_taskflow_api.py
[2025-02-28T21:47:28.842+0200] {logging_mixin.py:190} INFO - [2025-02-28T21:47:28.842+0200] {dag.py:3239} INFO - Sync 1 DAGs
[2025-02-28T21:47:28.846+0200] {logging_mixin.py:190} INFO - [2025-02-28T21:47:28.846+0200] {dag.py:4180} INFO - Setting next_dagrun for tutorial_taskflow_api to None, run_after=None
[2025-02-28T21:47:28.853+0200] {processor.py:208} INFO - Processing /Users/nampham/.pyenv/versions/3.12.9/lib/python3.12/site-packages/airflow/example_dags/tutorial_taskflow_api.py took 0.086 seconds
[2025-02-28T21:49:28.855+0200] {processor.py:186} INFO - Started process (PID=10979) to work on /Users/nampham/.pyenv/versions/3.12.9/lib/python3.12/site-packages/airflow/example_dags/tutorial_taskflow_api.py
[2025-02-28T21:49:28.856+0200] {processor.py:914} INFO - Processing file /Users/nampham/.pyenv/versions/3.12.9/lib/python3.12/site-packages/airflow/example_dags/tutorial_taskflow_api.py for tasks to queue
[2025-02-28T21:49:28.857+0200] {logging_mixin.py:190} INFO - [2025-02-28T21:49:28.857+0200] {dagbag.py:588} INFO - Filling up the DagBag from /Users/nampham/.pyenv/versions/3.12.9/lib/python3.12/site-packages/airflow/example_dags/tutorial_taskflow_api.py
[2025-02-28T21:49:28.894+0200] {processor.py:925} INFO - DAG(s) 'tutorial_taskflow_api' retrieved from /Users/nampham/.pyenv/versions/3.12.9/lib/python3.12/site-packages/airflow/example_dags/tutorial_taskflow_api.py
[2025-02-28T21:49:28.928+0200] {logging_mixin.py:190} INFO - [2025-02-28T21:49:28.928+0200] {dag.py:3239} INFO - Sync 1 DAGs
[2025-02-28T21:49:28.931+0200] {logging_mixin.py:190} INFO - [2025-02-28T21:49:28.931+0200] {dag.py:4180} INFO - Setting next_dagrun for tutorial_taskflow_api to None, run_after=None
[2025-02-28T21:49:28.938+0200] {processor.py:208} INFO - Processing /Users/nampham/.pyenv/versions/3.12.9/lib/python3.12/site-packages/airflow/example_dags/tutorial_taskflow_api.py took 0.084 seconds
[2025-02-28T21:55:19.957+0200] {processor.py:186} INFO - Started process (PID=11991) to work on /Users/nampham/.pyenv/versions/3.12.9/lib/python3.12/site-packages/airflow/example_dags/tutorial_taskflow_api.py
[2025-02-28T21:55:19.957+0200] {processor.py:914} INFO - Processing file /Users/nampham/.pyenv/versions/3.12.9/lib/python3.12/site-packages/airflow/example_dags/tutorial_taskflow_api.py for tasks to queue
[2025-02-28T21:55:19.958+0200] {logging_mixin.py:190} INFO - [2025-02-28T21:55:19.958+0200] {dagbag.py:588} INFO - Filling up the DagBag from /Users/nampham/.pyenv/versions/3.12.9/lib/python3.12/site-packages/airflow/example_dags/tutorial_taskflow_api.py
[2025-02-28T21:55:20.003+0200] {processor.py:925} INFO - DAG(s) 'tutorial_taskflow_api' retrieved from /Users/nampham/.pyenv/versions/3.12.9/lib/python3.12/site-packages/airflow/example_dags/tutorial_taskflow_api.py
[2025-02-28T21:55:20.039+0200] {logging_mixin.py:190} INFO - [2025-02-28T21:55:20.039+0200] {dag.py:3239} INFO - Sync 1 DAGs
[2025-02-28T21:55:20.043+0200] {logging_mixin.py:190} INFO - [2025-02-28T21:55:20.043+0200] {dag.py:4180} INFO - Setting next_dagrun for tutorial_taskflow_api to None, run_after=None
[2025-02-28T21:55:20.049+0200] {processor.py:208} INFO - Processing /Users/nampham/.pyenv/versions/3.12.9/lib/python3.12/site-packages/airflow/example_dags/tutorial_taskflow_api.py took 0.095 seconds
[2025-02-28T22:14:23.485+0200] {processor.py:186} INFO - Started process (PID=15660) to work on /Users/nampham/.pyenv/versions/3.12.9/lib/python3.12/site-packages/airflow/example_dags/tutorial_taskflow_api.py
[2025-02-28T22:14:23.486+0200] {processor.py:914} INFO - Processing file /Users/nampham/.pyenv/versions/3.12.9/lib/python3.12/site-packages/airflow/example_dags/tutorial_taskflow_api.py for tasks to queue
[2025-02-28T22:14:23.487+0200] {logging_mixin.py:190} INFO - [2025-02-28T22:14:23.487+0200] {dagbag.py:588} INFO - Filling up the DagBag from /Users/nampham/.pyenv/versions/3.12.9/lib/python3.12/site-packages/airflow/example_dags/tutorial_taskflow_api.py
[2025-02-28T22:14:23.526+0200] {processor.py:925} INFO - DAG(s) 'tutorial_taskflow_api' retrieved from /Users/nampham/.pyenv/versions/3.12.9/lib/python3.12/site-packages/airflow/example_dags/tutorial_taskflow_api.py
[2025-02-28T22:14:23.593+0200] {logging_mixin.py:190} INFO - [2025-02-28T22:14:23.593+0200] {override.py:1930} INFO - Created Permission View: can read on DAG:tutorial_taskflow_api
[2025-02-28T22:14:23.596+0200] {logging_mixin.py:190} INFO - [2025-02-28T22:14:23.596+0200] {override.py:1930} INFO - Created Permission View: can edit on DAG:tutorial_taskflow_api
[2025-02-28T22:14:23.598+0200] {logging_mixin.py:190} INFO - [2025-02-28T22:14:23.598+0200] {override.py:1930} INFO - Created Permission View: can delete on DAG:tutorial_taskflow_api
[2025-02-28T22:14:23.600+0200] {logging_mixin.py:190} INFO - [2025-02-28T22:14:23.600+0200] {override.py:1930} INFO - Created Permission View: menu access on DAG Run:tutorial_taskflow_api
[2025-02-28T22:14:23.602+0200] {logging_mixin.py:190} INFO - [2025-02-28T22:14:23.601+0200] {override.py:1930} INFO - Created Permission View: can read on DAG Run:tutorial_taskflow_api
[2025-02-28T22:14:23.603+0200] {logging_mixin.py:190} INFO - [2025-02-28T22:14:23.603+0200] {override.py:1930} INFO - Created Permission View: can create on DAG Run:tutorial_taskflow_api
[2025-02-28T22:14:23.605+0200] {logging_mixin.py:190} INFO - [2025-02-28T22:14:23.605+0200] {override.py:1930} INFO - Created Permission View: can delete on DAG Run:tutorial_taskflow_api
[2025-02-28T22:14:23.605+0200] {logging_mixin.py:190} INFO - [2025-02-28T22:14:23.605+0200] {dag.py:3239} INFO - Sync 1 DAGs
[2025-02-28T22:14:23.610+0200] {logging_mixin.py:190} INFO - [2025-02-28T22:14:23.610+0200] {dag.py:3262} INFO - Creating ORM DAG for tutorial_taskflow_api
[2025-02-28T22:14:23.610+0200] {logging_mixin.py:190} INFO - [2025-02-28T22:14:23.610+0200] {dag.py:4180} INFO - Setting next_dagrun for tutorial_taskflow_api to None, run_after=None
[2025-02-28T22:14:23.615+0200] {processor.py:208} INFO - Processing /Users/nampham/.pyenv/versions/3.12.9/lib/python3.12/site-packages/airflow/example_dags/tutorial_taskflow_api.py took 0.132 seconds
[2025-02-28T22:25:53.773+0200] {processor.py:186} INFO - Started process (PID=17680) to work on /Users/nampham/.pyenv/versions/3.12.9/lib/python3.12/site-packages/airflow/example_dags/tutorial_taskflow_api.py
[2025-02-28T22:25:53.774+0200] {processor.py:914} INFO - Processing file /Users/nampham/.pyenv/versions/3.12.9/lib/python3.12/site-packages/airflow/example_dags/tutorial_taskflow_api.py for tasks to queue
[2025-02-28T22:25:53.774+0200] {logging_mixin.py:190} INFO - [2025-02-28T22:25:53.774+0200] {dagbag.py:588} INFO - Filling up the DagBag from /Users/nampham/.pyenv/versions/3.12.9/lib/python3.12/site-packages/airflow/example_dags/tutorial_taskflow_api.py
[2025-02-28T22:25:53.812+0200] {processor.py:925} INFO - DAG(s) 'tutorial_taskflow_api' retrieved from /Users/nampham/.pyenv/versions/3.12.9/lib/python3.12/site-packages/airflow/example_dags/tutorial_taskflow_api.py
[2025-02-28T22:25:53.877+0200] {logging_mixin.py:190} INFO - [2025-02-28T22:25:53.877+0200] {override.py:1930} INFO - Created Permission View: can read on DAG:tutorial_taskflow_api
[2025-02-28T22:25:53.880+0200] {logging_mixin.py:190} INFO - [2025-02-28T22:25:53.880+0200] {override.py:1930} INFO - Created Permission View: can delete on DAG:tutorial_taskflow_api
[2025-02-28T22:25:53.882+0200] {logging_mixin.py:190} INFO - [2025-02-28T22:25:53.882+0200] {override.py:1930} INFO - Created Permission View: can edit on DAG:tutorial_taskflow_api
[2025-02-28T22:25:53.884+0200] {logging_mixin.py:190} INFO - [2025-02-28T22:25:53.884+0200] {override.py:1930} INFO - Created Permission View: can read on DAG Run:tutorial_taskflow_api
[2025-02-28T22:25:53.886+0200] {logging_mixin.py:190} INFO - [2025-02-28T22:25:53.886+0200] {override.py:1930} INFO - Created Permission View: can create on DAG Run:tutorial_taskflow_api
[2025-02-28T22:25:53.888+0200] {logging_mixin.py:190} INFO - [2025-02-28T22:25:53.888+0200] {override.py:1930} INFO - Created Permission View: can delete on DAG Run:tutorial_taskflow_api
[2025-02-28T22:25:53.890+0200] {logging_mixin.py:190} INFO - [2025-02-28T22:25:53.890+0200] {override.py:1930} INFO - Created Permission View: menu access on DAG Run:tutorial_taskflow_api
[2025-02-28T22:25:53.890+0200] {logging_mixin.py:190} INFO - [2025-02-28T22:25:53.890+0200] {dag.py:3239} INFO - Sync 1 DAGs
[2025-02-28T22:25:53.895+0200] {logging_mixin.py:190} INFO - [2025-02-28T22:25:53.895+0200] {dag.py:3262} INFO - Creating ORM DAG for tutorial_taskflow_api
[2025-02-28T22:25:53.895+0200] {logging_mixin.py:190} INFO - [2025-02-28T22:25:53.895+0200] {dag.py:4180} INFO - Setting next_dagrun for tutorial_taskflow_api to None, run_after=None
[2025-02-28T22:25:53.903+0200] {processor.py:208} INFO - Processing /Users/nampham/.pyenv/versions/3.12.9/lib/python3.12/site-packages/airflow/example_dags/tutorial_taskflow_api.py took 0.131 seconds
[2025-02-28T22:27:26.134+0200] {processor.py:186} INFO - Started process (PID=17993) to work on /Users/nampham/.pyenv/versions/3.12.9/lib/python3.12/site-packages/airflow/example_dags/tutorial_taskflow_api.py
[2025-02-28T22:27:26.135+0200] {processor.py:914} INFO - Processing file /Users/nampham/.pyenv/versions/3.12.9/lib/python3.12/site-packages/airflow/example_dags/tutorial_taskflow_api.py for tasks to queue
[2025-02-28T22:27:26.136+0200] {logging_mixin.py:190} INFO - [2025-02-28T22:27:26.135+0200] {dagbag.py:588} INFO - Filling up the DagBag from /Users/nampham/.pyenv/versions/3.12.9/lib/python3.12/site-packages/airflow/example_dags/tutorial_taskflow_api.py
[2025-02-28T22:27:26.172+0200] {processor.py:925} INFO - DAG(s) 'tutorial_taskflow_api' retrieved from /Users/nampham/.pyenv/versions/3.12.9/lib/python3.12/site-packages/airflow/example_dags/tutorial_taskflow_api.py
[2025-02-28T22:27:26.205+0200] {logging_mixin.py:190} INFO - [2025-02-28T22:27:26.205+0200] {dag.py:3239} INFO - Sync 1 DAGs
[2025-02-28T22:27:26.208+0200] {logging_mixin.py:190} INFO - [2025-02-28T22:27:26.208+0200] {dag.py:4180} INFO - Setting next_dagrun for tutorial_taskflow_api to None, run_after=None
[2025-02-28T22:27:26.215+0200] {processor.py:208} INFO - Processing /Users/nampham/.pyenv/versions/3.12.9/lib/python3.12/site-packages/airflow/example_dags/tutorial_taskflow_api.py took 0.081 seconds
[2025-02-28T22:34:05.021+0200] {processor.py:186} INFO - Started process (PID=19386) to work on /Users/nampham/.pyenv/versions/3.12.9/lib/python3.12/site-packages/airflow/example_dags/tutorial_taskflow_api.py
[2025-02-28T22:34:05.021+0200] {processor.py:914} INFO - Processing file /Users/nampham/.pyenv/versions/3.12.9/lib/python3.12/site-packages/airflow/example_dags/tutorial_taskflow_api.py for tasks to queue
[2025-02-28T22:34:05.022+0200] {logging_mixin.py:190} INFO - [2025-02-28T22:34:05.022+0200] {dagbag.py:588} INFO - Filling up the DagBag from /Users/nampham/.pyenv/versions/3.12.9/lib/python3.12/site-packages/airflow/example_dags/tutorial_taskflow_api.py
[2025-02-28T22:34:05.059+0200] {processor.py:925} INFO - DAG(s) 'tutorial_taskflow_api' retrieved from /Users/nampham/.pyenv/versions/3.12.9/lib/python3.12/site-packages/airflow/example_dags/tutorial_taskflow_api.py
[2025-02-28T22:34:05.124+0200] {logging_mixin.py:190} INFO - [2025-02-28T22:34:05.124+0200] {override.py:1930} INFO - Created Permission View: can edit on DAG:tutorial_taskflow_api
[2025-02-28T22:34:05.127+0200] {logging_mixin.py:190} INFO - [2025-02-28T22:34:05.127+0200] {override.py:1930} INFO - Created Permission View: can read on DAG:tutorial_taskflow_api
[2025-02-28T22:34:05.128+0200] {logging_mixin.py:190} INFO - [2025-02-28T22:34:05.128+0200] {override.py:1930} INFO - Created Permission View: can delete on DAG:tutorial_taskflow_api
[2025-02-28T22:34:05.131+0200] {logging_mixin.py:190} INFO - [2025-02-28T22:34:05.131+0200] {override.py:1930} INFO - Created Permission View: menu access on DAG Run:tutorial_taskflow_api
[2025-02-28T22:34:05.133+0200] {logging_mixin.py:190} INFO - [2025-02-28T22:34:05.133+0200] {override.py:1930} INFO - Created Permission View: can read on DAG Run:tutorial_taskflow_api
[2025-02-28T22:34:05.135+0200] {logging_mixin.py:190} INFO - [2025-02-28T22:34:05.135+0200] {override.py:1930} INFO - Created Permission View: can delete on DAG Run:tutorial_taskflow_api
[2025-02-28T22:34:05.136+0200] {logging_mixin.py:190} INFO - [2025-02-28T22:34:05.136+0200] {override.py:1930} INFO - Created Permission View: can create on DAG Run:tutorial_taskflow_api
[2025-02-28T22:34:05.136+0200] {logging_mixin.py:190} INFO - [2025-02-28T22:34:05.136+0200] {dag.py:3239} INFO - Sync 1 DAGs
[2025-02-28T22:34:05.141+0200] {logging_mixin.py:190} INFO - [2025-02-28T22:34:05.141+0200] {dag.py:3262} INFO - Creating ORM DAG for tutorial_taskflow_api
[2025-02-28T22:34:05.141+0200] {logging_mixin.py:190} INFO - [2025-02-28T22:34:05.141+0200] {dag.py:4180} INFO - Setting next_dagrun for tutorial_taskflow_api to None, run_after=None
[2025-02-28T22:34:05.146+0200] {processor.py:208} INFO - Processing /Users/nampham/.pyenv/versions/3.12.9/lib/python3.12/site-packages/airflow/example_dags/tutorial_taskflow_api.py took 0.127 seconds
[2025-02-28T22:37:22.074+0200] {processor.py:186} INFO - Started process (PID=20092) to work on /Users/nampham/.pyenv/versions/3.12.9/lib/python3.12/site-packages/airflow/example_dags/tutorial_taskflow_api.py
[2025-02-28T22:37:22.075+0200] {processor.py:914} INFO - Processing file /Users/nampham/.pyenv/versions/3.12.9/lib/python3.12/site-packages/airflow/example_dags/tutorial_taskflow_api.py for tasks to queue
[2025-02-28T22:37:22.076+0200] {logging_mixin.py:190} INFO - [2025-02-28T22:37:22.076+0200] {dagbag.py:588} INFO - Filling up the DagBag from /Users/nampham/.pyenv/versions/3.12.9/lib/python3.12/site-packages/airflow/example_dags/tutorial_taskflow_api.py
[2025-02-28T22:37:22.113+0200] {processor.py:925} INFO - DAG(s) 'tutorial_taskflow_api' retrieved from /Users/nampham/.pyenv/versions/3.12.9/lib/python3.12/site-packages/airflow/example_dags/tutorial_taskflow_api.py
[2025-02-28T22:37:22.146+0200] {logging_mixin.py:190} INFO - [2025-02-28T22:37:22.146+0200] {dag.py:3239} INFO - Sync 1 DAGs
[2025-02-28T22:37:22.150+0200] {logging_mixin.py:190} INFO - [2025-02-28T22:37:22.150+0200] {dag.py:4180} INFO - Setting next_dagrun for tutorial_taskflow_api to None, run_after=None
[2025-02-28T22:37:22.156+0200] {processor.py:208} INFO - Processing /Users/nampham/.pyenv/versions/3.12.9/lib/python3.12/site-packages/airflow/example_dags/tutorial_taskflow_api.py took 0.083 seconds
[2025-02-28T22:39:04.363+0200] {processor.py:186} INFO - Started process (PID=20437) to work on /Users/nampham/.pyenv/versions/3.12.9/lib/python3.12/site-packages/airflow/example_dags/tutorial_taskflow_api.py
[2025-02-28T22:39:04.364+0200] {processor.py:914} INFO - Processing file /Users/nampham/.pyenv/versions/3.12.9/lib/python3.12/site-packages/airflow/example_dags/tutorial_taskflow_api.py for tasks to queue
[2025-02-28T22:39:04.364+0200] {logging_mixin.py:190} INFO - [2025-02-28T22:39:04.364+0200] {dagbag.py:588} INFO - Filling up the DagBag from /Users/nampham/.pyenv/versions/3.12.9/lib/python3.12/site-packages/airflow/example_dags/tutorial_taskflow_api.py
[2025-02-28T22:39:04.401+0200] {processor.py:925} INFO - DAG(s) 'tutorial_taskflow_api' retrieved from /Users/nampham/.pyenv/versions/3.12.9/lib/python3.12/site-packages/airflow/example_dags/tutorial_taskflow_api.py
[2025-02-28T22:39:04.433+0200] {logging_mixin.py:190} INFO - [2025-02-28T22:39:04.433+0200] {dag.py:3239} INFO - Sync 1 DAGs
[2025-02-28T22:39:04.437+0200] {logging_mixin.py:190} INFO - [2025-02-28T22:39:04.437+0200] {dag.py:4180} INFO - Setting next_dagrun for tutorial_taskflow_api to None, run_after=None
[2025-02-28T22:39:04.443+0200] {processor.py:208} INFO - Processing /Users/nampham/.pyenv/versions/3.12.9/lib/python3.12/site-packages/airflow/example_dags/tutorial_taskflow_api.py took 0.082 seconds
[2025-02-28T22:40:43.311+0200] {processor.py:186} INFO - Started process (PID=20756) to work on /Users/nampham/.pyenv/versions/3.12.9/lib/python3.12/site-packages/airflow/example_dags/tutorial_taskflow_api.py
[2025-02-28T22:40:43.312+0200] {processor.py:914} INFO - Processing file /Users/nampham/.pyenv/versions/3.12.9/lib/python3.12/site-packages/airflow/example_dags/tutorial_taskflow_api.py for tasks to queue
[2025-02-28T22:40:43.313+0200] {logging_mixin.py:190} INFO - [2025-02-28T22:40:43.313+0200] {dagbag.py:588} INFO - Filling up the DagBag from /Users/nampham/.pyenv/versions/3.12.9/lib/python3.12/site-packages/airflow/example_dags/tutorial_taskflow_api.py
[2025-02-28T22:40:43.349+0200] {processor.py:925} INFO - DAG(s) 'tutorial_taskflow_api' retrieved from /Users/nampham/.pyenv/versions/3.12.9/lib/python3.12/site-packages/airflow/example_dags/tutorial_taskflow_api.py
[2025-02-28T22:40:43.382+0200] {logging_mixin.py:190} INFO - [2025-02-28T22:40:43.382+0200] {dag.py:3239} INFO - Sync 1 DAGs
[2025-02-28T22:40:43.386+0200] {logging_mixin.py:190} INFO - [2025-02-28T22:40:43.386+0200] {dag.py:4180} INFO - Setting next_dagrun for tutorial_taskflow_api to None, run_after=None
[2025-02-28T22:40:43.392+0200] {processor.py:208} INFO - Processing /Users/nampham/.pyenv/versions/3.12.9/lib/python3.12/site-packages/airflow/example_dags/tutorial_taskflow_api.py took 0.082 seconds
[2025-02-28T22:41:54.341+0200] {processor.py:186} INFO - Started process (PID=20996) to work on /Users/nampham/.pyenv/versions/3.12.9/lib/python3.12/site-packages/airflow/example_dags/tutorial_taskflow_api.py
[2025-02-28T22:41:54.342+0200] {processor.py:914} INFO - Processing file /Users/nampham/.pyenv/versions/3.12.9/lib/python3.12/site-packages/airflow/example_dags/tutorial_taskflow_api.py for tasks to queue
[2025-02-28T22:41:54.342+0200] {logging_mixin.py:190} INFO - [2025-02-28T22:41:54.342+0200] {dagbag.py:588} INFO - Filling up the DagBag from /Users/nampham/.pyenv/versions/3.12.9/lib/python3.12/site-packages/airflow/example_dags/tutorial_taskflow_api.py
[2025-02-28T22:41:54.379+0200] {processor.py:925} INFO - DAG(s) 'tutorial_taskflow_api' retrieved from /Users/nampham/.pyenv/versions/3.12.9/lib/python3.12/site-packages/airflow/example_dags/tutorial_taskflow_api.py
[2025-02-28T22:41:54.412+0200] {logging_mixin.py:190} INFO - [2025-02-28T22:41:54.411+0200] {dag.py:3239} INFO - Sync 1 DAGs
[2025-02-28T22:41:54.415+0200] {logging_mixin.py:190} INFO - [2025-02-28T22:41:54.415+0200] {dag.py:4180} INFO - Setting next_dagrun for tutorial_taskflow_api to None, run_after=None
[2025-02-28T22:41:54.422+0200] {processor.py:208} INFO - Processing /Users/nampham/.pyenv/versions/3.12.9/lib/python3.12/site-packages/airflow/example_dags/tutorial_taskflow_api.py took 0.082 seconds
[2025-02-28T22:43:06.039+0200] {processor.py:186} INFO - Started process (PID=21271) to work on /Users/nampham/.pyenv/versions/3.12.9/lib/python3.12/site-packages/airflow/example_dags/tutorial_taskflow_api.py
[2025-02-28T22:43:06.039+0200] {processor.py:914} INFO - Processing file /Users/nampham/.pyenv/versions/3.12.9/lib/python3.12/site-packages/airflow/example_dags/tutorial_taskflow_api.py for tasks to queue
[2025-02-28T22:43:06.040+0200] {logging_mixin.py:190} INFO - [2025-02-28T22:43:06.040+0200] {dagbag.py:588} INFO - Filling up the DagBag from /Users/nampham/.pyenv/versions/3.12.9/lib/python3.12/site-packages/airflow/example_dags/tutorial_taskflow_api.py
[2025-02-28T22:43:06.077+0200] {processor.py:925} INFO - DAG(s) 'tutorial_taskflow_api' retrieved from /Users/nampham/.pyenv/versions/3.12.9/lib/python3.12/site-packages/airflow/example_dags/tutorial_taskflow_api.py
[2025-02-28T22:43:06.110+0200] {logging_mixin.py:190} INFO - [2025-02-28T22:43:06.110+0200] {dag.py:3239} INFO - Sync 1 DAGs
[2025-02-28T22:43:06.114+0200] {logging_mixin.py:190} INFO - [2025-02-28T22:43:06.113+0200] {dag.py:4180} INFO - Setting next_dagrun for tutorial_taskflow_api to None, run_after=None
[2025-02-28T22:43:06.120+0200] {processor.py:208} INFO - Processing /Users/nampham/.pyenv/versions/3.12.9/lib/python3.12/site-packages/airflow/example_dags/tutorial_taskflow_api.py took 0.082 seconds
[2025-02-28T22:44:24.424+0200] {processor.py:186} INFO - Started process (PID=21545) to work on /Users/nampham/.pyenv/versions/3.12.9/lib/python3.12/site-packages/airflow/example_dags/tutorial_taskflow_api.py
[2025-02-28T22:44:24.425+0200] {processor.py:914} INFO - Processing file /Users/nampham/.pyenv/versions/3.12.9/lib/python3.12/site-packages/airflow/example_dags/tutorial_taskflow_api.py for tasks to queue
[2025-02-28T22:44:24.426+0200] {logging_mixin.py:190} INFO - [2025-02-28T22:44:24.426+0200] {dagbag.py:588} INFO - Filling up the DagBag from /Users/nampham/.pyenv/versions/3.12.9/lib/python3.12/site-packages/airflow/example_dags/tutorial_taskflow_api.py
[2025-02-28T22:44:24.462+0200] {processor.py:925} INFO - DAG(s) 'tutorial_taskflow_api' retrieved from /Users/nampham/.pyenv/versions/3.12.9/lib/python3.12/site-packages/airflow/example_dags/tutorial_taskflow_api.py
[2025-02-28T22:44:24.496+0200] {logging_mixin.py:190} INFO - [2025-02-28T22:44:24.496+0200] {dag.py:3239} INFO - Sync 1 DAGs
[2025-02-28T22:44:24.500+0200] {logging_mixin.py:190} INFO - [2025-02-28T22:44:24.500+0200] {dag.py:4180} INFO - Setting next_dagrun for tutorial_taskflow_api to None, run_after=None
[2025-02-28T22:44:24.506+0200] {processor.py:208} INFO - Processing /Users/nampham/.pyenv/versions/3.12.9/lib/python3.12/site-packages/airflow/example_dags/tutorial_taskflow_api.py took 0.083 seconds
[2025-02-28T22:46:06.265+0200] {processor.py:186} INFO - Started process (PID=21895) to work on /Users/nampham/.pyenv/versions/3.12.9/lib/python3.12/site-packages/airflow/example_dags/tutorial_taskflow_api.py
[2025-02-28T22:46:06.267+0200] {processor.py:914} INFO - Processing file /Users/nampham/.pyenv/versions/3.12.9/lib/python3.12/site-packages/airflow/example_dags/tutorial_taskflow_api.py for tasks to queue
[2025-02-28T22:46:06.267+0200] {logging_mixin.py:190} INFO - [2025-02-28T22:46:06.267+0200] {dagbag.py:588} INFO - Filling up the DagBag from /Users/nampham/.pyenv/versions/3.12.9/lib/python3.12/site-packages/airflow/example_dags/tutorial_taskflow_api.py
[2025-02-28T22:46:06.303+0200] {processor.py:925} INFO - DAG(s) 'tutorial_taskflow_api' retrieved from /Users/nampham/.pyenv/versions/3.12.9/lib/python3.12/site-packages/airflow/example_dags/tutorial_taskflow_api.py
[2025-02-28T22:46:06.336+0200] {logging_mixin.py:190} INFO - [2025-02-28T22:46:06.336+0200] {dag.py:3239} INFO - Sync 1 DAGs
[2025-02-28T22:46:06.340+0200] {logging_mixin.py:190} INFO - [2025-02-28T22:46:06.340+0200] {dag.py:4180} INFO - Setting next_dagrun for tutorial_taskflow_api to None, run_after=None
[2025-02-28T22:46:06.346+0200] {processor.py:208} INFO - Processing /Users/nampham/.pyenv/versions/3.12.9/lib/python3.12/site-packages/airflow/example_dags/tutorial_taskflow_api.py took 0.082 seconds
[2025-02-28T22:47:35.819+0200] {processor.py:186} INFO - Started process (PID=22185) to work on /Users/nampham/.pyenv/versions/3.12.9/lib/python3.12/site-packages/airflow/example_dags/tutorial_taskflow_api.py
[2025-02-28T22:47:35.819+0200] {processor.py:914} INFO - Processing file /Users/nampham/.pyenv/versions/3.12.9/lib/python3.12/site-packages/airflow/example_dags/tutorial_taskflow_api.py for tasks to queue
[2025-02-28T22:47:35.820+0200] {logging_mixin.py:190} INFO - [2025-02-28T22:47:35.820+0200] {dagbag.py:588} INFO - Filling up the DagBag from /Users/nampham/.pyenv/versions/3.12.9/lib/python3.12/site-packages/airflow/example_dags/tutorial_taskflow_api.py
[2025-02-28T22:47:35.856+0200] {processor.py:925} INFO - DAG(s) 'tutorial_taskflow_api' retrieved from /Users/nampham/.pyenv/versions/3.12.9/lib/python3.12/site-packages/airflow/example_dags/tutorial_taskflow_api.py
[2025-02-28T22:47:35.889+0200] {logging_mixin.py:190} INFO - [2025-02-28T22:47:35.889+0200] {dag.py:3239} INFO - Sync 1 DAGs
[2025-02-28T22:47:35.893+0200] {logging_mixin.py:190} INFO - [2025-02-28T22:47:35.893+0200] {dag.py:4180} INFO - Setting next_dagrun for tutorial_taskflow_api to None, run_after=None
[2025-02-28T22:47:35.899+0200] {processor.py:208} INFO - Processing /Users/nampham/.pyenv/versions/3.12.9/lib/python3.12/site-packages/airflow/example_dags/tutorial_taskflow_api.py took 0.082 seconds
[2025-02-28T22:54:23.056+0200] {processor.py:186} INFO - Started process (PID=22620) to work on /Users/nampham/.pyenv/versions/3.12.9/lib/python3.12/site-packages/airflow/example_dags/tutorial_taskflow_api.py
[2025-02-28T22:54:23.057+0200] {processor.py:914} INFO - Processing file /Users/nampham/.pyenv/versions/3.12.9/lib/python3.12/site-packages/airflow/example_dags/tutorial_taskflow_api.py for tasks to queue
[2025-02-28T22:54:23.058+0200] {logging_mixin.py:190} INFO - [2025-02-28T22:54:23.058+0200] {dagbag.py:588} INFO - Filling up the DagBag from /Users/nampham/.pyenv/versions/3.12.9/lib/python3.12/site-packages/airflow/example_dags/tutorial_taskflow_api.py
[2025-02-28T22:54:23.096+0200] {processor.py:925} INFO - DAG(s) 'tutorial_taskflow_api' retrieved from /Users/nampham/.pyenv/versions/3.12.9/lib/python3.12/site-packages/airflow/example_dags/tutorial_taskflow_api.py
[2025-02-28T22:54:23.128+0200] {logging_mixin.py:190} INFO - [2025-02-28T22:54:23.128+0200] {dag.py:3239} INFO - Sync 1 DAGs
[2025-02-28T22:54:23.132+0200] {logging_mixin.py:190} INFO - [2025-02-28T22:54:23.132+0200] {dag.py:4180} INFO - Setting next_dagrun for tutorial_taskflow_api to None, run_after=None
[2025-02-28T22:54:23.138+0200] {processor.py:208} INFO - Processing /Users/nampham/.pyenv/versions/3.12.9/lib/python3.12/site-packages/airflow/example_dags/tutorial_taskflow_api.py took 0.083 seconds
[2025-02-28T22:56:06.846+0200] {processor.py:186} INFO - Started process (PID=22989) to work on /Users/nampham/.pyenv/versions/3.12.9/lib/python3.12/site-packages/airflow/example_dags/tutorial_taskflow_api.py
[2025-02-28T22:56:06.847+0200] {processor.py:914} INFO - Processing file /Users/nampham/.pyenv/versions/3.12.9/lib/python3.12/site-packages/airflow/example_dags/tutorial_taskflow_api.py for tasks to queue
[2025-02-28T22:56:06.847+0200] {logging_mixin.py:190} INFO - [2025-02-28T22:56:06.847+0200] {dagbag.py:588} INFO - Filling up the DagBag from /Users/nampham/.pyenv/versions/3.12.9/lib/python3.12/site-packages/airflow/example_dags/tutorial_taskflow_api.py
[2025-02-28T22:56:06.886+0200] {processor.py:925} INFO - DAG(s) 'tutorial_taskflow_api' retrieved from /Users/nampham/.pyenv/versions/3.12.9/lib/python3.12/site-packages/airflow/example_dags/tutorial_taskflow_api.py
[2025-02-28T22:56:06.918+0200] {logging_mixin.py:190} INFO - [2025-02-28T22:56:06.918+0200] {dag.py:3239} INFO - Sync 1 DAGs
[2025-02-28T22:56:06.921+0200] {logging_mixin.py:190} INFO - [2025-02-28T22:56:06.921+0200] {dag.py:4180} INFO - Setting next_dagrun for tutorial_taskflow_api to None, run_after=None
[2025-02-28T22:56:06.928+0200] {processor.py:208} INFO - Processing /Users/nampham/.pyenv/versions/3.12.9/lib/python3.12/site-packages/airflow/example_dags/tutorial_taskflow_api.py took 0.083 seconds
[2025-02-28T22:57:34.251+0200] {processor.py:186} INFO - Started process (PID=23273) to work on /Users/nampham/.pyenv/versions/3.12.9/lib/python3.12/site-packages/airflow/example_dags/tutorial_taskflow_api.py
[2025-02-28T22:57:34.252+0200] {processor.py:914} INFO - Processing file /Users/nampham/.pyenv/versions/3.12.9/lib/python3.12/site-packages/airflow/example_dags/tutorial_taskflow_api.py for tasks to queue
[2025-02-28T22:57:34.252+0200] {logging_mixin.py:190} INFO - [2025-02-28T22:57:34.252+0200] {dagbag.py:588} INFO - Filling up the DagBag from /Users/nampham/.pyenv/versions/3.12.9/lib/python3.12/site-packages/airflow/example_dags/tutorial_taskflow_api.py
[2025-02-28T22:57:34.289+0200] {processor.py:925} INFO - DAG(s) 'tutorial_taskflow_api' retrieved from /Users/nampham/.pyenv/versions/3.12.9/lib/python3.12/site-packages/airflow/example_dags/tutorial_taskflow_api.py
[2025-02-28T22:57:34.324+0200] {logging_mixin.py:190} INFO - [2025-02-28T22:57:34.324+0200] {dag.py:3239} INFO - Sync 1 DAGs
[2025-02-28T22:57:34.327+0200] {logging_mixin.py:190} INFO - [2025-02-28T22:57:34.327+0200] {dag.py:4180} INFO - Setting next_dagrun for tutorial_taskflow_api to None, run_after=None
[2025-02-28T22:57:34.334+0200] {processor.py:208} INFO - Processing /Users/nampham/.pyenv/versions/3.12.9/lib/python3.12/site-packages/airflow/example_dags/tutorial_taskflow_api.py took 0.084 seconds
[2025-02-28T22:58:51.706+0200] {processor.py:186} INFO - Started process (PID=23528) to work on /Users/nampham/.pyenv/versions/3.12.9/lib/python3.12/site-packages/airflow/example_dags/tutorial_taskflow_api.py
[2025-02-28T22:58:51.707+0200] {processor.py:914} INFO - Processing file /Users/nampham/.pyenv/versions/3.12.9/lib/python3.12/site-packages/airflow/example_dags/tutorial_taskflow_api.py for tasks to queue
[2025-02-28T22:58:51.707+0200] {logging_mixin.py:190} INFO - [2025-02-28T22:58:51.707+0200] {dagbag.py:588} INFO - Filling up the DagBag from /Users/nampham/.pyenv/versions/3.12.9/lib/python3.12/site-packages/airflow/example_dags/tutorial_taskflow_api.py
[2025-02-28T22:58:51.744+0200] {processor.py:925} INFO - DAG(s) 'tutorial_taskflow_api' retrieved from /Users/nampham/.pyenv/versions/3.12.9/lib/python3.12/site-packages/airflow/example_dags/tutorial_taskflow_api.py
[2025-02-28T22:58:51.776+0200] {logging_mixin.py:190} INFO - [2025-02-28T22:58:51.776+0200] {dag.py:3239} INFO - Sync 1 DAGs
[2025-02-28T22:58:51.780+0200] {logging_mixin.py:190} INFO - [2025-02-28T22:58:51.780+0200] {dag.py:4180} INFO - Setting next_dagrun for tutorial_taskflow_api to None, run_after=None
[2025-02-28T22:58:51.786+0200] {processor.py:208} INFO - Processing /Users/nampham/.pyenv/versions/3.12.9/lib/python3.12/site-packages/airflow/example_dags/tutorial_taskflow_api.py took 0.082 seconds
[2025-02-28T23:00:35.055+0200] {processor.py:186} INFO - Started process (PID=23891) to work on /Users/nampham/.pyenv/versions/3.12.9/lib/python3.12/site-packages/airflow/example_dags/tutorial_taskflow_api.py
[2025-02-28T23:00:35.056+0200] {processor.py:914} INFO - Processing file /Users/nampham/.pyenv/versions/3.12.9/lib/python3.12/site-packages/airflow/example_dags/tutorial_taskflow_api.py for tasks to queue
[2025-02-28T23:00:35.056+0200] {logging_mixin.py:190} INFO - [2025-02-28T23:00:35.056+0200] {dagbag.py:588} INFO - Filling up the DagBag from /Users/nampham/.pyenv/versions/3.12.9/lib/python3.12/site-packages/airflow/example_dags/tutorial_taskflow_api.py
[2025-02-28T23:00:35.093+0200] {processor.py:925} INFO - DAG(s) 'tutorial_taskflow_api' retrieved from /Users/nampham/.pyenv/versions/3.12.9/lib/python3.12/site-packages/airflow/example_dags/tutorial_taskflow_api.py
[2025-02-28T23:00:35.126+0200] {logging_mixin.py:190} INFO - [2025-02-28T23:00:35.126+0200] {dag.py:3239} INFO - Sync 1 DAGs
[2025-02-28T23:00:35.129+0200] {logging_mixin.py:190} INFO - [2025-02-28T23:00:35.129+0200] {dag.py:4180} INFO - Setting next_dagrun for tutorial_taskflow_api to None, run_after=None
[2025-02-28T23:00:35.135+0200] {processor.py:208} INFO - Processing /Users/nampham/.pyenv/versions/3.12.9/lib/python3.12/site-packages/airflow/example_dags/tutorial_taskflow_api.py took 0.081 seconds
[2025-02-28T23:01:49.745+0200] {processor.py:186} INFO - Started process (PID=24137) to work on /Users/nampham/.pyenv/versions/3.12.9/lib/python3.12/site-packages/airflow/example_dags/tutorial_taskflow_api.py
[2025-02-28T23:01:49.746+0200] {processor.py:914} INFO - Processing file /Users/nampham/.pyenv/versions/3.12.9/lib/python3.12/site-packages/airflow/example_dags/tutorial_taskflow_api.py for tasks to queue
[2025-02-28T23:01:49.746+0200] {logging_mixin.py:190} INFO - [2025-02-28T23:01:49.746+0200] {dagbag.py:588} INFO - Filling up the DagBag from /Users/nampham/.pyenv/versions/3.12.9/lib/python3.12/site-packages/airflow/example_dags/tutorial_taskflow_api.py
[2025-02-28T23:01:49.783+0200] {processor.py:925} INFO - DAG(s) 'tutorial_taskflow_api' retrieved from /Users/nampham/.pyenv/versions/3.12.9/lib/python3.12/site-packages/airflow/example_dags/tutorial_taskflow_api.py
[2025-02-28T23:01:49.816+0200] {logging_mixin.py:190} INFO - [2025-02-28T23:01:49.816+0200] {dag.py:3239} INFO - Sync 1 DAGs
[2025-02-28T23:01:49.820+0200] {logging_mixin.py:190} INFO - [2025-02-28T23:01:49.820+0200] {dag.py:4180} INFO - Setting next_dagrun for tutorial_taskflow_api to None, run_after=None
[2025-02-28T23:01:49.826+0200] {processor.py:208} INFO - Processing /Users/nampham/.pyenv/versions/3.12.9/lib/python3.12/site-packages/airflow/example_dags/tutorial_taskflow_api.py took 0.082 seconds
