[2025-02-28T18:24:26.171+0200] {processor.py:186} INFO - Started process (PID=93057) to work on /Users/nampham/.pyenv/versions/3.12.9/lib/python3.12/site-packages/airflow/example_dags/tutorial_taskflow_templates.py
[2025-02-28T18:24:26.174+0200] {processor.py:914} INFO - Processing file /Users/nampham/.pyenv/versions/3.12.9/lib/python3.12/site-packages/airflow/example_dags/tutorial_taskflow_templates.py for tasks to queue
[2025-02-28T18:24:26.174+0200] {logging_mixin.py:190} INFO - [2025-02-28T18:24:26.174+0200] {dagbag.py:588} INFO - Filling up the DagBag from /Users/nampham/.pyenv/versions/3.12.9/lib/python3.12/site-packages/airflow/example_dags/tutorial_taskflow_templates.py
[2025-02-28T18:24:26.217+0200] {processor.py:925} INFO - DAG(s) 'tutorial_taskflow_templates' retrieved from /Users/nampham/.pyenv/versions/3.12.9/lib/python3.12/site-packages/airflow/example_dags/tutorial_taskflow_templates.py
[2025-02-28T18:24:26.295+0200] {logging_mixin.py:190} INFO - [2025-02-28T18:24:26.295+0200] {override.py:1930} INFO - Created Permission View: can delete on DAG:tutorial_taskflow_templates
[2025-02-28T18:24:26.298+0200] {logging_mixin.py:190} INFO - [2025-02-28T18:24:26.298+0200] {override.py:1930} INFO - Created Permission View: can read on DAG:tutorial_taskflow_templates
[2025-02-28T18:24:26.300+0200] {logging_mixin.py:190} INFO - [2025-02-28T18:24:26.300+0200] {override.py:1930} INFO - Created Permission View: can edit on DAG:tutorial_taskflow_templates
[2025-02-28T18:24:26.302+0200] {logging_mixin.py:190} INFO - [2025-02-28T18:24:26.302+0200] {override.py:1930} INFO - Created Permission View: can delete on DAG Run:tutorial_taskflow_templates
[2025-02-28T18:24:26.304+0200] {logging_mixin.py:190} INFO - [2025-02-28T18:24:26.304+0200] {override.py:1930} INFO - Created Permission View: menu access on DAG Run:tutorial_taskflow_templates
[2025-02-28T18:24:26.305+0200] {logging_mixin.py:190} INFO - [2025-02-28T18:24:26.305+0200] {override.py:1930} INFO - Created Permission View: can create on DAG Run:tutorial_taskflow_templates
[2025-02-28T18:24:26.307+0200] {logging_mixin.py:190} INFO - [2025-02-28T18:24:26.307+0200] {override.py:1930} INFO - Created Permission View: can read on DAG Run:tutorial_taskflow_templates
[2025-02-28T18:24:26.307+0200] {logging_mixin.py:190} INFO - [2025-02-28T18:24:26.307+0200] {dag.py:3239} INFO - Sync 1 DAGs
[2025-02-28T18:24:26.311+0200] {logging_mixin.py:190} INFO - [2025-02-28T18:24:26.311+0200] {dag.py:3262} INFO - Creating ORM DAG for tutorial_taskflow_templates
[2025-02-28T18:24:26.314+0200] {logging_mixin.py:190} INFO - [2025-02-28T18:24:26.314+0200] {dag.py:4180} INFO - Setting next_dagrun for tutorial_taskflow_templates to 2025-02-27 00:00:00+00:00, run_after=2025-02-28 00:00:00+00:00
[2025-02-28T18:24:26.320+0200] {processor.py:208} INFO - Processing /Users/nampham/.pyenv/versions/3.12.9/lib/python3.12/site-packages/airflow/example_dags/tutorial_taskflow_templates.py took 0.150 seconds
[2025-02-28T18:26:15.099+0200] {processor.py:186} INFO - Started process (PID=93520) to work on /Users/nampham/.pyenv/versions/3.12.9/lib/python3.12/site-packages/airflow/example_dags/tutorial_taskflow_templates.py
[2025-02-28T18:26:15.100+0200] {processor.py:914} INFO - Processing file /Users/nampham/.pyenv/versions/3.12.9/lib/python3.12/site-packages/airflow/example_dags/tutorial_taskflow_templates.py for tasks to queue
[2025-02-28T18:26:15.101+0200] {logging_mixin.py:190} INFO - [2025-02-28T18:26:15.101+0200] {dagbag.py:588} INFO - Filling up the DagBag from /Users/nampham/.pyenv/versions/3.12.9/lib/python3.12/site-packages/airflow/example_dags/tutorial_taskflow_templates.py
[2025-02-28T18:26:15.143+0200] {processor.py:925} INFO - DAG(s) 'tutorial_taskflow_templates' retrieved from /Users/nampham/.pyenv/versions/3.12.9/lib/python3.12/site-packages/airflow/example_dags/tutorial_taskflow_templates.py
[2025-02-28T18:26:15.178+0200] {logging_mixin.py:190} INFO - [2025-02-28T18:26:15.178+0200] {dag.py:3239} INFO - Sync 1 DAGs
[2025-02-28T18:26:15.185+0200] {logging_mixin.py:190} INFO - [2025-02-28T18:26:15.185+0200] {dag.py:4180} INFO - Setting next_dagrun for tutorial_taskflow_templates to 2025-02-27 00:00:00+00:00, run_after=2025-02-28 00:00:00+00:00
[2025-02-28T18:26:15.192+0200] {processor.py:208} INFO - Processing /Users/nampham/.pyenv/versions/3.12.9/lib/python3.12/site-packages/airflow/example_dags/tutorial_taskflow_templates.py took 0.094 seconds
[2025-02-28T18:27:36.200+0200] {processor.py:186} INFO - Started process (PID=93833) to work on /Users/nampham/.pyenv/versions/3.12.9/lib/python3.12/site-packages/airflow/example_dags/tutorial_taskflow_templates.py
[2025-02-28T18:27:36.201+0200] {processor.py:914} INFO - Processing file /Users/nampham/.pyenv/versions/3.12.9/lib/python3.12/site-packages/airflow/example_dags/tutorial_taskflow_templates.py for tasks to queue
[2025-02-28T18:27:36.202+0200] {logging_mixin.py:190} INFO - [2025-02-28T18:27:36.202+0200] {dagbag.py:588} INFO - Filling up the DagBag from /Users/nampham/.pyenv/versions/3.12.9/lib/python3.12/site-packages/airflow/example_dags/tutorial_taskflow_templates.py
[2025-02-28T18:27:36.243+0200] {processor.py:925} INFO - DAG(s) 'tutorial_taskflow_templates' retrieved from /Users/nampham/.pyenv/versions/3.12.9/lib/python3.12/site-packages/airflow/example_dags/tutorial_taskflow_templates.py
[2025-02-28T18:27:36.277+0200] {logging_mixin.py:190} INFO - [2025-02-28T18:27:36.277+0200] {dag.py:3239} INFO - Sync 1 DAGs
[2025-02-28T18:27:36.283+0200] {logging_mixin.py:190} INFO - [2025-02-28T18:27:36.283+0200] {dag.py:4180} INFO - Setting next_dagrun for tutorial_taskflow_templates to 2025-02-27 00:00:00+00:00, run_after=2025-02-28 00:00:00+00:00
[2025-02-28T18:27:36.290+0200] {processor.py:208} INFO - Processing /Users/nampham/.pyenv/versions/3.12.9/lib/python3.12/site-packages/airflow/example_dags/tutorial_taskflow_templates.py took 0.092 seconds
[2025-02-28T18:28:55.504+0200] {processor.py:186} INFO - Started process (PID=94167) to work on /Users/nampham/.pyenv/versions/3.12.9/lib/python3.12/site-packages/airflow/example_dags/tutorial_taskflow_templates.py
[2025-02-28T18:28:55.505+0200] {processor.py:914} INFO - Processing file /Users/nampham/.pyenv/versions/3.12.9/lib/python3.12/site-packages/airflow/example_dags/tutorial_taskflow_templates.py for tasks to queue
[2025-02-28T18:28:55.506+0200] {logging_mixin.py:190} INFO - [2025-02-28T18:28:55.506+0200] {dagbag.py:588} INFO - Filling up the DagBag from /Users/nampham/.pyenv/versions/3.12.9/lib/python3.12/site-packages/airflow/example_dags/tutorial_taskflow_templates.py
[2025-02-28T18:28:55.553+0200] {processor.py:925} INFO - DAG(s) 'tutorial_taskflow_templates' retrieved from /Users/nampham/.pyenv/versions/3.12.9/lib/python3.12/site-packages/airflow/example_dags/tutorial_taskflow_templates.py
[2025-02-28T18:28:55.600+0200] {logging_mixin.py:190} INFO - [2025-02-28T18:28:55.600+0200] {dag.py:3239} INFO - Sync 1 DAGs
[2025-02-28T18:28:55.608+0200] {logging_mixin.py:190} INFO - [2025-02-28T18:28:55.608+0200] {dag.py:4180} INFO - Setting next_dagrun for tutorial_taskflow_templates to 2025-02-27 00:00:00+00:00, run_after=2025-02-28 00:00:00+00:00
[2025-02-28T18:28:55.615+0200] {processor.py:208} INFO - Processing /Users/nampham/.pyenv/versions/3.12.9/lib/python3.12/site-packages/airflow/example_dags/tutorial_taskflow_templates.py took 0.112 seconds
[2025-02-28T18:30:18.039+0200] {processor.py:186} INFO - Started process (PID=94475) to work on /Users/nampham/.pyenv/versions/3.12.9/lib/python3.12/site-packages/airflow/example_dags/tutorial_taskflow_templates.py
[2025-02-28T18:30:18.040+0200] {processor.py:914} INFO - Processing file /Users/nampham/.pyenv/versions/3.12.9/lib/python3.12/site-packages/airflow/example_dags/tutorial_taskflow_templates.py for tasks to queue
[2025-02-28T18:30:18.040+0200] {logging_mixin.py:190} INFO - [2025-02-28T18:30:18.040+0200] {dagbag.py:588} INFO - Filling up the DagBag from /Users/nampham/.pyenv/versions/3.12.9/lib/python3.12/site-packages/airflow/example_dags/tutorial_taskflow_templates.py
[2025-02-28T18:30:18.089+0200] {processor.py:925} INFO - DAG(s) 'tutorial_taskflow_templates' retrieved from /Users/nampham/.pyenv/versions/3.12.9/lib/python3.12/site-packages/airflow/example_dags/tutorial_taskflow_templates.py
[2025-02-28T18:30:18.178+0200] {logging_mixin.py:190} INFO - [2025-02-28T18:30:18.177+0200] {dag.py:3239} INFO - Sync 1 DAGs
[2025-02-28T18:30:18.185+0200] {logging_mixin.py:190} INFO - [2025-02-28T18:30:18.185+0200] {dag.py:4180} INFO - Setting next_dagrun for tutorial_taskflow_templates to 2025-02-27 00:00:00+00:00, run_after=2025-02-28 00:00:00+00:00
[2025-02-28T18:30:18.192+0200] {processor.py:208} INFO - Processing /Users/nampham/.pyenv/versions/3.12.9/lib/python3.12/site-packages/airflow/example_dags/tutorial_taskflow_templates.py took 0.155 seconds
[2025-02-28T18:31:50.967+0200] {processor.py:186} INFO - Started process (PID=94894) to work on /Users/nampham/.pyenv/versions/3.12.9/lib/python3.12/site-packages/airflow/example_dags/tutorial_taskflow_templates.py
[2025-02-28T18:31:50.967+0200] {processor.py:914} INFO - Processing file /Users/nampham/.pyenv/versions/3.12.9/lib/python3.12/site-packages/airflow/example_dags/tutorial_taskflow_templates.py for tasks to queue
[2025-02-28T18:31:50.968+0200] {logging_mixin.py:190} INFO - [2025-02-28T18:31:50.968+0200] {dagbag.py:588} INFO - Filling up the DagBag from /Users/nampham/.pyenv/versions/3.12.9/lib/python3.12/site-packages/airflow/example_dags/tutorial_taskflow_templates.py
[2025-02-28T18:31:51.008+0200] {processor.py:925} INFO - DAG(s) 'tutorial_taskflow_templates' retrieved from /Users/nampham/.pyenv/versions/3.12.9/lib/python3.12/site-packages/airflow/example_dags/tutorial_taskflow_templates.py
[2025-02-28T18:31:51.042+0200] {logging_mixin.py:190} INFO - [2025-02-28T18:31:51.042+0200] {dag.py:3239} INFO - Sync 1 DAGs
[2025-02-28T18:31:51.048+0200] {logging_mixin.py:190} INFO - [2025-02-28T18:31:51.048+0200] {dag.py:4180} INFO - Setting next_dagrun for tutorial_taskflow_templates to 2025-02-27 00:00:00+00:00, run_after=2025-02-28 00:00:00+00:00
[2025-02-28T18:31:51.055+0200] {processor.py:208} INFO - Processing /Users/nampham/.pyenv/versions/3.12.9/lib/python3.12/site-packages/airflow/example_dags/tutorial_taskflow_templates.py took 0.089 seconds
[2025-02-28T20:10:40.100+0200] {processor.py:186} INFO - Started process (PID=97177) to work on /Users/nampham/.pyenv/versions/3.12.9/lib/python3.12/site-packages/airflow/example_dags/tutorial_taskflow_templates.py
[2025-02-28T20:10:40.101+0200] {processor.py:914} INFO - Processing file /Users/nampham/.pyenv/versions/3.12.9/lib/python3.12/site-packages/airflow/example_dags/tutorial_taskflow_templates.py for tasks to queue
[2025-02-28T20:10:40.102+0200] {logging_mixin.py:190} INFO - [2025-02-28T20:10:40.102+0200] {dagbag.py:588} INFO - Filling up the DagBag from /Users/nampham/.pyenv/versions/3.12.9/lib/python3.12/site-packages/airflow/example_dags/tutorial_taskflow_templates.py
[2025-02-28T20:10:40.146+0200] {processor.py:925} INFO - DAG(s) 'tutorial_taskflow_templates' retrieved from /Users/nampham/.pyenv/versions/3.12.9/lib/python3.12/site-packages/airflow/example_dags/tutorial_taskflow_templates.py
[2025-02-28T20:10:40.228+0200] {logging_mixin.py:190} INFO - [2025-02-28T20:10:40.228+0200] {dag.py:3239} INFO - Sync 1 DAGs
[2025-02-28T20:10:40.234+0200] {logging_mixin.py:190} INFO - [2025-02-28T20:10:40.234+0200] {dag.py:4180} INFO - Setting next_dagrun for tutorial_taskflow_templates to 2025-02-27 00:00:00+00:00, run_after=2025-02-28 00:00:00+00:00
[2025-02-28T20:10:40.240+0200] {processor.py:208} INFO - Processing /Users/nampham/.pyenv/versions/3.12.9/lib/python3.12/site-packages/airflow/example_dags/tutorial_taskflow_templates.py took 0.141 seconds
[2025-02-28T20:12:28.417+0200] {processor.py:186} INFO - Started process (PID=97767) to work on /Users/nampham/.pyenv/versions/3.12.9/lib/python3.12/site-packages/airflow/example_dags/tutorial_taskflow_templates.py
[2025-02-28T20:12:28.418+0200] {processor.py:914} INFO - Processing file /Users/nampham/.pyenv/versions/3.12.9/lib/python3.12/site-packages/airflow/example_dags/tutorial_taskflow_templates.py for tasks to queue
[2025-02-28T20:12:28.419+0200] {logging_mixin.py:190} INFO - [2025-02-28T20:12:28.419+0200] {dagbag.py:588} INFO - Filling up the DagBag from /Users/nampham/.pyenv/versions/3.12.9/lib/python3.12/site-packages/airflow/example_dags/tutorial_taskflow_templates.py
[2025-02-28T20:12:28.465+0200] {processor.py:925} INFO - DAG(s) 'tutorial_taskflow_templates' retrieved from /Users/nampham/.pyenv/versions/3.12.9/lib/python3.12/site-packages/airflow/example_dags/tutorial_taskflow_templates.py
[2025-02-28T20:12:28.503+0200] {logging_mixin.py:190} INFO - [2025-02-28T20:12:28.502+0200] {dag.py:3239} INFO - Sync 1 DAGs
[2025-02-28T20:12:28.509+0200] {logging_mixin.py:190} INFO - [2025-02-28T20:12:28.509+0200] {dag.py:4180} INFO - Setting next_dagrun for tutorial_taskflow_templates to 2025-02-27 00:00:00+00:00, run_after=2025-02-28 00:00:00+00:00
[2025-02-28T20:12:28.516+0200] {processor.py:208} INFO - Processing /Users/nampham/.pyenv/versions/3.12.9/lib/python3.12/site-packages/airflow/example_dags/tutorial_taskflow_templates.py took 0.100 seconds
[2025-02-28T20:14:18.734+0200] {processor.py:186} INFO - Started process (PID=98238) to work on /Users/nampham/.pyenv/versions/3.12.9/lib/python3.12/site-packages/airflow/example_dags/tutorial_taskflow_templates.py
[2025-02-28T20:14:18.735+0200] {processor.py:914} INFO - Processing file /Users/nampham/.pyenv/versions/3.12.9/lib/python3.12/site-packages/airflow/example_dags/tutorial_taskflow_templates.py for tasks to queue
[2025-02-28T20:14:18.735+0200] {logging_mixin.py:190} INFO - [2025-02-28T20:14:18.735+0200] {dagbag.py:588} INFO - Filling up the DagBag from /Users/nampham/.pyenv/versions/3.12.9/lib/python3.12/site-packages/airflow/example_dags/tutorial_taskflow_templates.py
[2025-02-28T20:14:18.776+0200] {processor.py:925} INFO - DAG(s) 'tutorial_taskflow_templates' retrieved from /Users/nampham/.pyenv/versions/3.12.9/lib/python3.12/site-packages/airflow/example_dags/tutorial_taskflow_templates.py
[2025-02-28T20:14:18.810+0200] {logging_mixin.py:190} INFO - [2025-02-28T20:14:18.810+0200] {dag.py:3239} INFO - Sync 1 DAGs
[2025-02-28T20:14:18.816+0200] {logging_mixin.py:190} INFO - [2025-02-28T20:14:18.816+0200] {dag.py:4180} INFO - Setting next_dagrun for tutorial_taskflow_templates to 2025-02-27 00:00:00+00:00, run_after=2025-02-28 00:00:00+00:00
[2025-02-28T20:14:18.823+0200] {processor.py:208} INFO - Processing /Users/nampham/.pyenv/versions/3.12.9/lib/python3.12/site-packages/airflow/example_dags/tutorial_taskflow_templates.py took 0.091 seconds
[2025-02-28T20:15:39.647+0200] {processor.py:186} INFO - Started process (PID=98532) to work on /Users/nampham/.pyenv/versions/3.12.9/lib/python3.12/site-packages/airflow/example_dags/tutorial_taskflow_templates.py
[2025-02-28T20:15:39.648+0200] {processor.py:914} INFO - Processing file /Users/nampham/.pyenv/versions/3.12.9/lib/python3.12/site-packages/airflow/example_dags/tutorial_taskflow_templates.py for tasks to queue
[2025-02-28T20:15:39.648+0200] {logging_mixin.py:190} INFO - [2025-02-28T20:15:39.648+0200] {dagbag.py:588} INFO - Filling up the DagBag from /Users/nampham/.pyenv/versions/3.12.9/lib/python3.12/site-packages/airflow/example_dags/tutorial_taskflow_templates.py
[2025-02-28T20:15:39.689+0200] {processor.py:925} INFO - DAG(s) 'tutorial_taskflow_templates' retrieved from /Users/nampham/.pyenv/versions/3.12.9/lib/python3.12/site-packages/airflow/example_dags/tutorial_taskflow_templates.py
[2025-02-28T20:15:39.723+0200] {logging_mixin.py:190} INFO - [2025-02-28T20:15:39.723+0200] {dag.py:3239} INFO - Sync 1 DAGs
[2025-02-28T20:15:39.729+0200] {logging_mixin.py:190} INFO - [2025-02-28T20:15:39.729+0200] {dag.py:4180} INFO - Setting next_dagrun for tutorial_taskflow_templates to 2025-02-27 00:00:00+00:00, run_after=2025-02-28 00:00:00+00:00
[2025-02-28T20:15:39.736+0200] {processor.py:208} INFO - Processing /Users/nampham/.pyenv/versions/3.12.9/lib/python3.12/site-packages/airflow/example_dags/tutorial_taskflow_templates.py took 0.090 seconds
[2025-02-28T20:16:56.893+0200] {processor.py:186} INFO - Started process (PID=98823) to work on /Users/nampham/.pyenv/versions/3.12.9/lib/python3.12/site-packages/airflow/example_dags/tutorial_taskflow_templates.py
[2025-02-28T20:16:56.894+0200] {processor.py:914} INFO - Processing file /Users/nampham/.pyenv/versions/3.12.9/lib/python3.12/site-packages/airflow/example_dags/tutorial_taskflow_templates.py for tasks to queue
[2025-02-28T20:16:56.894+0200] {logging_mixin.py:190} INFO - [2025-02-28T20:16:56.894+0200] {dagbag.py:588} INFO - Filling up the DagBag from /Users/nampham/.pyenv/versions/3.12.9/lib/python3.12/site-packages/airflow/example_dags/tutorial_taskflow_templates.py
[2025-02-28T20:16:56.933+0200] {processor.py:925} INFO - DAG(s) 'tutorial_taskflow_templates' retrieved from /Users/nampham/.pyenv/versions/3.12.9/lib/python3.12/site-packages/airflow/example_dags/tutorial_taskflow_templates.py
[2025-02-28T20:16:56.966+0200] {logging_mixin.py:190} INFO - [2025-02-28T20:16:56.966+0200] {dag.py:3239} INFO - Sync 1 DAGs
[2025-02-28T20:16:56.973+0200] {logging_mixin.py:190} INFO - [2025-02-28T20:16:56.973+0200] {dag.py:4180} INFO - Setting next_dagrun for tutorial_taskflow_templates to 2025-02-27 00:00:00+00:00, run_after=2025-02-28 00:00:00+00:00
[2025-02-28T20:16:56.979+0200] {processor.py:208} INFO - Processing /Users/nampham/.pyenv/versions/3.12.9/lib/python3.12/site-packages/airflow/example_dags/tutorial_taskflow_templates.py took 0.088 seconds
[2025-02-28T20:18:11.909+0200] {processor.py:186} INFO - Started process (PID=99176) to work on /Users/nampham/.pyenv/versions/3.12.9/lib/python3.12/site-packages/airflow/example_dags/tutorial_taskflow_templates.py
[2025-02-28T20:18:11.910+0200] {processor.py:914} INFO - Processing file /Users/nampham/.pyenv/versions/3.12.9/lib/python3.12/site-packages/airflow/example_dags/tutorial_taskflow_templates.py for tasks to queue
[2025-02-28T20:18:11.911+0200] {logging_mixin.py:190} INFO - [2025-02-28T20:18:11.911+0200] {dagbag.py:588} INFO - Filling up the DagBag from /Users/nampham/.pyenv/versions/3.12.9/lib/python3.12/site-packages/airflow/example_dags/tutorial_taskflow_templates.py
[2025-02-28T20:18:11.950+0200] {processor.py:925} INFO - DAG(s) 'tutorial_taskflow_templates' retrieved from /Users/nampham/.pyenv/versions/3.12.9/lib/python3.12/site-packages/airflow/example_dags/tutorial_taskflow_templates.py
[2025-02-28T20:18:11.983+0200] {logging_mixin.py:190} INFO - [2025-02-28T20:18:11.983+0200] {dag.py:3239} INFO - Sync 1 DAGs
[2025-02-28T20:18:11.990+0200] {logging_mixin.py:190} INFO - [2025-02-28T20:18:11.989+0200] {dag.py:4180} INFO - Setting next_dagrun for tutorial_taskflow_templates to 2025-02-27 00:00:00+00:00, run_after=2025-02-28 00:00:00+00:00
[2025-02-28T20:18:11.996+0200] {processor.py:208} INFO - Processing /Users/nampham/.pyenv/versions/3.12.9/lib/python3.12/site-packages/airflow/example_dags/tutorial_taskflow_templates.py took 0.089 seconds
[2025-02-28T20:20:03.223+0200] {processor.py:186} INFO - Started process (PID=99613) to work on /Users/nampham/.pyenv/versions/3.12.9/lib/python3.12/site-packages/airflow/example_dags/tutorial_taskflow_templates.py
[2025-02-28T20:20:03.224+0200] {processor.py:914} INFO - Processing file /Users/nampham/.pyenv/versions/3.12.9/lib/python3.12/site-packages/airflow/example_dags/tutorial_taskflow_templates.py for tasks to queue
[2025-02-28T20:20:03.224+0200] {logging_mixin.py:190} INFO - [2025-02-28T20:20:03.224+0200] {dagbag.py:588} INFO - Filling up the DagBag from /Users/nampham/.pyenv/versions/3.12.9/lib/python3.12/site-packages/airflow/example_dags/tutorial_taskflow_templates.py
[2025-02-28T20:20:03.268+0200] {processor.py:925} INFO - DAG(s) 'tutorial_taskflow_templates' retrieved from /Users/nampham/.pyenv/versions/3.12.9/lib/python3.12/site-packages/airflow/example_dags/tutorial_taskflow_templates.py
[2025-02-28T20:20:03.309+0200] {logging_mixin.py:190} INFO - [2025-02-28T20:20:03.309+0200] {dag.py:3239} INFO - Sync 1 DAGs
[2025-02-28T20:20:03.317+0200] {logging_mixin.py:190} INFO - [2025-02-28T20:20:03.317+0200] {dag.py:4180} INFO - Setting next_dagrun for tutorial_taskflow_templates to 2025-02-27 00:00:00+00:00, run_after=2025-02-28 00:00:00+00:00
[2025-02-28T20:20:03.326+0200] {processor.py:208} INFO - Processing /Users/nampham/.pyenv/versions/3.12.9/lib/python3.12/site-packages/airflow/example_dags/tutorial_taskflow_templates.py took 0.105 seconds
[2025-02-28T20:21:22.649+0200] {processor.py:186} INFO - Started process (PID=99937) to work on /Users/nampham/.pyenv/versions/3.12.9/lib/python3.12/site-packages/airflow/example_dags/tutorial_taskflow_templates.py
[2025-02-28T20:21:22.650+0200] {processor.py:914} INFO - Processing file /Users/nampham/.pyenv/versions/3.12.9/lib/python3.12/site-packages/airflow/example_dags/tutorial_taskflow_templates.py for tasks to queue
[2025-02-28T20:21:22.650+0200] {logging_mixin.py:190} INFO - [2025-02-28T20:21:22.650+0200] {dagbag.py:588} INFO - Filling up the DagBag from /Users/nampham/.pyenv/versions/3.12.9/lib/python3.12/site-packages/airflow/example_dags/tutorial_taskflow_templates.py
[2025-02-28T20:21:22.697+0200] {processor.py:925} INFO - DAG(s) 'tutorial_taskflow_templates' retrieved from /Users/nampham/.pyenv/versions/3.12.9/lib/python3.12/site-packages/airflow/example_dags/tutorial_taskflow_templates.py
[2025-02-28T20:21:22.736+0200] {logging_mixin.py:190} INFO - [2025-02-28T20:21:22.736+0200] {dag.py:3239} INFO - Sync 1 DAGs
[2025-02-28T20:21:22.744+0200] {logging_mixin.py:190} INFO - [2025-02-28T20:21:22.744+0200] {dag.py:4180} INFO - Setting next_dagrun for tutorial_taskflow_templates to 2025-02-27 00:00:00+00:00, run_after=2025-02-28 00:00:00+00:00
[2025-02-28T20:21:22.751+0200] {processor.py:208} INFO - Processing /Users/nampham/.pyenv/versions/3.12.9/lib/python3.12/site-packages/airflow/example_dags/tutorial_taskflow_templates.py took 0.104 seconds
[2025-02-28T20:22:38.368+0200] {processor.py:186} INFO - Started process (PID=292) to work on /Users/nampham/.pyenv/versions/3.12.9/lib/python3.12/site-packages/airflow/example_dags/tutorial_taskflow_templates.py
[2025-02-28T20:22:38.369+0200] {processor.py:914} INFO - Processing file /Users/nampham/.pyenv/versions/3.12.9/lib/python3.12/site-packages/airflow/example_dags/tutorial_taskflow_templates.py for tasks to queue
[2025-02-28T20:22:38.369+0200] {logging_mixin.py:190} INFO - [2025-02-28T20:22:38.369+0200] {dagbag.py:588} INFO - Filling up the DagBag from /Users/nampham/.pyenv/versions/3.12.9/lib/python3.12/site-packages/airflow/example_dags/tutorial_taskflow_templates.py
[2025-02-28T20:22:38.411+0200] {processor.py:925} INFO - DAG(s) 'tutorial_taskflow_templates' retrieved from /Users/nampham/.pyenv/versions/3.12.9/lib/python3.12/site-packages/airflow/example_dags/tutorial_taskflow_templates.py
[2025-02-28T20:22:38.445+0200] {logging_mixin.py:190} INFO - [2025-02-28T20:22:38.445+0200] {dag.py:3239} INFO - Sync 1 DAGs
[2025-02-28T20:22:38.451+0200] {logging_mixin.py:190} INFO - [2025-02-28T20:22:38.451+0200] {dag.py:4180} INFO - Setting next_dagrun for tutorial_taskflow_templates to 2025-02-27 00:00:00+00:00, run_after=2025-02-28 00:00:00+00:00
[2025-02-28T20:22:38.457+0200] {processor.py:208} INFO - Processing /Users/nampham/.pyenv/versions/3.12.9/lib/python3.12/site-packages/airflow/example_dags/tutorial_taskflow_templates.py took 0.091 seconds
[2025-02-28T21:27:24.019+0200] {processor.py:186} INFO - Started process (PID=5393) to work on /Users/nampham/.pyenv/versions/3.12.9/lib/python3.12/site-packages/airflow/example_dags/tutorial_taskflow_templates.py
[2025-02-28T21:27:24.020+0200] {processor.py:914} INFO - Processing file /Users/nampham/.pyenv/versions/3.12.9/lib/python3.12/site-packages/airflow/example_dags/tutorial_taskflow_templates.py for tasks to queue
[2025-02-28T21:27:24.020+0200] {logging_mixin.py:190} INFO - [2025-02-28T21:27:24.020+0200] {dagbag.py:588} INFO - Filling up the DagBag from /Users/nampham/.pyenv/versions/3.12.9/lib/python3.12/site-packages/airflow/example_dags/tutorial_taskflow_templates.py
[2025-02-28T21:27:24.063+0200] {processor.py:925} INFO - DAG(s) 'tutorial_taskflow_templates' retrieved from /Users/nampham/.pyenv/versions/3.12.9/lib/python3.12/site-packages/airflow/example_dags/tutorial_taskflow_templates.py
[2025-02-28T21:27:24.098+0200] {logging_mixin.py:190} INFO - [2025-02-28T21:27:24.098+0200] {dag.py:3239} INFO - Sync 1 DAGs
[2025-02-28T21:27:24.105+0200] {logging_mixin.py:190} INFO - [2025-02-28T21:27:24.105+0200] {dag.py:4180} INFO - Setting next_dagrun for tutorial_taskflow_templates to 2025-02-27 00:00:00+00:00, run_after=2025-02-28 00:00:00+00:00
[2025-02-28T21:27:24.111+0200] {processor.py:208} INFO - Processing /Users/nampham/.pyenv/versions/3.12.9/lib/python3.12/site-packages/airflow/example_dags/tutorial_taskflow_templates.py took 0.093 seconds
[2025-02-28T21:30:09.454+0200] {processor.py:186} INFO - Started process (PID=6056) to work on /Users/nampham/.pyenv/versions/3.12.9/lib/python3.12/site-packages/airflow/example_dags/tutorial_taskflow_templates.py
[2025-02-28T21:30:09.454+0200] {processor.py:914} INFO - Processing file /Users/nampham/.pyenv/versions/3.12.9/lib/python3.12/site-packages/airflow/example_dags/tutorial_taskflow_templates.py for tasks to queue
[2025-02-28T21:30:09.455+0200] {logging_mixin.py:190} INFO - [2025-02-28T21:30:09.455+0200] {dagbag.py:588} INFO - Filling up the DagBag from /Users/nampham/.pyenv/versions/3.12.9/lib/python3.12/site-packages/airflow/example_dags/tutorial_taskflow_templates.py
[2025-02-28T21:30:09.499+0200] {processor.py:925} INFO - DAG(s) 'tutorial_taskflow_templates' retrieved from /Users/nampham/.pyenv/versions/3.12.9/lib/python3.12/site-packages/airflow/example_dags/tutorial_taskflow_templates.py
[2025-02-28T21:30:09.534+0200] {logging_mixin.py:190} INFO - [2025-02-28T21:30:09.534+0200] {dag.py:3239} INFO - Sync 1 DAGs
[2025-02-28T21:30:09.541+0200] {logging_mixin.py:190} INFO - [2025-02-28T21:30:09.541+0200] {dag.py:4180} INFO - Setting next_dagrun for tutorial_taskflow_templates to 2025-02-27 00:00:00+00:00, run_after=2025-02-28 00:00:00+00:00
[2025-02-28T21:30:09.547+0200] {processor.py:208} INFO - Processing /Users/nampham/.pyenv/versions/3.12.9/lib/python3.12/site-packages/airflow/example_dags/tutorial_taskflow_templates.py took 0.095 seconds
[2025-02-28T21:31:58.490+0200] {processor.py:186} INFO - Started process (PID=6499) to work on /Users/nampham/.pyenv/versions/3.12.9/lib/python3.12/site-packages/airflow/example_dags/tutorial_taskflow_templates.py
[2025-02-28T21:31:58.491+0200] {processor.py:914} INFO - Processing file /Users/nampham/.pyenv/versions/3.12.9/lib/python3.12/site-packages/airflow/example_dags/tutorial_taskflow_templates.py for tasks to queue
[2025-02-28T21:31:58.492+0200] {logging_mixin.py:190} INFO - [2025-02-28T21:31:58.491+0200] {dagbag.py:588} INFO - Filling up the DagBag from /Users/nampham/.pyenv/versions/3.12.9/lib/python3.12/site-packages/airflow/example_dags/tutorial_taskflow_templates.py
[2025-02-28T21:31:58.538+0200] {processor.py:925} INFO - DAG(s) 'tutorial_taskflow_templates' retrieved from /Users/nampham/.pyenv/versions/3.12.9/lib/python3.12/site-packages/airflow/example_dags/tutorial_taskflow_templates.py
[2025-02-28T21:31:58.573+0200] {logging_mixin.py:190} INFO - [2025-02-28T21:31:58.573+0200] {dag.py:3239} INFO - Sync 1 DAGs
[2025-02-28T21:31:58.579+0200] {logging_mixin.py:190} INFO - [2025-02-28T21:31:58.579+0200] {dag.py:4180} INFO - Setting next_dagrun for tutorial_taskflow_templates to 2025-02-27 00:00:00+00:00, run_after=2025-02-28 00:00:00+00:00
[2025-02-28T21:31:58.586+0200] {processor.py:208} INFO - Processing /Users/nampham/.pyenv/versions/3.12.9/lib/python3.12/site-packages/airflow/example_dags/tutorial_taskflow_templates.py took 0.097 seconds
[2025-02-28T21:33:16.961+0200] {processor.py:186} INFO - Started process (PID=7002) to work on /Users/nampham/.pyenv/versions/3.12.9/lib/python3.12/site-packages/airflow/example_dags/tutorial_taskflow_templates.py
[2025-02-28T21:33:16.961+0200] {processor.py:914} INFO - Processing file /Users/nampham/.pyenv/versions/3.12.9/lib/python3.12/site-packages/airflow/example_dags/tutorial_taskflow_templates.py for tasks to queue
[2025-02-28T21:33:16.962+0200] {logging_mixin.py:190} INFO - [2025-02-28T21:33:16.962+0200] {dagbag.py:588} INFO - Filling up the DagBag from /Users/nampham/.pyenv/versions/3.12.9/lib/python3.12/site-packages/airflow/example_dags/tutorial_taskflow_templates.py
[2025-02-28T21:33:17.000+0200] {processor.py:925} INFO - DAG(s) 'tutorial_taskflow_templates' retrieved from /Users/nampham/.pyenv/versions/3.12.9/lib/python3.12/site-packages/airflow/example_dags/tutorial_taskflow_templates.py
[2025-02-28T21:33:17.036+0200] {logging_mixin.py:190} INFO - [2025-02-28T21:33:17.036+0200] {dag.py:3239} INFO - Sync 1 DAGs
[2025-02-28T21:33:17.043+0200] {logging_mixin.py:190} INFO - [2025-02-28T21:33:17.043+0200] {dag.py:4180} INFO - Setting next_dagrun for tutorial_taskflow_templates to 2025-02-27 00:00:00+00:00, run_after=2025-02-28 00:00:00+00:00
[2025-02-28T21:33:17.049+0200] {processor.py:208} INFO - Processing /Users/nampham/.pyenv/versions/3.12.9/lib/python3.12/site-packages/airflow/example_dags/tutorial_taskflow_templates.py took 0.090 seconds
[2025-02-28T21:34:36.044+0200] {processor.py:186} INFO - Started process (PID=7290) to work on /Users/nampham/.pyenv/versions/3.12.9/lib/python3.12/site-packages/airflow/example_dags/tutorial_taskflow_templates.py
[2025-02-28T21:34:36.045+0200] {processor.py:914} INFO - Processing file /Users/nampham/.pyenv/versions/3.12.9/lib/python3.12/site-packages/airflow/example_dags/tutorial_taskflow_templates.py for tasks to queue
[2025-02-28T21:34:36.046+0200] {logging_mixin.py:190} INFO - [2025-02-28T21:34:36.046+0200] {dagbag.py:588} INFO - Filling up the DagBag from /Users/nampham/.pyenv/versions/3.12.9/lib/python3.12/site-packages/airflow/example_dags/tutorial_taskflow_templates.py
[2025-02-28T21:34:36.104+0200] {processor.py:925} INFO - DAG(s) 'tutorial_taskflow_templates' retrieved from /Users/nampham/.pyenv/versions/3.12.9/lib/python3.12/site-packages/airflow/example_dags/tutorial_taskflow_templates.py
[2025-02-28T21:34:36.141+0200] {logging_mixin.py:190} INFO - [2025-02-28T21:34:36.141+0200] {dag.py:3239} INFO - Sync 1 DAGs
[2025-02-28T21:34:36.148+0200] {logging_mixin.py:190} INFO - [2025-02-28T21:34:36.148+0200] {dag.py:4180} INFO - Setting next_dagrun for tutorial_taskflow_templates to 2025-02-27 00:00:00+00:00, run_after=2025-02-28 00:00:00+00:00
[2025-02-28T21:34:36.155+0200] {processor.py:208} INFO - Processing /Users/nampham/.pyenv/versions/3.12.9/lib/python3.12/site-packages/airflow/example_dags/tutorial_taskflow_templates.py took 0.112 seconds
[2025-02-28T21:36:30.435+0200] {processor.py:186} INFO - Started process (PID=7784) to work on /Users/nampham/.pyenv/versions/3.12.9/lib/python3.12/site-packages/airflow/example_dags/tutorial_taskflow_templates.py
[2025-02-28T21:36:30.436+0200] {processor.py:914} INFO - Processing file /Users/nampham/.pyenv/versions/3.12.9/lib/python3.12/site-packages/airflow/example_dags/tutorial_taskflow_templates.py for tasks to queue
[2025-02-28T21:36:30.436+0200] {logging_mixin.py:190} INFO - [2025-02-28T21:36:30.436+0200] {dagbag.py:588} INFO - Filling up the DagBag from /Users/nampham/.pyenv/versions/3.12.9/lib/python3.12/site-packages/airflow/example_dags/tutorial_taskflow_templates.py
[2025-02-28T21:36:30.480+0200] {processor.py:925} INFO - DAG(s) 'tutorial_taskflow_templates' retrieved from /Users/nampham/.pyenv/versions/3.12.9/lib/python3.12/site-packages/airflow/example_dags/tutorial_taskflow_templates.py
[2025-02-28T21:36:30.558+0200] {logging_mixin.py:190} INFO - [2025-02-28T21:36:30.558+0200] {override.py:1930} INFO - Created Permission View: can edit on DAG:tutorial_taskflow_templates
[2025-02-28T21:36:30.561+0200] {logging_mixin.py:190} INFO - [2025-02-28T21:36:30.561+0200] {override.py:1930} INFO - Created Permission View: can delete on DAG:tutorial_taskflow_templates
[2025-02-28T21:36:30.562+0200] {logging_mixin.py:190} INFO - [2025-02-28T21:36:30.562+0200] {override.py:1930} INFO - Created Permission View: can read on DAG:tutorial_taskflow_templates
[2025-02-28T21:36:30.565+0200] {logging_mixin.py:190} INFO - [2025-02-28T21:36:30.565+0200] {override.py:1930} INFO - Created Permission View: can delete on DAG Run:tutorial_taskflow_templates
[2025-02-28T21:36:30.566+0200] {logging_mixin.py:190} INFO - [2025-02-28T21:36:30.566+0200] {override.py:1930} INFO - Created Permission View: can create on DAG Run:tutorial_taskflow_templates
[2025-02-28T21:36:30.568+0200] {logging_mixin.py:190} INFO - [2025-02-28T21:36:30.568+0200] {override.py:1930} INFO - Created Permission View: menu access on DAG Run:tutorial_taskflow_templates
[2025-02-28T21:36:30.570+0200] {logging_mixin.py:190} INFO - [2025-02-28T21:36:30.570+0200] {override.py:1930} INFO - Created Permission View: can read on DAG Run:tutorial_taskflow_templates
[2025-02-28T21:36:30.570+0200] {logging_mixin.py:190} INFO - [2025-02-28T21:36:30.570+0200] {dag.py:3239} INFO - Sync 1 DAGs
[2025-02-28T21:36:30.574+0200] {logging_mixin.py:190} INFO - [2025-02-28T21:36:30.574+0200] {dag.py:3262} INFO - Creating ORM DAG for tutorial_taskflow_templates
[2025-02-28T21:36:30.577+0200] {logging_mixin.py:190} INFO - [2025-02-28T21:36:30.577+0200] {dag.py:4180} INFO - Setting next_dagrun for tutorial_taskflow_templates to 2025-02-27 00:00:00+00:00, run_after=2025-02-28 00:00:00+00:00
[2025-02-28T21:36:30.583+0200] {processor.py:208} INFO - Processing /Users/nampham/.pyenv/versions/3.12.9/lib/python3.12/site-packages/airflow/example_dags/tutorial_taskflow_templates.py took 0.149 seconds
[2025-02-28T21:38:23.834+0200] {processor.py:186} INFO - Started process (PID=8222) to work on /Users/nampham/.pyenv/versions/3.12.9/lib/python3.12/site-packages/airflow/example_dags/tutorial_taskflow_templates.py
[2025-02-28T21:38:23.835+0200] {processor.py:914} INFO - Processing file /Users/nampham/.pyenv/versions/3.12.9/lib/python3.12/site-packages/airflow/example_dags/tutorial_taskflow_templates.py for tasks to queue
[2025-02-28T21:38:23.836+0200] {logging_mixin.py:190} INFO - [2025-02-28T21:38:23.836+0200] {dagbag.py:588} INFO - Filling up the DagBag from /Users/nampham/.pyenv/versions/3.12.9/lib/python3.12/site-packages/airflow/example_dags/tutorial_taskflow_templates.py
[2025-02-28T21:38:23.884+0200] {processor.py:925} INFO - DAG(s) 'tutorial_taskflow_templates' retrieved from /Users/nampham/.pyenv/versions/3.12.9/lib/python3.12/site-packages/airflow/example_dags/tutorial_taskflow_templates.py
[2025-02-28T21:38:23.920+0200] {logging_mixin.py:190} INFO - [2025-02-28T21:38:23.920+0200] {dag.py:3239} INFO - Sync 1 DAGs
[2025-02-28T21:38:23.926+0200] {logging_mixin.py:190} INFO - [2025-02-28T21:38:23.926+0200] {dag.py:4180} INFO - Setting next_dagrun for tutorial_taskflow_templates to 2025-02-27 00:00:00+00:00, run_after=2025-02-28 00:00:00+00:00
[2025-02-28T21:38:23.933+0200] {processor.py:208} INFO - Processing /Users/nampham/.pyenv/versions/3.12.9/lib/python3.12/site-packages/airflow/example_dags/tutorial_taskflow_templates.py took 0.099 seconds
[2025-02-28T21:39:41.333+0200] {processor.py:186} INFO - Started process (PID=8508) to work on /Users/nampham/.pyenv/versions/3.12.9/lib/python3.12/site-packages/airflow/example_dags/tutorial_taskflow_templates.py
[2025-02-28T21:39:41.333+0200] {processor.py:914} INFO - Processing file /Users/nampham/.pyenv/versions/3.12.9/lib/python3.12/site-packages/airflow/example_dags/tutorial_taskflow_templates.py for tasks to queue
[2025-02-28T21:39:41.334+0200] {logging_mixin.py:190} INFO - [2025-02-28T21:39:41.334+0200] {dagbag.py:588} INFO - Filling up the DagBag from /Users/nampham/.pyenv/versions/3.12.9/lib/python3.12/site-packages/airflow/example_dags/tutorial_taskflow_templates.py
[2025-02-28T21:39:41.375+0200] {processor.py:925} INFO - DAG(s) 'tutorial_taskflow_templates' retrieved from /Users/nampham/.pyenv/versions/3.12.9/lib/python3.12/site-packages/airflow/example_dags/tutorial_taskflow_templates.py
[2025-02-28T21:39:41.414+0200] {logging_mixin.py:190} INFO - [2025-02-28T21:39:41.414+0200] {dag.py:3239} INFO - Sync 1 DAGs
[2025-02-28T21:39:41.420+0200] {logging_mixin.py:190} INFO - [2025-02-28T21:39:41.420+0200] {dag.py:4180} INFO - Setting next_dagrun for tutorial_taskflow_templates to 2025-02-27 00:00:00+00:00, run_after=2025-02-28 00:00:00+00:00
[2025-02-28T21:39:41.427+0200] {processor.py:208} INFO - Processing /Users/nampham/.pyenv/versions/3.12.9/lib/python3.12/site-packages/airflow/example_dags/tutorial_taskflow_templates.py took 0.096 seconds
[2025-02-28T21:40:59.958+0200] {processor.py:186} INFO - Started process (PID=8787) to work on /Users/nampham/.pyenv/versions/3.12.9/lib/python3.12/site-packages/airflow/example_dags/tutorial_taskflow_templates.py
[2025-02-28T21:40:59.959+0200] {processor.py:914} INFO - Processing file /Users/nampham/.pyenv/versions/3.12.9/lib/python3.12/site-packages/airflow/example_dags/tutorial_taskflow_templates.py for tasks to queue
[2025-02-28T21:40:59.959+0200] {logging_mixin.py:190} INFO - [2025-02-28T21:40:59.959+0200] {dagbag.py:588} INFO - Filling up the DagBag from /Users/nampham/.pyenv/versions/3.12.9/lib/python3.12/site-packages/airflow/example_dags/tutorial_taskflow_templates.py
[2025-02-28T21:41:00.006+0200] {processor.py:925} INFO - DAG(s) 'tutorial_taskflow_templates' retrieved from /Users/nampham/.pyenv/versions/3.12.9/lib/python3.12/site-packages/airflow/example_dags/tutorial_taskflow_templates.py
[2025-02-28T21:41:00.044+0200] {logging_mixin.py:190} INFO - [2025-02-28T21:41:00.044+0200] {dag.py:3239} INFO - Sync 1 DAGs
[2025-02-28T21:41:00.051+0200] {logging_mixin.py:190} INFO - [2025-02-28T21:41:00.050+0200] {dag.py:4180} INFO - Setting next_dagrun for tutorial_taskflow_templates to 2025-02-27 00:00:00+00:00, run_after=2025-02-28 00:00:00+00:00
[2025-02-28T21:41:00.057+0200] {processor.py:208} INFO - Processing /Users/nampham/.pyenv/versions/3.12.9/lib/python3.12/site-packages/airflow/example_dags/tutorial_taskflow_templates.py took 0.100 seconds
[2025-02-28T21:42:00.621+0200] {processor.py:186} INFO - Started process (PID=9089) to work on /Users/nampham/.pyenv/versions/3.12.9/lib/python3.12/site-packages/airflow/example_dags/tutorial_taskflow_templates.py
[2025-02-28T21:42:00.622+0200] {processor.py:914} INFO - Processing file /Users/nampham/.pyenv/versions/3.12.9/lib/python3.12/site-packages/airflow/example_dags/tutorial_taskflow_templates.py for tasks to queue
[2025-02-28T21:42:00.622+0200] {logging_mixin.py:190} INFO - [2025-02-28T21:42:00.622+0200] {dagbag.py:588} INFO - Filling up the DagBag from /Users/nampham/.pyenv/versions/3.12.9/lib/python3.12/site-packages/airflow/example_dags/tutorial_taskflow_templates.py
[2025-02-28T21:42:00.663+0200] {processor.py:925} INFO - DAG(s) 'tutorial_taskflow_templates' retrieved from /Users/nampham/.pyenv/versions/3.12.9/lib/python3.12/site-packages/airflow/example_dags/tutorial_taskflow_templates.py
[2025-02-28T21:42:00.730+0200] {logging_mixin.py:190} INFO - [2025-02-28T21:42:00.729+0200] {override.py:1930} INFO - Created Permission View: can edit on DAG:tutorial_taskflow_templates
[2025-02-28T21:42:00.732+0200] {logging_mixin.py:190} INFO - [2025-02-28T21:42:00.732+0200] {override.py:1930} INFO - Created Permission View: can read on DAG:tutorial_taskflow_templates
[2025-02-28T21:42:00.734+0200] {logging_mixin.py:190} INFO - [2025-02-28T21:42:00.734+0200] {override.py:1930} INFO - Created Permission View: can delete on DAG:tutorial_taskflow_templates
[2025-02-28T21:42:00.737+0200] {logging_mixin.py:190} INFO - [2025-02-28T21:42:00.737+0200] {override.py:1930} INFO - Created Permission View: can create on DAG Run:tutorial_taskflow_templates
[2025-02-28T21:42:00.738+0200] {logging_mixin.py:190} INFO - [2025-02-28T21:42:00.738+0200] {override.py:1930} INFO - Created Permission View: can read on DAG Run:tutorial_taskflow_templates
[2025-02-28T21:42:00.740+0200] {logging_mixin.py:190} INFO - [2025-02-28T21:42:00.740+0200] {override.py:1930} INFO - Created Permission View: can delete on DAG Run:tutorial_taskflow_templates
[2025-02-28T21:42:00.742+0200] {logging_mixin.py:190} INFO - [2025-02-28T21:42:00.742+0200] {override.py:1930} INFO - Created Permission View: menu access on DAG Run:tutorial_taskflow_templates
[2025-02-28T21:42:00.742+0200] {logging_mixin.py:190} INFO - [2025-02-28T21:42:00.742+0200] {dag.py:3239} INFO - Sync 1 DAGs
[2025-02-28T21:42:00.747+0200] {logging_mixin.py:190} INFO - [2025-02-28T21:42:00.747+0200] {dag.py:3262} INFO - Creating ORM DAG for tutorial_taskflow_templates
[2025-02-28T21:42:00.750+0200] {logging_mixin.py:190} INFO - [2025-02-28T21:42:00.750+0200] {dag.py:4180} INFO - Setting next_dagrun for tutorial_taskflow_templates to 2025-02-27 00:00:00+00:00, run_after=2025-02-28 00:00:00+00:00
[2025-02-28T21:42:00.755+0200] {processor.py:208} INFO - Processing /Users/nampham/.pyenv/versions/3.12.9/lib/python3.12/site-packages/airflow/example_dags/tutorial_taskflow_templates.py took 0.135 seconds
[2025-02-28T21:43:05.031+0200] {processor.py:186} INFO - Started process (PID=9455) to work on /Users/nampham/.pyenv/versions/3.12.9/lib/python3.12/site-packages/airflow/example_dags/tutorial_taskflow_templates.py
[2025-02-28T21:43:05.033+0200] {processor.py:914} INFO - Processing file /Users/nampham/.pyenv/versions/3.12.9/lib/python3.12/site-packages/airflow/example_dags/tutorial_taskflow_templates.py for tasks to queue
[2025-02-28T21:43:05.033+0200] {logging_mixin.py:190} INFO - [2025-02-28T21:43:05.033+0200] {dagbag.py:588} INFO - Filling up the DagBag from /Users/nampham/.pyenv/versions/3.12.9/lib/python3.12/site-packages/airflow/example_dags/tutorial_taskflow_templates.py
[2025-02-28T21:43:05.071+0200] {processor.py:925} INFO - DAG(s) 'tutorial_taskflow_templates' retrieved from /Users/nampham/.pyenv/versions/3.12.9/lib/python3.12/site-packages/airflow/example_dags/tutorial_taskflow_templates.py
[2025-02-28T21:43:05.105+0200] {logging_mixin.py:190} INFO - [2025-02-28T21:43:05.105+0200] {dag.py:3239} INFO - Sync 1 DAGs
[2025-02-28T21:43:05.111+0200] {logging_mixin.py:190} INFO - [2025-02-28T21:43:05.111+0200] {dag.py:4180} INFO - Setting next_dagrun for tutorial_taskflow_templates to 2025-02-27 00:00:00+00:00, run_after=2025-02-28 00:00:00+00:00
[2025-02-28T21:43:05.118+0200] {processor.py:208} INFO - Processing /Users/nampham/.pyenv/versions/3.12.9/lib/python3.12/site-packages/airflow/example_dags/tutorial_taskflow_templates.py took 0.088 seconds
[2025-02-28T21:45:02.845+0200] {processor.py:186} INFO - Started process (PID=9975) to work on /Users/nampham/.pyenv/versions/3.12.9/lib/python3.12/site-packages/airflow/example_dags/tutorial_taskflow_templates.py
[2025-02-28T21:45:02.846+0200] {processor.py:914} INFO - Processing file /Users/nampham/.pyenv/versions/3.12.9/lib/python3.12/site-packages/airflow/example_dags/tutorial_taskflow_templates.py for tasks to queue
[2025-02-28T21:45:02.846+0200] {logging_mixin.py:190} INFO - [2025-02-28T21:45:02.846+0200] {dagbag.py:588} INFO - Filling up the DagBag from /Users/nampham/.pyenv/versions/3.12.9/lib/python3.12/site-packages/airflow/example_dags/tutorial_taskflow_templates.py
[2025-02-28T21:45:02.886+0200] {processor.py:925} INFO - DAG(s) 'tutorial_taskflow_templates' retrieved from /Users/nampham/.pyenv/versions/3.12.9/lib/python3.12/site-packages/airflow/example_dags/tutorial_taskflow_templates.py
[2025-02-28T21:45:02.920+0200] {logging_mixin.py:190} INFO - [2025-02-28T21:45:02.920+0200] {dag.py:3239} INFO - Sync 1 DAGs
[2025-02-28T21:45:02.926+0200] {logging_mixin.py:190} INFO - [2025-02-28T21:45:02.926+0200] {dag.py:4180} INFO - Setting next_dagrun for tutorial_taskflow_templates to 2025-02-27 00:00:00+00:00, run_after=2025-02-28 00:00:00+00:00
[2025-02-28T21:45:02.933+0200] {processor.py:208} INFO - Processing /Users/nampham/.pyenv/versions/3.12.9/lib/python3.12/site-packages/airflow/example_dags/tutorial_taskflow_templates.py took 0.089 seconds
[2025-02-28T21:47:23.740+0200] {processor.py:186} INFO - Started process (PID=10496) to work on /Users/nampham/.pyenv/versions/3.12.9/lib/python3.12/site-packages/airflow/example_dags/tutorial_taskflow_templates.py
[2025-02-28T21:47:23.741+0200] {processor.py:914} INFO - Processing file /Users/nampham/.pyenv/versions/3.12.9/lib/python3.12/site-packages/airflow/example_dags/tutorial_taskflow_templates.py for tasks to queue
[2025-02-28T21:47:23.741+0200] {logging_mixin.py:190} INFO - [2025-02-28T21:47:23.741+0200] {dagbag.py:588} INFO - Filling up the DagBag from /Users/nampham/.pyenv/versions/3.12.9/lib/python3.12/site-packages/airflow/example_dags/tutorial_taskflow_templates.py
[2025-02-28T21:47:23.779+0200] {processor.py:925} INFO - DAG(s) 'tutorial_taskflow_templates' retrieved from /Users/nampham/.pyenv/versions/3.12.9/lib/python3.12/site-packages/airflow/example_dags/tutorial_taskflow_templates.py
[2025-02-28T21:47:23.814+0200] {logging_mixin.py:190} INFO - [2025-02-28T21:47:23.813+0200] {dag.py:3239} INFO - Sync 1 DAGs
[2025-02-28T21:47:23.820+0200] {logging_mixin.py:190} INFO - [2025-02-28T21:47:23.820+0200] {dag.py:4180} INFO - Setting next_dagrun for tutorial_taskflow_templates to 2025-02-27 00:00:00+00:00, run_after=2025-02-28 00:00:00+00:00
[2025-02-28T21:47:23.826+0200] {processor.py:208} INFO - Processing /Users/nampham/.pyenv/versions/3.12.9/lib/python3.12/site-packages/airflow/example_dags/tutorial_taskflow_templates.py took 0.088 seconds
[2025-02-28T21:49:25.057+0200] {processor.py:186} INFO - Started process (PID=10961) to work on /Users/nampham/.pyenv/versions/3.12.9/lib/python3.12/site-packages/airflow/example_dags/tutorial_taskflow_templates.py
[2025-02-28T21:49:25.059+0200] {processor.py:914} INFO - Processing file /Users/nampham/.pyenv/versions/3.12.9/lib/python3.12/site-packages/airflow/example_dags/tutorial_taskflow_templates.py for tasks to queue
[2025-02-28T21:49:25.059+0200] {logging_mixin.py:190} INFO - [2025-02-28T21:49:25.059+0200] {dagbag.py:588} INFO - Filling up the DagBag from /Users/nampham/.pyenv/versions/3.12.9/lib/python3.12/site-packages/airflow/example_dags/tutorial_taskflow_templates.py
[2025-02-28T21:49:25.098+0200] {processor.py:925} INFO - DAG(s) 'tutorial_taskflow_templates' retrieved from /Users/nampham/.pyenv/versions/3.12.9/lib/python3.12/site-packages/airflow/example_dags/tutorial_taskflow_templates.py
[2025-02-28T21:49:25.131+0200] {logging_mixin.py:190} INFO - [2025-02-28T21:49:25.131+0200] {dag.py:3239} INFO - Sync 1 DAGs
[2025-02-28T21:49:25.138+0200] {logging_mixin.py:190} INFO - [2025-02-28T21:49:25.138+0200] {dag.py:4180} INFO - Setting next_dagrun for tutorial_taskflow_templates to 2025-02-27 00:00:00+00:00, run_after=2025-02-28 00:00:00+00:00
[2025-02-28T21:49:25.144+0200] {processor.py:208} INFO - Processing /Users/nampham/.pyenv/versions/3.12.9/lib/python3.12/site-packages/airflow/example_dags/tutorial_taskflow_templates.py took 0.088 seconds
[2025-02-28T21:51:14.318+0200] {processor.py:186} INFO - Started process (PID=11332) to work on /Users/nampham/.pyenv/versions/3.12.9/lib/python3.12/site-packages/airflow/example_dags/tutorial_taskflow_templates.py
[2025-02-28T21:51:14.319+0200] {processor.py:914} INFO - Processing file /Users/nampham/.pyenv/versions/3.12.9/lib/python3.12/site-packages/airflow/example_dags/tutorial_taskflow_templates.py for tasks to queue
[2025-02-28T21:51:14.321+0200] {logging_mixin.py:190} INFO - [2025-02-28T21:51:14.320+0200] {dagbag.py:588} INFO - Filling up the DagBag from /Users/nampham/.pyenv/versions/3.12.9/lib/python3.12/site-packages/airflow/example_dags/tutorial_taskflow_templates.py
[2025-02-28T21:51:14.545+0200] {processor.py:925} INFO - DAG(s) 'tutorial_taskflow_templates' retrieved from /Users/nampham/.pyenv/versions/3.12.9/lib/python3.12/site-packages/airflow/example_dags/tutorial_taskflow_templates.py
[2025-02-28T21:51:14.612+0200] {logging_mixin.py:190} INFO - [2025-02-28T21:51:14.611+0200] {dag.py:3239} INFO - Sync 1 DAGs
[2025-02-28T21:51:14.620+0200] {logging_mixin.py:190} INFO - [2025-02-28T21:51:14.619+0200] {dag.py:4180} INFO - Setting next_dagrun for tutorial_taskflow_templates to 2025-02-27 00:00:00+00:00, run_after=2025-02-28 00:00:00+00:00
[2025-02-28T21:51:14.636+0200] {processor.py:208} INFO - Processing /Users/nampham/.pyenv/versions/3.12.9/lib/python3.12/site-packages/airflow/example_dags/tutorial_taskflow_templates.py took 0.320 seconds
[2025-02-28T21:55:06.629+0200] {processor.py:186} INFO - Started process (PID=11946) to work on /Users/nampham/.pyenv/versions/3.12.9/lib/python3.12/site-packages/airflow/example_dags/tutorial_taskflow_templates.py
[2025-02-28T21:55:06.630+0200] {processor.py:914} INFO - Processing file /Users/nampham/.pyenv/versions/3.12.9/lib/python3.12/site-packages/airflow/example_dags/tutorial_taskflow_templates.py for tasks to queue
[2025-02-28T21:55:06.630+0200] {logging_mixin.py:190} INFO - [2025-02-28T21:55:06.630+0200] {dagbag.py:588} INFO - Filling up the DagBag from /Users/nampham/.pyenv/versions/3.12.9/lib/python3.12/site-packages/airflow/example_dags/tutorial_taskflow_templates.py
[2025-02-28T21:55:06.674+0200] {processor.py:925} INFO - DAG(s) 'tutorial_taskflow_templates' retrieved from /Users/nampham/.pyenv/versions/3.12.9/lib/python3.12/site-packages/airflow/example_dags/tutorial_taskflow_templates.py
[2025-02-28T21:55:06.710+0200] {logging_mixin.py:190} INFO - [2025-02-28T21:55:06.710+0200] {dag.py:3239} INFO - Sync 1 DAGs
[2025-02-28T21:55:06.716+0200] {logging_mixin.py:190} INFO - [2025-02-28T21:55:06.716+0200] {dag.py:4180} INFO - Setting next_dagrun for tutorial_taskflow_templates to 2025-02-27 00:00:00+00:00, run_after=2025-02-28 00:00:00+00:00
[2025-02-28T21:55:06.722+0200] {processor.py:208} INFO - Processing /Users/nampham/.pyenv/versions/3.12.9/lib/python3.12/site-packages/airflow/example_dags/tutorial_taskflow_templates.py took 0.095 seconds
[2025-02-28T22:14:19.556+0200] {processor.py:186} INFO - Started process (PID=15644) to work on /Users/nampham/.pyenv/versions/3.12.9/lib/python3.12/site-packages/airflow/example_dags/tutorial_taskflow_templates.py
[2025-02-28T22:14:19.557+0200] {processor.py:914} INFO - Processing file /Users/nampham/.pyenv/versions/3.12.9/lib/python3.12/site-packages/airflow/example_dags/tutorial_taskflow_templates.py for tasks to queue
[2025-02-28T22:14:19.557+0200] {logging_mixin.py:190} INFO - [2025-02-28T22:14:19.557+0200] {dagbag.py:588} INFO - Filling up the DagBag from /Users/nampham/.pyenv/versions/3.12.9/lib/python3.12/site-packages/airflow/example_dags/tutorial_taskflow_templates.py
[2025-02-28T22:14:19.606+0200] {processor.py:925} INFO - DAG(s) 'tutorial_taskflow_templates' retrieved from /Users/nampham/.pyenv/versions/3.12.9/lib/python3.12/site-packages/airflow/example_dags/tutorial_taskflow_templates.py
[2025-02-28T22:14:19.692+0200] {logging_mixin.py:190} INFO - [2025-02-28T22:14:19.691+0200] {override.py:1930} INFO - Created Permission View: can read on DAG:tutorial_taskflow_templates
[2025-02-28T22:14:19.694+0200] {logging_mixin.py:190} INFO - [2025-02-28T22:14:19.694+0200] {override.py:1930} INFO - Created Permission View: can delete on DAG:tutorial_taskflow_templates
[2025-02-28T22:14:19.696+0200] {logging_mixin.py:190} INFO - [2025-02-28T22:14:19.696+0200] {override.py:1930} INFO - Created Permission View: can edit on DAG:tutorial_taskflow_templates
[2025-02-28T22:14:19.698+0200] {logging_mixin.py:190} INFO - [2025-02-28T22:14:19.698+0200] {override.py:1930} INFO - Created Permission View: menu access on DAG Run:tutorial_taskflow_templates
[2025-02-28T22:14:19.700+0200] {logging_mixin.py:190} INFO - [2025-02-28T22:14:19.700+0200] {override.py:1930} INFO - Created Permission View: can read on DAG Run:tutorial_taskflow_templates
[2025-02-28T22:14:19.702+0200] {logging_mixin.py:190} INFO - [2025-02-28T22:14:19.702+0200] {override.py:1930} INFO - Created Permission View: can create on DAG Run:tutorial_taskflow_templates
[2025-02-28T22:14:19.704+0200] {logging_mixin.py:190} INFO - [2025-02-28T22:14:19.703+0200] {override.py:1930} INFO - Created Permission View: can delete on DAG Run:tutorial_taskflow_templates
[2025-02-28T22:14:19.704+0200] {logging_mixin.py:190} INFO - [2025-02-28T22:14:19.704+0200] {dag.py:3239} INFO - Sync 1 DAGs
[2025-02-28T22:14:19.708+0200] {logging_mixin.py:190} INFO - [2025-02-28T22:14:19.708+0200] {dag.py:3262} INFO - Creating ORM DAG for tutorial_taskflow_templates
[2025-02-28T22:14:19.711+0200] {logging_mixin.py:190} INFO - [2025-02-28T22:14:19.711+0200] {dag.py:4180} INFO - Setting next_dagrun for tutorial_taskflow_templates to 2025-02-27 00:00:00+00:00, run_after=2025-02-28 00:00:00+00:00
[2025-02-28T22:14:19.716+0200] {processor.py:208} INFO - Processing /Users/nampham/.pyenv/versions/3.12.9/lib/python3.12/site-packages/airflow/example_dags/tutorial_taskflow_templates.py took 0.162 seconds
[2025-02-28T22:25:50.645+0200] {processor.py:186} INFO - Started process (PID=17672) to work on /Users/nampham/.pyenv/versions/3.12.9/lib/python3.12/site-packages/airflow/example_dags/tutorial_taskflow_templates.py
[2025-02-28T22:25:50.646+0200] {processor.py:914} INFO - Processing file /Users/nampham/.pyenv/versions/3.12.9/lib/python3.12/site-packages/airflow/example_dags/tutorial_taskflow_templates.py for tasks to queue
[2025-02-28T22:25:50.646+0200] {logging_mixin.py:190} INFO - [2025-02-28T22:25:50.646+0200] {dagbag.py:588} INFO - Filling up the DagBag from /Users/nampham/.pyenv/versions/3.12.9/lib/python3.12/site-packages/airflow/example_dags/tutorial_taskflow_templates.py
[2025-02-28T22:25:50.685+0200] {processor.py:925} INFO - DAG(s) 'tutorial_taskflow_templates' retrieved from /Users/nampham/.pyenv/versions/3.12.9/lib/python3.12/site-packages/airflow/example_dags/tutorial_taskflow_templates.py
[2025-02-28T22:25:50.751+0200] {logging_mixin.py:190} INFO - [2025-02-28T22:25:50.751+0200] {override.py:1930} INFO - Created Permission View: can delete on DAG:tutorial_taskflow_templates
[2025-02-28T22:25:50.754+0200] {logging_mixin.py:190} INFO - [2025-02-28T22:25:50.754+0200] {override.py:1930} INFO - Created Permission View: can edit on DAG:tutorial_taskflow_templates
[2025-02-28T22:25:50.756+0200] {logging_mixin.py:190} INFO - [2025-02-28T22:25:50.756+0200] {override.py:1930} INFO - Created Permission View: can read on DAG:tutorial_taskflow_templates
[2025-02-28T22:25:50.758+0200] {logging_mixin.py:190} INFO - [2025-02-28T22:25:50.758+0200] {override.py:1930} INFO - Created Permission View: menu access on DAG Run:tutorial_taskflow_templates
[2025-02-28T22:25:50.760+0200] {logging_mixin.py:190} INFO - [2025-02-28T22:25:50.760+0200] {override.py:1930} INFO - Created Permission View: can delete on DAG Run:tutorial_taskflow_templates
[2025-02-28T22:25:50.761+0200] {logging_mixin.py:190} INFO - [2025-02-28T22:25:50.761+0200] {override.py:1930} INFO - Created Permission View: can create on DAG Run:tutorial_taskflow_templates
[2025-02-28T22:25:50.763+0200] {logging_mixin.py:190} INFO - [2025-02-28T22:25:50.763+0200] {override.py:1930} INFO - Created Permission View: can read on DAG Run:tutorial_taskflow_templates
[2025-02-28T22:25:50.763+0200] {logging_mixin.py:190} INFO - [2025-02-28T22:25:50.763+0200] {dag.py:3239} INFO - Sync 1 DAGs
[2025-02-28T22:25:50.768+0200] {logging_mixin.py:190} INFO - [2025-02-28T22:25:50.768+0200] {dag.py:3262} INFO - Creating ORM DAG for tutorial_taskflow_templates
[2025-02-28T22:25:50.771+0200] {logging_mixin.py:190} INFO - [2025-02-28T22:25:50.771+0200] {dag.py:4180} INFO - Setting next_dagrun for tutorial_taskflow_templates to 2025-02-27 00:00:00+00:00, run_after=2025-02-28 00:00:00+00:00
[2025-02-28T22:25:50.776+0200] {processor.py:208} INFO - Processing /Users/nampham/.pyenv/versions/3.12.9/lib/python3.12/site-packages/airflow/example_dags/tutorial_taskflow_templates.py took 0.132 seconds
[2025-02-28T22:27:22.951+0200] {processor.py:186} INFO - Started process (PID=17976) to work on /Users/nampham/.pyenv/versions/3.12.9/lib/python3.12/site-packages/airflow/example_dags/tutorial_taskflow_templates.py
[2025-02-28T22:27:22.952+0200] {processor.py:914} INFO - Processing file /Users/nampham/.pyenv/versions/3.12.9/lib/python3.12/site-packages/airflow/example_dags/tutorial_taskflow_templates.py for tasks to queue
[2025-02-28T22:27:22.953+0200] {logging_mixin.py:190} INFO - [2025-02-28T22:27:22.952+0200] {dagbag.py:588} INFO - Filling up the DagBag from /Users/nampham/.pyenv/versions/3.12.9/lib/python3.12/site-packages/airflow/example_dags/tutorial_taskflow_templates.py
[2025-02-28T22:27:22.991+0200] {processor.py:925} INFO - DAG(s) 'tutorial_taskflow_templates' retrieved from /Users/nampham/.pyenv/versions/3.12.9/lib/python3.12/site-packages/airflow/example_dags/tutorial_taskflow_templates.py
[2025-02-28T22:27:23.024+0200] {logging_mixin.py:190} INFO - [2025-02-28T22:27:23.024+0200] {dag.py:3239} INFO - Sync 1 DAGs
[2025-02-28T22:27:23.030+0200] {logging_mixin.py:190} INFO - [2025-02-28T22:27:23.030+0200] {dag.py:4180} INFO - Setting next_dagrun for tutorial_taskflow_templates to 2025-02-27 00:00:00+00:00, run_after=2025-02-28 00:00:00+00:00
[2025-02-28T22:27:23.037+0200] {processor.py:208} INFO - Processing /Users/nampham/.pyenv/versions/3.12.9/lib/python3.12/site-packages/airflow/example_dags/tutorial_taskflow_templates.py took 0.086 seconds
[2025-02-28T22:29:37.891+0200] {processor.py:186} INFO - Started process (PID=18515) to work on /Users/nampham/.pyenv/versions/3.12.9/lib/python3.12/site-packages/airflow/example_dags/tutorial_taskflow_templates.py
[2025-02-28T22:29:37.892+0200] {processor.py:914} INFO - Processing file /Users/nampham/.pyenv/versions/3.12.9/lib/python3.12/site-packages/airflow/example_dags/tutorial_taskflow_templates.py for tasks to queue
[2025-02-28T22:29:37.892+0200] {logging_mixin.py:190} INFO - [2025-02-28T22:29:37.892+0200] {dagbag.py:588} INFO - Filling up the DagBag from /Users/nampham/.pyenv/versions/3.12.9/lib/python3.12/site-packages/airflow/example_dags/tutorial_taskflow_templates.py
[2025-02-28T22:29:37.930+0200] {processor.py:925} INFO - DAG(s) 'tutorial_taskflow_templates' retrieved from /Users/nampham/.pyenv/versions/3.12.9/lib/python3.12/site-packages/airflow/example_dags/tutorial_taskflow_templates.py
[2025-02-28T22:29:37.965+0200] {logging_mixin.py:190} INFO - [2025-02-28T22:29:37.965+0200] {dag.py:3239} INFO - Sync 1 DAGs
[2025-02-28T22:29:37.971+0200] {logging_mixin.py:190} INFO - [2025-02-28T22:29:37.971+0200] {dag.py:4180} INFO - Setting next_dagrun for tutorial_taskflow_templates to 2025-02-27 00:00:00+00:00, run_after=2025-02-28 00:00:00+00:00
[2025-02-28T22:29:37.978+0200] {processor.py:208} INFO - Processing /Users/nampham/.pyenv/versions/3.12.9/lib/python3.12/site-packages/airflow/example_dags/tutorial_taskflow_templates.py took 0.088 seconds
[2025-02-28T22:34:01.046+0200] {processor.py:186} INFO - Started process (PID=19371) to work on /Users/nampham/.pyenv/versions/3.12.9/lib/python3.12/site-packages/airflow/example_dags/tutorial_taskflow_templates.py
[2025-02-28T22:34:01.046+0200] {processor.py:914} INFO - Processing file /Users/nampham/.pyenv/versions/3.12.9/lib/python3.12/site-packages/airflow/example_dags/tutorial_taskflow_templates.py for tasks to queue
[2025-02-28T22:34:01.047+0200] {logging_mixin.py:190} INFO - [2025-02-28T22:34:01.047+0200] {dagbag.py:588} INFO - Filling up the DagBag from /Users/nampham/.pyenv/versions/3.12.9/lib/python3.12/site-packages/airflow/example_dags/tutorial_taskflow_templates.py
[2025-02-28T22:34:01.092+0200] {processor.py:925} INFO - DAG(s) 'tutorial_taskflow_templates' retrieved from /Users/nampham/.pyenv/versions/3.12.9/lib/python3.12/site-packages/airflow/example_dags/tutorial_taskflow_templates.py
[2025-02-28T22:34:01.172+0200] {logging_mixin.py:190} INFO - [2025-02-28T22:34:01.172+0200] {override.py:1930} INFO - Created Permission View: can edit on DAG:tutorial_taskflow_templates
[2025-02-28T22:34:01.174+0200] {logging_mixin.py:190} INFO - [2025-02-28T22:34:01.174+0200] {override.py:1930} INFO - Created Permission View: can read on DAG:tutorial_taskflow_templates
[2025-02-28T22:34:01.176+0200] {logging_mixin.py:190} INFO - [2025-02-28T22:34:01.176+0200] {override.py:1930} INFO - Created Permission View: can delete on DAG:tutorial_taskflow_templates
[2025-02-28T22:34:01.179+0200] {logging_mixin.py:190} INFO - [2025-02-28T22:34:01.179+0200] {override.py:1930} INFO - Created Permission View: menu access on DAG Run:tutorial_taskflow_templates
[2025-02-28T22:34:01.180+0200] {logging_mixin.py:190} INFO - [2025-02-28T22:34:01.180+0200] {override.py:1930} INFO - Created Permission View: can create on DAG Run:tutorial_taskflow_templates
[2025-02-28T22:34:01.182+0200] {logging_mixin.py:190} INFO - [2025-02-28T22:34:01.182+0200] {override.py:1930} INFO - Created Permission View: can read on DAG Run:tutorial_taskflow_templates
[2025-02-28T22:34:01.184+0200] {logging_mixin.py:190} INFO - [2025-02-28T22:34:01.184+0200] {override.py:1930} INFO - Created Permission View: can delete on DAG Run:tutorial_taskflow_templates
[2025-02-28T22:34:01.184+0200] {logging_mixin.py:190} INFO - [2025-02-28T22:34:01.184+0200] {dag.py:3239} INFO - Sync 1 DAGs
[2025-02-28T22:34:01.188+0200] {logging_mixin.py:190} INFO - [2025-02-28T22:34:01.188+0200] {dag.py:3262} INFO - Creating ORM DAG for tutorial_taskflow_templates
[2025-02-28T22:34:01.191+0200] {logging_mixin.py:190} INFO - [2025-02-28T22:34:01.191+0200] {dag.py:4180} INFO - Setting next_dagrun for tutorial_taskflow_templates to 2025-02-27 00:00:00+00:00, run_after=2025-02-28 00:00:00+00:00
[2025-02-28T22:34:01.197+0200] {processor.py:208} INFO - Processing /Users/nampham/.pyenv/versions/3.12.9/lib/python3.12/site-packages/airflow/example_dags/tutorial_taskflow_templates.py took 0.152 seconds
[2025-02-28T22:37:18.244+0200] {processor.py:186} INFO - Started process (PID=20079) to work on /Users/nampham/.pyenv/versions/3.12.9/lib/python3.12/site-packages/airflow/example_dags/tutorial_taskflow_templates.py
[2025-02-28T22:37:18.245+0200] {processor.py:914} INFO - Processing file /Users/nampham/.pyenv/versions/3.12.9/lib/python3.12/site-packages/airflow/example_dags/tutorial_taskflow_templates.py for tasks to queue
[2025-02-28T22:37:18.245+0200] {logging_mixin.py:190} INFO - [2025-02-28T22:37:18.245+0200] {dagbag.py:588} INFO - Filling up the DagBag from /Users/nampham/.pyenv/versions/3.12.9/lib/python3.12/site-packages/airflow/example_dags/tutorial_taskflow_templates.py
[2025-02-28T22:37:18.285+0200] {processor.py:925} INFO - DAG(s) 'tutorial_taskflow_templates' retrieved from /Users/nampham/.pyenv/versions/3.12.9/lib/python3.12/site-packages/airflow/example_dags/tutorial_taskflow_templates.py
[2025-02-28T22:37:18.319+0200] {logging_mixin.py:190} INFO - [2025-02-28T22:37:18.319+0200] {dag.py:3239} INFO - Sync 1 DAGs
[2025-02-28T22:37:18.325+0200] {logging_mixin.py:190} INFO - [2025-02-28T22:37:18.325+0200] {dag.py:4180} INFO - Setting next_dagrun for tutorial_taskflow_templates to 2025-02-27 00:00:00+00:00, run_after=2025-02-28 00:00:00+00:00
[2025-02-28T22:37:18.332+0200] {processor.py:208} INFO - Processing /Users/nampham/.pyenv/versions/3.12.9/lib/python3.12/site-packages/airflow/example_dags/tutorial_taskflow_templates.py took 0.089 seconds
[2025-02-28T22:39:00.607+0200] {processor.py:186} INFO - Started process (PID=20429) to work on /Users/nampham/.pyenv/versions/3.12.9/lib/python3.12/site-packages/airflow/example_dags/tutorial_taskflow_templates.py
[2025-02-28T22:39:00.607+0200] {processor.py:914} INFO - Processing file /Users/nampham/.pyenv/versions/3.12.9/lib/python3.12/site-packages/airflow/example_dags/tutorial_taskflow_templates.py for tasks to queue
[2025-02-28T22:39:00.608+0200] {logging_mixin.py:190} INFO - [2025-02-28T22:39:00.608+0200] {dagbag.py:588} INFO - Filling up the DagBag from /Users/nampham/.pyenv/versions/3.12.9/lib/python3.12/site-packages/airflow/example_dags/tutorial_taskflow_templates.py
[2025-02-28T22:39:00.646+0200] {processor.py:925} INFO - DAG(s) 'tutorial_taskflow_templates' retrieved from /Users/nampham/.pyenv/versions/3.12.9/lib/python3.12/site-packages/airflow/example_dags/tutorial_taskflow_templates.py
[2025-02-28T22:39:00.679+0200] {logging_mixin.py:190} INFO - [2025-02-28T22:39:00.679+0200] {dag.py:3239} INFO - Sync 1 DAGs
[2025-02-28T22:39:00.685+0200] {logging_mixin.py:190} INFO - [2025-02-28T22:39:00.685+0200] {dag.py:4180} INFO - Setting next_dagrun for tutorial_taskflow_templates to 2025-02-27 00:00:00+00:00, run_after=2025-02-28 00:00:00+00:00
[2025-02-28T22:39:00.692+0200] {processor.py:208} INFO - Processing /Users/nampham/.pyenv/versions/3.12.9/lib/python3.12/site-packages/airflow/example_dags/tutorial_taskflow_templates.py took 0.086 seconds
[2025-02-28T22:40:39.579+0200] {processor.py:186} INFO - Started process (PID=20744) to work on /Users/nampham/.pyenv/versions/3.12.9/lib/python3.12/site-packages/airflow/example_dags/tutorial_taskflow_templates.py
[2025-02-28T22:40:39.580+0200] {processor.py:914} INFO - Processing file /Users/nampham/.pyenv/versions/3.12.9/lib/python3.12/site-packages/airflow/example_dags/tutorial_taskflow_templates.py for tasks to queue
[2025-02-28T22:40:39.580+0200] {logging_mixin.py:190} INFO - [2025-02-28T22:40:39.580+0200] {dagbag.py:588} INFO - Filling up the DagBag from /Users/nampham/.pyenv/versions/3.12.9/lib/python3.12/site-packages/airflow/example_dags/tutorial_taskflow_templates.py
[2025-02-28T22:40:39.618+0200] {processor.py:925} INFO - DAG(s) 'tutorial_taskflow_templates' retrieved from /Users/nampham/.pyenv/versions/3.12.9/lib/python3.12/site-packages/airflow/example_dags/tutorial_taskflow_templates.py
[2025-02-28T22:40:39.652+0200] {logging_mixin.py:190} INFO - [2025-02-28T22:40:39.652+0200] {dag.py:3239} INFO - Sync 1 DAGs
[2025-02-28T22:40:39.659+0200] {logging_mixin.py:190} INFO - [2025-02-28T22:40:39.658+0200] {dag.py:4180} INFO - Setting next_dagrun for tutorial_taskflow_templates to 2025-02-27 00:00:00+00:00, run_after=2025-02-28 00:00:00+00:00
[2025-02-28T22:40:39.665+0200] {processor.py:208} INFO - Processing /Users/nampham/.pyenv/versions/3.12.9/lib/python3.12/site-packages/airflow/example_dags/tutorial_taskflow_templates.py took 0.087 seconds
[2025-02-28T22:41:50.741+0200] {processor.py:186} INFO - Started process (PID=20987) to work on /Users/nampham/.pyenv/versions/3.12.9/lib/python3.12/site-packages/airflow/example_dags/tutorial_taskflow_templates.py
[2025-02-28T22:41:50.741+0200] {processor.py:914} INFO - Processing file /Users/nampham/.pyenv/versions/3.12.9/lib/python3.12/site-packages/airflow/example_dags/tutorial_taskflow_templates.py for tasks to queue
[2025-02-28T22:41:50.742+0200] {logging_mixin.py:190} INFO - [2025-02-28T22:41:50.742+0200] {dagbag.py:588} INFO - Filling up the DagBag from /Users/nampham/.pyenv/versions/3.12.9/lib/python3.12/site-packages/airflow/example_dags/tutorial_taskflow_templates.py
[2025-02-28T22:41:50.779+0200] {processor.py:925} INFO - DAG(s) 'tutorial_taskflow_templates' retrieved from /Users/nampham/.pyenv/versions/3.12.9/lib/python3.12/site-packages/airflow/example_dags/tutorial_taskflow_templates.py
[2025-02-28T22:41:50.813+0200] {logging_mixin.py:190} INFO - [2025-02-28T22:41:50.813+0200] {dag.py:3239} INFO - Sync 1 DAGs
[2025-02-28T22:41:50.819+0200] {logging_mixin.py:190} INFO - [2025-02-28T22:41:50.819+0200] {dag.py:4180} INFO - Setting next_dagrun for tutorial_taskflow_templates to 2025-02-27 00:00:00+00:00, run_after=2025-02-28 00:00:00+00:00
[2025-02-28T22:41:50.826+0200] {processor.py:208} INFO - Processing /Users/nampham/.pyenv/versions/3.12.9/lib/python3.12/site-packages/airflow/example_dags/tutorial_taskflow_templates.py took 0.086 seconds
[2025-02-28T22:43:02.686+0200] {processor.py:186} INFO - Started process (PID=21259) to work on /Users/nampham/.pyenv/versions/3.12.9/lib/python3.12/site-packages/airflow/example_dags/tutorial_taskflow_templates.py
[2025-02-28T22:43:02.686+0200] {processor.py:914} INFO - Processing file /Users/nampham/.pyenv/versions/3.12.9/lib/python3.12/site-packages/airflow/example_dags/tutorial_taskflow_templates.py for tasks to queue
[2025-02-28T22:43:02.687+0200] {logging_mixin.py:190} INFO - [2025-02-28T22:43:02.687+0200] {dagbag.py:588} INFO - Filling up the DagBag from /Users/nampham/.pyenv/versions/3.12.9/lib/python3.12/site-packages/airflow/example_dags/tutorial_taskflow_templates.py
[2025-02-28T22:43:02.727+0200] {processor.py:925} INFO - DAG(s) 'tutorial_taskflow_templates' retrieved from /Users/nampham/.pyenv/versions/3.12.9/lib/python3.12/site-packages/airflow/example_dags/tutorial_taskflow_templates.py
[2025-02-28T22:43:02.761+0200] {logging_mixin.py:190} INFO - [2025-02-28T22:43:02.761+0200] {dag.py:3239} INFO - Sync 1 DAGs
[2025-02-28T22:43:02.767+0200] {logging_mixin.py:190} INFO - [2025-02-28T22:43:02.767+0200] {dag.py:4180} INFO - Setting next_dagrun for tutorial_taskflow_templates to 2025-02-27 00:00:00+00:00, run_after=2025-02-28 00:00:00+00:00
[2025-02-28T22:43:02.773+0200] {processor.py:208} INFO - Processing /Users/nampham/.pyenv/versions/3.12.9/lib/python3.12/site-packages/airflow/example_dags/tutorial_taskflow_templates.py took 0.089 seconds
[2025-02-28T22:44:20.783+0200] {processor.py:186} INFO - Started process (PID=21537) to work on /Users/nampham/.pyenv/versions/3.12.9/lib/python3.12/site-packages/airflow/example_dags/tutorial_taskflow_templates.py
[2025-02-28T22:44:20.784+0200] {processor.py:914} INFO - Processing file /Users/nampham/.pyenv/versions/3.12.9/lib/python3.12/site-packages/airflow/example_dags/tutorial_taskflow_templates.py for tasks to queue
[2025-02-28T22:44:20.784+0200] {logging_mixin.py:190} INFO - [2025-02-28T22:44:20.784+0200] {dagbag.py:588} INFO - Filling up the DagBag from /Users/nampham/.pyenv/versions/3.12.9/lib/python3.12/site-packages/airflow/example_dags/tutorial_taskflow_templates.py
[2025-02-28T22:44:20.823+0200] {processor.py:925} INFO - DAG(s) 'tutorial_taskflow_templates' retrieved from /Users/nampham/.pyenv/versions/3.12.9/lib/python3.12/site-packages/airflow/example_dags/tutorial_taskflow_templates.py
[2025-02-28T22:44:20.858+0200] {logging_mixin.py:190} INFO - [2025-02-28T22:44:20.857+0200] {dag.py:3239} INFO - Sync 1 DAGs
[2025-02-28T22:44:20.864+0200] {logging_mixin.py:190} INFO - [2025-02-28T22:44:20.864+0200] {dag.py:4180} INFO - Setting next_dagrun for tutorial_taskflow_templates to 2025-02-27 00:00:00+00:00, run_after=2025-02-28 00:00:00+00:00
[2025-02-28T22:44:20.870+0200] {processor.py:208} INFO - Processing /Users/nampham/.pyenv/versions/3.12.9/lib/python3.12/site-packages/airflow/example_dags/tutorial_taskflow_templates.py took 0.089 seconds
[2025-02-28T22:46:02.501+0200] {processor.py:186} INFO - Started process (PID=21883) to work on /Users/nampham/.pyenv/versions/3.12.9/lib/python3.12/site-packages/airflow/example_dags/tutorial_taskflow_templates.py
[2025-02-28T22:46:02.503+0200] {processor.py:914} INFO - Processing file /Users/nampham/.pyenv/versions/3.12.9/lib/python3.12/site-packages/airflow/example_dags/tutorial_taskflow_templates.py for tasks to queue
[2025-02-28T22:46:02.503+0200] {logging_mixin.py:190} INFO - [2025-02-28T22:46:02.503+0200] {dagbag.py:588} INFO - Filling up the DagBag from /Users/nampham/.pyenv/versions/3.12.9/lib/python3.12/site-packages/airflow/example_dags/tutorial_taskflow_templates.py
[2025-02-28T22:46:02.541+0200] {processor.py:925} INFO - DAG(s) 'tutorial_taskflow_templates' retrieved from /Users/nampham/.pyenv/versions/3.12.9/lib/python3.12/site-packages/airflow/example_dags/tutorial_taskflow_templates.py
[2025-02-28T22:46:02.574+0200] {logging_mixin.py:190} INFO - [2025-02-28T22:46:02.574+0200] {dag.py:3239} INFO - Sync 1 DAGs
[2025-02-28T22:46:02.580+0200] {logging_mixin.py:190} INFO - [2025-02-28T22:46:02.580+0200] {dag.py:4180} INFO - Setting next_dagrun for tutorial_taskflow_templates to 2025-02-27 00:00:00+00:00, run_after=2025-02-28 00:00:00+00:00
[2025-02-28T22:46:02.587+0200] {processor.py:208} INFO - Processing /Users/nampham/.pyenv/versions/3.12.9/lib/python3.12/site-packages/airflow/example_dags/tutorial_taskflow_templates.py took 0.086 seconds
[2025-02-28T22:47:32.366+0200] {processor.py:186} INFO - Started process (PID=22173) to work on /Users/nampham/.pyenv/versions/3.12.9/lib/python3.12/site-packages/airflow/example_dags/tutorial_taskflow_templates.py
[2025-02-28T22:47:32.368+0200] {processor.py:914} INFO - Processing file /Users/nampham/.pyenv/versions/3.12.9/lib/python3.12/site-packages/airflow/example_dags/tutorial_taskflow_templates.py for tasks to queue
[2025-02-28T22:47:32.368+0200] {logging_mixin.py:190} INFO - [2025-02-28T22:47:32.368+0200] {dagbag.py:588} INFO - Filling up the DagBag from /Users/nampham/.pyenv/versions/3.12.9/lib/python3.12/site-packages/airflow/example_dags/tutorial_taskflow_templates.py
[2025-02-28T22:47:32.406+0200] {processor.py:925} INFO - DAG(s) 'tutorial_taskflow_templates' retrieved from /Users/nampham/.pyenv/versions/3.12.9/lib/python3.12/site-packages/airflow/example_dags/tutorial_taskflow_templates.py
[2025-02-28T22:47:32.440+0200] {logging_mixin.py:190} INFO - [2025-02-28T22:47:32.439+0200] {dag.py:3239} INFO - Sync 1 DAGs
[2025-02-28T22:47:32.446+0200] {logging_mixin.py:190} INFO - [2025-02-28T22:47:32.446+0200] {dag.py:4180} INFO - Setting next_dagrun for tutorial_taskflow_templates to 2025-02-27 00:00:00+00:00, run_after=2025-02-28 00:00:00+00:00
[2025-02-28T22:47:32.452+0200] {processor.py:208} INFO - Processing /Users/nampham/.pyenv/versions/3.12.9/lib/python3.12/site-packages/airflow/example_dags/tutorial_taskflow_templates.py took 0.087 seconds
[2025-02-28T22:54:19.112+0200] {processor.py:186} INFO - Started process (PID=22605) to work on /Users/nampham/.pyenv/versions/3.12.9/lib/python3.12/site-packages/airflow/example_dags/tutorial_taskflow_templates.py
[2025-02-28T22:54:19.113+0200] {processor.py:914} INFO - Processing file /Users/nampham/.pyenv/versions/3.12.9/lib/python3.12/site-packages/airflow/example_dags/tutorial_taskflow_templates.py for tasks to queue
[2025-02-28T22:54:19.114+0200] {logging_mixin.py:190} INFO - [2025-02-28T22:54:19.114+0200] {dagbag.py:588} INFO - Filling up the DagBag from /Users/nampham/.pyenv/versions/3.12.9/lib/python3.12/site-packages/airflow/example_dags/tutorial_taskflow_templates.py
[2025-02-28T22:54:19.161+0200] {processor.py:925} INFO - DAG(s) 'tutorial_taskflow_templates' retrieved from /Users/nampham/.pyenv/versions/3.12.9/lib/python3.12/site-packages/airflow/example_dags/tutorial_taskflow_templates.py
[2025-02-28T22:54:19.196+0200] {logging_mixin.py:190} INFO - [2025-02-28T22:54:19.196+0200] {dag.py:3239} INFO - Sync 1 DAGs
[2025-02-28T22:54:19.202+0200] {logging_mixin.py:190} INFO - [2025-02-28T22:54:19.202+0200] {dag.py:4180} INFO - Setting next_dagrun for tutorial_taskflow_templates to 2025-02-27 00:00:00+00:00, run_after=2025-02-28 00:00:00+00:00
[2025-02-28T22:54:19.208+0200] {processor.py:208} INFO - Processing /Users/nampham/.pyenv/versions/3.12.9/lib/python3.12/site-packages/airflow/example_dags/tutorial_taskflow_templates.py took 0.098 seconds
[2025-02-28T22:56:03.101+0200] {processor.py:186} INFO - Started process (PID=22977) to work on /Users/nampham/.pyenv/versions/3.12.9/lib/python3.12/site-packages/airflow/example_dags/tutorial_taskflow_templates.py
[2025-02-28T22:56:03.102+0200] {processor.py:914} INFO - Processing file /Users/nampham/.pyenv/versions/3.12.9/lib/python3.12/site-packages/airflow/example_dags/tutorial_taskflow_templates.py for tasks to queue
[2025-02-28T22:56:03.102+0200] {logging_mixin.py:190} INFO - [2025-02-28T22:56:03.102+0200] {dagbag.py:588} INFO - Filling up the DagBag from /Users/nampham/.pyenv/versions/3.12.9/lib/python3.12/site-packages/airflow/example_dags/tutorial_taskflow_templates.py
[2025-02-28T22:56:03.140+0200] {processor.py:925} INFO - DAG(s) 'tutorial_taskflow_templates' retrieved from /Users/nampham/.pyenv/versions/3.12.9/lib/python3.12/site-packages/airflow/example_dags/tutorial_taskflow_templates.py
[2025-02-28T22:56:03.173+0200] {logging_mixin.py:190} INFO - [2025-02-28T22:56:03.173+0200] {dag.py:3239} INFO - Sync 1 DAGs
[2025-02-28T22:56:03.179+0200] {logging_mixin.py:190} INFO - [2025-02-28T22:56:03.179+0200] {dag.py:4180} INFO - Setting next_dagrun for tutorial_taskflow_templates to 2025-02-27 00:00:00+00:00, run_after=2025-02-28 00:00:00+00:00
[2025-02-28T22:56:03.185+0200] {processor.py:208} INFO - Processing /Users/nampham/.pyenv/versions/3.12.9/lib/python3.12/site-packages/airflow/example_dags/tutorial_taskflow_templates.py took 0.086 seconds
[2025-02-28T22:57:31.252+0200] {processor.py:186} INFO - Started process (PID=23265) to work on /Users/nampham/.pyenv/versions/3.12.9/lib/python3.12/site-packages/airflow/example_dags/tutorial_taskflow_templates.py
[2025-02-28T22:57:31.253+0200] {processor.py:914} INFO - Processing file /Users/nampham/.pyenv/versions/3.12.9/lib/python3.12/site-packages/airflow/example_dags/tutorial_taskflow_templates.py for tasks to queue
[2025-02-28T22:57:31.253+0200] {logging_mixin.py:190} INFO - [2025-02-28T22:57:31.253+0200] {dagbag.py:588} INFO - Filling up the DagBag from /Users/nampham/.pyenv/versions/3.12.9/lib/python3.12/site-packages/airflow/example_dags/tutorial_taskflow_templates.py
[2025-02-28T22:57:31.291+0200] {processor.py:925} INFO - DAG(s) 'tutorial_taskflow_templates' retrieved from /Users/nampham/.pyenv/versions/3.12.9/lib/python3.12/site-packages/airflow/example_dags/tutorial_taskflow_templates.py
[2025-02-28T22:57:31.325+0200] {logging_mixin.py:190} INFO - [2025-02-28T22:57:31.325+0200] {dag.py:3239} INFO - Sync 1 DAGs
[2025-02-28T22:57:31.331+0200] {logging_mixin.py:190} INFO - [2025-02-28T22:57:31.331+0200] {dag.py:4180} INFO - Setting next_dagrun for tutorial_taskflow_templates to 2025-02-27 00:00:00+00:00, run_after=2025-02-28 00:00:00+00:00
[2025-02-28T22:57:31.338+0200] {processor.py:208} INFO - Processing /Users/nampham/.pyenv/versions/3.12.9/lib/python3.12/site-packages/airflow/example_dags/tutorial_taskflow_templates.py took 0.087 seconds
[2025-02-28T22:58:48.757+0200] {processor.py:186} INFO - Started process (PID=23515) to work on /Users/nampham/.pyenv/versions/3.12.9/lib/python3.12/site-packages/airflow/example_dags/tutorial_taskflow_templates.py
[2025-02-28T22:58:48.757+0200] {processor.py:914} INFO - Processing file /Users/nampham/.pyenv/versions/3.12.9/lib/python3.12/site-packages/airflow/example_dags/tutorial_taskflow_templates.py for tasks to queue
[2025-02-28T22:58:48.758+0200] {logging_mixin.py:190} INFO - [2025-02-28T22:58:48.758+0200] {dagbag.py:588} INFO - Filling up the DagBag from /Users/nampham/.pyenv/versions/3.12.9/lib/python3.12/site-packages/airflow/example_dags/tutorial_taskflow_templates.py
[2025-02-28T22:58:48.799+0200] {processor.py:925} INFO - DAG(s) 'tutorial_taskflow_templates' retrieved from /Users/nampham/.pyenv/versions/3.12.9/lib/python3.12/site-packages/airflow/example_dags/tutorial_taskflow_templates.py
[2025-02-28T22:58:48.832+0200] {logging_mixin.py:190} INFO - [2025-02-28T22:58:48.832+0200] {dag.py:3239} INFO - Sync 1 DAGs
[2025-02-28T22:58:48.838+0200] {logging_mixin.py:190} INFO - [2025-02-28T22:58:48.838+0200] {dag.py:4180} INFO - Setting next_dagrun for tutorial_taskflow_templates to 2025-02-27 00:00:00+00:00, run_after=2025-02-28 00:00:00+00:00
[2025-02-28T22:58:48.844+0200] {processor.py:208} INFO - Processing /Users/nampham/.pyenv/versions/3.12.9/lib/python3.12/site-packages/airflow/example_dags/tutorial_taskflow_templates.py took 0.089 seconds
[2025-02-28T23:00:25.020+0200] {processor.py:186} INFO - Started process (PID=23856) to work on /Users/nampham/.pyenv/versions/3.12.9/lib/python3.12/site-packages/airflow/example_dags/tutorial_taskflow_templates.py
[2025-02-28T23:00:25.021+0200] {processor.py:914} INFO - Processing file /Users/nampham/.pyenv/versions/3.12.9/lib/python3.12/site-packages/airflow/example_dags/tutorial_taskflow_templates.py for tasks to queue
[2025-02-28T23:00:25.021+0200] {logging_mixin.py:190} INFO - [2025-02-28T23:00:25.021+0200] {dagbag.py:588} INFO - Filling up the DagBag from /Users/nampham/.pyenv/versions/3.12.9/lib/python3.12/site-packages/airflow/example_dags/tutorial_taskflow_templates.py
[2025-02-28T23:00:25.060+0200] {processor.py:925} INFO - DAG(s) 'tutorial_taskflow_templates' retrieved from /Users/nampham/.pyenv/versions/3.12.9/lib/python3.12/site-packages/airflow/example_dags/tutorial_taskflow_templates.py
[2025-02-28T23:00:25.094+0200] {logging_mixin.py:190} INFO - [2025-02-28T23:00:25.094+0200] {dag.py:3239} INFO - Sync 1 DAGs
[2025-02-28T23:00:25.100+0200] {logging_mixin.py:190} INFO - [2025-02-28T23:00:25.100+0200] {dag.py:4180} INFO - Setting next_dagrun for tutorial_taskflow_templates to 2025-02-27 00:00:00+00:00, run_after=2025-02-28 00:00:00+00:00
[2025-02-28T23:00:25.106+0200] {processor.py:208} INFO - Processing /Users/nampham/.pyenv/versions/3.12.9/lib/python3.12/site-packages/airflow/example_dags/tutorial_taskflow_templates.py took 0.088 seconds
[2025-02-28T23:01:46.300+0200] {processor.py:186} INFO - Started process (PID=24129) to work on /Users/nampham/.pyenv/versions/3.12.9/lib/python3.12/site-packages/airflow/example_dags/tutorial_taskflow_templates.py
[2025-02-28T23:01:46.300+0200] {processor.py:914} INFO - Processing file /Users/nampham/.pyenv/versions/3.12.9/lib/python3.12/site-packages/airflow/example_dags/tutorial_taskflow_templates.py for tasks to queue
[2025-02-28T23:01:46.301+0200] {logging_mixin.py:190} INFO - [2025-02-28T23:01:46.301+0200] {dagbag.py:588} INFO - Filling up the DagBag from /Users/nampham/.pyenv/versions/3.12.9/lib/python3.12/site-packages/airflow/example_dags/tutorial_taskflow_templates.py
[2025-02-28T23:01:46.338+0200] {processor.py:925} INFO - DAG(s) 'tutorial_taskflow_templates' retrieved from /Users/nampham/.pyenv/versions/3.12.9/lib/python3.12/site-packages/airflow/example_dags/tutorial_taskflow_templates.py
[2025-02-28T23:01:46.371+0200] {logging_mixin.py:190} INFO - [2025-02-28T23:01:46.371+0200] {dag.py:3239} INFO - Sync 1 DAGs
[2025-02-28T23:01:46.377+0200] {logging_mixin.py:190} INFO - [2025-02-28T23:01:46.377+0200] {dag.py:4180} INFO - Setting next_dagrun for tutorial_taskflow_templates to 2025-02-27 00:00:00+00:00, run_after=2025-02-28 00:00:00+00:00
[2025-02-28T23:01:46.384+0200] {processor.py:208} INFO - Processing /Users/nampham/.pyenv/versions/3.12.9/lib/python3.12/site-packages/airflow/example_dags/tutorial_taskflow_templates.py took 0.085 seconds
