[2025-02-28T18:24:32.042+0200] {processor.py:186} INFO - Started process (PID=93086) to work on /Users/nampham/.pyenv/versions/3.12.9/lib/python3.12/site-packages/airflow/example_dags/tutorial_objectstorage.py
[2025-02-28T18:24:32.043+0200] {processor.py:914} INFO - Processing file /Users/nampham/.pyenv/versions/3.12.9/lib/python3.12/site-packages/airflow/example_dags/tutorial_objectstorage.py for tasks to queue
[2025-02-28T18:24:32.044+0200] {logging_mixin.py:190} INFO - [2025-02-28T18:24:32.044+0200] {dagbag.py:588} INFO - Filling up the DagBag from /Users/nampham/.pyenv/versions/3.12.9/lib/python3.12/site-packages/airflow/example_dags/tutorial_objectstorage.py
[2025-02-28T18:24:32.081+0200] {processor.py:925} INFO - DAG(s) 'tutorial_objectstorage' retrieved from /Users/nampham/.pyenv/versions/3.12.9/lib/python3.12/site-packages/airflow/example_dags/tutorial_objectstorage.py
[2025-02-28T18:24:32.144+0200] {logging_mixin.py:190} INFO - [2025-02-28T18:24:32.144+0200] {override.py:1930} INFO - Created Permission View: can edit on DAG:tutorial_objectstorage
[2025-02-28T18:24:32.147+0200] {logging_mixin.py:190} INFO - [2025-02-28T18:24:32.147+0200] {override.py:1930} INFO - Created Permission View: can delete on DAG:tutorial_objectstorage
[2025-02-28T18:24:32.149+0200] {logging_mixin.py:190} INFO - [2025-02-28T18:24:32.149+0200] {override.py:1930} INFO - Created Permission View: can read on DAG:tutorial_objectstorage
[2025-02-28T18:24:32.151+0200] {logging_mixin.py:190} INFO - [2025-02-28T18:24:32.151+0200] {override.py:1930} INFO - Created Permission View: menu access on DAG Run:tutorial_objectstorage
[2025-02-28T18:24:32.153+0200] {logging_mixin.py:190} INFO - [2025-02-28T18:24:32.153+0200] {override.py:1930} INFO - Created Permission View: can delete on DAG Run:tutorial_objectstorage
[2025-02-28T18:24:32.155+0200] {logging_mixin.py:190} INFO - [2025-02-28T18:24:32.155+0200] {override.py:1930} INFO - Created Permission View: can create on DAG Run:tutorial_objectstorage
[2025-02-28T18:24:32.157+0200] {logging_mixin.py:190} INFO - [2025-02-28T18:24:32.156+0200] {override.py:1930} INFO - Created Permission View: can read on DAG Run:tutorial_objectstorage
[2025-02-28T18:24:32.157+0200] {logging_mixin.py:190} INFO - [2025-02-28T18:24:32.157+0200] {dag.py:3239} INFO - Sync 1 DAGs
[2025-02-28T18:24:32.161+0200] {logging_mixin.py:190} INFO - [2025-02-28T18:24:32.161+0200] {dag.py:3262} INFO - Creating ORM DAG for tutorial_objectstorage
[2025-02-28T18:24:32.162+0200] {logging_mixin.py:190} INFO - [2025-02-28T18:24:32.161+0200] {dag.py:4180} INFO - Setting next_dagrun for tutorial_objectstorage to None, run_after=None
[2025-02-28T18:24:32.167+0200] {processor.py:208} INFO - Processing /Users/nampham/.pyenv/versions/3.12.9/lib/python3.12/site-packages/airflow/example_dags/tutorial_objectstorage.py took 0.125 seconds
[2025-02-28T18:26:20.513+0200] {processor.py:186} INFO - Started process (PID=93545) to work on /Users/nampham/.pyenv/versions/3.12.9/lib/python3.12/site-packages/airflow/example_dags/tutorial_objectstorage.py
[2025-02-28T18:26:20.514+0200] {processor.py:914} INFO - Processing file /Users/nampham/.pyenv/versions/3.12.9/lib/python3.12/site-packages/airflow/example_dags/tutorial_objectstorage.py for tasks to queue
[2025-02-28T18:26:20.515+0200] {logging_mixin.py:190} INFO - [2025-02-28T18:26:20.515+0200] {dagbag.py:588} INFO - Filling up the DagBag from /Users/nampham/.pyenv/versions/3.12.9/lib/python3.12/site-packages/airflow/example_dags/tutorial_objectstorage.py
[2025-02-28T18:26:20.555+0200] {processor.py:925} INFO - DAG(s) 'tutorial_objectstorage' retrieved from /Users/nampham/.pyenv/versions/3.12.9/lib/python3.12/site-packages/airflow/example_dags/tutorial_objectstorage.py
[2025-02-28T18:26:20.589+0200] {logging_mixin.py:190} INFO - [2025-02-28T18:26:20.589+0200] {dag.py:3239} INFO - Sync 1 DAGs
[2025-02-28T18:26:20.592+0200] {logging_mixin.py:190} INFO - [2025-02-28T18:26:20.592+0200] {dag.py:4180} INFO - Setting next_dagrun for tutorial_objectstorage to None, run_after=None
[2025-02-28T18:26:20.599+0200] {processor.py:208} INFO - Processing /Users/nampham/.pyenv/versions/3.12.9/lib/python3.12/site-packages/airflow/example_dags/tutorial_objectstorage.py took 0.087 seconds
[2025-02-28T18:27:41.975+0200] {processor.py:186} INFO - Started process (PID=93856) to work on /Users/nampham/.pyenv/versions/3.12.9/lib/python3.12/site-packages/airflow/example_dags/tutorial_objectstorage.py
[2025-02-28T18:27:41.976+0200] {processor.py:914} INFO - Processing file /Users/nampham/.pyenv/versions/3.12.9/lib/python3.12/site-packages/airflow/example_dags/tutorial_objectstorage.py for tasks to queue
[2025-02-28T18:27:41.977+0200] {logging_mixin.py:190} INFO - [2025-02-28T18:27:41.977+0200] {dagbag.py:588} INFO - Filling up the DagBag from /Users/nampham/.pyenv/versions/3.12.9/lib/python3.12/site-packages/airflow/example_dags/tutorial_objectstorage.py
[2025-02-28T18:27:42.018+0200] {processor.py:925} INFO - DAG(s) 'tutorial_objectstorage' retrieved from /Users/nampham/.pyenv/versions/3.12.9/lib/python3.12/site-packages/airflow/example_dags/tutorial_objectstorage.py
[2025-02-28T18:27:42.053+0200] {logging_mixin.py:190} INFO - [2025-02-28T18:27:42.053+0200] {dag.py:3239} INFO - Sync 1 DAGs
[2025-02-28T18:27:42.056+0200] {logging_mixin.py:190} INFO - [2025-02-28T18:27:42.056+0200] {dag.py:4180} INFO - Setting next_dagrun for tutorial_objectstorage to None, run_after=None
[2025-02-28T18:27:42.063+0200] {processor.py:208} INFO - Processing /Users/nampham/.pyenv/versions/3.12.9/lib/python3.12/site-packages/airflow/example_dags/tutorial_objectstorage.py took 0.089 seconds
[2025-02-28T18:29:01.565+0200] {processor.py:186} INFO - Started process (PID=94190) to work on /Users/nampham/.pyenv/versions/3.12.9/lib/python3.12/site-packages/airflow/example_dags/tutorial_objectstorage.py
[2025-02-28T18:29:01.566+0200] {processor.py:914} INFO - Processing file /Users/nampham/.pyenv/versions/3.12.9/lib/python3.12/site-packages/airflow/example_dags/tutorial_objectstorage.py for tasks to queue
[2025-02-28T18:29:01.567+0200] {logging_mixin.py:190} INFO - [2025-02-28T18:29:01.567+0200] {dagbag.py:588} INFO - Filling up the DagBag from /Users/nampham/.pyenv/versions/3.12.9/lib/python3.12/site-packages/airflow/example_dags/tutorial_objectstorage.py
[2025-02-28T18:29:01.612+0200] {processor.py:925} INFO - DAG(s) 'tutorial_objectstorage' retrieved from /Users/nampham/.pyenv/versions/3.12.9/lib/python3.12/site-packages/airflow/example_dags/tutorial_objectstorage.py
[2025-02-28T18:29:01.655+0200] {logging_mixin.py:190} INFO - [2025-02-28T18:29:01.654+0200] {dag.py:3239} INFO - Sync 1 DAGs
[2025-02-28T18:29:01.658+0200] {logging_mixin.py:190} INFO - [2025-02-28T18:29:01.658+0200] {dag.py:4180} INFO - Setting next_dagrun for tutorial_objectstorage to None, run_after=None
[2025-02-28T18:29:01.666+0200] {processor.py:208} INFO - Processing /Users/nampham/.pyenv/versions/3.12.9/lib/python3.12/site-packages/airflow/example_dags/tutorial_objectstorage.py took 0.103 seconds
[2025-02-28T18:30:23.221+0200] {processor.py:186} INFO - Started process (PID=94494) to work on /Users/nampham/.pyenv/versions/3.12.9/lib/python3.12/site-packages/airflow/example_dags/tutorial_objectstorage.py
[2025-02-28T18:30:23.222+0200] {processor.py:914} INFO - Processing file /Users/nampham/.pyenv/versions/3.12.9/lib/python3.12/site-packages/airflow/example_dags/tutorial_objectstorage.py for tasks to queue
[2025-02-28T18:30:23.222+0200] {logging_mixin.py:190} INFO - [2025-02-28T18:30:23.222+0200] {dagbag.py:588} INFO - Filling up the DagBag from /Users/nampham/.pyenv/versions/3.12.9/lib/python3.12/site-packages/airflow/example_dags/tutorial_objectstorage.py
[2025-02-28T18:30:23.269+0200] {processor.py:925} INFO - DAG(s) 'tutorial_objectstorage' retrieved from /Users/nampham/.pyenv/versions/3.12.9/lib/python3.12/site-packages/airflow/example_dags/tutorial_objectstorage.py
[2025-02-28T18:30:23.308+0200] {logging_mixin.py:190} INFO - [2025-02-28T18:30:23.308+0200] {dag.py:3239} INFO - Sync 1 DAGs
[2025-02-28T18:30:23.312+0200] {logging_mixin.py:190} INFO - [2025-02-28T18:30:23.312+0200] {dag.py:4180} INFO - Setting next_dagrun for tutorial_objectstorage to None, run_after=None
[2025-02-28T18:30:23.319+0200] {processor.py:208} INFO - Processing /Users/nampham/.pyenv/versions/3.12.9/lib/python3.12/site-packages/airflow/example_dags/tutorial_objectstorage.py took 0.100 seconds
[2025-02-28T18:31:56.716+0200] {processor.py:186} INFO - Started process (PID=94915) to work on /Users/nampham/.pyenv/versions/3.12.9/lib/python3.12/site-packages/airflow/example_dags/tutorial_objectstorage.py
[2025-02-28T18:31:56.717+0200] {processor.py:914} INFO - Processing file /Users/nampham/.pyenv/versions/3.12.9/lib/python3.12/site-packages/airflow/example_dags/tutorial_objectstorage.py for tasks to queue
[2025-02-28T18:31:56.718+0200] {logging_mixin.py:190} INFO - [2025-02-28T18:31:56.718+0200] {dagbag.py:588} INFO - Filling up the DagBag from /Users/nampham/.pyenv/versions/3.12.9/lib/python3.12/site-packages/airflow/example_dags/tutorial_objectstorage.py
[2025-02-28T18:31:56.755+0200] {processor.py:925} INFO - DAG(s) 'tutorial_objectstorage' retrieved from /Users/nampham/.pyenv/versions/3.12.9/lib/python3.12/site-packages/airflow/example_dags/tutorial_objectstorage.py
[2025-02-28T18:31:56.788+0200] {logging_mixin.py:190} INFO - [2025-02-28T18:31:56.788+0200] {dag.py:3239} INFO - Sync 1 DAGs
[2025-02-28T18:31:56.792+0200] {logging_mixin.py:190} INFO - [2025-02-28T18:31:56.791+0200] {dag.py:4180} INFO - Setting next_dagrun for tutorial_objectstorage to None, run_after=None
[2025-02-28T18:31:56.798+0200] {processor.py:208} INFO - Processing /Users/nampham/.pyenv/versions/3.12.9/lib/python3.12/site-packages/airflow/example_dags/tutorial_objectstorage.py took 0.083 seconds
[2025-02-28T20:10:45.651+0200] {processor.py:186} INFO - Started process (PID=97197) to work on /Users/nampham/.pyenv/versions/3.12.9/lib/python3.12/site-packages/airflow/example_dags/tutorial_objectstorage.py
[2025-02-28T20:10:45.652+0200] {processor.py:914} INFO - Processing file /Users/nampham/.pyenv/versions/3.12.9/lib/python3.12/site-packages/airflow/example_dags/tutorial_objectstorage.py for tasks to queue
[2025-02-28T20:10:45.653+0200] {logging_mixin.py:190} INFO - [2025-02-28T20:10:45.652+0200] {dagbag.py:588} INFO - Filling up the DagBag from /Users/nampham/.pyenv/versions/3.12.9/lib/python3.12/site-packages/airflow/example_dags/tutorial_objectstorage.py
[2025-02-28T20:10:45.689+0200] {processor.py:925} INFO - DAG(s) 'tutorial_objectstorage' retrieved from /Users/nampham/.pyenv/versions/3.12.9/lib/python3.12/site-packages/airflow/example_dags/tutorial_objectstorage.py
[2025-02-28T20:10:45.752+0200] {logging_mixin.py:190} INFO - [2025-02-28T20:10:45.752+0200] {dag.py:3239} INFO - Sync 1 DAGs
[2025-02-28T20:10:45.755+0200] {logging_mixin.py:190} INFO - [2025-02-28T20:10:45.755+0200] {dag.py:4180} INFO - Setting next_dagrun for tutorial_objectstorage to None, run_after=None
[2025-02-28T20:10:45.762+0200] {processor.py:208} INFO - Processing /Users/nampham/.pyenv/versions/3.12.9/lib/python3.12/site-packages/airflow/example_dags/tutorial_objectstorage.py took 0.112 seconds
[2025-02-28T20:12:33.945+0200] {processor.py:186} INFO - Started process (PID=97789) to work on /Users/nampham/.pyenv/versions/3.12.9/lib/python3.12/site-packages/airflow/example_dags/tutorial_objectstorage.py
[2025-02-28T20:12:33.945+0200] {processor.py:914} INFO - Processing file /Users/nampham/.pyenv/versions/3.12.9/lib/python3.12/site-packages/airflow/example_dags/tutorial_objectstorage.py for tasks to queue
[2025-02-28T20:12:33.946+0200] {logging_mixin.py:190} INFO - [2025-02-28T20:12:33.946+0200] {dagbag.py:588} INFO - Filling up the DagBag from /Users/nampham/.pyenv/versions/3.12.9/lib/python3.12/site-packages/airflow/example_dags/tutorial_objectstorage.py
[2025-02-28T20:12:33.990+0200] {processor.py:925} INFO - DAG(s) 'tutorial_objectstorage' retrieved from /Users/nampham/.pyenv/versions/3.12.9/lib/python3.12/site-packages/airflow/example_dags/tutorial_objectstorage.py
[2025-02-28T20:12:34.025+0200] {logging_mixin.py:190} INFO - [2025-02-28T20:12:34.025+0200] {dag.py:3239} INFO - Sync 1 DAGs
[2025-02-28T20:12:34.029+0200] {logging_mixin.py:190} INFO - [2025-02-28T20:12:34.029+0200] {dag.py:4180} INFO - Setting next_dagrun for tutorial_objectstorage to None, run_after=None
[2025-02-28T20:12:34.035+0200] {processor.py:208} INFO - Processing /Users/nampham/.pyenv/versions/3.12.9/lib/python3.12/site-packages/airflow/example_dags/tutorial_objectstorage.py took 0.092 seconds
[2025-02-28T20:14:24.387+0200] {processor.py:186} INFO - Started process (PID=98263) to work on /Users/nampham/.pyenv/versions/3.12.9/lib/python3.12/site-packages/airflow/example_dags/tutorial_objectstorage.py
[2025-02-28T20:14:24.388+0200] {processor.py:914} INFO - Processing file /Users/nampham/.pyenv/versions/3.12.9/lib/python3.12/site-packages/airflow/example_dags/tutorial_objectstorage.py for tasks to queue
[2025-02-28T20:14:24.389+0200] {logging_mixin.py:190} INFO - [2025-02-28T20:14:24.389+0200] {dagbag.py:588} INFO - Filling up the DagBag from /Users/nampham/.pyenv/versions/3.12.9/lib/python3.12/site-packages/airflow/example_dags/tutorial_objectstorage.py
[2025-02-28T20:14:24.425+0200] {processor.py:925} INFO - DAG(s) 'tutorial_objectstorage' retrieved from /Users/nampham/.pyenv/versions/3.12.9/lib/python3.12/site-packages/airflow/example_dags/tutorial_objectstorage.py
[2025-02-28T20:14:24.459+0200] {logging_mixin.py:190} INFO - [2025-02-28T20:14:24.459+0200] {dag.py:3239} INFO - Sync 1 DAGs
[2025-02-28T20:14:24.463+0200] {logging_mixin.py:190} INFO - [2025-02-28T20:14:24.463+0200] {dag.py:4180} INFO - Setting next_dagrun for tutorial_objectstorage to None, run_after=None
[2025-02-28T20:14:24.469+0200] {processor.py:208} INFO - Processing /Users/nampham/.pyenv/versions/3.12.9/lib/python3.12/site-packages/airflow/example_dags/tutorial_objectstorage.py took 0.083 seconds
[2025-02-28T20:15:45.362+0200] {processor.py:186} INFO - Started process (PID=98550) to work on /Users/nampham/.pyenv/versions/3.12.9/lib/python3.12/site-packages/airflow/example_dags/tutorial_objectstorage.py
[2025-02-28T20:15:45.363+0200] {processor.py:914} INFO - Processing file /Users/nampham/.pyenv/versions/3.12.9/lib/python3.12/site-packages/airflow/example_dags/tutorial_objectstorage.py for tasks to queue
[2025-02-28T20:15:45.364+0200] {logging_mixin.py:190} INFO - [2025-02-28T20:15:45.363+0200] {dagbag.py:588} INFO - Filling up the DagBag from /Users/nampham/.pyenv/versions/3.12.9/lib/python3.12/site-packages/airflow/example_dags/tutorial_objectstorage.py
[2025-02-28T20:15:45.400+0200] {processor.py:925} INFO - DAG(s) 'tutorial_objectstorage' retrieved from /Users/nampham/.pyenv/versions/3.12.9/lib/python3.12/site-packages/airflow/example_dags/tutorial_objectstorage.py
[2025-02-28T20:15:45.433+0200] {logging_mixin.py:190} INFO - [2025-02-28T20:15:45.433+0200] {dag.py:3239} INFO - Sync 1 DAGs
[2025-02-28T20:15:45.437+0200] {logging_mixin.py:190} INFO - [2025-02-28T20:15:45.437+0200] {dag.py:4180} INFO - Setting next_dagrun for tutorial_objectstorage to None, run_after=None
[2025-02-28T20:15:45.443+0200] {processor.py:208} INFO - Processing /Users/nampham/.pyenv/versions/3.12.9/lib/python3.12/site-packages/airflow/example_dags/tutorial_objectstorage.py took 0.082 seconds
[2025-02-28T20:17:01.584+0200] {processor.py:186} INFO - Started process (PID=98840) to work on /Users/nampham/.pyenv/versions/3.12.9/lib/python3.12/site-packages/airflow/example_dags/tutorial_objectstorage.py
[2025-02-28T20:17:01.585+0200] {processor.py:914} INFO - Processing file /Users/nampham/.pyenv/versions/3.12.9/lib/python3.12/site-packages/airflow/example_dags/tutorial_objectstorage.py for tasks to queue
[2025-02-28T20:17:01.586+0200] {logging_mixin.py:190} INFO - [2025-02-28T20:17:01.586+0200] {dagbag.py:588} INFO - Filling up the DagBag from /Users/nampham/.pyenv/versions/3.12.9/lib/python3.12/site-packages/airflow/example_dags/tutorial_objectstorage.py
[2025-02-28T20:17:01.624+0200] {processor.py:925} INFO - DAG(s) 'tutorial_objectstorage' retrieved from /Users/nampham/.pyenv/versions/3.12.9/lib/python3.12/site-packages/airflow/example_dags/tutorial_objectstorage.py
[2025-02-28T20:17:01.657+0200] {logging_mixin.py:190} INFO - [2025-02-28T20:17:01.657+0200] {dag.py:3239} INFO - Sync 1 DAGs
[2025-02-28T20:17:01.661+0200] {logging_mixin.py:190} INFO - [2025-02-28T20:17:01.661+0200] {dag.py:4180} INFO - Setting next_dagrun for tutorial_objectstorage to None, run_after=None
[2025-02-28T20:17:01.667+0200] {processor.py:208} INFO - Processing /Users/nampham/.pyenv/versions/3.12.9/lib/python3.12/site-packages/airflow/example_dags/tutorial_objectstorage.py took 0.084 seconds
[2025-02-28T20:18:15.929+0200] {processor.py:186} INFO - Started process (PID=99192) to work on /Users/nampham/.pyenv/versions/3.12.9/lib/python3.12/site-packages/airflow/example_dags/tutorial_objectstorage.py
[2025-02-28T20:18:15.930+0200] {processor.py:914} INFO - Processing file /Users/nampham/.pyenv/versions/3.12.9/lib/python3.12/site-packages/airflow/example_dags/tutorial_objectstorage.py for tasks to queue
[2025-02-28T20:18:15.931+0200] {logging_mixin.py:190} INFO - [2025-02-28T20:18:15.931+0200] {dagbag.py:588} INFO - Filling up the DagBag from /Users/nampham/.pyenv/versions/3.12.9/lib/python3.12/site-packages/airflow/example_dags/tutorial_objectstorage.py
[2025-02-28T20:18:15.971+0200] {processor.py:925} INFO - DAG(s) 'tutorial_objectstorage' retrieved from /Users/nampham/.pyenv/versions/3.12.9/lib/python3.12/site-packages/airflow/example_dags/tutorial_objectstorage.py
[2025-02-28T20:18:16.005+0200] {logging_mixin.py:190} INFO - [2025-02-28T20:18:16.005+0200] {dag.py:3239} INFO - Sync 1 DAGs
[2025-02-28T20:18:16.009+0200] {logging_mixin.py:190} INFO - [2025-02-28T20:18:16.008+0200] {dag.py:4180} INFO - Setting next_dagrun for tutorial_objectstorage to None, run_after=None
[2025-02-28T20:18:16.015+0200] {processor.py:208} INFO - Processing /Users/nampham/.pyenv/versions/3.12.9/lib/python3.12/site-packages/airflow/example_dags/tutorial_objectstorage.py took 0.087 seconds
[2025-02-28T20:20:08.698+0200] {processor.py:186} INFO - Started process (PID=99637) to work on /Users/nampham/.pyenv/versions/3.12.9/lib/python3.12/site-packages/airflow/example_dags/tutorial_objectstorage.py
[2025-02-28T20:20:08.699+0200] {processor.py:914} INFO - Processing file /Users/nampham/.pyenv/versions/3.12.9/lib/python3.12/site-packages/airflow/example_dags/tutorial_objectstorage.py for tasks to queue
[2025-02-28T20:20:08.700+0200] {logging_mixin.py:190} INFO - [2025-02-28T20:20:08.700+0200] {dagbag.py:588} INFO - Filling up the DagBag from /Users/nampham/.pyenv/versions/3.12.9/lib/python3.12/site-packages/airflow/example_dags/tutorial_objectstorage.py
[2025-02-28T20:20:08.737+0200] {processor.py:925} INFO - DAG(s) 'tutorial_objectstorage' retrieved from /Users/nampham/.pyenv/versions/3.12.9/lib/python3.12/site-packages/airflow/example_dags/tutorial_objectstorage.py
[2025-02-28T20:20:08.771+0200] {logging_mixin.py:190} INFO - [2025-02-28T20:20:08.771+0200] {dag.py:3239} INFO - Sync 1 DAGs
[2025-02-28T20:20:08.774+0200] {logging_mixin.py:190} INFO - [2025-02-28T20:20:08.774+0200] {dag.py:4180} INFO - Setting next_dagrun for tutorial_objectstorage to None, run_after=None
[2025-02-28T20:20:08.781+0200] {processor.py:208} INFO - Processing /Users/nampham/.pyenv/versions/3.12.9/lib/python3.12/site-packages/airflow/example_dags/tutorial_objectstorage.py took 0.084 seconds
[2025-02-28T20:21:28.728+0200] {processor.py:186} INFO - Started process (PID=99957) to work on /Users/nampham/.pyenv/versions/3.12.9/lib/python3.12/site-packages/airflow/example_dags/tutorial_objectstorage.py
[2025-02-28T20:21:28.729+0200] {processor.py:914} INFO - Processing file /Users/nampham/.pyenv/versions/3.12.9/lib/python3.12/site-packages/airflow/example_dags/tutorial_objectstorage.py for tasks to queue
[2025-02-28T20:21:28.730+0200] {logging_mixin.py:190} INFO - [2025-02-28T20:21:28.730+0200] {dagbag.py:588} INFO - Filling up the DagBag from /Users/nampham/.pyenv/versions/3.12.9/lib/python3.12/site-packages/airflow/example_dags/tutorial_objectstorage.py
[2025-02-28T20:21:28.771+0200] {processor.py:925} INFO - DAG(s) 'tutorial_objectstorage' retrieved from /Users/nampham/.pyenv/versions/3.12.9/lib/python3.12/site-packages/airflow/example_dags/tutorial_objectstorage.py
[2025-02-28T20:21:28.810+0200] {logging_mixin.py:190} INFO - [2025-02-28T20:21:28.810+0200] {dag.py:3239} INFO - Sync 1 DAGs
[2025-02-28T20:21:28.814+0200] {logging_mixin.py:190} INFO - [2025-02-28T20:21:28.814+0200] {dag.py:4180} INFO - Setting next_dagrun for tutorial_objectstorage to None, run_after=None
[2025-02-28T20:21:28.821+0200] {processor.py:208} INFO - Processing /Users/nampham/.pyenv/versions/3.12.9/lib/python3.12/site-packages/airflow/example_dags/tutorial_objectstorage.py took 0.094 seconds
[2025-02-28T20:22:43.352+0200] {processor.py:186} INFO - Started process (PID=306) to work on /Users/nampham/.pyenv/versions/3.12.9/lib/python3.12/site-packages/airflow/example_dags/tutorial_objectstorage.py
[2025-02-28T20:22:43.353+0200] {processor.py:914} INFO - Processing file /Users/nampham/.pyenv/versions/3.12.9/lib/python3.12/site-packages/airflow/example_dags/tutorial_objectstorage.py for tasks to queue
[2025-02-28T20:22:43.353+0200] {logging_mixin.py:190} INFO - [2025-02-28T20:22:43.353+0200] {dagbag.py:588} INFO - Filling up the DagBag from /Users/nampham/.pyenv/versions/3.12.9/lib/python3.12/site-packages/airflow/example_dags/tutorial_objectstorage.py
[2025-02-28T20:22:43.391+0200] {processor.py:925} INFO - DAG(s) 'tutorial_objectstorage' retrieved from /Users/nampham/.pyenv/versions/3.12.9/lib/python3.12/site-packages/airflow/example_dags/tutorial_objectstorage.py
[2025-02-28T20:22:43.424+0200] {logging_mixin.py:190} INFO - [2025-02-28T20:22:43.424+0200] {dag.py:3239} INFO - Sync 1 DAGs
[2025-02-28T20:22:43.429+0200] {logging_mixin.py:190} INFO - [2025-02-28T20:22:43.429+0200] {dag.py:4180} INFO - Setting next_dagrun for tutorial_objectstorage to None, run_after=None
[2025-02-28T20:22:43.435+0200] {processor.py:208} INFO - Processing /Users/nampham/.pyenv/versions/3.12.9/lib/python3.12/site-packages/airflow/example_dags/tutorial_objectstorage.py took 0.085 seconds
[2025-02-28T21:27:29.351+0200] {processor.py:186} INFO - Started process (PID=5419) to work on /Users/nampham/.pyenv/versions/3.12.9/lib/python3.12/site-packages/airflow/example_dags/tutorial_objectstorage.py
[2025-02-28T21:27:29.352+0200] {processor.py:914} INFO - Processing file /Users/nampham/.pyenv/versions/3.12.9/lib/python3.12/site-packages/airflow/example_dags/tutorial_objectstorage.py for tasks to queue
[2025-02-28T21:27:29.352+0200] {logging_mixin.py:190} INFO - [2025-02-28T21:27:29.352+0200] {dagbag.py:588} INFO - Filling up the DagBag from /Users/nampham/.pyenv/versions/3.12.9/lib/python3.12/site-packages/airflow/example_dags/tutorial_objectstorage.py
[2025-02-28T21:27:29.391+0200] {processor.py:925} INFO - DAG(s) 'tutorial_objectstorage' retrieved from /Users/nampham/.pyenv/versions/3.12.9/lib/python3.12/site-packages/airflow/example_dags/tutorial_objectstorage.py
[2025-02-28T21:27:29.425+0200] {logging_mixin.py:190} INFO - [2025-02-28T21:27:29.425+0200] {dag.py:3239} INFO - Sync 1 DAGs
[2025-02-28T21:27:29.428+0200] {logging_mixin.py:190} INFO - [2025-02-28T21:27:29.428+0200] {dag.py:4180} INFO - Setting next_dagrun for tutorial_objectstorage to None, run_after=None
[2025-02-28T21:27:29.435+0200] {processor.py:208} INFO - Processing /Users/nampham/.pyenv/versions/3.12.9/lib/python3.12/site-packages/airflow/example_dags/tutorial_objectstorage.py took 0.085 seconds
[2025-02-28T21:30:14.647+0200] {processor.py:186} INFO - Started process (PID=6081) to work on /Users/nampham/.pyenv/versions/3.12.9/lib/python3.12/site-packages/airflow/example_dags/tutorial_objectstorage.py
[2025-02-28T21:30:14.648+0200] {processor.py:914} INFO - Processing file /Users/nampham/.pyenv/versions/3.12.9/lib/python3.12/site-packages/airflow/example_dags/tutorial_objectstorage.py for tasks to queue
[2025-02-28T21:30:14.648+0200] {logging_mixin.py:190} INFO - [2025-02-28T21:30:14.648+0200] {dagbag.py:588} INFO - Filling up the DagBag from /Users/nampham/.pyenv/versions/3.12.9/lib/python3.12/site-packages/airflow/example_dags/tutorial_objectstorage.py
[2025-02-28T21:30:14.686+0200] {processor.py:925} INFO - DAG(s) 'tutorial_objectstorage' retrieved from /Users/nampham/.pyenv/versions/3.12.9/lib/python3.12/site-packages/airflow/example_dags/tutorial_objectstorage.py
[2025-02-28T21:30:14.721+0200] {logging_mixin.py:190} INFO - [2025-02-28T21:30:14.721+0200] {dag.py:3239} INFO - Sync 1 DAGs
[2025-02-28T21:30:14.725+0200] {logging_mixin.py:190} INFO - [2025-02-28T21:30:14.725+0200] {dag.py:4180} INFO - Setting next_dagrun for tutorial_objectstorage to None, run_after=None
[2025-02-28T21:30:14.731+0200] {processor.py:208} INFO - Processing /Users/nampham/.pyenv/versions/3.12.9/lib/python3.12/site-packages/airflow/example_dags/tutorial_objectstorage.py took 0.086 seconds
[2025-02-28T21:32:03.779+0200] {processor.py:186} INFO - Started process (PID=6517) to work on /Users/nampham/.pyenv/versions/3.12.9/lib/python3.12/site-packages/airflow/example_dags/tutorial_objectstorage.py
[2025-02-28T21:32:03.781+0200] {processor.py:914} INFO - Processing file /Users/nampham/.pyenv/versions/3.12.9/lib/python3.12/site-packages/airflow/example_dags/tutorial_objectstorage.py for tasks to queue
[2025-02-28T21:32:03.781+0200] {logging_mixin.py:190} INFO - [2025-02-28T21:32:03.781+0200] {dagbag.py:588} INFO - Filling up the DagBag from /Users/nampham/.pyenv/versions/3.12.9/lib/python3.12/site-packages/airflow/example_dags/tutorial_objectstorage.py
[2025-02-28T21:32:03.820+0200] {processor.py:925} INFO - DAG(s) 'tutorial_objectstorage' retrieved from /Users/nampham/.pyenv/versions/3.12.9/lib/python3.12/site-packages/airflow/example_dags/tutorial_objectstorage.py
[2025-02-28T21:32:03.854+0200] {logging_mixin.py:190} INFO - [2025-02-28T21:32:03.854+0200] {dag.py:3239} INFO - Sync 1 DAGs
[2025-02-28T21:32:03.858+0200] {logging_mixin.py:190} INFO - [2025-02-28T21:32:03.858+0200] {dag.py:4180} INFO - Setting next_dagrun for tutorial_objectstorage to None, run_after=None
[2025-02-28T21:32:03.864+0200] {processor.py:208} INFO - Processing /Users/nampham/.pyenv/versions/3.12.9/lib/python3.12/site-packages/airflow/example_dags/tutorial_objectstorage.py took 0.086 seconds
[2025-02-28T21:33:22.518+0200] {processor.py:186} INFO - Started process (PID=7017) to work on /Users/nampham/.pyenv/versions/3.12.9/lib/python3.12/site-packages/airflow/example_dags/tutorial_objectstorage.py
[2025-02-28T21:33:22.519+0200] {processor.py:914} INFO - Processing file /Users/nampham/.pyenv/versions/3.12.9/lib/python3.12/site-packages/airflow/example_dags/tutorial_objectstorage.py for tasks to queue
[2025-02-28T21:33:22.519+0200] {logging_mixin.py:190} INFO - [2025-02-28T21:33:22.519+0200] {dagbag.py:588} INFO - Filling up the DagBag from /Users/nampham/.pyenv/versions/3.12.9/lib/python3.12/site-packages/airflow/example_dags/tutorial_objectstorage.py
[2025-02-28T21:33:22.557+0200] {processor.py:925} INFO - DAG(s) 'tutorial_objectstorage' retrieved from /Users/nampham/.pyenv/versions/3.12.9/lib/python3.12/site-packages/airflow/example_dags/tutorial_objectstorage.py
[2025-02-28T21:33:22.590+0200] {logging_mixin.py:190} INFO - [2025-02-28T21:33:22.590+0200] {dag.py:3239} INFO - Sync 1 DAGs
[2025-02-28T21:33:22.594+0200] {logging_mixin.py:190} INFO - [2025-02-28T21:33:22.594+0200] {dag.py:4180} INFO - Setting next_dagrun for tutorial_objectstorage to None, run_after=None
[2025-02-28T21:33:22.600+0200] {processor.py:208} INFO - Processing /Users/nampham/.pyenv/versions/3.12.9/lib/python3.12/site-packages/airflow/example_dags/tutorial_objectstorage.py took 0.083 seconds
[2025-02-28T21:34:42.080+0200] {processor.py:186} INFO - Started process (PID=7314) to work on /Users/nampham/.pyenv/versions/3.12.9/lib/python3.12/site-packages/airflow/example_dags/tutorial_objectstorage.py
[2025-02-28T21:34:42.081+0200] {processor.py:914} INFO - Processing file /Users/nampham/.pyenv/versions/3.12.9/lib/python3.12/site-packages/airflow/example_dags/tutorial_objectstorage.py for tasks to queue
[2025-02-28T21:34:42.082+0200] {logging_mixin.py:190} INFO - [2025-02-28T21:34:42.082+0200] {dagbag.py:588} INFO - Filling up the DagBag from /Users/nampham/.pyenv/versions/3.12.9/lib/python3.12/site-packages/airflow/example_dags/tutorial_objectstorage.py
[2025-02-28T21:34:42.125+0200] {processor.py:925} INFO - DAG(s) 'tutorial_objectstorage' retrieved from /Users/nampham/.pyenv/versions/3.12.9/lib/python3.12/site-packages/airflow/example_dags/tutorial_objectstorage.py
[2025-02-28T21:34:42.165+0200] {logging_mixin.py:190} INFO - [2025-02-28T21:34:42.164+0200] {dag.py:3239} INFO - Sync 1 DAGs
[2025-02-28T21:34:42.169+0200] {logging_mixin.py:190} INFO - [2025-02-28T21:34:42.168+0200] {dag.py:4180} INFO - Setting next_dagrun for tutorial_objectstorage to None, run_after=None
[2025-02-28T21:34:42.179+0200] {processor.py:208} INFO - Processing /Users/nampham/.pyenv/versions/3.12.9/lib/python3.12/site-packages/airflow/example_dags/tutorial_objectstorage.py took 0.100 seconds
[2025-02-28T21:36:36.352+0200] {processor.py:186} INFO - Started process (PID=7808) to work on /Users/nampham/.pyenv/versions/3.12.9/lib/python3.12/site-packages/airflow/example_dags/tutorial_objectstorage.py
[2025-02-28T21:36:36.353+0200] {processor.py:914} INFO - Processing file /Users/nampham/.pyenv/versions/3.12.9/lib/python3.12/site-packages/airflow/example_dags/tutorial_objectstorage.py for tasks to queue
[2025-02-28T21:36:36.353+0200] {logging_mixin.py:190} INFO - [2025-02-28T21:36:36.353+0200] {dagbag.py:588} INFO - Filling up the DagBag from /Users/nampham/.pyenv/versions/3.12.9/lib/python3.12/site-packages/airflow/example_dags/tutorial_objectstorage.py
[2025-02-28T21:36:36.391+0200] {processor.py:925} INFO - DAG(s) 'tutorial_objectstorage' retrieved from /Users/nampham/.pyenv/versions/3.12.9/lib/python3.12/site-packages/airflow/example_dags/tutorial_objectstorage.py
[2025-02-28T21:36:36.454+0200] {logging_mixin.py:190} INFO - [2025-02-28T21:36:36.454+0200] {override.py:1930} INFO - Created Permission View: can delete on DAG:tutorial_objectstorage
[2025-02-28T21:36:36.457+0200] {logging_mixin.py:190} INFO - [2025-02-28T21:36:36.457+0200] {override.py:1930} INFO - Created Permission View: can read on DAG:tutorial_objectstorage
[2025-02-28T21:36:36.459+0200] {logging_mixin.py:190} INFO - [2025-02-28T21:36:36.459+0200] {override.py:1930} INFO - Created Permission View: can edit on DAG:tutorial_objectstorage
[2025-02-28T21:36:36.462+0200] {logging_mixin.py:190} INFO - [2025-02-28T21:36:36.462+0200] {override.py:1930} INFO - Created Permission View: can create on DAG Run:tutorial_objectstorage
[2025-02-28T21:36:36.463+0200] {logging_mixin.py:190} INFO - [2025-02-28T21:36:36.463+0200] {override.py:1930} INFO - Created Permission View: menu access on DAG Run:tutorial_objectstorage
[2025-02-28T21:36:36.465+0200] {logging_mixin.py:190} INFO - [2025-02-28T21:36:36.465+0200] {override.py:1930} INFO - Created Permission View: can read on DAG Run:tutorial_objectstorage
[2025-02-28T21:36:36.467+0200] {logging_mixin.py:190} INFO - [2025-02-28T21:36:36.467+0200] {override.py:1930} INFO - Created Permission View: can delete on DAG Run:tutorial_objectstorage
[2025-02-28T21:36:36.467+0200] {logging_mixin.py:190} INFO - [2025-02-28T21:36:36.467+0200] {dag.py:3239} INFO - Sync 1 DAGs
[2025-02-28T21:36:36.472+0200] {logging_mixin.py:190} INFO - [2025-02-28T21:36:36.471+0200] {dag.py:3262} INFO - Creating ORM DAG for tutorial_objectstorage
[2025-02-28T21:36:36.472+0200] {logging_mixin.py:190} INFO - [2025-02-28T21:36:36.472+0200] {dag.py:4180} INFO - Setting next_dagrun for tutorial_objectstorage to None, run_after=None
[2025-02-28T21:36:36.477+0200] {processor.py:208} INFO - Processing /Users/nampham/.pyenv/versions/3.12.9/lib/python3.12/site-packages/airflow/example_dags/tutorial_objectstorage.py took 0.127 seconds
[2025-02-28T21:38:29.421+0200] {processor.py:186} INFO - Started process (PID=8245) to work on /Users/nampham/.pyenv/versions/3.12.9/lib/python3.12/site-packages/airflow/example_dags/tutorial_objectstorage.py
[2025-02-28T21:38:29.422+0200] {processor.py:914} INFO - Processing file /Users/nampham/.pyenv/versions/3.12.9/lib/python3.12/site-packages/airflow/example_dags/tutorial_objectstorage.py for tasks to queue
[2025-02-28T21:38:29.423+0200] {logging_mixin.py:190} INFO - [2025-02-28T21:38:29.423+0200] {dagbag.py:588} INFO - Filling up the DagBag from /Users/nampham/.pyenv/versions/3.12.9/lib/python3.12/site-packages/airflow/example_dags/tutorial_objectstorage.py
[2025-02-28T21:38:29.460+0200] {processor.py:925} INFO - DAG(s) 'tutorial_objectstorage' retrieved from /Users/nampham/.pyenv/versions/3.12.9/lib/python3.12/site-packages/airflow/example_dags/tutorial_objectstorage.py
[2025-02-28T21:38:29.494+0200] {logging_mixin.py:190} INFO - [2025-02-28T21:38:29.494+0200] {dag.py:3239} INFO - Sync 1 DAGs
[2025-02-28T21:38:29.498+0200] {logging_mixin.py:190} INFO - [2025-02-28T21:38:29.498+0200] {dag.py:4180} INFO - Setting next_dagrun for tutorial_objectstorage to None, run_after=None
[2025-02-28T21:38:29.504+0200] {processor.py:208} INFO - Processing /Users/nampham/.pyenv/versions/3.12.9/lib/python3.12/site-packages/airflow/example_dags/tutorial_objectstorage.py took 0.084 seconds
[2025-02-28T21:39:46.101+0200] {processor.py:186} INFO - Started process (PID=8533) to work on /Users/nampham/.pyenv/versions/3.12.9/lib/python3.12/site-packages/airflow/example_dags/tutorial_objectstorage.py
[2025-02-28T21:39:46.103+0200] {processor.py:914} INFO - Processing file /Users/nampham/.pyenv/versions/3.12.9/lib/python3.12/site-packages/airflow/example_dags/tutorial_objectstorage.py for tasks to queue
[2025-02-28T21:39:46.103+0200] {logging_mixin.py:190} INFO - [2025-02-28T21:39:46.103+0200] {dagbag.py:588} INFO - Filling up the DagBag from /Users/nampham/.pyenv/versions/3.12.9/lib/python3.12/site-packages/airflow/example_dags/tutorial_objectstorage.py
[2025-02-28T21:39:46.141+0200] {processor.py:925} INFO - DAG(s) 'tutorial_objectstorage' retrieved from /Users/nampham/.pyenv/versions/3.12.9/lib/python3.12/site-packages/airflow/example_dags/tutorial_objectstorage.py
[2025-02-28T21:39:46.175+0200] {logging_mixin.py:190} INFO - [2025-02-28T21:39:46.175+0200] {dag.py:3239} INFO - Sync 1 DAGs
[2025-02-28T21:39:46.179+0200] {logging_mixin.py:190} INFO - [2025-02-28T21:39:46.179+0200] {dag.py:4180} INFO - Setting next_dagrun for tutorial_objectstorage to None, run_after=None
[2025-02-28T21:39:46.185+0200] {processor.py:208} INFO - Processing /Users/nampham/.pyenv/versions/3.12.9/lib/python3.12/site-packages/airflow/example_dags/tutorial_objectstorage.py took 0.085 seconds
[2025-02-28T21:42:06.505+0200] {processor.py:186} INFO - Started process (PID=9115) to work on /Users/nampham/.pyenv/versions/3.12.9/lib/python3.12/site-packages/airflow/example_dags/tutorial_objectstorage.py
[2025-02-28T21:42:06.506+0200] {processor.py:914} INFO - Processing file /Users/nampham/.pyenv/versions/3.12.9/lib/python3.12/site-packages/airflow/example_dags/tutorial_objectstorage.py for tasks to queue
[2025-02-28T21:42:06.507+0200] {logging_mixin.py:190} INFO - [2025-02-28T21:42:06.506+0200] {dagbag.py:588} INFO - Filling up the DagBag from /Users/nampham/.pyenv/versions/3.12.9/lib/python3.12/site-packages/airflow/example_dags/tutorial_objectstorage.py
[2025-02-28T21:42:06.545+0200] {processor.py:925} INFO - DAG(s) 'tutorial_objectstorage' retrieved from /Users/nampham/.pyenv/versions/3.12.9/lib/python3.12/site-packages/airflow/example_dags/tutorial_objectstorage.py
[2025-02-28T21:42:06.611+0200] {logging_mixin.py:190} INFO - [2025-02-28T21:42:06.611+0200] {override.py:1930} INFO - Created Permission View: can read on DAG:tutorial_objectstorage
[2025-02-28T21:42:06.614+0200] {logging_mixin.py:190} INFO - [2025-02-28T21:42:06.614+0200] {override.py:1930} INFO - Created Permission View: can delete on DAG:tutorial_objectstorage
[2025-02-28T21:42:06.616+0200] {logging_mixin.py:190} INFO - [2025-02-28T21:42:06.616+0200] {override.py:1930} INFO - Created Permission View: can edit on DAG:tutorial_objectstorage
[2025-02-28T21:42:06.618+0200] {logging_mixin.py:190} INFO - [2025-02-28T21:42:06.618+0200] {override.py:1930} INFO - Created Permission View: can read on DAG Run:tutorial_objectstorage
[2025-02-28T21:42:06.620+0200] {logging_mixin.py:190} INFO - [2025-02-28T21:42:06.620+0200] {override.py:1930} INFO - Created Permission View: can create on DAG Run:tutorial_objectstorage
[2025-02-28T21:42:06.622+0200] {logging_mixin.py:190} INFO - [2025-02-28T21:42:06.622+0200] {override.py:1930} INFO - Created Permission View: can delete on DAG Run:tutorial_objectstorage
[2025-02-28T21:42:06.624+0200] {logging_mixin.py:190} INFO - [2025-02-28T21:42:06.623+0200] {override.py:1930} INFO - Created Permission View: menu access on DAG Run:tutorial_objectstorage
[2025-02-28T21:42:06.624+0200] {logging_mixin.py:190} INFO - [2025-02-28T21:42:06.624+0200] {dag.py:3239} INFO - Sync 1 DAGs
[2025-02-28T21:42:06.628+0200] {logging_mixin.py:190} INFO - [2025-02-28T21:42:06.628+0200] {dag.py:3262} INFO - Creating ORM DAG for tutorial_objectstorage
[2025-02-28T21:42:06.628+0200] {logging_mixin.py:190} INFO - [2025-02-28T21:42:06.628+0200] {dag.py:4180} INFO - Setting next_dagrun for tutorial_objectstorage to None, run_after=None
[2025-02-28T21:42:06.634+0200] {processor.py:208} INFO - Processing /Users/nampham/.pyenv/versions/3.12.9/lib/python3.12/site-packages/airflow/example_dags/tutorial_objectstorage.py took 0.130 seconds
[2025-02-28T21:43:10.760+0200] {processor.py:186} INFO - Started process (PID=9480) to work on /Users/nampham/.pyenv/versions/3.12.9/lib/python3.12/site-packages/airflow/example_dags/tutorial_objectstorage.py
[2025-02-28T21:43:10.761+0200] {processor.py:914} INFO - Processing file /Users/nampham/.pyenv/versions/3.12.9/lib/python3.12/site-packages/airflow/example_dags/tutorial_objectstorage.py for tasks to queue
[2025-02-28T21:43:10.762+0200] {logging_mixin.py:190} INFO - [2025-02-28T21:43:10.762+0200] {dagbag.py:588} INFO - Filling up the DagBag from /Users/nampham/.pyenv/versions/3.12.9/lib/python3.12/site-packages/airflow/example_dags/tutorial_objectstorage.py
[2025-02-28T21:43:10.803+0200] {processor.py:925} INFO - DAG(s) 'tutorial_objectstorage' retrieved from /Users/nampham/.pyenv/versions/3.12.9/lib/python3.12/site-packages/airflow/example_dags/tutorial_objectstorage.py
[2025-02-28T21:43:10.838+0200] {logging_mixin.py:190} INFO - [2025-02-28T21:43:10.838+0200] {dag.py:3239} INFO - Sync 1 DAGs
[2025-02-28T21:43:10.842+0200] {logging_mixin.py:190} INFO - [2025-02-28T21:43:10.842+0200] {dag.py:4180} INFO - Setting next_dagrun for tutorial_objectstorage to None, run_after=None
[2025-02-28T21:43:10.848+0200] {processor.py:208} INFO - Processing /Users/nampham/.pyenv/versions/3.12.9/lib/python3.12/site-packages/airflow/example_dags/tutorial_objectstorage.py took 0.090 seconds
[2025-02-28T21:45:08.367+0200] {processor.py:186} INFO - Started process (PID=9996) to work on /Users/nampham/.pyenv/versions/3.12.9/lib/python3.12/site-packages/airflow/example_dags/tutorial_objectstorage.py
[2025-02-28T21:45:08.368+0200] {processor.py:914} INFO - Processing file /Users/nampham/.pyenv/versions/3.12.9/lib/python3.12/site-packages/airflow/example_dags/tutorial_objectstorage.py for tasks to queue
[2025-02-28T21:45:08.368+0200] {logging_mixin.py:190} INFO - [2025-02-28T21:45:08.368+0200] {dagbag.py:588} INFO - Filling up the DagBag from /Users/nampham/.pyenv/versions/3.12.9/lib/python3.12/site-packages/airflow/example_dags/tutorial_objectstorage.py
[2025-02-28T21:45:08.406+0200] {processor.py:925} INFO - DAG(s) 'tutorial_objectstorage' retrieved from /Users/nampham/.pyenv/versions/3.12.9/lib/python3.12/site-packages/airflow/example_dags/tutorial_objectstorage.py
[2025-02-28T21:45:08.440+0200] {logging_mixin.py:190} INFO - [2025-02-28T21:45:08.439+0200] {dag.py:3239} INFO - Sync 1 DAGs
[2025-02-28T21:45:08.443+0200] {logging_mixin.py:190} INFO - [2025-02-28T21:45:08.443+0200] {dag.py:4180} INFO - Setting next_dagrun for tutorial_objectstorage to None, run_after=None
[2025-02-28T21:45:08.449+0200] {processor.py:208} INFO - Processing /Users/nampham/.pyenv/versions/3.12.9/lib/python3.12/site-packages/airflow/example_dags/tutorial_objectstorage.py took 0.084 seconds
[2025-02-28T21:47:30.685+0200] {processor.py:186} INFO - Started process (PID=10536) to work on /Users/nampham/.pyenv/versions/3.12.9/lib/python3.12/site-packages/airflow/example_dags/tutorial_objectstorage.py
[2025-02-28T21:47:30.686+0200] {processor.py:914} INFO - Processing file /Users/nampham/.pyenv/versions/3.12.9/lib/python3.12/site-packages/airflow/example_dags/tutorial_objectstorage.py for tasks to queue
[2025-02-28T21:47:30.687+0200] {logging_mixin.py:190} INFO - [2025-02-28T21:47:30.687+0200] {dagbag.py:588} INFO - Filling up the DagBag from /Users/nampham/.pyenv/versions/3.12.9/lib/python3.12/site-packages/airflow/example_dags/tutorial_objectstorage.py
[2025-02-28T21:47:30.726+0200] {processor.py:925} INFO - DAG(s) 'tutorial_objectstorage' retrieved from /Users/nampham/.pyenv/versions/3.12.9/lib/python3.12/site-packages/airflow/example_dags/tutorial_objectstorage.py
[2025-02-28T21:47:30.759+0200] {logging_mixin.py:190} INFO - [2025-02-28T21:47:30.759+0200] {dag.py:3239} INFO - Sync 1 DAGs
[2025-02-28T21:47:30.762+0200] {logging_mixin.py:190} INFO - [2025-02-28T21:47:30.762+0200] {dag.py:4180} INFO - Setting next_dagrun for tutorial_objectstorage to None, run_after=None
[2025-02-28T21:47:30.769+0200] {processor.py:208} INFO - Processing /Users/nampham/.pyenv/versions/3.12.9/lib/python3.12/site-packages/airflow/example_dags/tutorial_objectstorage.py took 0.085 seconds
[2025-02-28T21:49:30.744+0200] {processor.py:186} INFO - Started process (PID=10985) to work on /Users/nampham/.pyenv/versions/3.12.9/lib/python3.12/site-packages/airflow/example_dags/tutorial_objectstorage.py
[2025-02-28T21:49:30.745+0200] {processor.py:914} INFO - Processing file /Users/nampham/.pyenv/versions/3.12.9/lib/python3.12/site-packages/airflow/example_dags/tutorial_objectstorage.py for tasks to queue
[2025-02-28T21:49:30.745+0200] {logging_mixin.py:190} INFO - [2025-02-28T21:49:30.745+0200] {dagbag.py:588} INFO - Filling up the DagBag from /Users/nampham/.pyenv/versions/3.12.9/lib/python3.12/site-packages/airflow/example_dags/tutorial_objectstorage.py
[2025-02-28T21:49:30.782+0200] {processor.py:925} INFO - DAG(s) 'tutorial_objectstorage' retrieved from /Users/nampham/.pyenv/versions/3.12.9/lib/python3.12/site-packages/airflow/example_dags/tutorial_objectstorage.py
[2025-02-28T21:49:30.815+0200] {logging_mixin.py:190} INFO - [2025-02-28T21:49:30.815+0200] {dag.py:3239} INFO - Sync 1 DAGs
[2025-02-28T21:49:30.819+0200] {logging_mixin.py:190} INFO - [2025-02-28T21:49:30.818+0200] {dag.py:4180} INFO - Setting next_dagrun for tutorial_objectstorage to None, run_after=None
[2025-02-28T21:49:30.825+0200] {processor.py:208} INFO - Processing /Users/nampham/.pyenv/versions/3.12.9/lib/python3.12/site-packages/airflow/example_dags/tutorial_objectstorage.py took 0.082 seconds
[2025-02-28T22:14:25.460+0200] {processor.py:186} INFO - Started process (PID=15674) to work on /Users/nampham/.pyenv/versions/3.12.9/lib/python3.12/site-packages/airflow/example_dags/tutorial_objectstorage.py
[2025-02-28T22:14:25.461+0200] {processor.py:914} INFO - Processing file /Users/nampham/.pyenv/versions/3.12.9/lib/python3.12/site-packages/airflow/example_dags/tutorial_objectstorage.py for tasks to queue
[2025-02-28T22:14:25.462+0200] {logging_mixin.py:190} INFO - [2025-02-28T22:14:25.462+0200] {dagbag.py:588} INFO - Filling up the DagBag from /Users/nampham/.pyenv/versions/3.12.9/lib/python3.12/site-packages/airflow/example_dags/tutorial_objectstorage.py
[2025-02-28T22:14:25.501+0200] {processor.py:925} INFO - DAG(s) 'tutorial_objectstorage' retrieved from /Users/nampham/.pyenv/versions/3.12.9/lib/python3.12/site-packages/airflow/example_dags/tutorial_objectstorage.py
[2025-02-28T22:14:25.564+0200] {logging_mixin.py:190} INFO - [2025-02-28T22:14:25.564+0200] {override.py:1930} INFO - Created Permission View: can edit on DAG:tutorial_objectstorage
[2025-02-28T22:14:25.567+0200] {logging_mixin.py:190} INFO - [2025-02-28T22:14:25.567+0200] {override.py:1930} INFO - Created Permission View: can read on DAG:tutorial_objectstorage
[2025-02-28T22:14:25.569+0200] {logging_mixin.py:190} INFO - [2025-02-28T22:14:25.569+0200] {override.py:1930} INFO - Created Permission View: can delete on DAG:tutorial_objectstorage
[2025-02-28T22:14:25.571+0200] {logging_mixin.py:190} INFO - [2025-02-28T22:14:25.571+0200] {override.py:1930} INFO - Created Permission View: can read on DAG Run:tutorial_objectstorage
[2025-02-28T22:14:25.573+0200] {logging_mixin.py:190} INFO - [2025-02-28T22:14:25.573+0200] {override.py:1930} INFO - Created Permission View: can delete on DAG Run:tutorial_objectstorage
[2025-02-28T22:14:25.575+0200] {logging_mixin.py:190} INFO - [2025-02-28T22:14:25.575+0200] {override.py:1930} INFO - Created Permission View: can create on DAG Run:tutorial_objectstorage
[2025-02-28T22:14:25.576+0200] {logging_mixin.py:190} INFO - [2025-02-28T22:14:25.576+0200] {override.py:1930} INFO - Created Permission View: menu access on DAG Run:tutorial_objectstorage
[2025-02-28T22:14:25.577+0200] {logging_mixin.py:190} INFO - [2025-02-28T22:14:25.577+0200] {dag.py:3239} INFO - Sync 1 DAGs
[2025-02-28T22:14:25.581+0200] {logging_mixin.py:190} INFO - [2025-02-28T22:14:25.581+0200] {dag.py:3262} INFO - Creating ORM DAG for tutorial_objectstorage
[2025-02-28T22:14:25.581+0200] {logging_mixin.py:190} INFO - [2025-02-28T22:14:25.581+0200] {dag.py:4180} INFO - Setting next_dagrun for tutorial_objectstorage to None, run_after=None
[2025-02-28T22:14:25.586+0200] {processor.py:208} INFO - Processing /Users/nampham/.pyenv/versions/3.12.9/lib/python3.12/site-packages/airflow/example_dags/tutorial_objectstorage.py took 0.127 seconds
[2025-02-28T22:26:03.969+0200] {processor.py:186} INFO - Started process (PID=17715) to work on /Users/nampham/.pyenv/versions/3.12.9/lib/python3.12/site-packages/airflow/example_dags/tutorial_objectstorage.py
[2025-02-28T22:26:03.970+0200] {processor.py:914} INFO - Processing file /Users/nampham/.pyenv/versions/3.12.9/lib/python3.12/site-packages/airflow/example_dags/tutorial_objectstorage.py for tasks to queue
[2025-02-28T22:26:03.970+0200] {logging_mixin.py:190} INFO - [2025-02-28T22:26:03.970+0200] {dagbag.py:588} INFO - Filling up the DagBag from /Users/nampham/.pyenv/versions/3.12.9/lib/python3.12/site-packages/airflow/example_dags/tutorial_objectstorage.py
[2025-02-28T22:26:04.009+0200] {processor.py:925} INFO - DAG(s) 'tutorial_objectstorage' retrieved from /Users/nampham/.pyenv/versions/3.12.9/lib/python3.12/site-packages/airflow/example_dags/tutorial_objectstorage.py
[2025-02-28T22:26:04.073+0200] {logging_mixin.py:190} INFO - [2025-02-28T22:26:04.073+0200] {override.py:1930} INFO - Created Permission View: can edit on DAG:tutorial_objectstorage
[2025-02-28T22:26:04.076+0200] {logging_mixin.py:190} INFO - [2025-02-28T22:26:04.076+0200] {override.py:1930} INFO - Created Permission View: can read on DAG:tutorial_objectstorage
[2025-02-28T22:26:04.078+0200] {logging_mixin.py:190} INFO - [2025-02-28T22:26:04.078+0200] {override.py:1930} INFO - Created Permission View: can delete on DAG:tutorial_objectstorage
[2025-02-28T22:26:04.080+0200] {logging_mixin.py:190} INFO - [2025-02-28T22:26:04.080+0200] {override.py:1930} INFO - Created Permission View: can delete on DAG Run:tutorial_objectstorage
[2025-02-28T22:26:04.082+0200] {logging_mixin.py:190} INFO - [2025-02-28T22:26:04.082+0200] {override.py:1930} INFO - Created Permission View: menu access on DAG Run:tutorial_objectstorage
[2025-02-28T22:26:04.084+0200] {logging_mixin.py:190} INFO - [2025-02-28T22:26:04.084+0200] {override.py:1930} INFO - Created Permission View: can read on DAG Run:tutorial_objectstorage
[2025-02-28T22:26:04.085+0200] {logging_mixin.py:190} INFO - [2025-02-28T22:26:04.085+0200] {override.py:1930} INFO - Created Permission View: can create on DAG Run:tutorial_objectstorage
[2025-02-28T22:26:04.086+0200] {logging_mixin.py:190} INFO - [2025-02-28T22:26:04.085+0200] {dag.py:3239} INFO - Sync 1 DAGs
[2025-02-28T22:26:04.090+0200] {logging_mixin.py:190} INFO - [2025-02-28T22:26:04.090+0200] {dag.py:3262} INFO - Creating ORM DAG for tutorial_objectstorage
[2025-02-28T22:26:04.090+0200] {logging_mixin.py:190} INFO - [2025-02-28T22:26:04.090+0200] {dag.py:4180} INFO - Setting next_dagrun for tutorial_objectstorage to None, run_after=None
[2025-02-28T22:26:04.095+0200] {processor.py:208} INFO - Processing /Users/nampham/.pyenv/versions/3.12.9/lib/python3.12/site-packages/airflow/example_dags/tutorial_objectstorage.py took 0.128 seconds
[2025-02-28T22:27:28.024+0200] {processor.py:186} INFO - Started process (PID=17999) to work on /Users/nampham/.pyenv/versions/3.12.9/lib/python3.12/site-packages/airflow/example_dags/tutorial_objectstorage.py
[2025-02-28T22:27:28.026+0200] {processor.py:914} INFO - Processing file /Users/nampham/.pyenv/versions/3.12.9/lib/python3.12/site-packages/airflow/example_dags/tutorial_objectstorage.py for tasks to queue
[2025-02-28T22:27:28.026+0200] {logging_mixin.py:190} INFO - [2025-02-28T22:27:28.026+0200] {dagbag.py:588} INFO - Filling up the DagBag from /Users/nampham/.pyenv/versions/3.12.9/lib/python3.12/site-packages/airflow/example_dags/tutorial_objectstorage.py
[2025-02-28T22:27:28.065+0200] {processor.py:925} INFO - DAG(s) 'tutorial_objectstorage' retrieved from /Users/nampham/.pyenv/versions/3.12.9/lib/python3.12/site-packages/airflow/example_dags/tutorial_objectstorage.py
[2025-02-28T22:27:28.098+0200] {logging_mixin.py:190} INFO - [2025-02-28T22:27:28.098+0200] {dag.py:3239} INFO - Sync 1 DAGs
[2025-02-28T22:27:28.102+0200] {logging_mixin.py:190} INFO - [2025-02-28T22:27:28.102+0200] {dag.py:4180} INFO - Setting next_dagrun for tutorial_objectstorage to None, run_after=None
[2025-02-28T22:27:28.108+0200] {processor.py:208} INFO - Processing /Users/nampham/.pyenv/versions/3.12.9/lib/python3.12/site-packages/airflow/example_dags/tutorial_objectstorage.py took 0.085 seconds
[2025-02-28T22:34:06.980+0200] {processor.py:186} INFO - Started process (PID=19392) to work on /Users/nampham/.pyenv/versions/3.12.9/lib/python3.12/site-packages/airflow/example_dags/tutorial_objectstorage.py
[2025-02-28T22:34:06.981+0200] {processor.py:914} INFO - Processing file /Users/nampham/.pyenv/versions/3.12.9/lib/python3.12/site-packages/airflow/example_dags/tutorial_objectstorage.py for tasks to queue
[2025-02-28T22:34:06.982+0200] {logging_mixin.py:190} INFO - [2025-02-28T22:34:06.981+0200] {dagbag.py:588} INFO - Filling up the DagBag from /Users/nampham/.pyenv/versions/3.12.9/lib/python3.12/site-packages/airflow/example_dags/tutorial_objectstorage.py
[2025-02-28T22:34:07.022+0200] {processor.py:925} INFO - DAG(s) 'tutorial_objectstorage' retrieved from /Users/nampham/.pyenv/versions/3.12.9/lib/python3.12/site-packages/airflow/example_dags/tutorial_objectstorage.py
[2025-02-28T22:34:07.085+0200] {logging_mixin.py:190} INFO - [2025-02-28T22:34:07.085+0200] {override.py:1930} INFO - Created Permission View: can delete on DAG:tutorial_objectstorage
[2025-02-28T22:34:07.088+0200] {logging_mixin.py:190} INFO - [2025-02-28T22:34:07.088+0200] {override.py:1930} INFO - Created Permission View: can read on DAG:tutorial_objectstorage
[2025-02-28T22:34:07.090+0200] {logging_mixin.py:190} INFO - [2025-02-28T22:34:07.090+0200] {override.py:1930} INFO - Created Permission View: can edit on DAG:tutorial_objectstorage
[2025-02-28T22:34:07.092+0200] {logging_mixin.py:190} INFO - [2025-02-28T22:34:07.092+0200] {override.py:1930} INFO - Created Permission View: can create on DAG Run:tutorial_objectstorage
[2025-02-28T22:34:07.094+0200] {logging_mixin.py:190} INFO - [2025-02-28T22:34:07.094+0200] {override.py:1930} INFO - Created Permission View: can delete on DAG Run:tutorial_objectstorage
[2025-02-28T22:34:07.095+0200] {logging_mixin.py:190} INFO - [2025-02-28T22:34:07.095+0200] {override.py:1930} INFO - Created Permission View: can read on DAG Run:tutorial_objectstorage
[2025-02-28T22:34:07.097+0200] {logging_mixin.py:190} INFO - [2025-02-28T22:34:07.097+0200] {override.py:1930} INFO - Created Permission View: menu access on DAG Run:tutorial_objectstorage
[2025-02-28T22:34:07.097+0200] {logging_mixin.py:190} INFO - [2025-02-28T22:34:07.097+0200] {dag.py:3239} INFO - Sync 1 DAGs
[2025-02-28T22:34:07.101+0200] {logging_mixin.py:190} INFO - [2025-02-28T22:34:07.101+0200] {dag.py:3262} INFO - Creating ORM DAG for tutorial_objectstorage
[2025-02-28T22:34:07.102+0200] {logging_mixin.py:190} INFO - [2025-02-28T22:34:07.102+0200] {dag.py:4180} INFO - Setting next_dagrun for tutorial_objectstorage to None, run_after=None
[2025-02-28T22:34:07.107+0200] {processor.py:208} INFO - Processing /Users/nampham/.pyenv/versions/3.12.9/lib/python3.12/site-packages/airflow/example_dags/tutorial_objectstorage.py took 0.128 seconds
[2025-02-28T22:37:23.972+0200] {processor.py:186} INFO - Started process (PID=20098) to work on /Users/nampham/.pyenv/versions/3.12.9/lib/python3.12/site-packages/airflow/example_dags/tutorial_objectstorage.py
[2025-02-28T22:37:23.973+0200] {processor.py:914} INFO - Processing file /Users/nampham/.pyenv/versions/3.12.9/lib/python3.12/site-packages/airflow/example_dags/tutorial_objectstorage.py for tasks to queue
[2025-02-28T22:37:23.974+0200] {logging_mixin.py:190} INFO - [2025-02-28T22:37:23.974+0200] {dagbag.py:588} INFO - Filling up the DagBag from /Users/nampham/.pyenv/versions/3.12.9/lib/python3.12/site-packages/airflow/example_dags/tutorial_objectstorage.py
[2025-02-28T22:37:24.011+0200] {processor.py:925} INFO - DAG(s) 'tutorial_objectstorage' retrieved from /Users/nampham/.pyenv/versions/3.12.9/lib/python3.12/site-packages/airflow/example_dags/tutorial_objectstorage.py
[2025-02-28T22:37:24.044+0200] {logging_mixin.py:190} INFO - [2025-02-28T22:37:24.044+0200] {dag.py:3239} INFO - Sync 1 DAGs
[2025-02-28T22:37:24.048+0200] {logging_mixin.py:190} INFO - [2025-02-28T22:37:24.047+0200] {dag.py:4180} INFO - Setting next_dagrun for tutorial_objectstorage to None, run_after=None
[2025-02-28T22:37:24.054+0200] {processor.py:208} INFO - Processing /Users/nampham/.pyenv/versions/3.12.9/lib/python3.12/site-packages/airflow/example_dags/tutorial_objectstorage.py took 0.083 seconds
[2025-02-28T22:39:05.463+0200] {processor.py:186} INFO - Started process (PID=20443) to work on /Users/nampham/.pyenv/versions/3.12.9/lib/python3.12/site-packages/airflow/example_dags/tutorial_objectstorage.py
[2025-02-28T22:39:05.465+0200] {processor.py:914} INFO - Processing file /Users/nampham/.pyenv/versions/3.12.9/lib/python3.12/site-packages/airflow/example_dags/tutorial_objectstorage.py for tasks to queue
[2025-02-28T22:39:05.465+0200] {logging_mixin.py:190} INFO - [2025-02-28T22:39:05.465+0200] {dagbag.py:588} INFO - Filling up the DagBag from /Users/nampham/.pyenv/versions/3.12.9/lib/python3.12/site-packages/airflow/example_dags/tutorial_objectstorage.py
[2025-02-28T22:39:05.502+0200] {processor.py:925} INFO - DAG(s) 'tutorial_objectstorage' retrieved from /Users/nampham/.pyenv/versions/3.12.9/lib/python3.12/site-packages/airflow/example_dags/tutorial_objectstorage.py
[2025-02-28T22:39:05.535+0200] {logging_mixin.py:190} INFO - [2025-02-28T22:39:05.535+0200] {dag.py:3239} INFO - Sync 1 DAGs
[2025-02-28T22:39:05.538+0200] {logging_mixin.py:190} INFO - [2025-02-28T22:39:05.538+0200] {dag.py:4180} INFO - Setting next_dagrun for tutorial_objectstorage to None, run_after=None
[2025-02-28T22:39:05.545+0200] {processor.py:208} INFO - Processing /Users/nampham/.pyenv/versions/3.12.9/lib/python3.12/site-packages/airflow/example_dags/tutorial_objectstorage.py took 0.083 seconds
[2025-02-28T22:40:45.199+0200] {processor.py:186} INFO - Started process (PID=20762) to work on /Users/nampham/.pyenv/versions/3.12.9/lib/python3.12/site-packages/airflow/example_dags/tutorial_objectstorage.py
[2025-02-28T22:40:45.200+0200] {processor.py:914} INFO - Processing file /Users/nampham/.pyenv/versions/3.12.9/lib/python3.12/site-packages/airflow/example_dags/tutorial_objectstorage.py for tasks to queue
[2025-02-28T22:40:45.201+0200] {logging_mixin.py:190} INFO - [2025-02-28T22:40:45.201+0200] {dagbag.py:588} INFO - Filling up the DagBag from /Users/nampham/.pyenv/versions/3.12.9/lib/python3.12/site-packages/airflow/example_dags/tutorial_objectstorage.py
[2025-02-28T22:40:45.237+0200] {processor.py:925} INFO - DAG(s) 'tutorial_objectstorage' retrieved from /Users/nampham/.pyenv/versions/3.12.9/lib/python3.12/site-packages/airflow/example_dags/tutorial_objectstorage.py
[2025-02-28T22:40:45.269+0200] {logging_mixin.py:190} INFO - [2025-02-28T22:40:45.269+0200] {dag.py:3239} INFO - Sync 1 DAGs
[2025-02-28T22:40:45.273+0200] {logging_mixin.py:190} INFO - [2025-02-28T22:40:45.273+0200] {dag.py:4180} INFO - Setting next_dagrun for tutorial_objectstorage to None, run_after=None
[2025-02-28T22:40:45.279+0200] {processor.py:208} INFO - Processing /Users/nampham/.pyenv/versions/3.12.9/lib/python3.12/site-packages/airflow/example_dags/tutorial_objectstorage.py took 0.082 seconds
[2025-02-28T22:41:55.756+0200] {processor.py:186} INFO - Started process (PID=21002) to work on /Users/nampham/.pyenv/versions/3.12.9/lib/python3.12/site-packages/airflow/example_dags/tutorial_objectstorage.py
[2025-02-28T22:41:55.757+0200] {processor.py:914} INFO - Processing file /Users/nampham/.pyenv/versions/3.12.9/lib/python3.12/site-packages/airflow/example_dags/tutorial_objectstorage.py for tasks to queue
[2025-02-28T22:41:55.757+0200] {logging_mixin.py:190} INFO - [2025-02-28T22:41:55.757+0200] {dagbag.py:588} INFO - Filling up the DagBag from /Users/nampham/.pyenv/versions/3.12.9/lib/python3.12/site-packages/airflow/example_dags/tutorial_objectstorage.py
[2025-02-28T22:41:55.794+0200] {processor.py:925} INFO - DAG(s) 'tutorial_objectstorage' retrieved from /Users/nampham/.pyenv/versions/3.12.9/lib/python3.12/site-packages/airflow/example_dags/tutorial_objectstorage.py
[2025-02-28T22:41:55.827+0200] {logging_mixin.py:190} INFO - [2025-02-28T22:41:55.827+0200] {dag.py:3239} INFO - Sync 1 DAGs
[2025-02-28T22:41:55.830+0200] {logging_mixin.py:190} INFO - [2025-02-28T22:41:55.830+0200] {dag.py:4180} INFO - Setting next_dagrun for tutorial_objectstorage to None, run_after=None
[2025-02-28T22:41:55.837+0200] {processor.py:208} INFO - Processing /Users/nampham/.pyenv/versions/3.12.9/lib/python3.12/site-packages/airflow/example_dags/tutorial_objectstorage.py took 0.082 seconds
[2025-02-28T22:43:07.934+0200] {processor.py:186} INFO - Started process (PID=21277) to work on /Users/nampham/.pyenv/versions/3.12.9/lib/python3.12/site-packages/airflow/example_dags/tutorial_objectstorage.py
[2025-02-28T22:43:07.935+0200] {processor.py:914} INFO - Processing file /Users/nampham/.pyenv/versions/3.12.9/lib/python3.12/site-packages/airflow/example_dags/tutorial_objectstorage.py for tasks to queue
[2025-02-28T22:43:07.936+0200] {logging_mixin.py:190} INFO - [2025-02-28T22:43:07.936+0200] {dagbag.py:588} INFO - Filling up the DagBag from /Users/nampham/.pyenv/versions/3.12.9/lib/python3.12/site-packages/airflow/example_dags/tutorial_objectstorage.py
[2025-02-28T22:43:07.975+0200] {processor.py:925} INFO - DAG(s) 'tutorial_objectstorage' retrieved from /Users/nampham/.pyenv/versions/3.12.9/lib/python3.12/site-packages/airflow/example_dags/tutorial_objectstorage.py
[2025-02-28T22:43:08.008+0200] {logging_mixin.py:190} INFO - [2025-02-28T22:43:08.008+0200] {dag.py:3239} INFO - Sync 1 DAGs
[2025-02-28T22:43:08.011+0200] {logging_mixin.py:190} INFO - [2025-02-28T22:43:08.011+0200] {dag.py:4180} INFO - Setting next_dagrun for tutorial_objectstorage to None, run_after=None
[2025-02-28T22:43:08.017+0200] {processor.py:208} INFO - Processing /Users/nampham/.pyenv/versions/3.12.9/lib/python3.12/site-packages/airflow/example_dags/tutorial_objectstorage.py took 0.084 seconds
[2025-02-28T22:44:26.343+0200] {processor.py:186} INFO - Started process (PID=21551) to work on /Users/nampham/.pyenv/versions/3.12.9/lib/python3.12/site-packages/airflow/example_dags/tutorial_objectstorage.py
[2025-02-28T22:44:26.344+0200] {processor.py:914} INFO - Processing file /Users/nampham/.pyenv/versions/3.12.9/lib/python3.12/site-packages/airflow/example_dags/tutorial_objectstorage.py for tasks to queue
[2025-02-28T22:44:26.345+0200] {logging_mixin.py:190} INFO - [2025-02-28T22:44:26.345+0200] {dagbag.py:588} INFO - Filling up the DagBag from /Users/nampham/.pyenv/versions/3.12.9/lib/python3.12/site-packages/airflow/example_dags/tutorial_objectstorage.py
[2025-02-28T22:44:26.382+0200] {processor.py:925} INFO - DAG(s) 'tutorial_objectstorage' retrieved from /Users/nampham/.pyenv/versions/3.12.9/lib/python3.12/site-packages/airflow/example_dags/tutorial_objectstorage.py
[2025-02-28T22:44:26.415+0200] {logging_mixin.py:190} INFO - [2025-02-28T22:44:26.414+0200] {dag.py:3239} INFO - Sync 1 DAGs
[2025-02-28T22:44:26.418+0200] {logging_mixin.py:190} INFO - [2025-02-28T22:44:26.418+0200] {dag.py:4180} INFO - Setting next_dagrun for tutorial_objectstorage to None, run_after=None
[2025-02-28T22:44:26.424+0200] {processor.py:208} INFO - Processing /Users/nampham/.pyenv/versions/3.12.9/lib/python3.12/site-packages/airflow/example_dags/tutorial_objectstorage.py took 0.082 seconds
[2025-02-28T22:46:08.155+0200] {processor.py:186} INFO - Started process (PID=21901) to work on /Users/nampham/.pyenv/versions/3.12.9/lib/python3.12/site-packages/airflow/example_dags/tutorial_objectstorage.py
[2025-02-28T22:46:08.157+0200] {processor.py:914} INFO - Processing file /Users/nampham/.pyenv/versions/3.12.9/lib/python3.12/site-packages/airflow/example_dags/tutorial_objectstorage.py for tasks to queue
[2025-02-28T22:46:08.158+0200] {logging_mixin.py:190} INFO - [2025-02-28T22:46:08.158+0200] {dagbag.py:588} INFO - Filling up the DagBag from /Users/nampham/.pyenv/versions/3.12.9/lib/python3.12/site-packages/airflow/example_dags/tutorial_objectstorage.py
[2025-02-28T22:46:08.195+0200] {processor.py:925} INFO - DAG(s) 'tutorial_objectstorage' retrieved from /Users/nampham/.pyenv/versions/3.12.9/lib/python3.12/site-packages/airflow/example_dags/tutorial_objectstorage.py
[2025-02-28T22:46:08.228+0200] {logging_mixin.py:190} INFO - [2025-02-28T22:46:08.228+0200] {dag.py:3239} INFO - Sync 1 DAGs
[2025-02-28T22:46:08.231+0200] {logging_mixin.py:190} INFO - [2025-02-28T22:46:08.231+0200] {dag.py:4180} INFO - Setting next_dagrun for tutorial_objectstorage to None, run_after=None
[2025-02-28T22:46:08.237+0200] {processor.py:208} INFO - Processing /Users/nampham/.pyenv/versions/3.12.9/lib/python3.12/site-packages/airflow/example_dags/tutorial_objectstorage.py took 0.083 seconds
[2025-02-28T22:47:37.571+0200] {processor.py:186} INFO - Started process (PID=22191) to work on /Users/nampham/.pyenv/versions/3.12.9/lib/python3.12/site-packages/airflow/example_dags/tutorial_objectstorage.py
[2025-02-28T22:47:37.572+0200] {processor.py:914} INFO - Processing file /Users/nampham/.pyenv/versions/3.12.9/lib/python3.12/site-packages/airflow/example_dags/tutorial_objectstorage.py for tasks to queue
[2025-02-28T22:47:37.573+0200] {logging_mixin.py:190} INFO - [2025-02-28T22:47:37.573+0200] {dagbag.py:588} INFO - Filling up the DagBag from /Users/nampham/.pyenv/versions/3.12.9/lib/python3.12/site-packages/airflow/example_dags/tutorial_objectstorage.py
[2025-02-28T22:47:37.609+0200] {processor.py:925} INFO - DAG(s) 'tutorial_objectstorage' retrieved from /Users/nampham/.pyenv/versions/3.12.9/lib/python3.12/site-packages/airflow/example_dags/tutorial_objectstorage.py
[2025-02-28T22:47:37.642+0200] {logging_mixin.py:190} INFO - [2025-02-28T22:47:37.642+0200] {dag.py:3239} INFO - Sync 1 DAGs
[2025-02-28T22:47:37.645+0200] {logging_mixin.py:190} INFO - [2025-02-28T22:47:37.645+0200] {dag.py:4180} INFO - Setting next_dagrun for tutorial_objectstorage to None, run_after=None
[2025-02-28T22:47:37.652+0200] {processor.py:208} INFO - Processing /Users/nampham/.pyenv/versions/3.12.9/lib/python3.12/site-packages/airflow/example_dags/tutorial_objectstorage.py took 0.082 seconds
[2025-02-28T22:54:24.982+0200] {processor.py:186} INFO - Started process (PID=22626) to work on /Users/nampham/.pyenv/versions/3.12.9/lib/python3.12/site-packages/airflow/example_dags/tutorial_objectstorage.py
[2025-02-28T22:54:24.983+0200] {processor.py:914} INFO - Processing file /Users/nampham/.pyenv/versions/3.12.9/lib/python3.12/site-packages/airflow/example_dags/tutorial_objectstorage.py for tasks to queue
[2025-02-28T22:54:24.983+0200] {logging_mixin.py:190} INFO - [2025-02-28T22:54:24.983+0200] {dagbag.py:588} INFO - Filling up the DagBag from /Users/nampham/.pyenv/versions/3.12.9/lib/python3.12/site-packages/airflow/example_dags/tutorial_objectstorage.py
[2025-02-28T22:54:25.021+0200] {processor.py:925} INFO - DAG(s) 'tutorial_objectstorage' retrieved from /Users/nampham/.pyenv/versions/3.12.9/lib/python3.12/site-packages/airflow/example_dags/tutorial_objectstorage.py
[2025-02-28T22:54:25.054+0200] {logging_mixin.py:190} INFO - [2025-02-28T22:54:25.054+0200] {dag.py:3239} INFO - Sync 1 DAGs
[2025-02-28T22:54:25.057+0200] {logging_mixin.py:190} INFO - [2025-02-28T22:54:25.057+0200] {dag.py:4180} INFO - Setting next_dagrun for tutorial_objectstorage to None, run_after=None
[2025-02-28T22:54:25.063+0200] {processor.py:208} INFO - Processing /Users/nampham/.pyenv/versions/3.12.9/lib/python3.12/site-packages/airflow/example_dags/tutorial_objectstorage.py took 0.083 seconds
[2025-02-28T22:56:08.710+0200] {processor.py:186} INFO - Started process (PID=22995) to work on /Users/nampham/.pyenv/versions/3.12.9/lib/python3.12/site-packages/airflow/example_dags/tutorial_objectstorage.py
[2025-02-28T22:56:08.712+0200] {processor.py:914} INFO - Processing file /Users/nampham/.pyenv/versions/3.12.9/lib/python3.12/site-packages/airflow/example_dags/tutorial_objectstorage.py for tasks to queue
[2025-02-28T22:56:08.712+0200] {logging_mixin.py:190} INFO - [2025-02-28T22:56:08.712+0200] {dagbag.py:588} INFO - Filling up the DagBag from /Users/nampham/.pyenv/versions/3.12.9/lib/python3.12/site-packages/airflow/example_dags/tutorial_objectstorage.py
[2025-02-28T22:56:08.749+0200] {processor.py:925} INFO - DAG(s) 'tutorial_objectstorage' retrieved from /Users/nampham/.pyenv/versions/3.12.9/lib/python3.12/site-packages/airflow/example_dags/tutorial_objectstorage.py
[2025-02-28T22:56:08.781+0200] {logging_mixin.py:190} INFO - [2025-02-28T22:56:08.781+0200] {dag.py:3239} INFO - Sync 1 DAGs
[2025-02-28T22:56:08.785+0200] {logging_mixin.py:190} INFO - [2025-02-28T22:56:08.785+0200] {dag.py:4180} INFO - Setting next_dagrun for tutorial_objectstorage to None, run_after=None
[2025-02-28T22:56:08.791+0200] {processor.py:208} INFO - Processing /Users/nampham/.pyenv/versions/3.12.9/lib/python3.12/site-packages/airflow/example_dags/tutorial_objectstorage.py took 0.082 seconds
[2025-02-28T22:57:35.548+0200] {processor.py:186} INFO - Started process (PID=23279) to work on /Users/nampham/.pyenv/versions/3.12.9/lib/python3.12/site-packages/airflow/example_dags/tutorial_objectstorage.py
[2025-02-28T22:57:35.549+0200] {processor.py:914} INFO - Processing file /Users/nampham/.pyenv/versions/3.12.9/lib/python3.12/site-packages/airflow/example_dags/tutorial_objectstorage.py for tasks to queue
[2025-02-28T22:57:35.549+0200] {logging_mixin.py:190} INFO - [2025-02-28T22:57:35.549+0200] {dagbag.py:588} INFO - Filling up the DagBag from /Users/nampham/.pyenv/versions/3.12.9/lib/python3.12/site-packages/airflow/example_dags/tutorial_objectstorage.py
[2025-02-28T22:57:35.586+0200] {processor.py:925} INFO - DAG(s) 'tutorial_objectstorage' retrieved from /Users/nampham/.pyenv/versions/3.12.9/lib/python3.12/site-packages/airflow/example_dags/tutorial_objectstorage.py
[2025-02-28T22:57:35.620+0200] {logging_mixin.py:190} INFO - [2025-02-28T22:57:35.619+0200] {dag.py:3239} INFO - Sync 1 DAGs
[2025-02-28T22:57:35.623+0200] {logging_mixin.py:190} INFO - [2025-02-28T22:57:35.623+0200] {dag.py:4180} INFO - Setting next_dagrun for tutorial_objectstorage to None, run_after=None
[2025-02-28T22:57:35.629+0200] {processor.py:208} INFO - Processing /Users/nampham/.pyenv/versions/3.12.9/lib/python3.12/site-packages/airflow/example_dags/tutorial_objectstorage.py took 0.083 seconds
[2025-02-28T22:58:52.836+0200] {processor.py:186} INFO - Started process (PID=23530) to work on /Users/nampham/.pyenv/versions/3.12.9/lib/python3.12/site-packages/airflow/example_dags/tutorial_objectstorage.py
[2025-02-28T22:58:52.837+0200] {processor.py:914} INFO - Processing file /Users/nampham/.pyenv/versions/3.12.9/lib/python3.12/site-packages/airflow/example_dags/tutorial_objectstorage.py for tasks to queue
[2025-02-28T22:58:52.838+0200] {logging_mixin.py:190} INFO - [2025-02-28T22:58:52.838+0200] {dagbag.py:588} INFO - Filling up the DagBag from /Users/nampham/.pyenv/versions/3.12.9/lib/python3.12/site-packages/airflow/example_dags/tutorial_objectstorage.py
[2025-02-28T22:58:52.875+0200] {processor.py:925} INFO - DAG(s) 'tutorial_objectstorage' retrieved from /Users/nampham/.pyenv/versions/3.12.9/lib/python3.12/site-packages/airflow/example_dags/tutorial_objectstorage.py
[2025-02-28T22:58:52.908+0200] {logging_mixin.py:190} INFO - [2025-02-28T22:58:52.908+0200] {dag.py:3239} INFO - Sync 1 DAGs
[2025-02-28T22:58:52.911+0200] {logging_mixin.py:190} INFO - [2025-02-28T22:58:52.911+0200] {dag.py:4180} INFO - Setting next_dagrun for tutorial_objectstorage to None, run_after=None
[2025-02-28T22:58:52.918+0200] {processor.py:208} INFO - Processing /Users/nampham/.pyenv/versions/3.12.9/lib/python3.12/site-packages/airflow/example_dags/tutorial_objectstorage.py took 0.083 seconds
[2025-02-28T23:00:36.908+0200] {processor.py:186} INFO - Started process (PID=23899) to work on /Users/nampham/.pyenv/versions/3.12.9/lib/python3.12/site-packages/airflow/example_dags/tutorial_objectstorage.py
[2025-02-28T23:00:36.909+0200] {processor.py:914} INFO - Processing file /Users/nampham/.pyenv/versions/3.12.9/lib/python3.12/site-packages/airflow/example_dags/tutorial_objectstorage.py for tasks to queue
[2025-02-28T23:00:36.909+0200] {logging_mixin.py:190} INFO - [2025-02-28T23:00:36.909+0200] {dagbag.py:588} INFO - Filling up the DagBag from /Users/nampham/.pyenv/versions/3.12.9/lib/python3.12/site-packages/airflow/example_dags/tutorial_objectstorage.py
[2025-02-28T23:00:36.946+0200] {processor.py:925} INFO - DAG(s) 'tutorial_objectstorage' retrieved from /Users/nampham/.pyenv/versions/3.12.9/lib/python3.12/site-packages/airflow/example_dags/tutorial_objectstorage.py
[2025-02-28T23:00:36.978+0200] {logging_mixin.py:190} INFO - [2025-02-28T23:00:36.978+0200] {dag.py:3239} INFO - Sync 1 DAGs
[2025-02-28T23:00:36.981+0200] {logging_mixin.py:190} INFO - [2025-02-28T23:00:36.981+0200] {dag.py:4180} INFO - Setting next_dagrun for tutorial_objectstorage to None, run_after=None
[2025-02-28T23:00:36.987+0200] {processor.py:208} INFO - Processing /Users/nampham/.pyenv/versions/3.12.9/lib/python3.12/site-packages/airflow/example_dags/tutorial_objectstorage.py took 0.081 seconds
[2025-02-28T23:01:51.609+0200] {processor.py:186} INFO - Started process (PID=24145) to work on /Users/nampham/.pyenv/versions/3.12.9/lib/python3.12/site-packages/airflow/example_dags/tutorial_objectstorage.py
[2025-02-28T23:01:51.609+0200] {processor.py:914} INFO - Processing file /Users/nampham/.pyenv/versions/3.12.9/lib/python3.12/site-packages/airflow/example_dags/tutorial_objectstorage.py for tasks to queue
[2025-02-28T23:01:51.610+0200] {logging_mixin.py:190} INFO - [2025-02-28T23:01:51.610+0200] {dagbag.py:588} INFO - Filling up the DagBag from /Users/nampham/.pyenv/versions/3.12.9/lib/python3.12/site-packages/airflow/example_dags/tutorial_objectstorage.py
[2025-02-28T23:01:51.647+0200] {processor.py:925} INFO - DAG(s) 'tutorial_objectstorage' retrieved from /Users/nampham/.pyenv/versions/3.12.9/lib/python3.12/site-packages/airflow/example_dags/tutorial_objectstorage.py
[2025-02-28T23:01:51.679+0200] {logging_mixin.py:190} INFO - [2025-02-28T23:01:51.679+0200] {dag.py:3239} INFO - Sync 1 DAGs
[2025-02-28T23:01:51.683+0200] {logging_mixin.py:190} INFO - [2025-02-28T23:01:51.683+0200] {dag.py:4180} INFO - Setting next_dagrun for tutorial_objectstorage to None, run_after=None
[2025-02-28T23:01:51.689+0200] {processor.py:208} INFO - Processing /Users/nampham/.pyenv/versions/3.12.9/lib/python3.12/site-packages/airflow/example_dags/tutorial_objectstorage.py took 0.081 seconds
