[2025-02-28T18:24:18.154+0200] {processor.py:186} INFO - Started process (PID=93017) to work on /Users/nampham/.pyenv/versions/3.12.9/lib/python3.12/site-packages/airflow/example_dags/subdags/subdag.py
[2025-02-28T18:24:18.155+0200] {processor.py:914} INFO - Processing file /Users/nampham/.pyenv/versions/3.12.9/lib/python3.12/site-packages/airflow/example_dags/subdags/subdag.py for tasks to queue
[2025-02-28T18:24:18.155+0200] {logging_mixin.py:190} INFO - [2025-02-28T18:24:18.155+0200] {dagbag.py:588} INFO - Filling up the DagBag from /Users/nampham/.pyenv/versions/3.12.9/lib/python3.12/site-packages/airflow/example_dags/subdags/subdag.py
[2025-02-28T18:24:18.156+0200] {processor.py:927} WARNING - No viable dags retrieved from /Users/nampham/.pyenv/versions/3.12.9/lib/python3.12/site-packages/airflow/example_dags/subdags/subdag.py
[2025-02-28T18:24:18.212+0200] {processor.py:208} INFO - Processing /Users/nampham/.pyenv/versions/3.12.9/lib/python3.12/site-packages/airflow/example_dags/subdags/subdag.py took 0.059 seconds
[2025-02-28T18:26:06.835+0200] {processor.py:186} INFO - Started process (PID=93479) to work on /Users/nampham/.pyenv/versions/3.12.9/lib/python3.12/site-packages/airflow/example_dags/subdags/subdag.py
[2025-02-28T18:26:06.835+0200] {processor.py:914} INFO - Processing file /Users/nampham/.pyenv/versions/3.12.9/lib/python3.12/site-packages/airflow/example_dags/subdags/subdag.py for tasks to queue
[2025-02-28T18:26:06.836+0200] {logging_mixin.py:190} INFO - [2025-02-28T18:26:06.836+0200] {dagbag.py:588} INFO - Filling up the DagBag from /Users/nampham/.pyenv/versions/3.12.9/lib/python3.12/site-packages/airflow/example_dags/subdags/subdag.py
[2025-02-28T18:26:06.837+0200] {processor.py:927} WARNING - No viable dags retrieved from /Users/nampham/.pyenv/versions/3.12.9/lib/python3.12/site-packages/airflow/example_dags/subdags/subdag.py
[2025-02-28T18:26:06.890+0200] {processor.py:208} INFO - Processing /Users/nampham/.pyenv/versions/3.12.9/lib/python3.12/site-packages/airflow/example_dags/subdags/subdag.py took 0.057 seconds
[2025-02-28T18:27:26.376+0200] {processor.py:186} INFO - Started process (PID=93792) to work on /Users/nampham/.pyenv/versions/3.12.9/lib/python3.12/site-packages/airflow/example_dags/subdags/subdag.py
[2025-02-28T18:27:26.377+0200] {processor.py:914} INFO - Processing file /Users/nampham/.pyenv/versions/3.12.9/lib/python3.12/site-packages/airflow/example_dags/subdags/subdag.py for tasks to queue
[2025-02-28T18:27:26.377+0200] {logging_mixin.py:190} INFO - [2025-02-28T18:27:26.377+0200] {dagbag.py:588} INFO - Filling up the DagBag from /Users/nampham/.pyenv/versions/3.12.9/lib/python3.12/site-packages/airflow/example_dags/subdags/subdag.py
[2025-02-28T18:27:26.378+0200] {processor.py:927} WARNING - No viable dags retrieved from /Users/nampham/.pyenv/versions/3.12.9/lib/python3.12/site-packages/airflow/example_dags/subdags/subdag.py
[2025-02-28T18:27:26.441+0200] {processor.py:208} INFO - Processing /Users/nampham/.pyenv/versions/3.12.9/lib/python3.12/site-packages/airflow/example_dags/subdags/subdag.py took 0.067 seconds
[2025-02-28T18:28:45.409+0200] {processor.py:186} INFO - Started process (PID=94131) to work on /Users/nampham/.pyenv/versions/3.12.9/lib/python3.12/site-packages/airflow/example_dags/subdags/subdag.py
[2025-02-28T18:28:45.410+0200] {processor.py:914} INFO - Processing file /Users/nampham/.pyenv/versions/3.12.9/lib/python3.12/site-packages/airflow/example_dags/subdags/subdag.py for tasks to queue
[2025-02-28T18:28:45.411+0200] {logging_mixin.py:190} INFO - [2025-02-28T18:28:45.411+0200] {dagbag.py:588} INFO - Filling up the DagBag from /Users/nampham/.pyenv/versions/3.12.9/lib/python3.12/site-packages/airflow/example_dags/subdags/subdag.py
[2025-02-28T18:28:45.412+0200] {processor.py:927} WARNING - No viable dags retrieved from /Users/nampham/.pyenv/versions/3.12.9/lib/python3.12/site-packages/airflow/example_dags/subdags/subdag.py
[2025-02-28T18:28:45.466+0200] {processor.py:208} INFO - Processing /Users/nampham/.pyenv/versions/3.12.9/lib/python3.12/site-packages/airflow/example_dags/subdags/subdag.py took 0.058 seconds
[2025-02-28T18:30:08.057+0200] {processor.py:186} INFO - Started process (PID=94440) to work on /Users/nampham/.pyenv/versions/3.12.9/lib/python3.12/site-packages/airflow/example_dags/subdags/subdag.py
[2025-02-28T18:30:08.059+0200] {processor.py:914} INFO - Processing file /Users/nampham/.pyenv/versions/3.12.9/lib/python3.12/site-packages/airflow/example_dags/subdags/subdag.py for tasks to queue
[2025-02-28T18:30:08.059+0200] {logging_mixin.py:190} INFO - [2025-02-28T18:30:08.059+0200] {dagbag.py:588} INFO - Filling up the DagBag from /Users/nampham/.pyenv/versions/3.12.9/lib/python3.12/site-packages/airflow/example_dags/subdags/subdag.py
[2025-02-28T18:30:08.060+0200] {processor.py:927} WARNING - No viable dags retrieved from /Users/nampham/.pyenv/versions/3.12.9/lib/python3.12/site-packages/airflow/example_dags/subdags/subdag.py
[2025-02-28T18:30:08.132+0200] {processor.py:208} INFO - Processing /Users/nampham/.pyenv/versions/3.12.9/lib/python3.12/site-packages/airflow/example_dags/subdags/subdag.py took 0.076 seconds
[2025-02-28T18:31:42.948+0200] {processor.py:186} INFO - Started process (PID=94858) to work on /Users/nampham/.pyenv/versions/3.12.9/lib/python3.12/site-packages/airflow/example_dags/subdags/subdag.py
[2025-02-28T18:31:42.948+0200] {processor.py:914} INFO - Processing file /Users/nampham/.pyenv/versions/3.12.9/lib/python3.12/site-packages/airflow/example_dags/subdags/subdag.py for tasks to queue
[2025-02-28T18:31:42.949+0200] {logging_mixin.py:190} INFO - [2025-02-28T18:31:42.949+0200] {dagbag.py:588} INFO - Filling up the DagBag from /Users/nampham/.pyenv/versions/3.12.9/lib/python3.12/site-packages/airflow/example_dags/subdags/subdag.py
[2025-02-28T18:31:42.950+0200] {processor.py:927} WARNING - No viable dags retrieved from /Users/nampham/.pyenv/versions/3.12.9/lib/python3.12/site-packages/airflow/example_dags/subdags/subdag.py
[2025-02-28T18:31:43.005+0200] {processor.py:208} INFO - Processing /Users/nampham/.pyenv/versions/3.12.9/lib/python3.12/site-packages/airflow/example_dags/subdags/subdag.py took 0.059 seconds
[2025-02-28T20:10:30.501+0200] {processor.py:186} INFO - Started process (PID=97119) to work on /Users/nampham/.pyenv/versions/3.12.9/lib/python3.12/site-packages/airflow/example_dags/subdags/subdag.py
[2025-02-28T20:10:30.502+0200] {processor.py:914} INFO - Processing file /Users/nampham/.pyenv/versions/3.12.9/lib/python3.12/site-packages/airflow/example_dags/subdags/subdag.py for tasks to queue
[2025-02-28T20:10:30.502+0200] {logging_mixin.py:190} INFO - [2025-02-28T20:10:30.502+0200] {dagbag.py:588} INFO - Filling up the DagBag from /Users/nampham/.pyenv/versions/3.12.9/lib/python3.12/site-packages/airflow/example_dags/subdags/subdag.py
[2025-02-28T20:10:30.503+0200] {processor.py:927} WARNING - No viable dags retrieved from /Users/nampham/.pyenv/versions/3.12.9/lib/python3.12/site-packages/airflow/example_dags/subdags/subdag.py
[2025-02-28T20:10:30.557+0200] {processor.py:208} INFO - Processing /Users/nampham/.pyenv/versions/3.12.9/lib/python3.12/site-packages/airflow/example_dags/subdags/subdag.py took 0.058 seconds
[2025-02-28T20:12:18.474+0200] {processor.py:186} INFO - Started process (PID=97725) to work on /Users/nampham/.pyenv/versions/3.12.9/lib/python3.12/site-packages/airflow/example_dags/subdags/subdag.py
[2025-02-28T20:12:18.474+0200] {processor.py:914} INFO - Processing file /Users/nampham/.pyenv/versions/3.12.9/lib/python3.12/site-packages/airflow/example_dags/subdags/subdag.py for tasks to queue
[2025-02-28T20:12:18.475+0200] {logging_mixin.py:190} INFO - [2025-02-28T20:12:18.475+0200] {dagbag.py:588} INFO - Filling up the DagBag from /Users/nampham/.pyenv/versions/3.12.9/lib/python3.12/site-packages/airflow/example_dags/subdags/subdag.py
[2025-02-28T20:12:18.476+0200] {processor.py:927} WARNING - No viable dags retrieved from /Users/nampham/.pyenv/versions/3.12.9/lib/python3.12/site-packages/airflow/example_dags/subdags/subdag.py
[2025-02-28T20:12:18.535+0200] {processor.py:208} INFO - Processing /Users/nampham/.pyenv/versions/3.12.9/lib/python3.12/site-packages/airflow/example_dags/subdags/subdag.py took 0.063 seconds
[2025-02-28T20:14:10.313+0200] {processor.py:186} INFO - Started process (PID=98201) to work on /Users/nampham/.pyenv/versions/3.12.9/lib/python3.12/site-packages/airflow/example_dags/subdags/subdag.py
[2025-02-28T20:14:10.315+0200] {processor.py:914} INFO - Processing file /Users/nampham/.pyenv/versions/3.12.9/lib/python3.12/site-packages/airflow/example_dags/subdags/subdag.py for tasks to queue
[2025-02-28T20:14:10.316+0200] {logging_mixin.py:190} INFO - [2025-02-28T20:14:10.316+0200] {dagbag.py:588} INFO - Filling up the DagBag from /Users/nampham/.pyenv/versions/3.12.9/lib/python3.12/site-packages/airflow/example_dags/subdags/subdag.py
[2025-02-28T20:14:10.317+0200] {processor.py:927} WARNING - No viable dags retrieved from /Users/nampham/.pyenv/versions/3.12.9/lib/python3.12/site-packages/airflow/example_dags/subdags/subdag.py
[2025-02-28T20:14:10.375+0200] {processor.py:208} INFO - Processing /Users/nampham/.pyenv/versions/3.12.9/lib/python3.12/site-packages/airflow/example_dags/subdags/subdag.py took 0.063 seconds
[2025-02-28T20:15:30.721+0200] {processor.py:186} INFO - Started process (PID=98500) to work on /Users/nampham/.pyenv/versions/3.12.9/lib/python3.12/site-packages/airflow/example_dags/subdags/subdag.py
[2025-02-28T20:15:30.722+0200] {processor.py:914} INFO - Processing file /Users/nampham/.pyenv/versions/3.12.9/lib/python3.12/site-packages/airflow/example_dags/subdags/subdag.py for tasks to queue
[2025-02-28T20:15:30.723+0200] {logging_mixin.py:190} INFO - [2025-02-28T20:15:30.723+0200] {dagbag.py:588} INFO - Filling up the DagBag from /Users/nampham/.pyenv/versions/3.12.9/lib/python3.12/site-packages/airflow/example_dags/subdags/subdag.py
[2025-02-28T20:15:30.723+0200] {processor.py:927} WARNING - No viable dags retrieved from /Users/nampham/.pyenv/versions/3.12.9/lib/python3.12/site-packages/airflow/example_dags/subdags/subdag.py
[2025-02-28T20:15:30.779+0200] {processor.py:208} INFO - Processing /Users/nampham/.pyenv/versions/3.12.9/lib/python3.12/site-packages/airflow/example_dags/subdags/subdag.py took 0.059 seconds
[2025-02-28T20:16:49.164+0200] {processor.py:186} INFO - Started process (PID=98791) to work on /Users/nampham/.pyenv/versions/3.12.9/lib/python3.12/site-packages/airflow/example_dags/subdags/subdag.py
[2025-02-28T20:16:49.166+0200] {processor.py:914} INFO - Processing file /Users/nampham/.pyenv/versions/3.12.9/lib/python3.12/site-packages/airflow/example_dags/subdags/subdag.py for tasks to queue
[2025-02-28T20:16:49.166+0200] {logging_mixin.py:190} INFO - [2025-02-28T20:16:49.166+0200] {dagbag.py:588} INFO - Filling up the DagBag from /Users/nampham/.pyenv/versions/3.12.9/lib/python3.12/site-packages/airflow/example_dags/subdags/subdag.py
[2025-02-28T20:16:49.167+0200] {processor.py:927} WARNING - No viable dags retrieved from /Users/nampham/.pyenv/versions/3.12.9/lib/python3.12/site-packages/airflow/example_dags/subdags/subdag.py
[2025-02-28T20:16:49.220+0200] {processor.py:208} INFO - Processing /Users/nampham/.pyenv/versions/3.12.9/lib/python3.12/site-packages/airflow/example_dags/subdags/subdag.py took 0.058 seconds
[2025-02-28T20:18:03.041+0200] {processor.py:186} INFO - Started process (PID=99145) to work on /Users/nampham/.pyenv/versions/3.12.9/lib/python3.12/site-packages/airflow/example_dags/subdags/subdag.py
[2025-02-28T20:18:03.043+0200] {processor.py:914} INFO - Processing file /Users/nampham/.pyenv/versions/3.12.9/lib/python3.12/site-packages/airflow/example_dags/subdags/subdag.py for tasks to queue
[2025-02-28T20:18:03.044+0200] {logging_mixin.py:190} INFO - [2025-02-28T20:18:03.044+0200] {dagbag.py:588} INFO - Filling up the DagBag from /Users/nampham/.pyenv/versions/3.12.9/lib/python3.12/site-packages/airflow/example_dags/subdags/subdag.py
[2025-02-28T20:18:03.044+0200] {processor.py:927} WARNING - No viable dags retrieved from /Users/nampham/.pyenv/versions/3.12.9/lib/python3.12/site-packages/airflow/example_dags/subdags/subdag.py
[2025-02-28T20:18:03.100+0200] {processor.py:208} INFO - Processing /Users/nampham/.pyenv/versions/3.12.9/lib/python3.12/site-packages/airflow/example_dags/subdags/subdag.py took 0.060 seconds
[2025-02-28T20:19:53.345+0200] {processor.py:186} INFO - Started process (PID=99568) to work on /Users/nampham/.pyenv/versions/3.12.9/lib/python3.12/site-packages/airflow/example_dags/subdags/subdag.py
[2025-02-28T20:19:53.347+0200] {processor.py:914} INFO - Processing file /Users/nampham/.pyenv/versions/3.12.9/lib/python3.12/site-packages/airflow/example_dags/subdags/subdag.py for tasks to queue
[2025-02-28T20:19:53.347+0200] {logging_mixin.py:190} INFO - [2025-02-28T20:19:53.347+0200] {dagbag.py:588} INFO - Filling up the DagBag from /Users/nampham/.pyenv/versions/3.12.9/lib/python3.12/site-packages/airflow/example_dags/subdags/subdag.py
[2025-02-28T20:19:53.348+0200] {processor.py:927} WARNING - No viable dags retrieved from /Users/nampham/.pyenv/versions/3.12.9/lib/python3.12/site-packages/airflow/example_dags/subdags/subdag.py
[2025-02-28T20:19:53.419+0200] {processor.py:208} INFO - Processing /Users/nampham/.pyenv/versions/3.12.9/lib/python3.12/site-packages/airflow/example_dags/subdags/subdag.py took 0.077 seconds
[2025-02-28T20:21:13.533+0200] {processor.py:186} INFO - Started process (PID=99910) to work on /Users/nampham/.pyenv/versions/3.12.9/lib/python3.12/site-packages/airflow/example_dags/subdags/subdag.py
[2025-02-28T20:21:13.535+0200] {processor.py:914} INFO - Processing file /Users/nampham/.pyenv/versions/3.12.9/lib/python3.12/site-packages/airflow/example_dags/subdags/subdag.py for tasks to queue
[2025-02-28T20:21:13.535+0200] {logging_mixin.py:190} INFO - [2025-02-28T20:21:13.535+0200] {dagbag.py:588} INFO - Filling up the DagBag from /Users/nampham/.pyenv/versions/3.12.9/lib/python3.12/site-packages/airflow/example_dags/subdags/subdag.py
[2025-02-28T20:21:13.538+0200] {processor.py:927} WARNING - No viable dags retrieved from /Users/nampham/.pyenv/versions/3.12.9/lib/python3.12/site-packages/airflow/example_dags/subdags/subdag.py
[2025-02-28T20:21:13.667+0200] {processor.py:208} INFO - Processing /Users/nampham/.pyenv/versions/3.12.9/lib/python3.12/site-packages/airflow/example_dags/subdags/subdag.py took 0.136 seconds
[2025-02-28T20:22:29.361+0200] {processor.py:186} INFO - Started process (PID=261) to work on /Users/nampham/.pyenv/versions/3.12.9/lib/python3.12/site-packages/airflow/example_dags/subdags/subdag.py
[2025-02-28T20:22:29.363+0200] {processor.py:914} INFO - Processing file /Users/nampham/.pyenv/versions/3.12.9/lib/python3.12/site-packages/airflow/example_dags/subdags/subdag.py for tasks to queue
[2025-02-28T20:22:29.363+0200] {logging_mixin.py:190} INFO - [2025-02-28T20:22:29.363+0200] {dagbag.py:588} INFO - Filling up the DagBag from /Users/nampham/.pyenv/versions/3.12.9/lib/python3.12/site-packages/airflow/example_dags/subdags/subdag.py
[2025-02-28T20:22:29.364+0200] {processor.py:927} WARNING - No viable dags retrieved from /Users/nampham/.pyenv/versions/3.12.9/lib/python3.12/site-packages/airflow/example_dags/subdags/subdag.py
[2025-02-28T20:22:29.418+0200] {processor.py:208} INFO - Processing /Users/nampham/.pyenv/versions/3.12.9/lib/python3.12/site-packages/airflow/example_dags/subdags/subdag.py took 0.058 seconds
[2025-02-28T21:27:14.434+0200] {processor.py:186} INFO - Started process (PID=5362) to work on /Users/nampham/.pyenv/versions/3.12.9/lib/python3.12/site-packages/airflow/example_dags/subdags/subdag.py
[2025-02-28T21:27:14.437+0200] {processor.py:914} INFO - Processing file /Users/nampham/.pyenv/versions/3.12.9/lib/python3.12/site-packages/airflow/example_dags/subdags/subdag.py for tasks to queue
[2025-02-28T21:27:14.438+0200] {logging_mixin.py:190} INFO - [2025-02-28T21:27:14.438+0200] {dagbag.py:588} INFO - Filling up the DagBag from /Users/nampham/.pyenv/versions/3.12.9/lib/python3.12/site-packages/airflow/example_dags/subdags/subdag.py
[2025-02-28T21:27:14.439+0200] {processor.py:927} WARNING - No viable dags retrieved from /Users/nampham/.pyenv/versions/3.12.9/lib/python3.12/site-packages/airflow/example_dags/subdags/subdag.py
[2025-02-28T21:27:14.493+0200] {processor.py:208} INFO - Processing /Users/nampham/.pyenv/versions/3.12.9/lib/python3.12/site-packages/airflow/example_dags/subdags/subdag.py took 0.060 seconds
[2025-02-28T21:29:59.641+0200] {processor.py:186} INFO - Started process (PID=6015) to work on /Users/nampham/.pyenv/versions/3.12.9/lib/python3.12/site-packages/airflow/example_dags/subdags/subdag.py
[2025-02-28T21:29:59.643+0200] {processor.py:914} INFO - Processing file /Users/nampham/.pyenv/versions/3.12.9/lib/python3.12/site-packages/airflow/example_dags/subdags/subdag.py for tasks to queue
[2025-02-28T21:29:59.643+0200] {logging_mixin.py:190} INFO - [2025-02-28T21:29:59.643+0200] {dagbag.py:588} INFO - Filling up the DagBag from /Users/nampham/.pyenv/versions/3.12.9/lib/python3.12/site-packages/airflow/example_dags/subdags/subdag.py
[2025-02-28T21:29:59.644+0200] {processor.py:927} WARNING - No viable dags retrieved from /Users/nampham/.pyenv/versions/3.12.9/lib/python3.12/site-packages/airflow/example_dags/subdags/subdag.py
[2025-02-28T21:29:59.701+0200] {processor.py:208} INFO - Processing /Users/nampham/.pyenv/versions/3.12.9/lib/python3.12/site-packages/airflow/example_dags/subdags/subdag.py took 0.060 seconds
[2025-02-28T21:31:48.769+0200] {processor.py:186} INFO - Started process (PID=6455) to work on /Users/nampham/.pyenv/versions/3.12.9/lib/python3.12/site-packages/airflow/example_dags/subdags/subdag.py
[2025-02-28T21:31:48.770+0200] {processor.py:914} INFO - Processing file /Users/nampham/.pyenv/versions/3.12.9/lib/python3.12/site-packages/airflow/example_dags/subdags/subdag.py for tasks to queue
[2025-02-28T21:31:48.770+0200] {logging_mixin.py:190} INFO - [2025-02-28T21:31:48.770+0200] {dagbag.py:588} INFO - Filling up the DagBag from /Users/nampham/.pyenv/versions/3.12.9/lib/python3.12/site-packages/airflow/example_dags/subdags/subdag.py
[2025-02-28T21:31:48.771+0200] {processor.py:927} WARNING - No viable dags retrieved from /Users/nampham/.pyenv/versions/3.12.9/lib/python3.12/site-packages/airflow/example_dags/subdags/subdag.py
[2025-02-28T21:31:48.826+0200] {processor.py:208} INFO - Processing /Users/nampham/.pyenv/versions/3.12.9/lib/python3.12/site-packages/airflow/example_dags/subdags/subdag.py took 0.058 seconds
[2025-02-28T21:33:07.858+0200] {processor.py:186} INFO - Started process (PID=6969) to work on /Users/nampham/.pyenv/versions/3.12.9/lib/python3.12/site-packages/airflow/example_dags/subdags/subdag.py
[2025-02-28T21:33:07.860+0200] {processor.py:914} INFO - Processing file /Users/nampham/.pyenv/versions/3.12.9/lib/python3.12/site-packages/airflow/example_dags/subdags/subdag.py for tasks to queue
[2025-02-28T21:33:07.860+0200] {logging_mixin.py:190} INFO - [2025-02-28T21:33:07.860+0200] {dagbag.py:588} INFO - Filling up the DagBag from /Users/nampham/.pyenv/versions/3.12.9/lib/python3.12/site-packages/airflow/example_dags/subdags/subdag.py
[2025-02-28T21:33:07.861+0200] {processor.py:927} WARNING - No viable dags retrieved from /Users/nampham/.pyenv/versions/3.12.9/lib/python3.12/site-packages/airflow/example_dags/subdags/subdag.py
[2025-02-28T21:33:07.915+0200] {processor.py:208} INFO - Processing /Users/nampham/.pyenv/versions/3.12.9/lib/python3.12/site-packages/airflow/example_dags/subdags/subdag.py took 0.058 seconds
[2025-02-28T21:34:26.033+0200] {processor.py:186} INFO - Started process (PID=7254) to work on /Users/nampham/.pyenv/versions/3.12.9/lib/python3.12/site-packages/airflow/example_dags/subdags/subdag.py
[2025-02-28T21:34:26.034+0200] {processor.py:914} INFO - Processing file /Users/nampham/.pyenv/versions/3.12.9/lib/python3.12/site-packages/airflow/example_dags/subdags/subdag.py for tasks to queue
[2025-02-28T21:34:26.035+0200] {logging_mixin.py:190} INFO - [2025-02-28T21:34:26.034+0200] {dagbag.py:588} INFO - Filling up the DagBag from /Users/nampham/.pyenv/versions/3.12.9/lib/python3.12/site-packages/airflow/example_dags/subdags/subdag.py
[2025-02-28T21:34:26.035+0200] {processor.py:927} WARNING - No viable dags retrieved from /Users/nampham/.pyenv/versions/3.12.9/lib/python3.12/site-packages/airflow/example_dags/subdags/subdag.py
[2025-02-28T21:34:26.094+0200] {processor.py:208} INFO - Processing /Users/nampham/.pyenv/versions/3.12.9/lib/python3.12/site-packages/airflow/example_dags/subdags/subdag.py took 0.063 seconds
[2025-02-28T21:36:22.618+0200] {processor.py:186} INFO - Started process (PID=7750) to work on /Users/nampham/.pyenv/versions/3.12.9/lib/python3.12/site-packages/airflow/example_dags/subdags/subdag.py
[2025-02-28T21:36:22.619+0200] {processor.py:914} INFO - Processing file /Users/nampham/.pyenv/versions/3.12.9/lib/python3.12/site-packages/airflow/example_dags/subdags/subdag.py for tasks to queue
[2025-02-28T21:36:22.619+0200] {logging_mixin.py:190} INFO - [2025-02-28T21:36:22.619+0200] {dagbag.py:588} INFO - Filling up the DagBag from /Users/nampham/.pyenv/versions/3.12.9/lib/python3.12/site-packages/airflow/example_dags/subdags/subdag.py
[2025-02-28T21:36:22.620+0200] {processor.py:927} WARNING - No viable dags retrieved from /Users/nampham/.pyenv/versions/3.12.9/lib/python3.12/site-packages/airflow/example_dags/subdags/subdag.py
[2025-02-28T21:36:22.676+0200] {processor.py:208} INFO - Processing /Users/nampham/.pyenv/versions/3.12.9/lib/python3.12/site-packages/airflow/example_dags/subdags/subdag.py took 0.059 seconds
[2025-02-28T21:38:14.735+0200] {processor.py:186} INFO - Started process (PID=8187) to work on /Users/nampham/.pyenv/versions/3.12.9/lib/python3.12/site-packages/airflow/example_dags/subdags/subdag.py
[2025-02-28T21:38:14.736+0200] {processor.py:914} INFO - Processing file /Users/nampham/.pyenv/versions/3.12.9/lib/python3.12/site-packages/airflow/example_dags/subdags/subdag.py for tasks to queue
[2025-02-28T21:38:14.736+0200] {logging_mixin.py:190} INFO - [2025-02-28T21:38:14.736+0200] {dagbag.py:588} INFO - Filling up the DagBag from /Users/nampham/.pyenv/versions/3.12.9/lib/python3.12/site-packages/airflow/example_dags/subdags/subdag.py
[2025-02-28T21:38:14.737+0200] {processor.py:927} WARNING - No viable dags retrieved from /Users/nampham/.pyenv/versions/3.12.9/lib/python3.12/site-packages/airflow/example_dags/subdags/subdag.py
[2025-02-28T21:38:14.792+0200] {processor.py:208} INFO - Processing /Users/nampham/.pyenv/versions/3.12.9/lib/python3.12/site-packages/airflow/example_dags/subdags/subdag.py took 0.058 seconds
[2025-02-28T21:39:32.292+0200] {processor.py:186} INFO - Started process (PID=8471) to work on /Users/nampham/.pyenv/versions/3.12.9/lib/python3.12/site-packages/airflow/example_dags/subdags/subdag.py
[2025-02-28T21:39:32.293+0200] {processor.py:914} INFO - Processing file /Users/nampham/.pyenv/versions/3.12.9/lib/python3.12/site-packages/airflow/example_dags/subdags/subdag.py for tasks to queue
[2025-02-28T21:39:32.293+0200] {logging_mixin.py:190} INFO - [2025-02-28T21:39:32.293+0200] {dagbag.py:588} INFO - Filling up the DagBag from /Users/nampham/.pyenv/versions/3.12.9/lib/python3.12/site-packages/airflow/example_dags/subdags/subdag.py
[2025-02-28T21:39:32.294+0200] {processor.py:927} WARNING - No viable dags retrieved from /Users/nampham/.pyenv/versions/3.12.9/lib/python3.12/site-packages/airflow/example_dags/subdags/subdag.py
[2025-02-28T21:39:32.351+0200] {processor.py:208} INFO - Processing /Users/nampham/.pyenv/versions/3.12.9/lib/python3.12/site-packages/airflow/example_dags/subdags/subdag.py took 0.061 seconds
[2025-02-28T21:40:51.223+0200] {processor.py:186} INFO - Started process (PID=8749) to work on /Users/nampham/.pyenv/versions/3.12.9/lib/python3.12/site-packages/airflow/example_dags/subdags/subdag.py
[2025-02-28T21:40:51.224+0200] {processor.py:914} INFO - Processing file /Users/nampham/.pyenv/versions/3.12.9/lib/python3.12/site-packages/airflow/example_dags/subdags/subdag.py for tasks to queue
[2025-02-28T21:40:51.225+0200] {logging_mixin.py:190} INFO - [2025-02-28T21:40:51.224+0200] {dagbag.py:588} INFO - Filling up the DagBag from /Users/nampham/.pyenv/versions/3.12.9/lib/python3.12/site-packages/airflow/example_dags/subdags/subdag.py
[2025-02-28T21:40:51.226+0200] {processor.py:927} WARNING - No viable dags retrieved from /Users/nampham/.pyenv/versions/3.12.9/lib/python3.12/site-packages/airflow/example_dags/subdags/subdag.py
[2025-02-28T21:40:51.284+0200] {processor.py:208} INFO - Processing /Users/nampham/.pyenv/versions/3.12.9/lib/python3.12/site-packages/airflow/example_dags/subdags/subdag.py took 0.062 seconds
[2025-02-28T21:41:52.877+0200] {processor.py:186} INFO - Started process (PID=9051) to work on /Users/nampham/.pyenv/versions/3.12.9/lib/python3.12/site-packages/airflow/example_dags/subdags/subdag.py
[2025-02-28T21:41:52.878+0200] {processor.py:914} INFO - Processing file /Users/nampham/.pyenv/versions/3.12.9/lib/python3.12/site-packages/airflow/example_dags/subdags/subdag.py for tasks to queue
[2025-02-28T21:41:52.879+0200] {logging_mixin.py:190} INFO - [2025-02-28T21:41:52.878+0200] {dagbag.py:588} INFO - Filling up the DagBag from /Users/nampham/.pyenv/versions/3.12.9/lib/python3.12/site-packages/airflow/example_dags/subdags/subdag.py
[2025-02-28T21:41:52.879+0200] {processor.py:927} WARNING - No viable dags retrieved from /Users/nampham/.pyenv/versions/3.12.9/lib/python3.12/site-packages/airflow/example_dags/subdags/subdag.py
[2025-02-28T21:41:52.936+0200] {processor.py:208} INFO - Processing /Users/nampham/.pyenv/versions/3.12.9/lib/python3.12/site-packages/airflow/example_dags/subdags/subdag.py took 0.060 seconds
[2025-02-28T21:42:57.294+0200] {processor.py:186} INFO - Started process (PID=9414) to work on /Users/nampham/.pyenv/versions/3.12.9/lib/python3.12/site-packages/airflow/example_dags/subdags/subdag.py
[2025-02-28T21:42:57.295+0200] {processor.py:914} INFO - Processing file /Users/nampham/.pyenv/versions/3.12.9/lib/python3.12/site-packages/airflow/example_dags/subdags/subdag.py for tasks to queue
[2025-02-28T21:42:57.296+0200] {logging_mixin.py:190} INFO - [2025-02-28T21:42:57.296+0200] {dagbag.py:588} INFO - Filling up the DagBag from /Users/nampham/.pyenv/versions/3.12.9/lib/python3.12/site-packages/airflow/example_dags/subdags/subdag.py
[2025-02-28T21:42:57.296+0200] {processor.py:927} WARNING - No viable dags retrieved from /Users/nampham/.pyenv/versions/3.12.9/lib/python3.12/site-packages/airflow/example_dags/subdags/subdag.py
[2025-02-28T21:42:57.357+0200] {processor.py:208} INFO - Processing /Users/nampham/.pyenv/versions/3.12.9/lib/python3.12/site-packages/airflow/example_dags/subdags/subdag.py took 0.065 seconds
[2025-02-28T21:44:53.164+0200] {processor.py:186} INFO - Started process (PID=9933) to work on /Users/nampham/.pyenv/versions/3.12.9/lib/python3.12/site-packages/airflow/example_dags/subdags/subdag.py
[2025-02-28T21:44:53.164+0200] {processor.py:914} INFO - Processing file /Users/nampham/.pyenv/versions/3.12.9/lib/python3.12/site-packages/airflow/example_dags/subdags/subdag.py for tasks to queue
[2025-02-28T21:44:53.165+0200] {logging_mixin.py:190} INFO - [2025-02-28T21:44:53.165+0200] {dagbag.py:588} INFO - Filling up the DagBag from /Users/nampham/.pyenv/versions/3.12.9/lib/python3.12/site-packages/airflow/example_dags/subdags/subdag.py
[2025-02-28T21:44:53.165+0200] {processor.py:927} WARNING - No viable dags retrieved from /Users/nampham/.pyenv/versions/3.12.9/lib/python3.12/site-packages/airflow/example_dags/subdags/subdag.py
[2025-02-28T21:44:53.247+0200] {processor.py:208} INFO - Processing /Users/nampham/.pyenv/versions/3.12.9/lib/python3.12/site-packages/airflow/example_dags/subdags/subdag.py took 0.085 seconds
[2025-02-28T21:47:13.330+0200] {processor.py:186} INFO - Started process (PID=10448) to work on /Users/nampham/.pyenv/versions/3.12.9/lib/python3.12/site-packages/airflow/example_dags/subdags/subdag.py
[2025-02-28T21:47:13.331+0200] {processor.py:914} INFO - Processing file /Users/nampham/.pyenv/versions/3.12.9/lib/python3.12/site-packages/airflow/example_dags/subdags/subdag.py for tasks to queue
[2025-02-28T21:47:13.332+0200] {logging_mixin.py:190} INFO - [2025-02-28T21:47:13.332+0200] {dagbag.py:588} INFO - Filling up the DagBag from /Users/nampham/.pyenv/versions/3.12.9/lib/python3.12/site-packages/airflow/example_dags/subdags/subdag.py
[2025-02-28T21:47:13.333+0200] {processor.py:927} WARNING - No viable dags retrieved from /Users/nampham/.pyenv/versions/3.12.9/lib/python3.12/site-packages/airflow/example_dags/subdags/subdag.py
[2025-02-28T21:47:13.386+0200] {processor.py:208} INFO - Processing /Users/nampham/.pyenv/versions/3.12.9/lib/python3.12/site-packages/airflow/example_dags/subdags/subdag.py took 0.057 seconds
[2025-02-28T21:49:17.322+0200] {processor.py:186} INFO - Started process (PID=10922) to work on /Users/nampham/.pyenv/versions/3.12.9/lib/python3.12/site-packages/airflow/example_dags/subdags/subdag.py
[2025-02-28T21:49:17.323+0200] {processor.py:914} INFO - Processing file /Users/nampham/.pyenv/versions/3.12.9/lib/python3.12/site-packages/airflow/example_dags/subdags/subdag.py for tasks to queue
[2025-02-28T21:49:17.323+0200] {logging_mixin.py:190} INFO - [2025-02-28T21:49:17.323+0200] {dagbag.py:588} INFO - Filling up the DagBag from /Users/nampham/.pyenv/versions/3.12.9/lib/python3.12/site-packages/airflow/example_dags/subdags/subdag.py
[2025-02-28T21:49:17.324+0200] {processor.py:927} WARNING - No viable dags retrieved from /Users/nampham/.pyenv/versions/3.12.9/lib/python3.12/site-packages/airflow/example_dags/subdags/subdag.py
[2025-02-28T21:49:17.378+0200] {processor.py:208} INFO - Processing /Users/nampham/.pyenv/versions/3.12.9/lib/python3.12/site-packages/airflow/example_dags/subdags/subdag.py took 0.058 seconds
[2025-02-28T21:51:05.283+0200] {processor.py:186} INFO - Started process (PID=11293) to work on /Users/nampham/.pyenv/versions/3.12.9/lib/python3.12/site-packages/airflow/example_dags/subdags/subdag.py
[2025-02-28T21:51:05.283+0200] {processor.py:914} INFO - Processing file /Users/nampham/.pyenv/versions/3.12.9/lib/python3.12/site-packages/airflow/example_dags/subdags/subdag.py for tasks to queue
[2025-02-28T21:51:05.284+0200] {logging_mixin.py:190} INFO - [2025-02-28T21:51:05.284+0200] {dagbag.py:588} INFO - Filling up the DagBag from /Users/nampham/.pyenv/versions/3.12.9/lib/python3.12/site-packages/airflow/example_dags/subdags/subdag.py
[2025-02-28T21:51:05.284+0200] {processor.py:927} WARNING - No viable dags retrieved from /Users/nampham/.pyenv/versions/3.12.9/lib/python3.12/site-packages/airflow/example_dags/subdags/subdag.py
[2025-02-28T21:51:05.338+0200] {processor.py:208} INFO - Processing /Users/nampham/.pyenv/versions/3.12.9/lib/python3.12/site-packages/airflow/example_dags/subdags/subdag.py took 0.057 seconds
[2025-02-28T21:54:57.582+0200] {processor.py:186} INFO - Started process (PID=11915) to work on /Users/nampham/.pyenv/versions/3.12.9/lib/python3.12/site-packages/airflow/example_dags/subdags/subdag.py
[2025-02-28T21:54:57.583+0200] {processor.py:914} INFO - Processing file /Users/nampham/.pyenv/versions/3.12.9/lib/python3.12/site-packages/airflow/example_dags/subdags/subdag.py for tasks to queue
[2025-02-28T21:54:57.583+0200] {logging_mixin.py:190} INFO - [2025-02-28T21:54:57.583+0200] {dagbag.py:588} INFO - Filling up the DagBag from /Users/nampham/.pyenv/versions/3.12.9/lib/python3.12/site-packages/airflow/example_dags/subdags/subdag.py
[2025-02-28T21:54:57.584+0200] {processor.py:927} WARNING - No viable dags retrieved from /Users/nampham/.pyenv/versions/3.12.9/lib/python3.12/site-packages/airflow/example_dags/subdags/subdag.py
[2025-02-28T21:54:57.638+0200] {processor.py:208} INFO - Processing /Users/nampham/.pyenv/versions/3.12.9/lib/python3.12/site-packages/airflow/example_dags/subdags/subdag.py took 0.058 seconds
[2025-02-28T22:14:11.736+0200] {processor.py:186} INFO - Started process (PID=15605) to work on /Users/nampham/.pyenv/versions/3.12.9/lib/python3.12/site-packages/airflow/example_dags/subdags/subdag.py
[2025-02-28T22:14:11.736+0200] {processor.py:914} INFO - Processing file /Users/nampham/.pyenv/versions/3.12.9/lib/python3.12/site-packages/airflow/example_dags/subdags/subdag.py for tasks to queue
[2025-02-28T22:14:11.737+0200] {logging_mixin.py:190} INFO - [2025-02-28T22:14:11.737+0200] {dagbag.py:588} INFO - Filling up the DagBag from /Users/nampham/.pyenv/versions/3.12.9/lib/python3.12/site-packages/airflow/example_dags/subdags/subdag.py
[2025-02-28T22:14:11.738+0200] {processor.py:927} WARNING - No viable dags retrieved from /Users/nampham/.pyenv/versions/3.12.9/lib/python3.12/site-packages/airflow/example_dags/subdags/subdag.py
[2025-02-28T22:14:11.791+0200] {processor.py:208} INFO - Processing /Users/nampham/.pyenv/versions/3.12.9/lib/python3.12/site-packages/airflow/example_dags/subdags/subdag.py took 0.057 seconds
[2025-02-28T22:25:41.809+0200] {processor.py:186} INFO - Started process (PID=17636) to work on /Users/nampham/.pyenv/versions/3.12.9/lib/python3.12/site-packages/airflow/example_dags/subdags/subdag.py
[2025-02-28T22:25:41.810+0200] {processor.py:914} INFO - Processing file /Users/nampham/.pyenv/versions/3.12.9/lib/python3.12/site-packages/airflow/example_dags/subdags/subdag.py for tasks to queue
[2025-02-28T22:25:41.810+0200] {logging_mixin.py:190} INFO - [2025-02-28T22:25:41.810+0200] {dagbag.py:588} INFO - Filling up the DagBag from /Users/nampham/.pyenv/versions/3.12.9/lib/python3.12/site-packages/airflow/example_dags/subdags/subdag.py
[2025-02-28T22:25:41.811+0200] {processor.py:927} WARNING - No viable dags retrieved from /Users/nampham/.pyenv/versions/3.12.9/lib/python3.12/site-packages/airflow/example_dags/subdags/subdag.py
[2025-02-28T22:25:41.866+0200] {processor.py:208} INFO - Processing /Users/nampham/.pyenv/versions/3.12.9/lib/python3.12/site-packages/airflow/example_dags/subdags/subdag.py took 0.058 seconds
[2025-02-28T22:27:14.119+0200] {processor.py:186} INFO - Started process (PID=17947) to work on /Users/nampham/.pyenv/versions/3.12.9/lib/python3.12/site-packages/airflow/example_dags/subdags/subdag.py
[2025-02-28T22:27:14.120+0200] {processor.py:914} INFO - Processing file /Users/nampham/.pyenv/versions/3.12.9/lib/python3.12/site-packages/airflow/example_dags/subdags/subdag.py for tasks to queue
[2025-02-28T22:27:14.121+0200] {logging_mixin.py:190} INFO - [2025-02-28T22:27:14.121+0200] {dagbag.py:588} INFO - Filling up the DagBag from /Users/nampham/.pyenv/versions/3.12.9/lib/python3.12/site-packages/airflow/example_dags/subdags/subdag.py
[2025-02-28T22:27:14.122+0200] {processor.py:927} WARNING - No viable dags retrieved from /Users/nampham/.pyenv/versions/3.12.9/lib/python3.12/site-packages/airflow/example_dags/subdags/subdag.py
[2025-02-28T22:27:14.175+0200] {processor.py:208} INFO - Processing /Users/nampham/.pyenv/versions/3.12.9/lib/python3.12/site-packages/airflow/example_dags/subdags/subdag.py took 0.057 seconds
[2025-02-28T22:29:07.133+0200] {processor.py:186} INFO - Started process (PID=18401) to work on /Users/nampham/.pyenv/versions/3.12.9/lib/python3.12/site-packages/airflow/example_dags/subdags/subdag.py
[2025-02-28T22:29:07.134+0200] {processor.py:914} INFO - Processing file /Users/nampham/.pyenv/versions/3.12.9/lib/python3.12/site-packages/airflow/example_dags/subdags/subdag.py for tasks to queue
[2025-02-28T22:29:07.134+0200] {logging_mixin.py:190} INFO - [2025-02-28T22:29:07.134+0200] {dagbag.py:588} INFO - Filling up the DagBag from /Users/nampham/.pyenv/versions/3.12.9/lib/python3.12/site-packages/airflow/example_dags/subdags/subdag.py
[2025-02-28T22:29:07.135+0200] {processor.py:927} WARNING - No viable dags retrieved from /Users/nampham/.pyenv/versions/3.12.9/lib/python3.12/site-packages/airflow/example_dags/subdags/subdag.py
[2025-02-28T22:29:07.190+0200] {processor.py:208} INFO - Processing /Users/nampham/.pyenv/versions/3.12.9/lib/python3.12/site-packages/airflow/example_dags/subdags/subdag.py took 0.059 seconds
[2025-02-28T22:33:53.306+0200] {processor.py:186} INFO - Started process (PID=19330) to work on /Users/nampham/.pyenv/versions/3.12.9/lib/python3.12/site-packages/airflow/example_dags/subdags/subdag.py
[2025-02-28T22:33:53.307+0200] {processor.py:914} INFO - Processing file /Users/nampham/.pyenv/versions/3.12.9/lib/python3.12/site-packages/airflow/example_dags/subdags/subdag.py for tasks to queue
[2025-02-28T22:33:53.308+0200] {logging_mixin.py:190} INFO - [2025-02-28T22:33:53.308+0200] {dagbag.py:588} INFO - Filling up the DagBag from /Users/nampham/.pyenv/versions/3.12.9/lib/python3.12/site-packages/airflow/example_dags/subdags/subdag.py
[2025-02-28T22:33:53.309+0200] {processor.py:927} WARNING - No viable dags retrieved from /Users/nampham/.pyenv/versions/3.12.9/lib/python3.12/site-packages/airflow/example_dags/subdags/subdag.py
[2025-02-28T22:33:53.364+0200] {processor.py:208} INFO - Processing /Users/nampham/.pyenv/versions/3.12.9/lib/python3.12/site-packages/airflow/example_dags/subdags/subdag.py took 0.058 seconds
[2025-02-28T22:37:10.118+0200] {processor.py:186} INFO - Started process (PID=20051) to work on /Users/nampham/.pyenv/versions/3.12.9/lib/python3.12/site-packages/airflow/example_dags/subdags/subdag.py
[2025-02-28T22:37:10.121+0200] {processor.py:914} INFO - Processing file /Users/nampham/.pyenv/versions/3.12.9/lib/python3.12/site-packages/airflow/example_dags/subdags/subdag.py for tasks to queue
[2025-02-28T22:37:10.121+0200] {logging_mixin.py:190} INFO - [2025-02-28T22:37:10.121+0200] {dagbag.py:588} INFO - Filling up the DagBag from /Users/nampham/.pyenv/versions/3.12.9/lib/python3.12/site-packages/airflow/example_dags/subdags/subdag.py
[2025-02-28T22:37:10.122+0200] {processor.py:927} WARNING - No viable dags retrieved from /Users/nampham/.pyenv/versions/3.12.9/lib/python3.12/site-packages/airflow/example_dags/subdags/subdag.py
[2025-02-28T22:37:10.177+0200] {processor.py:208} INFO - Processing /Users/nampham/.pyenv/versions/3.12.9/lib/python3.12/site-packages/airflow/example_dags/subdags/subdag.py took 0.060 seconds
[2025-02-28T22:38:53.352+0200] {processor.py:186} INFO - Started process (PID=20400) to work on /Users/nampham/.pyenv/versions/3.12.9/lib/python3.12/site-packages/airflow/example_dags/subdags/subdag.py
[2025-02-28T22:38:53.353+0200] {processor.py:914} INFO - Processing file /Users/nampham/.pyenv/versions/3.12.9/lib/python3.12/site-packages/airflow/example_dags/subdags/subdag.py for tasks to queue
[2025-02-28T22:38:53.354+0200] {logging_mixin.py:190} INFO - [2025-02-28T22:38:53.353+0200] {dagbag.py:588} INFO - Filling up the DagBag from /Users/nampham/.pyenv/versions/3.12.9/lib/python3.12/site-packages/airflow/example_dags/subdags/subdag.py
[2025-02-28T22:38:53.354+0200] {processor.py:927} WARNING - No viable dags retrieved from /Users/nampham/.pyenv/versions/3.12.9/lib/python3.12/site-packages/airflow/example_dags/subdags/subdag.py
[2025-02-28T22:38:53.407+0200] {processor.py:208} INFO - Processing /Users/nampham/.pyenv/versions/3.12.9/lib/python3.12/site-packages/airflow/example_dags/subdags/subdag.py took 0.057 seconds
[2025-02-28T22:40:24.555+0200] {processor.py:186} INFO - Started process (PID=20694) to work on /Users/nampham/.pyenv/versions/3.12.9/lib/python3.12/site-packages/airflow/example_dags/subdags/subdag.py
[2025-02-28T22:40:24.556+0200] {processor.py:914} INFO - Processing file /Users/nampham/.pyenv/versions/3.12.9/lib/python3.12/site-packages/airflow/example_dags/subdags/subdag.py for tasks to queue
[2025-02-28T22:40:24.556+0200] {logging_mixin.py:190} INFO - [2025-02-28T22:40:24.556+0200] {dagbag.py:588} INFO - Filling up the DagBag from /Users/nampham/.pyenv/versions/3.12.9/lib/python3.12/site-packages/airflow/example_dags/subdags/subdag.py
[2025-02-28T22:40:24.557+0200] {processor.py:927} WARNING - No viable dags retrieved from /Users/nampham/.pyenv/versions/3.12.9/lib/python3.12/site-packages/airflow/example_dags/subdags/subdag.py
[2025-02-28T22:40:24.610+0200] {processor.py:208} INFO - Processing /Users/nampham/.pyenv/versions/3.12.9/lib/python3.12/site-packages/airflow/example_dags/subdags/subdag.py took 0.056 seconds
[2025-02-28T22:41:42.630+0200] {processor.py:186} INFO - Started process (PID=20958) to work on /Users/nampham/.pyenv/versions/3.12.9/lib/python3.12/site-packages/airflow/example_dags/subdags/subdag.py
[2025-02-28T22:41:42.631+0200] {processor.py:914} INFO - Processing file /Users/nampham/.pyenv/versions/3.12.9/lib/python3.12/site-packages/airflow/example_dags/subdags/subdag.py for tasks to queue
[2025-02-28T22:41:42.631+0200] {logging_mixin.py:190} INFO - [2025-02-28T22:41:42.631+0200] {dagbag.py:588} INFO - Filling up the DagBag from /Users/nampham/.pyenv/versions/3.12.9/lib/python3.12/site-packages/airflow/example_dags/subdags/subdag.py
[2025-02-28T22:41:42.632+0200] {processor.py:927} WARNING - No viable dags retrieved from /Users/nampham/.pyenv/versions/3.12.9/lib/python3.12/site-packages/airflow/example_dags/subdags/subdag.py
[2025-02-28T22:41:42.685+0200] {processor.py:208} INFO - Processing /Users/nampham/.pyenv/versions/3.12.9/lib/python3.12/site-packages/airflow/example_dags/subdags/subdag.py took 0.056 seconds
[2025-02-28T22:42:53.414+0200] {processor.py:186} INFO - Started process (PID=21225) to work on /Users/nampham/.pyenv/versions/3.12.9/lib/python3.12/site-packages/airflow/example_dags/subdags/subdag.py
[2025-02-28T22:42:53.415+0200] {processor.py:914} INFO - Processing file /Users/nampham/.pyenv/versions/3.12.9/lib/python3.12/site-packages/airflow/example_dags/subdags/subdag.py for tasks to queue
[2025-02-28T22:42:53.415+0200] {logging_mixin.py:190} INFO - [2025-02-28T22:42:53.415+0200] {dagbag.py:588} INFO - Filling up the DagBag from /Users/nampham/.pyenv/versions/3.12.9/lib/python3.12/site-packages/airflow/example_dags/subdags/subdag.py
[2025-02-28T22:42:53.416+0200] {processor.py:927} WARNING - No viable dags retrieved from /Users/nampham/.pyenv/versions/3.12.9/lib/python3.12/site-packages/airflow/example_dags/subdags/subdag.py
[2025-02-28T22:42:53.473+0200] {processor.py:208} INFO - Processing /Users/nampham/.pyenv/versions/3.12.9/lib/python3.12/site-packages/airflow/example_dags/subdags/subdag.py took 0.060 seconds
[2025-02-28T22:44:11.697+0200] {processor.py:186} INFO - Started process (PID=21506) to work on /Users/nampham/.pyenv/versions/3.12.9/lib/python3.12/site-packages/airflow/example_dags/subdags/subdag.py
[2025-02-28T22:44:11.698+0200] {processor.py:914} INFO - Processing file /Users/nampham/.pyenv/versions/3.12.9/lib/python3.12/site-packages/airflow/example_dags/subdags/subdag.py for tasks to queue
[2025-02-28T22:44:11.699+0200] {logging_mixin.py:190} INFO - [2025-02-28T22:44:11.699+0200] {dagbag.py:588} INFO - Filling up the DagBag from /Users/nampham/.pyenv/versions/3.12.9/lib/python3.12/site-packages/airflow/example_dags/subdags/subdag.py
[2025-02-28T22:44:11.700+0200] {processor.py:927} WARNING - No viable dags retrieved from /Users/nampham/.pyenv/versions/3.12.9/lib/python3.12/site-packages/airflow/example_dags/subdags/subdag.py
[2025-02-28T22:44:11.755+0200] {processor.py:208} INFO - Processing /Users/nampham/.pyenv/versions/3.12.9/lib/python3.12/site-packages/airflow/example_dags/subdags/subdag.py took 0.059 seconds
[2025-02-28T22:45:54.487+0200] {processor.py:186} INFO - Started process (PID=21856) to work on /Users/nampham/.pyenv/versions/3.12.9/lib/python3.12/site-packages/airflow/example_dags/subdags/subdag.py
[2025-02-28T22:45:54.488+0200] {processor.py:914} INFO - Processing file /Users/nampham/.pyenv/versions/3.12.9/lib/python3.12/site-packages/airflow/example_dags/subdags/subdag.py for tasks to queue
[2025-02-28T22:45:54.488+0200] {logging_mixin.py:190} INFO - [2025-02-28T22:45:54.488+0200] {dagbag.py:588} INFO - Filling up the DagBag from /Users/nampham/.pyenv/versions/3.12.9/lib/python3.12/site-packages/airflow/example_dags/subdags/subdag.py
[2025-02-28T22:45:54.489+0200] {processor.py:927} WARNING - No viable dags retrieved from /Users/nampham/.pyenv/versions/3.12.9/lib/python3.12/site-packages/airflow/example_dags/subdags/subdag.py
[2025-02-28T22:45:54.543+0200] {processor.py:208} INFO - Processing /Users/nampham/.pyenv/versions/3.12.9/lib/python3.12/site-packages/airflow/example_dags/subdags/subdag.py took 0.057 seconds
[2025-02-28T22:47:23.567+0200] {processor.py:186} INFO - Started process (PID=22146) to work on /Users/nampham/.pyenv/versions/3.12.9/lib/python3.12/site-packages/airflow/example_dags/subdags/subdag.py
[2025-02-28T22:47:23.568+0200] {processor.py:914} INFO - Processing file /Users/nampham/.pyenv/versions/3.12.9/lib/python3.12/site-packages/airflow/example_dags/subdags/subdag.py for tasks to queue
[2025-02-28T22:47:23.568+0200] {logging_mixin.py:190} INFO - [2025-02-28T22:47:23.568+0200] {dagbag.py:588} INFO - Filling up the DagBag from /Users/nampham/.pyenv/versions/3.12.9/lib/python3.12/site-packages/airflow/example_dags/subdags/subdag.py
[2025-02-28T22:47:23.569+0200] {processor.py:927} WARNING - No viable dags retrieved from /Users/nampham/.pyenv/versions/3.12.9/lib/python3.12/site-packages/airflow/example_dags/subdags/subdag.py
[2025-02-28T22:47:23.622+0200] {processor.py:208} INFO - Processing /Users/nampham/.pyenv/versions/3.12.9/lib/python3.12/site-packages/airflow/example_dags/subdags/subdag.py took 0.057 seconds
[2025-02-28T22:53:52.814+0200] {processor.py:186} INFO - Started process (PID=22496) to work on /Users/nampham/.pyenv/versions/3.12.9/lib/python3.12/site-packages/airflow/example_dags/subdags/subdag.py
[2025-02-28T22:53:52.815+0200] {processor.py:914} INFO - Processing file /Users/nampham/.pyenv/versions/3.12.9/lib/python3.12/site-packages/airflow/example_dags/subdags/subdag.py for tasks to queue
[2025-02-28T22:53:52.816+0200] {logging_mixin.py:190} INFO - [2025-02-28T22:53:52.816+0200] {dagbag.py:588} INFO - Filling up the DagBag from /Users/nampham/.pyenv/versions/3.12.9/lib/python3.12/site-packages/airflow/example_dags/subdags/subdag.py
[2025-02-28T22:53:52.817+0200] {processor.py:927} WARNING - No viable dags retrieved from /Users/nampham/.pyenv/versions/3.12.9/lib/python3.12/site-packages/airflow/example_dags/subdags/subdag.py
[2025-02-28T22:53:52.870+0200] {processor.py:208} INFO - Processing /Users/nampham/.pyenv/versions/3.12.9/lib/python3.12/site-packages/airflow/example_dags/subdags/subdag.py took 0.057 seconds
[2025-02-28T22:55:55.106+0200] {processor.py:186} INFO - Started process (PID=22950) to work on /Users/nampham/.pyenv/versions/3.12.9/lib/python3.12/site-packages/airflow/example_dags/subdags/subdag.py
[2025-02-28T22:55:55.107+0200] {processor.py:914} INFO - Processing file /Users/nampham/.pyenv/versions/3.12.9/lib/python3.12/site-packages/airflow/example_dags/subdags/subdag.py for tasks to queue
[2025-02-28T22:55:55.107+0200] {logging_mixin.py:190} INFO - [2025-02-28T22:55:55.107+0200] {dagbag.py:588} INFO - Filling up the DagBag from /Users/nampham/.pyenv/versions/3.12.9/lib/python3.12/site-packages/airflow/example_dags/subdags/subdag.py
[2025-02-28T22:55:55.108+0200] {processor.py:927} WARNING - No viable dags retrieved from /Users/nampham/.pyenv/versions/3.12.9/lib/python3.12/site-packages/airflow/example_dags/subdags/subdag.py
[2025-02-28T22:55:55.162+0200] {processor.py:208} INFO - Processing /Users/nampham/.pyenv/versions/3.12.9/lib/python3.12/site-packages/airflow/example_dags/subdags/subdag.py took 0.057 seconds
[2025-02-28T22:57:22.924+0200] {processor.py:186} INFO - Started process (PID=23238) to work on /Users/nampham/.pyenv/versions/3.12.9/lib/python3.12/site-packages/airflow/example_dags/subdags/subdag.py
[2025-02-28T22:57:22.924+0200] {processor.py:914} INFO - Processing file /Users/nampham/.pyenv/versions/3.12.9/lib/python3.12/site-packages/airflow/example_dags/subdags/subdag.py for tasks to queue
[2025-02-28T22:57:22.924+0200] {logging_mixin.py:190} INFO - [2025-02-28T22:57:22.924+0200] {dagbag.py:588} INFO - Filling up the DagBag from /Users/nampham/.pyenv/versions/3.12.9/lib/python3.12/site-packages/airflow/example_dags/subdags/subdag.py
[2025-02-28T22:57:22.925+0200] {processor.py:927} WARNING - No viable dags retrieved from /Users/nampham/.pyenv/versions/3.12.9/lib/python3.12/site-packages/airflow/example_dags/subdags/subdag.py
[2025-02-28T22:57:22.978+0200] {processor.py:208} INFO - Processing /Users/nampham/.pyenv/versions/3.12.9/lib/python3.12/site-packages/airflow/example_dags/subdags/subdag.py took 0.056 seconds
[2025-02-28T22:58:39.615+0200] {processor.py:186} INFO - Started process (PID=23486) to work on /Users/nampham/.pyenv/versions/3.12.9/lib/python3.12/site-packages/airflow/example_dags/subdags/subdag.py
[2025-02-28T22:58:39.616+0200] {processor.py:914} INFO - Processing file /Users/nampham/.pyenv/versions/3.12.9/lib/python3.12/site-packages/airflow/example_dags/subdags/subdag.py for tasks to queue
[2025-02-28T22:58:39.617+0200] {logging_mixin.py:190} INFO - [2025-02-28T22:58:39.617+0200] {dagbag.py:588} INFO - Filling up the DagBag from /Users/nampham/.pyenv/versions/3.12.9/lib/python3.12/site-packages/airflow/example_dags/subdags/subdag.py
[2025-02-28T22:58:39.618+0200] {processor.py:927} WARNING - No viable dags retrieved from /Users/nampham/.pyenv/versions/3.12.9/lib/python3.12/site-packages/airflow/example_dags/subdags/subdag.py
[2025-02-28T22:58:39.671+0200] {processor.py:208} INFO - Processing /Users/nampham/.pyenv/versions/3.12.9/lib/python3.12/site-packages/airflow/example_dags/subdags/subdag.py took 0.057 seconds
[2025-02-28T22:59:56.083+0200] {processor.py:186} INFO - Started process (PID=23734) to work on /Users/nampham/.pyenv/versions/3.12.9/lib/python3.12/site-packages/airflow/example_dags/subdags/subdag.py
[2025-02-28T22:59:56.084+0200] {processor.py:914} INFO - Processing file /Users/nampham/.pyenv/versions/3.12.9/lib/python3.12/site-packages/airflow/example_dags/subdags/subdag.py for tasks to queue
[2025-02-28T22:59:56.085+0200] {logging_mixin.py:190} INFO - [2025-02-28T22:59:56.085+0200] {dagbag.py:588} INFO - Filling up the DagBag from /Users/nampham/.pyenv/versions/3.12.9/lib/python3.12/site-packages/airflow/example_dags/subdags/subdag.py
[2025-02-28T22:59:56.086+0200] {processor.py:927} WARNING - No viable dags retrieved from /Users/nampham/.pyenv/versions/3.12.9/lib/python3.12/site-packages/airflow/example_dags/subdags/subdag.py
[2025-02-28T22:59:56.138+0200] {processor.py:208} INFO - Processing /Users/nampham/.pyenv/versions/3.12.9/lib/python3.12/site-packages/airflow/example_dags/subdags/subdag.py took 0.056 seconds
[2025-02-28T23:01:37.585+0200] {processor.py:186} INFO - Started process (PID=24096) to work on /Users/nampham/.pyenv/versions/3.12.9/lib/python3.12/site-packages/airflow/example_dags/subdags/subdag.py
[2025-02-28T23:01:37.586+0200] {processor.py:914} INFO - Processing file /Users/nampham/.pyenv/versions/3.12.9/lib/python3.12/site-packages/airflow/example_dags/subdags/subdag.py for tasks to queue
[2025-02-28T23:01:37.586+0200] {logging_mixin.py:190} INFO - [2025-02-28T23:01:37.586+0200] {dagbag.py:588} INFO - Filling up the DagBag from /Users/nampham/.pyenv/versions/3.12.9/lib/python3.12/site-packages/airflow/example_dags/subdags/subdag.py
[2025-02-28T23:01:37.587+0200] {processor.py:927} WARNING - No viable dags retrieved from /Users/nampham/.pyenv/versions/3.12.9/lib/python3.12/site-packages/airflow/example_dags/subdags/subdag.py
[2025-02-28T23:01:37.640+0200] {processor.py:208} INFO - Processing /Users/nampham/.pyenv/versions/3.12.9/lib/python3.12/site-packages/airflow/example_dags/subdags/subdag.py took 0.056 seconds
