[2025-02-28T22:10:33.421+0200] {local_task_job_runner.py:123} INFO - ::group::Pre task execution logs
[2025-02-28T22:10:33.467+0200] {taskinstance.py:2614} INFO - Dependencies all met for dep_context=non-requeueable deps ti=<TaskInstance: kafka_token_processing.consume_tokens scheduled__2025-02-28T19:50:00+00:00 [queued]>
[2025-02-28T22:10:33.470+0200] {taskinstance.py:2614} INFO - Dependencies all met for dep_context=requeueable deps ti=<TaskInstance: kafka_token_processing.consume_tokens scheduled__2025-02-28T19:50:00+00:00 [queued]>
[2025-02-28T22:10:33.470+0200] {taskinstance.py:2867} INFO - Starting attempt 2 of 2
[2025-02-28T22:10:33.474+0200] {taskinstance.py:2890} INFO - Executing <Task(PythonOperator): consume_tokens> on 2025-02-28 19:50:00+00:00
[2025-02-28T22:10:33.480+0200] {standard_task_runner.py:104} INFO - Running: ['airflow', 'tasks', 'run', 'kafka_token_processing', 'consume_tokens', 'scheduled__2025-02-28T19:50:00+00:00', '--job-id', '48', '--raw', '--subdir', 'DAGS_FOLDER/kafka_token_processing.py', '--cfg-path', '/var/folders/dw/z1bbk7h952586r5vt211lpjc0000gn/T/tmpq72q50i9']
[2025-02-28T22:10:33.481+0200] {logging_mixin.py:190} WARNING - /Users/nampham/.pyenv/versions/3.12.9/lib/python3.12/site-packages/airflow/task/task_runner/standard_task_runner.py:70 DeprecationWarning: This process (pid=14805) is multi-threaded, use of fork() may lead to deadlocks in the child.
[2025-02-28T22:10:33.481+0200] {standard_task_runner.py:72} INFO - Started process 14811 to run task
[2025-02-28T22:10:33.481+0200] {standard_task_runner.py:105} INFO - Job 48: Subtask consume_tokens
[2025-02-28T22:10:33.496+0200] {task_command.py:467} INFO - Running <TaskInstance: kafka_token_processing.consume_tokens scheduled__2025-02-28T19:50:00+00:00 [running]> on host nams-macbook-air.local
[2025-02-28T22:10:33.514+0200] {taskinstance.py:3134} INFO - Exporting env vars: AIRFLOW_CTX_DAG_OWNER='airflow' AIRFLOW_CTX_DAG_ID='kafka_token_processing' AIRFLOW_CTX_TASK_ID='consume_tokens' AIRFLOW_CTX_EXECUTION_DATE='2025-02-28T19:50:00+00:00' AIRFLOW_CTX_TRY_NUMBER='2' AIRFLOW_CTX_DAG_RUN_ID='scheduled__2025-02-28T19:50:00+00:00'
[2025-02-28T22:10:33.514+0200] {logging_mixin.py:190} INFO - Task instance is in running state
[2025-02-28T22:10:33.515+0200] {logging_mixin.py:190} INFO -  Previous state of the Task instance: queued
[2025-02-28T22:10:33.515+0200] {logging_mixin.py:190} INFO - Current task name:consume_tokens state:running start_date:2025-02-28 20:10:33.467940+00:00
[2025-02-28T22:10:33.515+0200] {logging_mixin.py:190} INFO - Dag name:kafka_token_processing and current dag run status:running
[2025-02-28T22:10:33.515+0200] {taskinstance.py:732} INFO - ::endgroup::
[2025-02-28T22:10:33.516+0200] {kafka_token_processing.py:37} INFO - Running consumer task...
[2025-02-28T22:10:43.598+0200] {kafka_token_processing.py:41} INFO - Consumer task output: Waiting for message...
Waiting for message...
Waiting for message...
Waiting for message...
Waiting for message...
Waiting for message...
Waiting for message...
Waiting for message...
Waiting for message...
Waiting for message...
No message received for 10 seconds, ending the loop.

[2025-02-28T22:10:43.599+0200] {python.py:240} INFO - Done. Returned value was: None
[2025-02-28T22:10:43.603+0200] {taskinstance.py:341} INFO - ::group::Post task execution logs
[2025-02-28T22:10:43.604+0200] {taskinstance.py:353} INFO - Marking task as SUCCESS. dag_id=kafka_token_processing, task_id=consume_tokens, run_id=scheduled__2025-02-28T19:50:00+00:00, execution_date=20250228T195000, start_date=20250228T201033, end_date=20250228T201043
[2025-02-28T22:10:43.610+0200] {logging_mixin.py:190} INFO - Task instance in success state
[2025-02-28T22:10:43.611+0200] {logging_mixin.py:190} INFO -  Previous state of the Task instance: running
[2025-02-28T22:10:43.611+0200] {logging_mixin.py:190} INFO - Dag name:kafka_token_processing queued_at:2025-02-28 19:55:20.190537+00:00
[2025-02-28T22:10:43.611+0200] {logging_mixin.py:190} INFO - Task hostname:nams-macbook-air.local operator:PythonOperator
[2025-02-28T22:10:43.640+0200] {local_task_job_runner.py:266} INFO - Task exited with return code 0
[2025-02-28T22:10:43.648+0200] {taskinstance.py:3901} INFO - 1 downstream tasks scheduled from follow-on schedule check
[2025-02-28T22:10:43.648+0200] {local_task_job_runner.py:245} INFO - ::endgroup::
