[2025-02-28T18:24:16.093+0200] {processor.py:186} INFO - Started process (PID=93005) to work on /Users/nampham/git_repos/self-develop/kafka-airflow/airflow/dags/kafka_token_processing.py
[2025-02-28T18:24:16.094+0200] {processor.py:914} INFO - Processing file /Users/nampham/git_repos/self-develop/kafka-airflow/airflow/dags/kafka_token_processing.py for tasks to queue
[2025-02-28T18:24:16.094+0200] {logging_mixin.py:190} INFO - [2025-02-28T18:24:16.094+0200] {dagbag.py:588} INFO - Filling up the DagBag from /Users/nampham/git_repos/self-develop/kafka-airflow/airflow/dags/kafka_token_processing.py
[2025-02-28T18:24:16.130+0200] {processor.py:925} INFO - DAG(s) 'kafka_token_processing' retrieved from /Users/nampham/git_repos/self-develop/kafka-airflow/airflow/dags/kafka_token_processing.py
[2025-02-28T18:24:16.206+0200] {logging_mixin.py:190} INFO - [2025-02-28T18:24:16.206+0200] {override.py:1930} INFO - Created Permission View: can delete on DAG:kafka_token_processing
[2025-02-28T18:24:16.210+0200] {logging_mixin.py:190} INFO - [2025-02-28T18:24:16.210+0200] {override.py:1930} INFO - Created Permission View: can read on DAG:kafka_token_processing
[2025-02-28T18:24:16.212+0200] {logging_mixin.py:190} INFO - [2025-02-28T18:24:16.212+0200] {override.py:1930} INFO - Created Permission View: can edit on DAG:kafka_token_processing
[2025-02-28T18:24:16.220+0200] {logging_mixin.py:190} INFO - [2025-02-28T18:24:16.220+0200] {override.py:1930} INFO - Created Permission View: menu access on DAG Run:kafka_token_processing
[2025-02-28T18:24:16.225+0200] {logging_mixin.py:190} INFO - [2025-02-28T18:24:16.225+0200] {override.py:1930} INFO - Created Permission View: can read on DAG Run:kafka_token_processing
[2025-02-28T18:24:16.230+0200] {logging_mixin.py:190} INFO - [2025-02-28T18:24:16.230+0200] {override.py:1930} INFO - Created Permission View: can delete on DAG Run:kafka_token_processing
[2025-02-28T18:24:16.237+0200] {logging_mixin.py:190} INFO - [2025-02-28T18:24:16.237+0200] {override.py:1930} INFO - Created Permission View: can create on DAG Run:kafka_token_processing
[2025-02-28T18:24:16.237+0200] {logging_mixin.py:190} INFO - [2025-02-28T18:24:16.237+0200] {dag.py:3239} INFO - Sync 1 DAGs
[2025-02-28T18:24:16.252+0200] {logging_mixin.py:190} INFO - [2025-02-28T18:24:16.252+0200] {dag.py:3262} INFO - Creating ORM DAG for kafka_token_processing
[2025-02-28T18:24:16.256+0200] {logging_mixin.py:190} INFO - [2025-02-28T18:24:16.256+0200] {dag.py:4180} INFO - Setting next_dagrun for kafka_token_processing to 2025-02-28 16:21:00+00:00, run_after=2025-02-28 16:24:00+00:00
[2025-02-28T18:24:16.273+0200] {processor.py:208} INFO - Processing /Users/nampham/git_repos/self-develop/kafka-airflow/airflow/dags/kafka_token_processing.py took 0.181 seconds
[2025-02-28T18:26:04.898+0200] {processor.py:186} INFO - Started process (PID=93473) to work on /Users/nampham/git_repos/self-develop/kafka-airflow/airflow/dags/kafka_token_processing.py
[2025-02-28T18:26:04.898+0200] {processor.py:914} INFO - Processing file /Users/nampham/git_repos/self-develop/kafka-airflow/airflow/dags/kafka_token_processing.py for tasks to queue
[2025-02-28T18:26:04.899+0200] {logging_mixin.py:190} INFO - [2025-02-28T18:26:04.899+0200] {dagbag.py:588} INFO - Filling up the DagBag from /Users/nampham/git_repos/self-develop/kafka-airflow/airflow/dags/kafka_token_processing.py
[2025-02-28T18:26:04.934+0200] {processor.py:925} INFO - DAG(s) 'kafka_token_processing' retrieved from /Users/nampham/git_repos/self-develop/kafka-airflow/airflow/dags/kafka_token_processing.py
[2025-02-28T18:26:04.999+0200] {logging_mixin.py:190} INFO - [2025-02-28T18:26:04.999+0200] {dag.py:3239} INFO - Sync 1 DAGs
[2025-02-28T18:26:05.005+0200] {logging_mixin.py:190} INFO - [2025-02-28T18:26:05.005+0200] {dag.py:4180} INFO - Setting next_dagrun for kafka_token_processing to 2025-02-28 16:24:00+00:00, run_after=2025-02-28 16:27:00+00:00
[2025-02-28T18:26:05.012+0200] {processor.py:208} INFO - Processing /Users/nampham/git_repos/self-develop/kafka-airflow/airflow/dags/kafka_token_processing.py took 0.115 seconds
[2025-02-28T18:27:24.948+0200] {processor.py:186} INFO - Started process (PID=93790) to work on /Users/nampham/git_repos/self-develop/kafka-airflow/airflow/dags/kafka_token_processing.py
[2025-02-28T18:27:24.949+0200] {processor.py:914} INFO - Processing file /Users/nampham/git_repos/self-develop/kafka-airflow/airflow/dags/kafka_token_processing.py for tasks to queue
[2025-02-28T18:27:24.950+0200] {logging_mixin.py:190} INFO - [2025-02-28T18:27:24.950+0200] {dagbag.py:588} INFO - Filling up the DagBag from /Users/nampham/git_repos/self-develop/kafka-airflow/airflow/dags/kafka_token_processing.py
[2025-02-28T18:27:24.987+0200] {processor.py:925} INFO - DAG(s) 'kafka_token_processing' retrieved from /Users/nampham/git_repos/self-develop/kafka-airflow/airflow/dags/kafka_token_processing.py
[2025-02-28T18:27:25.106+0200] {logging_mixin.py:190} INFO - [2025-02-28T18:27:25.106+0200] {dag.py:3239} INFO - Sync 1 DAGs
[2025-02-28T18:27:25.113+0200] {logging_mixin.py:190} INFO - [2025-02-28T18:27:25.113+0200] {dag.py:4180} INFO - Setting next_dagrun for kafka_token_processing to 2025-02-28 16:27:00+00:00, run_after=2025-02-28 16:30:00+00:00
[2025-02-28T18:27:25.121+0200] {processor.py:208} INFO - Processing /Users/nampham/git_repos/self-develop/kafka-airflow/airflow/dags/kafka_token_processing.py took 0.175 seconds
[2025-02-28T18:28:43.441+0200] {processor.py:186} INFO - Started process (PID=94124) to work on /Users/nampham/git_repos/self-develop/kafka-airflow/airflow/dags/kafka_token_processing.py
[2025-02-28T18:28:43.442+0200] {processor.py:914} INFO - Processing file /Users/nampham/git_repos/self-develop/kafka-airflow/airflow/dags/kafka_token_processing.py for tasks to queue
[2025-02-28T18:28:43.443+0200] {logging_mixin.py:190} INFO - [2025-02-28T18:28:43.443+0200] {dagbag.py:588} INFO - Filling up the DagBag from /Users/nampham/git_repos/self-develop/kafka-airflow/airflow/dags/kafka_token_processing.py
[2025-02-28T18:28:43.476+0200] {processor.py:925} INFO - DAG(s) 'kafka_token_processing' retrieved from /Users/nampham/git_repos/self-develop/kafka-airflow/airflow/dags/kafka_token_processing.py
[2025-02-28T18:28:43.541+0200] {logging_mixin.py:190} INFO - [2025-02-28T18:28:43.541+0200] {dag.py:3239} INFO - Sync 1 DAGs
[2025-02-28T18:28:43.548+0200] {logging_mixin.py:190} INFO - [2025-02-28T18:28:43.548+0200] {dag.py:4180} INFO - Setting next_dagrun for kafka_token_processing to 2025-02-28 16:27:00+00:00, run_after=2025-02-28 16:30:00+00:00
[2025-02-28T18:28:43.554+0200] {processor.py:208} INFO - Processing /Users/nampham/git_repos/self-develop/kafka-airflow/airflow/dags/kafka_token_processing.py took 0.114 seconds
[2025-02-28T18:30:05.956+0200] {processor.py:186} INFO - Started process (PID=94434) to work on /Users/nampham/git_repos/self-develop/kafka-airflow/airflow/dags/kafka_token_processing.py
[2025-02-28T18:30:05.956+0200] {processor.py:914} INFO - Processing file /Users/nampham/git_repos/self-develop/kafka-airflow/airflow/dags/kafka_token_processing.py for tasks to queue
[2025-02-28T18:30:05.957+0200] {logging_mixin.py:190} INFO - [2025-02-28T18:30:05.957+0200] {dagbag.py:588} INFO - Filling up the DagBag from /Users/nampham/git_repos/self-develop/kafka-airflow/airflow/dags/kafka_token_processing.py
[2025-02-28T18:30:05.994+0200] {processor.py:925} INFO - DAG(s) 'kafka_token_processing' retrieved from /Users/nampham/git_repos/self-develop/kafka-airflow/airflow/dags/kafka_token_processing.py
[2025-02-28T18:30:06.078+0200] {logging_mixin.py:190} INFO - [2025-02-28T18:30:06.078+0200] {dag.py:3239} INFO - Sync 1 DAGs
[2025-02-28T18:30:06.085+0200] {logging_mixin.py:190} INFO - [2025-02-28T18:30:06.085+0200] {dag.py:4180} INFO - Setting next_dagrun for kafka_token_processing to 2025-02-28 16:30:00+00:00, run_after=2025-02-28 16:33:00+00:00
[2025-02-28T18:30:06.091+0200] {processor.py:208} INFO - Processing /Users/nampham/git_repos/self-develop/kafka-airflow/airflow/dags/kafka_token_processing.py took 0.137 seconds
[2025-02-28T18:31:40.944+0200] {processor.py:186} INFO - Started process (PID=94843) to work on /Users/nampham/git_repos/self-develop/kafka-airflow/airflow/dags/kafka_token_processing.py
[2025-02-28T18:31:40.945+0200] {processor.py:914} INFO - Processing file /Users/nampham/git_repos/self-develop/kafka-airflow/airflow/dags/kafka_token_processing.py for tasks to queue
[2025-02-28T18:31:40.946+0200] {logging_mixin.py:190} INFO - [2025-02-28T18:31:40.945+0200] {dagbag.py:588} INFO - Filling up the DagBag from /Users/nampham/git_repos/self-develop/kafka-airflow/airflow/dags/kafka_token_processing.py
[2025-02-28T18:31:40.984+0200] {processor.py:925} INFO - DAG(s) 'kafka_token_processing' retrieved from /Users/nampham/git_repos/self-develop/kafka-airflow/airflow/dags/kafka_token_processing.py
[2025-02-28T18:31:41.058+0200] {logging_mixin.py:190} INFO - [2025-02-28T18:31:41.057+0200] {dag.py:3239} INFO - Sync 1 DAGs
[2025-02-28T18:31:41.065+0200] {logging_mixin.py:190} INFO - [2025-02-28T18:31:41.065+0200] {dag.py:4180} INFO - Setting next_dagrun for kafka_token_processing to 2025-02-28 16:30:00+00:00, run_after=2025-02-28 16:33:00+00:00
[2025-02-28T18:31:41.071+0200] {processor.py:208} INFO - Processing /Users/nampham/git_repos/self-develop/kafka-airflow/airflow/dags/kafka_token_processing.py took 0.128 seconds
[2025-02-28T20:10:28.593+0200] {processor.py:186} INFO - Started process (PID=97106) to work on /Users/nampham/git_repos/self-develop/kafka-airflow/airflow/dags/kafka_token_processing.py
[2025-02-28T20:10:28.594+0200] {processor.py:914} INFO - Processing file /Users/nampham/git_repos/self-develop/kafka-airflow/airflow/dags/kafka_token_processing.py for tasks to queue
[2025-02-28T20:10:28.594+0200] {logging_mixin.py:190} INFO - [2025-02-28T20:10:28.594+0200] {dagbag.py:588} INFO - Filling up the DagBag from /Users/nampham/git_repos/self-develop/kafka-airflow/airflow/dags/kafka_token_processing.py
[2025-02-28T20:10:28.629+0200] {processor.py:925} INFO - DAG(s) 'kafka_token_processing' retrieved from /Users/nampham/git_repos/self-develop/kafka-airflow/airflow/dags/kafka_token_processing.py
[2025-02-28T20:10:28.631+0200] {logging_mixin.py:190} INFO - [2025-02-28T20:10:28.631+0200] {dag.py:3239} INFO - Sync 1 DAGs
[2025-02-28T20:10:28.663+0200] {logging_mixin.py:190} INFO - [2025-02-28T20:10:28.663+0200] {dag.py:4180} INFO - Setting next_dagrun for kafka_token_processing to 2025-02-28 18:06:00+00:00, run_after=2025-02-28 18:09:00+00:00
[2025-02-28T20:10:28.669+0200] {processor.py:208} INFO - Processing /Users/nampham/git_repos/self-develop/kafka-airflow/airflow/dags/kafka_token_processing.py took 0.077 seconds
[2025-02-28T20:12:16.693+0200] {processor.py:186} INFO - Started process (PID=97716) to work on /Users/nampham/git_repos/self-develop/kafka-airflow/airflow/dags/kafka_token_processing.py
[2025-02-28T20:12:16.694+0200] {processor.py:914} INFO - Processing file /Users/nampham/git_repos/self-develop/kafka-airflow/airflow/dags/kafka_token_processing.py for tasks to queue
[2025-02-28T20:12:16.694+0200] {logging_mixin.py:190} INFO - [2025-02-28T20:12:16.694+0200] {dagbag.py:588} INFO - Filling up the DagBag from /Users/nampham/git_repos/self-develop/kafka-airflow/airflow/dags/kafka_token_processing.py
[2025-02-28T20:12:16.733+0200] {processor.py:925} INFO - DAG(s) 'kafka_token_processing' retrieved from /Users/nampham/git_repos/self-develop/kafka-airflow/airflow/dags/kafka_token_processing.py
[2025-02-28T20:12:16.801+0200] {logging_mixin.py:190} INFO - [2025-02-28T20:12:16.801+0200] {dag.py:3239} INFO - Sync 1 DAGs
[2025-02-28T20:12:16.808+0200] {logging_mixin.py:190} INFO - [2025-02-28T20:12:16.808+0200] {dag.py:4180} INFO - Setting next_dagrun for kafka_token_processing to 2025-02-28 18:09:00+00:00, run_after=2025-02-28 18:12:00+00:00
[2025-02-28T20:12:16.815+0200] {processor.py:208} INFO - Processing /Users/nampham/git_repos/self-develop/kafka-airflow/airflow/dags/kafka_token_processing.py took 0.123 seconds
[2025-02-28T20:14:08.326+0200] {processor.py:186} INFO - Started process (PID=98190) to work on /Users/nampham/git_repos/self-develop/kafka-airflow/airflow/dags/kafka_token_processing.py
[2025-02-28T20:14:08.327+0200] {processor.py:914} INFO - Processing file /Users/nampham/git_repos/self-develop/kafka-airflow/airflow/dags/kafka_token_processing.py for tasks to queue
[2025-02-28T20:14:08.328+0200] {logging_mixin.py:190} INFO - [2025-02-28T20:14:08.328+0200] {dagbag.py:588} INFO - Filling up the DagBag from /Users/nampham/git_repos/self-develop/kafka-airflow/airflow/dags/kafka_token_processing.py
[2025-02-28T20:14:08.364+0200] {processor.py:925} INFO - DAG(s) 'kafka_token_processing' retrieved from /Users/nampham/git_repos/self-develop/kafka-airflow/airflow/dags/kafka_token_processing.py
[2025-02-28T20:14:08.458+0200] {logging_mixin.py:190} INFO - [2025-02-28T20:14:08.458+0200] {dag.py:3239} INFO - Sync 1 DAGs
[2025-02-28T20:14:08.465+0200] {logging_mixin.py:190} INFO - [2025-02-28T20:14:08.464+0200] {dag.py:4180} INFO - Setting next_dagrun for kafka_token_processing to 2025-02-28 18:09:00+00:00, run_after=2025-02-28 18:12:00+00:00
[2025-02-28T20:14:08.471+0200] {processor.py:208} INFO - Processing /Users/nampham/git_repos/self-develop/kafka-airflow/airflow/dags/kafka_token_processing.py took 0.146 seconds
[2025-02-28T20:15:28.798+0200] {processor.py:186} INFO - Started process (PID=98494) to work on /Users/nampham/git_repos/self-develop/kafka-airflow/airflow/dags/kafka_token_processing.py
[2025-02-28T20:15:28.799+0200] {processor.py:914} INFO - Processing file /Users/nampham/git_repos/self-develop/kafka-airflow/airflow/dags/kafka_token_processing.py for tasks to queue
[2025-02-28T20:15:28.800+0200] {logging_mixin.py:190} INFO - [2025-02-28T20:15:28.800+0200] {dagbag.py:588} INFO - Filling up the DagBag from /Users/nampham/git_repos/self-develop/kafka-airflow/airflow/dags/kafka_token_processing.py
[2025-02-28T20:15:28.832+0200] {processor.py:925} INFO - DAG(s) 'kafka_token_processing' retrieved from /Users/nampham/git_repos/self-develop/kafka-airflow/airflow/dags/kafka_token_processing.py
[2025-02-28T20:15:28.897+0200] {logging_mixin.py:190} INFO - [2025-02-28T20:15:28.896+0200] {dag.py:3239} INFO - Sync 1 DAGs
[2025-02-28T20:15:28.903+0200] {logging_mixin.py:190} INFO - [2025-02-28T20:15:28.903+0200] {dag.py:4180} INFO - Setting next_dagrun for kafka_token_processing to 2025-02-28 18:12:00+00:00, run_after=2025-02-28 18:15:00+00:00
[2025-02-28T20:15:28.909+0200] {processor.py:208} INFO - Processing /Users/nampham/git_repos/self-develop/kafka-airflow/airflow/dags/kafka_token_processing.py took 0.112 seconds
[2025-02-28T20:16:47.245+0200] {processor.py:186} INFO - Started process (PID=98785) to work on /Users/nampham/git_repos/self-develop/kafka-airflow/airflow/dags/kafka_token_processing.py
[2025-02-28T20:16:47.246+0200] {processor.py:914} INFO - Processing file /Users/nampham/git_repos/self-develop/kafka-airflow/airflow/dags/kafka_token_processing.py for tasks to queue
[2025-02-28T20:16:47.246+0200] {logging_mixin.py:190} INFO - [2025-02-28T20:16:47.246+0200] {dagbag.py:588} INFO - Filling up the DagBag from /Users/nampham/git_repos/self-develop/kafka-airflow/airflow/dags/kafka_token_processing.py
[2025-02-28T20:16:47.279+0200] {processor.py:925} INFO - DAG(s) 'kafka_token_processing' retrieved from /Users/nampham/git_repos/self-develop/kafka-airflow/airflow/dags/kafka_token_processing.py
[2025-02-28T20:16:47.343+0200] {logging_mixin.py:190} INFO - [2025-02-28T20:16:47.343+0200] {dag.py:3239} INFO - Sync 1 DAGs
[2025-02-28T20:16:47.350+0200] {logging_mixin.py:190} INFO - [2025-02-28T20:16:47.350+0200] {dag.py:4180} INFO - Setting next_dagrun for kafka_token_processing to 2025-02-28 18:12:00+00:00, run_after=2025-02-28 18:15:00+00:00
[2025-02-28T20:16:47.356+0200] {processor.py:208} INFO - Processing /Users/nampham/git_repos/self-develop/kafka-airflow/airflow/dags/kafka_token_processing.py took 0.113 seconds
[2025-02-28T20:18:01.085+0200] {processor.py:186} INFO - Started process (PID=99134) to work on /Users/nampham/git_repos/self-develop/kafka-airflow/airflow/dags/kafka_token_processing.py
[2025-02-28T20:18:01.087+0200] {processor.py:914} INFO - Processing file /Users/nampham/git_repos/self-develop/kafka-airflow/airflow/dags/kafka_token_processing.py for tasks to queue
[2025-02-28T20:18:01.088+0200] {logging_mixin.py:190} INFO - [2025-02-28T20:18:01.088+0200] {dagbag.py:588} INFO - Filling up the DagBag from /Users/nampham/git_repos/self-develop/kafka-airflow/airflow/dags/kafka_token_processing.py
[2025-02-28T20:18:01.121+0200] {processor.py:925} INFO - DAG(s) 'kafka_token_processing' retrieved from /Users/nampham/git_repos/self-develop/kafka-airflow/airflow/dags/kafka_token_processing.py
[2025-02-28T20:18:01.185+0200] {logging_mixin.py:190} INFO - [2025-02-28T20:18:01.185+0200] {dag.py:3239} INFO - Sync 1 DAGs
[2025-02-28T20:18:01.192+0200] {logging_mixin.py:190} INFO - [2025-02-28T20:18:01.192+0200] {dag.py:4180} INFO - Setting next_dagrun for kafka_token_processing to 2025-02-28 18:15:00+00:00, run_after=2025-02-28 18:18:00+00:00
[2025-02-28T20:18:01.198+0200] {processor.py:208} INFO - Processing /Users/nampham/git_repos/self-develop/kafka-airflow/airflow/dags/kafka_token_processing.py took 0.114 seconds
[2025-02-28T20:19:51.396+0200] {processor.py:186} INFO - Started process (PID=99562) to work on /Users/nampham/git_repos/self-develop/kafka-airflow/airflow/dags/kafka_token_processing.py
[2025-02-28T20:19:51.397+0200] {processor.py:914} INFO - Processing file /Users/nampham/git_repos/self-develop/kafka-airflow/airflow/dags/kafka_token_processing.py for tasks to queue
[2025-02-28T20:19:51.397+0200] {logging_mixin.py:190} INFO - [2025-02-28T20:19:51.397+0200] {dagbag.py:588} INFO - Filling up the DagBag from /Users/nampham/git_repos/self-develop/kafka-airflow/airflow/dags/kafka_token_processing.py
[2025-02-28T20:19:51.437+0200] {processor.py:925} INFO - DAG(s) 'kafka_token_processing' retrieved from /Users/nampham/git_repos/self-develop/kafka-airflow/airflow/dags/kafka_token_processing.py
[2025-02-28T20:19:51.511+0200] {logging_mixin.py:190} INFO - [2025-02-28T20:19:51.511+0200] {dag.py:3239} INFO - Sync 1 DAGs
[2025-02-28T20:19:51.518+0200] {logging_mixin.py:190} INFO - [2025-02-28T20:19:51.518+0200] {dag.py:4180} INFO - Setting next_dagrun for kafka_token_processing to 2025-02-28 18:15:00+00:00, run_after=2025-02-28 18:18:00+00:00
[2025-02-28T20:19:51.524+0200] {processor.py:208} INFO - Processing /Users/nampham/git_repos/self-develop/kafka-airflow/airflow/dags/kafka_token_processing.py took 0.134 seconds
[2025-02-28T20:21:11.586+0200] {processor.py:186} INFO - Started process (PID=99904) to work on /Users/nampham/git_repos/self-develop/kafka-airflow/airflow/dags/kafka_token_processing.py
[2025-02-28T20:21:11.587+0200] {processor.py:914} INFO - Processing file /Users/nampham/git_repos/self-develop/kafka-airflow/airflow/dags/kafka_token_processing.py for tasks to queue
[2025-02-28T20:21:11.588+0200] {logging_mixin.py:190} INFO - [2025-02-28T20:21:11.588+0200] {dagbag.py:588} INFO - Filling up the DagBag from /Users/nampham/git_repos/self-develop/kafka-airflow/airflow/dags/kafka_token_processing.py
[2025-02-28T20:21:11.620+0200] {processor.py:925} INFO - DAG(s) 'kafka_token_processing' retrieved from /Users/nampham/git_repos/self-develop/kafka-airflow/airflow/dags/kafka_token_processing.py
[2025-02-28T20:21:11.685+0200] {logging_mixin.py:190} INFO - [2025-02-28T20:21:11.685+0200] {dag.py:3239} INFO - Sync 1 DAGs
[2025-02-28T20:21:11.691+0200] {logging_mixin.py:190} INFO - [2025-02-28T20:21:11.691+0200] {dag.py:4180} INFO - Setting next_dagrun for kafka_token_processing to 2025-02-28 18:18:00+00:00, run_after=2025-02-28 18:21:00+00:00
[2025-02-28T20:21:11.698+0200] {processor.py:208} INFO - Processing /Users/nampham/git_repos/self-develop/kafka-airflow/airflow/dags/kafka_token_processing.py took 0.113 seconds
[2025-02-28T20:22:27.431+0200] {processor.py:186} INFO - Started process (PID=255) to work on /Users/nampham/git_repos/self-develop/kafka-airflow/airflow/dags/kafka_token_processing.py
[2025-02-28T20:22:27.432+0200] {processor.py:914} INFO - Processing file /Users/nampham/git_repos/self-develop/kafka-airflow/airflow/dags/kafka_token_processing.py for tasks to queue
[2025-02-28T20:22:27.432+0200] {logging_mixin.py:190} INFO - [2025-02-28T20:22:27.432+0200] {dagbag.py:588} INFO - Filling up the DagBag from /Users/nampham/git_repos/self-develop/kafka-airflow/airflow/dags/kafka_token_processing.py
[2025-02-28T20:22:27.465+0200] {processor.py:925} INFO - DAG(s) 'kafka_token_processing' retrieved from /Users/nampham/git_repos/self-develop/kafka-airflow/airflow/dags/kafka_token_processing.py
[2025-02-28T20:22:27.529+0200] {logging_mixin.py:190} INFO - [2025-02-28T20:22:27.529+0200] {dag.py:3239} INFO - Sync 1 DAGs
[2025-02-28T20:22:27.535+0200] {logging_mixin.py:190} INFO - [2025-02-28T20:22:27.535+0200] {dag.py:4180} INFO - Setting next_dagrun for kafka_token_processing to 2025-02-28 18:18:00+00:00, run_after=2025-02-28 18:21:00+00:00
[2025-02-28T20:22:27.542+0200] {processor.py:208} INFO - Processing /Users/nampham/git_repos/self-develop/kafka-airflow/airflow/dags/kafka_token_processing.py took 0.112 seconds
[2025-02-28T21:27:12.431+0200] {processor.py:186} INFO - Started process (PID=5356) to work on /Users/nampham/git_repos/self-develop/kafka-airflow/airflow/dags/kafka_token_processing.py
[2025-02-28T21:27:12.431+0200] {processor.py:914} INFO - Processing file /Users/nampham/git_repos/self-develop/kafka-airflow/airflow/dags/kafka_token_processing.py for tasks to queue
[2025-02-28T21:27:12.432+0200] {logging_mixin.py:190} INFO - [2025-02-28T21:27:12.432+0200] {dagbag.py:588} INFO - Filling up the DagBag from /Users/nampham/git_repos/self-develop/kafka-airflow/airflow/dags/kafka_token_processing.py
[2025-02-28T21:27:12.470+0200] {processor.py:925} INFO - DAG(s) 'kafka_token_processing' retrieved from /Users/nampham/git_repos/self-develop/kafka-airflow/airflow/dags/kafka_token_processing.py
[2025-02-28T21:27:12.537+0200] {logging_mixin.py:190} INFO - [2025-02-28T21:27:12.537+0200] {dag.py:3239} INFO - Sync 1 DAGs
[2025-02-28T21:27:12.544+0200] {logging_mixin.py:190} INFO - [2025-02-28T21:27:12.544+0200] {dag.py:4180} INFO - Setting next_dagrun for kafka_token_processing to 2025-02-28 19:24:00+00:00, run_after=2025-02-28 19:27:00+00:00
[2025-02-28T21:27:12.551+0200] {processor.py:208} INFO - Processing /Users/nampham/git_repos/self-develop/kafka-airflow/airflow/dags/kafka_token_processing.py took 0.122 seconds
[2025-02-28T21:29:57.684+0200] {processor.py:186} INFO - Started process (PID=6008) to work on /Users/nampham/git_repos/self-develop/kafka-airflow/airflow/dags/kafka_token_processing.py
[2025-02-28T21:29:57.685+0200] {processor.py:914} INFO - Processing file /Users/nampham/git_repos/self-develop/kafka-airflow/airflow/dags/kafka_token_processing.py for tasks to queue
[2025-02-28T21:29:57.686+0200] {logging_mixin.py:190} INFO - [2025-02-28T21:29:57.686+0200] {dagbag.py:588} INFO - Filling up the DagBag from /Users/nampham/git_repos/self-develop/kafka-airflow/airflow/dags/kafka_token_processing.py
[2025-02-28T21:29:57.720+0200] {processor.py:925} INFO - DAG(s) 'kafka_token_processing' retrieved from /Users/nampham/git_repos/self-develop/kafka-airflow/airflow/dags/kafka_token_processing.py
[2025-02-28T21:29:57.785+0200] {logging_mixin.py:190} INFO - [2025-02-28T21:29:57.785+0200] {dag.py:3239} INFO - Sync 1 DAGs
[2025-02-28T21:29:57.791+0200] {logging_mixin.py:190} INFO - [2025-02-28T21:29:57.791+0200] {dag.py:4180} INFO - Setting next_dagrun for kafka_token_processing to 2025-02-28 19:24:00+00:00, run_after=2025-02-28 19:27:00+00:00
[2025-02-28T21:29:57.797+0200] {processor.py:208} INFO - Processing /Users/nampham/git_repos/self-develop/kafka-airflow/airflow/dags/kafka_token_processing.py took 0.115 seconds
[2025-02-28T21:31:46.823+0200] {processor.py:186} INFO - Started process (PID=6443) to work on /Users/nampham/git_repos/self-develop/kafka-airflow/airflow/dags/kafka_token_processing.py
[2025-02-28T21:31:46.825+0200] {processor.py:914} INFO - Processing file /Users/nampham/git_repos/self-develop/kafka-airflow/airflow/dags/kafka_token_processing.py for tasks to queue
[2025-02-28T21:31:46.825+0200] {logging_mixin.py:190} INFO - [2025-02-28T21:31:46.825+0200] {dagbag.py:588} INFO - Filling up the DagBag from /Users/nampham/git_repos/self-develop/kafka-airflow/airflow/dags/kafka_token_processing.py
[2025-02-28T21:31:46.862+0200] {processor.py:925} INFO - DAG(s) 'kafka_token_processing' retrieved from /Users/nampham/git_repos/self-develop/kafka-airflow/airflow/dags/kafka_token_processing.py
[2025-02-28T21:31:46.927+0200] {logging_mixin.py:190} INFO - [2025-02-28T21:31:46.927+0200] {dag.py:3239} INFO - Sync 1 DAGs
[2025-02-28T21:31:46.934+0200] {logging_mixin.py:190} INFO - [2025-02-28T21:31:46.934+0200] {dag.py:4180} INFO - Setting next_dagrun for kafka_token_processing to 2025-02-28 19:27:00+00:00, run_after=2025-02-28 19:30:00+00:00
[2025-02-28T21:31:46.941+0200] {processor.py:208} INFO - Processing /Users/nampham/git_repos/self-develop/kafka-airflow/airflow/dags/kafka_token_processing.py took 0.118 seconds
[2025-02-28T21:33:06.810+0200] {processor.py:186} INFO - Started process (PID=6967) to work on /Users/nampham/git_repos/self-develop/kafka-airflow/airflow/dags/kafka_token_processing.py
[2025-02-28T21:33:06.811+0200] {processor.py:914} INFO - Processing file /Users/nampham/git_repos/self-develop/kafka-airflow/airflow/dags/kafka_token_processing.py for tasks to queue
[2025-02-28T21:33:06.811+0200] {logging_mixin.py:190} INFO - [2025-02-28T21:33:06.811+0200] {dagbag.py:588} INFO - Filling up the DagBag from /Users/nampham/git_repos/self-develop/kafka-airflow/airflow/dags/kafka_token_processing.py
[2025-02-28T21:33:06.847+0200] {processor.py:925} INFO - DAG(s) 'kafka_token_processing' retrieved from /Users/nampham/git_repos/self-develop/kafka-airflow/airflow/dags/kafka_token_processing.py
[2025-02-28T21:33:06.912+0200] {logging_mixin.py:190} INFO - [2025-02-28T21:33:06.912+0200] {dag.py:3239} INFO - Sync 1 DAGs
[2025-02-28T21:33:06.919+0200] {logging_mixin.py:190} INFO - [2025-02-28T21:33:06.919+0200] {dag.py:4180} INFO - Setting next_dagrun for kafka_token_processing to 2025-02-28 19:30:00+00:00, run_after=2025-02-28 19:33:00+00:00
[2025-02-28T21:33:06.925+0200] {processor.py:208} INFO - Processing /Users/nampham/git_repos/self-develop/kafka-airflow/airflow/dags/kafka_token_processing.py took 0.117 seconds
[2025-02-28T21:34:23.932+0200] {processor.py:186} INFO - Started process (PID=7248) to work on /Users/nampham/git_repos/self-develop/kafka-airflow/airflow/dags/kafka_token_processing.py
[2025-02-28T21:34:23.933+0200] {processor.py:914} INFO - Processing file /Users/nampham/git_repos/self-develop/kafka-airflow/airflow/dags/kafka_token_processing.py for tasks to queue
[2025-02-28T21:34:23.934+0200] {logging_mixin.py:190} INFO - [2025-02-28T21:34:23.934+0200] {dagbag.py:588} INFO - Filling up the DagBag from /Users/nampham/git_repos/self-develop/kafka-airflow/airflow/dags/kafka_token_processing.py
[2025-02-28T21:34:23.967+0200] {processor.py:925} INFO - DAG(s) 'kafka_token_processing' retrieved from /Users/nampham/git_repos/self-develop/kafka-airflow/airflow/dags/kafka_token_processing.py
[2025-02-28T21:34:24.042+0200] {logging_mixin.py:190} INFO - [2025-02-28T21:34:24.042+0200] {dag.py:3239} INFO - Sync 1 DAGs
[2025-02-28T21:34:24.049+0200] {logging_mixin.py:190} INFO - [2025-02-28T21:34:24.048+0200] {dag.py:4180} INFO - Setting next_dagrun for kafka_token_processing to 2025-02-28 19:30:00+00:00, run_after=2025-02-28 19:33:00+00:00
[2025-02-28T21:34:24.055+0200] {processor.py:208} INFO - Processing /Users/nampham/git_repos/self-develop/kafka-airflow/airflow/dags/kafka_token_processing.py took 0.123 seconds
[2025-02-28T21:36:20.663+0200] {processor.py:186} INFO - Started process (PID=7739) to work on /Users/nampham/git_repos/self-develop/kafka-airflow/airflow/dags/kafka_token_processing.py
[2025-02-28T21:36:20.664+0200] {processor.py:914} INFO - Processing file /Users/nampham/git_repos/self-develop/kafka-airflow/airflow/dags/kafka_token_processing.py for tasks to queue
[2025-02-28T21:36:20.664+0200] {logging_mixin.py:190} INFO - [2025-02-28T21:36:20.664+0200] {dagbag.py:588} INFO - Filling up the DagBag from /Users/nampham/git_repos/self-develop/kafka-airflow/airflow/dags/kafka_token_processing.py
[2025-02-28T21:36:20.699+0200] {processor.py:925} INFO - DAG(s) 'kafka_token_processing' retrieved from /Users/nampham/git_repos/self-develop/kafka-airflow/airflow/dags/kafka_token_processing.py
[2025-02-28T21:36:20.767+0200] {logging_mixin.py:190} INFO - [2025-02-28T21:36:20.767+0200] {override.py:1930} INFO - Created Permission View: can read on DAG:kafka_token_processing
[2025-02-28T21:36:20.770+0200] {logging_mixin.py:190} INFO - [2025-02-28T21:36:20.770+0200] {override.py:1930} INFO - Created Permission View: can edit on DAG:kafka_token_processing
[2025-02-28T21:36:20.772+0200] {logging_mixin.py:190} INFO - [2025-02-28T21:36:20.772+0200] {override.py:1930} INFO - Created Permission View: can delete on DAG:kafka_token_processing
[2025-02-28T21:36:20.774+0200] {logging_mixin.py:190} INFO - [2025-02-28T21:36:20.774+0200] {override.py:1930} INFO - Created Permission View: can read on DAG Run:kafka_token_processing
[2025-02-28T21:36:20.776+0200] {logging_mixin.py:190} INFO - [2025-02-28T21:36:20.776+0200] {override.py:1930} INFO - Created Permission View: can create on DAG Run:kafka_token_processing
[2025-02-28T21:36:20.778+0200] {logging_mixin.py:190} INFO - [2025-02-28T21:36:20.778+0200] {override.py:1930} INFO - Created Permission View: can delete on DAG Run:kafka_token_processing
[2025-02-28T21:36:20.780+0200] {logging_mixin.py:190} INFO - [2025-02-28T21:36:20.780+0200] {override.py:1930} INFO - Created Permission View: menu access on DAG Run:kafka_token_processing
[2025-02-28T21:36:20.780+0200] {logging_mixin.py:190} INFO - [2025-02-28T21:36:20.780+0200] {dag.py:3239} INFO - Sync 1 DAGs
[2025-02-28T21:36:20.784+0200] {logging_mixin.py:190} INFO - [2025-02-28T21:36:20.784+0200] {dag.py:3262} INFO - Creating ORM DAG for kafka_token_processing
[2025-02-28T21:36:20.787+0200] {logging_mixin.py:190} INFO - [2025-02-28T21:36:20.787+0200] {dag.py:4180} INFO - Setting next_dagrun for kafka_token_processing to 2025-02-28 19:33:00+00:00, run_after=2025-02-28 19:36:00+00:00
[2025-02-28T21:36:20.792+0200] {processor.py:208} INFO - Processing /Users/nampham/git_repos/self-develop/kafka-airflow/airflow/dags/kafka_token_processing.py took 0.130 seconds
[2025-02-28T21:38:12.799+0200] {processor.py:186} INFO - Started process (PID=8174) to work on /Users/nampham/git_repos/self-develop/kafka-airflow/airflow/dags/kafka_token_processing.py
[2025-02-28T21:38:12.800+0200] {processor.py:914} INFO - Processing file /Users/nampham/git_repos/self-develop/kafka-airflow/airflow/dags/kafka_token_processing.py for tasks to queue
[2025-02-28T21:38:12.801+0200] {logging_mixin.py:190} INFO - [2025-02-28T21:38:12.801+0200] {dagbag.py:588} INFO - Filling up the DagBag from /Users/nampham/git_repos/self-develop/kafka-airflow/airflow/dags/kafka_token_processing.py
[2025-02-28T21:38:12.835+0200] {processor.py:925} INFO - DAG(s) 'kafka_token_processing' retrieved from /Users/nampham/git_repos/self-develop/kafka-airflow/airflow/dags/kafka_token_processing.py
[2025-02-28T21:38:12.900+0200] {logging_mixin.py:190} INFO - [2025-02-28T21:38:12.900+0200] {dag.py:3239} INFO - Sync 1 DAGs
[2025-02-28T21:38:12.906+0200] {logging_mixin.py:190} INFO - [2025-02-28T21:38:12.906+0200] {dag.py:4180} INFO - Setting next_dagrun for kafka_token_processing to 2025-02-28 19:33:00+00:00, run_after=2025-02-28 19:36:00+00:00
[2025-02-28T21:38:12.912+0200] {processor.py:208} INFO - Processing /Users/nampham/git_repos/self-develop/kafka-airflow/airflow/dags/kafka_token_processing.py took 0.114 seconds
[2025-02-28T21:39:30.303+0200] {processor.py:186} INFO - Started process (PID=8465) to work on /Users/nampham/git_repos/self-develop/kafka-airflow/airflow/dags/kafka_token_processing.py
[2025-02-28T21:39:30.304+0200] {processor.py:914} INFO - Processing file /Users/nampham/git_repos/self-develop/kafka-airflow/airflow/dags/kafka_token_processing.py for tasks to queue
[2025-02-28T21:39:30.304+0200] {logging_mixin.py:190} INFO - [2025-02-28T21:39:30.304+0200] {dagbag.py:588} INFO - Filling up the DagBag from /Users/nampham/git_repos/self-develop/kafka-airflow/airflow/dags/kafka_token_processing.py
[2025-02-28T21:39:30.338+0200] {processor.py:925} INFO - DAG(s) 'kafka_token_processing' retrieved from /Users/nampham/git_repos/self-develop/kafka-airflow/airflow/dags/kafka_token_processing.py
[2025-02-28T21:39:30.408+0200] {logging_mixin.py:190} INFO - [2025-02-28T21:39:30.408+0200] {dag.py:3239} INFO - Sync 1 DAGs
[2025-02-28T21:39:30.415+0200] {logging_mixin.py:190} INFO - [2025-02-28T21:39:30.414+0200] {dag.py:4180} INFO - Setting next_dagrun for kafka_token_processing to 2025-02-28 19:36:00+00:00, run_after=2025-02-28 19:39:00+00:00
[2025-02-28T21:39:30.421+0200] {processor.py:208} INFO - Processing /Users/nampham/git_repos/self-develop/kafka-airflow/airflow/dags/kafka_token_processing.py took 0.120 seconds
[2025-02-28T21:40:49.269+0200] {processor.py:186} INFO - Started process (PID=8743) to work on /Users/nampham/git_repos/self-develop/kafka-airflow/airflow/dags/kafka_token_processing.py
[2025-02-28T21:40:49.269+0200] {processor.py:914} INFO - Processing file /Users/nampham/git_repos/self-develop/kafka-airflow/airflow/dags/kafka_token_processing.py for tasks to queue
[2025-02-28T21:40:49.270+0200] {logging_mixin.py:190} INFO - [2025-02-28T21:40:49.270+0200] {dagbag.py:588} INFO - Filling up the DagBag from /Users/nampham/git_repos/self-develop/kafka-airflow/airflow/dags/kafka_token_processing.py
[2025-02-28T21:40:49.304+0200] {processor.py:925} INFO - DAG(s) 'kafka_token_processing' retrieved from /Users/nampham/git_repos/self-develop/kafka-airflow/airflow/dags/kafka_token_processing.py
[2025-02-28T21:40:49.371+0200] {logging_mixin.py:190} INFO - [2025-02-28T21:40:49.371+0200] {dag.py:3239} INFO - Sync 1 DAGs
[2025-02-28T21:40:49.377+0200] {logging_mixin.py:190} INFO - [2025-02-28T21:40:49.377+0200] {dag.py:4180} INFO - Setting next_dagrun for kafka_token_processing to 2025-02-28 19:36:00+00:00, run_after=2025-02-28 19:39:00+00:00
[2025-02-28T21:40:49.384+0200] {processor.py:208} INFO - Processing /Users/nampham/git_repos/self-develop/kafka-airflow/airflow/dags/kafka_token_processing.py took 0.117 seconds
[2025-02-28T21:41:51.227+0200] {processor.py:186} INFO - Started process (PID=9043) to work on /Users/nampham/git_repos/self-develop/kafka-airflow/airflow/dags/kafka_token_processing.py
[2025-02-28T21:41:51.229+0200] {processor.py:914} INFO - Processing file /Users/nampham/git_repos/self-develop/kafka-airflow/airflow/dags/kafka_token_processing.py for tasks to queue
[2025-02-28T21:41:51.229+0200] {logging_mixin.py:190} INFO - [2025-02-28T21:41:51.229+0200] {dagbag.py:588} INFO - Filling up the DagBag from /Users/nampham/git_repos/self-develop/kafka-airflow/airflow/dags/kafka_token_processing.py
[2025-02-28T21:41:51.263+0200] {processor.py:925} INFO - DAG(s) 'kafka_token_processing' retrieved from /Users/nampham/git_repos/self-develop/kafka-airflow/airflow/dags/kafka_token_processing.py
[2025-02-28T21:41:51.329+0200] {logging_mixin.py:190} INFO - [2025-02-28T21:41:51.329+0200] {override.py:1930} INFO - Created Permission View: can read on DAG:kafka_token_processing
[2025-02-28T21:41:51.333+0200] {logging_mixin.py:190} INFO - [2025-02-28T21:41:51.333+0200] {override.py:1930} INFO - Created Permission View: can delete on DAG:kafka_token_processing
[2025-02-28T21:41:51.335+0200] {logging_mixin.py:190} INFO - [2025-02-28T21:41:51.335+0200] {override.py:1930} INFO - Created Permission View: can edit on DAG:kafka_token_processing
[2025-02-28T21:41:51.337+0200] {logging_mixin.py:190} INFO - [2025-02-28T21:41:51.337+0200] {override.py:1930} INFO - Created Permission View: can read on DAG Run:kafka_token_processing
[2025-02-28T21:41:51.339+0200] {logging_mixin.py:190} INFO - [2025-02-28T21:41:51.339+0200] {override.py:1930} INFO - Created Permission View: can delete on DAG Run:kafka_token_processing
[2025-02-28T21:41:51.341+0200] {logging_mixin.py:190} INFO - [2025-02-28T21:41:51.341+0200] {override.py:1930} INFO - Created Permission View: menu access on DAG Run:kafka_token_processing
[2025-02-28T21:41:51.342+0200] {logging_mixin.py:190} INFO - [2025-02-28T21:41:51.342+0200] {override.py:1930} INFO - Created Permission View: can create on DAG Run:kafka_token_processing
[2025-02-28T21:41:51.343+0200] {logging_mixin.py:190} INFO - [2025-02-28T21:41:51.342+0200] {dag.py:3239} INFO - Sync 1 DAGs
[2025-02-28T21:41:51.347+0200] {logging_mixin.py:190} INFO - [2025-02-28T21:41:51.347+0200] {dag.py:3262} INFO - Creating ORM DAG for kafka_token_processing
[2025-02-28T21:41:51.350+0200] {logging_mixin.py:190} INFO - [2025-02-28T21:41:51.350+0200] {dag.py:4180} INFO - Setting next_dagrun for kafka_token_processing to 2025-02-28 19:36:00+00:00, run_after=2025-02-28 19:39:00+00:00
[2025-02-28T21:41:51.355+0200] {processor.py:208} INFO - Processing /Users/nampham/git_repos/self-develop/kafka-airflow/airflow/dags/kafka_token_processing.py took 0.129 seconds
[2025-02-28T21:42:55.644+0200] {processor.py:186} INFO - Started process (PID=9406) to work on /Users/nampham/git_repos/self-develop/kafka-airflow/airflow/dags/kafka_token_processing.py
[2025-02-28T21:42:55.644+0200] {processor.py:914} INFO - Processing file /Users/nampham/git_repos/self-develop/kafka-airflow/airflow/dags/kafka_token_processing.py for tasks to queue
[2025-02-28T21:42:55.645+0200] {logging_mixin.py:190} INFO - [2025-02-28T21:42:55.645+0200] {dagbag.py:588} INFO - Filling up the DagBag from /Users/nampham/git_repos/self-develop/kafka-airflow/airflow/dags/kafka_token_processing.py
[2025-02-28T21:42:55.684+0200] {processor.py:925} INFO - DAG(s) 'kafka_token_processing' retrieved from /Users/nampham/git_repos/self-develop/kafka-airflow/airflow/dags/kafka_token_processing.py
[2025-02-28T21:42:55.752+0200] {logging_mixin.py:190} INFO - [2025-02-28T21:42:55.752+0200] {dag.py:3239} INFO - Sync 1 DAGs
[2025-02-28T21:42:55.758+0200] {logging_mixin.py:190} INFO - [2025-02-28T21:42:55.758+0200] {dag.py:4180} INFO - Setting next_dagrun for kafka_token_processing to 2025-02-28 19:39:00+00:00, run_after=2025-02-28 19:42:00+00:00
[2025-02-28T21:42:55.765+0200] {processor.py:208} INFO - Processing /Users/nampham/git_repos/self-develop/kafka-airflow/airflow/dags/kafka_token_processing.py took 0.123 seconds
[2025-02-28T21:44:51.197+0200] {processor.py:186} INFO - Started process (PID=9927) to work on /Users/nampham/git_repos/self-develop/kafka-airflow/airflow/dags/kafka_token_processing.py
[2025-02-28T21:44:51.198+0200] {processor.py:914} INFO - Processing file /Users/nampham/git_repos/self-develop/kafka-airflow/airflow/dags/kafka_token_processing.py for tasks to queue
[2025-02-28T21:44:51.198+0200] {logging_mixin.py:190} INFO - [2025-02-28T21:44:51.198+0200] {dagbag.py:588} INFO - Filling up the DagBag from /Users/nampham/git_repos/self-develop/kafka-airflow/airflow/dags/kafka_token_processing.py
[2025-02-28T21:44:51.232+0200] {processor.py:925} INFO - DAG(s) 'kafka_token_processing' retrieved from /Users/nampham/git_repos/self-develop/kafka-airflow/airflow/dags/kafka_token_processing.py
[2025-02-28T21:44:51.297+0200] {logging_mixin.py:190} INFO - [2025-02-28T21:44:51.296+0200] {dag.py:3239} INFO - Sync 1 DAGs
[2025-02-28T21:44:51.303+0200] {logging_mixin.py:190} INFO - [2025-02-28T21:44:51.303+0200] {dag.py:4180} INFO - Setting next_dagrun for kafka_token_processing to 2025-02-28 19:39:00+00:00, run_after=2025-02-28 19:42:00+00:00
[2025-02-28T21:44:51.309+0200] {processor.py:208} INFO - Processing /Users/nampham/git_repos/self-develop/kafka-airflow/airflow/dags/kafka_token_processing.py took 0.113 seconds
[2025-02-28T21:47:11.386+0200] {processor.py:186} INFO - Started process (PID=10441) to work on /Users/nampham/git_repos/self-develop/kafka-airflow/airflow/dags/kafka_token_processing.py
[2025-02-28T21:47:11.387+0200] {processor.py:914} INFO - Processing file /Users/nampham/git_repos/self-develop/kafka-airflow/airflow/dags/kafka_token_processing.py for tasks to queue
[2025-02-28T21:47:11.388+0200] {logging_mixin.py:190} INFO - [2025-02-28T21:47:11.388+0200] {dagbag.py:588} INFO - Filling up the DagBag from /Users/nampham/git_repos/self-develop/kafka-airflow/airflow/dags/kafka_token_processing.py
[2025-02-28T21:47:11.421+0200] {processor.py:925} INFO - DAG(s) 'kafka_token_processing' retrieved from /Users/nampham/git_repos/self-develop/kafka-airflow/airflow/dags/kafka_token_processing.py
[2025-02-28T21:47:11.486+0200] {logging_mixin.py:190} INFO - [2025-02-28T21:47:11.486+0200] {dag.py:3239} INFO - Sync 1 DAGs
[2025-02-28T21:47:11.493+0200] {logging_mixin.py:190} INFO - [2025-02-28T21:47:11.492+0200] {dag.py:4180} INFO - Setting next_dagrun for kafka_token_processing to 2025-02-28 19:42:00+00:00, run_after=2025-02-28 19:45:00+00:00
[2025-02-28T21:47:11.499+0200] {processor.py:208} INFO - Processing /Users/nampham/git_repos/self-develop/kafka-airflow/airflow/dags/kafka_token_processing.py took 0.114 seconds
[2025-02-28T21:49:13.396+0200] {processor.py:186} INFO - Started process (PID=10898) to work on /Users/nampham/git_repos/self-develop/kafka-airflow/airflow/dags/kafka_token_processing.py
[2025-02-28T21:49:13.397+0200] {processor.py:914} INFO - Processing file /Users/nampham/git_repos/self-develop/kafka-airflow/airflow/dags/kafka_token_processing.py for tasks to queue
[2025-02-28T21:49:13.398+0200] {logging_mixin.py:190} INFO - [2025-02-28T21:49:13.397+0200] {dagbag.py:588} INFO - Filling up the DagBag from /Users/nampham/git_repos/self-develop/kafka-airflow/airflow/dags/kafka_token_processing.py
[2025-02-28T21:49:13.435+0200] {processor.py:925} INFO - DAG(s) 'kafka_token_processing' retrieved from /Users/nampham/git_repos/self-develop/kafka-airflow/airflow/dags/kafka_token_processing.py
[2025-02-28T21:49:13.506+0200] {logging_mixin.py:190} INFO - [2025-02-28T21:49:13.506+0200] {dag.py:3239} INFO - Sync 1 DAGs
[2025-02-28T21:49:13.513+0200] {logging_mixin.py:190} INFO - [2025-02-28T21:49:13.513+0200] {dag.py:4180} INFO - Setting next_dagrun for kafka_token_processing to 2025-02-28 19:45:00+00:00, run_after=2025-02-28 19:48:00+00:00
[2025-02-28T21:49:13.520+0200] {processor.py:208} INFO - Processing /Users/nampham/git_repos/self-develop/kafka-airflow/airflow/dags/kafka_token_processing.py took 0.125 seconds
[2025-02-28T21:51:01.371+0200] {processor.py:186} INFO - Started process (PID=11269) to work on /Users/nampham/git_repos/self-develop/kafka-airflow/airflow/dags/kafka_token_processing.py
[2025-02-28T21:51:01.371+0200] {processor.py:914} INFO - Processing file /Users/nampham/git_repos/self-develop/kafka-airflow/airflow/dags/kafka_token_processing.py for tasks to queue
[2025-02-28T21:51:01.372+0200] {logging_mixin.py:190} INFO - [2025-02-28T21:51:01.372+0200] {dagbag.py:588} INFO - Filling up the DagBag from /Users/nampham/git_repos/self-develop/kafka-airflow/airflow/dags/kafka_token_processing.py
[2025-02-28T21:51:01.411+0200] {processor.py:925} INFO - DAG(s) 'kafka_token_processing' retrieved from /Users/nampham/git_repos/self-develop/kafka-airflow/airflow/dags/kafka_token_processing.py
[2025-02-28T21:51:01.483+0200] {logging_mixin.py:190} INFO - [2025-02-28T21:51:01.483+0200] {dag.py:3239} INFO - Sync 1 DAGs
[2025-02-28T21:51:01.492+0200] {logging_mixin.py:190} INFO - [2025-02-28T21:51:01.492+0200] {dag.py:4180} INFO - Setting next_dagrun for kafka_token_processing to 2025-02-28 19:48:00+00:00, run_after=2025-02-28 19:51:00+00:00
[2025-02-28T21:51:01.500+0200] {processor.py:208} INFO - Processing /Users/nampham/git_repos/self-develop/kafka-airflow/airflow/dags/kafka_token_processing.py took 0.130 seconds
[2025-02-28T21:54:53.617+0200] {processor.py:186} INFO - Started process (PID=11891) to work on /Users/nampham/git_repos/self-develop/kafka-airflow/airflow/dags/kafka_token_processing.py
[2025-02-28T21:54:53.618+0200] {processor.py:914} INFO - Processing file /Users/nampham/git_repos/self-develop/kafka-airflow/airflow/dags/kafka_token_processing.py for tasks to queue
[2025-02-28T21:54:53.618+0200] {logging_mixin.py:190} INFO - [2025-02-28T21:54:53.618+0200] {dagbag.py:588} INFO - Filling up the DagBag from /Users/nampham/git_repos/self-develop/kafka-airflow/airflow/dags/kafka_token_processing.py
[2025-02-28T21:54:53.657+0200] {processor.py:925} INFO - DAG(s) 'kafka_token_processing' retrieved from /Users/nampham/git_repos/self-develop/kafka-airflow/airflow/dags/kafka_token_processing.py
[2025-02-28T21:54:53.731+0200] {logging_mixin.py:190} INFO - [2025-02-28T21:54:53.730+0200] {dag.py:3239} INFO - Sync 1 DAGs
[2025-02-28T21:54:53.738+0200] {logging_mixin.py:190} INFO - [2025-02-28T21:54:53.738+0200] {dag.py:4180} INFO - Setting next_dagrun for kafka_token_processing to 2025-02-28 19:45:00+00:00, run_after=2025-02-28 19:50:00+00:00
[2025-02-28T21:54:53.745+0200] {processor.py:208} INFO - Processing /Users/nampham/git_repos/self-develop/kafka-airflow/airflow/dags/kafka_token_processing.py took 0.129 seconds
[2025-02-28T22:04:02.716+0200] {processor.py:186} INFO - Started process (PID=13684) to work on /Users/nampham/git_repos/self-develop/kafka-airflow/airflow/dags/kafka_token_processing.py
[2025-02-28T22:04:02.717+0200] {processor.py:914} INFO - Processing file /Users/nampham/git_repos/self-develop/kafka-airflow/airflow/dags/kafka_token_processing.py for tasks to queue
[2025-02-28T22:04:02.717+0200] {logging_mixin.py:190} INFO - [2025-02-28T22:04:02.717+0200] {dagbag.py:588} INFO - Filling up the DagBag from /Users/nampham/git_repos/self-develop/kafka-airflow/airflow/dags/kafka_token_processing.py
[2025-02-28T22:04:02.756+0200] {processor.py:925} INFO - DAG(s) 'kafka_token_processing' retrieved from /Users/nampham/git_repos/self-develop/kafka-airflow/airflow/dags/kafka_token_processing.py
[2025-02-28T22:04:02.795+0200] {logging_mixin.py:190} INFO - [2025-02-28T22:04:02.795+0200] {dag.py:3239} INFO - Sync 1 DAGs
[2025-02-28T22:04:02.802+0200] {logging_mixin.py:190} INFO - [2025-02-28T22:04:02.802+0200] {dag.py:4180} INFO - Setting next_dagrun for kafka_token_processing to 2025-02-28 19:55:00+00:00, run_after=2025-02-28 20:00:00+00:00
[2025-02-28T22:04:02.809+0200] {processor.py:208} INFO - Processing /Users/nampham/git_repos/self-develop/kafka-airflow/airflow/dags/kafka_token_processing.py took 0.094 seconds
[2025-02-28T22:10:15.210+0200] {processor.py:186} INFO - Started process (PID=14726) to work on /Users/nampham/git_repos/self-develop/kafka-airflow/airflow/dags/kafka_token_processing.py
[2025-02-28T22:10:15.211+0200] {processor.py:914} INFO - Processing file /Users/nampham/git_repos/self-develop/kafka-airflow/airflow/dags/kafka_token_processing.py for tasks to queue
[2025-02-28T22:10:15.211+0200] {logging_mixin.py:190} INFO - [2025-02-28T22:10:15.211+0200] {dagbag.py:588} INFO - Filling up the DagBag from /Users/nampham/git_repos/self-develop/kafka-airflow/airflow/dags/kafka_token_processing.py
[2025-02-28T22:10:15.252+0200] {processor.py:925} INFO - DAG(s) 'kafka_token_processing' retrieved from /Users/nampham/git_repos/self-develop/kafka-airflow/airflow/dags/kafka_token_processing.py
[2025-02-28T22:10:15.294+0200] {logging_mixin.py:190} INFO - [2025-02-28T22:10:15.294+0200] {dag.py:3239} INFO - Sync 1 DAGs
[2025-02-28T22:10:15.301+0200] {logging_mixin.py:190} INFO - [2025-02-28T22:10:15.301+0200] {dag.py:4180} INFO - Setting next_dagrun for kafka_token_processing to 2025-02-28 20:05:00+00:00, run_after=2025-02-28 20:10:00+00:00
[2025-02-28T22:10:15.308+0200] {processor.py:208} INFO - Processing /Users/nampham/git_repos/self-develop/kafka-airflow/airflow/dags/kafka_token_processing.py took 0.100 seconds
[2025-02-28T22:10:55.082+0200] {processor.py:186} INFO - Started process (PID=14943) to work on /Users/nampham/git_repos/self-develop/kafka-airflow/airflow/dags/kafka_token_processing.py
[2025-02-28T22:10:55.083+0200] {processor.py:914} INFO - Processing file /Users/nampham/git_repos/self-develop/kafka-airflow/airflow/dags/kafka_token_processing.py for tasks to queue
[2025-02-28T22:10:55.083+0200] {logging_mixin.py:190} INFO - [2025-02-28T22:10:55.083+0200] {dagbag.py:588} INFO - Filling up the DagBag from /Users/nampham/git_repos/self-develop/kafka-airflow/airflow/dags/kafka_token_processing.py
[2025-02-28T22:10:55.124+0200] {processor.py:925} INFO - DAG(s) 'kafka_token_processing' retrieved from /Users/nampham/git_repos/self-develop/kafka-airflow/airflow/dags/kafka_token_processing.py
[2025-02-28T22:10:55.162+0200] {logging_mixin.py:190} INFO - [2025-02-28T22:10:55.162+0200] {dag.py:3239} INFO - Sync 1 DAGs
[2025-02-28T22:10:55.168+0200] {logging_mixin.py:190} INFO - [2025-02-28T22:10:55.168+0200] {dag.py:4180} INFO - Setting next_dagrun for kafka_token_processing to 2025-02-28 20:10:00+00:00, run_after=2025-02-28 20:15:00+00:00
[2025-02-28T22:10:55.176+0200] {processor.py:208} INFO - Processing /Users/nampham/git_repos/self-develop/kafka-airflow/airflow/dags/kafka_token_processing.py took 0.095 seconds
[2025-02-28T22:14:07.760+0200] {processor.py:186} INFO - Started process (PID=15581) to work on /Users/nampham/git_repos/self-develop/kafka-airflow/airflow/dags/kafka_token_processing.py
[2025-02-28T22:14:07.761+0200] {processor.py:914} INFO - Processing file /Users/nampham/git_repos/self-develop/kafka-airflow/airflow/dags/kafka_token_processing.py for tasks to queue
[2025-02-28T22:14:07.762+0200] {logging_mixin.py:190} INFO - [2025-02-28T22:14:07.762+0200] {dagbag.py:588} INFO - Filling up the DagBag from /Users/nampham/git_repos/self-develop/kafka-airflow/airflow/dags/kafka_token_processing.py
[2025-02-28T22:14:07.798+0200] {processor.py:925} INFO - DAG(s) 'kafka_token_processing' retrieved from /Users/nampham/git_repos/self-develop/kafka-airflow/airflow/dags/kafka_token_processing.py
[2025-02-28T22:14:07.865+0200] {logging_mixin.py:190} INFO - [2025-02-28T22:14:07.865+0200] {override.py:1930} INFO - Created Permission View: can delete on DAG:kafka_token_processing
[2025-02-28T22:14:07.868+0200] {logging_mixin.py:190} INFO - [2025-02-28T22:14:07.868+0200] {override.py:1930} INFO - Created Permission View: can edit on DAG:kafka_token_processing
[2025-02-28T22:14:07.870+0200] {logging_mixin.py:190} INFO - [2025-02-28T22:14:07.870+0200] {override.py:1930} INFO - Created Permission View: can read on DAG:kafka_token_processing
[2025-02-28T22:14:07.874+0200] {logging_mixin.py:190} INFO - [2025-02-28T22:14:07.874+0200] {override.py:1930} INFO - Created Permission View: can delete on DAG Run:kafka_token_processing
[2025-02-28T22:14:07.875+0200] {logging_mixin.py:190} INFO - [2025-02-28T22:14:07.875+0200] {override.py:1930} INFO - Created Permission View: menu access on DAG Run:kafka_token_processing
[2025-02-28T22:14:07.878+0200] {logging_mixin.py:190} INFO - [2025-02-28T22:14:07.878+0200] {override.py:1930} INFO - Created Permission View: can create on DAG Run:kafka_token_processing
[2025-02-28T22:14:07.880+0200] {logging_mixin.py:190} INFO - [2025-02-28T22:14:07.880+0200] {override.py:1930} INFO - Created Permission View: can read on DAG Run:kafka_token_processing
[2025-02-28T22:14:07.880+0200] {logging_mixin.py:190} INFO - [2025-02-28T22:14:07.880+0200] {dag.py:3239} INFO - Sync 1 DAGs
[2025-02-28T22:14:07.885+0200] {logging_mixin.py:190} INFO - [2025-02-28T22:14:07.885+0200] {dag.py:3262} INFO - Creating ORM DAG for kafka_token_processing
[2025-02-28T22:14:07.889+0200] {logging_mixin.py:190} INFO - [2025-02-28T22:14:07.889+0200] {dag.py:4180} INFO - Setting next_dagrun for kafka_token_processing to 2025-02-28 20:05:00+00:00, run_after=2025-02-28 20:10:00+00:00
[2025-02-28T22:14:07.898+0200] {processor.py:208} INFO - Processing /Users/nampham/git_repos/self-develop/kafka-airflow/airflow/dags/kafka_token_processing.py took 0.139 seconds
[2025-02-28T22:17:30.113+0200] {processor.py:186} INFO - Started process (PID=16188) to work on /Users/nampham/git_repos/self-develop/kafka-airflow/airflow/dags/kafka_token_processing.py
[2025-02-28T22:17:30.114+0200] {processor.py:914} INFO - Processing file /Users/nampham/git_repos/self-develop/kafka-airflow/airflow/dags/kafka_token_processing.py for tasks to queue
[2025-02-28T22:17:30.115+0200] {logging_mixin.py:190} INFO - [2025-02-28T22:17:30.115+0200] {dagbag.py:588} INFO - Filling up the DagBag from /Users/nampham/git_repos/self-develop/kafka-airflow/airflow/dags/kafka_token_processing.py
[2025-02-28T22:17:30.149+0200] {processor.py:925} INFO - DAG(s) 'kafka_token_processing' retrieved from /Users/nampham/git_repos/self-develop/kafka-airflow/airflow/dags/kafka_token_processing.py
[2025-02-28T22:17:30.183+0200] {logging_mixin.py:190} INFO - [2025-02-28T22:17:30.183+0200] {dag.py:3239} INFO - Sync 1 DAGs
[2025-02-28T22:17:30.190+0200] {logging_mixin.py:190} INFO - [2025-02-28T22:17:30.190+0200] {dag.py:4180} INFO - Setting next_dagrun for kafka_token_processing to 2025-02-28 20:15:00+00:00, run_after=2025-02-28 20:20:00+00:00
[2025-02-28T22:17:30.195+0200] {processor.py:208} INFO - Processing /Users/nampham/git_repos/self-develop/kafka-airflow/airflow/dags/kafka_token_processing.py took 0.084 seconds
[2025-02-28T22:22:41.486+0200] {processor.py:186} INFO - Started process (PID=17067) to work on /Users/nampham/git_repos/self-develop/kafka-airflow/airflow/dags/kafka_token_processing.py
[2025-02-28T22:22:41.487+0200] {processor.py:914} INFO - Processing file /Users/nampham/git_repos/self-develop/kafka-airflow/airflow/dags/kafka_token_processing.py for tasks to queue
[2025-02-28T22:22:41.487+0200] {logging_mixin.py:190} INFO - [2025-02-28T22:22:41.487+0200] {dagbag.py:588} INFO - Filling up the DagBag from /Users/nampham/git_repos/self-develop/kafka-airflow/airflow/dags/kafka_token_processing.py
[2025-02-28T22:22:41.524+0200] {processor.py:925} INFO - DAG(s) 'kafka_token_processing' retrieved from /Users/nampham/git_repos/self-develop/kafka-airflow/airflow/dags/kafka_token_processing.py
[2025-02-28T22:22:41.563+0200] {logging_mixin.py:190} INFO - [2025-02-28T22:22:41.563+0200] {dag.py:3239} INFO - Sync 1 DAGs
[2025-02-28T22:22:41.570+0200] {logging_mixin.py:190} INFO - [2025-02-28T22:22:41.570+0200] {dag.py:4180} INFO - Setting next_dagrun for kafka_token_processing to 2025-02-28 20:15:00+00:00, run_after=2025-02-28 20:20:00+00:00
[2025-02-28T22:22:41.576+0200] {processor.py:208} INFO - Processing /Users/nampham/git_repos/self-develop/kafka-airflow/airflow/dags/kafka_token_processing.py took 0.091 seconds
[2025-02-28T22:25:37.797+0200] {processor.py:186} INFO - Started process (PID=17611) to work on /Users/nampham/git_repos/self-develop/kafka-airflow/airflow/dags/kafka_token_processing.py
[2025-02-28T22:25:37.798+0200] {processor.py:914} INFO - Processing file /Users/nampham/git_repos/self-develop/kafka-airflow/airflow/dags/kafka_token_processing.py for tasks to queue
[2025-02-28T22:25:37.798+0200] {logging_mixin.py:190} INFO - [2025-02-28T22:25:37.798+0200] {dagbag.py:588} INFO - Filling up the DagBag from /Users/nampham/git_repos/self-develop/kafka-airflow/airflow/dags/kafka_token_processing.py
[2025-02-28T22:25:37.836+0200] {processor.py:925} INFO - DAG(s) 'kafka_token_processing' retrieved from /Users/nampham/git_repos/self-develop/kafka-airflow/airflow/dags/kafka_token_processing.py
[2025-02-28T22:25:37.907+0200] {logging_mixin.py:190} INFO - [2025-02-28T22:25:37.907+0200] {override.py:1930} INFO - Created Permission View: can read on DAG:kafka_token_processing
[2025-02-28T22:25:37.911+0200] {logging_mixin.py:190} INFO - [2025-02-28T22:25:37.911+0200] {override.py:1930} INFO - Created Permission View: can edit on DAG:kafka_token_processing
[2025-02-28T22:25:37.913+0200] {logging_mixin.py:190} INFO - [2025-02-28T22:25:37.912+0200] {override.py:1930} INFO - Created Permission View: can delete on DAG:kafka_token_processing
[2025-02-28T22:25:37.915+0200] {logging_mixin.py:190} INFO - [2025-02-28T22:25:37.915+0200] {override.py:1930} INFO - Created Permission View: can read on DAG Run:kafka_token_processing
[2025-02-28T22:25:37.917+0200] {logging_mixin.py:190} INFO - [2025-02-28T22:25:37.917+0200] {override.py:1930} INFO - Created Permission View: can delete on DAG Run:kafka_token_processing
[2025-02-28T22:25:37.920+0200] {logging_mixin.py:190} INFO - [2025-02-28T22:25:37.920+0200] {override.py:1930} INFO - Created Permission View: menu access on DAG Run:kafka_token_processing
[2025-02-28T22:25:37.923+0200] {logging_mixin.py:190} INFO - [2025-02-28T22:25:37.923+0200] {override.py:1930} INFO - Created Permission View: can create on DAG Run:kafka_token_processing
[2025-02-28T22:25:37.923+0200] {logging_mixin.py:190} INFO - [2025-02-28T22:25:37.923+0200] {dag.py:3239} INFO - Sync 1 DAGs
[2025-02-28T22:25:37.928+0200] {logging_mixin.py:190} INFO - [2025-02-28T22:25:37.928+0200] {dag.py:3262} INFO - Creating ORM DAG for kafka_token_processing
[2025-02-28T22:25:37.931+0200] {logging_mixin.py:190} INFO - [2025-02-28T22:25:37.931+0200] {dag.py:4180} INFO - Setting next_dagrun for kafka_token_processing to 2025-02-28 20:20:00+00:00, run_after=2025-02-28 20:25:00+00:00
[2025-02-28T22:25:37.941+0200] {processor.py:208} INFO - Processing /Users/nampham/git_repos/self-develop/kafka-airflow/airflow/dags/kafka_token_processing.py took 0.145 seconds
[2025-02-28T22:27:10.318+0200] {processor.py:186} INFO - Started process (PID=17935) to work on /Users/nampham/git_repos/self-develop/kafka-airflow/airflow/dags/kafka_token_processing.py
[2025-02-28T22:27:10.319+0200] {processor.py:914} INFO - Processing file /Users/nampham/git_repos/self-develop/kafka-airflow/airflow/dags/kafka_token_processing.py for tasks to queue
[2025-02-28T22:27:10.320+0200] {logging_mixin.py:190} INFO - [2025-02-28T22:27:10.319+0200] {dagbag.py:588} INFO - Filling up the DagBag from /Users/nampham/git_repos/self-develop/kafka-airflow/airflow/dags/kafka_token_processing.py
[2025-02-28T22:27:10.354+0200] {processor.py:925} INFO - DAG(s) 'kafka_token_processing' retrieved from /Users/nampham/git_repos/self-develop/kafka-airflow/airflow/dags/kafka_token_processing.py
[2025-02-28T22:27:10.389+0200] {logging_mixin.py:190} INFO - [2025-02-28T22:27:10.389+0200] {dag.py:3239} INFO - Sync 1 DAGs
[2025-02-28T22:27:10.395+0200] {logging_mixin.py:190} INFO - [2025-02-28T22:27:10.395+0200] {dag.py:4180} INFO - Setting next_dagrun for kafka_token_processing to 2025-02-28 20:25:00+00:00, run_after=2025-02-28 20:30:00+00:00
[2025-02-28T22:27:10.401+0200] {processor.py:208} INFO - Processing /Users/nampham/git_repos/self-develop/kafka-airflow/airflow/dags/kafka_token_processing.py took 0.084 seconds
[2025-02-28T22:29:03.998+0200] {processor.py:186} INFO - Started process (PID=18384) to work on /Users/nampham/git_repos/self-develop/kafka-airflow/airflow/dags/kafka_token_processing.py
[2025-02-28T22:29:03.999+0200] {processor.py:914} INFO - Processing file /Users/nampham/git_repos/self-develop/kafka-airflow/airflow/dags/kafka_token_processing.py for tasks to queue
[2025-02-28T22:29:03.999+0200] {logging_mixin.py:190} INFO - [2025-02-28T22:29:03.999+0200] {dagbag.py:588} INFO - Filling up the DagBag from /Users/nampham/git_repos/self-develop/kafka-airflow/airflow/dags/kafka_token_processing.py
[2025-02-28T22:29:04.032+0200] {processor.py:925} INFO - DAG(s) 'kafka_token_processing' retrieved from /Users/nampham/git_repos/self-develop/kafka-airflow/airflow/dags/kafka_token_processing.py
[2025-02-28T22:29:04.066+0200] {logging_mixin.py:190} INFO - [2025-02-28T22:29:04.066+0200] {dag.py:3239} INFO - Sync 1 DAGs
[2025-02-28T22:29:04.073+0200] {logging_mixin.py:190} INFO - [2025-02-28T22:29:04.073+0200] {dag.py:4180} INFO - Setting next_dagrun for kafka_token_processing to 2025-02-28 20:25:00+00:00, run_after=2025-02-28 20:30:00+00:00
[2025-02-28T22:29:04.079+0200] {processor.py:208} INFO - Processing /Users/nampham/git_repos/self-develop/kafka-airflow/airflow/dags/kafka_token_processing.py took 0.083 seconds
[2025-02-28T22:30:32.389+0200] {processor.py:186} INFO - Started process (PID=18698) to work on /Users/nampham/git_repos/self-develop/kafka-airflow/airflow/dags/kafka_token_processing.py
[2025-02-28T22:30:32.390+0200] {processor.py:914} INFO - Processing file /Users/nampham/git_repos/self-develop/kafka-airflow/airflow/dags/kafka_token_processing.py for tasks to queue
[2025-02-28T22:30:32.390+0200] {logging_mixin.py:190} INFO - [2025-02-28T22:30:32.390+0200] {dagbag.py:588} INFO - Filling up the DagBag from /Users/nampham/git_repos/self-develop/kafka-airflow/airflow/dags/kafka_token_processing.py
[2025-02-28T22:30:32.429+0200] {processor.py:925} INFO - DAG(s) 'kafka_token_processing' retrieved from /Users/nampham/git_repos/self-develop/kafka-airflow/airflow/dags/kafka_token_processing.py
[2025-02-28T22:30:32.464+0200] {logging_mixin.py:190} INFO - [2025-02-28T22:30:32.464+0200] {dag.py:3239} INFO - Sync 1 DAGs
[2025-02-28T22:30:32.470+0200] {logging_mixin.py:190} INFO - [2025-02-28T22:30:32.470+0200] {dag.py:4180} INFO - Setting next_dagrun for kafka_token_processing to 2025-02-28 20:25:00+00:00, run_after=2025-02-28 20:30:00+00:00
[2025-02-28T22:30:32.476+0200] {processor.py:208} INFO - Processing /Users/nampham/git_repos/self-develop/kafka-airflow/airflow/dags/kafka_token_processing.py took 0.088 seconds
[2025-02-28T22:33:49.276+0200] {processor.py:186} INFO - Started process (PID=19306) to work on /Users/nampham/git_repos/self-develop/kafka-airflow/airflow/dags/kafka_token_processing.py
[2025-02-28T22:33:49.276+0200] {processor.py:914} INFO - Processing file /Users/nampham/git_repos/self-develop/kafka-airflow/airflow/dags/kafka_token_processing.py for tasks to queue
[2025-02-28T22:33:49.277+0200] {logging_mixin.py:190} INFO - [2025-02-28T22:33:49.277+0200] {dagbag.py:588} INFO - Filling up the DagBag from /Users/nampham/git_repos/self-develop/kafka-airflow/airflow/dags/kafka_token_processing.py
[2025-02-28T22:33:49.313+0200] {processor.py:925} INFO - DAG(s) 'kafka_token_processing' retrieved from /Users/nampham/git_repos/self-develop/kafka-airflow/airflow/dags/kafka_token_processing.py
[2025-02-28T22:33:49.380+0200] {logging_mixin.py:190} INFO - [2025-02-28T22:33:49.379+0200] {override.py:1930} INFO - Created Permission View: can delete on DAG:kafka_token_processing
[2025-02-28T22:33:49.383+0200] {logging_mixin.py:190} INFO - [2025-02-28T22:33:49.383+0200] {override.py:1930} INFO - Created Permission View: can read on DAG:kafka_token_processing
[2025-02-28T22:33:49.385+0200] {logging_mixin.py:190} INFO - [2025-02-28T22:33:49.385+0200] {override.py:1930} INFO - Created Permission View: can edit on DAG:kafka_token_processing
[2025-02-28T22:33:49.387+0200] {logging_mixin.py:190} INFO - [2025-02-28T22:33:49.387+0200] {override.py:1930} INFO - Created Permission View: can create on DAG Run:kafka_token_processing
[2025-02-28T22:33:49.389+0200] {logging_mixin.py:190} INFO - [2025-02-28T22:33:49.389+0200] {override.py:1930} INFO - Created Permission View: can delete on DAG Run:kafka_token_processing
[2025-02-28T22:33:49.391+0200] {logging_mixin.py:190} INFO - [2025-02-28T22:33:49.391+0200] {override.py:1930} INFO - Created Permission View: can read on DAG Run:kafka_token_processing
[2025-02-28T22:33:49.393+0200] {logging_mixin.py:190} INFO - [2025-02-28T22:33:49.393+0200] {override.py:1930} INFO - Created Permission View: menu access on DAG Run:kafka_token_processing
[2025-02-28T22:33:49.393+0200] {logging_mixin.py:190} INFO - [2025-02-28T22:33:49.393+0200] {dag.py:3239} INFO - Sync 1 DAGs
[2025-02-28T22:33:49.398+0200] {logging_mixin.py:190} INFO - [2025-02-28T22:33:49.398+0200] {dag.py:3262} INFO - Creating ORM DAG for kafka_token_processing
[2025-02-28T22:33:49.401+0200] {logging_mixin.py:190} INFO - [2025-02-28T22:33:49.401+0200] {dag.py:4180} INFO - Setting next_dagrun for kafka_token_processing to 2025-02-28 20:25:00+00:00, run_after=2025-02-28 20:30:00+00:00
[2025-02-28T22:33:49.410+0200] {processor.py:208} INFO - Processing /Users/nampham/git_repos/self-develop/kafka-airflow/airflow/dags/kafka_token_processing.py took 0.136 seconds
[2025-02-28T22:37:06.296+0200] {processor.py:186} INFO - Started process (PID=20033) to work on /Users/nampham/git_repos/self-develop/kafka-airflow/airflow/dags/kafka_token_processing.py
[2025-02-28T22:37:06.296+0200] {processor.py:914} INFO - Processing file /Users/nampham/git_repos/self-develop/kafka-airflow/airflow/dags/kafka_token_processing.py for tasks to queue
[2025-02-28T22:37:06.297+0200] {logging_mixin.py:190} INFO - [2025-02-28T22:37:06.297+0200] {dagbag.py:588} INFO - Filling up the DagBag from /Users/nampham/git_repos/self-develop/kafka-airflow/airflow/dags/kafka_token_processing.py
[2025-02-28T22:37:06.332+0200] {processor.py:925} INFO - DAG(s) 'kafka_token_processing' retrieved from /Users/nampham/git_repos/self-develop/kafka-airflow/airflow/dags/kafka_token_processing.py
[2025-02-28T22:37:06.366+0200] {logging_mixin.py:190} INFO - [2025-02-28T22:37:06.366+0200] {dag.py:3239} INFO - Sync 1 DAGs
[2025-02-28T22:37:06.372+0200] {logging_mixin.py:190} INFO - [2025-02-28T22:37:06.372+0200] {dag.py:4180} INFO - Setting next_dagrun for kafka_token_processing to 2025-02-28 20:35:00+00:00, run_after=2025-02-28 20:40:00+00:00
[2025-02-28T22:37:06.378+0200] {processor.py:208} INFO - Processing /Users/nampham/git_repos/self-develop/kafka-airflow/airflow/dags/kafka_token_processing.py took 0.084 seconds
[2025-02-28T22:38:49.592+0200] {processor.py:186} INFO - Started process (PID=20385) to work on /Users/nampham/git_repos/self-develop/kafka-airflow/airflow/dags/kafka_token_processing.py
[2025-02-28T22:38:49.592+0200] {processor.py:914} INFO - Processing file /Users/nampham/git_repos/self-develop/kafka-airflow/airflow/dags/kafka_token_processing.py for tasks to queue
[2025-02-28T22:38:49.593+0200] {logging_mixin.py:190} INFO - [2025-02-28T22:38:49.593+0200] {dagbag.py:588} INFO - Filling up the DagBag from /Users/nampham/git_repos/self-develop/kafka-airflow/airflow/dags/kafka_token_processing.py
[2025-02-28T22:38:49.625+0200] {processor.py:925} INFO - DAG(s) 'kafka_token_processing' retrieved from /Users/nampham/git_repos/self-develop/kafka-airflow/airflow/dags/kafka_token_processing.py
[2025-02-28T22:38:49.659+0200] {logging_mixin.py:190} INFO - [2025-02-28T22:38:49.659+0200] {dag.py:3239} INFO - Sync 1 DAGs
[2025-02-28T22:38:49.665+0200] {logging_mixin.py:190} INFO - [2025-02-28T22:38:49.665+0200] {dag.py:4180} INFO - Setting next_dagrun for kafka_token_processing to 2025-02-28 20:35:00+00:00, run_after=2025-02-28 20:40:00+00:00
[2025-02-28T22:38:49.671+0200] {processor.py:208} INFO - Processing /Users/nampham/git_repos/self-develop/kafka-airflow/airflow/dags/kafka_token_processing.py took 0.081 seconds
[2025-02-28T22:40:01.877+0200] {processor.py:186} INFO - Started process (PID=20627) to work on /Users/nampham/git_repos/self-develop/kafka-airflow/airflow/dags/kafka_token_processing.py
[2025-02-28T22:40:01.878+0200] {processor.py:914} INFO - Processing file /Users/nampham/git_repos/self-develop/kafka-airflow/airflow/dags/kafka_token_processing.py for tasks to queue
[2025-02-28T22:40:01.878+0200] {logging_mixin.py:190} INFO - [2025-02-28T22:40:01.878+0200] {dagbag.py:588} INFO - Filling up the DagBag from /Users/nampham/git_repos/self-develop/kafka-airflow/airflow/dags/kafka_token_processing.py
[2025-02-28T22:40:01.911+0200] {processor.py:925} INFO - DAG(s) 'kafka_token_processing' retrieved from /Users/nampham/git_repos/self-develop/kafka-airflow/airflow/dags/kafka_token_processing.py
[2025-02-28T22:40:01.944+0200] {logging_mixin.py:190} INFO - [2025-02-28T22:40:01.944+0200] {dag.py:3239} INFO - Sync 1 DAGs
[2025-02-28T22:40:01.950+0200] {logging_mixin.py:190} INFO - [2025-02-28T22:40:01.950+0200] {dag.py:4180} INFO - Setting next_dagrun for kafka_token_processing to 2025-02-28 20:35:00+00:00, run_after=2025-02-28 20:40:00+00:00
[2025-02-28T22:40:01.956+0200] {processor.py:208} INFO - Processing /Users/nampham/git_repos/self-develop/kafka-airflow/airflow/dags/kafka_token_processing.py took 0.080 seconds
[2025-02-28T22:41:38.950+0200] {processor.py:186} INFO - Started process (PID=20944) to work on /Users/nampham/git_repos/self-develop/kafka-airflow/airflow/dags/kafka_token_processing.py
[2025-02-28T22:41:38.952+0200] {processor.py:914} INFO - Processing file /Users/nampham/git_repos/self-develop/kafka-airflow/airflow/dags/kafka_token_processing.py for tasks to queue
[2025-02-28T22:41:38.952+0200] {logging_mixin.py:190} INFO - [2025-02-28T22:41:38.952+0200] {dagbag.py:588} INFO - Filling up the DagBag from /Users/nampham/git_repos/self-develop/kafka-airflow/airflow/dags/kafka_token_processing.py
[2025-02-28T22:41:38.984+0200] {processor.py:925} INFO - DAG(s) 'kafka_token_processing' retrieved from /Users/nampham/git_repos/self-develop/kafka-airflow/airflow/dags/kafka_token_processing.py
[2025-02-28T22:41:39.018+0200] {logging_mixin.py:190} INFO - [2025-02-28T22:41:39.017+0200] {dag.py:3239} INFO - Sync 1 DAGs
[2025-02-28T22:41:39.023+0200] {logging_mixin.py:190} INFO - [2025-02-28T22:41:39.023+0200] {dag.py:4180} INFO - Setting next_dagrun for kafka_token_processing to 2025-02-28 20:40:00+00:00, run_after=2025-02-28 20:45:00+00:00
[2025-02-28T22:41:39.030+0200] {processor.py:208} INFO - Processing /Users/nampham/git_repos/self-develop/kafka-airflow/airflow/dags/kafka_token_processing.py took 0.080 seconds
[2025-02-28T22:42:49.640+0200] {processor.py:186} INFO - Started process (PID=21210) to work on /Users/nampham/git_repos/self-develop/kafka-airflow/airflow/dags/kafka_token_processing.py
[2025-02-28T22:42:49.641+0200] {processor.py:914} INFO - Processing file /Users/nampham/git_repos/self-develop/kafka-airflow/airflow/dags/kafka_token_processing.py for tasks to queue
[2025-02-28T22:42:49.641+0200] {logging_mixin.py:190} INFO - [2025-02-28T22:42:49.641+0200] {dagbag.py:588} INFO - Filling up the DagBag from /Users/nampham/git_repos/self-develop/kafka-airflow/airflow/dags/kafka_token_processing.py
[2025-02-28T22:42:49.674+0200] {processor.py:925} INFO - DAG(s) 'kafka_token_processing' retrieved from /Users/nampham/git_repos/self-develop/kafka-airflow/airflow/dags/kafka_token_processing.py
[2025-02-28T22:42:49.707+0200] {logging_mixin.py:190} INFO - [2025-02-28T22:42:49.707+0200] {dag.py:3239} INFO - Sync 1 DAGs
[2025-02-28T22:42:49.713+0200] {logging_mixin.py:190} INFO - [2025-02-28T22:42:49.713+0200] {dag.py:4180} INFO - Setting next_dagrun for kafka_token_processing to 2025-02-28 20:40:00+00:00, run_after=2025-02-28 20:45:00+00:00
[2025-02-28T22:42:49.719+0200] {processor.py:208} INFO - Processing /Users/nampham/git_repos/self-develop/kafka-airflow/airflow/dags/kafka_token_processing.py took 0.081 seconds
[2025-02-28T22:44:07.904+0200] {processor.py:186} INFO - Started process (PID=21493) to work on /Users/nampham/git_repos/self-develop/kafka-airflow/airflow/dags/kafka_token_processing.py
[2025-02-28T22:44:07.906+0200] {processor.py:914} INFO - Processing file /Users/nampham/git_repos/self-develop/kafka-airflow/airflow/dags/kafka_token_processing.py for tasks to queue
[2025-02-28T22:44:07.906+0200] {logging_mixin.py:190} INFO - [2025-02-28T22:44:07.906+0200] {dagbag.py:588} INFO - Filling up the DagBag from /Users/nampham/git_repos/self-develop/kafka-airflow/airflow/dags/kafka_token_processing.py
[2025-02-28T22:44:07.939+0200] {processor.py:925} INFO - DAG(s) 'kafka_token_processing' retrieved from /Users/nampham/git_repos/self-develop/kafka-airflow/airflow/dags/kafka_token_processing.py
[2025-02-28T22:44:07.972+0200] {logging_mixin.py:190} INFO - [2025-02-28T22:44:07.972+0200] {dag.py:3239} INFO - Sync 1 DAGs
[2025-02-28T22:44:07.978+0200] {logging_mixin.py:190} INFO - [2025-02-28T22:44:07.978+0200] {dag.py:4180} INFO - Setting next_dagrun for kafka_token_processing to 2025-02-28 20:40:00+00:00, run_after=2025-02-28 20:45:00+00:00
[2025-02-28T22:44:07.984+0200] {processor.py:208} INFO - Processing /Users/nampham/git_repos/self-develop/kafka-airflow/airflow/dags/kafka_token_processing.py took 0.081 seconds
[2025-02-28T22:45:50.735+0200] {processor.py:186} INFO - Started process (PID=21844) to work on /Users/nampham/git_repos/self-develop/kafka-airflow/airflow/dags/kafka_token_processing.py
[2025-02-28T22:45:50.736+0200] {processor.py:914} INFO - Processing file /Users/nampham/git_repos/self-develop/kafka-airflow/airflow/dags/kafka_token_processing.py for tasks to queue
[2025-02-28T22:45:50.736+0200] {logging_mixin.py:190} INFO - [2025-02-28T22:45:50.736+0200] {dagbag.py:588} INFO - Filling up the DagBag from /Users/nampham/git_repos/self-develop/kafka-airflow/airflow/dags/kafka_token_processing.py
[2025-02-28T22:45:50.769+0200] {processor.py:925} INFO - DAG(s) 'kafka_token_processing' retrieved from /Users/nampham/git_repos/self-develop/kafka-airflow/airflow/dags/kafka_token_processing.py
[2025-02-28T22:45:50.802+0200] {logging_mixin.py:190} INFO - [2025-02-28T22:45:50.802+0200] {dag.py:3239} INFO - Sync 1 DAGs
[2025-02-28T22:45:50.808+0200] {logging_mixin.py:190} INFO - [2025-02-28T22:45:50.808+0200] {dag.py:4180} INFO - Setting next_dagrun for kafka_token_processing to 2025-02-28 20:45:00+00:00, run_after=2025-02-28 20:50:00+00:00
[2025-02-28T22:45:50.814+0200] {processor.py:208} INFO - Processing /Users/nampham/git_repos/self-develop/kafka-airflow/airflow/dags/kafka_token_processing.py took 0.081 seconds
[2025-02-28T22:47:19.808+0200] {processor.py:186} INFO - Started process (PID=22134) to work on /Users/nampham/git_repos/self-develop/kafka-airflow/airflow/dags/kafka_token_processing.py
[2025-02-28T22:47:19.810+0200] {processor.py:914} INFO - Processing file /Users/nampham/git_repos/self-develop/kafka-airflow/airflow/dags/kafka_token_processing.py for tasks to queue
[2025-02-28T22:47:19.810+0200] {logging_mixin.py:190} INFO - [2025-02-28T22:47:19.810+0200] {dagbag.py:588} INFO - Filling up the DagBag from /Users/nampham/git_repos/self-develop/kafka-airflow/airflow/dags/kafka_token_processing.py
[2025-02-28T22:47:19.843+0200] {processor.py:925} INFO - DAG(s) 'kafka_token_processing' retrieved from /Users/nampham/git_repos/self-develop/kafka-airflow/airflow/dags/kafka_token_processing.py
[2025-02-28T22:47:19.876+0200] {logging_mixin.py:190} INFO - [2025-02-28T22:47:19.876+0200] {dag.py:3239} INFO - Sync 1 DAGs
[2025-02-28T22:47:19.882+0200] {logging_mixin.py:190} INFO - [2025-02-28T22:47:19.882+0200] {dag.py:4180} INFO - Setting next_dagrun for kafka_token_processing to 2025-02-28 20:45:00+00:00, run_after=2025-02-28 20:50:00+00:00
[2025-02-28T22:47:19.888+0200] {processor.py:208} INFO - Processing /Users/nampham/git_repos/self-develop/kafka-airflow/airflow/dags/kafka_token_processing.py took 0.081 seconds
[2025-02-28T22:49:04.171+0200] {processor.py:186} INFO - Started process (PID=22397) to work on /Users/nampham/git_repos/self-develop/kafka-airflow/airflow/dags/kafka_token_processing.py
[2025-02-28T22:49:04.171+0200] {processor.py:914} INFO - Processing file /Users/nampham/git_repos/self-develop/kafka-airflow/airflow/dags/kafka_token_processing.py for tasks to queue
[2025-02-28T22:49:04.172+0200] {logging_mixin.py:190} INFO - [2025-02-28T22:49:04.172+0200] {dagbag.py:588} INFO - Filling up the DagBag from /Users/nampham/git_repos/self-develop/kafka-airflow/airflow/dags/kafka_token_processing.py
[2025-02-28T22:49:04.204+0200] {processor.py:925} INFO - DAG(s) 'kafka_token_processing' retrieved from /Users/nampham/git_repos/self-develop/kafka-airflow/airflow/dags/kafka_token_processing.py
[2025-02-28T22:49:04.237+0200] {logging_mixin.py:190} INFO - [2025-02-28T22:49:04.237+0200] {dag.py:3239} INFO - Sync 1 DAGs
[2025-02-28T22:49:04.243+0200] {logging_mixin.py:190} INFO - [2025-02-28T22:49:04.243+0200] {dag.py:4180} INFO - Setting next_dagrun for kafka_token_processing to 2025-02-28 20:45:00+00:00, run_after=2025-02-28 20:50:00+00:00
[2025-02-28T22:49:04.249+0200] {processor.py:208} INFO - Processing /Users/nampham/git_repos/self-develop/kafka-airflow/airflow/dags/kafka_token_processing.py took 0.080 seconds
[2025-02-28T22:55:51.355+0200] {processor.py:186} INFO - Started process (PID=22942) to work on /Users/nampham/git_repos/self-develop/kafka-airflow/airflow/dags/kafka_token_processing.py
[2025-02-28T22:55:51.355+0200] {processor.py:914} INFO - Processing file /Users/nampham/git_repos/self-develop/kafka-airflow/airflow/dags/kafka_token_processing.py for tasks to queue
[2025-02-28T22:55:51.356+0200] {logging_mixin.py:190} INFO - [2025-02-28T22:55:51.356+0200] {dagbag.py:588} INFO - Filling up the DagBag from /Users/nampham/git_repos/self-develop/kafka-airflow/airflow/dags/kafka_token_processing.py
[2025-02-28T22:55:51.389+0200] {processor.py:925} INFO - DAG(s) 'kafka_token_processing' retrieved from /Users/nampham/git_repos/self-develop/kafka-airflow/airflow/dags/kafka_token_processing.py
[2025-02-28T22:55:51.421+0200] {logging_mixin.py:190} INFO - [2025-02-28T22:55:51.421+0200] {dag.py:3239} INFO - Sync 1 DAGs
[2025-02-28T22:55:51.429+0200] {logging_mixin.py:190} INFO - [2025-02-28T22:55:51.429+0200] {dag.py:4180} INFO - Setting next_dagrun for kafka_token_processing to 2025-02-28 20:55:00+00:00, run_after=2025-02-28 21:00:00+00:00
[2025-02-28T22:55:51.435+0200] {processor.py:208} INFO - Processing /Users/nampham/git_repos/self-develop/kafka-airflow/airflow/dags/kafka_token_processing.py took 0.082 seconds
[2025-02-28T22:57:19.184+0200] {processor.py:186} INFO - Started process (PID=23225) to work on /Users/nampham/git_repos/self-develop/kafka-airflow/airflow/dags/kafka_token_processing.py
[2025-02-28T22:57:19.184+0200] {processor.py:914} INFO - Processing file /Users/nampham/git_repos/self-develop/kafka-airflow/airflow/dags/kafka_token_processing.py for tasks to queue
[2025-02-28T22:57:19.185+0200] {logging_mixin.py:190} INFO - [2025-02-28T22:57:19.185+0200] {dagbag.py:588} INFO - Filling up the DagBag from /Users/nampham/git_repos/self-develop/kafka-airflow/airflow/dags/kafka_token_processing.py
[2025-02-28T22:57:19.217+0200] {processor.py:925} INFO - DAG(s) 'kafka_token_processing' retrieved from /Users/nampham/git_repos/self-develop/kafka-airflow/airflow/dags/kafka_token_processing.py
[2025-02-28T22:57:19.250+0200] {logging_mixin.py:190} INFO - [2025-02-28T22:57:19.250+0200] {dag.py:3239} INFO - Sync 1 DAGs
[2025-02-28T22:57:19.256+0200] {logging_mixin.py:190} INFO - [2025-02-28T22:57:19.256+0200] {dag.py:4180} INFO - Setting next_dagrun for kafka_token_processing to 2025-02-28 20:55:00+00:00, run_after=2025-02-28 21:00:00+00:00
[2025-02-28T22:57:19.262+0200] {processor.py:208} INFO - Processing /Users/nampham/git_repos/self-develop/kafka-airflow/airflow/dags/kafka_token_processing.py took 0.080 seconds
[2025-02-28T22:58:35.858+0200] {processor.py:186} INFO - Started process (PID=23474) to work on /Users/nampham/git_repos/self-develop/kafka-airflow/airflow/dags/kafka_token_processing.py
[2025-02-28T22:58:35.859+0200] {processor.py:914} INFO - Processing file /Users/nampham/git_repos/self-develop/kafka-airflow/airflow/dags/kafka_token_processing.py for tasks to queue
[2025-02-28T22:58:35.859+0200] {logging_mixin.py:190} INFO - [2025-02-28T22:58:35.859+0200] {dagbag.py:588} INFO - Filling up the DagBag from /Users/nampham/git_repos/self-develop/kafka-airflow/airflow/dags/kafka_token_processing.py
[2025-02-28T22:58:35.892+0200] {processor.py:925} INFO - DAG(s) 'kafka_token_processing' retrieved from /Users/nampham/git_repos/self-develop/kafka-airflow/airflow/dags/kafka_token_processing.py
[2025-02-28T22:58:35.925+0200] {logging_mixin.py:190} INFO - [2025-02-28T22:58:35.925+0200] {dag.py:3239} INFO - Sync 1 DAGs
[2025-02-28T22:58:35.932+0200] {logging_mixin.py:190} INFO - [2025-02-28T22:58:35.932+0200] {dag.py:4180} INFO - Setting next_dagrun for kafka_token_processing to 2025-02-28 20:55:00+00:00, run_after=2025-02-28 21:00:00+00:00
[2025-02-28T22:58:35.937+0200] {processor.py:208} INFO - Processing /Users/nampham/git_repos/self-develop/kafka-airflow/airflow/dags/kafka_token_processing.py took 0.080 seconds
[2025-02-28T22:59:52.463+0200] {processor.py:186} INFO - Started process (PID=23726) to work on /Users/nampham/git_repos/self-develop/kafka-airflow/airflow/dags/kafka_token_processing.py
[2025-02-28T22:59:52.463+0200] {processor.py:914} INFO - Processing file /Users/nampham/git_repos/self-develop/kafka-airflow/airflow/dags/kafka_token_processing.py for tasks to queue
[2025-02-28T22:59:52.464+0200] {logging_mixin.py:190} INFO - [2025-02-28T22:59:52.464+0200] {dagbag.py:588} INFO - Filling up the DagBag from /Users/nampham/git_repos/self-develop/kafka-airflow/airflow/dags/kafka_token_processing.py
[2025-02-28T22:59:52.496+0200] {processor.py:925} INFO - DAG(s) 'kafka_token_processing' retrieved from /Users/nampham/git_repos/self-develop/kafka-airflow/airflow/dags/kafka_token_processing.py
[2025-02-28T22:59:52.529+0200] {logging_mixin.py:190} INFO - [2025-02-28T22:59:52.529+0200] {dag.py:3239} INFO - Sync 1 DAGs
[2025-02-28T22:59:52.536+0200] {logging_mixin.py:190} INFO - [2025-02-28T22:59:52.536+0200] {dag.py:4180} INFO - Setting next_dagrun for kafka_token_processing to 2025-02-28 20:55:00+00:00, run_after=2025-02-28 21:00:00+00:00
[2025-02-28T22:59:52.541+0200] {processor.py:208} INFO - Processing /Users/nampham/git_repos/self-develop/kafka-airflow/airflow/dags/kafka_token_processing.py took 0.080 seconds
[2025-02-28T23:01:33.834+0200] {processor.py:186} INFO - Started process (PID=24086) to work on /Users/nampham/git_repos/self-develop/kafka-airflow/airflow/dags/kafka_token_processing.py
[2025-02-28T23:01:33.836+0200] {processor.py:914} INFO - Processing file /Users/nampham/git_repos/self-develop/kafka-airflow/airflow/dags/kafka_token_processing.py for tasks to queue
[2025-02-28T23:01:33.836+0200] {logging_mixin.py:190} INFO - [2025-02-28T23:01:33.836+0200] {dagbag.py:588} INFO - Filling up the DagBag from /Users/nampham/git_repos/self-develop/kafka-airflow/airflow/dags/kafka_token_processing.py
[2025-02-28T23:01:33.868+0200] {processor.py:925} INFO - DAG(s) 'kafka_token_processing' retrieved from /Users/nampham/git_repos/self-develop/kafka-airflow/airflow/dags/kafka_token_processing.py
[2025-02-28T23:01:33.901+0200] {logging_mixin.py:190} INFO - [2025-02-28T23:01:33.901+0200] {dag.py:3239} INFO - Sync 1 DAGs
[2025-02-28T23:01:33.907+0200] {logging_mixin.py:190} INFO - [2025-02-28T23:01:33.907+0200] {dag.py:4180} INFO - Setting next_dagrun for kafka_token_processing to 2025-02-28 21:00:00+00:00, run_after=2025-02-28 21:05:00+00:00
[2025-02-28T23:01:33.913+0200] {processor.py:208} INFO - Processing /Users/nampham/git_repos/self-develop/kafka-airflow/airflow/dags/kafka_token_processing.py took 0.080 seconds
