[2025-02-28T18:24:22.154+0200] {processor.py:186} INFO - Started process (PID=93036) to work on /Users/nampham/.pyenv/versions/3.12.9/lib/python3.12/site-packages/airflow/example_dags/plugins/listener_plugin.py
[2025-02-28T18:24:22.155+0200] {processor.py:914} INFO - Processing file /Users/nampham/.pyenv/versions/3.12.9/lib/python3.12/site-packages/airflow/example_dags/plugins/listener_plugin.py for tasks to queue
[2025-02-28T18:24:22.155+0200] {logging_mixin.py:190} INFO - [2025-02-28T18:24:22.155+0200] {dagbag.py:588} INFO - Filling up the DagBag from /Users/nampham/.pyenv/versions/3.12.9/lib/python3.12/site-packages/airflow/example_dags/plugins/listener_plugin.py
[2025-02-28T18:24:22.156+0200] {processor.py:927} WARNING - No viable dags retrieved from /Users/nampham/.pyenv/versions/3.12.9/lib/python3.12/site-packages/airflow/example_dags/plugins/listener_plugin.py
[2025-02-28T18:24:22.209+0200] {processor.py:208} INFO - Processing /Users/nampham/.pyenv/versions/3.12.9/lib/python3.12/site-packages/airflow/example_dags/plugins/listener_plugin.py took 0.056 seconds
[2025-02-28T18:26:10.878+0200] {processor.py:186} INFO - Started process (PID=93498) to work on /Users/nampham/.pyenv/versions/3.12.9/lib/python3.12/site-packages/airflow/example_dags/plugins/listener_plugin.py
[2025-02-28T18:26:10.879+0200] {processor.py:914} INFO - Processing file /Users/nampham/.pyenv/versions/3.12.9/lib/python3.12/site-packages/airflow/example_dags/plugins/listener_plugin.py for tasks to queue
[2025-02-28T18:26:10.879+0200] {logging_mixin.py:190} INFO - [2025-02-28T18:26:10.879+0200] {dagbag.py:588} INFO - Filling up the DagBag from /Users/nampham/.pyenv/versions/3.12.9/lib/python3.12/site-packages/airflow/example_dags/plugins/listener_plugin.py
[2025-02-28T18:26:10.881+0200] {processor.py:927} WARNING - No viable dags retrieved from /Users/nampham/.pyenv/versions/3.12.9/lib/python3.12/site-packages/airflow/example_dags/plugins/listener_plugin.py
[2025-02-28T18:26:10.935+0200] {processor.py:208} INFO - Processing /Users/nampham/.pyenv/versions/3.12.9/lib/python3.12/site-packages/airflow/example_dags/plugins/listener_plugin.py took 0.058 seconds
[2025-02-28T18:27:30.981+0200] {processor.py:186} INFO - Started process (PID=93813) to work on /Users/nampham/.pyenv/versions/3.12.9/lib/python3.12/site-packages/airflow/example_dags/plugins/listener_plugin.py
[2025-02-28T18:27:30.982+0200] {processor.py:914} INFO - Processing file /Users/nampham/.pyenv/versions/3.12.9/lib/python3.12/site-packages/airflow/example_dags/plugins/listener_plugin.py for tasks to queue
[2025-02-28T18:27:30.983+0200] {logging_mixin.py:190} INFO - [2025-02-28T18:27:30.983+0200] {dagbag.py:588} INFO - Filling up the DagBag from /Users/nampham/.pyenv/versions/3.12.9/lib/python3.12/site-packages/airflow/example_dags/plugins/listener_plugin.py
[2025-02-28T18:27:30.984+0200] {processor.py:927} WARNING - No viable dags retrieved from /Users/nampham/.pyenv/versions/3.12.9/lib/python3.12/site-packages/airflow/example_dags/plugins/listener_plugin.py
[2025-02-28T18:27:31.069+0200] {processor.py:208} INFO - Processing /Users/nampham/.pyenv/versions/3.12.9/lib/python3.12/site-packages/airflow/example_dags/plugins/listener_plugin.py took 0.089 seconds
[2025-02-28T18:28:49.444+0200] {processor.py:186} INFO - Started process (PID=94143) to work on /Users/nampham/.pyenv/versions/3.12.9/lib/python3.12/site-packages/airflow/example_dags/plugins/listener_plugin.py
[2025-02-28T18:28:49.445+0200] {processor.py:914} INFO - Processing file /Users/nampham/.pyenv/versions/3.12.9/lib/python3.12/site-packages/airflow/example_dags/plugins/listener_plugin.py for tasks to queue
[2025-02-28T18:28:49.446+0200] {logging_mixin.py:190} INFO - [2025-02-28T18:28:49.446+0200] {dagbag.py:588} INFO - Filling up the DagBag from /Users/nampham/.pyenv/versions/3.12.9/lib/python3.12/site-packages/airflow/example_dags/plugins/listener_plugin.py
[2025-02-28T18:28:49.447+0200] {processor.py:927} WARNING - No viable dags retrieved from /Users/nampham/.pyenv/versions/3.12.9/lib/python3.12/site-packages/airflow/example_dags/plugins/listener_plugin.py
[2025-02-28T18:28:49.502+0200] {processor.py:208} INFO - Processing /Users/nampham/.pyenv/versions/3.12.9/lib/python3.12/site-packages/airflow/example_dags/plugins/listener_plugin.py took 0.059 seconds
[2025-02-28T18:30:12.050+0200] {processor.py:186} INFO - Started process (PID=94454) to work on /Users/nampham/.pyenv/versions/3.12.9/lib/python3.12/site-packages/airflow/example_dags/plugins/listener_plugin.py
[2025-02-28T18:30:12.051+0200] {processor.py:914} INFO - Processing file /Users/nampham/.pyenv/versions/3.12.9/lib/python3.12/site-packages/airflow/example_dags/plugins/listener_plugin.py for tasks to queue
[2025-02-28T18:30:12.052+0200] {logging_mixin.py:190} INFO - [2025-02-28T18:30:12.052+0200] {dagbag.py:588} INFO - Filling up the DagBag from /Users/nampham/.pyenv/versions/3.12.9/lib/python3.12/site-packages/airflow/example_dags/plugins/listener_plugin.py
[2025-02-28T18:30:12.053+0200] {processor.py:927} WARNING - No viable dags retrieved from /Users/nampham/.pyenv/versions/3.12.9/lib/python3.12/site-packages/airflow/example_dags/plugins/listener_plugin.py
[2025-02-28T18:30:12.124+0200] {processor.py:208} INFO - Processing /Users/nampham/.pyenv/versions/3.12.9/lib/python3.12/site-packages/airflow/example_dags/plugins/listener_plugin.py took 0.076 seconds
[2025-02-28T18:31:46.994+0200] {processor.py:186} INFO - Started process (PID=94878) to work on /Users/nampham/.pyenv/versions/3.12.9/lib/python3.12/site-packages/airflow/example_dags/plugins/listener_plugin.py
[2025-02-28T18:31:46.994+0200] {processor.py:914} INFO - Processing file /Users/nampham/.pyenv/versions/3.12.9/lib/python3.12/site-packages/airflow/example_dags/plugins/listener_plugin.py for tasks to queue
[2025-02-28T18:31:46.995+0200] {logging_mixin.py:190} INFO - [2025-02-28T18:31:46.995+0200] {dagbag.py:588} INFO - Filling up the DagBag from /Users/nampham/.pyenv/versions/3.12.9/lib/python3.12/site-packages/airflow/example_dags/plugins/listener_plugin.py
[2025-02-28T18:31:46.996+0200] {processor.py:927} WARNING - No viable dags retrieved from /Users/nampham/.pyenv/versions/3.12.9/lib/python3.12/site-packages/airflow/example_dags/plugins/listener_plugin.py
[2025-02-28T18:31:47.052+0200] {processor.py:208} INFO - Processing /Users/nampham/.pyenv/versions/3.12.9/lib/python3.12/site-packages/airflow/example_dags/plugins/listener_plugin.py took 0.060 seconds
[2025-02-28T20:10:34.803+0200] {processor.py:186} INFO - Started process (PID=97151) to work on /Users/nampham/.pyenv/versions/3.12.9/lib/python3.12/site-packages/airflow/example_dags/plugins/listener_plugin.py
[2025-02-28T20:10:34.804+0200] {processor.py:914} INFO - Processing file /Users/nampham/.pyenv/versions/3.12.9/lib/python3.12/site-packages/airflow/example_dags/plugins/listener_plugin.py for tasks to queue
[2025-02-28T20:10:34.805+0200] {logging_mixin.py:190} INFO - [2025-02-28T20:10:34.804+0200] {dagbag.py:588} INFO - Filling up the DagBag from /Users/nampham/.pyenv/versions/3.12.9/lib/python3.12/site-packages/airflow/example_dags/plugins/listener_plugin.py
[2025-02-28T20:10:34.805+0200] {processor.py:927} WARNING - No viable dags retrieved from /Users/nampham/.pyenv/versions/3.12.9/lib/python3.12/site-packages/airflow/example_dags/plugins/listener_plugin.py
[2025-02-28T20:10:34.860+0200] {processor.py:208} INFO - Processing /Users/nampham/.pyenv/versions/3.12.9/lib/python3.12/site-packages/airflow/example_dags/plugins/listener_plugin.py took 0.058 seconds
[2025-02-28T20:12:22.998+0200] {processor.py:186} INFO - Started process (PID=97743) to work on /Users/nampham/.pyenv/versions/3.12.9/lib/python3.12/site-packages/airflow/example_dags/plugins/listener_plugin.py
[2025-02-28T20:12:22.999+0200] {processor.py:914} INFO - Processing file /Users/nampham/.pyenv/versions/3.12.9/lib/python3.12/site-packages/airflow/example_dags/plugins/listener_plugin.py for tasks to queue
[2025-02-28T20:12:22.999+0200] {logging_mixin.py:190} INFO - [2025-02-28T20:12:22.999+0200] {dagbag.py:588} INFO - Filling up the DagBag from /Users/nampham/.pyenv/versions/3.12.9/lib/python3.12/site-packages/airflow/example_dags/plugins/listener_plugin.py
[2025-02-28T20:12:23.000+0200] {processor.py:927} WARNING - No viable dags retrieved from /Users/nampham/.pyenv/versions/3.12.9/lib/python3.12/site-packages/airflow/example_dags/plugins/listener_plugin.py
[2025-02-28T20:12:23.058+0200] {processor.py:208} INFO - Processing /Users/nampham/.pyenv/versions/3.12.9/lib/python3.12/site-packages/airflow/example_dags/plugins/listener_plugin.py took 0.062 seconds
[2025-02-28T20:14:13.485+0200] {processor.py:186} INFO - Started process (PID=98209) to work on /Users/nampham/.pyenv/versions/3.12.9/lib/python3.12/site-packages/airflow/example_dags/plugins/listener_plugin.py
[2025-02-28T20:14:13.486+0200] {processor.py:914} INFO - Processing file /Users/nampham/.pyenv/versions/3.12.9/lib/python3.12/site-packages/airflow/example_dags/plugins/listener_plugin.py for tasks to queue
[2025-02-28T20:14:13.487+0200] {logging_mixin.py:190} INFO - [2025-02-28T20:14:13.487+0200] {dagbag.py:588} INFO - Filling up the DagBag from /Users/nampham/.pyenv/versions/3.12.9/lib/python3.12/site-packages/airflow/example_dags/plugins/listener_plugin.py
[2025-02-28T20:14:13.488+0200] {processor.py:927} WARNING - No viable dags retrieved from /Users/nampham/.pyenv/versions/3.12.9/lib/python3.12/site-packages/airflow/example_dags/plugins/listener_plugin.py
[2025-02-28T20:14:13.549+0200] {processor.py:208} INFO - Processing /Users/nampham/.pyenv/versions/3.12.9/lib/python3.12/site-packages/airflow/example_dags/plugins/listener_plugin.py took 0.065 seconds
[2025-02-28T20:15:34.708+0200] {processor.py:186} INFO - Started process (PID=98508) to work on /Users/nampham/.pyenv/versions/3.12.9/lib/python3.12/site-packages/airflow/example_dags/plugins/listener_plugin.py
[2025-02-28T20:15:34.709+0200] {processor.py:914} INFO - Processing file /Users/nampham/.pyenv/versions/3.12.9/lib/python3.12/site-packages/airflow/example_dags/plugins/listener_plugin.py for tasks to queue
[2025-02-28T20:15:34.709+0200] {logging_mixin.py:190} INFO - [2025-02-28T20:15:34.709+0200] {dagbag.py:588} INFO - Filling up the DagBag from /Users/nampham/.pyenv/versions/3.12.9/lib/python3.12/site-packages/airflow/example_dags/plugins/listener_plugin.py
[2025-02-28T20:15:34.711+0200] {processor.py:927} WARNING - No viable dags retrieved from /Users/nampham/.pyenv/versions/3.12.9/lib/python3.12/site-packages/airflow/example_dags/plugins/listener_plugin.py
[2025-02-28T20:15:34.764+0200] {processor.py:208} INFO - Processing /Users/nampham/.pyenv/versions/3.12.9/lib/python3.12/site-packages/airflow/example_dags/plugins/listener_plugin.py took 0.057 seconds
[2025-02-28T20:16:52.613+0200] {processor.py:186} INFO - Started process (PID=98806) to work on /Users/nampham/.pyenv/versions/3.12.9/lib/python3.12/site-packages/airflow/example_dags/plugins/listener_plugin.py
[2025-02-28T20:16:52.613+0200] {processor.py:914} INFO - Processing file /Users/nampham/.pyenv/versions/3.12.9/lib/python3.12/site-packages/airflow/example_dags/plugins/listener_plugin.py for tasks to queue
[2025-02-28T20:16:52.614+0200] {logging_mixin.py:190} INFO - [2025-02-28T20:16:52.614+0200] {dagbag.py:588} INFO - Filling up the DagBag from /Users/nampham/.pyenv/versions/3.12.9/lib/python3.12/site-packages/airflow/example_dags/plugins/listener_plugin.py
[2025-02-28T20:16:52.615+0200] {processor.py:927} WARNING - No viable dags retrieved from /Users/nampham/.pyenv/versions/3.12.9/lib/python3.12/site-packages/airflow/example_dags/plugins/listener_plugin.py
[2025-02-28T20:16:52.669+0200] {processor.py:208} INFO - Processing /Users/nampham/.pyenv/versions/3.12.9/lib/python3.12/site-packages/airflow/example_dags/plugins/listener_plugin.py took 0.058 seconds
[2025-02-28T20:18:07.110+0200] {processor.py:186} INFO - Started process (PID=99159) to work on /Users/nampham/.pyenv/versions/3.12.9/lib/python3.12/site-packages/airflow/example_dags/plugins/listener_plugin.py
[2025-02-28T20:18:07.110+0200] {processor.py:914} INFO - Processing file /Users/nampham/.pyenv/versions/3.12.9/lib/python3.12/site-packages/airflow/example_dags/plugins/listener_plugin.py for tasks to queue
[2025-02-28T20:18:07.111+0200] {logging_mixin.py:190} INFO - [2025-02-28T20:18:07.111+0200] {dagbag.py:588} INFO - Filling up the DagBag from /Users/nampham/.pyenv/versions/3.12.9/lib/python3.12/site-packages/airflow/example_dags/plugins/listener_plugin.py
[2025-02-28T20:18:07.111+0200] {processor.py:927} WARNING - No viable dags retrieved from /Users/nampham/.pyenv/versions/3.12.9/lib/python3.12/site-packages/airflow/example_dags/plugins/listener_plugin.py
[2025-02-28T20:18:07.165+0200] {processor.py:208} INFO - Processing /Users/nampham/.pyenv/versions/3.12.9/lib/python3.12/site-packages/airflow/example_dags/plugins/listener_plugin.py took 0.057 seconds
[2025-02-28T20:19:57.850+0200] {processor.py:186} INFO - Started process (PID=99587) to work on /Users/nampham/.pyenv/versions/3.12.9/lib/python3.12/site-packages/airflow/example_dags/plugins/listener_plugin.py
[2025-02-28T20:19:57.852+0200] {processor.py:914} INFO - Processing file /Users/nampham/.pyenv/versions/3.12.9/lib/python3.12/site-packages/airflow/example_dags/plugins/listener_plugin.py for tasks to queue
[2025-02-28T20:19:57.852+0200] {logging_mixin.py:190} INFO - [2025-02-28T20:19:57.852+0200] {dagbag.py:588} INFO - Filling up the DagBag from /Users/nampham/.pyenv/versions/3.12.9/lib/python3.12/site-packages/airflow/example_dags/plugins/listener_plugin.py
[2025-02-28T20:19:57.854+0200] {processor.py:927} WARNING - No viable dags retrieved from /Users/nampham/.pyenv/versions/3.12.9/lib/python3.12/site-packages/airflow/example_dags/plugins/listener_plugin.py
[2025-02-28T20:19:57.924+0200] {processor.py:208} INFO - Processing /Users/nampham/.pyenv/versions/3.12.9/lib/python3.12/site-packages/airflow/example_dags/plugins/listener_plugin.py took 0.076 seconds
[2025-02-28T20:21:18.038+0200] {processor.py:186} INFO - Started process (PID=99923) to work on /Users/nampham/.pyenv/versions/3.12.9/lib/python3.12/site-packages/airflow/example_dags/plugins/listener_plugin.py
[2025-02-28T20:21:18.039+0200] {processor.py:914} INFO - Processing file /Users/nampham/.pyenv/versions/3.12.9/lib/python3.12/site-packages/airflow/example_dags/plugins/listener_plugin.py for tasks to queue
[2025-02-28T20:21:18.040+0200] {logging_mixin.py:190} INFO - [2025-02-28T20:21:18.040+0200] {dagbag.py:588} INFO - Filling up the DagBag from /Users/nampham/.pyenv/versions/3.12.9/lib/python3.12/site-packages/airflow/example_dags/plugins/listener_plugin.py
[2025-02-28T20:21:18.041+0200] {processor.py:927} WARNING - No viable dags retrieved from /Users/nampham/.pyenv/versions/3.12.9/lib/python3.12/site-packages/airflow/example_dags/plugins/listener_plugin.py
[2025-02-28T20:21:18.110+0200] {processor.py:208} INFO - Processing /Users/nampham/.pyenv/versions/3.12.9/lib/python3.12/site-packages/airflow/example_dags/plugins/listener_plugin.py took 0.074 seconds
[2025-02-28T20:22:33.375+0200] {processor.py:186} INFO - Started process (PID=273) to work on /Users/nampham/.pyenv/versions/3.12.9/lib/python3.12/site-packages/airflow/example_dags/plugins/listener_plugin.py
[2025-02-28T20:22:33.376+0200] {processor.py:914} INFO - Processing file /Users/nampham/.pyenv/versions/3.12.9/lib/python3.12/site-packages/airflow/example_dags/plugins/listener_plugin.py for tasks to queue
[2025-02-28T20:22:33.377+0200] {logging_mixin.py:190} INFO - [2025-02-28T20:22:33.377+0200] {dagbag.py:588} INFO - Filling up the DagBag from /Users/nampham/.pyenv/versions/3.12.9/lib/python3.12/site-packages/airflow/example_dags/plugins/listener_plugin.py
[2025-02-28T20:22:33.378+0200] {processor.py:927} WARNING - No viable dags retrieved from /Users/nampham/.pyenv/versions/3.12.9/lib/python3.12/site-packages/airflow/example_dags/plugins/listener_plugin.py
[2025-02-28T20:22:33.433+0200] {processor.py:208} INFO - Processing /Users/nampham/.pyenv/versions/3.12.9/lib/python3.12/site-packages/airflow/example_dags/plugins/listener_plugin.py took 0.059 seconds
[2025-02-28T21:27:18.499+0200] {processor.py:186} INFO - Started process (PID=5377) to work on /Users/nampham/.pyenv/versions/3.12.9/lib/python3.12/site-packages/airflow/example_dags/plugins/listener_plugin.py
[2025-02-28T21:27:18.501+0200] {processor.py:914} INFO - Processing file /Users/nampham/.pyenv/versions/3.12.9/lib/python3.12/site-packages/airflow/example_dags/plugins/listener_plugin.py for tasks to queue
[2025-02-28T21:27:18.501+0200] {logging_mixin.py:190} INFO - [2025-02-28T21:27:18.501+0200] {dagbag.py:588} INFO - Filling up the DagBag from /Users/nampham/.pyenv/versions/3.12.9/lib/python3.12/site-packages/airflow/example_dags/plugins/listener_plugin.py
[2025-02-28T21:27:18.502+0200] {processor.py:927} WARNING - No viable dags retrieved from /Users/nampham/.pyenv/versions/3.12.9/lib/python3.12/site-packages/airflow/example_dags/plugins/listener_plugin.py
[2025-02-28T21:27:18.555+0200] {processor.py:208} INFO - Processing /Users/nampham/.pyenv/versions/3.12.9/lib/python3.12/site-packages/airflow/example_dags/plugins/listener_plugin.py took 0.057 seconds
[2025-02-28T21:30:03.769+0200] {processor.py:186} INFO - Started process (PID=6034) to work on /Users/nampham/.pyenv/versions/3.12.9/lib/python3.12/site-packages/airflow/example_dags/plugins/listener_plugin.py
[2025-02-28T21:30:03.769+0200] {processor.py:914} INFO - Processing file /Users/nampham/.pyenv/versions/3.12.9/lib/python3.12/site-packages/airflow/example_dags/plugins/listener_plugin.py for tasks to queue
[2025-02-28T21:30:03.770+0200] {logging_mixin.py:190} INFO - [2025-02-28T21:30:03.770+0200] {dagbag.py:588} INFO - Filling up the DagBag from /Users/nampham/.pyenv/versions/3.12.9/lib/python3.12/site-packages/airflow/example_dags/plugins/listener_plugin.py
[2025-02-28T21:30:03.771+0200] {processor.py:927} WARNING - No viable dags retrieved from /Users/nampham/.pyenv/versions/3.12.9/lib/python3.12/site-packages/airflow/example_dags/plugins/listener_plugin.py
[2025-02-28T21:30:03.828+0200] {processor.py:208} INFO - Processing /Users/nampham/.pyenv/versions/3.12.9/lib/python3.12/site-packages/airflow/example_dags/plugins/listener_plugin.py took 0.060 seconds
[2025-02-28T21:31:52.941+0200] {processor.py:186} INFO - Started process (PID=6473) to work on /Users/nampham/.pyenv/versions/3.12.9/lib/python3.12/site-packages/airflow/example_dags/plugins/listener_plugin.py
[2025-02-28T21:31:52.942+0200] {processor.py:914} INFO - Processing file /Users/nampham/.pyenv/versions/3.12.9/lib/python3.12/site-packages/airflow/example_dags/plugins/listener_plugin.py for tasks to queue
[2025-02-28T21:31:52.942+0200] {logging_mixin.py:190} INFO - [2025-02-28T21:31:52.942+0200] {dagbag.py:588} INFO - Filling up the DagBag from /Users/nampham/.pyenv/versions/3.12.9/lib/python3.12/site-packages/airflow/example_dags/plugins/listener_plugin.py
[2025-02-28T21:31:52.944+0200] {processor.py:927} WARNING - No viable dags retrieved from /Users/nampham/.pyenv/versions/3.12.9/lib/python3.12/site-packages/airflow/example_dags/plugins/listener_plugin.py
[2025-02-28T21:31:53.002+0200] {processor.py:208} INFO - Processing /Users/nampham/.pyenv/versions/3.12.9/lib/python3.12/site-packages/airflow/example_dags/plugins/listener_plugin.py took 0.062 seconds
[2025-02-28T21:33:11.867+0200] {processor.py:186} INFO - Started process (PID=6984) to work on /Users/nampham/.pyenv/versions/3.12.9/lib/python3.12/site-packages/airflow/example_dags/plugins/listener_plugin.py
[2025-02-28T21:33:11.870+0200] {processor.py:914} INFO - Processing file /Users/nampham/.pyenv/versions/3.12.9/lib/python3.12/site-packages/airflow/example_dags/plugins/listener_plugin.py for tasks to queue
[2025-02-28T21:33:11.871+0200] {logging_mixin.py:190} INFO - [2025-02-28T21:33:11.871+0200] {dagbag.py:588} INFO - Filling up the DagBag from /Users/nampham/.pyenv/versions/3.12.9/lib/python3.12/site-packages/airflow/example_dags/plugins/listener_plugin.py
[2025-02-28T21:33:11.872+0200] {processor.py:927} WARNING - No viable dags retrieved from /Users/nampham/.pyenv/versions/3.12.9/lib/python3.12/site-packages/airflow/example_dags/plugins/listener_plugin.py
[2025-02-28T21:33:11.926+0200] {processor.py:208} INFO - Processing /Users/nampham/.pyenv/versions/3.12.9/lib/python3.12/site-packages/airflow/example_dags/plugins/listener_plugin.py took 0.060 seconds
[2025-02-28T21:34:30.013+0200] {processor.py:186} INFO - Started process (PID=7267) to work on /Users/nampham/.pyenv/versions/3.12.9/lib/python3.12/site-packages/airflow/example_dags/plugins/listener_plugin.py
[2025-02-28T21:34:30.014+0200] {processor.py:914} INFO - Processing file /Users/nampham/.pyenv/versions/3.12.9/lib/python3.12/site-packages/airflow/example_dags/plugins/listener_plugin.py for tasks to queue
[2025-02-28T21:34:30.015+0200] {logging_mixin.py:190} INFO - [2025-02-28T21:34:30.015+0200] {dagbag.py:588} INFO - Filling up the DagBag from /Users/nampham/.pyenv/versions/3.12.9/lib/python3.12/site-packages/airflow/example_dags/plugins/listener_plugin.py
[2025-02-28T21:34:30.017+0200] {processor.py:927} WARNING - No viable dags retrieved from /Users/nampham/.pyenv/versions/3.12.9/lib/python3.12/site-packages/airflow/example_dags/plugins/listener_plugin.py
[2025-02-28T21:34:30.075+0200] {processor.py:208} INFO - Processing /Users/nampham/.pyenv/versions/3.12.9/lib/python3.12/site-packages/airflow/example_dags/plugins/listener_plugin.py took 0.063 seconds
[2025-02-28T21:36:26.712+0200] {processor.py:186} INFO - Started process (PID=7769) to work on /Users/nampham/.pyenv/versions/3.12.9/lib/python3.12/site-packages/airflow/example_dags/plugins/listener_plugin.py
[2025-02-28T21:36:26.713+0200] {processor.py:914} INFO - Processing file /Users/nampham/.pyenv/versions/3.12.9/lib/python3.12/site-packages/airflow/example_dags/plugins/listener_plugin.py for tasks to queue
[2025-02-28T21:36:26.713+0200] {logging_mixin.py:190} INFO - [2025-02-28T21:36:26.713+0200] {dagbag.py:588} INFO - Filling up the DagBag from /Users/nampham/.pyenv/versions/3.12.9/lib/python3.12/site-packages/airflow/example_dags/plugins/listener_plugin.py
[2025-02-28T21:36:26.714+0200] {processor.py:927} WARNING - No viable dags retrieved from /Users/nampham/.pyenv/versions/3.12.9/lib/python3.12/site-packages/airflow/example_dags/plugins/listener_plugin.py
[2025-02-28T21:36:26.768+0200] {processor.py:208} INFO - Processing /Users/nampham/.pyenv/versions/3.12.9/lib/python3.12/site-packages/airflow/example_dags/plugins/listener_plugin.py took 0.058 seconds
[2025-02-28T21:38:18.606+0200] {processor.py:186} INFO - Started process (PID=8196) to work on /Users/nampham/.pyenv/versions/3.12.9/lib/python3.12/site-packages/airflow/example_dags/plugins/listener_plugin.py
[2025-02-28T21:38:18.606+0200] {processor.py:914} INFO - Processing file /Users/nampham/.pyenv/versions/3.12.9/lib/python3.12/site-packages/airflow/example_dags/plugins/listener_plugin.py for tasks to queue
[2025-02-28T21:38:18.607+0200] {logging_mixin.py:190} INFO - [2025-02-28T21:38:18.607+0200] {dagbag.py:588} INFO - Filling up the DagBag from /Users/nampham/.pyenv/versions/3.12.9/lib/python3.12/site-packages/airflow/example_dags/plugins/listener_plugin.py
[2025-02-28T21:38:18.608+0200] {processor.py:927} WARNING - No viable dags retrieved from /Users/nampham/.pyenv/versions/3.12.9/lib/python3.12/site-packages/airflow/example_dags/plugins/listener_plugin.py
[2025-02-28T21:38:18.663+0200] {processor.py:208} INFO - Processing /Users/nampham/.pyenv/versions/3.12.9/lib/python3.12/site-packages/airflow/example_dags/plugins/listener_plugin.py took 0.059 seconds
[2025-02-28T21:39:36.414+0200] {processor.py:186} INFO - Started process (PID=8488) to work on /Users/nampham/.pyenv/versions/3.12.9/lib/python3.12/site-packages/airflow/example_dags/plugins/listener_plugin.py
[2025-02-28T21:39:36.415+0200] {processor.py:914} INFO - Processing file /Users/nampham/.pyenv/versions/3.12.9/lib/python3.12/site-packages/airflow/example_dags/plugins/listener_plugin.py for tasks to queue
[2025-02-28T21:39:36.415+0200] {logging_mixin.py:190} INFO - [2025-02-28T21:39:36.415+0200] {dagbag.py:588} INFO - Filling up the DagBag from /Users/nampham/.pyenv/versions/3.12.9/lib/python3.12/site-packages/airflow/example_dags/plugins/listener_plugin.py
[2025-02-28T21:39:36.417+0200] {processor.py:927} WARNING - No viable dags retrieved from /Users/nampham/.pyenv/versions/3.12.9/lib/python3.12/site-packages/airflow/example_dags/plugins/listener_plugin.py
[2025-02-28T21:39:36.471+0200] {processor.py:208} INFO - Processing /Users/nampham/.pyenv/versions/3.12.9/lib/python3.12/site-packages/airflow/example_dags/plugins/listener_plugin.py took 0.058 seconds
[2025-02-28T21:40:55.237+0200] {processor.py:186} INFO - Started process (PID=8766) to work on /Users/nampham/.pyenv/versions/3.12.9/lib/python3.12/site-packages/airflow/example_dags/plugins/listener_plugin.py
[2025-02-28T21:40:55.237+0200] {processor.py:914} INFO - Processing file /Users/nampham/.pyenv/versions/3.12.9/lib/python3.12/site-packages/airflow/example_dags/plugins/listener_plugin.py for tasks to queue
[2025-02-28T21:40:55.238+0200] {logging_mixin.py:190} INFO - [2025-02-28T21:40:55.238+0200] {dagbag.py:588} INFO - Filling up the DagBag from /Users/nampham/.pyenv/versions/3.12.9/lib/python3.12/site-packages/airflow/example_dags/plugins/listener_plugin.py
[2025-02-28T21:40:55.240+0200] {processor.py:927} WARNING - No viable dags retrieved from /Users/nampham/.pyenv/versions/3.12.9/lib/python3.12/site-packages/airflow/example_dags/plugins/listener_plugin.py
[2025-02-28T21:40:55.296+0200] {processor.py:208} INFO - Processing /Users/nampham/.pyenv/versions/3.12.9/lib/python3.12/site-packages/airflow/example_dags/plugins/listener_plugin.py took 0.060 seconds
[2025-02-28T21:41:56.939+0200] {processor.py:186} INFO - Started process (PID=9071) to work on /Users/nampham/.pyenv/versions/3.12.9/lib/python3.12/site-packages/airflow/example_dags/plugins/listener_plugin.py
[2025-02-28T21:41:56.940+0200] {processor.py:914} INFO - Processing file /Users/nampham/.pyenv/versions/3.12.9/lib/python3.12/site-packages/airflow/example_dags/plugins/listener_plugin.py for tasks to queue
[2025-02-28T21:41:56.940+0200] {logging_mixin.py:190} INFO - [2025-02-28T21:41:56.940+0200] {dagbag.py:588} INFO - Filling up the DagBag from /Users/nampham/.pyenv/versions/3.12.9/lib/python3.12/site-packages/airflow/example_dags/plugins/listener_plugin.py
[2025-02-28T21:41:56.941+0200] {processor.py:927} WARNING - No viable dags retrieved from /Users/nampham/.pyenv/versions/3.12.9/lib/python3.12/site-packages/airflow/example_dags/plugins/listener_plugin.py
[2025-02-28T21:41:56.999+0200] {processor.py:208} INFO - Processing /Users/nampham/.pyenv/versions/3.12.9/lib/python3.12/site-packages/airflow/example_dags/plugins/listener_plugin.py took 0.062 seconds
[2025-02-28T21:43:01.325+0200] {processor.py:186} INFO - Started process (PID=9434) to work on /Users/nampham/.pyenv/versions/3.12.9/lib/python3.12/site-packages/airflow/example_dags/plugins/listener_plugin.py
[2025-02-28T21:43:01.326+0200] {processor.py:914} INFO - Processing file /Users/nampham/.pyenv/versions/3.12.9/lib/python3.12/site-packages/airflow/example_dags/plugins/listener_plugin.py for tasks to queue
[2025-02-28T21:43:01.326+0200] {logging_mixin.py:190} INFO - [2025-02-28T21:43:01.326+0200] {dagbag.py:588} INFO - Filling up the DagBag from /Users/nampham/.pyenv/versions/3.12.9/lib/python3.12/site-packages/airflow/example_dags/plugins/listener_plugin.py
[2025-02-28T21:43:01.327+0200] {processor.py:927} WARNING - No viable dags retrieved from /Users/nampham/.pyenv/versions/3.12.9/lib/python3.12/site-packages/airflow/example_dags/plugins/listener_plugin.py
[2025-02-28T21:43:01.381+0200] {processor.py:208} INFO - Processing /Users/nampham/.pyenv/versions/3.12.9/lib/python3.12/site-packages/airflow/example_dags/plugins/listener_plugin.py took 0.058 seconds
[2025-02-28T21:44:57.402+0200] {processor.py:186} INFO - Started process (PID=9954) to work on /Users/nampham/.pyenv/versions/3.12.9/lib/python3.12/site-packages/airflow/example_dags/plugins/listener_plugin.py
[2025-02-28T21:44:57.403+0200] {processor.py:914} INFO - Processing file /Users/nampham/.pyenv/versions/3.12.9/lib/python3.12/site-packages/airflow/example_dags/plugins/listener_plugin.py for tasks to queue
[2025-02-28T21:44:57.404+0200] {logging_mixin.py:190} INFO - [2025-02-28T21:44:57.404+0200] {dagbag.py:588} INFO - Filling up the DagBag from /Users/nampham/.pyenv/versions/3.12.9/lib/python3.12/site-packages/airflow/example_dags/plugins/listener_plugin.py
[2025-02-28T21:44:57.405+0200] {processor.py:927} WARNING - No viable dags retrieved from /Users/nampham/.pyenv/versions/3.12.9/lib/python3.12/site-packages/airflow/example_dags/plugins/listener_plugin.py
[2025-02-28T21:44:57.468+0200] {processor.py:208} INFO - Processing /Users/nampham/.pyenv/versions/3.12.9/lib/python3.12/site-packages/airflow/example_dags/plugins/listener_plugin.py took 0.067 seconds
[2025-02-28T21:47:17.477+0200] {processor.py:186} INFO - Started process (PID=10462) to work on /Users/nampham/.pyenv/versions/3.12.9/lib/python3.12/site-packages/airflow/example_dags/plugins/listener_plugin.py
[2025-02-28T21:47:17.478+0200] {processor.py:914} INFO - Processing file /Users/nampham/.pyenv/versions/3.12.9/lib/python3.12/site-packages/airflow/example_dags/plugins/listener_plugin.py for tasks to queue
[2025-02-28T21:47:17.478+0200] {logging_mixin.py:190} INFO - [2025-02-28T21:47:17.478+0200] {dagbag.py:588} INFO - Filling up the DagBag from /Users/nampham/.pyenv/versions/3.12.9/lib/python3.12/site-packages/airflow/example_dags/plugins/listener_plugin.py
[2025-02-28T21:47:17.479+0200] {processor.py:927} WARNING - No viable dags retrieved from /Users/nampham/.pyenv/versions/3.12.9/lib/python3.12/site-packages/airflow/example_dags/plugins/listener_plugin.py
[2025-02-28T21:47:17.533+0200] {processor.py:208} INFO - Processing /Users/nampham/.pyenv/versions/3.12.9/lib/python3.12/site-packages/airflow/example_dags/plugins/listener_plugin.py took 0.057 seconds
[2025-02-28T21:49:21.368+0200] {processor.py:186} INFO - Started process (PID=10942) to work on /Users/nampham/.pyenv/versions/3.12.9/lib/python3.12/site-packages/airflow/example_dags/plugins/listener_plugin.py
[2025-02-28T21:49:21.369+0200] {processor.py:914} INFO - Processing file /Users/nampham/.pyenv/versions/3.12.9/lib/python3.12/site-packages/airflow/example_dags/plugins/listener_plugin.py for tasks to queue
[2025-02-28T21:49:21.369+0200] {logging_mixin.py:190} INFO - [2025-02-28T21:49:21.369+0200] {dagbag.py:588} INFO - Filling up the DagBag from /Users/nampham/.pyenv/versions/3.12.9/lib/python3.12/site-packages/airflow/example_dags/plugins/listener_plugin.py
[2025-02-28T21:49:21.370+0200] {processor.py:927} WARNING - No viable dags retrieved from /Users/nampham/.pyenv/versions/3.12.9/lib/python3.12/site-packages/airflow/example_dags/plugins/listener_plugin.py
[2025-02-28T21:49:21.424+0200] {processor.py:208} INFO - Processing /Users/nampham/.pyenv/versions/3.12.9/lib/python3.12/site-packages/airflow/example_dags/plugins/listener_plugin.py took 0.057 seconds
[2025-02-28T21:51:09.312+0200] {processor.py:186} INFO - Started process (PID=11313) to work on /Users/nampham/.pyenv/versions/3.12.9/lib/python3.12/site-packages/airflow/example_dags/plugins/listener_plugin.py
[2025-02-28T21:51:09.313+0200] {processor.py:914} INFO - Processing file /Users/nampham/.pyenv/versions/3.12.9/lib/python3.12/site-packages/airflow/example_dags/plugins/listener_plugin.py for tasks to queue
[2025-02-28T21:51:09.313+0200] {logging_mixin.py:190} INFO - [2025-02-28T21:51:09.313+0200] {dagbag.py:588} INFO - Filling up the DagBag from /Users/nampham/.pyenv/versions/3.12.9/lib/python3.12/site-packages/airflow/example_dags/plugins/listener_plugin.py
[2025-02-28T21:51:09.314+0200] {processor.py:927} WARNING - No viable dags retrieved from /Users/nampham/.pyenv/versions/3.12.9/lib/python3.12/site-packages/airflow/example_dags/plugins/listener_plugin.py
[2025-02-28T21:51:09.367+0200] {processor.py:208} INFO - Processing /Users/nampham/.pyenv/versions/3.12.9/lib/python3.12/site-packages/airflow/example_dags/plugins/listener_plugin.py took 0.057 seconds
[2025-02-28T21:55:01.675+0200] {processor.py:186} INFO - Started process (PID=11930) to work on /Users/nampham/.pyenv/versions/3.12.9/lib/python3.12/site-packages/airflow/example_dags/plugins/listener_plugin.py
[2025-02-28T21:55:01.676+0200] {processor.py:914} INFO - Processing file /Users/nampham/.pyenv/versions/3.12.9/lib/python3.12/site-packages/airflow/example_dags/plugins/listener_plugin.py for tasks to queue
[2025-02-28T21:55:01.677+0200] {logging_mixin.py:190} INFO - [2025-02-28T21:55:01.677+0200] {dagbag.py:588} INFO - Filling up the DagBag from /Users/nampham/.pyenv/versions/3.12.9/lib/python3.12/site-packages/airflow/example_dags/plugins/listener_plugin.py
[2025-02-28T21:55:01.678+0200] {processor.py:927} WARNING - No viable dags retrieved from /Users/nampham/.pyenv/versions/3.12.9/lib/python3.12/site-packages/airflow/example_dags/plugins/listener_plugin.py
[2025-02-28T21:55:01.742+0200] {processor.py:208} INFO - Processing /Users/nampham/.pyenv/versions/3.12.9/lib/python3.12/site-packages/airflow/example_dags/plugins/listener_plugin.py took 0.068 seconds
[2025-02-28T22:14:15.744+0200] {processor.py:186} INFO - Started process (PID=15626) to work on /Users/nampham/.pyenv/versions/3.12.9/lib/python3.12/site-packages/airflow/example_dags/plugins/listener_plugin.py
[2025-02-28T22:14:15.745+0200] {processor.py:914} INFO - Processing file /Users/nampham/.pyenv/versions/3.12.9/lib/python3.12/site-packages/airflow/example_dags/plugins/listener_plugin.py for tasks to queue
[2025-02-28T22:14:15.746+0200] {logging_mixin.py:190} INFO - [2025-02-28T22:14:15.746+0200] {dagbag.py:588} INFO - Filling up the DagBag from /Users/nampham/.pyenv/versions/3.12.9/lib/python3.12/site-packages/airflow/example_dags/plugins/listener_plugin.py
[2025-02-28T22:14:15.747+0200] {processor.py:927} WARNING - No viable dags retrieved from /Users/nampham/.pyenv/versions/3.12.9/lib/python3.12/site-packages/airflow/example_dags/plugins/listener_plugin.py
[2025-02-28T22:14:15.801+0200] {processor.py:208} INFO - Processing /Users/nampham/.pyenv/versions/3.12.9/lib/python3.12/site-packages/airflow/example_dags/plugins/listener_plugin.py took 0.058 seconds
[2025-02-28T22:25:45.889+0200] {processor.py:186} INFO - Started process (PID=17655) to work on /Users/nampham/.pyenv/versions/3.12.9/lib/python3.12/site-packages/airflow/example_dags/plugins/listener_plugin.py
[2025-02-28T22:25:45.890+0200] {processor.py:914} INFO - Processing file /Users/nampham/.pyenv/versions/3.12.9/lib/python3.12/site-packages/airflow/example_dags/plugins/listener_plugin.py for tasks to queue
[2025-02-28T22:25:45.890+0200] {logging_mixin.py:190} INFO - [2025-02-28T22:25:45.890+0200] {dagbag.py:588} INFO - Filling up the DagBag from /Users/nampham/.pyenv/versions/3.12.9/lib/python3.12/site-packages/airflow/example_dags/plugins/listener_plugin.py
[2025-02-28T22:25:45.892+0200] {processor.py:927} WARNING - No viable dags retrieved from /Users/nampham/.pyenv/versions/3.12.9/lib/python3.12/site-packages/airflow/example_dags/plugins/listener_plugin.py
[2025-02-28T22:25:45.949+0200] {processor.py:208} INFO - Processing /Users/nampham/.pyenv/versions/3.12.9/lib/python3.12/site-packages/airflow/example_dags/plugins/listener_plugin.py took 0.061 seconds
[2025-02-28T22:27:18.129+0200] {processor.py:186} INFO - Started process (PID=17961) to work on /Users/nampham/.pyenv/versions/3.12.9/lib/python3.12/site-packages/airflow/example_dags/plugins/listener_plugin.py
[2025-02-28T22:27:18.130+0200] {processor.py:914} INFO - Processing file /Users/nampham/.pyenv/versions/3.12.9/lib/python3.12/site-packages/airflow/example_dags/plugins/listener_plugin.py for tasks to queue
[2025-02-28T22:27:18.131+0200] {logging_mixin.py:190} INFO - [2025-02-28T22:27:18.131+0200] {dagbag.py:588} INFO - Filling up the DagBag from /Users/nampham/.pyenv/versions/3.12.9/lib/python3.12/site-packages/airflow/example_dags/plugins/listener_plugin.py
[2025-02-28T22:27:18.131+0200] {processor.py:927} WARNING - No viable dags retrieved from /Users/nampham/.pyenv/versions/3.12.9/lib/python3.12/site-packages/airflow/example_dags/plugins/listener_plugin.py
[2025-02-28T22:27:18.184+0200] {processor.py:208} INFO - Processing /Users/nampham/.pyenv/versions/3.12.9/lib/python3.12/site-packages/airflow/example_dags/plugins/listener_plugin.py took 0.057 seconds
[2025-02-28T22:29:11.201+0200] {processor.py:186} INFO - Started process (PID=18416) to work on /Users/nampham/.pyenv/versions/3.12.9/lib/python3.12/site-packages/airflow/example_dags/plugins/listener_plugin.py
[2025-02-28T22:29:11.202+0200] {processor.py:914} INFO - Processing file /Users/nampham/.pyenv/versions/3.12.9/lib/python3.12/site-packages/airflow/example_dags/plugins/listener_plugin.py for tasks to queue
[2025-02-28T22:29:11.202+0200] {logging_mixin.py:190} INFO - [2025-02-28T22:29:11.202+0200] {dagbag.py:588} INFO - Filling up the DagBag from /Users/nampham/.pyenv/versions/3.12.9/lib/python3.12/site-packages/airflow/example_dags/plugins/listener_plugin.py
[2025-02-28T22:29:11.204+0200] {processor.py:927} WARNING - No viable dags retrieved from /Users/nampham/.pyenv/versions/3.12.9/lib/python3.12/site-packages/airflow/example_dags/plugins/listener_plugin.py
[2025-02-28T22:29:11.257+0200] {processor.py:208} INFO - Processing /Users/nampham/.pyenv/versions/3.12.9/lib/python3.12/site-packages/airflow/example_dags/plugins/listener_plugin.py took 0.058 seconds
[2025-02-28T22:33:57.332+0200] {processor.py:186} INFO - Started process (PID=19352) to work on /Users/nampham/.pyenv/versions/3.12.9/lib/python3.12/site-packages/airflow/example_dags/plugins/listener_plugin.py
[2025-02-28T22:33:57.333+0200] {processor.py:914} INFO - Processing file /Users/nampham/.pyenv/versions/3.12.9/lib/python3.12/site-packages/airflow/example_dags/plugins/listener_plugin.py for tasks to queue
[2025-02-28T22:33:57.333+0200] {logging_mixin.py:190} INFO - [2025-02-28T22:33:57.333+0200] {dagbag.py:588} INFO - Filling up the DagBag from /Users/nampham/.pyenv/versions/3.12.9/lib/python3.12/site-packages/airflow/example_dags/plugins/listener_plugin.py
[2025-02-28T22:33:57.334+0200] {processor.py:927} WARNING - No viable dags retrieved from /Users/nampham/.pyenv/versions/3.12.9/lib/python3.12/site-packages/airflow/example_dags/plugins/listener_plugin.py
[2025-02-28T22:33:57.389+0200] {processor.py:208} INFO - Processing /Users/nampham/.pyenv/versions/3.12.9/lib/python3.12/site-packages/airflow/example_dags/plugins/listener_plugin.py took 0.058 seconds
[2025-02-28T22:37:14.246+0200] {processor.py:186} INFO - Started process (PID=20063) to work on /Users/nampham/.pyenv/versions/3.12.9/lib/python3.12/site-packages/airflow/example_dags/plugins/listener_plugin.py
[2025-02-28T22:37:14.247+0200] {processor.py:914} INFO - Processing file /Users/nampham/.pyenv/versions/3.12.9/lib/python3.12/site-packages/airflow/example_dags/plugins/listener_plugin.py for tasks to queue
[2025-02-28T22:37:14.247+0200] {logging_mixin.py:190} INFO - [2025-02-28T22:37:14.247+0200] {dagbag.py:588} INFO - Filling up the DagBag from /Users/nampham/.pyenv/versions/3.12.9/lib/python3.12/site-packages/airflow/example_dags/plugins/listener_plugin.py
[2025-02-28T22:37:14.249+0200] {processor.py:927} WARNING - No viable dags retrieved from /Users/nampham/.pyenv/versions/3.12.9/lib/python3.12/site-packages/airflow/example_dags/plugins/listener_plugin.py
[2025-02-28T22:37:14.302+0200] {processor.py:208} INFO - Processing /Users/nampham/.pyenv/versions/3.12.9/lib/python3.12/site-packages/airflow/example_dags/plugins/listener_plugin.py took 0.057 seconds
[2025-02-28T22:38:56.620+0200] {processor.py:186} INFO - Started process (PID=20414) to work on /Users/nampham/.pyenv/versions/3.12.9/lib/python3.12/site-packages/airflow/example_dags/plugins/listener_plugin.py
[2025-02-28T22:38:56.621+0200] {processor.py:914} INFO - Processing file /Users/nampham/.pyenv/versions/3.12.9/lib/python3.12/site-packages/airflow/example_dags/plugins/listener_plugin.py for tasks to queue
[2025-02-28T22:38:56.622+0200] {logging_mixin.py:190} INFO - [2025-02-28T22:38:56.621+0200] {dagbag.py:588} INFO - Filling up the DagBag from /Users/nampham/.pyenv/versions/3.12.9/lib/python3.12/site-packages/airflow/example_dags/plugins/listener_plugin.py
[2025-02-28T22:38:56.623+0200] {processor.py:927} WARNING - No viable dags retrieved from /Users/nampham/.pyenv/versions/3.12.9/lib/python3.12/site-packages/airflow/example_dags/plugins/listener_plugin.py
[2025-02-28T22:38:56.676+0200] {processor.py:208} INFO - Processing /Users/nampham/.pyenv/versions/3.12.9/lib/python3.12/site-packages/airflow/example_dags/plugins/listener_plugin.py took 0.057 seconds
[2025-02-28T22:40:34.554+0200] {processor.py:186} INFO - Started process (PID=20727) to work on /Users/nampham/.pyenv/versions/3.12.9/lib/python3.12/site-packages/airflow/example_dags/plugins/listener_plugin.py
[2025-02-28T22:40:34.556+0200] {processor.py:914} INFO - Processing file /Users/nampham/.pyenv/versions/3.12.9/lib/python3.12/site-packages/airflow/example_dags/plugins/listener_plugin.py for tasks to queue
[2025-02-28T22:40:34.556+0200] {logging_mixin.py:190} INFO - [2025-02-28T22:40:34.556+0200] {dagbag.py:588} INFO - Filling up the DagBag from /Users/nampham/.pyenv/versions/3.12.9/lib/python3.12/site-packages/airflow/example_dags/plugins/listener_plugin.py
[2025-02-28T22:40:34.557+0200] {processor.py:927} WARNING - No viable dags retrieved from /Users/nampham/.pyenv/versions/3.12.9/lib/python3.12/site-packages/airflow/example_dags/plugins/listener_plugin.py
[2025-02-28T22:40:34.610+0200] {processor.py:208} INFO - Processing /Users/nampham/.pyenv/versions/3.12.9/lib/python3.12/site-packages/airflow/example_dags/plugins/listener_plugin.py took 0.057 seconds
[2025-02-28T22:41:46.616+0200] {processor.py:186} INFO - Started process (PID=20970) to work on /Users/nampham/.pyenv/versions/3.12.9/lib/python3.12/site-packages/airflow/example_dags/plugins/listener_plugin.py
[2025-02-28T22:41:46.616+0200] {processor.py:914} INFO - Processing file /Users/nampham/.pyenv/versions/3.12.9/lib/python3.12/site-packages/airflow/example_dags/plugins/listener_plugin.py for tasks to queue
[2025-02-28T22:41:46.617+0200] {logging_mixin.py:190} INFO - [2025-02-28T22:41:46.617+0200] {dagbag.py:588} INFO - Filling up the DagBag from /Users/nampham/.pyenv/versions/3.12.9/lib/python3.12/site-packages/airflow/example_dags/plugins/listener_plugin.py
[2025-02-28T22:41:46.617+0200] {processor.py:927} WARNING - No viable dags retrieved from /Users/nampham/.pyenv/versions/3.12.9/lib/python3.12/site-packages/airflow/example_dags/plugins/listener_plugin.py
[2025-02-28T22:41:46.671+0200] {processor.py:208} INFO - Processing /Users/nampham/.pyenv/versions/3.12.9/lib/python3.12/site-packages/airflow/example_dags/plugins/listener_plugin.py took 0.056 seconds
[2025-02-28T22:42:57.055+0200] {processor.py:186} INFO - Started process (PID=21239) to work on /Users/nampham/.pyenv/versions/3.12.9/lib/python3.12/site-packages/airflow/example_dags/plugins/listener_plugin.py
[2025-02-28T22:42:57.056+0200] {processor.py:914} INFO - Processing file /Users/nampham/.pyenv/versions/3.12.9/lib/python3.12/site-packages/airflow/example_dags/plugins/listener_plugin.py for tasks to queue
[2025-02-28T22:42:57.056+0200] {logging_mixin.py:190} INFO - [2025-02-28T22:42:57.056+0200] {dagbag.py:588} INFO - Filling up the DagBag from /Users/nampham/.pyenv/versions/3.12.9/lib/python3.12/site-packages/airflow/example_dags/plugins/listener_plugin.py
[2025-02-28T22:42:57.058+0200] {processor.py:927} WARNING - No viable dags retrieved from /Users/nampham/.pyenv/versions/3.12.9/lib/python3.12/site-packages/airflow/example_dags/plugins/listener_plugin.py
[2025-02-28T22:42:57.114+0200] {processor.py:208} INFO - Processing /Users/nampham/.pyenv/versions/3.12.9/lib/python3.12/site-packages/airflow/example_dags/plugins/listener_plugin.py took 0.060 seconds
[2025-02-28T22:44:15.199+0200] {processor.py:186} INFO - Started process (PID=21518) to work on /Users/nampham/.pyenv/versions/3.12.9/lib/python3.12/site-packages/airflow/example_dags/plugins/listener_plugin.py
[2025-02-28T22:44:15.199+0200] {processor.py:914} INFO - Processing file /Users/nampham/.pyenv/versions/3.12.9/lib/python3.12/site-packages/airflow/example_dags/plugins/listener_plugin.py for tasks to queue
[2025-02-28T22:44:15.200+0200] {logging_mixin.py:190} INFO - [2025-02-28T22:44:15.200+0200] {dagbag.py:588} INFO - Filling up the DagBag from /Users/nampham/.pyenv/versions/3.12.9/lib/python3.12/site-packages/airflow/example_dags/plugins/listener_plugin.py
[2025-02-28T22:44:15.200+0200] {processor.py:927} WARNING - No viable dags retrieved from /Users/nampham/.pyenv/versions/3.12.9/lib/python3.12/site-packages/airflow/example_dags/plugins/listener_plugin.py
[2025-02-28T22:44:15.254+0200] {processor.py:208} INFO - Processing /Users/nampham/.pyenv/versions/3.12.9/lib/python3.12/site-packages/airflow/example_dags/plugins/listener_plugin.py took 0.057 seconds
[2025-02-28T22:45:57.801+0200] {processor.py:186} INFO - Started process (PID=21864) to work on /Users/nampham/.pyenv/versions/3.12.9/lib/python3.12/site-packages/airflow/example_dags/plugins/listener_plugin.py
[2025-02-28T22:45:57.801+0200] {processor.py:914} INFO - Processing file /Users/nampham/.pyenv/versions/3.12.9/lib/python3.12/site-packages/airflow/example_dags/plugins/listener_plugin.py for tasks to queue
[2025-02-28T22:45:57.802+0200] {logging_mixin.py:190} INFO - [2025-02-28T22:45:57.802+0200] {dagbag.py:588} INFO - Filling up the DagBag from /Users/nampham/.pyenv/versions/3.12.9/lib/python3.12/site-packages/airflow/example_dags/plugins/listener_plugin.py
[2025-02-28T22:45:57.803+0200] {processor.py:927} WARNING - No viable dags retrieved from /Users/nampham/.pyenv/versions/3.12.9/lib/python3.12/site-packages/airflow/example_dags/plugins/listener_plugin.py
[2025-02-28T22:45:57.861+0200] {processor.py:208} INFO - Processing /Users/nampham/.pyenv/versions/3.12.9/lib/python3.12/site-packages/airflow/example_dags/plugins/listener_plugin.py took 0.061 seconds
[2025-02-28T22:47:26.800+0200] {processor.py:186} INFO - Started process (PID=22154) to work on /Users/nampham/.pyenv/versions/3.12.9/lib/python3.12/site-packages/airflow/example_dags/plugins/listener_plugin.py
[2025-02-28T22:47:26.801+0200] {processor.py:914} INFO - Processing file /Users/nampham/.pyenv/versions/3.12.9/lib/python3.12/site-packages/airflow/example_dags/plugins/listener_plugin.py for tasks to queue
[2025-02-28T22:47:26.801+0200] {logging_mixin.py:190} INFO - [2025-02-28T22:47:26.801+0200] {dagbag.py:588} INFO - Filling up the DagBag from /Users/nampham/.pyenv/versions/3.12.9/lib/python3.12/site-packages/airflow/example_dags/plugins/listener_plugin.py
[2025-02-28T22:47:26.802+0200] {processor.py:927} WARNING - No viable dags retrieved from /Users/nampham/.pyenv/versions/3.12.9/lib/python3.12/site-packages/airflow/example_dags/plugins/listener_plugin.py
[2025-02-28T22:47:26.855+0200] {processor.py:208} INFO - Processing /Users/nampham/.pyenv/versions/3.12.9/lib/python3.12/site-packages/airflow/example_dags/plugins/listener_plugin.py took 0.057 seconds
[2025-02-28T22:54:14.128+0200] {processor.py:186} INFO - Started process (PID=22582) to work on /Users/nampham/.pyenv/versions/3.12.9/lib/python3.12/site-packages/airflow/example_dags/plugins/listener_plugin.py
[2025-02-28T22:54:14.129+0200] {processor.py:914} INFO - Processing file /Users/nampham/.pyenv/versions/3.12.9/lib/python3.12/site-packages/airflow/example_dags/plugins/listener_plugin.py for tasks to queue
[2025-02-28T22:54:14.129+0200] {logging_mixin.py:190} INFO - [2025-02-28T22:54:14.129+0200] {dagbag.py:588} INFO - Filling up the DagBag from /Users/nampham/.pyenv/versions/3.12.9/lib/python3.12/site-packages/airflow/example_dags/plugins/listener_plugin.py
[2025-02-28T22:54:14.130+0200] {processor.py:927} WARNING - No viable dags retrieved from /Users/nampham/.pyenv/versions/3.12.9/lib/python3.12/site-packages/airflow/example_dags/plugins/listener_plugin.py
[2025-02-28T22:54:14.188+0200] {processor.py:208} INFO - Processing /Users/nampham/.pyenv/versions/3.12.9/lib/python3.12/site-packages/airflow/example_dags/plugins/listener_plugin.py took 0.062 seconds
[2025-02-28T22:55:58.395+0200] {processor.py:186} INFO - Started process (PID=22962) to work on /Users/nampham/.pyenv/versions/3.12.9/lib/python3.12/site-packages/airflow/example_dags/plugins/listener_plugin.py
[2025-02-28T22:55:58.397+0200] {processor.py:914} INFO - Processing file /Users/nampham/.pyenv/versions/3.12.9/lib/python3.12/site-packages/airflow/example_dags/plugins/listener_plugin.py for tasks to queue
[2025-02-28T22:55:58.397+0200] {logging_mixin.py:190} INFO - [2025-02-28T22:55:58.397+0200] {dagbag.py:588} INFO - Filling up the DagBag from /Users/nampham/.pyenv/versions/3.12.9/lib/python3.12/site-packages/airflow/example_dags/plugins/listener_plugin.py
[2025-02-28T22:55:58.398+0200] {processor.py:927} WARNING - No viable dags retrieved from /Users/nampham/.pyenv/versions/3.12.9/lib/python3.12/site-packages/airflow/example_dags/plugins/listener_plugin.py
[2025-02-28T22:55:58.451+0200] {processor.py:208} INFO - Processing /Users/nampham/.pyenv/versions/3.12.9/lib/python3.12/site-packages/airflow/example_dags/plugins/listener_plugin.py took 0.057 seconds
[2025-02-28T22:57:26.543+0200] {processor.py:186} INFO - Started process (PID=23250) to work on /Users/nampham/.pyenv/versions/3.12.9/lib/python3.12/site-packages/airflow/example_dags/plugins/listener_plugin.py
[2025-02-28T22:57:26.544+0200] {processor.py:914} INFO - Processing file /Users/nampham/.pyenv/versions/3.12.9/lib/python3.12/site-packages/airflow/example_dags/plugins/listener_plugin.py for tasks to queue
[2025-02-28T22:57:26.544+0200] {logging_mixin.py:190} INFO - [2025-02-28T22:57:26.544+0200] {dagbag.py:588} INFO - Filling up the DagBag from /Users/nampham/.pyenv/versions/3.12.9/lib/python3.12/site-packages/airflow/example_dags/plugins/listener_plugin.py
[2025-02-28T22:57:26.545+0200] {processor.py:927} WARNING - No viable dags retrieved from /Users/nampham/.pyenv/versions/3.12.9/lib/python3.12/site-packages/airflow/example_dags/plugins/listener_plugin.py
[2025-02-28T22:57:26.598+0200] {processor.py:208} INFO - Processing /Users/nampham/.pyenv/versions/3.12.9/lib/python3.12/site-packages/airflow/example_dags/plugins/listener_plugin.py took 0.056 seconds
[2025-02-28T22:58:43.247+0200] {processor.py:186} INFO - Started process (PID=23497) to work on /Users/nampham/.pyenv/versions/3.12.9/lib/python3.12/site-packages/airflow/example_dags/plugins/listener_plugin.py
[2025-02-28T22:58:43.248+0200] {processor.py:914} INFO - Processing file /Users/nampham/.pyenv/versions/3.12.9/lib/python3.12/site-packages/airflow/example_dags/plugins/listener_plugin.py for tasks to queue
[2025-02-28T22:58:43.248+0200] {logging_mixin.py:190} INFO - [2025-02-28T22:58:43.248+0200] {dagbag.py:588} INFO - Filling up the DagBag from /Users/nampham/.pyenv/versions/3.12.9/lib/python3.12/site-packages/airflow/example_dags/plugins/listener_plugin.py
[2025-02-28T22:58:43.250+0200] {processor.py:927} WARNING - No viable dags retrieved from /Users/nampham/.pyenv/versions/3.12.9/lib/python3.12/site-packages/airflow/example_dags/plugins/listener_plugin.py
[2025-02-28T22:58:43.303+0200] {processor.py:208} INFO - Processing /Users/nampham/.pyenv/versions/3.12.9/lib/python3.12/site-packages/airflow/example_dags/plugins/listener_plugin.py took 0.058 seconds
[2025-02-28T23:00:00.092+0200] {processor.py:186} INFO - Started process (PID=23747) to work on /Users/nampham/.pyenv/versions/3.12.9/lib/python3.12/site-packages/airflow/example_dags/plugins/listener_plugin.py
[2025-02-28T23:00:00.092+0200] {processor.py:914} INFO - Processing file /Users/nampham/.pyenv/versions/3.12.9/lib/python3.12/site-packages/airflow/example_dags/plugins/listener_plugin.py for tasks to queue
[2025-02-28T23:00:00.093+0200] {logging_mixin.py:190} INFO - [2025-02-28T23:00:00.093+0200] {dagbag.py:588} INFO - Filling up the DagBag from /Users/nampham/.pyenv/versions/3.12.9/lib/python3.12/site-packages/airflow/example_dags/plugins/listener_plugin.py
[2025-02-28T23:00:00.094+0200] {processor.py:927} WARNING - No viable dags retrieved from /Users/nampham/.pyenv/versions/3.12.9/lib/python3.12/site-packages/airflow/example_dags/plugins/listener_plugin.py
[2025-02-28T23:00:00.147+0200] {processor.py:208} INFO - Processing /Users/nampham/.pyenv/versions/3.12.9/lib/python3.12/site-packages/airflow/example_dags/plugins/listener_plugin.py took 0.057 seconds
[2025-02-28T23:01:40.745+0200] {processor.py:186} INFO - Started process (PID=24109) to work on /Users/nampham/.pyenv/versions/3.12.9/lib/python3.12/site-packages/airflow/example_dags/plugins/listener_plugin.py
[2025-02-28T23:01:40.746+0200] {processor.py:914} INFO - Processing file /Users/nampham/.pyenv/versions/3.12.9/lib/python3.12/site-packages/airflow/example_dags/plugins/listener_plugin.py for tasks to queue
[2025-02-28T23:01:40.747+0200] {logging_mixin.py:190} INFO - [2025-02-28T23:01:40.747+0200] {dagbag.py:588} INFO - Filling up the DagBag from /Users/nampham/.pyenv/versions/3.12.9/lib/python3.12/site-packages/airflow/example_dags/plugins/listener_plugin.py
[2025-02-28T23:01:40.748+0200] {processor.py:927} WARNING - No viable dags retrieved from /Users/nampham/.pyenv/versions/3.12.9/lib/python3.12/site-packages/airflow/example_dags/plugins/listener_plugin.py
[2025-02-28T23:01:40.803+0200] {processor.py:208} INFO - Processing /Users/nampham/.pyenv/versions/3.12.9/lib/python3.12/site-packages/airflow/example_dags/plugins/listener_plugin.py took 0.059 seconds
