[2025-02-28T18:24:20.008+0200] {processor.py:186} INFO - Started process (PID=93028) to work on /Users/nampham/.pyenv/versions/3.12.9/lib/python3.12/site-packages/airflow/example_dags/plugins/workday.py
[2025-02-28T18:24:20.009+0200] {processor.py:914} INFO - Processing file /Users/nampham/.pyenv/versions/3.12.9/lib/python3.12/site-packages/airflow/example_dags/plugins/workday.py for tasks to queue
[2025-02-28T18:24:20.010+0200] {logging_mixin.py:190} INFO - [2025-02-28T18:24:20.009+0200] {dagbag.py:588} INFO - Filling up the DagBag from /Users/nampham/.pyenv/versions/3.12.9/lib/python3.12/site-packages/airflow/example_dags/plugins/workday.py
[2025-02-28T18:24:20.281+0200] {processor.py:927} WARNING - No viable dags retrieved from /Users/nampham/.pyenv/versions/3.12.9/lib/python3.12/site-packages/airflow/example_dags/plugins/workday.py
[2025-02-28T18:24:20.316+0200] {processor.py:208} INFO - Processing /Users/nampham/.pyenv/versions/3.12.9/lib/python3.12/site-packages/airflow/example_dags/plugins/workday.py took 0.309 seconds
[2025-02-28T18:26:08.710+0200] {processor.py:186} INFO - Started process (PID=93490) to work on /Users/nampham/.pyenv/versions/3.12.9/lib/python3.12/site-packages/airflow/example_dags/plugins/workday.py
[2025-02-28T18:26:08.711+0200] {processor.py:914} INFO - Processing file /Users/nampham/.pyenv/versions/3.12.9/lib/python3.12/site-packages/airflow/example_dags/plugins/workday.py for tasks to queue
[2025-02-28T18:26:08.712+0200] {logging_mixin.py:190} INFO - [2025-02-28T18:26:08.712+0200] {dagbag.py:588} INFO - Filling up the DagBag from /Users/nampham/.pyenv/versions/3.12.9/lib/python3.12/site-packages/airflow/example_dags/plugins/workday.py
[2025-02-28T18:26:09.053+0200] {processor.py:927} WARNING - No viable dags retrieved from /Users/nampham/.pyenv/versions/3.12.9/lib/python3.12/site-packages/airflow/example_dags/plugins/workday.py
[2025-02-28T18:26:09.088+0200] {processor.py:208} INFO - Processing /Users/nampham/.pyenv/versions/3.12.9/lib/python3.12/site-packages/airflow/example_dags/plugins/workday.py took 0.380 seconds
[2025-02-28T18:27:28.497+0200] {processor.py:186} INFO - Started process (PID=93803) to work on /Users/nampham/.pyenv/versions/3.12.9/lib/python3.12/site-packages/airflow/example_dags/plugins/workday.py
[2025-02-28T18:27:28.497+0200] {processor.py:914} INFO - Processing file /Users/nampham/.pyenv/versions/3.12.9/lib/python3.12/site-packages/airflow/example_dags/plugins/workday.py for tasks to queue
[2025-02-28T18:27:28.498+0200] {logging_mixin.py:190} INFO - [2025-02-28T18:27:28.498+0200] {dagbag.py:588} INFO - Filling up the DagBag from /Users/nampham/.pyenv/versions/3.12.9/lib/python3.12/site-packages/airflow/example_dags/plugins/workday.py
[2025-02-28T18:27:28.867+0200] {processor.py:927} WARNING - No viable dags retrieved from /Users/nampham/.pyenv/versions/3.12.9/lib/python3.12/site-packages/airflow/example_dags/plugins/workday.py
[2025-02-28T18:27:28.900+0200] {processor.py:208} INFO - Processing /Users/nampham/.pyenv/versions/3.12.9/lib/python3.12/site-packages/airflow/example_dags/plugins/workday.py took 0.405 seconds
[2025-02-28T18:28:47.239+0200] {processor.py:186} INFO - Started process (PID=94137) to work on /Users/nampham/.pyenv/versions/3.12.9/lib/python3.12/site-packages/airflow/example_dags/plugins/workday.py
[2025-02-28T18:28:47.240+0200] {processor.py:914} INFO - Processing file /Users/nampham/.pyenv/versions/3.12.9/lib/python3.12/site-packages/airflow/example_dags/plugins/workday.py for tasks to queue
[2025-02-28T18:28:47.240+0200] {logging_mixin.py:190} INFO - [2025-02-28T18:28:47.240+0200] {dagbag.py:588} INFO - Filling up the DagBag from /Users/nampham/.pyenv/versions/3.12.9/lib/python3.12/site-packages/airflow/example_dags/plugins/workday.py
[2025-02-28T18:28:47.538+0200] {processor.py:927} WARNING - No viable dags retrieved from /Users/nampham/.pyenv/versions/3.12.9/lib/python3.12/site-packages/airflow/example_dags/plugins/workday.py
[2025-02-28T18:28:47.572+0200] {processor.py:208} INFO - Processing /Users/nampham/.pyenv/versions/3.12.9/lib/python3.12/site-packages/airflow/example_dags/plugins/workday.py took 0.334 seconds
[2025-02-28T18:30:09.977+0200] {processor.py:186} INFO - Started process (PID=94448) to work on /Users/nampham/.pyenv/versions/3.12.9/lib/python3.12/site-packages/airflow/example_dags/plugins/workday.py
[2025-02-28T18:30:09.978+0200] {processor.py:914} INFO - Processing file /Users/nampham/.pyenv/versions/3.12.9/lib/python3.12/site-packages/airflow/example_dags/plugins/workday.py for tasks to queue
[2025-02-28T18:30:09.978+0200] {logging_mixin.py:190} INFO - [2025-02-28T18:30:09.978+0200] {dagbag.py:588} INFO - Filling up the DagBag from /Users/nampham/.pyenv/versions/3.12.9/lib/python3.12/site-packages/airflow/example_dags/plugins/workday.py
[2025-02-28T18:30:10.258+0200] {processor.py:927} WARNING - No viable dags retrieved from /Users/nampham/.pyenv/versions/3.12.9/lib/python3.12/site-packages/airflow/example_dags/plugins/workday.py
[2025-02-28T18:30:10.292+0200] {processor.py:208} INFO - Processing /Users/nampham/.pyenv/versions/3.12.9/lib/python3.12/site-packages/airflow/example_dags/plugins/workday.py took 0.316 seconds
[2025-02-28T18:31:44.814+0200] {processor.py:186} INFO - Started process (PID=94865) to work on /Users/nampham/.pyenv/versions/3.12.9/lib/python3.12/site-packages/airflow/example_dags/plugins/workday.py
[2025-02-28T18:31:44.816+0200] {processor.py:914} INFO - Processing file /Users/nampham/.pyenv/versions/3.12.9/lib/python3.12/site-packages/airflow/example_dags/plugins/workday.py for tasks to queue
[2025-02-28T18:31:44.816+0200] {logging_mixin.py:190} INFO - [2025-02-28T18:31:44.816+0200] {dagbag.py:588} INFO - Filling up the DagBag from /Users/nampham/.pyenv/versions/3.12.9/lib/python3.12/site-packages/airflow/example_dags/plugins/workday.py
[2025-02-28T18:31:45.080+0200] {processor.py:927} WARNING - No viable dags retrieved from /Users/nampham/.pyenv/versions/3.12.9/lib/python3.12/site-packages/airflow/example_dags/plugins/workday.py
[2025-02-28T18:31:45.115+0200] {processor.py:208} INFO - Processing /Users/nampham/.pyenv/versions/3.12.9/lib/python3.12/site-packages/airflow/example_dags/plugins/workday.py took 0.301 seconds
[2025-02-28T20:10:32.514+0200] {processor.py:186} INFO - Started process (PID=97137) to work on /Users/nampham/.pyenv/versions/3.12.9/lib/python3.12/site-packages/airflow/example_dags/plugins/workday.py
[2025-02-28T20:10:32.515+0200] {processor.py:914} INFO - Processing file /Users/nampham/.pyenv/versions/3.12.9/lib/python3.12/site-packages/airflow/example_dags/plugins/workday.py for tasks to queue
[2025-02-28T20:10:32.515+0200] {logging_mixin.py:190} INFO - [2025-02-28T20:10:32.515+0200] {dagbag.py:588} INFO - Filling up the DagBag from /Users/nampham/.pyenv/versions/3.12.9/lib/python3.12/site-packages/airflow/example_dags/plugins/workday.py
[2025-02-28T20:10:32.832+0200] {processor.py:927} WARNING - No viable dags retrieved from /Users/nampham/.pyenv/versions/3.12.9/lib/python3.12/site-packages/airflow/example_dags/plugins/workday.py
[2025-02-28T20:10:32.868+0200] {processor.py:208} INFO - Processing /Users/nampham/.pyenv/versions/3.12.9/lib/python3.12/site-packages/airflow/example_dags/plugins/workday.py took 0.355 seconds
[2025-02-28T20:12:20.534+0200] {processor.py:186} INFO - Started process (PID=97731) to work on /Users/nampham/.pyenv/versions/3.12.9/lib/python3.12/site-packages/airflow/example_dags/plugins/workday.py
[2025-02-28T20:12:20.534+0200] {processor.py:914} INFO - Processing file /Users/nampham/.pyenv/versions/3.12.9/lib/python3.12/site-packages/airflow/example_dags/plugins/workday.py for tasks to queue
[2025-02-28T20:12:20.535+0200] {logging_mixin.py:190} INFO - [2025-02-28T20:12:20.535+0200] {dagbag.py:588} INFO - Filling up the DagBag from /Users/nampham/.pyenv/versions/3.12.9/lib/python3.12/site-packages/airflow/example_dags/plugins/workday.py
[2025-02-28T20:12:20.976+0200] {processor.py:927} WARNING - No viable dags retrieved from /Users/nampham/.pyenv/versions/3.12.9/lib/python3.12/site-packages/airflow/example_dags/plugins/workday.py
[2025-02-28T20:12:21.016+0200] {processor.py:208} INFO - Processing /Users/nampham/.pyenv/versions/3.12.9/lib/python3.12/site-packages/airflow/example_dags/plugins/workday.py took 0.485 seconds
[2025-02-28T20:14:12.196+0200] {processor.py:186} INFO - Started process (PID=98207) to work on /Users/nampham/.pyenv/versions/3.12.9/lib/python3.12/site-packages/airflow/example_dags/plugins/workday.py
[2025-02-28T20:14:12.197+0200] {processor.py:914} INFO - Processing file /Users/nampham/.pyenv/versions/3.12.9/lib/python3.12/site-packages/airflow/example_dags/plugins/workday.py for tasks to queue
[2025-02-28T20:14:12.198+0200] {logging_mixin.py:190} INFO - [2025-02-28T20:14:12.198+0200] {dagbag.py:588} INFO - Filling up the DagBag from /Users/nampham/.pyenv/versions/3.12.9/lib/python3.12/site-packages/airflow/example_dags/plugins/workday.py
[2025-02-28T20:14:12.467+0200] {processor.py:927} WARNING - No viable dags retrieved from /Users/nampham/.pyenv/versions/3.12.9/lib/python3.12/site-packages/airflow/example_dags/plugins/workday.py
[2025-02-28T20:14:12.502+0200] {processor.py:208} INFO - Processing /Users/nampham/.pyenv/versions/3.12.9/lib/python3.12/site-packages/airflow/example_dags/plugins/workday.py took 0.307 seconds
[2025-02-28T20:15:32.592+0200] {processor.py:186} INFO - Started process (PID=98502) to work on /Users/nampham/.pyenv/versions/3.12.9/lib/python3.12/site-packages/airflow/example_dags/plugins/workday.py
[2025-02-28T20:15:32.593+0200] {processor.py:914} INFO - Processing file /Users/nampham/.pyenv/versions/3.12.9/lib/python3.12/site-packages/airflow/example_dags/plugins/workday.py for tasks to queue
[2025-02-28T20:15:32.594+0200] {logging_mixin.py:190} INFO - [2025-02-28T20:15:32.594+0200] {dagbag.py:588} INFO - Filling up the DagBag from /Users/nampham/.pyenv/versions/3.12.9/lib/python3.12/site-packages/airflow/example_dags/plugins/workday.py
[2025-02-28T20:15:32.854+0200] {processor.py:927} WARNING - No viable dags retrieved from /Users/nampham/.pyenv/versions/3.12.9/lib/python3.12/site-packages/airflow/example_dags/plugins/workday.py
[2025-02-28T20:15:32.887+0200] {processor.py:208} INFO - Processing /Users/nampham/.pyenv/versions/3.12.9/lib/python3.12/site-packages/airflow/example_dags/plugins/workday.py took 0.296 seconds
[2025-02-28T20:16:50.451+0200] {processor.py:186} INFO - Started process (PID=98797) to work on /Users/nampham/.pyenv/versions/3.12.9/lib/python3.12/site-packages/airflow/example_dags/plugins/workday.py
[2025-02-28T20:16:50.452+0200] {processor.py:914} INFO - Processing file /Users/nampham/.pyenv/versions/3.12.9/lib/python3.12/site-packages/airflow/example_dags/plugins/workday.py for tasks to queue
[2025-02-28T20:16:50.453+0200] {logging_mixin.py:190} INFO - [2025-02-28T20:16:50.453+0200] {dagbag.py:588} INFO - Filling up the DagBag from /Users/nampham/.pyenv/versions/3.12.9/lib/python3.12/site-packages/airflow/example_dags/plugins/workday.py
[2025-02-28T20:16:50.736+0200] {processor.py:927} WARNING - No viable dags retrieved from /Users/nampham/.pyenv/versions/3.12.9/lib/python3.12/site-packages/airflow/example_dags/plugins/workday.py
[2025-02-28T20:16:50.770+0200] {processor.py:208} INFO - Processing /Users/nampham/.pyenv/versions/3.12.9/lib/python3.12/site-packages/airflow/example_dags/plugins/workday.py took 0.320 seconds
[2025-02-28T20:18:04.929+0200] {processor.py:186} INFO - Started process (PID=99153) to work on /Users/nampham/.pyenv/versions/3.12.9/lib/python3.12/site-packages/airflow/example_dags/plugins/workday.py
[2025-02-28T20:18:04.930+0200] {processor.py:914} INFO - Processing file /Users/nampham/.pyenv/versions/3.12.9/lib/python3.12/site-packages/airflow/example_dags/plugins/workday.py for tasks to queue
[2025-02-28T20:18:04.930+0200] {logging_mixin.py:190} INFO - [2025-02-28T20:18:04.930+0200] {dagbag.py:588} INFO - Filling up the DagBag from /Users/nampham/.pyenv/versions/3.12.9/lib/python3.12/site-packages/airflow/example_dags/plugins/workday.py
[2025-02-28T20:18:05.216+0200] {processor.py:927} WARNING - No viable dags retrieved from /Users/nampham/.pyenv/versions/3.12.9/lib/python3.12/site-packages/airflow/example_dags/plugins/workday.py
[2025-02-28T20:18:05.251+0200] {processor.py:208} INFO - Processing /Users/nampham/.pyenv/versions/3.12.9/lib/python3.12/site-packages/airflow/example_dags/plugins/workday.py took 0.323 seconds
[2025-02-28T20:19:55.424+0200] {processor.py:186} INFO - Started process (PID=99580) to work on /Users/nampham/.pyenv/versions/3.12.9/lib/python3.12/site-packages/airflow/example_dags/plugins/workday.py
[2025-02-28T20:19:55.425+0200] {processor.py:914} INFO - Processing file /Users/nampham/.pyenv/versions/3.12.9/lib/python3.12/site-packages/airflow/example_dags/plugins/workday.py for tasks to queue
[2025-02-28T20:19:55.426+0200] {logging_mixin.py:190} INFO - [2025-02-28T20:19:55.426+0200] {dagbag.py:588} INFO - Filling up the DagBag from /Users/nampham/.pyenv/versions/3.12.9/lib/python3.12/site-packages/airflow/example_dags/plugins/workday.py
[2025-02-28T20:19:55.806+0200] {processor.py:927} WARNING - No viable dags retrieved from /Users/nampham/.pyenv/versions/3.12.9/lib/python3.12/site-packages/airflow/example_dags/plugins/workday.py
[2025-02-28T20:19:55.846+0200] {processor.py:208} INFO - Processing /Users/nampham/.pyenv/versions/3.12.9/lib/python3.12/site-packages/airflow/example_dags/plugins/workday.py took 0.424 seconds
[2025-02-28T20:21:15.666+0200] {processor.py:186} INFO - Started process (PID=99916) to work on /Users/nampham/.pyenv/versions/3.12.9/lib/python3.12/site-packages/airflow/example_dags/plugins/workday.py
[2025-02-28T20:21:15.666+0200] {processor.py:914} INFO - Processing file /Users/nampham/.pyenv/versions/3.12.9/lib/python3.12/site-packages/airflow/example_dags/plugins/workday.py for tasks to queue
[2025-02-28T20:21:15.667+0200] {logging_mixin.py:190} INFO - [2025-02-28T20:21:15.667+0200] {dagbag.py:588} INFO - Filling up the DagBag from /Users/nampham/.pyenv/versions/3.12.9/lib/python3.12/site-packages/airflow/example_dags/plugins/workday.py
[2025-02-28T20:21:16.033+0200] {processor.py:927} WARNING - No viable dags retrieved from /Users/nampham/.pyenv/versions/3.12.9/lib/python3.12/site-packages/airflow/example_dags/plugins/workday.py
[2025-02-28T20:21:16.072+0200] {processor.py:208} INFO - Processing /Users/nampham/.pyenv/versions/3.12.9/lib/python3.12/site-packages/airflow/example_dags/plugins/workday.py took 0.408 seconds
[2025-02-28T20:22:31.226+0200] {processor.py:186} INFO - Started process (PID=267) to work on /Users/nampham/.pyenv/versions/3.12.9/lib/python3.12/site-packages/airflow/example_dags/plugins/workday.py
[2025-02-28T20:22:31.227+0200] {processor.py:914} INFO - Processing file /Users/nampham/.pyenv/versions/3.12.9/lib/python3.12/site-packages/airflow/example_dags/plugins/workday.py for tasks to queue
[2025-02-28T20:22:31.228+0200] {logging_mixin.py:190} INFO - [2025-02-28T20:22:31.228+0200] {dagbag.py:588} INFO - Filling up the DagBag from /Users/nampham/.pyenv/versions/3.12.9/lib/python3.12/site-packages/airflow/example_dags/plugins/workday.py
[2025-02-28T20:22:31.526+0200] {processor.py:927} WARNING - No viable dags retrieved from /Users/nampham/.pyenv/versions/3.12.9/lib/python3.12/site-packages/airflow/example_dags/plugins/workday.py
[2025-02-28T20:22:31.559+0200] {processor.py:208} INFO - Processing /Users/nampham/.pyenv/versions/3.12.9/lib/python3.12/site-packages/airflow/example_dags/plugins/workday.py took 0.335 seconds
[2025-02-28T21:27:16.344+0200] {processor.py:186} INFO - Started process (PID=5368) to work on /Users/nampham/.pyenv/versions/3.12.9/lib/python3.12/site-packages/airflow/example_dags/plugins/workday.py
[2025-02-28T21:27:16.345+0200] {processor.py:914} INFO - Processing file /Users/nampham/.pyenv/versions/3.12.9/lib/python3.12/site-packages/airflow/example_dags/plugins/workday.py for tasks to queue
[2025-02-28T21:27:16.346+0200] {logging_mixin.py:190} INFO - [2025-02-28T21:27:16.346+0200] {dagbag.py:588} INFO - Filling up the DagBag from /Users/nampham/.pyenv/versions/3.12.9/lib/python3.12/site-packages/airflow/example_dags/plugins/workday.py
[2025-02-28T21:27:16.621+0200] {processor.py:927} WARNING - No viable dags retrieved from /Users/nampham/.pyenv/versions/3.12.9/lib/python3.12/site-packages/airflow/example_dags/plugins/workday.py
[2025-02-28T21:27:16.654+0200] {processor.py:208} INFO - Processing /Users/nampham/.pyenv/versions/3.12.9/lib/python3.12/site-packages/airflow/example_dags/plugins/workday.py took 0.312 seconds
[2025-02-28T21:30:01.534+0200] {processor.py:186} INFO - Started process (PID=6026) to work on /Users/nampham/.pyenv/versions/3.12.9/lib/python3.12/site-packages/airflow/example_dags/plugins/workday.py
[2025-02-28T21:30:01.535+0200] {processor.py:914} INFO - Processing file /Users/nampham/.pyenv/versions/3.12.9/lib/python3.12/site-packages/airflow/example_dags/plugins/workday.py for tasks to queue
[2025-02-28T21:30:01.535+0200] {logging_mixin.py:190} INFO - [2025-02-28T21:30:01.535+0200] {dagbag.py:588} INFO - Filling up the DagBag from /Users/nampham/.pyenv/versions/3.12.9/lib/python3.12/site-packages/airflow/example_dags/plugins/workday.py
[2025-02-28T21:30:01.824+0200] {processor.py:927} WARNING - No viable dags retrieved from /Users/nampham/.pyenv/versions/3.12.9/lib/python3.12/site-packages/airflow/example_dags/plugins/workday.py
[2025-02-28T21:30:01.859+0200] {processor.py:208} INFO - Processing /Users/nampham/.pyenv/versions/3.12.9/lib/python3.12/site-packages/airflow/example_dags/plugins/workday.py took 0.327 seconds
[2025-02-28T21:31:50.650+0200] {processor.py:186} INFO - Started process (PID=6461) to work on /Users/nampham/.pyenv/versions/3.12.9/lib/python3.12/site-packages/airflow/example_dags/plugins/workday.py
[2025-02-28T21:31:50.651+0200] {processor.py:914} INFO - Processing file /Users/nampham/.pyenv/versions/3.12.9/lib/python3.12/site-packages/airflow/example_dags/plugins/workday.py for tasks to queue
[2025-02-28T21:31:50.651+0200] {logging_mixin.py:190} INFO - [2025-02-28T21:31:50.651+0200] {dagbag.py:588} INFO - Filling up the DagBag from /Users/nampham/.pyenv/versions/3.12.9/lib/python3.12/site-packages/airflow/example_dags/plugins/workday.py
[2025-02-28T21:31:50.960+0200] {processor.py:927} WARNING - No viable dags retrieved from /Users/nampham/.pyenv/versions/3.12.9/lib/python3.12/site-packages/airflow/example_dags/plugins/workday.py
[2025-02-28T21:31:50.996+0200] {processor.py:208} INFO - Processing /Users/nampham/.pyenv/versions/3.12.9/lib/python3.12/site-packages/airflow/example_dags/plugins/workday.py took 0.347 seconds
[2025-02-28T21:33:09.717+0200] {processor.py:186} INFO - Started process (PID=6976) to work on /Users/nampham/.pyenv/versions/3.12.9/lib/python3.12/site-packages/airflow/example_dags/plugins/workday.py
[2025-02-28T21:33:09.719+0200] {processor.py:914} INFO - Processing file /Users/nampham/.pyenv/versions/3.12.9/lib/python3.12/site-packages/airflow/example_dags/plugins/workday.py for tasks to queue
[2025-02-28T21:33:09.719+0200] {logging_mixin.py:190} INFO - [2025-02-28T21:33:09.719+0200] {dagbag.py:588} INFO - Filling up the DagBag from /Users/nampham/.pyenv/versions/3.12.9/lib/python3.12/site-packages/airflow/example_dags/plugins/workday.py
[2025-02-28T21:33:09.993+0200] {processor.py:927} WARNING - No viable dags retrieved from /Users/nampham/.pyenv/versions/3.12.9/lib/python3.12/site-packages/airflow/example_dags/plugins/workday.py
[2025-02-28T21:33:10.027+0200] {processor.py:208} INFO - Processing /Users/nampham/.pyenv/versions/3.12.9/lib/python3.12/site-packages/airflow/example_dags/plugins/workday.py took 0.310 seconds
[2025-02-28T21:34:28.048+0200] {processor.py:186} INFO - Started process (PID=7261) to work on /Users/nampham/.pyenv/versions/3.12.9/lib/python3.12/site-packages/airflow/example_dags/plugins/workday.py
[2025-02-28T21:34:28.049+0200] {processor.py:914} INFO - Processing file /Users/nampham/.pyenv/versions/3.12.9/lib/python3.12/site-packages/airflow/example_dags/plugins/workday.py for tasks to queue
[2025-02-28T21:34:28.049+0200] {logging_mixin.py:190} INFO - [2025-02-28T21:34:28.049+0200] {dagbag.py:588} INFO - Filling up the DagBag from /Users/nampham/.pyenv/versions/3.12.9/lib/python3.12/site-packages/airflow/example_dags/plugins/workday.py
[2025-02-28T21:34:28.398+0200] {processor.py:927} WARNING - No viable dags retrieved from /Users/nampham/.pyenv/versions/3.12.9/lib/python3.12/site-packages/airflow/example_dags/plugins/workday.py
[2025-02-28T21:34:28.438+0200] {processor.py:208} INFO - Processing /Users/nampham/.pyenv/versions/3.12.9/lib/python3.12/site-packages/airflow/example_dags/plugins/workday.py took 0.392 seconds
[2025-02-28T21:36:24.522+0200] {processor.py:186} INFO - Started process (PID=7756) to work on /Users/nampham/.pyenv/versions/3.12.9/lib/python3.12/site-packages/airflow/example_dags/plugins/workday.py
[2025-02-28T21:36:24.524+0200] {processor.py:914} INFO - Processing file /Users/nampham/.pyenv/versions/3.12.9/lib/python3.12/site-packages/airflow/example_dags/plugins/workday.py for tasks to queue
[2025-02-28T21:36:24.525+0200] {logging_mixin.py:190} INFO - [2025-02-28T21:36:24.524+0200] {dagbag.py:588} INFO - Filling up the DagBag from /Users/nampham/.pyenv/versions/3.12.9/lib/python3.12/site-packages/airflow/example_dags/plugins/workday.py
[2025-02-28T21:36:24.804+0200] {processor.py:927} WARNING - No viable dags retrieved from /Users/nampham/.pyenv/versions/3.12.9/lib/python3.12/site-packages/airflow/example_dags/plugins/workday.py
[2025-02-28T21:36:24.838+0200] {processor.py:208} INFO - Processing /Users/nampham/.pyenv/versions/3.12.9/lib/python3.12/site-packages/airflow/example_dags/plugins/workday.py took 0.317 seconds
[2025-02-28T21:38:16.601+0200] {processor.py:186} INFO - Started process (PID=8193) to work on /Users/nampham/.pyenv/versions/3.12.9/lib/python3.12/site-packages/airflow/example_dags/plugins/workday.py
[2025-02-28T21:38:16.602+0200] {processor.py:914} INFO - Processing file /Users/nampham/.pyenv/versions/3.12.9/lib/python3.12/site-packages/airflow/example_dags/plugins/workday.py for tasks to queue
[2025-02-28T21:38:16.603+0200] {logging_mixin.py:190} INFO - [2025-02-28T21:38:16.603+0200] {dagbag.py:588} INFO - Filling up the DagBag from /Users/nampham/.pyenv/versions/3.12.9/lib/python3.12/site-packages/airflow/example_dags/plugins/workday.py
[2025-02-28T21:38:16.864+0200] {processor.py:927} WARNING - No viable dags retrieved from /Users/nampham/.pyenv/versions/3.12.9/lib/python3.12/site-packages/airflow/example_dags/plugins/workday.py
[2025-02-28T21:38:16.899+0200] {processor.py:208} INFO - Processing /Users/nampham/.pyenv/versions/3.12.9/lib/python3.12/site-packages/airflow/example_dags/plugins/workday.py took 0.299 seconds
[2025-02-28T21:39:34.176+0200] {processor.py:186} INFO - Started process (PID=8482) to work on /Users/nampham/.pyenv/versions/3.12.9/lib/python3.12/site-packages/airflow/example_dags/plugins/workday.py
[2025-02-28T21:39:34.177+0200] {processor.py:914} INFO - Processing file /Users/nampham/.pyenv/versions/3.12.9/lib/python3.12/site-packages/airflow/example_dags/plugins/workday.py for tasks to queue
[2025-02-28T21:39:34.178+0200] {logging_mixin.py:190} INFO - [2025-02-28T21:39:34.178+0200] {dagbag.py:588} INFO - Filling up the DagBag from /Users/nampham/.pyenv/versions/3.12.9/lib/python3.12/site-packages/airflow/example_dags/plugins/workday.py
[2025-02-28T21:39:34.470+0200] {processor.py:927} WARNING - No viable dags retrieved from /Users/nampham/.pyenv/versions/3.12.9/lib/python3.12/site-packages/airflow/example_dags/plugins/workday.py
[2025-02-28T21:39:34.504+0200] {processor.py:208} INFO - Processing /Users/nampham/.pyenv/versions/3.12.9/lib/python3.12/site-packages/airflow/example_dags/plugins/workday.py took 0.329 seconds
[2025-02-28T21:40:53.191+0200] {processor.py:186} INFO - Started process (PID=8755) to work on /Users/nampham/.pyenv/versions/3.12.9/lib/python3.12/site-packages/airflow/example_dags/plugins/workday.py
[2025-02-28T21:40:53.192+0200] {processor.py:914} INFO - Processing file /Users/nampham/.pyenv/versions/3.12.9/lib/python3.12/site-packages/airflow/example_dags/plugins/workday.py for tasks to queue
[2025-02-28T21:40:53.192+0200] {logging_mixin.py:190} INFO - [2025-02-28T21:40:53.192+0200] {dagbag.py:588} INFO - Filling up the DagBag from /Users/nampham/.pyenv/versions/3.12.9/lib/python3.12/site-packages/airflow/example_dags/plugins/workday.py
[2025-02-28T21:40:53.530+0200] {processor.py:927} WARNING - No viable dags retrieved from /Users/nampham/.pyenv/versions/3.12.9/lib/python3.12/site-packages/airflow/example_dags/plugins/workday.py
[2025-02-28T21:40:53.566+0200] {processor.py:208} INFO - Processing /Users/nampham/.pyenv/versions/3.12.9/lib/python3.12/site-packages/airflow/example_dags/plugins/workday.py took 0.376 seconds
[2025-02-28T21:41:54.753+0200] {processor.py:186} INFO - Started process (PID=9057) to work on /Users/nampham/.pyenv/versions/3.12.9/lib/python3.12/site-packages/airflow/example_dags/plugins/workday.py
[2025-02-28T21:41:54.754+0200] {processor.py:914} INFO - Processing file /Users/nampham/.pyenv/versions/3.12.9/lib/python3.12/site-packages/airflow/example_dags/plugins/workday.py for tasks to queue
[2025-02-28T21:41:54.754+0200] {logging_mixin.py:190} INFO - [2025-02-28T21:41:54.754+0200] {dagbag.py:588} INFO - Filling up the DagBag from /Users/nampham/.pyenv/versions/3.12.9/lib/python3.12/site-packages/airflow/example_dags/plugins/workday.py
[2025-02-28T21:41:55.004+0200] {processor.py:927} WARNING - No viable dags retrieved from /Users/nampham/.pyenv/versions/3.12.9/lib/python3.12/site-packages/airflow/example_dags/plugins/workday.py
[2025-02-28T21:41:55.054+0200] {processor.py:208} INFO - Processing /Users/nampham/.pyenv/versions/3.12.9/lib/python3.12/site-packages/airflow/example_dags/plugins/workday.py took 0.302 seconds
[2025-02-28T21:42:59.182+0200] {processor.py:186} INFO - Started process (PID=9428) to work on /Users/nampham/.pyenv/versions/3.12.9/lib/python3.12/site-packages/airflow/example_dags/plugins/workday.py
[2025-02-28T21:42:59.184+0200] {processor.py:914} INFO - Processing file /Users/nampham/.pyenv/versions/3.12.9/lib/python3.12/site-packages/airflow/example_dags/plugins/workday.py for tasks to queue
[2025-02-28T21:42:59.184+0200] {logging_mixin.py:190} INFO - [2025-02-28T21:42:59.184+0200] {dagbag.py:588} INFO - Filling up the DagBag from /Users/nampham/.pyenv/versions/3.12.9/lib/python3.12/site-packages/airflow/example_dags/plugins/workday.py
[2025-02-28T21:42:59.454+0200] {processor.py:927} WARNING - No viable dags retrieved from /Users/nampham/.pyenv/versions/3.12.9/lib/python3.12/site-packages/airflow/example_dags/plugins/workday.py
[2025-02-28T21:42:59.487+0200] {processor.py:208} INFO - Processing /Users/nampham/.pyenv/versions/3.12.9/lib/python3.12/site-packages/airflow/example_dags/plugins/workday.py took 0.306 seconds
[2025-02-28T21:44:55.083+0200] {processor.py:186} INFO - Started process (PID=9946) to work on /Users/nampham/.pyenv/versions/3.12.9/lib/python3.12/site-packages/airflow/example_dags/plugins/workday.py
[2025-02-28T21:44:55.083+0200] {processor.py:914} INFO - Processing file /Users/nampham/.pyenv/versions/3.12.9/lib/python3.12/site-packages/airflow/example_dags/plugins/workday.py for tasks to queue
[2025-02-28T21:44:55.084+0200] {logging_mixin.py:190} INFO - [2025-02-28T21:44:55.084+0200] {dagbag.py:588} INFO - Filling up the DagBag from /Users/nampham/.pyenv/versions/3.12.9/lib/python3.12/site-packages/airflow/example_dags/plugins/workday.py
[2025-02-28T21:44:55.370+0200] {processor.py:927} WARNING - No viable dags retrieved from /Users/nampham/.pyenv/versions/3.12.9/lib/python3.12/site-packages/airflow/example_dags/plugins/workday.py
[2025-02-28T21:44:55.403+0200] {processor.py:208} INFO - Processing /Users/nampham/.pyenv/versions/3.12.9/lib/python3.12/site-packages/airflow/example_dags/plugins/workday.py took 0.322 seconds
[2025-02-28T21:47:15.333+0200] {processor.py:186} INFO - Started process (PID=10456) to work on /Users/nampham/.pyenv/versions/3.12.9/lib/python3.12/site-packages/airflow/example_dags/plugins/workday.py
[2025-02-28T21:47:15.334+0200] {processor.py:914} INFO - Processing file /Users/nampham/.pyenv/versions/3.12.9/lib/python3.12/site-packages/airflow/example_dags/plugins/workday.py for tasks to queue
[2025-02-28T21:47:15.334+0200] {logging_mixin.py:190} INFO - [2025-02-28T21:47:15.334+0200] {dagbag.py:588} INFO - Filling up the DagBag from /Users/nampham/.pyenv/versions/3.12.9/lib/python3.12/site-packages/airflow/example_dags/plugins/workday.py
[2025-02-28T21:47:15.573+0200] {processor.py:927} WARNING - No viable dags retrieved from /Users/nampham/.pyenv/versions/3.12.9/lib/python3.12/site-packages/airflow/example_dags/plugins/workday.py
[2025-02-28T21:47:15.613+0200] {processor.py:208} INFO - Processing /Users/nampham/.pyenv/versions/3.12.9/lib/python3.12/site-packages/airflow/example_dags/plugins/workday.py took 0.282 seconds
[2025-02-28T21:49:19.195+0200] {processor.py:186} INFO - Started process (PID=10934) to work on /Users/nampham/.pyenv/versions/3.12.9/lib/python3.12/site-packages/airflow/example_dags/plugins/workday.py
[2025-02-28T21:49:19.197+0200] {processor.py:914} INFO - Processing file /Users/nampham/.pyenv/versions/3.12.9/lib/python3.12/site-packages/airflow/example_dags/plugins/workday.py for tasks to queue
[2025-02-28T21:49:19.197+0200] {logging_mixin.py:190} INFO - [2025-02-28T21:49:19.197+0200] {dagbag.py:588} INFO - Filling up the DagBag from /Users/nampham/.pyenv/versions/3.12.9/lib/python3.12/site-packages/airflow/example_dags/plugins/workday.py
[2025-02-28T21:49:19.496+0200] {processor.py:927} WARNING - No viable dags retrieved from /Users/nampham/.pyenv/versions/3.12.9/lib/python3.12/site-packages/airflow/example_dags/plugins/workday.py
[2025-02-28T21:49:19.530+0200] {processor.py:208} INFO - Processing /Users/nampham/.pyenv/versions/3.12.9/lib/python3.12/site-packages/airflow/example_dags/plugins/workday.py took 0.337 seconds
[2025-02-28T21:51:07.145+0200] {processor.py:186} INFO - Started process (PID=11304) to work on /Users/nampham/.pyenv/versions/3.12.9/lib/python3.12/site-packages/airflow/example_dags/plugins/workday.py
[2025-02-28T21:51:07.147+0200] {processor.py:914} INFO - Processing file /Users/nampham/.pyenv/versions/3.12.9/lib/python3.12/site-packages/airflow/example_dags/plugins/workday.py for tasks to queue
[2025-02-28T21:51:07.147+0200] {logging_mixin.py:190} INFO - [2025-02-28T21:51:07.147+0200] {dagbag.py:588} INFO - Filling up the DagBag from /Users/nampham/.pyenv/versions/3.12.9/lib/python3.12/site-packages/airflow/example_dags/plugins/workday.py
[2025-02-28T21:51:07.392+0200] {processor.py:927} WARNING - No viable dags retrieved from /Users/nampham/.pyenv/versions/3.12.9/lib/python3.12/site-packages/airflow/example_dags/plugins/workday.py
[2025-02-28T21:51:07.434+0200] {processor.py:208} INFO - Processing /Users/nampham/.pyenv/versions/3.12.9/lib/python3.12/site-packages/airflow/example_dags/plugins/workday.py took 0.290 seconds
[2025-02-28T21:54:59.513+0200] {processor.py:186} INFO - Started process (PID=11922) to work on /Users/nampham/.pyenv/versions/3.12.9/lib/python3.12/site-packages/airflow/example_dags/plugins/workday.py
[2025-02-28T21:54:59.514+0200] {processor.py:914} INFO - Processing file /Users/nampham/.pyenv/versions/3.12.9/lib/python3.12/site-packages/airflow/example_dags/plugins/workday.py for tasks to queue
[2025-02-28T21:54:59.514+0200] {logging_mixin.py:190} INFO - [2025-02-28T21:54:59.514+0200] {dagbag.py:588} INFO - Filling up the DagBag from /Users/nampham/.pyenv/versions/3.12.9/lib/python3.12/site-packages/airflow/example_dags/plugins/workday.py
[2025-02-28T21:54:59.762+0200] {processor.py:927} WARNING - No viable dags retrieved from /Users/nampham/.pyenv/versions/3.12.9/lib/python3.12/site-packages/airflow/example_dags/plugins/workday.py
[2025-02-28T21:54:59.800+0200] {processor.py:208} INFO - Processing /Users/nampham/.pyenv/versions/3.12.9/lib/python3.12/site-packages/airflow/example_dags/plugins/workday.py took 0.289 seconds
[2025-02-28T22:14:13.621+0200] {processor.py:186} INFO - Started process (PID=15611) to work on /Users/nampham/.pyenv/versions/3.12.9/lib/python3.12/site-packages/airflow/example_dags/plugins/workday.py
[2025-02-28T22:14:13.623+0200] {processor.py:914} INFO - Processing file /Users/nampham/.pyenv/versions/3.12.9/lib/python3.12/site-packages/airflow/example_dags/plugins/workday.py for tasks to queue
[2025-02-28T22:14:13.623+0200] {logging_mixin.py:190} INFO - [2025-02-28T22:14:13.623+0200] {dagbag.py:588} INFO - Filling up the DagBag from /Users/nampham/.pyenv/versions/3.12.9/lib/python3.12/site-packages/airflow/example_dags/plugins/workday.py
[2025-02-28T22:14:13.894+0200] {processor.py:927} WARNING - No viable dags retrieved from /Users/nampham/.pyenv/versions/3.12.9/lib/python3.12/site-packages/airflow/example_dags/plugins/workday.py
[2025-02-28T22:14:13.928+0200] {processor.py:208} INFO - Processing /Users/nampham/.pyenv/versions/3.12.9/lib/python3.12/site-packages/airflow/example_dags/plugins/workday.py took 0.308 seconds
[2025-02-28T22:25:43.706+0200] {processor.py:186} INFO - Started process (PID=17642) to work on /Users/nampham/.pyenv/versions/3.12.9/lib/python3.12/site-packages/airflow/example_dags/plugins/workday.py
[2025-02-28T22:25:43.707+0200] {processor.py:914} INFO - Processing file /Users/nampham/.pyenv/versions/3.12.9/lib/python3.12/site-packages/airflow/example_dags/plugins/workday.py for tasks to queue
[2025-02-28T22:25:43.708+0200] {logging_mixin.py:190} INFO - [2025-02-28T22:25:43.708+0200] {dagbag.py:588} INFO - Filling up the DagBag from /Users/nampham/.pyenv/versions/3.12.9/lib/python3.12/site-packages/airflow/example_dags/plugins/workday.py
[2025-02-28T22:25:43.979+0200] {processor.py:927} WARNING - No viable dags retrieved from /Users/nampham/.pyenv/versions/3.12.9/lib/python3.12/site-packages/airflow/example_dags/plugins/workday.py
[2025-02-28T22:25:44.014+0200] {processor.py:208} INFO - Processing /Users/nampham/.pyenv/versions/3.12.9/lib/python3.12/site-packages/airflow/example_dags/plugins/workday.py took 0.309 seconds
[2025-02-28T22:27:15.977+0200] {processor.py:186} INFO - Started process (PID=17955) to work on /Users/nampham/.pyenv/versions/3.12.9/lib/python3.12/site-packages/airflow/example_dags/plugins/workday.py
[2025-02-28T22:27:15.978+0200] {processor.py:914} INFO - Processing file /Users/nampham/.pyenv/versions/3.12.9/lib/python3.12/site-packages/airflow/example_dags/plugins/workday.py for tasks to queue
[2025-02-28T22:27:15.979+0200] {logging_mixin.py:190} INFO - [2025-02-28T22:27:15.979+0200] {dagbag.py:588} INFO - Filling up the DagBag from /Users/nampham/.pyenv/versions/3.12.9/lib/python3.12/site-packages/airflow/example_dags/plugins/workday.py
[2025-02-28T22:27:16.261+0200] {processor.py:927} WARNING - No viable dags retrieved from /Users/nampham/.pyenv/versions/3.12.9/lib/python3.12/site-packages/airflow/example_dags/plugins/workday.py
[2025-02-28T22:27:16.294+0200] {processor.py:208} INFO - Processing /Users/nampham/.pyenv/versions/3.12.9/lib/python3.12/site-packages/airflow/example_dags/plugins/workday.py took 0.318 seconds
[2025-02-28T22:29:09.030+0200] {processor.py:186} INFO - Started process (PID=18409) to work on /Users/nampham/.pyenv/versions/3.12.9/lib/python3.12/site-packages/airflow/example_dags/plugins/workday.py
[2025-02-28T22:29:09.030+0200] {processor.py:914} INFO - Processing file /Users/nampham/.pyenv/versions/3.12.9/lib/python3.12/site-packages/airflow/example_dags/plugins/workday.py for tasks to queue
[2025-02-28T22:29:09.031+0200] {logging_mixin.py:190} INFO - [2025-02-28T22:29:09.031+0200] {dagbag.py:588} INFO - Filling up the DagBag from /Users/nampham/.pyenv/versions/3.12.9/lib/python3.12/site-packages/airflow/example_dags/plugins/workday.py
[2025-02-28T22:29:09.316+0200] {processor.py:927} WARNING - No viable dags retrieved from /Users/nampham/.pyenv/versions/3.12.9/lib/python3.12/site-packages/airflow/example_dags/plugins/workday.py
[2025-02-28T22:29:09.350+0200] {processor.py:208} INFO - Processing /Users/nampham/.pyenv/versions/3.12.9/lib/python3.12/site-packages/airflow/example_dags/plugins/workday.py took 0.322 seconds
[2025-02-28T22:33:55.170+0200] {processor.py:186} INFO - Started process (PID=19337) to work on /Users/nampham/.pyenv/versions/3.12.9/lib/python3.12/site-packages/airflow/example_dags/plugins/workday.py
[2025-02-28T22:33:55.171+0200] {processor.py:914} INFO - Processing file /Users/nampham/.pyenv/versions/3.12.9/lib/python3.12/site-packages/airflow/example_dags/plugins/workday.py for tasks to queue
[2025-02-28T22:33:55.171+0200] {logging_mixin.py:190} INFO - [2025-02-28T22:33:55.171+0200] {dagbag.py:588} INFO - Filling up the DagBag from /Users/nampham/.pyenv/versions/3.12.9/lib/python3.12/site-packages/airflow/example_dags/plugins/workday.py
[2025-02-28T22:33:55.428+0200] {processor.py:927} WARNING - No viable dags retrieved from /Users/nampham/.pyenv/versions/3.12.9/lib/python3.12/site-packages/airflow/example_dags/plugins/workday.py
[2025-02-28T22:33:55.467+0200] {processor.py:208} INFO - Processing /Users/nampham/.pyenv/versions/3.12.9/lib/python3.12/site-packages/airflow/example_dags/plugins/workday.py took 0.298 seconds
[2025-02-28T22:37:12.002+0200] {processor.py:186} INFO - Started process (PID=20057) to work on /Users/nampham/.pyenv/versions/3.12.9/lib/python3.12/site-packages/airflow/example_dags/plugins/workday.py
[2025-02-28T22:37:12.003+0200] {processor.py:914} INFO - Processing file /Users/nampham/.pyenv/versions/3.12.9/lib/python3.12/site-packages/airflow/example_dags/plugins/workday.py for tasks to queue
[2025-02-28T22:37:12.003+0200] {logging_mixin.py:190} INFO - [2025-02-28T22:37:12.003+0200] {dagbag.py:588} INFO - Filling up the DagBag from /Users/nampham/.pyenv/versions/3.12.9/lib/python3.12/site-packages/airflow/example_dags/plugins/workday.py
[2025-02-28T22:37:12.331+0200] {processor.py:927} WARNING - No viable dags retrieved from /Users/nampham/.pyenv/versions/3.12.9/lib/python3.12/site-packages/airflow/example_dags/plugins/workday.py
[2025-02-28T22:37:12.370+0200] {processor.py:208} INFO - Processing /Users/nampham/.pyenv/versions/3.12.9/lib/python3.12/site-packages/airflow/example_dags/plugins/workday.py took 0.369 seconds
[2025-02-28T22:38:54.459+0200] {processor.py:186} INFO - Started process (PID=20406) to work on /Users/nampham/.pyenv/versions/3.12.9/lib/python3.12/site-packages/airflow/example_dags/plugins/workday.py
[2025-02-28T22:38:54.460+0200] {processor.py:914} INFO - Processing file /Users/nampham/.pyenv/versions/3.12.9/lib/python3.12/site-packages/airflow/example_dags/plugins/workday.py for tasks to queue
[2025-02-28T22:38:54.460+0200] {logging_mixin.py:190} INFO - [2025-02-28T22:38:54.460+0200] {dagbag.py:588} INFO - Filling up the DagBag from /Users/nampham/.pyenv/versions/3.12.9/lib/python3.12/site-packages/airflow/example_dags/plugins/workday.py
[2025-02-28T22:38:54.743+0200] {processor.py:927} WARNING - No viable dags retrieved from /Users/nampham/.pyenv/versions/3.12.9/lib/python3.12/site-packages/airflow/example_dags/plugins/workday.py
[2025-02-28T22:38:54.778+0200] {processor.py:208} INFO - Processing /Users/nampham/.pyenv/versions/3.12.9/lib/python3.12/site-packages/airflow/example_dags/plugins/workday.py took 0.321 seconds
[2025-02-28T22:40:32.731+0200] {processor.py:186} INFO - Started process (PID=20721) to work on /Users/nampham/.pyenv/versions/3.12.9/lib/python3.12/site-packages/airflow/example_dags/plugins/workday.py
[2025-02-28T22:40:32.732+0200] {processor.py:914} INFO - Processing file /Users/nampham/.pyenv/versions/3.12.9/lib/python3.12/site-packages/airflow/example_dags/plugins/workday.py for tasks to queue
[2025-02-28T22:40:32.732+0200] {logging_mixin.py:190} INFO - [2025-02-28T22:40:32.732+0200] {dagbag.py:588} INFO - Filling up the DagBag from /Users/nampham/.pyenv/versions/3.12.9/lib/python3.12/site-packages/airflow/example_dags/plugins/workday.py
[2025-02-28T22:40:32.990+0200] {processor.py:927} WARNING - No viable dags retrieved from /Users/nampham/.pyenv/versions/3.12.9/lib/python3.12/site-packages/airflow/example_dags/plugins/workday.py
[2025-02-28T22:40:33.029+0200] {processor.py:208} INFO - Processing /Users/nampham/.pyenv/versions/3.12.9/lib/python3.12/site-packages/airflow/example_dags/plugins/workday.py took 0.300 seconds
[2025-02-28T22:41:44.478+0200] {processor.py:186} INFO - Started process (PID=20960) to work on /Users/nampham/.pyenv/versions/3.12.9/lib/python3.12/site-packages/airflow/example_dags/plugins/workday.py
[2025-02-28T22:41:44.478+0200] {processor.py:914} INFO - Processing file /Users/nampham/.pyenv/versions/3.12.9/lib/python3.12/site-packages/airflow/example_dags/plugins/workday.py for tasks to queue
[2025-02-28T22:41:44.479+0200] {logging_mixin.py:190} INFO - [2025-02-28T22:41:44.479+0200] {dagbag.py:588} INFO - Filling up the DagBag from /Users/nampham/.pyenv/versions/3.12.9/lib/python3.12/site-packages/airflow/example_dags/plugins/workday.py
[2025-02-28T22:41:44.757+0200] {processor.py:927} WARNING - No viable dags retrieved from /Users/nampham/.pyenv/versions/3.12.9/lib/python3.12/site-packages/airflow/example_dags/plugins/workday.py
[2025-02-28T22:41:44.790+0200] {processor.py:208} INFO - Processing /Users/nampham/.pyenv/versions/3.12.9/lib/python3.12/site-packages/airflow/example_dags/plugins/workday.py took 0.313 seconds
[2025-02-28T22:42:54.812+0200] {processor.py:186} INFO - Started process (PID=21227) to work on /Users/nampham/.pyenv/versions/3.12.9/lib/python3.12/site-packages/airflow/example_dags/plugins/workday.py
[2025-02-28T22:42:54.813+0200] {processor.py:914} INFO - Processing file /Users/nampham/.pyenv/versions/3.12.9/lib/python3.12/site-packages/airflow/example_dags/plugins/workday.py for tasks to queue
[2025-02-28T22:42:54.813+0200] {logging_mixin.py:190} INFO - [2025-02-28T22:42:54.813+0200] {dagbag.py:588} INFO - Filling up the DagBag from /Users/nampham/.pyenv/versions/3.12.9/lib/python3.12/site-packages/airflow/example_dags/plugins/workday.py
[2025-02-28T22:42:55.126+0200] {processor.py:927} WARNING - No viable dags retrieved from /Users/nampham/.pyenv/versions/3.12.9/lib/python3.12/site-packages/airflow/example_dags/plugins/workday.py
[2025-02-28T22:42:55.161+0200] {processor.py:208} INFO - Processing /Users/nampham/.pyenv/versions/3.12.9/lib/python3.12/site-packages/airflow/example_dags/plugins/workday.py took 0.350 seconds
[2025-02-28T22:44:13.016+0200] {processor.py:186} INFO - Started process (PID=21512) to work on /Users/nampham/.pyenv/versions/3.12.9/lib/python3.12/site-packages/airflow/example_dags/plugins/workday.py
[2025-02-28T22:44:13.017+0200] {processor.py:914} INFO - Processing file /Users/nampham/.pyenv/versions/3.12.9/lib/python3.12/site-packages/airflow/example_dags/plugins/workday.py for tasks to queue
[2025-02-28T22:44:13.017+0200] {logging_mixin.py:190} INFO - [2025-02-28T22:44:13.017+0200] {dagbag.py:588} INFO - Filling up the DagBag from /Users/nampham/.pyenv/versions/3.12.9/lib/python3.12/site-packages/airflow/example_dags/plugins/workday.py
[2025-02-28T22:44:13.309+0200] {processor.py:927} WARNING - No viable dags retrieved from /Users/nampham/.pyenv/versions/3.12.9/lib/python3.12/site-packages/airflow/example_dags/plugins/workday.py
[2025-02-28T22:44:13.342+0200] {processor.py:208} INFO - Processing /Users/nampham/.pyenv/versions/3.12.9/lib/python3.12/site-packages/airflow/example_dags/plugins/workday.py took 0.327 seconds
[2025-02-28T22:45:56.352+0200] {processor.py:186} INFO - Started process (PID=21862) to work on /Users/nampham/.pyenv/versions/3.12.9/lib/python3.12/site-packages/airflow/example_dags/plugins/workday.py
[2025-02-28T22:45:56.353+0200] {processor.py:914} INFO - Processing file /Users/nampham/.pyenv/versions/3.12.9/lib/python3.12/site-packages/airflow/example_dags/plugins/workday.py for tasks to queue
[2025-02-28T22:45:56.353+0200] {logging_mixin.py:190} INFO - [2025-02-28T22:45:56.353+0200] {dagbag.py:588} INFO - Filling up the DagBag from /Users/nampham/.pyenv/versions/3.12.9/lib/python3.12/site-packages/airflow/example_dags/plugins/workday.py
[2025-02-28T22:45:56.642+0200] {processor.py:927} WARNING - No viable dags retrieved from /Users/nampham/.pyenv/versions/3.12.9/lib/python3.12/site-packages/airflow/example_dags/plugins/workday.py
[2025-02-28T22:45:56.676+0200] {processor.py:208} INFO - Processing /Users/nampham/.pyenv/versions/3.12.9/lib/python3.12/site-packages/airflow/example_dags/plugins/workday.py took 0.326 seconds
[2025-02-28T22:47:24.677+0200] {processor.py:186} INFO - Started process (PID=22148) to work on /Users/nampham/.pyenv/versions/3.12.9/lib/python3.12/site-packages/airflow/example_dags/plugins/workday.py
[2025-02-28T22:47:24.678+0200] {processor.py:914} INFO - Processing file /Users/nampham/.pyenv/versions/3.12.9/lib/python3.12/site-packages/airflow/example_dags/plugins/workday.py for tasks to queue
[2025-02-28T22:47:24.679+0200] {logging_mixin.py:190} INFO - [2025-02-28T22:47:24.679+0200] {dagbag.py:588} INFO - Filling up the DagBag from /Users/nampham/.pyenv/versions/3.12.9/lib/python3.12/site-packages/airflow/example_dags/plugins/workday.py
[2025-02-28T22:47:24.954+0200] {processor.py:927} WARNING - No viable dags retrieved from /Users/nampham/.pyenv/versions/3.12.9/lib/python3.12/site-packages/airflow/example_dags/plugins/workday.py
[2025-02-28T22:47:24.988+0200] {processor.py:208} INFO - Processing /Users/nampham/.pyenv/versions/3.12.9/lib/python3.12/site-packages/airflow/example_dags/plugins/workday.py took 0.312 seconds
[2025-02-28T22:54:05.445+0200] {processor.py:186} INFO - Started process (PID=22543) to work on /Users/nampham/.pyenv/versions/3.12.9/lib/python3.12/site-packages/airflow/example_dags/plugins/workday.py
[2025-02-28T22:54:05.446+0200] {processor.py:914} INFO - Processing file /Users/nampham/.pyenv/versions/3.12.9/lib/python3.12/site-packages/airflow/example_dags/plugins/workday.py for tasks to queue
[2025-02-28T22:54:05.446+0200] {logging_mixin.py:190} INFO - [2025-02-28T22:54:05.446+0200] {dagbag.py:588} INFO - Filling up the DagBag from /Users/nampham/.pyenv/versions/3.12.9/lib/python3.12/site-packages/airflow/example_dags/plugins/workday.py
[2025-02-28T22:54:05.785+0200] {processor.py:927} WARNING - No viable dags retrieved from /Users/nampham/.pyenv/versions/3.12.9/lib/python3.12/site-packages/airflow/example_dags/plugins/workday.py
[2025-02-28T22:54:05.822+0200] {processor.py:208} INFO - Processing /Users/nampham/.pyenv/versions/3.12.9/lib/python3.12/site-packages/airflow/example_dags/plugins/workday.py took 0.378 seconds
[2025-02-28T22:55:56.947+0200] {processor.py:186} INFO - Started process (PID=22956) to work on /Users/nampham/.pyenv/versions/3.12.9/lib/python3.12/site-packages/airflow/example_dags/plugins/workday.py
[2025-02-28T22:55:56.948+0200] {processor.py:914} INFO - Processing file /Users/nampham/.pyenv/versions/3.12.9/lib/python3.12/site-packages/airflow/example_dags/plugins/workday.py for tasks to queue
[2025-02-28T22:55:56.948+0200] {logging_mixin.py:190} INFO - [2025-02-28T22:55:56.948+0200] {dagbag.py:588} INFO - Filling up the DagBag from /Users/nampham/.pyenv/versions/3.12.9/lib/python3.12/site-packages/airflow/example_dags/plugins/workday.py
[2025-02-28T22:55:57.240+0200] {processor.py:927} WARNING - No viable dags retrieved from /Users/nampham/.pyenv/versions/3.12.9/lib/python3.12/site-packages/airflow/example_dags/plugins/workday.py
[2025-02-28T22:55:57.273+0200] {processor.py:208} INFO - Processing /Users/nampham/.pyenv/versions/3.12.9/lib/python3.12/site-packages/airflow/example_dags/plugins/workday.py took 0.328 seconds
[2025-02-28T22:57:24.410+0200] {processor.py:186} INFO - Started process (PID=23244) to work on /Users/nampham/.pyenv/versions/3.12.9/lib/python3.12/site-packages/airflow/example_dags/plugins/workday.py
[2025-02-28T22:57:24.410+0200] {processor.py:914} INFO - Processing file /Users/nampham/.pyenv/versions/3.12.9/lib/python3.12/site-packages/airflow/example_dags/plugins/workday.py for tasks to queue
[2025-02-28T22:57:24.411+0200] {logging_mixin.py:190} INFO - [2025-02-28T22:57:24.411+0200] {dagbag.py:588} INFO - Filling up the DagBag from /Users/nampham/.pyenv/versions/3.12.9/lib/python3.12/site-packages/airflow/example_dags/plugins/workday.py
[2025-02-28T22:57:24.686+0200] {processor.py:927} WARNING - No viable dags retrieved from /Users/nampham/.pyenv/versions/3.12.9/lib/python3.12/site-packages/airflow/example_dags/plugins/workday.py
[2025-02-28T22:57:24.720+0200] {processor.py:208} INFO - Processing /Users/nampham/.pyenv/versions/3.12.9/lib/python3.12/site-packages/airflow/example_dags/plugins/workday.py took 0.312 seconds
[2025-02-28T22:58:41.077+0200] {processor.py:186} INFO - Started process (PID=23489) to work on /Users/nampham/.pyenv/versions/3.12.9/lib/python3.12/site-packages/airflow/example_dags/plugins/workday.py
[2025-02-28T22:58:41.078+0200] {processor.py:914} INFO - Processing file /Users/nampham/.pyenv/versions/3.12.9/lib/python3.12/site-packages/airflow/example_dags/plugins/workday.py for tasks to queue
[2025-02-28T22:58:41.079+0200] {logging_mixin.py:190} INFO - [2025-02-28T22:58:41.078+0200] {dagbag.py:588} INFO - Filling up the DagBag from /Users/nampham/.pyenv/versions/3.12.9/lib/python3.12/site-packages/airflow/example_dags/plugins/workday.py
[2025-02-28T22:58:41.378+0200] {processor.py:927} WARNING - No viable dags retrieved from /Users/nampham/.pyenv/versions/3.12.9/lib/python3.12/site-packages/airflow/example_dags/plugins/workday.py
[2025-02-28T22:58:41.411+0200] {processor.py:208} INFO - Processing /Users/nampham/.pyenv/versions/3.12.9/lib/python3.12/site-packages/airflow/example_dags/plugins/workday.py took 0.335 seconds
[2025-02-28T22:59:57.924+0200] {processor.py:186} INFO - Started process (PID=23740) to work on /Users/nampham/.pyenv/versions/3.12.9/lib/python3.12/site-packages/airflow/example_dags/plugins/workday.py
[2025-02-28T22:59:57.925+0200] {processor.py:914} INFO - Processing file /Users/nampham/.pyenv/versions/3.12.9/lib/python3.12/site-packages/airflow/example_dags/plugins/workday.py for tasks to queue
[2025-02-28T22:59:57.925+0200] {logging_mixin.py:190} INFO - [2025-02-28T22:59:57.925+0200] {dagbag.py:588} INFO - Filling up the DagBag from /Users/nampham/.pyenv/versions/3.12.9/lib/python3.12/site-packages/airflow/example_dags/plugins/workday.py
[2025-02-28T22:59:58.227+0200] {processor.py:927} WARNING - No viable dags retrieved from /Users/nampham/.pyenv/versions/3.12.9/lib/python3.12/site-packages/airflow/example_dags/plugins/workday.py
[2025-02-28T22:59:58.261+0200] {processor.py:208} INFO - Processing /Users/nampham/.pyenv/versions/3.12.9/lib/python3.12/site-packages/airflow/example_dags/plugins/workday.py took 0.338 seconds
[2025-02-28T23:01:39.439+0200] {processor.py:186} INFO - Started process (PID=24102) to work on /Users/nampham/.pyenv/versions/3.12.9/lib/python3.12/site-packages/airflow/example_dags/plugins/workday.py
[2025-02-28T23:01:39.439+0200] {processor.py:914} INFO - Processing file /Users/nampham/.pyenv/versions/3.12.9/lib/python3.12/site-packages/airflow/example_dags/plugins/workday.py for tasks to queue
[2025-02-28T23:01:39.440+0200] {logging_mixin.py:190} INFO - [2025-02-28T23:01:39.440+0200] {dagbag.py:588} INFO - Filling up the DagBag from /Users/nampham/.pyenv/versions/3.12.9/lib/python3.12/site-packages/airflow/example_dags/plugins/workday.py
[2025-02-28T23:01:39.725+0200] {processor.py:927} WARNING - No viable dags retrieved from /Users/nampham/.pyenv/versions/3.12.9/lib/python3.12/site-packages/airflow/example_dags/plugins/workday.py
[2025-02-28T23:01:39.759+0200] {processor.py:208} INFO - Processing /Users/nampham/.pyenv/versions/3.12.9/lib/python3.12/site-packages/airflow/example_dags/plugins/workday.py took 0.322 seconds
